[2024-12-02T10:17:21.350+0000] {processor.py:186} INFO - Started process (PID=102) to work on /opt/airflow/dags/abc_example_dag.py
[2024-12-02T10:17:21.369+0000] {processor.py:914} INFO - Processing file /opt/airflow/dags/abc_example_dag.py for tasks to queue
[2024-12-02T10:17:21.381+0000] {logging_mixin.py:190} INFO - [2024-12-02T10:17:21.381+0000] {dagbag.py:588} INFO - Filling up the DagBag from /opt/airflow/dags/abc_example_dag.py
[2024-12-02T10:17:21.620+0000] {processor.py:925} INFO - DAG(s) 'example_hello_airflow' retrieved from /opt/airflow/dags/abc_example_dag.py
[2024-12-02T10:36:18.656+0000] {processor.py:186} INFO - Started process (PID=63) to work on /opt/airflow/dags/abc_example_dag.py
[2024-12-02T10:36:18.680+0000] {processor.py:914} INFO - Processing file /opt/airflow/dags/abc_example_dag.py for tasks to queue
[2024-12-02T10:36:18.683+0000] {logging_mixin.py:190} INFO - [2024-12-02T10:36:18.682+0000] {dagbag.py:588} INFO - Filling up the DagBag from /opt/airflow/dags/abc_example_dag.py
[2024-12-02T10:36:18.778+0000] {processor.py:925} INFO - DAG(s) 'example_hello_airflow' retrieved from /opt/airflow/dags/abc_example_dag.py
[2024-12-02T10:36:19.511+0000] {logging_mixin.py:190} INFO - [2024-12-02T10:36:19.511+0000] {override.py:1911} INFO - Created Permission View: can read on DAG:example_hello_airflow
[2024-12-02T10:36:19.566+0000] {logging_mixin.py:190} INFO - [2024-12-02T10:36:19.566+0000] {override.py:1911} INFO - Created Permission View: can edit on DAG:example_hello_airflow
[2024-12-02T10:36:19.585+0000] {logging_mixin.py:190} INFO - [2024-12-02T10:36:19.585+0000] {override.py:1911} INFO - Created Permission View: can delete on DAG:example_hello_airflow
[2024-12-02T10:36:19.620+0000] {logging_mixin.py:190} INFO - [2024-12-02T10:36:19.620+0000] {override.py:1911} INFO - Created Permission View: can read on DAG Run:example_hello_airflow
[2024-12-02T10:36:19.655+0000] {logging_mixin.py:190} INFO - [2024-12-02T10:36:19.655+0000] {override.py:1911} INFO - Created Permission View: menu access on DAG Run:example_hello_airflow
[2024-12-02T10:36:19.683+0000] {logging_mixin.py:190} INFO - [2024-12-02T10:36:19.683+0000] {override.py:1911} INFO - Created Permission View: can create on DAG Run:example_hello_airflow
[2024-12-02T10:36:19.723+0000] {logging_mixin.py:190} INFO - [2024-12-02T10:36:19.722+0000] {override.py:1911} INFO - Created Permission View: can delete on DAG Run:example_hello_airflow
[2024-12-02T10:36:19.723+0000] {logging_mixin.py:190} INFO - [2024-12-02T10:36:19.723+0000] {dag.py:3239} INFO - Sync 1 DAGs
[2024-12-02T10:36:19.786+0000] {logging_mixin.py:190} INFO - [2024-12-02T10:36:19.786+0000] {dag.py:3262} INFO - Creating ORM DAG for example_hello_airflow
[2024-12-02T10:36:19.787+0000] {logging_mixin.py:190} INFO - [2024-12-02T10:36:19.787+0000] {dag.py:4180} INFO - Setting next_dagrun for example_hello_airflow to None, run_after=None
[2024-12-02T10:36:19.848+0000] {processor.py:208} INFO - Processing /opt/airflow/dags/abc_example_dag.py took 1.198 seconds
[2024-12-02T10:38:09.528+0000] {processor.py:186} INFO - Started process (PID=64) to work on /opt/airflow/dags/abc_example_dag.py
[2024-12-02T10:38:09.570+0000] {processor.py:914} INFO - Processing file /opt/airflow/dags/abc_example_dag.py for tasks to queue
[2024-12-02T10:38:09.582+0000] {logging_mixin.py:190} INFO - [2024-12-02T10:38:09.581+0000] {dagbag.py:588} INFO - Filling up the DagBag from /opt/airflow/dags/abc_example_dag.py
[2024-12-02T10:38:09.713+0000] {processor.py:925} INFO - DAG(s) 'example_hello_airflow' retrieved from /opt/airflow/dags/abc_example_dag.py
[2024-12-02T10:38:09.834+0000] {logging_mixin.py:190} INFO - [2024-12-02T10:38:09.834+0000] {dag.py:3239} INFO - Sync 1 DAGs
[2024-12-02T10:38:09.923+0000] {logging_mixin.py:190} INFO - [2024-12-02T10:38:09.923+0000] {dag.py:4180} INFO - Setting next_dagrun for example_hello_airflow to None, run_after=None
[2024-12-02T10:38:10.037+0000] {processor.py:208} INFO - Processing /opt/airflow/dags/abc_example_dag.py took 0.516 seconds
[2024-12-02T10:38:47.495+0000] {processor.py:186} INFO - Started process (PID=134) to work on /opt/airflow/dags/abc_example_dag.py
[2024-12-02T10:38:47.497+0000] {processor.py:914} INFO - Processing file /opt/airflow/dags/abc_example_dag.py for tasks to queue
[2024-12-02T10:38:47.500+0000] {logging_mixin.py:190} INFO - [2024-12-02T10:38:47.500+0000] {dagbag.py:588} INFO - Filling up the DagBag from /opt/airflow/dags/abc_example_dag.py
[2024-12-02T10:38:47.514+0000] {processor.py:925} INFO - DAG(s) 'example_hello_airflow' retrieved from /opt/airflow/dags/abc_example_dag.py
[2024-12-02T10:38:47.551+0000] {logging_mixin.py:190} INFO - [2024-12-02T10:38:47.550+0000] {dag.py:3239} INFO - Sync 1 DAGs
[2024-12-02T10:38:47.572+0000] {logging_mixin.py:190} INFO - [2024-12-02T10:38:47.571+0000] {dag.py:4180} INFO - Setting next_dagrun for example_hello_airflow to None, run_after=None
[2024-12-02T10:38:47.600+0000] {processor.py:208} INFO - Processing /opt/airflow/dags/abc_example_dag.py took 0.111 seconds
[2024-12-02T10:39:17.788+0000] {processor.py:186} INFO - Started process (PID=191) to work on /opt/airflow/dags/abc_example_dag.py
[2024-12-02T10:39:17.789+0000] {processor.py:914} INFO - Processing file /opt/airflow/dags/abc_example_dag.py for tasks to queue
[2024-12-02T10:39:17.793+0000] {logging_mixin.py:190} INFO - [2024-12-02T10:39:17.792+0000] {dagbag.py:588} INFO - Filling up the DagBag from /opt/airflow/dags/abc_example_dag.py
[2024-12-02T10:39:17.799+0000] {processor.py:925} INFO - DAG(s) 'example_hello_airflow' retrieved from /opt/airflow/dags/abc_example_dag.py
[2024-12-02T10:39:17.820+0000] {logging_mixin.py:190} INFO - [2024-12-02T10:39:17.820+0000] {dag.py:3239} INFO - Sync 1 DAGs
[2024-12-02T10:39:17.832+0000] {logging_mixin.py:190} INFO - [2024-12-02T10:39:17.832+0000] {dag.py:4180} INFO - Setting next_dagrun for example_hello_airflow to None, run_after=None
[2024-12-02T10:39:17.845+0000] {processor.py:208} INFO - Processing /opt/airflow/dags/abc_example_dag.py took 0.062 seconds
[2024-12-02T10:39:48.459+0000] {processor.py:186} INFO - Started process (PID=253) to work on /opt/airflow/dags/abc_example_dag.py
[2024-12-02T10:39:48.470+0000] {processor.py:914} INFO - Processing file /opt/airflow/dags/abc_example_dag.py for tasks to queue
[2024-12-02T10:39:48.486+0000] {logging_mixin.py:190} INFO - [2024-12-02T10:39:48.485+0000] {dagbag.py:588} INFO - Filling up the DagBag from /opt/airflow/dags/abc_example_dag.py
[2024-12-02T10:39:48.525+0000] {processor.py:925} INFO - DAG(s) 'example_hello_airflow' retrieved from /opt/airflow/dags/abc_example_dag.py
[2024-12-02T10:39:48.681+0000] {logging_mixin.py:190} INFO - [2024-12-02T10:39:48.679+0000] {dag.py:3239} INFO - Sync 1 DAGs
[2024-12-02T10:39:48.799+0000] {logging_mixin.py:190} INFO - [2024-12-02T10:39:48.797+0000] {dag.py:4180} INFO - Setting next_dagrun for example_hello_airflow to None, run_after=None
[2024-12-02T10:39:48.954+0000] {processor.py:208} INFO - Processing /opt/airflow/dags/abc_example_dag.py took 0.549 seconds
[2024-12-02T10:40:19.757+0000] {processor.py:186} INFO - Started process (PID=316) to work on /opt/airflow/dags/abc_example_dag.py
[2024-12-02T10:40:19.775+0000] {processor.py:914} INFO - Processing file /opt/airflow/dags/abc_example_dag.py for tasks to queue
[2024-12-02T10:40:19.778+0000] {logging_mixin.py:190} INFO - [2024-12-02T10:40:19.778+0000] {dagbag.py:588} INFO - Filling up the DagBag from /opt/airflow/dags/abc_example_dag.py
[2024-12-02T10:40:19.794+0000] {processor.py:925} INFO - DAG(s) 'example_hello_airflow' retrieved from /opt/airflow/dags/abc_example_dag.py
[2024-12-02T10:40:19.857+0000] {logging_mixin.py:190} INFO - [2024-12-02T10:40:19.857+0000] {dag.py:3239} INFO - Sync 1 DAGs
[2024-12-02T10:40:19.910+0000] {logging_mixin.py:190} INFO - [2024-12-02T10:40:19.910+0000] {dag.py:4180} INFO - Setting next_dagrun for example_hello_airflow to None, run_after=None
[2024-12-02T10:40:20.028+0000] {processor.py:208} INFO - Processing /opt/airflow/dags/abc_example_dag.py took 0.278 seconds
[2024-12-02T10:40:50.355+0000] {processor.py:186} INFO - Started process (PID=380) to work on /opt/airflow/dags/abc_example_dag.py
[2024-12-02T10:40:50.356+0000] {processor.py:914} INFO - Processing file /opt/airflow/dags/abc_example_dag.py for tasks to queue
[2024-12-02T10:40:50.358+0000] {logging_mixin.py:190} INFO - [2024-12-02T10:40:50.358+0000] {dagbag.py:588} INFO - Filling up the DagBag from /opt/airflow/dags/abc_example_dag.py
[2024-12-02T10:40:50.363+0000] {processor.py:925} INFO - DAG(s) 'example_hello_airflow' retrieved from /opt/airflow/dags/abc_example_dag.py
[2024-12-02T10:40:50.375+0000] {logging_mixin.py:190} INFO - [2024-12-02T10:40:50.375+0000] {dag.py:3239} INFO - Sync 1 DAGs
[2024-12-02T10:40:50.386+0000] {logging_mixin.py:190} INFO - [2024-12-02T10:40:50.385+0000] {dag.py:4180} INFO - Setting next_dagrun for example_hello_airflow to None, run_after=None
[2024-12-02T10:40:50.404+0000] {processor.py:208} INFO - Processing /opt/airflow/dags/abc_example_dag.py took 0.053 seconds
[2024-12-02T10:42:02.821+0000] {processor.py:186} INFO - Started process (PID=64) to work on /opt/airflow/dags/abc_example_dag.py
[2024-12-02T10:42:02.835+0000] {processor.py:914} INFO - Processing file /opt/airflow/dags/abc_example_dag.py for tasks to queue
[2024-12-02T10:42:02.837+0000] {logging_mixin.py:190} INFO - [2024-12-02T10:42:02.837+0000] {dagbag.py:588} INFO - Filling up the DagBag from /opt/airflow/dags/abc_example_dag.py
[2024-12-02T10:42:02.857+0000] {processor.py:925} INFO - DAG(s) 'example_hello_airflow' retrieved from /opt/airflow/dags/abc_example_dag.py
[2024-12-02T10:42:02.926+0000] {logging_mixin.py:190} INFO - [2024-12-02T10:42:02.925+0000] {dag.py:3239} INFO - Sync 1 DAGs
[2024-12-02T10:42:02.947+0000] {logging_mixin.py:190} INFO - [2024-12-02T10:42:02.947+0000] {dag.py:4180} INFO - Setting next_dagrun for example_hello_airflow to None, run_after=None
[2024-12-02T10:42:02.974+0000] {processor.py:208} INFO - Processing /opt/airflow/dags/abc_example_dag.py took 0.170 seconds
[2024-12-02T10:42:33.485+0000] {processor.py:186} INFO - Started process (PID=122) to work on /opt/airflow/dags/abc_example_dag.py
[2024-12-02T10:42:33.490+0000] {processor.py:914} INFO - Processing file /opt/airflow/dags/abc_example_dag.py for tasks to queue
[2024-12-02T10:42:33.502+0000] {logging_mixin.py:190} INFO - [2024-12-02T10:42:33.501+0000] {dagbag.py:588} INFO - Filling up the DagBag from /opt/airflow/dags/abc_example_dag.py
[2024-12-02T10:42:33.521+0000] {processor.py:925} INFO - DAG(s) 'example_hello_airflow' retrieved from /opt/airflow/dags/abc_example_dag.py
[2024-12-02T10:42:33.620+0000] {logging_mixin.py:190} INFO - [2024-12-02T10:42:33.619+0000] {dag.py:3239} INFO - Sync 1 DAGs
[2024-12-02T10:42:33.656+0000] {logging_mixin.py:190} INFO - [2024-12-02T10:42:33.656+0000] {dag.py:4180} INFO - Setting next_dagrun for example_hello_airflow to None, run_after=None
[2024-12-02T10:42:33.693+0000] {processor.py:208} INFO - Processing /opt/airflow/dags/abc_example_dag.py took 0.232 seconds
[2024-12-02T10:43:04.409+0000] {processor.py:186} INFO - Started process (PID=185) to work on /opt/airflow/dags/abc_example_dag.py
[2024-12-02T10:43:04.410+0000] {processor.py:914} INFO - Processing file /opt/airflow/dags/abc_example_dag.py for tasks to queue
[2024-12-02T10:43:04.422+0000] {logging_mixin.py:190} INFO - [2024-12-02T10:43:04.411+0000] {dagbag.py:588} INFO - Filling up the DagBag from /opt/airflow/dags/abc_example_dag.py
[2024-12-02T10:43:04.427+0000] {processor.py:925} INFO - DAG(s) 'example_hello_airflow' retrieved from /opt/airflow/dags/abc_example_dag.py
[2024-12-02T10:43:04.481+0000] {logging_mixin.py:190} INFO - [2024-12-02T10:43:04.481+0000] {dag.py:3239} INFO - Sync 1 DAGs
[2024-12-02T10:43:04.525+0000] {logging_mixin.py:190} INFO - [2024-12-02T10:43:04.525+0000] {dag.py:4180} INFO - Setting next_dagrun for example_hello_airflow to None, run_after=None
[2024-12-02T10:43:04.588+0000] {processor.py:208} INFO - Processing /opt/airflow/dags/abc_example_dag.py took 0.191 seconds
[2024-12-02T10:43:34.960+0000] {processor.py:186} INFO - Started process (PID=249) to work on /opt/airflow/dags/abc_example_dag.py
[2024-12-02T10:43:34.963+0000] {processor.py:914} INFO - Processing file /opt/airflow/dags/abc_example_dag.py for tasks to queue
[2024-12-02T10:43:34.965+0000] {logging_mixin.py:190} INFO - [2024-12-02T10:43:34.965+0000] {dagbag.py:588} INFO - Filling up the DagBag from /opt/airflow/dags/abc_example_dag.py
[2024-12-02T10:43:34.969+0000] {processor.py:925} INFO - DAG(s) 'example_hello_airflow' retrieved from /opt/airflow/dags/abc_example_dag.py
[2024-12-02T10:43:34.982+0000] {logging_mixin.py:190} INFO - [2024-12-02T10:43:34.982+0000] {dag.py:3239} INFO - Sync 1 DAGs
[2024-12-02T10:43:34.992+0000] {logging_mixin.py:190} INFO - [2024-12-02T10:43:34.992+0000] {dag.py:4180} INFO - Setting next_dagrun for example_hello_airflow to None, run_after=None
[2024-12-02T10:43:35.006+0000] {processor.py:208} INFO - Processing /opt/airflow/dags/abc_example_dag.py took 0.049 seconds
[2024-12-02T10:44:05.142+0000] {processor.py:186} INFO - Started process (PID=312) to work on /opt/airflow/dags/abc_example_dag.py
[2024-12-02T10:44:05.148+0000] {processor.py:914} INFO - Processing file /opt/airflow/dags/abc_example_dag.py for tasks to queue
[2024-12-02T10:44:05.161+0000] {logging_mixin.py:190} INFO - [2024-12-02T10:44:05.161+0000] {dagbag.py:588} INFO - Filling up the DagBag from /opt/airflow/dags/abc_example_dag.py
[2024-12-02T10:44:05.169+0000] {processor.py:925} INFO - DAG(s) 'example_hello_airflow' retrieved from /opt/airflow/dags/abc_example_dag.py
[2024-12-02T10:44:05.227+0000] {logging_mixin.py:190} INFO - [2024-12-02T10:44:05.227+0000] {dag.py:3239} INFO - Sync 1 DAGs
[2024-12-02T10:44:05.262+0000] {logging_mixin.py:190} INFO - [2024-12-02T10:44:05.261+0000] {dag.py:4180} INFO - Setting next_dagrun for example_hello_airflow to None, run_after=None
[2024-12-02T10:44:05.611+0000] {processor.py:208} INFO - Processing /opt/airflow/dags/abc_example_dag.py took 0.473 seconds
[2024-12-02T10:44:35.910+0000] {processor.py:186} INFO - Started process (PID=376) to work on /opt/airflow/dags/abc_example_dag.py
[2024-12-02T10:44:35.912+0000] {processor.py:914} INFO - Processing file /opt/airflow/dags/abc_example_dag.py for tasks to queue
[2024-12-02T10:44:35.914+0000] {logging_mixin.py:190} INFO - [2024-12-02T10:44:35.914+0000] {dagbag.py:588} INFO - Filling up the DagBag from /opt/airflow/dags/abc_example_dag.py
[2024-12-02T10:44:35.919+0000] {processor.py:925} INFO - DAG(s) 'example_hello_airflow' retrieved from /opt/airflow/dags/abc_example_dag.py
[2024-12-02T10:44:35.934+0000] {logging_mixin.py:190} INFO - [2024-12-02T10:44:35.933+0000] {dag.py:3239} INFO - Sync 1 DAGs
[2024-12-02T10:44:35.943+0000] {logging_mixin.py:190} INFO - [2024-12-02T10:44:35.943+0000] {dag.py:4180} INFO - Setting next_dagrun for example_hello_airflow to None, run_after=None
[2024-12-02T10:44:35.956+0000] {processor.py:208} INFO - Processing /opt/airflow/dags/abc_example_dag.py took 0.051 seconds
[2024-12-02T10:45:07.765+0000] {processor.py:186} INFO - Started process (PID=440) to work on /opt/airflow/dags/abc_example_dag.py
[2024-12-02T10:45:07.766+0000] {processor.py:914} INFO - Processing file /opt/airflow/dags/abc_example_dag.py for tasks to queue
[2024-12-02T10:45:07.768+0000] {logging_mixin.py:190} INFO - [2024-12-02T10:45:07.768+0000] {dagbag.py:588} INFO - Filling up the DagBag from /opt/airflow/dags/abc_example_dag.py
[2024-12-02T10:45:07.786+0000] {processor.py:925} INFO - DAG(s) 'example_hello_airflow' retrieved from /opt/airflow/dags/abc_example_dag.py
[2024-12-02T10:45:07.817+0000] {logging_mixin.py:190} INFO - [2024-12-02T10:45:07.817+0000] {dag.py:3239} INFO - Sync 1 DAGs
[2024-12-02T10:45:07.845+0000] {logging_mixin.py:190} INFO - [2024-12-02T10:45:07.845+0000] {dag.py:4180} INFO - Setting next_dagrun for example_hello_airflow to None, run_after=None
[2024-12-02T10:45:07.880+0000] {processor.py:208} INFO - Processing /opt/airflow/dags/abc_example_dag.py took 0.122 seconds
[2024-12-02T10:45:38.454+0000] {processor.py:186} INFO - Started process (PID=494) to work on /opt/airflow/dags/abc_example_dag.py
[2024-12-02T10:45:38.469+0000] {processor.py:914} INFO - Processing file /opt/airflow/dags/abc_example_dag.py for tasks to queue
[2024-12-02T10:45:38.471+0000] {logging_mixin.py:190} INFO - [2024-12-02T10:45:38.471+0000] {dagbag.py:588} INFO - Filling up the DagBag from /opt/airflow/dags/abc_example_dag.py
[2024-12-02T10:45:38.477+0000] {processor.py:925} INFO - DAG(s) 'example_hello_airflow' retrieved from /opt/airflow/dags/abc_example_dag.py
[2024-12-02T10:45:38.500+0000] {logging_mixin.py:190} INFO - [2024-12-02T10:45:38.500+0000] {dag.py:3239} INFO - Sync 1 DAGs
[2024-12-02T10:45:38.521+0000] {logging_mixin.py:190} INFO - [2024-12-02T10:45:38.521+0000] {dag.py:4180} INFO - Setting next_dagrun for example_hello_airflow to None, run_after=None
[2024-12-02T10:45:38.547+0000] {processor.py:208} INFO - Processing /opt/airflow/dags/abc_example_dag.py took 0.117 seconds
[2024-12-02T10:46:08.711+0000] {processor.py:186} INFO - Started process (PID=554) to work on /opt/airflow/dags/abc_example_dag.py
[2024-12-02T10:46:08.720+0000] {processor.py:914} INFO - Processing file /opt/airflow/dags/abc_example_dag.py for tasks to queue
[2024-12-02T10:46:08.721+0000] {logging_mixin.py:190} INFO - [2024-12-02T10:46:08.721+0000] {dagbag.py:588} INFO - Filling up the DagBag from /opt/airflow/dags/abc_example_dag.py
[2024-12-02T10:46:08.726+0000] {processor.py:925} INFO - DAG(s) 'example_hello_airflow' retrieved from /opt/airflow/dags/abc_example_dag.py
[2024-12-02T10:46:08.742+0000] {logging_mixin.py:190} INFO - [2024-12-02T10:46:08.742+0000] {dag.py:3239} INFO - Sync 1 DAGs
[2024-12-02T10:46:08.767+0000] {logging_mixin.py:190} INFO - [2024-12-02T10:46:08.767+0000] {dag.py:4180} INFO - Setting next_dagrun for example_hello_airflow to None, run_after=None
[2024-12-02T10:46:08.820+0000] {processor.py:208} INFO - Processing /opt/airflow/dags/abc_example_dag.py took 0.121 seconds
[2024-12-02T10:46:39.312+0000] {processor.py:186} INFO - Started process (PID=613) to work on /opt/airflow/dags/abc_example_dag.py
[2024-12-02T10:46:39.318+0000] {processor.py:914} INFO - Processing file /opt/airflow/dags/abc_example_dag.py for tasks to queue
[2024-12-02T10:46:39.320+0000] {logging_mixin.py:190} INFO - [2024-12-02T10:46:39.319+0000] {dagbag.py:588} INFO - Filling up the DagBag from /opt/airflow/dags/abc_example_dag.py
[2024-12-02T10:46:39.338+0000] {processor.py:925} INFO - DAG(s) 'example_hello_airflow' retrieved from /opt/airflow/dags/abc_example_dag.py
[2024-12-02T10:46:39.377+0000] {logging_mixin.py:190} INFO - [2024-12-02T10:46:39.373+0000] {dag.py:3239} INFO - Sync 1 DAGs
[2024-12-02T10:46:39.411+0000] {logging_mixin.py:190} INFO - [2024-12-02T10:46:39.411+0000] {dag.py:4180} INFO - Setting next_dagrun for example_hello_airflow to None, run_after=None
[2024-12-02T10:46:39.485+0000] {processor.py:208} INFO - Processing /opt/airflow/dags/abc_example_dag.py took 0.178 seconds
[2024-12-02T10:48:11.354+0000] {processor.py:186} INFO - Started process (PID=669) to work on /opt/airflow/dags/abc_example_dag.py
[2024-12-02T10:48:11.380+0000] {processor.py:914} INFO - Processing file /opt/airflow/dags/abc_example_dag.py for tasks to queue
[2024-12-02T10:48:11.382+0000] {logging_mixin.py:190} INFO - [2024-12-02T10:48:11.382+0000] {dagbag.py:588} INFO - Filling up the DagBag from /opt/airflow/dags/abc_example_dag.py
[2024-12-02T10:48:11.492+0000] {processor.py:925} INFO - DAG(s) 'example_hello_airflow' retrieved from /opt/airflow/dags/abc_example_dag.py
[2024-12-02T10:48:12.002+0000] {logging_mixin.py:190} INFO - [2024-12-02T10:48:11.991+0000] {dag.py:3239} INFO - Sync 1 DAGs
[2024-12-02T10:48:12.337+0000] {logging_mixin.py:190} INFO - [2024-12-02T10:48:12.334+0000] {dag.py:4180} INFO - Setting next_dagrun for example_hello_airflow to None, run_after=None
[2024-12-02T10:48:12.725+0000] {processor.py:208} INFO - Processing /opt/airflow/dags/abc_example_dag.py took 1.424 seconds
[2024-12-02T10:58:04.491+0000] {processor.py:186} INFO - Started process (PID=64) to work on /opt/airflow/dags/abc_example_dag.py
[2024-12-02T10:58:04.495+0000] {processor.py:914} INFO - Processing file /opt/airflow/dags/abc_example_dag.py for tasks to queue
[2024-12-02T10:58:04.520+0000] {logging_mixin.py:190} INFO - [2024-12-02T10:58:04.515+0000] {dagbag.py:588} INFO - Filling up the DagBag from /opt/airflow/dags/abc_example_dag.py
[2024-12-02T10:58:04.643+0000] {processor.py:925} INFO - DAG(s) 'example_hello_airflow' retrieved from /opt/airflow/dags/abc_example_dag.py
[2024-12-02T10:58:04.832+0000] {logging_mixin.py:190} INFO - [2024-12-02T10:58:04.830+0000] {dag.py:3239} INFO - Sync 1 DAGs
[2024-12-02T10:58:04.935+0000] {logging_mixin.py:190} INFO - [2024-12-02T10:58:04.935+0000] {dag.py:4180} INFO - Setting next_dagrun for example_hello_airflow to None, run_after=None
[2024-12-02T10:58:05.035+0000] {processor.py:208} INFO - Processing /opt/airflow/dags/abc_example_dag.py took 0.591 seconds
[2024-12-02T10:58:35.899+0000] {processor.py:186} INFO - Started process (PID=128) to work on /opt/airflow/dags/abc_example_dag.py
[2024-12-02T10:58:35.906+0000] {processor.py:914} INFO - Processing file /opt/airflow/dags/abc_example_dag.py for tasks to queue
[2024-12-02T10:58:35.909+0000] {logging_mixin.py:190} INFO - [2024-12-02T10:58:35.908+0000] {dagbag.py:588} INFO - Filling up the DagBag from /opt/airflow/dags/abc_example_dag.py
[2024-12-02T10:58:35.914+0000] {processor.py:925} INFO - DAG(s) 'example_hello_airflow' retrieved from /opt/airflow/dags/abc_example_dag.py
[2024-12-02T10:58:35.947+0000] {logging_mixin.py:190} INFO - [2024-12-02T10:58:35.947+0000] {dag.py:3239} INFO - Sync 1 DAGs
[2024-12-02T10:58:35.988+0000] {logging_mixin.py:190} INFO - [2024-12-02T10:58:35.988+0000] {dag.py:4180} INFO - Setting next_dagrun for example_hello_airflow to None, run_after=None
[2024-12-02T10:58:36.026+0000] {processor.py:208} INFO - Processing /opt/airflow/dags/abc_example_dag.py took 0.131 seconds
[2024-12-02T10:59:06.109+0000] {processor.py:186} INFO - Started process (PID=192) to work on /opt/airflow/dags/abc_example_dag.py
[2024-12-02T10:59:06.112+0000] {processor.py:914} INFO - Processing file /opt/airflow/dags/abc_example_dag.py for tasks to queue
[2024-12-02T10:59:06.114+0000] {logging_mixin.py:190} INFO - [2024-12-02T10:59:06.114+0000] {dagbag.py:588} INFO - Filling up the DagBag from /opt/airflow/dags/abc_example_dag.py
[2024-12-02T10:59:06.120+0000] {processor.py:925} INFO - DAG(s) 'example_hello_airflow' retrieved from /opt/airflow/dags/abc_example_dag.py
[2024-12-02T10:59:06.139+0000] {logging_mixin.py:190} INFO - [2024-12-02T10:59:06.139+0000] {dag.py:3239} INFO - Sync 1 DAGs
[2024-12-02T10:59:06.153+0000] {logging_mixin.py:190} INFO - [2024-12-02T10:59:06.152+0000] {dag.py:4180} INFO - Setting next_dagrun for example_hello_airflow to None, run_after=None
[2024-12-02T10:59:06.177+0000] {processor.py:208} INFO - Processing /opt/airflow/dags/abc_example_dag.py took 0.073 seconds
[2024-12-02T10:59:39.305+0000] {processor.py:186} INFO - Started process (PID=256) to work on /opt/airflow/dags/abc_example_dag.py
[2024-12-02T10:59:39.318+0000] {processor.py:914} INFO - Processing file /opt/airflow/dags/abc_example_dag.py for tasks to queue
[2024-12-02T10:59:39.362+0000] {logging_mixin.py:190} INFO - [2024-12-02T10:59:39.350+0000] {dagbag.py:588} INFO - Filling up the DagBag from /opt/airflow/dags/abc_example_dag.py
[2024-12-02T10:59:39.423+0000] {processor.py:925} INFO - DAG(s) 'example_hello_airflow' retrieved from /opt/airflow/dags/abc_example_dag.py
[2024-12-02T10:59:39.473+0000] {logging_mixin.py:190} INFO - [2024-12-02T10:59:39.473+0000] {dag.py:3239} INFO - Sync 1 DAGs
[2024-12-02T10:59:39.540+0000] {logging_mixin.py:190} INFO - [2024-12-02T10:59:39.539+0000] {dag.py:4180} INFO - Setting next_dagrun for example_hello_airflow to None, run_after=None
[2024-12-02T10:59:39.837+0000] {processor.py:208} INFO - Processing /opt/airflow/dags/abc_example_dag.py took 0.605 seconds
[2024-12-02T11:00:10.973+0000] {processor.py:186} INFO - Started process (PID=319) to work on /opt/airflow/dags/abc_example_dag.py
[2024-12-02T11:00:10.973+0000] {processor.py:914} INFO - Processing file /opt/airflow/dags/abc_example_dag.py for tasks to queue
[2024-12-02T11:00:10.975+0000] {logging_mixin.py:190} INFO - [2024-12-02T11:00:10.975+0000] {dagbag.py:588} INFO - Filling up the DagBag from /opt/airflow/dags/abc_example_dag.py
[2024-12-02T11:00:10.979+0000] {processor.py:925} INFO - DAG(s) 'example_hello_airflow' retrieved from /opt/airflow/dags/abc_example_dag.py
[2024-12-02T11:00:11.092+0000] {logging_mixin.py:190} INFO - [2024-12-02T11:00:11.092+0000] {dag.py:3239} INFO - Sync 1 DAGs
[2024-12-02T11:00:11.156+0000] {logging_mixin.py:190} INFO - [2024-12-02T11:00:11.156+0000] {dag.py:4180} INFO - Setting next_dagrun for example_hello_airflow to None, run_after=None
[2024-12-02T11:00:11.265+0000] {processor.py:208} INFO - Processing /opt/airflow/dags/abc_example_dag.py took 0.297 seconds
[2024-12-02T11:00:41.729+0000] {processor.py:186} INFO - Started process (PID=381) to work on /opt/airflow/dags/abc_example_dag.py
[2024-12-02T11:00:41.766+0000] {processor.py:914} INFO - Processing file /opt/airflow/dags/abc_example_dag.py for tasks to queue
[2024-12-02T11:00:41.768+0000] {logging_mixin.py:190} INFO - [2024-12-02T11:00:41.768+0000] {dagbag.py:588} INFO - Filling up the DagBag from /opt/airflow/dags/abc_example_dag.py
[2024-12-02T11:00:41.772+0000] {processor.py:925} INFO - DAG(s) 'example_hello_airflow' retrieved from /opt/airflow/dags/abc_example_dag.py
[2024-12-02T11:00:41.785+0000] {logging_mixin.py:190} INFO - [2024-12-02T11:00:41.784+0000] {dag.py:3239} INFO - Sync 1 DAGs
[2024-12-02T11:00:41.794+0000] {logging_mixin.py:190} INFO - [2024-12-02T11:00:41.794+0000] {dag.py:4180} INFO - Setting next_dagrun for example_hello_airflow to None, run_after=None
[2024-12-02T11:00:41.810+0000] {processor.py:208} INFO - Processing /opt/airflow/dags/abc_example_dag.py took 0.084 seconds
[2024-12-02T11:01:12.318+0000] {processor.py:186} INFO - Started process (PID=439) to work on /opt/airflow/dags/abc_example_dag.py
[2024-12-02T11:01:12.319+0000] {processor.py:914} INFO - Processing file /opt/airflow/dags/abc_example_dag.py for tasks to queue
[2024-12-02T11:01:12.325+0000] {logging_mixin.py:190} INFO - [2024-12-02T11:01:12.324+0000] {dagbag.py:588} INFO - Filling up the DagBag from /opt/airflow/dags/abc_example_dag.py
[2024-12-02T11:01:12.332+0000] {processor.py:925} INFO - DAG(s) 'example_hello_airflow' retrieved from /opt/airflow/dags/abc_example_dag.py
[2024-12-02T11:01:12.366+0000] {logging_mixin.py:190} INFO - [2024-12-02T11:01:12.366+0000] {dag.py:3239} INFO - Sync 1 DAGs
[2024-12-02T11:01:12.398+0000] {logging_mixin.py:190} INFO - [2024-12-02T11:01:12.398+0000] {dag.py:4180} INFO - Setting next_dagrun for example_hello_airflow to None, run_after=None
[2024-12-02T11:01:12.463+0000] {processor.py:208} INFO - Processing /opt/airflow/dags/abc_example_dag.py took 0.165 seconds
[2024-12-02T11:01:42.716+0000] {processor.py:186} INFO - Started process (PID=503) to work on /opt/airflow/dags/abc_example_dag.py
[2024-12-02T11:01:42.717+0000] {processor.py:914} INFO - Processing file /opt/airflow/dags/abc_example_dag.py for tasks to queue
[2024-12-02T11:01:42.719+0000] {logging_mixin.py:190} INFO - [2024-12-02T11:01:42.718+0000] {dagbag.py:588} INFO - Filling up the DagBag from /opt/airflow/dags/abc_example_dag.py
[2024-12-02T11:01:42.724+0000] {processor.py:925} INFO - DAG(s) 'example_hello_airflow' retrieved from /opt/airflow/dags/abc_example_dag.py
[2024-12-02T11:01:42.753+0000] {logging_mixin.py:190} INFO - [2024-12-02T11:01:42.753+0000] {dag.py:3239} INFO - Sync 1 DAGs
[2024-12-02T11:01:42.777+0000] {logging_mixin.py:190} INFO - [2024-12-02T11:01:42.776+0000] {dag.py:4180} INFO - Setting next_dagrun for example_hello_airflow to None, run_after=None
[2024-12-02T11:01:42.817+0000] {processor.py:208} INFO - Processing /opt/airflow/dags/abc_example_dag.py took 0.118 seconds
[2024-12-02T11:02:13.666+0000] {processor.py:186} INFO - Started process (PID=567) to work on /opt/airflow/dags/abc_example_dag.py
[2024-12-02T11:02:13.667+0000] {processor.py:914} INFO - Processing file /opt/airflow/dags/abc_example_dag.py for tasks to queue
[2024-12-02T11:02:13.669+0000] {logging_mixin.py:190} INFO - [2024-12-02T11:02:13.669+0000] {dagbag.py:588} INFO - Filling up the DagBag from /opt/airflow/dags/abc_example_dag.py
[2024-12-02T11:02:13.674+0000] {processor.py:925} INFO - DAG(s) 'example_hello_airflow' retrieved from /opt/airflow/dags/abc_example_dag.py
[2024-12-02T11:02:13.686+0000] {logging_mixin.py:190} INFO - [2024-12-02T11:02:13.685+0000] {dag.py:3239} INFO - Sync 1 DAGs
[2024-12-02T11:02:13.695+0000] {logging_mixin.py:190} INFO - [2024-12-02T11:02:13.695+0000] {dag.py:4180} INFO - Setting next_dagrun for example_hello_airflow to None, run_after=None
[2024-12-02T11:02:13.709+0000] {processor.py:208} INFO - Processing /opt/airflow/dags/abc_example_dag.py took 0.047 seconds
[2024-12-02T11:02:46.048+0000] {processor.py:186} INFO - Started process (PID=627) to work on /opt/airflow/dags/abc_example_dag.py
[2024-12-02T11:02:46.064+0000] {processor.py:914} INFO - Processing file /opt/airflow/dags/abc_example_dag.py for tasks to queue
[2024-12-02T11:02:46.066+0000] {logging_mixin.py:190} INFO - [2024-12-02T11:02:46.066+0000] {dagbag.py:588} INFO - Filling up the DagBag from /opt/airflow/dags/abc_example_dag.py
[2024-12-02T11:02:46.088+0000] {processor.py:925} INFO - DAG(s) 'example_hello_airflow' retrieved from /opt/airflow/dags/abc_example_dag.py
[2024-12-02T11:02:46.130+0000] {logging_mixin.py:190} INFO - [2024-12-02T11:02:46.130+0000] {dag.py:3239} INFO - Sync 1 DAGs
[2024-12-02T11:02:46.241+0000] {logging_mixin.py:190} INFO - [2024-12-02T11:02:46.240+0000] {dag.py:4180} INFO - Setting next_dagrun for example_hello_airflow to None, run_after=None
[2024-12-02T11:02:46.308+0000] {processor.py:208} INFO - Processing /opt/airflow/dags/abc_example_dag.py took 0.258 seconds
[2024-12-02T11:03:19.963+0000] {processor.py:186} INFO - Started process (PID=690) to work on /opt/airflow/dags/abc_example_dag.py
[2024-12-02T11:03:19.967+0000] {processor.py:914} INFO - Processing file /opt/airflow/dags/abc_example_dag.py for tasks to queue
[2024-12-02T11:03:19.976+0000] {logging_mixin.py:190} INFO - [2024-12-02T11:03:19.975+0000] {dagbag.py:588} INFO - Filling up the DagBag from /opt/airflow/dags/abc_example_dag.py
[2024-12-02T11:03:19.981+0000] {processor.py:925} INFO - DAG(s) 'example_hello_airflow' retrieved from /opt/airflow/dags/abc_example_dag.py
[2024-12-02T11:03:20.036+0000] {logging_mixin.py:190} INFO - [2024-12-02T11:03:20.035+0000] {dag.py:3239} INFO - Sync 1 DAGs
[2024-12-02T11:03:20.053+0000] {logging_mixin.py:190} INFO - [2024-12-02T11:03:20.053+0000] {dag.py:4180} INFO - Setting next_dagrun for example_hello_airflow to None, run_after=None
[2024-12-02T11:03:20.085+0000] {processor.py:208} INFO - Processing /opt/airflow/dags/abc_example_dag.py took 0.141 seconds
[2024-12-02T11:03:51.322+0000] {processor.py:186} INFO - Started process (PID=742) to work on /opt/airflow/dags/abc_example_dag.py
[2024-12-02T11:03:51.324+0000] {processor.py:914} INFO - Processing file /opt/airflow/dags/abc_example_dag.py for tasks to queue
[2024-12-02T11:03:51.326+0000] {logging_mixin.py:190} INFO - [2024-12-02T11:03:51.326+0000] {dagbag.py:588} INFO - Filling up the DagBag from /opt/airflow/dags/abc_example_dag.py
[2024-12-02T11:03:51.349+0000] {processor.py:925} INFO - DAG(s) 'example_hello_airflow' retrieved from /opt/airflow/dags/abc_example_dag.py
[2024-12-02T11:03:51.368+0000] {logging_mixin.py:190} INFO - [2024-12-02T11:03:51.368+0000] {dag.py:3239} INFO - Sync 1 DAGs
[2024-12-02T11:03:51.402+0000] {logging_mixin.py:190} INFO - [2024-12-02T11:03:51.402+0000] {dag.py:4180} INFO - Setting next_dagrun for example_hello_airflow to None, run_after=None
[2024-12-02T11:03:51.433+0000] {processor.py:208} INFO - Processing /opt/airflow/dags/abc_example_dag.py took 0.115 seconds
[2024-12-02T11:04:21.650+0000] {processor.py:186} INFO - Started process (PID=807) to work on /opt/airflow/dags/abc_example_dag.py
[2024-12-02T11:04:21.654+0000] {processor.py:914} INFO - Processing file /opt/airflow/dags/abc_example_dag.py for tasks to queue
[2024-12-02T11:04:21.656+0000] {logging_mixin.py:190} INFO - [2024-12-02T11:04:21.656+0000] {dagbag.py:588} INFO - Filling up the DagBag from /opt/airflow/dags/abc_example_dag.py
[2024-12-02T11:04:21.661+0000] {processor.py:925} INFO - DAG(s) 'example_hello_airflow' retrieved from /opt/airflow/dags/abc_example_dag.py
[2024-12-02T11:04:21.673+0000] {logging_mixin.py:190} INFO - [2024-12-02T11:04:21.673+0000] {dag.py:3239} INFO - Sync 1 DAGs
[2024-12-02T11:04:21.683+0000] {logging_mixin.py:190} INFO - [2024-12-02T11:04:21.683+0000] {dag.py:4180} INFO - Setting next_dagrun for example_hello_airflow to None, run_after=None
[2024-12-02T11:04:21.740+0000] {processor.py:208} INFO - Processing /opt/airflow/dags/abc_example_dag.py took 0.097 seconds
[2024-12-02T11:04:52.069+0000] {processor.py:186} INFO - Started process (PID=871) to work on /opt/airflow/dags/abc_example_dag.py
[2024-12-02T11:04:52.073+0000] {processor.py:914} INFO - Processing file /opt/airflow/dags/abc_example_dag.py for tasks to queue
[2024-12-02T11:04:52.075+0000] {logging_mixin.py:190} INFO - [2024-12-02T11:04:52.075+0000] {dagbag.py:588} INFO - Filling up the DagBag from /opt/airflow/dags/abc_example_dag.py
[2024-12-02T11:04:52.079+0000] {processor.py:925} INFO - DAG(s) 'example_hello_airflow' retrieved from /opt/airflow/dags/abc_example_dag.py
[2024-12-02T11:04:52.091+0000] {logging_mixin.py:190} INFO - [2024-12-02T11:04:52.091+0000] {dag.py:3239} INFO - Sync 1 DAGs
[2024-12-02T11:04:52.101+0000] {logging_mixin.py:190} INFO - [2024-12-02T11:04:52.101+0000] {dag.py:4180} INFO - Setting next_dagrun for example_hello_airflow to None, run_after=None
[2024-12-02T11:04:52.115+0000] {processor.py:208} INFO - Processing /opt/airflow/dags/abc_example_dag.py took 0.049 seconds
[2024-12-02T11:05:22.730+0000] {processor.py:186} INFO - Started process (PID=935) to work on /opt/airflow/dags/abc_example_dag.py
[2024-12-02T11:05:22.731+0000] {processor.py:914} INFO - Processing file /opt/airflow/dags/abc_example_dag.py for tasks to queue
[2024-12-02T11:05:22.733+0000] {logging_mixin.py:190} INFO - [2024-12-02T11:05:22.733+0000] {dagbag.py:588} INFO - Filling up the DagBag from /opt/airflow/dags/abc_example_dag.py
[2024-12-02T11:05:22.741+0000] {processor.py:925} INFO - DAG(s) 'example_hello_airflow' retrieved from /opt/airflow/dags/abc_example_dag.py
[2024-12-02T11:05:22.754+0000] {logging_mixin.py:190} INFO - [2024-12-02T11:05:22.754+0000] {dag.py:3239} INFO - Sync 1 DAGs
[2024-12-02T11:05:22.764+0000] {logging_mixin.py:190} INFO - [2024-12-02T11:05:22.764+0000] {dag.py:4180} INFO - Setting next_dagrun for example_hello_airflow to None, run_after=None
[2024-12-02T11:05:22.778+0000] {processor.py:208} INFO - Processing /opt/airflow/dags/abc_example_dag.py took 0.053 seconds
[2024-12-02T11:05:53.606+0000] {processor.py:186} INFO - Started process (PID=999) to work on /opt/airflow/dags/abc_example_dag.py
[2024-12-02T11:05:53.636+0000] {processor.py:914} INFO - Processing file /opt/airflow/dags/abc_example_dag.py for tasks to queue
[2024-12-02T11:05:53.642+0000] {logging_mixin.py:190} INFO - [2024-12-02T11:05:53.642+0000] {dagbag.py:588} INFO - Filling up the DagBag from /opt/airflow/dags/abc_example_dag.py
[2024-12-02T11:05:53.647+0000] {processor.py:925} INFO - DAG(s) 'example_hello_airflow' retrieved from /opt/airflow/dags/abc_example_dag.py
[2024-12-02T11:05:53.737+0000] {logging_mixin.py:190} INFO - [2024-12-02T11:05:53.736+0000] {dag.py:3239} INFO - Sync 1 DAGs
[2024-12-02T11:05:53.787+0000] {logging_mixin.py:190} INFO - [2024-12-02T11:05:53.786+0000] {dag.py:4180} INFO - Setting next_dagrun for example_hello_airflow to None, run_after=None
[2024-12-02T11:05:53.842+0000] {processor.py:208} INFO - Processing /opt/airflow/dags/abc_example_dag.py took 0.241 seconds
[2024-12-02T11:06:24.055+0000] {processor.py:186} INFO - Started process (PID=1064) to work on /opt/airflow/dags/abc_example_dag.py
[2024-12-02T11:06:24.056+0000] {processor.py:914} INFO - Processing file /opt/airflow/dags/abc_example_dag.py for tasks to queue
[2024-12-02T11:06:24.058+0000] {logging_mixin.py:190} INFO - [2024-12-02T11:06:24.057+0000] {dagbag.py:588} INFO - Filling up the DagBag from /opt/airflow/dags/abc_example_dag.py
[2024-12-02T11:06:24.062+0000] {processor.py:925} INFO - DAG(s) 'example_hello_airflow' retrieved from /opt/airflow/dags/abc_example_dag.py
[2024-12-02T11:06:24.077+0000] {logging_mixin.py:190} INFO - [2024-12-02T11:06:24.077+0000] {dag.py:3239} INFO - Sync 1 DAGs
[2024-12-02T11:06:24.086+0000] {logging_mixin.py:190} INFO - [2024-12-02T11:06:24.086+0000] {dag.py:4180} INFO - Setting next_dagrun for example_hello_airflow to None, run_after=None
[2024-12-02T11:06:24.103+0000] {processor.py:208} INFO - Processing /opt/airflow/dags/abc_example_dag.py took 0.052 seconds
[2024-12-02T11:06:54.406+0000] {processor.py:186} INFO - Started process (PID=1127) to work on /opt/airflow/dags/abc_example_dag.py
[2024-12-02T11:06:54.410+0000] {processor.py:914} INFO - Processing file /opt/airflow/dags/abc_example_dag.py for tasks to queue
[2024-12-02T11:06:54.412+0000] {logging_mixin.py:190} INFO - [2024-12-02T11:06:54.412+0000] {dagbag.py:588} INFO - Filling up the DagBag from /opt/airflow/dags/abc_example_dag.py
[2024-12-02T11:06:54.417+0000] {processor.py:925} INFO - DAG(s) 'example_hello_airflow' retrieved from /opt/airflow/dags/abc_example_dag.py
[2024-12-02T11:06:54.448+0000] {logging_mixin.py:190} INFO - [2024-12-02T11:06:54.448+0000] {dag.py:3239} INFO - Sync 1 DAGs
[2024-12-02T11:06:54.459+0000] {logging_mixin.py:190} INFO - [2024-12-02T11:06:54.458+0000] {dag.py:4180} INFO - Setting next_dagrun for example_hello_airflow to None, run_after=None
[2024-12-02T11:06:54.472+0000] {processor.py:208} INFO - Processing /opt/airflow/dags/abc_example_dag.py took 0.070 seconds
[2024-12-02T11:07:25.180+0000] {processor.py:186} INFO - Started process (PID=1191) to work on /opt/airflow/dags/abc_example_dag.py
[2024-12-02T11:07:25.193+0000] {processor.py:914} INFO - Processing file /opt/airflow/dags/abc_example_dag.py for tasks to queue
[2024-12-02T11:07:25.195+0000] {logging_mixin.py:190} INFO - [2024-12-02T11:07:25.194+0000] {dagbag.py:588} INFO - Filling up the DagBag from /opt/airflow/dags/abc_example_dag.py
[2024-12-02T11:07:25.200+0000] {processor.py:925} INFO - DAG(s) 'example_hello_airflow' retrieved from /opt/airflow/dags/abc_example_dag.py
[2024-12-02T11:07:25.227+0000] {logging_mixin.py:190} INFO - [2024-12-02T11:07:25.227+0000] {dag.py:3239} INFO - Sync 1 DAGs
[2024-12-02T11:07:25.240+0000] {logging_mixin.py:190} INFO - [2024-12-02T11:07:25.240+0000] {dag.py:4180} INFO - Setting next_dagrun for example_hello_airflow to None, run_after=None
[2024-12-02T11:07:25.268+0000] {processor.py:208} INFO - Processing /opt/airflow/dags/abc_example_dag.py took 0.092 seconds
[2024-12-02T11:07:55.496+0000] {processor.py:186} INFO - Started process (PID=1254) to work on /opt/airflow/dags/abc_example_dag.py
[2024-12-02T11:07:55.497+0000] {processor.py:914} INFO - Processing file /opt/airflow/dags/abc_example_dag.py for tasks to queue
[2024-12-02T11:07:55.499+0000] {logging_mixin.py:190} INFO - [2024-12-02T11:07:55.499+0000] {dagbag.py:588} INFO - Filling up the DagBag from /opt/airflow/dags/abc_example_dag.py
[2024-12-02T11:07:55.504+0000] {processor.py:925} INFO - DAG(s) 'example_hello_airflow' retrieved from /opt/airflow/dags/abc_example_dag.py
[2024-12-02T11:07:55.517+0000] {logging_mixin.py:190} INFO - [2024-12-02T11:07:55.517+0000] {dag.py:3239} INFO - Sync 1 DAGs
[2024-12-02T11:07:55.527+0000] {logging_mixin.py:190} INFO - [2024-12-02T11:07:55.527+0000] {dag.py:4180} INFO - Setting next_dagrun for example_hello_airflow to None, run_after=None
[2024-12-02T11:07:55.545+0000] {processor.py:208} INFO - Processing /opt/airflow/dags/abc_example_dag.py took 0.053 seconds
[2024-12-02T11:08:25.781+0000] {processor.py:186} INFO - Started process (PID=1318) to work on /opt/airflow/dags/abc_example_dag.py
[2024-12-02T11:08:25.789+0000] {processor.py:914} INFO - Processing file /opt/airflow/dags/abc_example_dag.py for tasks to queue
[2024-12-02T11:08:25.796+0000] {logging_mixin.py:190} INFO - [2024-12-02T11:08:25.796+0000] {dagbag.py:588} INFO - Filling up the DagBag from /opt/airflow/dags/abc_example_dag.py
[2024-12-02T11:08:25.803+0000] {processor.py:925} INFO - DAG(s) 'example_hello_airflow' retrieved from /opt/airflow/dags/abc_example_dag.py
[2024-12-02T11:08:25.831+0000] {logging_mixin.py:190} INFO - [2024-12-02T11:08:25.831+0000] {dag.py:3239} INFO - Sync 1 DAGs
[2024-12-02T11:08:25.847+0000] {logging_mixin.py:190} INFO - [2024-12-02T11:08:25.845+0000] {dag.py:4180} INFO - Setting next_dagrun for example_hello_airflow to None, run_after=None
[2024-12-02T11:08:25.882+0000] {processor.py:208} INFO - Processing /opt/airflow/dags/abc_example_dag.py took 0.108 seconds
[2024-12-02T11:08:56.176+0000] {processor.py:186} INFO - Started process (PID=1382) to work on /opt/airflow/dags/abc_example_dag.py
[2024-12-02T11:08:56.176+0000] {processor.py:914} INFO - Processing file /opt/airflow/dags/abc_example_dag.py for tasks to queue
[2024-12-02T11:08:56.178+0000] {logging_mixin.py:190} INFO - [2024-12-02T11:08:56.177+0000] {dagbag.py:588} INFO - Filling up the DagBag from /opt/airflow/dags/abc_example_dag.py
[2024-12-02T11:08:56.189+0000] {processor.py:925} INFO - DAG(s) 'example_hello_airflow' retrieved from /opt/airflow/dags/abc_example_dag.py
[2024-12-02T11:08:56.241+0000] {logging_mixin.py:190} INFO - [2024-12-02T11:08:56.240+0000] {dag.py:3239} INFO - Sync 1 DAGs
[2024-12-02T11:08:56.282+0000] {logging_mixin.py:190} INFO - [2024-12-02T11:08:56.282+0000] {dag.py:4180} INFO - Setting next_dagrun for example_hello_airflow to None, run_after=None
[2024-12-02T11:08:56.335+0000] {processor.py:208} INFO - Processing /opt/airflow/dags/abc_example_dag.py took 0.163 seconds
[2024-12-02T11:09:26.674+0000] {processor.py:186} INFO - Started process (PID=1446) to work on /opt/airflow/dags/abc_example_dag.py
[2024-12-02T11:09:26.677+0000] {processor.py:914} INFO - Processing file /opt/airflow/dags/abc_example_dag.py for tasks to queue
[2024-12-02T11:09:26.680+0000] {logging_mixin.py:190} INFO - [2024-12-02T11:09:26.679+0000] {dagbag.py:588} INFO - Filling up the DagBag from /opt/airflow/dags/abc_example_dag.py
[2024-12-02T11:09:26.684+0000] {processor.py:925} INFO - DAG(s) 'example_hello_airflow' retrieved from /opt/airflow/dags/abc_example_dag.py
[2024-12-02T11:09:26.697+0000] {logging_mixin.py:190} INFO - [2024-12-02T11:09:26.697+0000] {dag.py:3239} INFO - Sync 1 DAGs
[2024-12-02T11:09:26.707+0000] {logging_mixin.py:190} INFO - [2024-12-02T11:09:26.707+0000] {dag.py:4180} INFO - Setting next_dagrun for example_hello_airflow to None, run_after=None
[2024-12-02T11:09:26.723+0000] {processor.py:208} INFO - Processing /opt/airflow/dags/abc_example_dag.py took 0.052 seconds
[2024-12-02T11:09:58.911+0000] {processor.py:186} INFO - Started process (PID=1509) to work on /opt/airflow/dags/abc_example_dag.py
[2024-12-02T11:09:58.911+0000] {processor.py:914} INFO - Processing file /opt/airflow/dags/abc_example_dag.py for tasks to queue
[2024-12-02T11:09:58.913+0000] {logging_mixin.py:190} INFO - [2024-12-02T11:09:58.913+0000] {dagbag.py:588} INFO - Filling up the DagBag from /opt/airflow/dags/abc_example_dag.py
[2024-12-02T11:09:58.929+0000] {processor.py:925} INFO - DAG(s) 'example_hello_airflow' retrieved from /opt/airflow/dags/abc_example_dag.py
[2024-12-02T11:09:58.958+0000] {logging_mixin.py:190} INFO - [2024-12-02T11:09:58.958+0000] {dag.py:3239} INFO - Sync 1 DAGs
[2024-12-02T11:09:58.977+0000] {logging_mixin.py:190} INFO - [2024-12-02T11:09:58.976+0000] {dag.py:4180} INFO - Setting next_dagrun for example_hello_airflow to None, run_after=None
[2024-12-02T11:09:59.004+0000] {processor.py:208} INFO - Processing /opt/airflow/dags/abc_example_dag.py took 0.102 seconds
[2024-12-02T11:10:29.337+0000] {processor.py:186} INFO - Started process (PID=1572) to work on /opt/airflow/dags/abc_example_dag.py
[2024-12-02T11:10:29.338+0000] {processor.py:914} INFO - Processing file /opt/airflow/dags/abc_example_dag.py for tasks to queue
[2024-12-02T11:10:29.340+0000] {logging_mixin.py:190} INFO - [2024-12-02T11:10:29.340+0000] {dagbag.py:588} INFO - Filling up the DagBag from /opt/airflow/dags/abc_example_dag.py
[2024-12-02T11:10:29.362+0000] {processor.py:925} INFO - DAG(s) 'example_hello_airflow' retrieved from /opt/airflow/dags/abc_example_dag.py
[2024-12-02T11:10:29.389+0000] {logging_mixin.py:190} INFO - [2024-12-02T11:10:29.389+0000] {dag.py:3239} INFO - Sync 1 DAGs
[2024-12-02T11:10:29.400+0000] {logging_mixin.py:190} INFO - [2024-12-02T11:10:29.400+0000] {dag.py:4180} INFO - Setting next_dagrun for example_hello_airflow to None, run_after=None
[2024-12-02T11:10:29.421+0000] {processor.py:208} INFO - Processing /opt/airflow/dags/abc_example_dag.py took 0.109 seconds
[2024-12-02T11:11:00.301+0000] {processor.py:186} INFO - Started process (PID=1630) to work on /opt/airflow/dags/abc_example_dag.py
[2024-12-02T11:11:00.301+0000] {processor.py:914} INFO - Processing file /opt/airflow/dags/abc_example_dag.py for tasks to queue
[2024-12-02T11:11:00.304+0000] {logging_mixin.py:190} INFO - [2024-12-02T11:11:00.304+0000] {dagbag.py:588} INFO - Filling up the DagBag from /opt/airflow/dags/abc_example_dag.py
[2024-12-02T11:11:00.314+0000] {processor.py:925} INFO - DAG(s) 'example_hello_airflow' retrieved from /opt/airflow/dags/abc_example_dag.py
[2024-12-02T11:11:00.337+0000] {logging_mixin.py:190} INFO - [2024-12-02T11:11:00.337+0000] {dag.py:3239} INFO - Sync 1 DAGs
[2024-12-02T11:11:00.347+0000] {logging_mixin.py:190} INFO - [2024-12-02T11:11:00.347+0000] {dag.py:4180} INFO - Setting next_dagrun for example_hello_airflow to None, run_after=None
[2024-12-02T11:11:00.362+0000] {processor.py:208} INFO - Processing /opt/airflow/dags/abc_example_dag.py took 0.068 seconds
[2024-12-02T11:11:30.912+0000] {processor.py:186} INFO - Started process (PID=1694) to work on /opt/airflow/dags/abc_example_dag.py
[2024-12-02T11:11:30.913+0000] {processor.py:914} INFO - Processing file /opt/airflow/dags/abc_example_dag.py for tasks to queue
[2024-12-02T11:11:30.918+0000] {logging_mixin.py:190} INFO - [2024-12-02T11:11:30.918+0000] {dagbag.py:588} INFO - Filling up the DagBag from /opt/airflow/dags/abc_example_dag.py
[2024-12-02T11:11:30.924+0000] {processor.py:925} INFO - DAG(s) 'example_hello_airflow' retrieved from /opt/airflow/dags/abc_example_dag.py
[2024-12-02T11:11:30.949+0000] {logging_mixin.py:190} INFO - [2024-12-02T11:11:30.949+0000] {dag.py:3239} INFO - Sync 1 DAGs
[2024-12-02T11:11:30.961+0000] {logging_mixin.py:190} INFO - [2024-12-02T11:11:30.961+0000] {dag.py:4180} INFO - Setting next_dagrun for example_hello_airflow to None, run_after=None
[2024-12-02T11:11:30.983+0000] {processor.py:208} INFO - Processing /opt/airflow/dags/abc_example_dag.py took 0.081 seconds
[2024-12-02T11:12:01.071+0000] {processor.py:186} INFO - Started process (PID=1759) to work on /opt/airflow/dags/abc_example_dag.py
[2024-12-02T11:12:01.072+0000] {processor.py:914} INFO - Processing file /opt/airflow/dags/abc_example_dag.py for tasks to queue
[2024-12-02T11:12:01.074+0000] {logging_mixin.py:190} INFO - [2024-12-02T11:12:01.074+0000] {dagbag.py:588} INFO - Filling up the DagBag from /opt/airflow/dags/abc_example_dag.py
[2024-12-02T11:12:01.079+0000] {processor.py:925} INFO - DAG(s) 'example_hello_airflow' retrieved from /opt/airflow/dags/abc_example_dag.py
[2024-12-02T11:12:01.098+0000] {logging_mixin.py:190} INFO - [2024-12-02T11:12:01.098+0000] {dag.py:3239} INFO - Sync 1 DAGs
[2024-12-02T11:12:01.112+0000] {logging_mixin.py:190} INFO - [2024-12-02T11:12:01.111+0000] {dag.py:4180} INFO - Setting next_dagrun for example_hello_airflow to None, run_after=None
[2024-12-02T11:12:01.132+0000] {processor.py:208} INFO - Processing /opt/airflow/dags/abc_example_dag.py took 0.066 seconds
[2024-12-02T11:12:31.821+0000] {processor.py:186} INFO - Started process (PID=1823) to work on /opt/airflow/dags/abc_example_dag.py
[2024-12-02T11:12:31.824+0000] {processor.py:914} INFO - Processing file /opt/airflow/dags/abc_example_dag.py for tasks to queue
[2024-12-02T11:12:31.826+0000] {logging_mixin.py:190} INFO - [2024-12-02T11:12:31.826+0000] {dagbag.py:588} INFO - Filling up the DagBag from /opt/airflow/dags/abc_example_dag.py
[2024-12-02T11:12:31.831+0000] {processor.py:925} INFO - DAG(s) 'example_hello_airflow' retrieved from /opt/airflow/dags/abc_example_dag.py
[2024-12-02T11:12:31.859+0000] {logging_mixin.py:190} INFO - [2024-12-02T11:12:31.858+0000] {dag.py:3239} INFO - Sync 1 DAGs
[2024-12-02T11:12:31.882+0000] {logging_mixin.py:190} INFO - [2024-12-02T11:12:31.882+0000] {dag.py:4180} INFO - Setting next_dagrun for example_hello_airflow to None, run_after=None
[2024-12-02T11:12:31.923+0000] {processor.py:208} INFO - Processing /opt/airflow/dags/abc_example_dag.py took 0.115 seconds
[2024-12-02T11:13:02.340+0000] {processor.py:186} INFO - Started process (PID=1887) to work on /opt/airflow/dags/abc_example_dag.py
[2024-12-02T11:13:02.340+0000] {processor.py:914} INFO - Processing file /opt/airflow/dags/abc_example_dag.py for tasks to queue
[2024-12-02T11:13:02.342+0000] {logging_mixin.py:190} INFO - [2024-12-02T11:13:02.342+0000] {dagbag.py:588} INFO - Filling up the DagBag from /opt/airflow/dags/abc_example_dag.py
[2024-12-02T11:13:02.347+0000] {processor.py:925} INFO - DAG(s) 'example_hello_airflow' retrieved from /opt/airflow/dags/abc_example_dag.py
[2024-12-02T11:13:02.363+0000] {logging_mixin.py:190} INFO - [2024-12-02T11:13:02.363+0000] {dag.py:3239} INFO - Sync 1 DAGs
[2024-12-02T11:13:02.376+0000] {logging_mixin.py:190} INFO - [2024-12-02T11:13:02.375+0000] {dag.py:4180} INFO - Setting next_dagrun for example_hello_airflow to None, run_after=None
[2024-12-02T11:13:02.393+0000] {processor.py:208} INFO - Processing /opt/airflow/dags/abc_example_dag.py took 0.058 seconds
[2024-12-02T11:13:33.118+0000] {processor.py:186} INFO - Started process (PID=1952) to work on /opt/airflow/dags/abc_example_dag.py
[2024-12-02T11:13:33.121+0000] {processor.py:914} INFO - Processing file /opt/airflow/dags/abc_example_dag.py for tasks to queue
[2024-12-02T11:13:33.123+0000] {logging_mixin.py:190} INFO - [2024-12-02T11:13:33.122+0000] {dagbag.py:588} INFO - Filling up the DagBag from /opt/airflow/dags/abc_example_dag.py
[2024-12-02T11:13:33.127+0000] {processor.py:925} INFO - DAG(s) 'example_hello_airflow' retrieved from /opt/airflow/dags/abc_example_dag.py
[2024-12-02T11:13:33.140+0000] {logging_mixin.py:190} INFO - [2024-12-02T11:13:33.139+0000] {dag.py:3239} INFO - Sync 1 DAGs
[2024-12-02T11:13:33.149+0000] {logging_mixin.py:190} INFO - [2024-12-02T11:13:33.149+0000] {dag.py:4180} INFO - Setting next_dagrun for example_hello_airflow to None, run_after=None
[2024-12-02T11:13:33.172+0000] {processor.py:208} INFO - Processing /opt/airflow/dags/abc_example_dag.py took 0.058 seconds
[2024-12-02T11:14:05.346+0000] {processor.py:186} INFO - Started process (PID=2014) to work on /opt/airflow/dags/abc_example_dag.py
[2024-12-02T11:14:05.361+0000] {processor.py:914} INFO - Processing file /opt/airflow/dags/abc_example_dag.py for tasks to queue
[2024-12-02T11:14:05.364+0000] {logging_mixin.py:190} INFO - [2024-12-02T11:14:05.364+0000] {dagbag.py:588} INFO - Filling up the DagBag from /opt/airflow/dags/abc_example_dag.py
[2024-12-02T11:14:05.383+0000] {processor.py:925} INFO - DAG(s) 'example_hello_airflow' retrieved from /opt/airflow/dags/abc_example_dag.py
[2024-12-02T11:14:05.414+0000] {logging_mixin.py:190} INFO - [2024-12-02T11:14:05.414+0000] {dag.py:3239} INFO - Sync 1 DAGs
[2024-12-02T11:14:05.436+0000] {logging_mixin.py:190} INFO - [2024-12-02T11:14:05.436+0000] {dag.py:4180} INFO - Setting next_dagrun for example_hello_airflow to None, run_after=None
[2024-12-02T11:14:05.470+0000] {processor.py:208} INFO - Processing /opt/airflow/dags/abc_example_dag.py took 0.128 seconds
[2024-12-02T11:14:36.447+0000] {processor.py:186} INFO - Started process (PID=2079) to work on /opt/airflow/dags/abc_example_dag.py
[2024-12-02T11:14:36.450+0000] {processor.py:914} INFO - Processing file /opt/airflow/dags/abc_example_dag.py for tasks to queue
[2024-12-02T11:14:36.455+0000] {logging_mixin.py:190} INFO - [2024-12-02T11:14:36.455+0000] {dagbag.py:588} INFO - Filling up the DagBag from /opt/airflow/dags/abc_example_dag.py
[2024-12-02T11:14:36.460+0000] {processor.py:925} INFO - DAG(s) 'example_hello_airflow' retrieved from /opt/airflow/dags/abc_example_dag.py
[2024-12-02T11:14:36.473+0000] {logging_mixin.py:190} INFO - [2024-12-02T11:14:36.473+0000] {dag.py:3239} INFO - Sync 1 DAGs
[2024-12-02T11:14:36.484+0000] {logging_mixin.py:190} INFO - [2024-12-02T11:14:36.483+0000] {dag.py:4180} INFO - Setting next_dagrun for example_hello_airflow to None, run_after=None
[2024-12-02T11:14:36.497+0000] {processor.py:208} INFO - Processing /opt/airflow/dags/abc_example_dag.py took 0.054 seconds
[2024-12-02T11:15:06.937+0000] {processor.py:186} INFO - Started process (PID=2144) to work on /opt/airflow/dags/abc_example_dag.py
[2024-12-02T11:15:06.937+0000] {processor.py:914} INFO - Processing file /opt/airflow/dags/abc_example_dag.py for tasks to queue
[2024-12-02T11:15:06.939+0000] {logging_mixin.py:190} INFO - [2024-12-02T11:15:06.939+0000] {dagbag.py:588} INFO - Filling up the DagBag from /opt/airflow/dags/abc_example_dag.py
[2024-12-02T11:15:06.944+0000] {processor.py:925} INFO - DAG(s) 'example_hello_airflow' retrieved from /opt/airflow/dags/abc_example_dag.py
[2024-12-02T11:15:06.956+0000] {logging_mixin.py:190} INFO - [2024-12-02T11:15:06.956+0000] {dag.py:3239} INFO - Sync 1 DAGs
[2024-12-02T11:15:06.966+0000] {logging_mixin.py:190} INFO - [2024-12-02T11:15:06.966+0000] {dag.py:4180} INFO - Setting next_dagrun for example_hello_airflow to None, run_after=None
[2024-12-02T11:15:06.988+0000] {processor.py:208} INFO - Processing /opt/airflow/dags/abc_example_dag.py took 0.055 seconds
[2024-12-02T11:15:37.128+0000] {processor.py:186} INFO - Started process (PID=2209) to work on /opt/airflow/dags/abc_example_dag.py
[2024-12-02T11:15:37.135+0000] {processor.py:914} INFO - Processing file /opt/airflow/dags/abc_example_dag.py for tasks to queue
[2024-12-02T11:15:37.137+0000] {logging_mixin.py:190} INFO - [2024-12-02T11:15:37.137+0000] {dagbag.py:588} INFO - Filling up the DagBag from /opt/airflow/dags/abc_example_dag.py
[2024-12-02T11:15:37.156+0000] {processor.py:925} INFO - DAG(s) 'example_hello_airflow' retrieved from /opt/airflow/dags/abc_example_dag.py
[2024-12-02T11:15:37.186+0000] {logging_mixin.py:190} INFO - [2024-12-02T11:15:37.185+0000] {dag.py:3239} INFO - Sync 1 DAGs
[2024-12-02T11:15:37.220+0000] {logging_mixin.py:190} INFO - [2024-12-02T11:15:37.219+0000] {dag.py:4180} INFO - Setting next_dagrun for example_hello_airflow to None, run_after=None
[2024-12-02T11:15:37.265+0000] {processor.py:208} INFO - Processing /opt/airflow/dags/abc_example_dag.py took 0.141 seconds
