[2024-12-02T11:18:05.269+0000] {processor.py:186} INFO - Started process (PID=2497) to work on /opt/airflow/dags/example_hello_airflow.py
[2024-12-02T11:18:05.269+0000] {processor.py:914} INFO - Processing file /opt/airflow/dags/example_hello_airflow.py for tasks to queue
[2024-12-02T11:18:05.270+0000] {logging_mixin.py:190} INFO - [2024-12-02T11:18:05.270+0000] {dagbag.py:588} INFO - Filling up the DagBag from /opt/airflow/dags/example_hello_airflow.py
[2024-12-02T11:18:05.275+0000] {processor.py:925} INFO - DAG(s) 'example_hello_airflow' retrieved from /opt/airflow/dags/example_hello_airflow.py
[2024-12-02T11:18:05.355+0000] {logging_mixin.py:190} INFO - [2024-12-02T11:18:05.355+0000] {dag.py:3239} INFO - Sync 1 DAGs
[2024-12-02T11:18:05.364+0000] {logging_mixin.py:190} INFO - [2024-12-02T11:18:05.364+0000] {dag.py:4180} INFO - Setting next_dagrun for example_hello_airflow to None, run_after=None
[2024-12-02T11:18:05.381+0000] {processor.py:208} INFO - Processing /opt/airflow/dags/example_hello_airflow.py took 0.117 seconds
[2024-12-02T11:18:36.300+0000] {processor.py:186} INFO - Started process (PID=2562) to work on /opt/airflow/dags/example_hello_airflow.py
[2024-12-02T11:18:36.300+0000] {processor.py:914} INFO - Processing file /opt/airflow/dags/example_hello_airflow.py for tasks to queue
[2024-12-02T11:18:36.301+0000] {logging_mixin.py:190} INFO - [2024-12-02T11:18:36.301+0000] {dagbag.py:588} INFO - Filling up the DagBag from /opt/airflow/dags/example_hello_airflow.py
[2024-12-02T11:18:36.305+0000] {processor.py:925} INFO - DAG(s) 'example_hello_airflow' retrieved from /opt/airflow/dags/example_hello_airflow.py
[2024-12-02T11:18:36.319+0000] {logging_mixin.py:190} INFO - [2024-12-02T11:18:36.319+0000] {dag.py:3239} INFO - Sync 1 DAGs
[2024-12-02T11:18:36.328+0000] {logging_mixin.py:190} INFO - [2024-12-02T11:18:36.328+0000] {dag.py:4180} INFO - Setting next_dagrun for example_hello_airflow to None, run_after=None
[2024-12-02T11:18:36.342+0000] {processor.py:208} INFO - Processing /opt/airflow/dags/example_hello_airflow.py took 0.046 seconds
[2024-12-02T11:19:06.755+0000] {processor.py:186} INFO - Started process (PID=2627) to work on /opt/airflow/dags/example_hello_airflow.py
[2024-12-02T11:19:06.757+0000] {processor.py:914} INFO - Processing file /opt/airflow/dags/example_hello_airflow.py for tasks to queue
[2024-12-02T11:19:06.758+0000] {logging_mixin.py:190} INFO - [2024-12-02T11:19:06.758+0000] {dagbag.py:588} INFO - Filling up the DagBag from /opt/airflow/dags/example_hello_airflow.py
[2024-12-02T11:19:06.763+0000] {processor.py:925} INFO - DAG(s) 'example_hello_airflow' retrieved from /opt/airflow/dags/example_hello_airflow.py
[2024-12-02T11:19:06.778+0000] {logging_mixin.py:190} INFO - [2024-12-02T11:19:06.778+0000] {dag.py:3239} INFO - Sync 1 DAGs
[2024-12-02T11:19:06.790+0000] {logging_mixin.py:190} INFO - [2024-12-02T11:19:06.790+0000] {dag.py:4180} INFO - Setting next_dagrun for example_hello_airflow to None, run_after=None
[2024-12-02T11:19:06.806+0000] {processor.py:208} INFO - Processing /opt/airflow/dags/example_hello_airflow.py took 0.055 seconds
[2024-12-02T11:19:36.934+0000] {processor.py:186} INFO - Started process (PID=2692) to work on /opt/airflow/dags/example_hello_airflow.py
[2024-12-02T11:19:36.934+0000] {processor.py:914} INFO - Processing file /opt/airflow/dags/example_hello_airflow.py for tasks to queue
[2024-12-02T11:19:36.935+0000] {logging_mixin.py:190} INFO - [2024-12-02T11:19:36.935+0000] {dagbag.py:588} INFO - Filling up the DagBag from /opt/airflow/dags/example_hello_airflow.py
[2024-12-02T11:19:36.939+0000] {processor.py:925} INFO - DAG(s) 'example_hello_airflow' retrieved from /opt/airflow/dags/example_hello_airflow.py
[2024-12-02T11:19:36.952+0000] {logging_mixin.py:190} INFO - [2024-12-02T11:19:36.952+0000] {dag.py:3239} INFO - Sync 1 DAGs
[2024-12-02T11:19:36.961+0000] {logging_mixin.py:190} INFO - [2024-12-02T11:19:36.961+0000] {dag.py:4180} INFO - Setting next_dagrun for example_hello_airflow to None, run_after=None
[2024-12-02T11:19:36.976+0000] {processor.py:208} INFO - Processing /opt/airflow/dags/example_hello_airflow.py took 0.046 seconds
