[2024-12-02T10:18:26.890+0000] {processor.py:186} INFO - Started process (PID=110) to work on /home/airflow/.local/lib/python3.12/site-packages/airflow/example_dags/example_sensors.py
[2024-12-02T10:18:26.904+0000] {processor.py:914} INFO - Processing file /home/airflow/.local/lib/python3.12/site-packages/airflow/example_dags/example_sensors.py for tasks to queue
[2024-12-02T10:18:28.838+0000] {logging_mixin.py:190} INFO - [2024-12-02T10:18:26.917+0000] {dagbag.py:588} INFO - Filling up the DagBag from /home/airflow/.local/lib/python3.12/site-packages/airflow/example_dags/example_sensors.py
[2024-12-02T10:18:44.151+0000] {processor.py:925} INFO - DAG(s) 'example_sensors' retrieved from /home/airflow/.local/lib/python3.12/site-packages/airflow/example_dags/example_sensors.py
[2024-12-02T10:19:13.325+0000] {logging_mixin.py:190} INFO - [2024-12-02T10:19:13.316+0000] {override.py:1911} INFO - Created Permission View: can delete on DAG:example_sensors
[2024-12-02T10:19:13.386+0000] {logging_mixin.py:190} INFO - [2024-12-02T10:19:13.383+0000] {override.py:1911} INFO - Created Permission View: can edit on DAG:example_sensors
[2024-12-02T10:19:13.435+0000] {logging_mixin.py:190} INFO - [2024-12-02T10:19:13.432+0000] {override.py:1911} INFO - Created Permission View: can read on DAG:example_sensors
[2024-12-02T10:19:13.473+0000] {logging_mixin.py:190} INFO - [2024-12-02T10:19:13.470+0000] {override.py:1911} INFO - Created Permission View: menu access on DAG Run:example_sensors
[2024-12-02T10:19:13.508+0000] {logging_mixin.py:190} INFO - [2024-12-02T10:19:13.506+0000] {override.py:1911} INFO - Created Permission View: can create on DAG Run:example_sensors
[2024-12-02T10:19:13.545+0000] {logging_mixin.py:190} INFO - [2024-12-02T10:19:13.543+0000] {override.py:1911} INFO - Created Permission View: can delete on DAG Run:example_sensors
[2024-12-02T10:19:13.582+0000] {logging_mixin.py:190} INFO - [2024-12-02T10:19:13.580+0000] {override.py:1911} INFO - Created Permission View: can read on DAG Run:example_sensors
[2024-12-02T10:19:13.584+0000] {logging_mixin.py:190} INFO - [2024-12-02T10:19:13.584+0000] {dag.py:3239} INFO - Sync 1 DAGs
[2024-12-02T10:19:13.685+0000] {logging_mixin.py:190} INFO - [2024-12-02T10:19:13.684+0000] {dag.py:3262} INFO - Creating ORM DAG for example_sensors
[2024-12-02T10:19:13.689+0000] {logging_mixin.py:190} INFO - [2024-12-02T10:19:13.687+0000] {dag.py:4180} INFO - Setting next_dagrun for example_sensors to None, run_after=None
[2024-12-02T10:19:13.832+0000] {processor.py:208} INFO - Processing /home/airflow/.local/lib/python3.12/site-packages/airflow/example_dags/example_sensors.py took 44.306 seconds
[2024-12-02T10:36:20.554+0000] {processor.py:186} INFO - Started process (PID=66) to work on /home/airflow/.local/lib/python3.12/site-packages/airflow/example_dags/example_sensors.py
[2024-12-02T10:36:20.560+0000] {processor.py:914} INFO - Processing file /home/airflow/.local/lib/python3.12/site-packages/airflow/example_dags/example_sensors.py for tasks to queue
[2024-12-02T10:36:20.571+0000] {logging_mixin.py:190} INFO - [2024-12-02T10:36:20.571+0000] {dagbag.py:588} INFO - Filling up the DagBag from /home/airflow/.local/lib/python3.12/site-packages/airflow/example_dags/example_sensors.py
[2024-12-02T10:36:20.634+0000] {processor.py:925} INFO - DAG(s) 'example_sensors' retrieved from /home/airflow/.local/lib/python3.12/site-packages/airflow/example_dags/example_sensors.py
[2024-12-02T10:36:20.786+0000] {logging_mixin.py:190} INFO - [2024-12-02T10:36:20.785+0000] {dag.py:3239} INFO - Sync 1 DAGs
[2024-12-02T10:36:20.833+0000] {logging_mixin.py:190} INFO - [2024-12-02T10:36:20.832+0000] {dag.py:4180} INFO - Setting next_dagrun for example_sensors to None, run_after=None
[2024-12-02T10:36:20.905+0000] {processor.py:208} INFO - Processing /home/airflow/.local/lib/python3.12/site-packages/airflow/example_dags/example_sensors.py took 0.373 seconds
[2024-12-02T10:38:10.887+0000] {processor.py:186} INFO - Started process (PID=67) to work on /home/airflow/.local/lib/python3.12/site-packages/airflow/example_dags/example_sensors.py
[2024-12-02T10:38:10.895+0000] {processor.py:914} INFO - Processing file /home/airflow/.local/lib/python3.12/site-packages/airflow/example_dags/example_sensors.py for tasks to queue
[2024-12-02T10:38:10.910+0000] {logging_mixin.py:190} INFO - [2024-12-02T10:38:10.910+0000] {dagbag.py:588} INFO - Filling up the DagBag from /home/airflow/.local/lib/python3.12/site-packages/airflow/example_dags/example_sensors.py
[2024-12-02T10:38:10.976+0000] {processor.py:925} INFO - DAG(s) 'example_sensors' retrieved from /home/airflow/.local/lib/python3.12/site-packages/airflow/example_dags/example_sensors.py
[2024-12-02T10:38:11.222+0000] {logging_mixin.py:190} INFO - [2024-12-02T10:38:11.221+0000] {dag.py:3239} INFO - Sync 1 DAGs
[2024-12-02T10:38:11.307+0000] {logging_mixin.py:190} INFO - [2024-12-02T10:38:11.306+0000] {dag.py:4180} INFO - Setting next_dagrun for example_sensors to None, run_after=None
[2024-12-02T10:38:11.382+0000] {processor.py:208} INFO - Processing /home/airflow/.local/lib/python3.12/site-packages/airflow/example_dags/example_sensors.py took 0.501 seconds
[2024-12-02T10:38:47.784+0000] {processor.py:186} INFO - Started process (PID=137) to work on /home/airflow/.local/lib/python3.12/site-packages/airflow/example_dags/example_sensors.py
[2024-12-02T10:38:47.785+0000] {processor.py:914} INFO - Processing file /home/airflow/.local/lib/python3.12/site-packages/airflow/example_dags/example_sensors.py for tasks to queue
[2024-12-02T10:38:47.788+0000] {logging_mixin.py:190} INFO - [2024-12-02T10:38:47.788+0000] {dagbag.py:588} INFO - Filling up the DagBag from /home/airflow/.local/lib/python3.12/site-packages/airflow/example_dags/example_sensors.py
[2024-12-02T10:38:47.802+0000] {processor.py:925} INFO - DAG(s) 'example_sensors' retrieved from /home/airflow/.local/lib/python3.12/site-packages/airflow/example_dags/example_sensors.py
[2024-12-02T10:38:47.837+0000] {logging_mixin.py:190} INFO - [2024-12-02T10:38:47.836+0000] {dag.py:3239} INFO - Sync 1 DAGs
[2024-12-02T10:38:47.853+0000] {logging_mixin.py:190} INFO - [2024-12-02T10:38:47.853+0000] {dag.py:4180} INFO - Setting next_dagrun for example_sensors to None, run_after=None
[2024-12-02T10:38:47.872+0000] {processor.py:208} INFO - Processing /home/airflow/.local/lib/python3.12/site-packages/airflow/example_dags/example_sensors.py took 0.095 seconds
[2024-12-02T10:39:18.089+0000] {processor.py:186} INFO - Started process (PID=200) to work on /home/airflow/.local/lib/python3.12/site-packages/airflow/example_dags/example_sensors.py
[2024-12-02T10:39:18.091+0000] {processor.py:914} INFO - Processing file /home/airflow/.local/lib/python3.12/site-packages/airflow/example_dags/example_sensors.py for tasks to queue
[2024-12-02T10:39:18.092+0000] {logging_mixin.py:190} INFO - [2024-12-02T10:39:18.092+0000] {dagbag.py:588} INFO - Filling up the DagBag from /home/airflow/.local/lib/python3.12/site-packages/airflow/example_dags/example_sensors.py
[2024-12-02T10:39:18.102+0000] {processor.py:925} INFO - DAG(s) 'example_sensors' retrieved from /home/airflow/.local/lib/python3.12/site-packages/airflow/example_dags/example_sensors.py
[2024-12-02T10:39:18.120+0000] {logging_mixin.py:190} INFO - [2024-12-02T10:39:18.120+0000] {dag.py:3239} INFO - Sync 1 DAGs
[2024-12-02T10:39:18.130+0000] {logging_mixin.py:190} INFO - [2024-12-02T10:39:18.130+0000] {dag.py:4180} INFO - Setting next_dagrun for example_sensors to None, run_after=None
[2024-12-02T10:39:18.145+0000] {processor.py:208} INFO - Processing /home/airflow/.local/lib/python3.12/site-packages/airflow/example_dags/example_sensors.py took 0.060 seconds
[2024-12-02T10:39:49.688+0000] {processor.py:186} INFO - Started process (PID=255) to work on /home/airflow/.local/lib/python3.12/site-packages/airflow/example_dags/example_sensors.py
[2024-12-02T10:39:49.706+0000] {processor.py:914} INFO - Processing file /home/airflow/.local/lib/python3.12/site-packages/airflow/example_dags/example_sensors.py for tasks to queue
[2024-12-02T10:39:49.721+0000] {logging_mixin.py:190} INFO - [2024-12-02T10:39:49.721+0000] {dagbag.py:588} INFO - Filling up the DagBag from /home/airflow/.local/lib/python3.12/site-packages/airflow/example_dags/example_sensors.py
[2024-12-02T10:39:49.774+0000] {processor.py:925} INFO - DAG(s) 'example_sensors' retrieved from /home/airflow/.local/lib/python3.12/site-packages/airflow/example_dags/example_sensors.py
[2024-12-02T10:39:49.869+0000] {logging_mixin.py:190} INFO - [2024-12-02T10:39:49.869+0000] {dag.py:3239} INFO - Sync 1 DAGs
[2024-12-02T10:39:49.912+0000] {logging_mixin.py:190} INFO - [2024-12-02T10:39:49.912+0000] {dag.py:4180} INFO - Setting next_dagrun for example_sensors to None, run_after=None
[2024-12-02T10:39:49.957+0000] {processor.py:208} INFO - Processing /home/airflow/.local/lib/python3.12/site-packages/airflow/example_dags/example_sensors.py took 0.283 seconds
[2024-12-02T10:40:20.490+0000] {processor.py:186} INFO - Started process (PID=319) to work on /home/airflow/.local/lib/python3.12/site-packages/airflow/example_dags/example_sensors.py
[2024-12-02T10:40:20.511+0000] {processor.py:914} INFO - Processing file /home/airflow/.local/lib/python3.12/site-packages/airflow/example_dags/example_sensors.py for tasks to queue
[2024-12-02T10:40:20.524+0000] {logging_mixin.py:190} INFO - [2024-12-02T10:40:20.524+0000] {dagbag.py:588} INFO - Filling up the DagBag from /home/airflow/.local/lib/python3.12/site-packages/airflow/example_dags/example_sensors.py
[2024-12-02T10:40:20.552+0000] {processor.py:925} INFO - DAG(s) 'example_sensors' retrieved from /home/airflow/.local/lib/python3.12/site-packages/airflow/example_dags/example_sensors.py
[2024-12-02T10:40:20.619+0000] {logging_mixin.py:190} INFO - [2024-12-02T10:40:20.619+0000] {dag.py:3239} INFO - Sync 1 DAGs
[2024-12-02T10:40:20.635+0000] {logging_mixin.py:190} INFO - [2024-12-02T10:40:20.634+0000] {dag.py:4180} INFO - Setting next_dagrun for example_sensors to None, run_after=None
[2024-12-02T10:40:20.725+0000] {processor.py:208} INFO - Processing /home/airflow/.local/lib/python3.12/site-packages/airflow/example_dags/example_sensors.py took 0.294 seconds
[2024-12-02T10:40:51.440+0000] {processor.py:186} INFO - Started process (PID=382) to work on /home/airflow/.local/lib/python3.12/site-packages/airflow/example_dags/example_sensors.py
[2024-12-02T10:40:51.442+0000] {processor.py:914} INFO - Processing file /home/airflow/.local/lib/python3.12/site-packages/airflow/example_dags/example_sensors.py for tasks to queue
[2024-12-02T10:40:51.446+0000] {logging_mixin.py:190} INFO - [2024-12-02T10:40:51.446+0000] {dagbag.py:588} INFO - Filling up the DagBag from /home/airflow/.local/lib/python3.12/site-packages/airflow/example_dags/example_sensors.py
[2024-12-02T10:40:51.466+0000] {processor.py:925} INFO - DAG(s) 'example_sensors' retrieved from /home/airflow/.local/lib/python3.12/site-packages/airflow/example_dags/example_sensors.py
[2024-12-02T10:40:51.491+0000] {logging_mixin.py:190} INFO - [2024-12-02T10:40:51.490+0000] {dag.py:3239} INFO - Sync 1 DAGs
[2024-12-02T10:40:51.504+0000] {logging_mixin.py:190} INFO - [2024-12-02T10:40:51.504+0000] {dag.py:4180} INFO - Setting next_dagrun for example_sensors to None, run_after=None
[2024-12-02T10:40:51.523+0000] {processor.py:208} INFO - Processing /home/airflow/.local/lib/python3.12/site-packages/airflow/example_dags/example_sensors.py took 0.093 seconds
[2024-12-02T10:42:03.278+0000] {processor.py:186} INFO - Started process (PID=67) to work on /home/airflow/.local/lib/python3.12/site-packages/airflow/example_dags/example_sensors.py
[2024-12-02T10:42:03.285+0000] {processor.py:914} INFO - Processing file /home/airflow/.local/lib/python3.12/site-packages/airflow/example_dags/example_sensors.py for tasks to queue
[2024-12-02T10:42:03.288+0000] {logging_mixin.py:190} INFO - [2024-12-02T10:42:03.287+0000] {dagbag.py:588} INFO - Filling up the DagBag from /home/airflow/.local/lib/python3.12/site-packages/airflow/example_dags/example_sensors.py
[2024-12-02T10:42:03.312+0000] {processor.py:925} INFO - DAG(s) 'example_sensors' retrieved from /home/airflow/.local/lib/python3.12/site-packages/airflow/example_dags/example_sensors.py
[2024-12-02T10:42:03.373+0000] {logging_mixin.py:190} INFO - [2024-12-02T10:42:03.373+0000] {dag.py:3239} INFO - Sync 1 DAGs
[2024-12-02T10:42:03.397+0000] {logging_mixin.py:190} INFO - [2024-12-02T10:42:03.397+0000] {dag.py:4180} INFO - Setting next_dagrun for example_sensors to None, run_after=None
[2024-12-02T10:42:03.420+0000] {processor.py:208} INFO - Processing /home/airflow/.local/lib/python3.12/site-packages/airflow/example_dags/example_sensors.py took 0.158 seconds
[2024-12-02T10:42:33.751+0000] {processor.py:186} INFO - Started process (PID=129) to work on /home/airflow/.local/lib/python3.12/site-packages/airflow/example_dags/example_sensors.py
[2024-12-02T10:42:33.764+0000] {processor.py:914} INFO - Processing file /home/airflow/.local/lib/python3.12/site-packages/airflow/example_dags/example_sensors.py for tasks to queue
[2024-12-02T10:42:33.766+0000] {logging_mixin.py:190} INFO - [2024-12-02T10:42:33.765+0000] {dagbag.py:588} INFO - Filling up the DagBag from /home/airflow/.local/lib/python3.12/site-packages/airflow/example_dags/example_sensors.py
[2024-12-02T10:42:33.793+0000] {processor.py:925} INFO - DAG(s) 'example_sensors' retrieved from /home/airflow/.local/lib/python3.12/site-packages/airflow/example_dags/example_sensors.py
[2024-12-02T10:42:33.845+0000] {logging_mixin.py:190} INFO - [2024-12-02T10:42:33.844+0000] {dag.py:3239} INFO - Sync 1 DAGs
[2024-12-02T10:42:33.867+0000] {logging_mixin.py:190} INFO - [2024-12-02T10:42:33.867+0000] {dag.py:4180} INFO - Setting next_dagrun for example_sensors to None, run_after=None
[2024-12-02T10:42:33.898+0000] {processor.py:208} INFO - Processing /home/airflow/.local/lib/python3.12/site-packages/airflow/example_dags/example_sensors.py took 0.175 seconds
[2024-12-02T10:43:04.648+0000] {processor.py:186} INFO - Started process (PID=187) to work on /home/airflow/.local/lib/python3.12/site-packages/airflow/example_dags/example_sensors.py
[2024-12-02T10:43:04.649+0000] {processor.py:914} INFO - Processing file /home/airflow/.local/lib/python3.12/site-packages/airflow/example_dags/example_sensors.py for tasks to queue
[2024-12-02T10:43:04.652+0000] {logging_mixin.py:190} INFO - [2024-12-02T10:43:04.651+0000] {dagbag.py:588} INFO - Filling up the DagBag from /home/airflow/.local/lib/python3.12/site-packages/airflow/example_dags/example_sensors.py
[2024-12-02T10:43:04.663+0000] {processor.py:925} INFO - DAG(s) 'example_sensors' retrieved from /home/airflow/.local/lib/python3.12/site-packages/airflow/example_dags/example_sensors.py
[2024-12-02T10:43:04.694+0000] {logging_mixin.py:190} INFO - [2024-12-02T10:43:04.694+0000] {dag.py:3239} INFO - Sync 1 DAGs
[2024-12-02T10:43:04.704+0000] {logging_mixin.py:190} INFO - [2024-12-02T10:43:04.704+0000] {dag.py:4180} INFO - Setting next_dagrun for example_sensors to None, run_after=None
[2024-12-02T10:43:04.741+0000] {processor.py:208} INFO - Processing /home/airflow/.local/lib/python3.12/site-packages/airflow/example_dags/example_sensors.py took 0.100 seconds
[2024-12-02T10:43:35.030+0000] {processor.py:186} INFO - Started process (PID=251) to work on /home/airflow/.local/lib/python3.12/site-packages/airflow/example_dags/example_sensors.py
[2024-12-02T10:43:35.032+0000] {processor.py:914} INFO - Processing file /home/airflow/.local/lib/python3.12/site-packages/airflow/example_dags/example_sensors.py for tasks to queue
[2024-12-02T10:43:35.034+0000] {logging_mixin.py:190} INFO - [2024-12-02T10:43:35.034+0000] {dagbag.py:588} INFO - Filling up the DagBag from /home/airflow/.local/lib/python3.12/site-packages/airflow/example_dags/example_sensors.py
[2024-12-02T10:43:35.041+0000] {processor.py:925} INFO - DAG(s) 'example_sensors' retrieved from /home/airflow/.local/lib/python3.12/site-packages/airflow/example_dags/example_sensors.py
[2024-12-02T10:43:35.058+0000] {logging_mixin.py:190} INFO - [2024-12-02T10:43:35.058+0000] {dag.py:3239} INFO - Sync 1 DAGs
[2024-12-02T10:43:35.068+0000] {logging_mixin.py:190} INFO - [2024-12-02T10:43:35.068+0000] {dag.py:4180} INFO - Setting next_dagrun for example_sensors to None, run_after=None
[2024-12-02T10:43:35.083+0000] {processor.py:208} INFO - Processing /home/airflow/.local/lib/python3.12/site-packages/airflow/example_dags/example_sensors.py took 0.057 seconds
[2024-12-02T10:44:05.650+0000] {processor.py:186} INFO - Started process (PID=314) to work on /home/airflow/.local/lib/python3.12/site-packages/airflow/example_dags/example_sensors.py
[2024-12-02T10:44:05.655+0000] {processor.py:914} INFO - Processing file /home/airflow/.local/lib/python3.12/site-packages/airflow/example_dags/example_sensors.py for tasks to queue
[2024-12-02T10:44:05.658+0000] {logging_mixin.py:190} INFO - [2024-12-02T10:44:05.657+0000] {dagbag.py:588} INFO - Filling up the DagBag from /home/airflow/.local/lib/python3.12/site-packages/airflow/example_dags/example_sensors.py
[2024-12-02T10:44:05.670+0000] {processor.py:925} INFO - DAG(s) 'example_sensors' retrieved from /home/airflow/.local/lib/python3.12/site-packages/airflow/example_dags/example_sensors.py
[2024-12-02T10:44:05.703+0000] {logging_mixin.py:190} INFO - [2024-12-02T10:44:05.700+0000] {dag.py:3239} INFO - Sync 1 DAGs
[2024-12-02T10:44:05.717+0000] {logging_mixin.py:190} INFO - [2024-12-02T10:44:05.716+0000] {dag.py:4180} INFO - Setting next_dagrun for example_sensors to None, run_after=None
[2024-12-02T10:44:05.740+0000] {processor.py:208} INFO - Processing /home/airflow/.local/lib/python3.12/site-packages/airflow/example_dags/example_sensors.py took 0.094 seconds
[2024-12-02T10:44:35.980+0000] {processor.py:186} INFO - Started process (PID=378) to work on /home/airflow/.local/lib/python3.12/site-packages/airflow/example_dags/example_sensors.py
[2024-12-02T10:44:35.981+0000] {processor.py:914} INFO - Processing file /home/airflow/.local/lib/python3.12/site-packages/airflow/example_dags/example_sensors.py for tasks to queue
[2024-12-02T10:44:35.983+0000] {logging_mixin.py:190} INFO - [2024-12-02T10:44:35.983+0000] {dagbag.py:588} INFO - Filling up the DagBag from /home/airflow/.local/lib/python3.12/site-packages/airflow/example_dags/example_sensors.py
[2024-12-02T10:44:35.993+0000] {processor.py:925} INFO - DAG(s) 'example_sensors' retrieved from /home/airflow/.local/lib/python3.12/site-packages/airflow/example_dags/example_sensors.py
[2024-12-02T10:44:36.010+0000] {logging_mixin.py:190} INFO - [2024-12-02T10:44:36.010+0000] {dag.py:3239} INFO - Sync 1 DAGs
[2024-12-02T10:44:36.020+0000] {logging_mixin.py:190} INFO - [2024-12-02T10:44:36.020+0000] {dag.py:4180} INFO - Setting next_dagrun for example_sensors to None, run_after=None
[2024-12-02T10:44:36.036+0000] {processor.py:208} INFO - Processing /home/airflow/.local/lib/python3.12/site-packages/airflow/example_dags/example_sensors.py took 0.060 seconds
[2024-12-02T10:45:07.922+0000] {processor.py:186} INFO - Started process (PID=442) to work on /home/airflow/.local/lib/python3.12/site-packages/airflow/example_dags/example_sensors.py
[2024-12-02T10:45:07.923+0000] {processor.py:914} INFO - Processing file /home/airflow/.local/lib/python3.12/site-packages/airflow/example_dags/example_sensors.py for tasks to queue
[2024-12-02T10:45:07.925+0000] {logging_mixin.py:190} INFO - [2024-12-02T10:45:07.925+0000] {dagbag.py:588} INFO - Filling up the DagBag from /home/airflow/.local/lib/python3.12/site-packages/airflow/example_dags/example_sensors.py
[2024-12-02T10:45:07.952+0000] {processor.py:925} INFO - DAG(s) 'example_sensors' retrieved from /home/airflow/.local/lib/python3.12/site-packages/airflow/example_dags/example_sensors.py
[2024-12-02T10:45:08.080+0000] {logging_mixin.py:190} INFO - [2024-12-02T10:45:08.079+0000] {dag.py:3239} INFO - Sync 1 DAGs
[2024-12-02T10:45:08.105+0000] {logging_mixin.py:190} INFO - [2024-12-02T10:45:08.105+0000] {dag.py:4180} INFO - Setting next_dagrun for example_sensors to None, run_after=None
[2024-12-02T10:45:08.133+0000] {processor.py:208} INFO - Processing /home/airflow/.local/lib/python3.12/site-packages/airflow/example_dags/example_sensors.py took 0.215 seconds
[2024-12-02T10:45:38.592+0000] {processor.py:186} INFO - Started process (PID=496) to work on /home/airflow/.local/lib/python3.12/site-packages/airflow/example_dags/example_sensors.py
[2024-12-02T10:45:38.593+0000] {processor.py:914} INFO - Processing file /home/airflow/.local/lib/python3.12/site-packages/airflow/example_dags/example_sensors.py for tasks to queue
[2024-12-02T10:45:38.596+0000] {logging_mixin.py:190} INFO - [2024-12-02T10:45:38.595+0000] {dagbag.py:588} INFO - Filling up the DagBag from /home/airflow/.local/lib/python3.12/site-packages/airflow/example_dags/example_sensors.py
[2024-12-02T10:45:38.615+0000] {processor.py:925} INFO - DAG(s) 'example_sensors' retrieved from /home/airflow/.local/lib/python3.12/site-packages/airflow/example_dags/example_sensors.py
[2024-12-02T10:45:38.667+0000] {logging_mixin.py:190} INFO - [2024-12-02T10:45:38.667+0000] {dag.py:3239} INFO - Sync 1 DAGs
[2024-12-02T10:45:38.725+0000] {logging_mixin.py:190} INFO - [2024-12-02T10:45:38.725+0000] {dag.py:4180} INFO - Setting next_dagrun for example_sensors to None, run_after=None
[2024-12-02T10:45:38.756+0000] {processor.py:208} INFO - Processing /home/airflow/.local/lib/python3.12/site-packages/airflow/example_dags/example_sensors.py took 0.179 seconds
[2024-12-02T10:46:12.860+0000] {processor.py:186} INFO - Started process (PID=560) to work on /home/airflow/.local/lib/python3.12/site-packages/airflow/example_dags/example_sensors.py
[2024-12-02T10:46:12.871+0000] {processor.py:914} INFO - Processing file /home/airflow/.local/lib/python3.12/site-packages/airflow/example_dags/example_sensors.py for tasks to queue
[2024-12-02T10:46:12.882+0000] {logging_mixin.py:190} INFO - [2024-12-02T10:46:12.877+0000] {dagbag.py:588} INFO - Filling up the DagBag from /home/airflow/.local/lib/python3.12/site-packages/airflow/example_dags/example_sensors.py
[2024-12-02T10:46:12.940+0000] {processor.py:925} INFO - DAG(s) 'example_sensors' retrieved from /home/airflow/.local/lib/python3.12/site-packages/airflow/example_dags/example_sensors.py
[2024-12-02T10:46:12.980+0000] {logging_mixin.py:190} INFO - [2024-12-02T10:46:12.979+0000] {dag.py:3239} INFO - Sync 1 DAGs
[2024-12-02T10:46:13.010+0000] {logging_mixin.py:190} INFO - [2024-12-02T10:46:13.010+0000] {dag.py:4180} INFO - Setting next_dagrun for example_sensors to None, run_after=None
[2024-12-02T10:46:13.033+0000] {processor.py:208} INFO - Processing /home/airflow/.local/lib/python3.12/site-packages/airflow/example_dags/example_sensors.py took 0.177 seconds
[2024-12-02T10:46:43.497+0000] {processor.py:186} INFO - Started process (PID=623) to work on /home/airflow/.local/lib/python3.12/site-packages/airflow/example_dags/example_sensors.py
[2024-12-02T10:46:43.500+0000] {processor.py:914} INFO - Processing file /home/airflow/.local/lib/python3.12/site-packages/airflow/example_dags/example_sensors.py for tasks to queue
[2024-12-02T10:46:43.504+0000] {logging_mixin.py:190} INFO - [2024-12-02T10:46:43.503+0000] {dagbag.py:588} INFO - Filling up the DagBag from /home/airflow/.local/lib/python3.12/site-packages/airflow/example_dags/example_sensors.py
[2024-12-02T10:46:43.521+0000] {processor.py:925} INFO - DAG(s) 'example_sensors' retrieved from /home/airflow/.local/lib/python3.12/site-packages/airflow/example_dags/example_sensors.py
[2024-12-02T10:46:43.560+0000] {logging_mixin.py:190} INFO - [2024-12-02T10:46:43.560+0000] {dag.py:3239} INFO - Sync 1 DAGs
[2024-12-02T10:46:43.592+0000] {logging_mixin.py:190} INFO - [2024-12-02T10:46:43.591+0000] {dag.py:4180} INFO - Setting next_dagrun for example_sensors to None, run_after=None
[2024-12-02T10:46:43.634+0000] {processor.py:208} INFO - Processing /home/airflow/.local/lib/python3.12/site-packages/airflow/example_dags/example_sensors.py took 0.148 seconds
[2024-12-02T10:48:18.110+0000] {processor.py:186} INFO - Started process (PID=678) to work on /home/airflow/.local/lib/python3.12/site-packages/airflow/example_dags/example_sensors.py
[2024-12-02T10:48:18.121+0000] {processor.py:914} INFO - Processing file /home/airflow/.local/lib/python3.12/site-packages/airflow/example_dags/example_sensors.py for tasks to queue
[2024-12-02T10:48:18.133+0000] {logging_mixin.py:190} INFO - [2024-12-02T10:48:18.131+0000] {dagbag.py:588} INFO - Filling up the DagBag from /home/airflow/.local/lib/python3.12/site-packages/airflow/example_dags/example_sensors.py
[2024-12-02T10:48:18.169+0000] {processor.py:925} INFO - DAG(s) 'example_sensors' retrieved from /home/airflow/.local/lib/python3.12/site-packages/airflow/example_dags/example_sensors.py
[2024-12-02T10:48:18.420+0000] {logging_mixin.py:190} INFO - [2024-12-02T10:48:18.415+0000] {dag.py:3239} INFO - Sync 1 DAGs
[2024-12-02T10:48:18.698+0000] {logging_mixin.py:190} INFO - [2024-12-02T10:48:18.644+0000] {dag.py:4180} INFO - Setting next_dagrun for example_sensors to None, run_after=None
[2024-12-02T10:58:05.882+0000] {processor.py:186} INFO - Started process (PID=67) to work on /home/airflow/.local/lib/python3.12/site-packages/airflow/example_dags/example_sensors.py
[2024-12-02T10:58:05.894+0000] {processor.py:914} INFO - Processing file /home/airflow/.local/lib/python3.12/site-packages/airflow/example_dags/example_sensors.py for tasks to queue
[2024-12-02T10:58:05.916+0000] {logging_mixin.py:190} INFO - [2024-12-02T10:58:05.916+0000] {dagbag.py:588} INFO - Filling up the DagBag from /home/airflow/.local/lib/python3.12/site-packages/airflow/example_dags/example_sensors.py
[2024-12-02T10:58:05.961+0000] {processor.py:925} INFO - DAG(s) 'example_sensors' retrieved from /home/airflow/.local/lib/python3.12/site-packages/airflow/example_dags/example_sensors.py
[2024-12-02T10:58:06.899+0000] {logging_mixin.py:190} INFO - [2024-12-02T10:58:06.899+0000] {dag.py:3239} INFO - Sync 1 DAGs
[2024-12-02T10:58:06.965+0000] {logging_mixin.py:190} INFO - [2024-12-02T10:58:06.965+0000] {dag.py:4180} INFO - Setting next_dagrun for example_sensors to None, run_after=None
[2024-12-02T10:58:07.069+0000] {processor.py:208} INFO - Processing /home/airflow/.local/lib/python3.12/site-packages/airflow/example_dags/example_sensors.py took 1.192 seconds
[2024-12-02T10:58:38.067+0000] {processor.py:186} INFO - Started process (PID=130) to work on /home/airflow/.local/lib/python3.12/site-packages/airflow/example_dags/example_sensors.py
[2024-12-02T10:58:38.073+0000] {processor.py:914} INFO - Processing file /home/airflow/.local/lib/python3.12/site-packages/airflow/example_dags/example_sensors.py for tasks to queue
[2024-12-02T10:58:38.075+0000] {logging_mixin.py:190} INFO - [2024-12-02T10:58:38.075+0000] {dagbag.py:588} INFO - Filling up the DagBag from /home/airflow/.local/lib/python3.12/site-packages/airflow/example_dags/example_sensors.py
[2024-12-02T10:58:38.090+0000] {processor.py:925} INFO - DAG(s) 'example_sensors' retrieved from /home/airflow/.local/lib/python3.12/site-packages/airflow/example_dags/example_sensors.py
[2024-12-02T10:58:38.117+0000] {logging_mixin.py:190} INFO - [2024-12-02T10:58:38.116+0000] {dag.py:3239} INFO - Sync 1 DAGs
[2024-12-02T10:58:38.127+0000] {logging_mixin.py:190} INFO - [2024-12-02T10:58:38.127+0000] {dag.py:4180} INFO - Setting next_dagrun for example_sensors to None, run_after=None
[2024-12-02T10:58:38.144+0000] {processor.py:208} INFO - Processing /home/airflow/.local/lib/python3.12/site-packages/airflow/example_dags/example_sensors.py took 0.091 seconds
[2024-12-02T10:59:08.222+0000] {processor.py:186} INFO - Started process (PID=194) to work on /home/airflow/.local/lib/python3.12/site-packages/airflow/example_dags/example_sensors.py
[2024-12-02T10:59:08.225+0000] {processor.py:914} INFO - Processing file /home/airflow/.local/lib/python3.12/site-packages/airflow/example_dags/example_sensors.py for tasks to queue
[2024-12-02T10:59:08.227+0000] {logging_mixin.py:190} INFO - [2024-12-02T10:59:08.226+0000] {dagbag.py:588} INFO - Filling up the DagBag from /home/airflow/.local/lib/python3.12/site-packages/airflow/example_dags/example_sensors.py
[2024-12-02T10:59:08.235+0000] {processor.py:925} INFO - DAG(s) 'example_sensors' retrieved from /home/airflow/.local/lib/python3.12/site-packages/airflow/example_dags/example_sensors.py
[2024-12-02T10:59:08.254+0000] {logging_mixin.py:190} INFO - [2024-12-02T10:59:08.254+0000] {dag.py:3239} INFO - Sync 1 DAGs
[2024-12-02T10:59:08.265+0000] {logging_mixin.py:190} INFO - [2024-12-02T10:59:08.265+0000] {dag.py:4180} INFO - Setting next_dagrun for example_sensors to None, run_after=None
[2024-12-02T10:59:08.280+0000] {processor.py:208} INFO - Processing /home/airflow/.local/lib/python3.12/site-packages/airflow/example_dags/example_sensors.py took 0.063 seconds
[2024-12-02T10:59:40.060+0000] {processor.py:186} INFO - Started process (PID=258) to work on /home/airflow/.local/lib/python3.12/site-packages/airflow/example_dags/example_sensors.py
[2024-12-02T10:59:40.065+0000] {processor.py:914} INFO - Processing file /home/airflow/.local/lib/python3.12/site-packages/airflow/example_dags/example_sensors.py for tasks to queue
[2024-12-02T10:59:40.080+0000] {logging_mixin.py:190} INFO - [2024-12-02T10:59:40.080+0000] {dagbag.py:588} INFO - Filling up the DagBag from /home/airflow/.local/lib/python3.12/site-packages/airflow/example_dags/example_sensors.py
[2024-12-02T10:59:40.154+0000] {processor.py:925} INFO - DAG(s) 'example_sensors' retrieved from /home/airflow/.local/lib/python3.12/site-packages/airflow/example_dags/example_sensors.py
[2024-12-02T10:59:40.338+0000] {logging_mixin.py:190} INFO - [2024-12-02T10:59:40.338+0000] {dag.py:3239} INFO - Sync 1 DAGs
[2024-12-02T10:59:40.463+0000] {logging_mixin.py:190} INFO - [2024-12-02T10:59:40.463+0000] {dag.py:4180} INFO - Setting next_dagrun for example_sensors to None, run_after=None
[2024-12-02T10:59:40.667+0000] {processor.py:208} INFO - Processing /home/airflow/.local/lib/python3.12/site-packages/airflow/example_dags/example_sensors.py took 0.693 seconds
[2024-12-02T11:00:11.762+0000] {processor.py:186} INFO - Started process (PID=321) to work on /home/airflow/.local/lib/python3.12/site-packages/airflow/example_dags/example_sensors.py
[2024-12-02T11:00:11.763+0000] {processor.py:914} INFO - Processing file /home/airflow/.local/lib/python3.12/site-packages/airflow/example_dags/example_sensors.py for tasks to queue
[2024-12-02T11:00:11.765+0000] {logging_mixin.py:190} INFO - [2024-12-02T11:00:11.764+0000] {dagbag.py:588} INFO - Filling up the DagBag from /home/airflow/.local/lib/python3.12/site-packages/airflow/example_dags/example_sensors.py
[2024-12-02T11:00:11.781+0000] {processor.py:925} INFO - DAG(s) 'example_sensors' retrieved from /home/airflow/.local/lib/python3.12/site-packages/airflow/example_dags/example_sensors.py
[2024-12-02T11:00:11.825+0000] {logging_mixin.py:190} INFO - [2024-12-02T11:00:11.824+0000] {dag.py:3239} INFO - Sync 1 DAGs
[2024-12-02T11:00:11.849+0000] {logging_mixin.py:190} INFO - [2024-12-02T11:00:11.848+0000] {dag.py:4180} INFO - Setting next_dagrun for example_sensors to None, run_after=None
[2024-12-02T11:00:11.932+0000] {processor.py:208} INFO - Processing /home/airflow/.local/lib/python3.12/site-packages/airflow/example_dags/example_sensors.py took 0.205 seconds
[2024-12-02T11:00:42.854+0000] {processor.py:186} INFO - Started process (PID=384) to work on /home/airflow/.local/lib/python3.12/site-packages/airflow/example_dags/example_sensors.py
[2024-12-02T11:00:42.856+0000] {processor.py:914} INFO - Processing file /home/airflow/.local/lib/python3.12/site-packages/airflow/example_dags/example_sensors.py for tasks to queue
[2024-12-02T11:00:42.858+0000] {logging_mixin.py:190} INFO - [2024-12-02T11:00:42.857+0000] {dagbag.py:588} INFO - Filling up the DagBag from /home/airflow/.local/lib/python3.12/site-packages/airflow/example_dags/example_sensors.py
[2024-12-02T11:00:42.865+0000] {processor.py:925} INFO - DAG(s) 'example_sensors' retrieved from /home/airflow/.local/lib/python3.12/site-packages/airflow/example_dags/example_sensors.py
[2024-12-02T11:00:42.881+0000] {logging_mixin.py:190} INFO - [2024-12-02T11:00:42.881+0000] {dag.py:3239} INFO - Sync 1 DAGs
[2024-12-02T11:00:42.890+0000] {logging_mixin.py:190} INFO - [2024-12-02T11:00:42.890+0000] {dag.py:4180} INFO - Setting next_dagrun for example_sensors to None, run_after=None
[2024-12-02T11:00:42.904+0000] {processor.py:208} INFO - Processing /home/airflow/.local/lib/python3.12/site-packages/airflow/example_dags/example_sensors.py took 0.061 seconds
[2024-12-02T11:01:13.496+0000] {processor.py:186} INFO - Started process (PID=442) to work on /home/airflow/.local/lib/python3.12/site-packages/airflow/example_dags/example_sensors.py
[2024-12-02T11:01:13.496+0000] {processor.py:914} INFO - Processing file /home/airflow/.local/lib/python3.12/site-packages/airflow/example_dags/example_sensors.py for tasks to queue
[2024-12-02T11:01:13.498+0000] {logging_mixin.py:190} INFO - [2024-12-02T11:01:13.498+0000] {dagbag.py:588} INFO - Filling up the DagBag from /home/airflow/.local/lib/python3.12/site-packages/airflow/example_dags/example_sensors.py
[2024-12-02T11:01:13.507+0000] {processor.py:925} INFO - DAG(s) 'example_sensors' retrieved from /home/airflow/.local/lib/python3.12/site-packages/airflow/example_dags/example_sensors.py
[2024-12-02T11:01:13.530+0000] {logging_mixin.py:190} INFO - [2024-12-02T11:01:13.530+0000] {dag.py:3239} INFO - Sync 1 DAGs
[2024-12-02T11:01:13.546+0000] {logging_mixin.py:190} INFO - [2024-12-02T11:01:13.546+0000] {dag.py:4180} INFO - Setting next_dagrun for example_sensors to None, run_after=None
[2024-12-02T11:01:13.588+0000] {processor.py:208} INFO - Processing /home/airflow/.local/lib/python3.12/site-packages/airflow/example_dags/example_sensors.py took 0.097 seconds
[2024-12-02T11:01:43.852+0000] {processor.py:186} INFO - Started process (PID=506) to work on /home/airflow/.local/lib/python3.12/site-packages/airflow/example_dags/example_sensors.py
[2024-12-02T11:01:43.855+0000] {processor.py:914} INFO - Processing file /home/airflow/.local/lib/python3.12/site-packages/airflow/example_dags/example_sensors.py for tasks to queue
[2024-12-02T11:01:43.857+0000] {logging_mixin.py:190} INFO - [2024-12-02T11:01:43.856+0000] {dagbag.py:588} INFO - Filling up the DagBag from /home/airflow/.local/lib/python3.12/site-packages/airflow/example_dags/example_sensors.py
[2024-12-02T11:01:43.864+0000] {processor.py:925} INFO - DAG(s) 'example_sensors' retrieved from /home/airflow/.local/lib/python3.12/site-packages/airflow/example_dags/example_sensors.py
[2024-12-02T11:01:43.881+0000] {logging_mixin.py:190} INFO - [2024-12-02T11:01:43.880+0000] {dag.py:3239} INFO - Sync 1 DAGs
[2024-12-02T11:01:43.890+0000] {logging_mixin.py:190} INFO - [2024-12-02T11:01:43.890+0000] {dag.py:4180} INFO - Setting next_dagrun for example_sensors to None, run_after=None
[2024-12-02T11:01:43.933+0000] {processor.py:208} INFO - Processing /home/airflow/.local/lib/python3.12/site-packages/airflow/example_dags/example_sensors.py took 0.085 seconds
[2024-12-02T11:02:14.759+0000] {processor.py:186} INFO - Started process (PID=570) to work on /home/airflow/.local/lib/python3.12/site-packages/airflow/example_dags/example_sensors.py
[2024-12-02T11:02:14.760+0000] {processor.py:914} INFO - Processing file /home/airflow/.local/lib/python3.12/site-packages/airflow/example_dags/example_sensors.py for tasks to queue
[2024-12-02T11:02:14.761+0000] {logging_mixin.py:190} INFO - [2024-12-02T11:02:14.761+0000] {dagbag.py:588} INFO - Filling up the DagBag from /home/airflow/.local/lib/python3.12/site-packages/airflow/example_dags/example_sensors.py
[2024-12-02T11:02:14.768+0000] {processor.py:925} INFO - DAG(s) 'example_sensors' retrieved from /home/airflow/.local/lib/python3.12/site-packages/airflow/example_dags/example_sensors.py
[2024-12-02T11:02:14.789+0000] {logging_mixin.py:190} INFO - [2024-12-02T11:02:14.789+0000] {dag.py:3239} INFO - Sync 1 DAGs
[2024-12-02T11:02:14.801+0000] {logging_mixin.py:190} INFO - [2024-12-02T11:02:14.801+0000] {dag.py:4180} INFO - Setting next_dagrun for example_sensors to None, run_after=None
[2024-12-02T11:02:14.816+0000] {processor.py:208} INFO - Processing /home/airflow/.local/lib/python3.12/site-packages/airflow/example_dags/example_sensors.py took 0.061 seconds
[2024-12-02T11:02:46.399+0000] {processor.py:186} INFO - Started process (PID=629) to work on /home/airflow/.local/lib/python3.12/site-packages/airflow/example_dags/example_sensors.py
[2024-12-02T11:02:46.405+0000] {processor.py:914} INFO - Processing file /home/airflow/.local/lib/python3.12/site-packages/airflow/example_dags/example_sensors.py for tasks to queue
[2024-12-02T11:02:46.407+0000] {logging_mixin.py:190} INFO - [2024-12-02T11:02:46.407+0000] {dagbag.py:588} INFO - Filling up the DagBag from /home/airflow/.local/lib/python3.12/site-packages/airflow/example_dags/example_sensors.py
[2024-12-02T11:02:46.465+0000] {processor.py:925} INFO - DAG(s) 'example_sensors' retrieved from /home/airflow/.local/lib/python3.12/site-packages/airflow/example_dags/example_sensors.py
[2024-12-02T11:02:46.552+0000] {logging_mixin.py:190} INFO - [2024-12-02T11:02:46.540+0000] {dag.py:3239} INFO - Sync 1 DAGs
[2024-12-02T11:02:46.605+0000] {logging_mixin.py:190} INFO - [2024-12-02T11:02:46.605+0000] {dag.py:4180} INFO - Setting next_dagrun for example_sensors to None, run_after=None
[2024-12-02T11:02:46.688+0000] {processor.py:208} INFO - Processing /home/airflow/.local/lib/python3.12/site-packages/airflow/example_dags/example_sensors.py took 0.322 seconds
[2024-12-02T11:03:20.293+0000] {processor.py:186} INFO - Started process (PID=692) to work on /home/airflow/.local/lib/python3.12/site-packages/airflow/example_dags/example_sensors.py
[2024-12-02T11:03:20.296+0000] {processor.py:914} INFO - Processing file /home/airflow/.local/lib/python3.12/site-packages/airflow/example_dags/example_sensors.py for tasks to queue
[2024-12-02T11:03:20.299+0000] {logging_mixin.py:190} INFO - [2024-12-02T11:03:20.298+0000] {dagbag.py:588} INFO - Filling up the DagBag from /home/airflow/.local/lib/python3.12/site-packages/airflow/example_dags/example_sensors.py
[2024-12-02T11:03:20.345+0000] {processor.py:925} INFO - DAG(s) 'example_sensors' retrieved from /home/airflow/.local/lib/python3.12/site-packages/airflow/example_dags/example_sensors.py
[2024-12-02T11:03:20.416+0000] {logging_mixin.py:190} INFO - [2024-12-02T11:03:20.410+0000] {dag.py:3239} INFO - Sync 1 DAGs
[2024-12-02T11:03:20.472+0000] {logging_mixin.py:190} INFO - [2024-12-02T11:03:20.471+0000] {dag.py:4180} INFO - Setting next_dagrun for example_sensors to None, run_after=None
[2024-12-02T11:03:20.518+0000] {processor.py:208} INFO - Processing /home/airflow/.local/lib/python3.12/site-packages/airflow/example_dags/example_sensors.py took 0.230 seconds
[2024-12-02T11:03:51.473+0000] {processor.py:186} INFO - Started process (PID=744) to work on /home/airflow/.local/lib/python3.12/site-packages/airflow/example_dags/example_sensors.py
[2024-12-02T11:03:51.481+0000] {processor.py:914} INFO - Processing file /home/airflow/.local/lib/python3.12/site-packages/airflow/example_dags/example_sensors.py for tasks to queue
[2024-12-02T11:03:51.483+0000] {logging_mixin.py:190} INFO - [2024-12-02T11:03:51.483+0000] {dagbag.py:588} INFO - Filling up the DagBag from /home/airflow/.local/lib/python3.12/site-packages/airflow/example_dags/example_sensors.py
[2024-12-02T11:03:51.499+0000] {processor.py:925} INFO - DAG(s) 'example_sensors' retrieved from /home/airflow/.local/lib/python3.12/site-packages/airflow/example_dags/example_sensors.py
[2024-12-02T11:03:51.531+0000] {logging_mixin.py:190} INFO - [2024-12-02T11:03:51.530+0000] {dag.py:3239} INFO - Sync 1 DAGs
[2024-12-02T11:03:51.542+0000] {logging_mixin.py:190} INFO - [2024-12-02T11:03:51.542+0000] {dag.py:4180} INFO - Setting next_dagrun for example_sensors to None, run_after=None
[2024-12-02T11:03:51.571+0000] {processor.py:208} INFO - Processing /home/airflow/.local/lib/python3.12/site-packages/airflow/example_dags/example_sensors.py took 0.114 seconds
[2024-12-02T11:04:21.762+0000] {processor.py:186} INFO - Started process (PID=809) to work on /home/airflow/.local/lib/python3.12/site-packages/airflow/example_dags/example_sensors.py
[2024-12-02T11:04:21.763+0000] {processor.py:914} INFO - Processing file /home/airflow/.local/lib/python3.12/site-packages/airflow/example_dags/example_sensors.py for tasks to queue
[2024-12-02T11:04:21.764+0000] {logging_mixin.py:190} INFO - [2024-12-02T11:04:21.764+0000] {dagbag.py:588} INFO - Filling up the DagBag from /home/airflow/.local/lib/python3.12/site-packages/airflow/example_dags/example_sensors.py
[2024-12-02T11:04:21.772+0000] {processor.py:925} INFO - DAG(s) 'example_sensors' retrieved from /home/airflow/.local/lib/python3.12/site-packages/airflow/example_dags/example_sensors.py
[2024-12-02T11:04:21.815+0000] {logging_mixin.py:190} INFO - [2024-12-02T11:04:21.815+0000] {dag.py:3239} INFO - Sync 1 DAGs
[2024-12-02T11:04:21.825+0000] {logging_mixin.py:190} INFO - [2024-12-02T11:04:21.825+0000] {dag.py:4180} INFO - Setting next_dagrun for example_sensors to None, run_after=None
[2024-12-02T11:04:21.839+0000] {processor.py:208} INFO - Processing /home/airflow/.local/lib/python3.12/site-packages/airflow/example_dags/example_sensors.py took 0.083 seconds
[2024-12-02T11:04:52.145+0000] {processor.py:186} INFO - Started process (PID=873) to work on /home/airflow/.local/lib/python3.12/site-packages/airflow/example_dags/example_sensors.py
[2024-12-02T11:04:52.146+0000] {processor.py:914} INFO - Processing file /home/airflow/.local/lib/python3.12/site-packages/airflow/example_dags/example_sensors.py for tasks to queue
[2024-12-02T11:04:52.148+0000] {logging_mixin.py:190} INFO - [2024-12-02T11:04:52.148+0000] {dagbag.py:588} INFO - Filling up the DagBag from /home/airflow/.local/lib/python3.12/site-packages/airflow/example_dags/example_sensors.py
[2024-12-02T11:04:52.156+0000] {processor.py:925} INFO - DAG(s) 'example_sensors' retrieved from /home/airflow/.local/lib/python3.12/site-packages/airflow/example_dags/example_sensors.py
[2024-12-02T11:04:52.172+0000] {logging_mixin.py:190} INFO - [2024-12-02T11:04:52.172+0000] {dag.py:3239} INFO - Sync 1 DAGs
[2024-12-02T11:04:52.182+0000] {logging_mixin.py:190} INFO - [2024-12-02T11:04:52.182+0000] {dag.py:4180} INFO - Setting next_dagrun for example_sensors to None, run_after=None
[2024-12-02T11:04:52.197+0000] {processor.py:208} INFO - Processing /home/airflow/.local/lib/python3.12/site-packages/airflow/example_dags/example_sensors.py took 0.056 seconds
[2024-12-02T11:05:22.801+0000] {processor.py:186} INFO - Started process (PID=937) to work on /home/airflow/.local/lib/python3.12/site-packages/airflow/example_dags/example_sensors.py
[2024-12-02T11:05:22.801+0000] {processor.py:914} INFO - Processing file /home/airflow/.local/lib/python3.12/site-packages/airflow/example_dags/example_sensors.py for tasks to queue
[2024-12-02T11:05:22.803+0000] {logging_mixin.py:190} INFO - [2024-12-02T11:05:22.803+0000] {dagbag.py:588} INFO - Filling up the DagBag from /home/airflow/.local/lib/python3.12/site-packages/airflow/example_dags/example_sensors.py
[2024-12-02T11:05:22.813+0000] {processor.py:925} INFO - DAG(s) 'example_sensors' retrieved from /home/airflow/.local/lib/python3.12/site-packages/airflow/example_dags/example_sensors.py
[2024-12-02T11:05:22.834+0000] {logging_mixin.py:190} INFO - [2024-12-02T11:05:22.834+0000] {dag.py:3239} INFO - Sync 1 DAGs
[2024-12-02T11:05:22.846+0000] {logging_mixin.py:190} INFO - [2024-12-02T11:05:22.846+0000] {dag.py:4180} INFO - Setting next_dagrun for example_sensors to None, run_after=None
[2024-12-02T11:05:22.865+0000] {processor.py:208} INFO - Processing /home/airflow/.local/lib/python3.12/site-packages/airflow/example_dags/example_sensors.py took 0.069 seconds
[2024-12-02T11:05:53.881+0000] {processor.py:186} INFO - Started process (PID=1001) to work on /home/airflow/.local/lib/python3.12/site-packages/airflow/example_dags/example_sensors.py
[2024-12-02T11:05:53.889+0000] {processor.py:914} INFO - Processing file /home/airflow/.local/lib/python3.12/site-packages/airflow/example_dags/example_sensors.py for tasks to queue
[2024-12-02T11:05:53.890+0000] {logging_mixin.py:190} INFO - [2024-12-02T11:05:53.890+0000] {dagbag.py:588} INFO - Filling up the DagBag from /home/airflow/.local/lib/python3.12/site-packages/airflow/example_dags/example_sensors.py
[2024-12-02T11:05:53.915+0000] {processor.py:925} INFO - DAG(s) 'example_sensors' retrieved from /home/airflow/.local/lib/python3.12/site-packages/airflow/example_dags/example_sensors.py
[2024-12-02T11:05:53.954+0000] {logging_mixin.py:190} INFO - [2024-12-02T11:05:53.954+0000] {dag.py:3239} INFO - Sync 1 DAGs
[2024-12-02T11:05:53.980+0000] {logging_mixin.py:190} INFO - [2024-12-02T11:05:53.979+0000] {dag.py:4180} INFO - Setting next_dagrun for example_sensors to None, run_after=None
[2024-12-02T11:05:54.013+0000] {processor.py:208} INFO - Processing /home/airflow/.local/lib/python3.12/site-packages/airflow/example_dags/example_sensors.py took 0.137 seconds
[2024-12-02T11:06:24.141+0000] {processor.py:186} INFO - Started process (PID=1066) to work on /home/airflow/.local/lib/python3.12/site-packages/airflow/example_dags/example_sensors.py
[2024-12-02T11:06:24.142+0000] {processor.py:914} INFO - Processing file /home/airflow/.local/lib/python3.12/site-packages/airflow/example_dags/example_sensors.py for tasks to queue
[2024-12-02T11:06:24.143+0000] {logging_mixin.py:190} INFO - [2024-12-02T11:06:24.143+0000] {dagbag.py:588} INFO - Filling up the DagBag from /home/airflow/.local/lib/python3.12/site-packages/airflow/example_dags/example_sensors.py
[2024-12-02T11:06:24.159+0000] {processor.py:925} INFO - DAG(s) 'example_sensors' retrieved from /home/airflow/.local/lib/python3.12/site-packages/airflow/example_dags/example_sensors.py
[2024-12-02T11:06:24.177+0000] {logging_mixin.py:190} INFO - [2024-12-02T11:06:24.176+0000] {dag.py:3239} INFO - Sync 1 DAGs
[2024-12-02T11:06:24.188+0000] {logging_mixin.py:190} INFO - [2024-12-02T11:06:24.188+0000] {dag.py:4180} INFO - Setting next_dagrun for example_sensors to None, run_after=None
[2024-12-02T11:06:24.208+0000] {processor.py:208} INFO - Processing /home/airflow/.local/lib/python3.12/site-packages/airflow/example_dags/example_sensors.py took 0.075 seconds
[2024-12-02T11:06:54.491+0000] {processor.py:186} INFO - Started process (PID=1129) to work on /home/airflow/.local/lib/python3.12/site-packages/airflow/example_dags/example_sensors.py
[2024-12-02T11:06:54.492+0000] {processor.py:914} INFO - Processing file /home/airflow/.local/lib/python3.12/site-packages/airflow/example_dags/example_sensors.py for tasks to queue
[2024-12-02T11:06:54.493+0000] {logging_mixin.py:190} INFO - [2024-12-02T11:06:54.493+0000] {dagbag.py:588} INFO - Filling up the DagBag from /home/airflow/.local/lib/python3.12/site-packages/airflow/example_dags/example_sensors.py
[2024-12-02T11:06:54.501+0000] {processor.py:925} INFO - DAG(s) 'example_sensors' retrieved from /home/airflow/.local/lib/python3.12/site-packages/airflow/example_dags/example_sensors.py
[2024-12-02T11:06:54.519+0000] {logging_mixin.py:190} INFO - [2024-12-02T11:06:54.518+0000] {dag.py:3239} INFO - Sync 1 DAGs
[2024-12-02T11:06:54.528+0000] {logging_mixin.py:190} INFO - [2024-12-02T11:06:54.528+0000] {dag.py:4180} INFO - Setting next_dagrun for example_sensors to None, run_after=None
[2024-12-02T11:06:54.541+0000] {processor.py:208} INFO - Processing /home/airflow/.local/lib/python3.12/site-packages/airflow/example_dags/example_sensors.py took 0.054 seconds
[2024-12-02T11:07:25.305+0000] {processor.py:186} INFO - Started process (PID=1193) to work on /home/airflow/.local/lib/python3.12/site-packages/airflow/example_dags/example_sensors.py
[2024-12-02T11:07:25.307+0000] {processor.py:914} INFO - Processing file /home/airflow/.local/lib/python3.12/site-packages/airflow/example_dags/example_sensors.py for tasks to queue
[2024-12-02T11:07:25.309+0000] {logging_mixin.py:190} INFO - [2024-12-02T11:07:25.309+0000] {dagbag.py:588} INFO - Filling up the DagBag from /home/airflow/.local/lib/python3.12/site-packages/airflow/example_dags/example_sensors.py
[2024-12-02T11:07:25.319+0000] {processor.py:925} INFO - DAG(s) 'example_sensors' retrieved from /home/airflow/.local/lib/python3.12/site-packages/airflow/example_dags/example_sensors.py
[2024-12-02T11:07:25.348+0000] {logging_mixin.py:190} INFO - [2024-12-02T11:07:25.348+0000] {dag.py:3239} INFO - Sync 1 DAGs
[2024-12-02T11:07:25.358+0000] {logging_mixin.py:190} INFO - [2024-12-02T11:07:25.358+0000] {dag.py:4180} INFO - Setting next_dagrun for example_sensors to None, run_after=None
[2024-12-02T11:07:25.385+0000] {processor.py:208} INFO - Processing /home/airflow/.local/lib/python3.12/site-packages/airflow/example_dags/example_sensors.py took 0.085 seconds
[2024-12-02T11:07:55.571+0000] {processor.py:186} INFO - Started process (PID=1256) to work on /home/airflow/.local/lib/python3.12/site-packages/airflow/example_dags/example_sensors.py
[2024-12-02T11:07:55.571+0000] {processor.py:914} INFO - Processing file /home/airflow/.local/lib/python3.12/site-packages/airflow/example_dags/example_sensors.py for tasks to queue
[2024-12-02T11:07:55.573+0000] {logging_mixin.py:190} INFO - [2024-12-02T11:07:55.573+0000] {dagbag.py:588} INFO - Filling up the DagBag from /home/airflow/.local/lib/python3.12/site-packages/airflow/example_dags/example_sensors.py
[2024-12-02T11:07:55.581+0000] {processor.py:925} INFO - DAG(s) 'example_sensors' retrieved from /home/airflow/.local/lib/python3.12/site-packages/airflow/example_dags/example_sensors.py
[2024-12-02T11:07:55.599+0000] {logging_mixin.py:190} INFO - [2024-12-02T11:07:55.598+0000] {dag.py:3239} INFO - Sync 1 DAGs
[2024-12-02T11:07:55.609+0000] {logging_mixin.py:190} INFO - [2024-12-02T11:07:55.609+0000] {dag.py:4180} INFO - Setting next_dagrun for example_sensors to None, run_after=None
[2024-12-02T11:07:55.624+0000] {processor.py:208} INFO - Processing /home/airflow/.local/lib/python3.12/site-packages/airflow/example_dags/example_sensors.py took 0.057 seconds
[2024-12-02T11:08:25.905+0000] {processor.py:186} INFO - Started process (PID=1320) to work on /home/airflow/.local/lib/python3.12/site-packages/airflow/example_dags/example_sensors.py
[2024-12-02T11:08:25.908+0000] {processor.py:914} INFO - Processing file /home/airflow/.local/lib/python3.12/site-packages/airflow/example_dags/example_sensors.py for tasks to queue
[2024-12-02T11:08:25.910+0000] {logging_mixin.py:190} INFO - [2024-12-02T11:08:25.910+0000] {dagbag.py:588} INFO - Filling up the DagBag from /home/airflow/.local/lib/python3.12/site-packages/airflow/example_dags/example_sensors.py
[2024-12-02T11:08:25.921+0000] {processor.py:925} INFO - DAG(s) 'example_sensors' retrieved from /home/airflow/.local/lib/python3.12/site-packages/airflow/example_dags/example_sensors.py
[2024-12-02T11:08:25.972+0000] {logging_mixin.py:190} INFO - [2024-12-02T11:08:25.972+0000] {dag.py:3239} INFO - Sync 1 DAGs
[2024-12-02T11:08:25.982+0000] {logging_mixin.py:190} INFO - [2024-12-02T11:08:25.982+0000] {dag.py:4180} INFO - Setting next_dagrun for example_sensors to None, run_after=None
[2024-12-02T11:08:25.996+0000] {processor.py:208} INFO - Processing /home/airflow/.local/lib/python3.12/site-packages/airflow/example_dags/example_sensors.py took 0.095 seconds
[2024-12-02T11:08:56.360+0000] {processor.py:186} INFO - Started process (PID=1384) to work on /home/airflow/.local/lib/python3.12/site-packages/airflow/example_dags/example_sensors.py
[2024-12-02T11:08:56.371+0000] {processor.py:914} INFO - Processing file /home/airflow/.local/lib/python3.12/site-packages/airflow/example_dags/example_sensors.py for tasks to queue
[2024-12-02T11:08:56.372+0000] {logging_mixin.py:190} INFO - [2024-12-02T11:08:56.372+0000] {dagbag.py:588} INFO - Filling up the DagBag from /home/airflow/.local/lib/python3.12/site-packages/airflow/example_dags/example_sensors.py
[2024-12-02T11:08:56.402+0000] {processor.py:925} INFO - DAG(s) 'example_sensors' retrieved from /home/airflow/.local/lib/python3.12/site-packages/airflow/example_dags/example_sensors.py
[2024-12-02T11:08:56.450+0000] {logging_mixin.py:190} INFO - [2024-12-02T11:08:56.449+0000] {dag.py:3239} INFO - Sync 1 DAGs
[2024-12-02T11:08:56.472+0000] {logging_mixin.py:190} INFO - [2024-12-02T11:08:56.472+0000] {dag.py:4180} INFO - Setting next_dagrun for example_sensors to None, run_after=None
[2024-12-02T11:08:56.494+0000] {processor.py:208} INFO - Processing /home/airflow/.local/lib/python3.12/site-packages/airflow/example_dags/example_sensors.py took 0.138 seconds
[2024-12-02T11:09:26.744+0000] {processor.py:186} INFO - Started process (PID=1448) to work on /home/airflow/.local/lib/python3.12/site-packages/airflow/example_dags/example_sensors.py
[2024-12-02T11:09:26.746+0000] {processor.py:914} INFO - Processing file /home/airflow/.local/lib/python3.12/site-packages/airflow/example_dags/example_sensors.py for tasks to queue
[2024-12-02T11:09:26.747+0000] {logging_mixin.py:190} INFO - [2024-12-02T11:09:26.747+0000] {dagbag.py:588} INFO - Filling up the DagBag from /home/airflow/.local/lib/python3.12/site-packages/airflow/example_dags/example_sensors.py
[2024-12-02T11:09:26.754+0000] {processor.py:925} INFO - DAG(s) 'example_sensors' retrieved from /home/airflow/.local/lib/python3.12/site-packages/airflow/example_dags/example_sensors.py
[2024-12-02T11:09:26.772+0000] {logging_mixin.py:190} INFO - [2024-12-02T11:09:26.771+0000] {dag.py:3239} INFO - Sync 1 DAGs
[2024-12-02T11:09:26.781+0000] {logging_mixin.py:190} INFO - [2024-12-02T11:09:26.781+0000] {dag.py:4180} INFO - Setting next_dagrun for example_sensors to None, run_after=None
[2024-12-02T11:09:26.793+0000] {processor.py:208} INFO - Processing /home/airflow/.local/lib/python3.12/site-packages/airflow/example_dags/example_sensors.py took 0.053 seconds
[2024-12-02T11:09:59.039+0000] {processor.py:186} INFO - Started process (PID=1511) to work on /home/airflow/.local/lib/python3.12/site-packages/airflow/example_dags/example_sensors.py
[2024-12-02T11:09:59.040+0000] {processor.py:914} INFO - Processing file /home/airflow/.local/lib/python3.12/site-packages/airflow/example_dags/example_sensors.py for tasks to queue
[2024-12-02T11:09:59.042+0000] {logging_mixin.py:190} INFO - [2024-12-02T11:09:59.042+0000] {dagbag.py:588} INFO - Filling up the DagBag from /home/airflow/.local/lib/python3.12/site-packages/airflow/example_dags/example_sensors.py
[2024-12-02T11:09:59.059+0000] {processor.py:925} INFO - DAG(s) 'example_sensors' retrieved from /home/airflow/.local/lib/python3.12/site-packages/airflow/example_dags/example_sensors.py
[2024-12-02T11:09:59.107+0000] {logging_mixin.py:190} INFO - [2024-12-02T11:09:59.106+0000] {dag.py:3239} INFO - Sync 1 DAGs
[2024-12-02T11:09:59.135+0000] {logging_mixin.py:190} INFO - [2024-12-02T11:09:59.135+0000] {dag.py:4180} INFO - Setting next_dagrun for example_sensors to None, run_after=None
[2024-12-02T11:09:59.164+0000] {processor.py:208} INFO - Processing /home/airflow/.local/lib/python3.12/site-packages/airflow/example_dags/example_sensors.py took 0.133 seconds
[2024-12-02T11:10:29.451+0000] {processor.py:186} INFO - Started process (PID=1574) to work on /home/airflow/.local/lib/python3.12/site-packages/airflow/example_dags/example_sensors.py
[2024-12-02T11:10:29.456+0000] {processor.py:914} INFO - Processing file /home/airflow/.local/lib/python3.12/site-packages/airflow/example_dags/example_sensors.py for tasks to queue
[2024-12-02T11:10:29.458+0000] {logging_mixin.py:190} INFO - [2024-12-02T11:10:29.458+0000] {dagbag.py:588} INFO - Filling up the DagBag from /home/airflow/.local/lib/python3.12/site-packages/airflow/example_dags/example_sensors.py
[2024-12-02T11:10:29.470+0000] {processor.py:925} INFO - DAG(s) 'example_sensors' retrieved from /home/airflow/.local/lib/python3.12/site-packages/airflow/example_dags/example_sensors.py
[2024-12-02T11:10:29.516+0000] {logging_mixin.py:190} INFO - [2024-12-02T11:10:29.516+0000] {dag.py:3239} INFO - Sync 1 DAGs
[2024-12-02T11:10:29.542+0000] {logging_mixin.py:190} INFO - [2024-12-02T11:10:29.542+0000] {dag.py:4180} INFO - Setting next_dagrun for example_sensors to None, run_after=None
[2024-12-02T11:10:29.584+0000] {processor.py:208} INFO - Processing /home/airflow/.local/lib/python3.12/site-packages/airflow/example_dags/example_sensors.py took 0.137 seconds
[2024-12-02T11:11:00.389+0000] {processor.py:186} INFO - Started process (PID=1632) to work on /home/airflow/.local/lib/python3.12/site-packages/airflow/example_dags/example_sensors.py
[2024-12-02T11:11:00.390+0000] {processor.py:914} INFO - Processing file /home/airflow/.local/lib/python3.12/site-packages/airflow/example_dags/example_sensors.py for tasks to queue
[2024-12-02T11:11:00.392+0000] {logging_mixin.py:190} INFO - [2024-12-02T11:11:00.391+0000] {dagbag.py:588} INFO - Filling up the DagBag from /home/airflow/.local/lib/python3.12/site-packages/airflow/example_dags/example_sensors.py
[2024-12-02T11:11:00.399+0000] {processor.py:925} INFO - DAG(s) 'example_sensors' retrieved from /home/airflow/.local/lib/python3.12/site-packages/airflow/example_dags/example_sensors.py
[2024-12-02T11:11:00.418+0000] {logging_mixin.py:190} INFO - [2024-12-02T11:11:00.418+0000] {dag.py:3239} INFO - Sync 1 DAGs
[2024-12-02T11:11:00.428+0000] {logging_mixin.py:190} INFO - [2024-12-02T11:11:00.428+0000] {dag.py:4180} INFO - Setting next_dagrun for example_sensors to None, run_after=None
[2024-12-02T11:11:00.444+0000] {processor.py:208} INFO - Processing /home/airflow/.local/lib/python3.12/site-packages/airflow/example_dags/example_sensors.py took 0.063 seconds
[2024-12-02T11:11:31.012+0000] {processor.py:186} INFO - Started process (PID=1696) to work on /home/airflow/.local/lib/python3.12/site-packages/airflow/example_dags/example_sensors.py
[2024-12-02T11:11:31.017+0000] {processor.py:914} INFO - Processing file /home/airflow/.local/lib/python3.12/site-packages/airflow/example_dags/example_sensors.py for tasks to queue
[2024-12-02T11:11:31.021+0000] {logging_mixin.py:190} INFO - [2024-12-02T11:11:31.021+0000] {dagbag.py:588} INFO - Filling up the DagBag from /home/airflow/.local/lib/python3.12/site-packages/airflow/example_dags/example_sensors.py
[2024-12-02T11:11:31.031+0000] {processor.py:925} INFO - DAG(s) 'example_sensors' retrieved from /home/airflow/.local/lib/python3.12/site-packages/airflow/example_dags/example_sensors.py
[2024-12-02T11:11:31.049+0000] {logging_mixin.py:190} INFO - [2024-12-02T11:11:31.048+0000] {dag.py:3239} INFO - Sync 1 DAGs
[2024-12-02T11:11:31.059+0000] {logging_mixin.py:190} INFO - [2024-12-02T11:11:31.059+0000] {dag.py:4180} INFO - Setting next_dagrun for example_sensors to None, run_after=None
[2024-12-02T11:11:31.073+0000] {processor.py:208} INFO - Processing /home/airflow/.local/lib/python3.12/site-packages/airflow/example_dags/example_sensors.py took 0.066 seconds
[2024-12-02T11:12:01.160+0000] {processor.py:186} INFO - Started process (PID=1761) to work on /home/airflow/.local/lib/python3.12/site-packages/airflow/example_dags/example_sensors.py
[2024-12-02T11:12:01.161+0000] {processor.py:914} INFO - Processing file /home/airflow/.local/lib/python3.12/site-packages/airflow/example_dags/example_sensors.py for tasks to queue
[2024-12-02T11:12:01.163+0000] {logging_mixin.py:190} INFO - [2024-12-02T11:12:01.162+0000] {dagbag.py:588} INFO - Filling up the DagBag from /home/airflow/.local/lib/python3.12/site-packages/airflow/example_dags/example_sensors.py
[2024-12-02T11:12:01.179+0000] {processor.py:925} INFO - DAG(s) 'example_sensors' retrieved from /home/airflow/.local/lib/python3.12/site-packages/airflow/example_dags/example_sensors.py
[2024-12-02T11:12:01.199+0000] {logging_mixin.py:190} INFO - [2024-12-02T11:12:01.198+0000] {dag.py:3239} INFO - Sync 1 DAGs
[2024-12-02T11:12:01.211+0000] {logging_mixin.py:190} INFO - [2024-12-02T11:12:01.210+0000] {dag.py:4180} INFO - Setting next_dagrun for example_sensors to None, run_after=None
[2024-12-02T11:12:01.231+0000] {processor.py:208} INFO - Processing /home/airflow/.local/lib/python3.12/site-packages/airflow/example_dags/example_sensors.py took 0.076 seconds
[2024-12-02T11:12:31.956+0000] {processor.py:186} INFO - Started process (PID=1825) to work on /home/airflow/.local/lib/python3.12/site-packages/airflow/example_dags/example_sensors.py
[2024-12-02T11:12:31.963+0000] {processor.py:914} INFO - Processing file /home/airflow/.local/lib/python3.12/site-packages/airflow/example_dags/example_sensors.py for tasks to queue
[2024-12-02T11:12:31.974+0000] {logging_mixin.py:190} INFO - [2024-12-02T11:12:31.973+0000] {dagbag.py:588} INFO - Filling up the DagBag from /home/airflow/.local/lib/python3.12/site-packages/airflow/example_dags/example_sensors.py
[2024-12-02T11:12:31.992+0000] {processor.py:925} INFO - DAG(s) 'example_sensors' retrieved from /home/airflow/.local/lib/python3.12/site-packages/airflow/example_dags/example_sensors.py
[2024-12-02T11:12:32.028+0000] {logging_mixin.py:190} INFO - [2024-12-02T11:12:32.028+0000] {dag.py:3239} INFO - Sync 1 DAGs
[2024-12-02T11:12:32.053+0000] {logging_mixin.py:190} INFO - [2024-12-02T11:12:32.052+0000] {dag.py:4180} INFO - Setting next_dagrun for example_sensors to None, run_after=None
[2024-12-02T11:12:32.094+0000] {processor.py:208} INFO - Processing /home/airflow/.local/lib/python3.12/site-packages/airflow/example_dags/example_sensors.py took 0.146 seconds
[2024-12-02T11:13:02.417+0000] {processor.py:186} INFO - Started process (PID=1889) to work on /home/airflow/.local/lib/python3.12/site-packages/airflow/example_dags/example_sensors.py
[2024-12-02T11:13:02.418+0000] {processor.py:914} INFO - Processing file /home/airflow/.local/lib/python3.12/site-packages/airflow/example_dags/example_sensors.py for tasks to queue
[2024-12-02T11:13:02.420+0000] {logging_mixin.py:190} INFO - [2024-12-02T11:13:02.420+0000] {dagbag.py:588} INFO - Filling up the DagBag from /home/airflow/.local/lib/python3.12/site-packages/airflow/example_dags/example_sensors.py
[2024-12-02T11:13:02.431+0000] {processor.py:925} INFO - DAG(s) 'example_sensors' retrieved from /home/airflow/.local/lib/python3.12/site-packages/airflow/example_dags/example_sensors.py
[2024-12-02T11:13:02.453+0000] {logging_mixin.py:190} INFO - [2024-12-02T11:13:02.452+0000] {dag.py:3239} INFO - Sync 1 DAGs
[2024-12-02T11:13:02.465+0000] {logging_mixin.py:190} INFO - [2024-12-02T11:13:02.465+0000] {dag.py:4180} INFO - Setting next_dagrun for example_sensors to None, run_after=None
[2024-12-02T11:13:02.487+0000] {processor.py:208} INFO - Processing /home/airflow/.local/lib/python3.12/site-packages/airflow/example_dags/example_sensors.py took 0.075 seconds
[2024-12-02T11:13:33.193+0000] {processor.py:186} INFO - Started process (PID=1954) to work on /home/airflow/.local/lib/python3.12/site-packages/airflow/example_dags/example_sensors.py
[2024-12-02T11:13:33.195+0000] {processor.py:914} INFO - Processing file /home/airflow/.local/lib/python3.12/site-packages/airflow/example_dags/example_sensors.py for tasks to queue
[2024-12-02T11:13:33.196+0000] {logging_mixin.py:190} INFO - [2024-12-02T11:13:33.196+0000] {dagbag.py:588} INFO - Filling up the DagBag from /home/airflow/.local/lib/python3.12/site-packages/airflow/example_dags/example_sensors.py
[2024-12-02T11:13:33.204+0000] {processor.py:925} INFO - DAG(s) 'example_sensors' retrieved from /home/airflow/.local/lib/python3.12/site-packages/airflow/example_dags/example_sensors.py
[2024-12-02T11:13:33.222+0000] {logging_mixin.py:190} INFO - [2024-12-02T11:13:33.222+0000] {dag.py:3239} INFO - Sync 1 DAGs
[2024-12-02T11:13:33.234+0000] {logging_mixin.py:190} INFO - [2024-12-02T11:13:33.234+0000] {dag.py:4180} INFO - Setting next_dagrun for example_sensors to None, run_after=None
[2024-12-02T11:13:33.247+0000] {processor.py:208} INFO - Processing /home/airflow/.local/lib/python3.12/site-packages/airflow/example_dags/example_sensors.py took 0.059 seconds
[2024-12-02T11:14:05.505+0000] {processor.py:186} INFO - Started process (PID=2016) to work on /home/airflow/.local/lib/python3.12/site-packages/airflow/example_dags/example_sensors.py
[2024-12-02T11:14:05.508+0000] {processor.py:914} INFO - Processing file /home/airflow/.local/lib/python3.12/site-packages/airflow/example_dags/example_sensors.py for tasks to queue
[2024-12-02T11:14:05.517+0000] {logging_mixin.py:190} INFO - [2024-12-02T11:14:05.516+0000] {dagbag.py:588} INFO - Filling up the DagBag from /home/airflow/.local/lib/python3.12/site-packages/airflow/example_dags/example_sensors.py
[2024-12-02T11:14:05.533+0000] {processor.py:925} INFO - DAG(s) 'example_sensors' retrieved from /home/airflow/.local/lib/python3.12/site-packages/airflow/example_dags/example_sensors.py
[2024-12-02T11:14:05.616+0000] {logging_mixin.py:190} INFO - [2024-12-02T11:14:05.616+0000] {dag.py:3239} INFO - Sync 1 DAGs
[2024-12-02T11:14:05.642+0000] {logging_mixin.py:190} INFO - [2024-12-02T11:14:05.642+0000] {dag.py:4180} INFO - Setting next_dagrun for example_sensors to None, run_after=None
[2024-12-02T11:14:05.709+0000] {processor.py:208} INFO - Processing /home/airflow/.local/lib/python3.12/site-packages/airflow/example_dags/example_sensors.py took 0.210 seconds
[2024-12-02T11:14:36.515+0000] {processor.py:186} INFO - Started process (PID=2081) to work on /home/airflow/.local/lib/python3.12/site-packages/airflow/example_dags/example_sensors.py
[2024-12-02T11:14:36.518+0000] {processor.py:914} INFO - Processing file /home/airflow/.local/lib/python3.12/site-packages/airflow/example_dags/example_sensors.py for tasks to queue
[2024-12-02T11:14:36.520+0000] {logging_mixin.py:190} INFO - [2024-12-02T11:14:36.520+0000] {dagbag.py:588} INFO - Filling up the DagBag from /home/airflow/.local/lib/python3.12/site-packages/airflow/example_dags/example_sensors.py
[2024-12-02T11:14:36.528+0000] {processor.py:925} INFO - DAG(s) 'example_sensors' retrieved from /home/airflow/.local/lib/python3.12/site-packages/airflow/example_dags/example_sensors.py
[2024-12-02T11:14:36.545+0000] {logging_mixin.py:190} INFO - [2024-12-02T11:14:36.545+0000] {dag.py:3239} INFO - Sync 1 DAGs
[2024-12-02T11:14:36.555+0000] {logging_mixin.py:190} INFO - [2024-12-02T11:14:36.555+0000] {dag.py:4180} INFO - Setting next_dagrun for example_sensors to None, run_after=None
[2024-12-02T11:14:36.568+0000] {processor.py:208} INFO - Processing /home/airflow/.local/lib/python3.12/site-packages/airflow/example_dags/example_sensors.py took 0.057 seconds
[2024-12-02T11:15:07.009+0000] {processor.py:186} INFO - Started process (PID=2146) to work on /home/airflow/.local/lib/python3.12/site-packages/airflow/example_dags/example_sensors.py
[2024-12-02T11:15:07.010+0000] {processor.py:914} INFO - Processing file /home/airflow/.local/lib/python3.12/site-packages/airflow/example_dags/example_sensors.py for tasks to queue
[2024-12-02T11:15:07.011+0000] {logging_mixin.py:190} INFO - [2024-12-02T11:15:07.011+0000] {dagbag.py:588} INFO - Filling up the DagBag from /home/airflow/.local/lib/python3.12/site-packages/airflow/example_dags/example_sensors.py
[2024-12-02T11:15:07.021+0000] {processor.py:925} INFO - DAG(s) 'example_sensors' retrieved from /home/airflow/.local/lib/python3.12/site-packages/airflow/example_dags/example_sensors.py
[2024-12-02T11:15:07.038+0000] {logging_mixin.py:190} INFO - [2024-12-02T11:15:07.038+0000] {dag.py:3239} INFO - Sync 1 DAGs
[2024-12-02T11:15:07.049+0000] {logging_mixin.py:190} INFO - [2024-12-02T11:15:07.049+0000] {dag.py:4180} INFO - Setting next_dagrun for example_sensors to None, run_after=None
[2024-12-02T11:15:07.076+0000] {processor.py:208} INFO - Processing /home/airflow/.local/lib/python3.12/site-packages/airflow/example_dags/example_sensors.py took 0.072 seconds
[2024-12-02T11:15:37.310+0000] {processor.py:186} INFO - Started process (PID=2211) to work on /home/airflow/.local/lib/python3.12/site-packages/airflow/example_dags/example_sensors.py
[2024-12-02T11:15:37.320+0000] {processor.py:914} INFO - Processing file /home/airflow/.local/lib/python3.12/site-packages/airflow/example_dags/example_sensors.py for tasks to queue
[2024-12-02T11:15:37.322+0000] {logging_mixin.py:190} INFO - [2024-12-02T11:15:37.322+0000] {dagbag.py:588} INFO - Filling up the DagBag from /home/airflow/.local/lib/python3.12/site-packages/airflow/example_dags/example_sensors.py
[2024-12-02T11:15:37.343+0000] {processor.py:925} INFO - DAG(s) 'example_sensors' retrieved from /home/airflow/.local/lib/python3.12/site-packages/airflow/example_dags/example_sensors.py
[2024-12-02T11:15:37.379+0000] {logging_mixin.py:190} INFO - [2024-12-02T11:15:37.379+0000] {dag.py:3239} INFO - Sync 1 DAGs
[2024-12-02T11:15:37.389+0000] {logging_mixin.py:190} INFO - [2024-12-02T11:15:37.388+0000] {dag.py:4180} INFO - Setting next_dagrun for example_sensors to None, run_after=None
[2024-12-02T11:15:37.414+0000] {processor.py:208} INFO - Processing /home/airflow/.local/lib/python3.12/site-packages/airflow/example_dags/example_sensors.py took 0.120 seconds
[2024-12-02T11:16:08.262+0000] {processor.py:186} INFO - Started process (PID=2276) to work on /home/airflow/.local/lib/python3.12/site-packages/airflow/example_dags/example_sensors.py
[2024-12-02T11:16:08.263+0000] {processor.py:914} INFO - Processing file /home/airflow/.local/lib/python3.12/site-packages/airflow/example_dags/example_sensors.py for tasks to queue
[2024-12-02T11:16:08.264+0000] {logging_mixin.py:190} INFO - [2024-12-02T11:16:08.263+0000] {dagbag.py:588} INFO - Filling up the DagBag from /home/airflow/.local/lib/python3.12/site-packages/airflow/example_dags/example_sensors.py
[2024-12-02T11:16:08.280+0000] {processor.py:925} INFO - DAG(s) 'example_sensors' retrieved from /home/airflow/.local/lib/python3.12/site-packages/airflow/example_dags/example_sensors.py
[2024-12-02T11:16:08.313+0000] {logging_mixin.py:190} INFO - [2024-12-02T11:16:08.312+0000] {dag.py:3239} INFO - Sync 1 DAGs
[2024-12-02T11:16:08.329+0000] {logging_mixin.py:190} INFO - [2024-12-02T11:16:08.329+0000] {dag.py:4180} INFO - Setting next_dagrun for example_sensors to None, run_after=None
[2024-12-02T11:16:08.354+0000] {processor.py:208} INFO - Processing /home/airflow/.local/lib/python3.12/site-packages/airflow/example_dags/example_sensors.py took 0.095 seconds
[2024-12-02T11:16:38.582+0000] {processor.py:186} INFO - Started process (PID=2340) to work on /home/airflow/.local/lib/python3.12/site-packages/airflow/example_dags/example_sensors.py
[2024-12-02T11:16:38.595+0000] {processor.py:914} INFO - Processing file /home/airflow/.local/lib/python3.12/site-packages/airflow/example_dags/example_sensors.py for tasks to queue
[2024-12-02T11:16:38.596+0000] {logging_mixin.py:190} INFO - [2024-12-02T11:16:38.596+0000] {dagbag.py:588} INFO - Filling up the DagBag from /home/airflow/.local/lib/python3.12/site-packages/airflow/example_dags/example_sensors.py
[2024-12-02T11:16:38.604+0000] {processor.py:925} INFO - DAG(s) 'example_sensors' retrieved from /home/airflow/.local/lib/python3.12/site-packages/airflow/example_dags/example_sensors.py
[2024-12-02T11:16:38.647+0000] {logging_mixin.py:190} INFO - [2024-12-02T11:16:38.646+0000] {dag.py:3239} INFO - Sync 1 DAGs
[2024-12-02T11:16:38.668+0000] {logging_mixin.py:190} INFO - [2024-12-02T11:16:38.665+0000] {dag.py:4180} INFO - Setting next_dagrun for example_sensors to None, run_after=None
[2024-12-02T11:16:38.693+0000] {processor.py:208} INFO - Processing /home/airflow/.local/lib/python3.12/site-packages/airflow/example_dags/example_sensors.py took 0.115 seconds
[2024-12-02T11:17:08.909+0000] {processor.py:186} INFO - Started process (PID=2404) to work on /home/airflow/.local/lib/python3.12/site-packages/airflow/example_dags/example_sensors.py
[2024-12-02T11:17:08.915+0000] {processor.py:914} INFO - Processing file /home/airflow/.local/lib/python3.12/site-packages/airflow/example_dags/example_sensors.py for tasks to queue
[2024-12-02T11:17:08.917+0000] {logging_mixin.py:190} INFO - [2024-12-02T11:17:08.916+0000] {dagbag.py:588} INFO - Filling up the DagBag from /home/airflow/.local/lib/python3.12/site-packages/airflow/example_dags/example_sensors.py
[2024-12-02T11:17:08.926+0000] {processor.py:925} INFO - DAG(s) 'example_sensors' retrieved from /home/airflow/.local/lib/python3.12/site-packages/airflow/example_dags/example_sensors.py
[2024-12-02T11:17:08.943+0000] {logging_mixin.py:190} INFO - [2024-12-02T11:17:08.943+0000] {dag.py:3239} INFO - Sync 1 DAGs
[2024-12-02T11:17:08.954+0000] {logging_mixin.py:190} INFO - [2024-12-02T11:17:08.953+0000] {dag.py:4180} INFO - Setting next_dagrun for example_sensors to None, run_after=None
[2024-12-02T11:17:08.968+0000] {processor.py:208} INFO - Processing /home/airflow/.local/lib/python3.12/site-packages/airflow/example_dags/example_sensors.py took 0.063 seconds
[2024-12-02T11:17:39.204+0000] {processor.py:186} INFO - Started process (PID=2468) to work on /home/airflow/.local/lib/python3.12/site-packages/airflow/example_dags/example_sensors.py
[2024-12-02T11:17:39.205+0000] {processor.py:914} INFO - Processing file /home/airflow/.local/lib/python3.12/site-packages/airflow/example_dags/example_sensors.py for tasks to queue
[2024-12-02T11:17:39.206+0000] {logging_mixin.py:190} INFO - [2024-12-02T11:17:39.206+0000] {dagbag.py:588} INFO - Filling up the DagBag from /home/airflow/.local/lib/python3.12/site-packages/airflow/example_dags/example_sensors.py
[2024-12-02T11:17:39.218+0000] {processor.py:925} INFO - DAG(s) 'example_sensors' retrieved from /home/airflow/.local/lib/python3.12/site-packages/airflow/example_dags/example_sensors.py
[2024-12-02T11:17:39.248+0000] {logging_mixin.py:190} INFO - [2024-12-02T11:17:39.248+0000] {dag.py:3239} INFO - Sync 1 DAGs
[2024-12-02T11:17:39.268+0000] {logging_mixin.py:190} INFO - [2024-12-02T11:17:39.267+0000] {dag.py:4180} INFO - Setting next_dagrun for example_sensors to None, run_after=None
[2024-12-02T11:17:39.284+0000] {processor.py:208} INFO - Processing /home/airflow/.local/lib/python3.12/site-packages/airflow/example_dags/example_sensors.py took 0.086 seconds
[2024-12-02T11:18:12.641+0000] {processor.py:186} INFO - Started process (PID=2521) to work on /home/airflow/.local/lib/python3.12/site-packages/airflow/example_dags/example_sensors.py
[2024-12-02T11:18:12.644+0000] {processor.py:914} INFO - Processing file /home/airflow/.local/lib/python3.12/site-packages/airflow/example_dags/example_sensors.py for tasks to queue
[2024-12-02T11:18:12.645+0000] {logging_mixin.py:190} INFO - [2024-12-02T11:18:12.644+0000] {dagbag.py:588} INFO - Filling up the DagBag from /home/airflow/.local/lib/python3.12/site-packages/airflow/example_dags/example_sensors.py
[2024-12-02T11:18:12.654+0000] {processor.py:925} INFO - DAG(s) 'example_sensors' retrieved from /home/airflow/.local/lib/python3.12/site-packages/airflow/example_dags/example_sensors.py
[2024-12-02T11:18:12.674+0000] {logging_mixin.py:190} INFO - [2024-12-02T11:18:12.674+0000] {dag.py:3239} INFO - Sync 1 DAGs
[2024-12-02T11:18:12.686+0000] {logging_mixin.py:190} INFO - [2024-12-02T11:18:12.686+0000] {dag.py:4180} INFO - Setting next_dagrun for example_sensors to None, run_after=None
[2024-12-02T11:18:12.702+0000] {processor.py:208} INFO - Processing /home/airflow/.local/lib/python3.12/site-packages/airflow/example_dags/example_sensors.py took 0.064 seconds
[2024-12-02T11:18:43.285+0000] {processor.py:186} INFO - Started process (PID=2580) to work on /home/airflow/.local/lib/python3.12/site-packages/airflow/example_dags/example_sensors.py
[2024-12-02T11:18:43.285+0000] {processor.py:914} INFO - Processing file /home/airflow/.local/lib/python3.12/site-packages/airflow/example_dags/example_sensors.py for tasks to queue
[2024-12-02T11:18:43.287+0000] {logging_mixin.py:190} INFO - [2024-12-02T11:18:43.287+0000] {dagbag.py:588} INFO - Filling up the DagBag from /home/airflow/.local/lib/python3.12/site-packages/airflow/example_dags/example_sensors.py
[2024-12-02T11:18:43.297+0000] {processor.py:925} INFO - DAG(s) 'example_sensors' retrieved from /home/airflow/.local/lib/python3.12/site-packages/airflow/example_dags/example_sensors.py
[2024-12-02T11:18:43.327+0000] {logging_mixin.py:190} INFO - [2024-12-02T11:18:43.327+0000] {dag.py:3239} INFO - Sync 1 DAGs
[2024-12-02T11:18:43.338+0000] {logging_mixin.py:190} INFO - [2024-12-02T11:18:43.337+0000] {dag.py:4180} INFO - Setting next_dagrun for example_sensors to None, run_after=None
[2024-12-02T11:18:43.353+0000] {processor.py:208} INFO - Processing /home/airflow/.local/lib/python3.12/site-packages/airflow/example_dags/example_sensors.py took 0.072 seconds
[2024-12-02T11:19:14.314+0000] {processor.py:186} INFO - Started process (PID=2636) to work on /home/airflow/.local/lib/python3.12/site-packages/airflow/example_dags/example_sensors.py
[2024-12-02T11:19:14.347+0000] {processor.py:914} INFO - Processing file /home/airflow/.local/lib/python3.12/site-packages/airflow/example_dags/example_sensors.py for tasks to queue
[2024-12-02T11:19:14.348+0000] {logging_mixin.py:190} INFO - [2024-12-02T11:19:14.348+0000] {dagbag.py:588} INFO - Filling up the DagBag from /home/airflow/.local/lib/python3.12/site-packages/airflow/example_dags/example_sensors.py
[2024-12-02T11:19:14.379+0000] {processor.py:925} INFO - DAG(s) 'example_sensors' retrieved from /home/airflow/.local/lib/python3.12/site-packages/airflow/example_dags/example_sensors.py
[2024-12-02T11:19:14.448+0000] {logging_mixin.py:190} INFO - [2024-12-02T11:19:14.447+0000] {dag.py:3239} INFO - Sync 1 DAGs
[2024-12-02T11:19:14.473+0000] {logging_mixin.py:190} INFO - [2024-12-02T11:19:14.473+0000] {dag.py:4180} INFO - Setting next_dagrun for example_sensors to None, run_after=None
[2024-12-02T11:19:14.527+0000] {processor.py:208} INFO - Processing /home/airflow/.local/lib/python3.12/site-packages/airflow/example_dags/example_sensors.py took 0.218 seconds
[2024-12-02T11:19:44.996+0000] {processor.py:186} INFO - Started process (PID=2694) to work on /home/airflow/.local/lib/python3.12/site-packages/airflow/example_dags/example_sensors.py
[2024-12-02T11:19:44.997+0000] {processor.py:914} INFO - Processing file /home/airflow/.local/lib/python3.12/site-packages/airflow/example_dags/example_sensors.py for tasks to queue
[2024-12-02T11:19:44.997+0000] {logging_mixin.py:190} INFO - [2024-12-02T11:19:44.997+0000] {dagbag.py:588} INFO - Filling up the DagBag from /home/airflow/.local/lib/python3.12/site-packages/airflow/example_dags/example_sensors.py
[2024-12-02T11:19:45.011+0000] {processor.py:925} INFO - DAG(s) 'example_sensors' retrieved from /home/airflow/.local/lib/python3.12/site-packages/airflow/example_dags/example_sensors.py
[2024-12-02T11:19:45.030+0000] {logging_mixin.py:190} INFO - [2024-12-02T11:19:45.030+0000] {dag.py:3239} INFO - Sync 1 DAGs
[2024-12-02T11:19:45.041+0000] {logging_mixin.py:190} INFO - [2024-12-02T11:19:45.040+0000] {dag.py:4180} INFO - Setting next_dagrun for example_sensors to None, run_after=None
[2024-12-02T11:19:45.061+0000] {processor.py:208} INFO - Processing /home/airflow/.local/lib/python3.12/site-packages/airflow/example_dags/example_sensors.py took 0.069 seconds
