[2024-12-02T10:38:33.842+0000] {processor.py:186} INFO - Started process (PID=114) to work on /home/airflow/.local/lib/python3.12/site-packages/airflow/example_dags/example_xcomargs.py
[2024-12-02T10:38:33.855+0000] {processor.py:914} INFO - Processing file /home/airflow/.local/lib/python3.12/site-packages/airflow/example_dags/example_xcomargs.py for tasks to queue
[2024-12-02T10:38:33.857+0000] {logging_mixin.py:190} INFO - [2024-12-02T10:38:33.856+0000] {dagbag.py:588} INFO - Filling up the DagBag from /home/airflow/.local/lib/python3.12/site-packages/airflow/example_dags/example_xcomargs.py
[2024-12-02T10:38:33.908+0000] {processor.py:925} INFO - DAG(s) 'example_xcom_args', 'example_xcom_args_with_operators' retrieved from /home/airflow/.local/lib/python3.12/site-packages/airflow/example_dags/example_xcomargs.py
[2024-12-02T10:38:34.303+0000] {logging_mixin.py:190} INFO - [2024-12-02T10:38:34.299+0000] {override.py:1911} INFO - Created Permission View: can edit on DAG:example_xcom_args
[2024-12-02T10:38:34.334+0000] {logging_mixin.py:190} INFO - [2024-12-02T10:38:34.334+0000] {override.py:1911} INFO - Created Permission View: can read on DAG:example_xcom_args
[2024-12-02T10:38:34.348+0000] {logging_mixin.py:190} INFO - [2024-12-02T10:38:34.348+0000] {override.py:1911} INFO - Created Permission View: can delete on DAG:example_xcom_args
[2024-12-02T10:38:34.384+0000] {logging_mixin.py:190} INFO - [2024-12-02T10:38:34.384+0000] {override.py:1911} INFO - Created Permission View: menu access on DAG Run:example_xcom_args
[2024-12-02T10:38:34.397+0000] {logging_mixin.py:190} INFO - [2024-12-02T10:38:34.397+0000] {override.py:1911} INFO - Created Permission View: can read on DAG Run:example_xcom_args
[2024-12-02T10:38:34.404+0000] {logging_mixin.py:190} INFO - [2024-12-02T10:38:34.404+0000] {override.py:1911} INFO - Created Permission View: can delete on DAG Run:example_xcom_args
[2024-12-02T10:38:34.430+0000] {logging_mixin.py:190} INFO - [2024-12-02T10:38:34.430+0000] {override.py:1911} INFO - Created Permission View: can create on DAG Run:example_xcom_args
[2024-12-02T10:38:34.450+0000] {logging_mixin.py:190} INFO - [2024-12-02T10:38:34.450+0000] {override.py:1911} INFO - Created Permission View: can edit on DAG:example_xcom_args_with_operators
[2024-12-02T10:38:34.465+0000] {logging_mixin.py:190} INFO - [2024-12-02T10:38:34.464+0000] {override.py:1911} INFO - Created Permission View: can read on DAG:example_xcom_args_with_operators
[2024-12-02T10:38:34.475+0000] {logging_mixin.py:190} INFO - [2024-12-02T10:38:34.474+0000] {override.py:1911} INFO - Created Permission View: can delete on DAG:example_xcom_args_with_operators
[2024-12-02T10:38:34.504+0000] {logging_mixin.py:190} INFO - [2024-12-02T10:38:34.504+0000] {override.py:1911} INFO - Created Permission View: menu access on DAG Run:example_xcom_args_with_operators
[2024-12-02T10:38:34.517+0000] {logging_mixin.py:190} INFO - [2024-12-02T10:38:34.516+0000] {override.py:1911} INFO - Created Permission View: can read on DAG Run:example_xcom_args_with_operators
[2024-12-02T10:38:34.535+0000] {logging_mixin.py:190} INFO - [2024-12-02T10:38:34.535+0000] {override.py:1911} INFO - Created Permission View: can delete on DAG Run:example_xcom_args_with_operators
[2024-12-02T10:38:34.566+0000] {logging_mixin.py:190} INFO - [2024-12-02T10:38:34.566+0000] {override.py:1911} INFO - Created Permission View: can create on DAG Run:example_xcom_args_with_operators
[2024-12-02T10:38:34.566+0000] {logging_mixin.py:190} INFO - [2024-12-02T10:38:34.566+0000] {dag.py:3239} INFO - Sync 2 DAGs
[2024-12-02T10:38:34.756+0000] {logging_mixin.py:190} INFO - [2024-12-02T10:38:34.756+0000] {dag.py:3262} INFO - Creating ORM DAG for example_xcom_args
[2024-12-02T10:38:34.779+0000] {logging_mixin.py:190} INFO - [2024-12-02T10:38:34.779+0000] {dag.py:3262} INFO - Creating ORM DAG for example_xcom_args_with_operators
[2024-12-02T10:38:34.780+0000] {logging_mixin.py:190} INFO - [2024-12-02T10:38:34.779+0000] {dag.py:4180} INFO - Setting next_dagrun for example_xcom_args to None, run_after=None
[2024-12-02T10:38:34.788+0000] {logging_mixin.py:190} INFO - [2024-12-02T10:38:34.788+0000] {dag.py:4180} INFO - Setting next_dagrun for example_xcom_args_with_operators to None, run_after=None
[2024-12-02T10:38:34.861+0000] {processor.py:208} INFO - Processing /home/airflow/.local/lib/python3.12/site-packages/airflow/example_dags/example_xcomargs.py took 1.057 seconds
[2024-12-02T10:39:12.265+0000] {processor.py:186} INFO - Started process (PID=178) to work on /home/airflow/.local/lib/python3.12/site-packages/airflow/example_dags/example_xcomargs.py
[2024-12-02T10:39:12.275+0000] {processor.py:914} INFO - Processing file /home/airflow/.local/lib/python3.12/site-packages/airflow/example_dags/example_xcomargs.py for tasks to queue
[2024-12-02T10:39:12.286+0000] {logging_mixin.py:190} INFO - [2024-12-02T10:39:12.286+0000] {dagbag.py:588} INFO - Filling up the DagBag from /home/airflow/.local/lib/python3.12/site-packages/airflow/example_dags/example_xcomargs.py
[2024-12-02T10:39:12.331+0000] {processor.py:925} INFO - DAG(s) 'example_xcom_args', 'example_xcom_args_with_operators' retrieved from /home/airflow/.local/lib/python3.12/site-packages/airflow/example_dags/example_xcomargs.py
[2024-12-02T10:39:12.463+0000] {logging_mixin.py:190} INFO - [2024-12-02T10:39:12.462+0000] {dag.py:3239} INFO - Sync 2 DAGs
[2024-12-02T10:39:12.534+0000] {logging_mixin.py:190} INFO - [2024-12-02T10:39:12.533+0000] {dag.py:4180} INFO - Setting next_dagrun for example_xcom_args to None, run_after=None
[2024-12-02T10:39:12.582+0000] {logging_mixin.py:190} INFO - [2024-12-02T10:39:12.582+0000] {dag.py:4180} INFO - Setting next_dagrun for example_xcom_args_with_operators to None, run_after=None
[2024-12-02T10:39:12.722+0000] {processor.py:208} INFO - Processing /home/airflow/.local/lib/python3.12/site-packages/airflow/example_dags/example_xcomargs.py took 0.492 seconds
[2024-12-02T10:39:43.509+0000] {processor.py:186} INFO - Started process (PID=241) to work on /home/airflow/.local/lib/python3.12/site-packages/airflow/example_dags/example_xcomargs.py
[2024-12-02T10:39:43.514+0000] {processor.py:914} INFO - Processing file /home/airflow/.local/lib/python3.12/site-packages/airflow/example_dags/example_xcomargs.py for tasks to queue
[2024-12-02T10:39:43.521+0000] {logging_mixin.py:190} INFO - [2024-12-02T10:39:43.521+0000] {dagbag.py:588} INFO - Filling up the DagBag from /home/airflow/.local/lib/python3.12/site-packages/airflow/example_dags/example_xcomargs.py
[2024-12-02T10:39:43.609+0000] {processor.py:925} INFO - DAG(s) 'example_xcom_args', 'example_xcom_args_with_operators' retrieved from /home/airflow/.local/lib/python3.12/site-packages/airflow/example_dags/example_xcomargs.py
[2024-12-02T10:39:43.825+0000] {logging_mixin.py:190} INFO - [2024-12-02T10:39:43.824+0000] {dag.py:3239} INFO - Sync 2 DAGs
[2024-12-02T10:39:43.844+0000] {logging_mixin.py:190} INFO - [2024-12-02T10:39:43.843+0000] {dag.py:4180} INFO - Setting next_dagrun for example_xcom_args to None, run_after=None
[2024-12-02T10:39:43.848+0000] {logging_mixin.py:190} INFO - [2024-12-02T10:39:43.848+0000] {dag.py:4180} INFO - Setting next_dagrun for example_xcom_args_with_operators to None, run_after=None
[2024-12-02T10:39:44.098+0000] {processor.py:208} INFO - Processing /home/airflow/.local/lib/python3.12/site-packages/airflow/example_dags/example_xcomargs.py took 0.623 seconds
[2024-12-02T10:40:14.247+0000] {processor.py:186} INFO - Started process (PID=305) to work on /home/airflow/.local/lib/python3.12/site-packages/airflow/example_dags/example_xcomargs.py
[2024-12-02T10:40:14.248+0000] {processor.py:914} INFO - Processing file /home/airflow/.local/lib/python3.12/site-packages/airflow/example_dags/example_xcomargs.py for tasks to queue
[2024-12-02T10:40:14.251+0000] {logging_mixin.py:190} INFO - [2024-12-02T10:40:14.251+0000] {dagbag.py:588} INFO - Filling up the DagBag from /home/airflow/.local/lib/python3.12/site-packages/airflow/example_dags/example_xcomargs.py
[2024-12-02T10:40:14.260+0000] {processor.py:925} INFO - DAG(s) 'example_xcom_args', 'example_xcom_args_with_operators' retrieved from /home/airflow/.local/lib/python3.12/site-packages/airflow/example_dags/example_xcomargs.py
[2024-12-02T10:40:14.280+0000] {logging_mixin.py:190} INFO - [2024-12-02T10:40:14.279+0000] {dag.py:3239} INFO - Sync 2 DAGs
[2024-12-02T10:40:14.292+0000] {logging_mixin.py:190} INFO - [2024-12-02T10:40:14.291+0000] {dag.py:4180} INFO - Setting next_dagrun for example_xcom_args to None, run_after=None
[2024-12-02T10:40:14.296+0000] {logging_mixin.py:190} INFO - [2024-12-02T10:40:14.295+0000] {dag.py:4180} INFO - Setting next_dagrun for example_xcom_args_with_operators to None, run_after=None
[2024-12-02T10:40:14.314+0000] {processor.py:208} INFO - Processing /home/airflow/.local/lib/python3.12/site-packages/airflow/example_dags/example_xcomargs.py took 0.075 seconds
[2024-12-02T10:40:44.989+0000] {processor.py:186} INFO - Started process (PID=369) to work on /home/airflow/.local/lib/python3.12/site-packages/airflow/example_dags/example_xcomargs.py
[2024-12-02T10:40:44.992+0000] {processor.py:914} INFO - Processing file /home/airflow/.local/lib/python3.12/site-packages/airflow/example_dags/example_xcomargs.py for tasks to queue
[2024-12-02T10:40:44.993+0000] {logging_mixin.py:190} INFO - [2024-12-02T10:40:44.993+0000] {dagbag.py:588} INFO - Filling up the DagBag from /home/airflow/.local/lib/python3.12/site-packages/airflow/example_dags/example_xcomargs.py
[2024-12-02T10:40:45.002+0000] {processor.py:925} INFO - DAG(s) 'example_xcom_args_with_operators', 'example_xcom_args' retrieved from /home/airflow/.local/lib/python3.12/site-packages/airflow/example_dags/example_xcomargs.py
[2024-12-02T10:40:45.020+0000] {logging_mixin.py:190} INFO - [2024-12-02T10:40:45.020+0000] {dag.py:3239} INFO - Sync 2 DAGs
[2024-12-02T10:40:45.031+0000] {logging_mixin.py:190} INFO - [2024-12-02T10:40:45.031+0000] {dag.py:4180} INFO - Setting next_dagrun for example_xcom_args to None, run_after=None
[2024-12-02T10:40:45.034+0000] {logging_mixin.py:190} INFO - [2024-12-02T10:40:45.034+0000] {dag.py:4180} INFO - Setting next_dagrun for example_xcom_args_with_operators to None, run_after=None
[2024-12-02T10:40:45.047+0000] {processor.py:208} INFO - Processing /home/airflow/.local/lib/python3.12/site-packages/airflow/example_dags/example_xcomargs.py took 0.063 seconds
[2024-12-02T10:42:25.782+0000] {processor.py:186} INFO - Started process (PID=108) to work on /home/airflow/.local/lib/python3.12/site-packages/airflow/example_dags/example_xcomargs.py
[2024-12-02T10:42:25.794+0000] {processor.py:914} INFO - Processing file /home/airflow/.local/lib/python3.12/site-packages/airflow/example_dags/example_xcomargs.py for tasks to queue
[2024-12-02T10:42:25.796+0000] {logging_mixin.py:190} INFO - [2024-12-02T10:42:25.796+0000] {dagbag.py:588} INFO - Filling up the DagBag from /home/airflow/.local/lib/python3.12/site-packages/airflow/example_dags/example_xcomargs.py
[2024-12-02T10:42:25.812+0000] {processor.py:925} INFO - DAG(s) 'example_xcom_args', 'example_xcom_args_with_operators' retrieved from /home/airflow/.local/lib/python3.12/site-packages/airflow/example_dags/example_xcomargs.py
[2024-12-02T10:42:25.891+0000] {logging_mixin.py:190} INFO - [2024-12-02T10:42:25.890+0000] {dag.py:3239} INFO - Sync 2 DAGs
[2024-12-02T10:42:25.905+0000] {logging_mixin.py:190} INFO - [2024-12-02T10:42:25.905+0000] {dag.py:4180} INFO - Setting next_dagrun for example_xcom_args to None, run_after=None
[2024-12-02T10:42:25.909+0000] {logging_mixin.py:190} INFO - [2024-12-02T10:42:25.909+0000] {dag.py:4180} INFO - Setting next_dagrun for example_xcom_args_with_operators to None, run_after=None
[2024-12-02T10:42:26.097+0000] {processor.py:208} INFO - Processing /home/airflow/.local/lib/python3.12/site-packages/airflow/example_dags/example_xcomargs.py took 0.320 seconds
[2024-12-02T10:42:56.802+0000] {processor.py:186} INFO - Started process (PID=171) to work on /home/airflow/.local/lib/python3.12/site-packages/airflow/example_dags/example_xcomargs.py
[2024-12-02T10:42:56.803+0000] {processor.py:914} INFO - Processing file /home/airflow/.local/lib/python3.12/site-packages/airflow/example_dags/example_xcomargs.py for tasks to queue
[2024-12-02T10:42:56.806+0000] {logging_mixin.py:190} INFO - [2024-12-02T10:42:56.806+0000] {dagbag.py:588} INFO - Filling up the DagBag from /home/airflow/.local/lib/python3.12/site-packages/airflow/example_dags/example_xcomargs.py
[2024-12-02T10:42:56.821+0000] {processor.py:925} INFO - DAG(s) 'example_xcom_args_with_operators', 'example_xcom_args' retrieved from /home/airflow/.local/lib/python3.12/site-packages/airflow/example_dags/example_xcomargs.py
[2024-12-02T10:42:56.884+0000] {logging_mixin.py:190} INFO - [2024-12-02T10:42:56.884+0000] {dag.py:3239} INFO - Sync 2 DAGs
[2024-12-02T10:42:56.910+0000] {logging_mixin.py:190} INFO - [2024-12-02T10:42:56.910+0000] {dag.py:4180} INFO - Setting next_dagrun for example_xcom_args to None, run_after=None
[2024-12-02T10:42:56.915+0000] {logging_mixin.py:190} INFO - [2024-12-02T10:42:56.914+0000] {dag.py:4180} INFO - Setting next_dagrun for example_xcom_args_with_operators to None, run_after=None
[2024-12-02T10:42:56.948+0000] {processor.py:208} INFO - Processing /home/airflow/.local/lib/python3.12/site-packages/airflow/example_dags/example_xcomargs.py took 0.167 seconds
[2024-12-02T10:43:27.917+0000] {processor.py:186} INFO - Started process (PID=235) to work on /home/airflow/.local/lib/python3.12/site-packages/airflow/example_dags/example_xcomargs.py
[2024-12-02T10:43:27.919+0000] {processor.py:914} INFO - Processing file /home/airflow/.local/lib/python3.12/site-packages/airflow/example_dags/example_xcomargs.py for tasks to queue
[2024-12-02T10:43:27.921+0000] {logging_mixin.py:190} INFO - [2024-12-02T10:43:27.921+0000] {dagbag.py:588} INFO - Filling up the DagBag from /home/airflow/.local/lib/python3.12/site-packages/airflow/example_dags/example_xcomargs.py
[2024-12-02T10:43:27.929+0000] {processor.py:925} INFO - DAG(s) 'example_xcom_args', 'example_xcom_args_with_operators' retrieved from /home/airflow/.local/lib/python3.12/site-packages/airflow/example_dags/example_xcomargs.py
[2024-12-02T10:43:27.944+0000] {logging_mixin.py:190} INFO - [2024-12-02T10:43:27.944+0000] {dag.py:3239} INFO - Sync 2 DAGs
[2024-12-02T10:43:27.958+0000] {logging_mixin.py:190} INFO - [2024-12-02T10:43:27.958+0000] {dag.py:4180} INFO - Setting next_dagrun for example_xcom_args to None, run_after=None
[2024-12-02T10:43:27.961+0000] {logging_mixin.py:190} INFO - [2024-12-02T10:43:27.960+0000] {dag.py:4180} INFO - Setting next_dagrun for example_xcom_args_with_operators to None, run_after=None
[2024-12-02T10:43:27.972+0000] {processor.py:208} INFO - Processing /home/airflow/.local/lib/python3.12/site-packages/airflow/example_dags/example_xcomargs.py took 0.071 seconds
[2024-12-02T10:43:58.087+0000] {processor.py:186} INFO - Started process (PID=297) to work on /home/airflow/.local/lib/python3.12/site-packages/airflow/example_dags/example_xcomargs.py
[2024-12-02T10:43:58.088+0000] {processor.py:914} INFO - Processing file /home/airflow/.local/lib/python3.12/site-packages/airflow/example_dags/example_xcomargs.py for tasks to queue
[2024-12-02T10:43:58.090+0000] {logging_mixin.py:190} INFO - [2024-12-02T10:43:58.090+0000] {dagbag.py:588} INFO - Filling up the DagBag from /home/airflow/.local/lib/python3.12/site-packages/airflow/example_dags/example_xcomargs.py
[2024-12-02T10:43:58.102+0000] {processor.py:925} INFO - DAG(s) 'example_xcom_args', 'example_xcom_args_with_operators' retrieved from /home/airflow/.local/lib/python3.12/site-packages/airflow/example_dags/example_xcomargs.py
[2024-12-02T10:43:58.135+0000] {logging_mixin.py:190} INFO - [2024-12-02T10:43:58.135+0000] {dag.py:3239} INFO - Sync 2 DAGs
[2024-12-02T10:43:58.145+0000] {logging_mixin.py:190} INFO - [2024-12-02T10:43:58.145+0000] {dag.py:4180} INFO - Setting next_dagrun for example_xcom_args to None, run_after=None
[2024-12-02T10:43:58.148+0000] {logging_mixin.py:190} INFO - [2024-12-02T10:43:58.148+0000] {dag.py:4180} INFO - Setting next_dagrun for example_xcom_args_with_operators to None, run_after=None
[2024-12-02T10:43:58.162+0000] {processor.py:208} INFO - Processing /home/airflow/.local/lib/python3.12/site-packages/airflow/example_dags/example_xcomargs.py took 0.080 seconds
[2024-12-02T10:44:29.996+0000] {processor.py:186} INFO - Started process (PID=361) to work on /home/airflow/.local/lib/python3.12/site-packages/airflow/example_dags/example_xcomargs.py
[2024-12-02T10:44:30.006+0000] {processor.py:914} INFO - Processing file /home/airflow/.local/lib/python3.12/site-packages/airflow/example_dags/example_xcomargs.py for tasks to queue
[2024-12-02T10:44:30.008+0000] {logging_mixin.py:190} INFO - [2024-12-02T10:44:30.008+0000] {dagbag.py:588} INFO - Filling up the DagBag from /home/airflow/.local/lib/python3.12/site-packages/airflow/example_dags/example_xcomargs.py
[2024-12-02T10:44:30.025+0000] {processor.py:925} INFO - DAG(s) 'example_xcom_args_with_operators', 'example_xcom_args' retrieved from /home/airflow/.local/lib/python3.12/site-packages/airflow/example_dags/example_xcomargs.py
[2024-12-02T10:44:30.050+0000] {logging_mixin.py:190} INFO - [2024-12-02T10:44:30.049+0000] {dag.py:3239} INFO - Sync 2 DAGs
[2024-12-02T10:44:30.065+0000] {logging_mixin.py:190} INFO - [2024-12-02T10:44:30.065+0000] {dag.py:4180} INFO - Setting next_dagrun for example_xcom_args to None, run_after=None
[2024-12-02T10:44:30.069+0000] {logging_mixin.py:190} INFO - [2024-12-02T10:44:30.068+0000] {dag.py:4180} INFO - Setting next_dagrun for example_xcom_args_with_operators to None, run_after=None
[2024-12-02T10:44:30.089+0000] {processor.py:208} INFO - Processing /home/airflow/.local/lib/python3.12/site-packages/airflow/example_dags/example_xcomargs.py took 0.098 seconds
[2024-12-02T10:45:06.619+0000] {processor.py:186} INFO - Started process (PID=427) to work on /home/airflow/.local/lib/python3.12/site-packages/airflow/example_dags/example_xcomargs.py
[2024-12-02T10:45:06.622+0000] {processor.py:914} INFO - Processing file /home/airflow/.local/lib/python3.12/site-packages/airflow/example_dags/example_xcomargs.py for tasks to queue
[2024-12-02T10:45:06.625+0000] {logging_mixin.py:190} INFO - [2024-12-02T10:45:06.624+0000] {dagbag.py:588} INFO - Filling up the DagBag from /home/airflow/.local/lib/python3.12/site-packages/airflow/example_dags/example_xcomargs.py
[2024-12-02T10:45:06.659+0000] {processor.py:925} INFO - DAG(s) 'example_xcom_args_with_operators', 'example_xcom_args' retrieved from /home/airflow/.local/lib/python3.12/site-packages/airflow/example_dags/example_xcomargs.py
[2024-12-02T10:45:06.694+0000] {logging_mixin.py:190} INFO - [2024-12-02T10:45:06.694+0000] {dag.py:3239} INFO - Sync 2 DAGs
[2024-12-02T10:45:06.720+0000] {logging_mixin.py:190} INFO - [2024-12-02T10:45:06.720+0000] {dag.py:4180} INFO - Setting next_dagrun for example_xcom_args to None, run_after=None
[2024-12-02T10:45:06.729+0000] {logging_mixin.py:190} INFO - [2024-12-02T10:45:06.729+0000] {dag.py:4180} INFO - Setting next_dagrun for example_xcom_args_with_operators to None, run_after=None
[2024-12-02T10:45:06.760+0000] {processor.py:208} INFO - Processing /home/airflow/.local/lib/python3.12/site-packages/airflow/example_dags/example_xcomargs.py took 0.165 seconds
[2024-12-02T10:45:38.096+0000] {processor.py:186} INFO - Started process (PID=491) to work on /home/airflow/.local/lib/python3.12/site-packages/airflow/example_dags/example_xcomargs.py
[2024-12-02T10:45:38.116+0000] {processor.py:914} INFO - Processing file /home/airflow/.local/lib/python3.12/site-packages/airflow/example_dags/example_xcomargs.py for tasks to queue
[2024-12-02T10:45:38.132+0000] {logging_mixin.py:190} INFO - [2024-12-02T10:45:38.132+0000] {dagbag.py:588} INFO - Filling up the DagBag from /home/airflow/.local/lib/python3.12/site-packages/airflow/example_dags/example_xcomargs.py
[2024-12-02T10:45:38.148+0000] {processor.py:925} INFO - DAG(s) 'example_xcom_args_with_operators', 'example_xcom_args' retrieved from /home/airflow/.local/lib/python3.12/site-packages/airflow/example_dags/example_xcomargs.py
[2024-12-02T10:45:38.193+0000] {logging_mixin.py:190} INFO - [2024-12-02T10:45:38.193+0000] {dag.py:3239} INFO - Sync 2 DAGs
[2024-12-02T10:45:38.216+0000] {logging_mixin.py:190} INFO - [2024-12-02T10:45:38.215+0000] {dag.py:4180} INFO - Setting next_dagrun for example_xcom_args to None, run_after=None
[2024-12-02T10:45:38.221+0000] {logging_mixin.py:190} INFO - [2024-12-02T10:45:38.221+0000] {dag.py:4180} INFO - Setting next_dagrun for example_xcom_args_with_operators to None, run_after=None
[2024-12-02T10:45:38.277+0000] {processor.py:208} INFO - Processing /home/airflow/.local/lib/python3.12/site-packages/airflow/example_dags/example_xcomargs.py took 0.187 seconds
[2024-12-02T10:46:08.877+0000] {processor.py:186} INFO - Started process (PID=556) to work on /home/airflow/.local/lib/python3.12/site-packages/airflow/example_dags/example_xcomargs.py
[2024-12-02T10:46:08.900+0000] {processor.py:914} INFO - Processing file /home/airflow/.local/lib/python3.12/site-packages/airflow/example_dags/example_xcomargs.py for tasks to queue
[2024-12-02T10:46:08.901+0000] {logging_mixin.py:190} INFO - [2024-12-02T10:46:08.901+0000] {dagbag.py:588} INFO - Filling up the DagBag from /home/airflow/.local/lib/python3.12/site-packages/airflow/example_dags/example_xcomargs.py
[2024-12-02T10:46:08.908+0000] {processor.py:925} INFO - DAG(s) 'example_xcom_args_with_operators', 'example_xcom_args' retrieved from /home/airflow/.local/lib/python3.12/site-packages/airflow/example_dags/example_xcomargs.py
[2024-12-02T10:46:08.951+0000] {logging_mixin.py:190} INFO - [2024-12-02T10:46:08.951+0000] {dag.py:3239} INFO - Sync 2 DAGs
[2024-12-02T10:46:08.978+0000] {logging_mixin.py:190} INFO - [2024-12-02T10:46:08.978+0000] {dag.py:4180} INFO - Setting next_dagrun for example_xcom_args to None, run_after=None
[2024-12-02T10:46:08.981+0000] {logging_mixin.py:190} INFO - [2024-12-02T10:46:08.981+0000] {dag.py:4180} INFO - Setting next_dagrun for example_xcom_args_with_operators to None, run_after=None
[2024-12-02T10:46:09.040+0000] {processor.py:208} INFO - Processing /home/airflow/.local/lib/python3.12/site-packages/airflow/example_dags/example_xcomargs.py took 0.168 seconds
[2024-12-02T10:46:40.739+0000] {processor.py:186} INFO - Started process (PID=618) to work on /home/airflow/.local/lib/python3.12/site-packages/airflow/example_dags/example_xcomargs.py
[2024-12-02T10:46:40.745+0000] {processor.py:914} INFO - Processing file /home/airflow/.local/lib/python3.12/site-packages/airflow/example_dags/example_xcomargs.py for tasks to queue
[2024-12-02T10:46:40.765+0000] {logging_mixin.py:190} INFO - [2024-12-02T10:46:40.762+0000] {dagbag.py:588} INFO - Filling up the DagBag from /home/airflow/.local/lib/python3.12/site-packages/airflow/example_dags/example_xcomargs.py
[2024-12-02T10:46:40.806+0000] {processor.py:925} INFO - DAG(s) 'example_xcom_args_with_operators', 'example_xcom_args' retrieved from /home/airflow/.local/lib/python3.12/site-packages/airflow/example_dags/example_xcomargs.py
[2024-12-02T10:46:40.946+0000] {logging_mixin.py:190} INFO - [2024-12-02T10:46:40.945+0000] {dag.py:3239} INFO - Sync 2 DAGs
[2024-12-02T10:46:41.041+0000] {logging_mixin.py:190} INFO - [2024-12-02T10:46:41.040+0000] {dag.py:4180} INFO - Setting next_dagrun for example_xcom_args to None, run_after=None
[2024-12-02T10:46:41.071+0000] {logging_mixin.py:190} INFO - [2024-12-02T10:46:41.068+0000] {dag.py:4180} INFO - Setting next_dagrun for example_xcom_args_with_operators to None, run_after=None
[2024-12-02T10:46:41.161+0000] {processor.py:208} INFO - Processing /home/airflow/.local/lib/python3.12/site-packages/airflow/example_dags/example_xcomargs.py took 0.439 seconds
[2024-12-02T10:58:25.270+0000] {processor.py:186} INFO - Started process (PID=114) to work on /home/airflow/.local/lib/python3.12/site-packages/airflow/example_dags/example_xcomargs.py
[2024-12-02T10:58:25.276+0000] {processor.py:914} INFO - Processing file /home/airflow/.local/lib/python3.12/site-packages/airflow/example_dags/example_xcomargs.py for tasks to queue
[2024-12-02T10:58:25.282+0000] {logging_mixin.py:190} INFO - [2024-12-02T10:58:25.282+0000] {dagbag.py:588} INFO - Filling up the DagBag from /home/airflow/.local/lib/python3.12/site-packages/airflow/example_dags/example_xcomargs.py
[2024-12-02T10:58:25.290+0000] {processor.py:925} INFO - DAG(s) 'example_xcom_args', 'example_xcom_args_with_operators' retrieved from /home/airflow/.local/lib/python3.12/site-packages/airflow/example_dags/example_xcomargs.py
[2024-12-02T10:58:25.354+0000] {logging_mixin.py:190} INFO - [2024-12-02T10:58:25.354+0000] {dag.py:3239} INFO - Sync 2 DAGs
[2024-12-02T10:58:25.384+0000] {logging_mixin.py:190} INFO - [2024-12-02T10:58:25.384+0000] {dag.py:4180} INFO - Setting next_dagrun for example_xcom_args to None, run_after=None
[2024-12-02T10:58:25.404+0000] {logging_mixin.py:190} INFO - [2024-12-02T10:58:25.404+0000] {dag.py:4180} INFO - Setting next_dagrun for example_xcom_args_with_operators to None, run_after=None
[2024-12-02T10:58:25.438+0000] {processor.py:208} INFO - Processing /home/airflow/.local/lib/python3.12/site-packages/airflow/example_dags/example_xcomargs.py took 0.174 seconds
[2024-12-02T10:58:58.500+0000] {processor.py:186} INFO - Started process (PID=179) to work on /home/airflow/.local/lib/python3.12/site-packages/airflow/example_dags/example_xcomargs.py
[2024-12-02T10:58:58.525+0000] {processor.py:914} INFO - Processing file /home/airflow/.local/lib/python3.12/site-packages/airflow/example_dags/example_xcomargs.py for tasks to queue
[2024-12-02T10:58:58.595+0000] {logging_mixin.py:190} INFO - [2024-12-02T10:58:58.595+0000] {dagbag.py:588} INFO - Filling up the DagBag from /home/airflow/.local/lib/python3.12/site-packages/airflow/example_dags/example_xcomargs.py
[2024-12-02T10:58:58.602+0000] {processor.py:925} INFO - DAG(s) 'example_xcom_args_with_operators', 'example_xcom_args' retrieved from /home/airflow/.local/lib/python3.12/site-packages/airflow/example_dags/example_xcomargs.py
[2024-12-02T10:58:58.723+0000] {logging_mixin.py:190} INFO - [2024-12-02T10:58:58.723+0000] {dag.py:3239} INFO - Sync 2 DAGs
[2024-12-02T10:58:58.796+0000] {logging_mixin.py:190} INFO - [2024-12-02T10:58:58.796+0000] {dag.py:4180} INFO - Setting next_dagrun for example_xcom_args to None, run_after=None
[2024-12-02T10:58:58.825+0000] {logging_mixin.py:190} INFO - [2024-12-02T10:58:58.825+0000] {dag.py:4180} INFO - Setting next_dagrun for example_xcom_args_with_operators to None, run_after=None
[2024-12-02T10:58:58.928+0000] {processor.py:208} INFO - Processing /home/airflow/.local/lib/python3.12/site-packages/airflow/example_dags/example_xcomargs.py took 0.445 seconds
[2024-12-02T10:59:31.513+0000] {processor.py:186} INFO - Started process (PID=243) to work on /home/airflow/.local/lib/python3.12/site-packages/airflow/example_dags/example_xcomargs.py
[2024-12-02T10:59:31.514+0000] {processor.py:914} INFO - Processing file /home/airflow/.local/lib/python3.12/site-packages/airflow/example_dags/example_xcomargs.py for tasks to queue
[2024-12-02T10:59:31.520+0000] {logging_mixin.py:190} INFO - [2024-12-02T10:59:31.520+0000] {dagbag.py:588} INFO - Filling up the DagBag from /home/airflow/.local/lib/python3.12/site-packages/airflow/example_dags/example_xcomargs.py
[2024-12-02T10:59:31.579+0000] {processor.py:925} INFO - DAG(s) 'example_xcom_args', 'example_xcom_args_with_operators' retrieved from /home/airflow/.local/lib/python3.12/site-packages/airflow/example_dags/example_xcomargs.py
[2024-12-02T10:59:31.742+0000] {logging_mixin.py:190} INFO - [2024-12-02T10:59:31.742+0000] {dag.py:3239} INFO - Sync 2 DAGs
[2024-12-02T10:59:32.132+0000] {logging_mixin.py:190} INFO - [2024-12-02T10:59:32.132+0000] {dag.py:4180} INFO - Setting next_dagrun for example_xcom_args to None, run_after=None
[2024-12-02T10:59:32.138+0000] {logging_mixin.py:190} INFO - [2024-12-02T10:59:32.137+0000] {dag.py:4180} INFO - Setting next_dagrun for example_xcom_args_with_operators to None, run_after=None
[2024-12-02T10:59:32.790+0000] {processor.py:208} INFO - Processing /home/airflow/.local/lib/python3.12/site-packages/airflow/example_dags/example_xcomargs.py took 1.369 seconds
[2024-12-02T11:00:03.729+0000] {processor.py:186} INFO - Started process (PID=306) to work on /home/airflow/.local/lib/python3.12/site-packages/airflow/example_dags/example_xcomargs.py
[2024-12-02T11:00:03.730+0000] {processor.py:914} INFO - Processing file /home/airflow/.local/lib/python3.12/site-packages/airflow/example_dags/example_xcomargs.py for tasks to queue
[2024-12-02T11:00:03.732+0000] {logging_mixin.py:190} INFO - [2024-12-02T11:00:03.731+0000] {dagbag.py:588} INFO - Filling up the DagBag from /home/airflow/.local/lib/python3.12/site-packages/airflow/example_dags/example_xcomargs.py
[2024-12-02T11:00:03.739+0000] {processor.py:925} INFO - DAG(s) 'example_xcom_args', 'example_xcom_args_with_operators' retrieved from /home/airflow/.local/lib/python3.12/site-packages/airflow/example_dags/example_xcomargs.py
[2024-12-02T11:00:03.756+0000] {logging_mixin.py:190} INFO - [2024-12-02T11:00:03.756+0000] {dag.py:3239} INFO - Sync 2 DAGs
[2024-12-02T11:00:03.766+0000] {logging_mixin.py:190} INFO - [2024-12-02T11:00:03.766+0000] {dag.py:4180} INFO - Setting next_dagrun for example_xcom_args to None, run_after=None
[2024-12-02T11:00:03.769+0000] {logging_mixin.py:190} INFO - [2024-12-02T11:00:03.769+0000] {dag.py:4180} INFO - Setting next_dagrun for example_xcom_args_with_operators to None, run_after=None
[2024-12-02T11:00:03.785+0000] {processor.py:208} INFO - Processing /home/airflow/.local/lib/python3.12/site-packages/airflow/example_dags/example_xcomargs.py took 0.061 seconds
[2024-12-02T11:00:34.462+0000] {processor.py:186} INFO - Started process (PID=369) to work on /home/airflow/.local/lib/python3.12/site-packages/airflow/example_dags/example_xcomargs.py
[2024-12-02T11:00:34.466+0000] {processor.py:914} INFO - Processing file /home/airflow/.local/lib/python3.12/site-packages/airflow/example_dags/example_xcomargs.py for tasks to queue
[2024-12-02T11:00:34.469+0000] {logging_mixin.py:190} INFO - [2024-12-02T11:00:34.469+0000] {dagbag.py:588} INFO - Filling up the DagBag from /home/airflow/.local/lib/python3.12/site-packages/airflow/example_dags/example_xcomargs.py
[2024-12-02T11:00:34.477+0000] {processor.py:925} INFO - DAG(s) 'example_xcom_args', 'example_xcom_args_with_operators' retrieved from /home/airflow/.local/lib/python3.12/site-packages/airflow/example_dags/example_xcomargs.py
[2024-12-02T11:00:34.495+0000] {logging_mixin.py:190} INFO - [2024-12-02T11:00:34.495+0000] {dag.py:3239} INFO - Sync 2 DAGs
[2024-12-02T11:00:34.505+0000] {logging_mixin.py:190} INFO - [2024-12-02T11:00:34.505+0000] {dag.py:4180} INFO - Setting next_dagrun for example_xcom_args to None, run_after=None
[2024-12-02T11:00:34.507+0000] {logging_mixin.py:190} INFO - [2024-12-02T11:00:34.507+0000] {dag.py:4180} INFO - Setting next_dagrun for example_xcom_args_with_operators to None, run_after=None
[2024-12-02T11:00:34.519+0000] {processor.py:208} INFO - Processing /home/airflow/.local/lib/python3.12/site-packages/airflow/example_dags/example_xcomargs.py took 0.061 seconds
[2024-12-02T11:01:04.902+0000] {processor.py:186} INFO - Started process (PID=433) to work on /home/airflow/.local/lib/python3.12/site-packages/airflow/example_dags/example_xcomargs.py
[2024-12-02T11:01:04.903+0000] {processor.py:914} INFO - Processing file /home/airflow/.local/lib/python3.12/site-packages/airflow/example_dags/example_xcomargs.py for tasks to queue
[2024-12-02T11:01:04.904+0000] {logging_mixin.py:190} INFO - [2024-12-02T11:01:04.904+0000] {dagbag.py:588} INFO - Filling up the DagBag from /home/airflow/.local/lib/python3.12/site-packages/airflow/example_dags/example_xcomargs.py
[2024-12-02T11:01:04.915+0000] {processor.py:925} INFO - DAG(s) 'example_xcom_args', 'example_xcom_args_with_operators' retrieved from /home/airflow/.local/lib/python3.12/site-packages/airflow/example_dags/example_xcomargs.py
[2024-12-02T11:01:04.963+0000] {logging_mixin.py:190} INFO - [2024-12-02T11:01:04.963+0000] {dag.py:3239} INFO - Sync 2 DAGs
[2024-12-02T11:01:04.981+0000] {logging_mixin.py:190} INFO - [2024-12-02T11:01:04.981+0000] {dag.py:4180} INFO - Setting next_dagrun for example_xcom_args to None, run_after=None
[2024-12-02T11:01:04.990+0000] {logging_mixin.py:190} INFO - [2024-12-02T11:01:04.990+0000] {dag.py:4180} INFO - Setting next_dagrun for example_xcom_args_with_operators to None, run_after=None
[2024-12-02T11:01:05.020+0000] {processor.py:208} INFO - Processing /home/airflow/.local/lib/python3.12/site-packages/airflow/example_dags/example_xcomargs.py took 0.129 seconds
[2024-12-02T11:01:35.415+0000] {processor.py:186} INFO - Started process (PID=497) to work on /home/airflow/.local/lib/python3.12/site-packages/airflow/example_dags/example_xcomargs.py
[2024-12-02T11:01:35.418+0000] {processor.py:914} INFO - Processing file /home/airflow/.local/lib/python3.12/site-packages/airflow/example_dags/example_xcomargs.py for tasks to queue
[2024-12-02T11:01:35.420+0000] {logging_mixin.py:190} INFO - [2024-12-02T11:01:35.420+0000] {dagbag.py:588} INFO - Filling up the DagBag from /home/airflow/.local/lib/python3.12/site-packages/airflow/example_dags/example_xcomargs.py
[2024-12-02T11:01:35.433+0000] {processor.py:925} INFO - DAG(s) 'example_xcom_args_with_operators', 'example_xcom_args' retrieved from /home/airflow/.local/lib/python3.12/site-packages/airflow/example_dags/example_xcomargs.py
[2024-12-02T11:01:35.450+0000] {logging_mixin.py:190} INFO - [2024-12-02T11:01:35.450+0000] {dag.py:3239} INFO - Sync 2 DAGs
[2024-12-02T11:01:35.465+0000] {logging_mixin.py:190} INFO - [2024-12-02T11:01:35.465+0000] {dag.py:4180} INFO - Setting next_dagrun for example_xcom_args to None, run_after=None
[2024-12-02T11:01:35.469+0000] {logging_mixin.py:190} INFO - [2024-12-02T11:01:35.469+0000] {dag.py:4180} INFO - Setting next_dagrun for example_xcom_args_with_operators to None, run_after=None
[2024-12-02T11:01:35.492+0000] {processor.py:208} INFO - Processing /home/airflow/.local/lib/python3.12/site-packages/airflow/example_dags/example_xcomargs.py took 0.083 seconds
[2024-12-02T11:02:09.440+0000] {processor.py:186} INFO - Started process (PID=561) to work on /home/airflow/.local/lib/python3.12/site-packages/airflow/example_dags/example_xcomargs.py
[2024-12-02T11:02:09.441+0000] {processor.py:914} INFO - Processing file /home/airflow/.local/lib/python3.12/site-packages/airflow/example_dags/example_xcomargs.py for tasks to queue
[2024-12-02T11:02:09.442+0000] {logging_mixin.py:190} INFO - [2024-12-02T11:02:09.442+0000] {dagbag.py:588} INFO - Filling up the DagBag from /home/airflow/.local/lib/python3.12/site-packages/airflow/example_dags/example_xcomargs.py
[2024-12-02T11:02:09.449+0000] {processor.py:925} INFO - DAG(s) 'example_xcom_args_with_operators', 'example_xcom_args' retrieved from /home/airflow/.local/lib/python3.12/site-packages/airflow/example_dags/example_xcomargs.py
[2024-12-02T11:02:09.463+0000] {logging_mixin.py:190} INFO - [2024-12-02T11:02:09.463+0000] {dag.py:3239} INFO - Sync 2 DAGs
[2024-12-02T11:02:09.473+0000] {logging_mixin.py:190} INFO - [2024-12-02T11:02:09.473+0000] {dag.py:4180} INFO - Setting next_dagrun for example_xcom_args to None, run_after=None
[2024-12-02T11:02:09.476+0000] {logging_mixin.py:190} INFO - [2024-12-02T11:02:09.476+0000] {dag.py:4180} INFO - Setting next_dagrun for example_xcom_args_with_operators to None, run_after=None
[2024-12-02T11:02:09.490+0000] {processor.py:208} INFO - Processing /home/airflow/.local/lib/python3.12/site-packages/airflow/example_dags/example_xcomargs.py took 0.054 seconds
[2024-12-02T11:02:44.929+0000] {processor.py:186} INFO - Started process (PID=623) to work on /home/airflow/.local/lib/python3.12/site-packages/airflow/example_dags/example_xcomargs.py
[2024-12-02T11:02:44.964+0000] {processor.py:914} INFO - Processing file /home/airflow/.local/lib/python3.12/site-packages/airflow/example_dags/example_xcomargs.py for tasks to queue
[2024-12-02T11:02:44.967+0000] {logging_mixin.py:190} INFO - [2024-12-02T11:02:44.967+0000] {dagbag.py:588} INFO - Filling up the DagBag from /home/airflow/.local/lib/python3.12/site-packages/airflow/example_dags/example_xcomargs.py
[2024-12-02T11:02:45.054+0000] {processor.py:925} INFO - DAG(s) 'example_xcom_args_with_operators', 'example_xcom_args' retrieved from /home/airflow/.local/lib/python3.12/site-packages/airflow/example_dags/example_xcomargs.py
[2024-12-02T11:02:45.191+0000] {logging_mixin.py:190} INFO - [2024-12-02T11:02:45.190+0000] {dag.py:3239} INFO - Sync 2 DAGs
[2024-12-02T11:02:45.259+0000] {logging_mixin.py:190} INFO - [2024-12-02T11:02:45.259+0000] {dag.py:4180} INFO - Setting next_dagrun for example_xcom_args to None, run_after=None
[2024-12-02T11:02:45.279+0000] {logging_mixin.py:190} INFO - [2024-12-02T11:02:45.279+0000] {dag.py:4180} INFO - Setting next_dagrun for example_xcom_args_with_operators to None, run_after=None
[2024-12-02T11:02:45.367+0000] {processor.py:208} INFO - Processing /home/airflow/.local/lib/python3.12/site-packages/airflow/example_dags/example_xcomargs.py took 0.508 seconds
[2024-12-02T11:03:19.523+0000] {processor.py:186} INFO - Started process (PID=687) to work on /home/airflow/.local/lib/python3.12/site-packages/airflow/example_dags/example_xcomargs.py
[2024-12-02T11:03:19.526+0000] {processor.py:914} INFO - Processing file /home/airflow/.local/lib/python3.12/site-packages/airflow/example_dags/example_xcomargs.py for tasks to queue
[2024-12-02T11:03:19.531+0000] {logging_mixin.py:190} INFO - [2024-12-02T11:03:19.531+0000] {dagbag.py:588} INFO - Filling up the DagBag from /home/airflow/.local/lib/python3.12/site-packages/airflow/example_dags/example_xcomargs.py
[2024-12-02T11:03:19.571+0000] {processor.py:925} INFO - DAG(s) 'example_xcom_args_with_operators', 'example_xcom_args' retrieved from /home/airflow/.local/lib/python3.12/site-packages/airflow/example_dags/example_xcomargs.py
[2024-12-02T11:03:19.646+0000] {logging_mixin.py:190} INFO - [2024-12-02T11:03:19.646+0000] {dag.py:3239} INFO - Sync 2 DAGs
[2024-12-02T11:03:19.669+0000] {logging_mixin.py:190} INFO - [2024-12-02T11:03:19.669+0000] {dag.py:4180} INFO - Setting next_dagrun for example_xcom_args to None, run_after=None
[2024-12-02T11:03:19.672+0000] {logging_mixin.py:190} INFO - [2024-12-02T11:03:19.672+0000] {dag.py:4180} INFO - Setting next_dagrun for example_xcom_args_with_operators to None, run_after=None
[2024-12-02T11:03:19.702+0000] {processor.py:208} INFO - Processing /home/airflow/.local/lib/python3.12/site-packages/airflow/example_dags/example_xcomargs.py took 0.193 seconds
[2024-12-02T11:03:52.654+0000] {processor.py:186} INFO - Started process (PID=759) to work on /home/airflow/.local/lib/python3.12/site-packages/airflow/example_dags/example_xcomargs.py
[2024-12-02T11:03:52.655+0000] {processor.py:914} INFO - Processing file /home/airflow/.local/lib/python3.12/site-packages/airflow/example_dags/example_xcomargs.py for tasks to queue
[2024-12-02T11:03:52.657+0000] {logging_mixin.py:190} INFO - [2024-12-02T11:03:52.657+0000] {dagbag.py:588} INFO - Filling up the DagBag from /home/airflow/.local/lib/python3.12/site-packages/airflow/example_dags/example_xcomargs.py
[2024-12-02T11:03:52.664+0000] {processor.py:925} INFO - DAG(s) 'example_xcom_args_with_operators', 'example_xcom_args' retrieved from /home/airflow/.local/lib/python3.12/site-packages/airflow/example_dags/example_xcomargs.py
[2024-12-02T11:03:52.680+0000] {logging_mixin.py:190} INFO - [2024-12-02T11:03:52.680+0000] {dag.py:3239} INFO - Sync 2 DAGs
[2024-12-02T11:03:52.692+0000] {logging_mixin.py:190} INFO - [2024-12-02T11:03:52.692+0000] {dag.py:4180} INFO - Setting next_dagrun for example_xcom_args to None, run_after=None
[2024-12-02T11:03:52.695+0000] {logging_mixin.py:190} INFO - [2024-12-02T11:03:52.695+0000] {dag.py:4180} INFO - Setting next_dagrun for example_xcom_args_with_operators to None, run_after=None
[2024-12-02T11:03:52.706+0000] {processor.py:208} INFO - Processing /home/airflow/.local/lib/python3.12/site-packages/airflow/example_dags/example_xcomargs.py took 0.057 seconds
[2024-12-02T11:04:27.520+0000] {processor.py:186} INFO - Started process (PID=831) to work on /home/airflow/.local/lib/python3.12/site-packages/airflow/example_dags/example_xcomargs.py
[2024-12-02T11:04:27.522+0000] {processor.py:914} INFO - Processing file /home/airflow/.local/lib/python3.12/site-packages/airflow/example_dags/example_xcomargs.py for tasks to queue
[2024-12-02T11:04:27.523+0000] {logging_mixin.py:190} INFO - [2024-12-02T11:04:27.523+0000] {dagbag.py:588} INFO - Filling up the DagBag from /home/airflow/.local/lib/python3.12/site-packages/airflow/example_dags/example_xcomargs.py
[2024-12-02T11:04:27.531+0000] {processor.py:925} INFO - DAG(s) 'example_xcom_args', 'example_xcom_args_with_operators' retrieved from /home/airflow/.local/lib/python3.12/site-packages/airflow/example_dags/example_xcomargs.py
[2024-12-02T11:04:27.546+0000] {logging_mixin.py:190} INFO - [2024-12-02T11:04:27.546+0000] {dag.py:3239} INFO - Sync 2 DAGs
[2024-12-02T11:04:27.556+0000] {logging_mixin.py:190} INFO - [2024-12-02T11:04:27.556+0000] {dag.py:4180} INFO - Setting next_dagrun for example_xcom_args to None, run_after=None
[2024-12-02T11:04:27.559+0000] {logging_mixin.py:190} INFO - [2024-12-02T11:04:27.559+0000] {dag.py:4180} INFO - Setting next_dagrun for example_xcom_args_with_operators to None, run_after=None
[2024-12-02T11:04:27.570+0000] {processor.py:208} INFO - Processing /home/airflow/.local/lib/python3.12/site-packages/airflow/example_dags/example_xcomargs.py took 0.055 seconds
[2024-12-02T11:05:02.479+0000] {processor.py:186} INFO - Started process (PID=908) to work on /home/airflow/.local/lib/python3.12/site-packages/airflow/example_dags/example_xcomargs.py
[2024-12-02T11:05:02.479+0000] {processor.py:914} INFO - Processing file /home/airflow/.local/lib/python3.12/site-packages/airflow/example_dags/example_xcomargs.py for tasks to queue
[2024-12-02T11:05:02.481+0000] {logging_mixin.py:190} INFO - [2024-12-02T11:05:02.481+0000] {dagbag.py:588} INFO - Filling up the DagBag from /home/airflow/.local/lib/python3.12/site-packages/airflow/example_dags/example_xcomargs.py
[2024-12-02T11:05:02.490+0000] {processor.py:925} INFO - DAG(s) 'example_xcom_args_with_operators', 'example_xcom_args' retrieved from /home/airflow/.local/lib/python3.12/site-packages/airflow/example_dags/example_xcomargs.py
[2024-12-02T11:05:02.508+0000] {logging_mixin.py:190} INFO - [2024-12-02T11:05:02.507+0000] {dag.py:3239} INFO - Sync 2 DAGs
[2024-12-02T11:05:02.518+0000] {logging_mixin.py:190} INFO - [2024-12-02T11:05:02.518+0000] {dag.py:4180} INFO - Setting next_dagrun for example_xcom_args to None, run_after=None
[2024-12-02T11:05:02.521+0000] {logging_mixin.py:190} INFO - [2024-12-02T11:05:02.521+0000] {dag.py:4180} INFO - Setting next_dagrun for example_xcom_args_with_operators to None, run_after=None
[2024-12-02T11:05:02.535+0000] {processor.py:208} INFO - Processing /home/airflow/.local/lib/python3.12/site-packages/airflow/example_dags/example_xcomargs.py took 0.061 seconds
[2024-12-02T11:05:32.856+0000] {processor.py:186} INFO - Started process (PID=972) to work on /home/airflow/.local/lib/python3.12/site-packages/airflow/example_dags/example_xcomargs.py
[2024-12-02T11:05:32.858+0000] {processor.py:914} INFO - Processing file /home/airflow/.local/lib/python3.12/site-packages/airflow/example_dags/example_xcomargs.py for tasks to queue
[2024-12-02T11:05:32.860+0000] {logging_mixin.py:190} INFO - [2024-12-02T11:05:32.860+0000] {dagbag.py:588} INFO - Filling up the DagBag from /home/airflow/.local/lib/python3.12/site-packages/airflow/example_dags/example_xcomargs.py
[2024-12-02T11:05:32.867+0000] {processor.py:925} INFO - DAG(s) 'example_xcom_args_with_operators', 'example_xcom_args' retrieved from /home/airflow/.local/lib/python3.12/site-packages/airflow/example_dags/example_xcomargs.py
[2024-12-02T11:05:32.886+0000] {logging_mixin.py:190} INFO - [2024-12-02T11:05:32.886+0000] {dag.py:3239} INFO - Sync 2 DAGs
[2024-12-02T11:05:32.899+0000] {logging_mixin.py:190} INFO - [2024-12-02T11:05:32.897+0000] {dag.py:4180} INFO - Setting next_dagrun for example_xcom_args to None, run_after=None
[2024-12-02T11:05:32.902+0000] {logging_mixin.py:190} INFO - [2024-12-02T11:05:32.902+0000] {dag.py:4180} INFO - Setting next_dagrun for example_xcom_args_with_operators to None, run_after=None
[2024-12-02T11:05:32.914+0000] {processor.py:208} INFO - Processing /home/airflow/.local/lib/python3.12/site-packages/airflow/example_dags/example_xcomargs.py took 0.062 seconds
[2024-12-02T11:06:03.440+0000] {processor.py:186} INFO - Started process (PID=1029) to work on /home/airflow/.local/lib/python3.12/site-packages/airflow/example_dags/example_xcomargs.py
[2024-12-02T11:06:03.441+0000] {processor.py:914} INFO - Processing file /home/airflow/.local/lib/python3.12/site-packages/airflow/example_dags/example_xcomargs.py for tasks to queue
[2024-12-02T11:06:03.442+0000] {logging_mixin.py:190} INFO - [2024-12-02T11:06:03.442+0000] {dagbag.py:588} INFO - Filling up the DagBag from /home/airflow/.local/lib/python3.12/site-packages/airflow/example_dags/example_xcomargs.py
[2024-12-02T11:06:03.449+0000] {processor.py:925} INFO - DAG(s) 'example_xcom_args', 'example_xcom_args_with_operators' retrieved from /home/airflow/.local/lib/python3.12/site-packages/airflow/example_dags/example_xcomargs.py
[2024-12-02T11:06:03.464+0000] {logging_mixin.py:190} INFO - [2024-12-02T11:06:03.464+0000] {dag.py:3239} INFO - Sync 2 DAGs
[2024-12-02T11:06:03.474+0000] {logging_mixin.py:190} INFO - [2024-12-02T11:06:03.474+0000] {dag.py:4180} INFO - Setting next_dagrun for example_xcom_args to None, run_after=None
[2024-12-02T11:06:03.477+0000] {logging_mixin.py:190} INFO - [2024-12-02T11:06:03.477+0000] {dag.py:4180} INFO - Setting next_dagrun for example_xcom_args_with_operators to None, run_after=None
[2024-12-02T11:06:03.499+0000] {processor.py:208} INFO - Processing /home/airflow/.local/lib/python3.12/site-packages/airflow/example_dags/example_xcomargs.py took 0.063 seconds
[2024-12-02T11:06:34.080+0000] {processor.py:186} INFO - Started process (PID=1094) to work on /home/airflow/.local/lib/python3.12/site-packages/airflow/example_dags/example_xcomargs.py
[2024-12-02T11:06:34.082+0000] {processor.py:914} INFO - Processing file /home/airflow/.local/lib/python3.12/site-packages/airflow/example_dags/example_xcomargs.py for tasks to queue
[2024-12-02T11:06:34.084+0000] {logging_mixin.py:190} INFO - [2024-12-02T11:06:34.084+0000] {dagbag.py:588} INFO - Filling up the DagBag from /home/airflow/.local/lib/python3.12/site-packages/airflow/example_dags/example_xcomargs.py
[2024-12-02T11:06:34.091+0000] {processor.py:925} INFO - DAG(s) 'example_xcom_args_with_operators', 'example_xcom_args' retrieved from /home/airflow/.local/lib/python3.12/site-packages/airflow/example_dags/example_xcomargs.py
[2024-12-02T11:06:34.106+0000] {logging_mixin.py:190} INFO - [2024-12-02T11:06:34.106+0000] {dag.py:3239} INFO - Sync 2 DAGs
[2024-12-02T11:06:34.116+0000] {logging_mixin.py:190} INFO - [2024-12-02T11:06:34.116+0000] {dag.py:4180} INFO - Setting next_dagrun for example_xcom_args to None, run_after=None
[2024-12-02T11:06:34.119+0000] {logging_mixin.py:190} INFO - [2024-12-02T11:06:34.119+0000] {dag.py:4180} INFO - Setting next_dagrun for example_xcom_args_with_operators to None, run_after=None
[2024-12-02T11:06:34.132+0000] {processor.py:208} INFO - Processing /home/airflow/.local/lib/python3.12/site-packages/airflow/example_dags/example_xcomargs.py took 0.056 seconds
[2024-12-02T11:07:08.961+0000] {processor.py:186} INFO - Started process (PID=1156) to work on /home/airflow/.local/lib/python3.12/site-packages/airflow/example_dags/example_xcomargs.py
[2024-12-02T11:07:08.973+0000] {processor.py:914} INFO - Processing file /home/airflow/.local/lib/python3.12/site-packages/airflow/example_dags/example_xcomargs.py for tasks to queue
[2024-12-02T11:07:08.989+0000] {logging_mixin.py:190} INFO - [2024-12-02T11:07:08.989+0000] {dagbag.py:588} INFO - Filling up the DagBag from /home/airflow/.local/lib/python3.12/site-packages/airflow/example_dags/example_xcomargs.py
[2024-12-02T11:07:09.010+0000] {processor.py:925} INFO - DAG(s) 'example_xcom_args', 'example_xcom_args_with_operators' retrieved from /home/airflow/.local/lib/python3.12/site-packages/airflow/example_dags/example_xcomargs.py
[2024-12-02T11:07:09.054+0000] {logging_mixin.py:190} INFO - [2024-12-02T11:07:09.054+0000] {dag.py:3239} INFO - Sync 2 DAGs
[2024-12-02T11:07:09.096+0000] {logging_mixin.py:190} INFO - [2024-12-02T11:07:09.096+0000] {dag.py:4180} INFO - Setting next_dagrun for example_xcom_args to None, run_after=None
[2024-12-02T11:07:09.101+0000] {logging_mixin.py:190} INFO - [2024-12-02T11:07:09.101+0000] {dag.py:4180} INFO - Setting next_dagrun for example_xcom_args_with_operators to None, run_after=None
[2024-12-02T11:07:09.160+0000] {processor.py:208} INFO - Processing /home/airflow/.local/lib/python3.12/site-packages/airflow/example_dags/example_xcomargs.py took 0.203 seconds
[2024-12-02T11:07:39.443+0000] {processor.py:186} INFO - Started process (PID=1219) to work on /home/airflow/.local/lib/python3.12/site-packages/airflow/example_dags/example_xcomargs.py
[2024-12-02T11:07:39.443+0000] {processor.py:914} INFO - Processing file /home/airflow/.local/lib/python3.12/site-packages/airflow/example_dags/example_xcomargs.py for tasks to queue
[2024-12-02T11:07:39.445+0000] {logging_mixin.py:190} INFO - [2024-12-02T11:07:39.445+0000] {dagbag.py:588} INFO - Filling up the DagBag from /home/airflow/.local/lib/python3.12/site-packages/airflow/example_dags/example_xcomargs.py
[2024-12-02T11:07:39.452+0000] {processor.py:925} INFO - DAG(s) 'example_xcom_args', 'example_xcom_args_with_operators' retrieved from /home/airflow/.local/lib/python3.12/site-packages/airflow/example_dags/example_xcomargs.py
[2024-12-02T11:07:39.467+0000] {logging_mixin.py:190} INFO - [2024-12-02T11:07:39.467+0000] {dag.py:3239} INFO - Sync 2 DAGs
[2024-12-02T11:07:39.478+0000] {logging_mixin.py:190} INFO - [2024-12-02T11:07:39.477+0000] {dag.py:4180} INFO - Setting next_dagrun for example_xcom_args to None, run_after=None
[2024-12-02T11:07:39.481+0000] {logging_mixin.py:190} INFO - [2024-12-02T11:07:39.481+0000] {dag.py:4180} INFO - Setting next_dagrun for example_xcom_args_with_operators to None, run_after=None
[2024-12-02T11:07:39.495+0000] {processor.py:208} INFO - Processing /home/airflow/.local/lib/python3.12/site-packages/airflow/example_dags/example_xcomargs.py took 0.057 seconds
[2024-12-02T11:08:14.353+0000] {processor.py:186} INFO - Started process (PID=1289) to work on /home/airflow/.local/lib/python3.12/site-packages/airflow/example_dags/example_xcomargs.py
[2024-12-02T11:08:14.356+0000] {processor.py:914} INFO - Processing file /home/airflow/.local/lib/python3.12/site-packages/airflow/example_dags/example_xcomargs.py for tasks to queue
[2024-12-02T11:08:14.358+0000] {logging_mixin.py:190} INFO - [2024-12-02T11:08:14.358+0000] {dagbag.py:588} INFO - Filling up the DagBag from /home/airflow/.local/lib/python3.12/site-packages/airflow/example_dags/example_xcomargs.py
[2024-12-02T11:08:14.368+0000] {processor.py:925} INFO - DAG(s) 'example_xcom_args_with_operators', 'example_xcom_args' retrieved from /home/airflow/.local/lib/python3.12/site-packages/airflow/example_dags/example_xcomargs.py
[2024-12-02T11:08:14.383+0000] {logging_mixin.py:190} INFO - [2024-12-02T11:08:14.383+0000] {dag.py:3239} INFO - Sync 2 DAGs
[2024-12-02T11:08:14.394+0000] {logging_mixin.py:190} INFO - [2024-12-02T11:08:14.393+0000] {dag.py:4180} INFO - Setting next_dagrun for example_xcom_args to None, run_after=None
[2024-12-02T11:08:14.396+0000] {logging_mixin.py:190} INFO - [2024-12-02T11:08:14.396+0000] {dag.py:4180} INFO - Setting next_dagrun for example_xcom_args_with_operators to None, run_after=None
[2024-12-02T11:08:14.416+0000] {processor.py:208} INFO - Processing /home/airflow/.local/lib/python3.12/site-packages/airflow/example_dags/example_xcomargs.py took 0.068 seconds
[2024-12-02T11:08:45.120+0000] {processor.py:186} INFO - Started process (PID=1353) to work on /home/airflow/.local/lib/python3.12/site-packages/airflow/example_dags/example_xcomargs.py
[2024-12-02T11:08:45.121+0000] {processor.py:914} INFO - Processing file /home/airflow/.local/lib/python3.12/site-packages/airflow/example_dags/example_xcomargs.py for tasks to queue
[2024-12-02T11:08:45.124+0000] {logging_mixin.py:190} INFO - [2024-12-02T11:08:45.123+0000] {dagbag.py:588} INFO - Filling up the DagBag from /home/airflow/.local/lib/python3.12/site-packages/airflow/example_dags/example_xcomargs.py
[2024-12-02T11:08:45.132+0000] {processor.py:925} INFO - DAG(s) 'example_xcom_args_with_operators', 'example_xcom_args' retrieved from /home/airflow/.local/lib/python3.12/site-packages/airflow/example_dags/example_xcomargs.py
[2024-12-02T11:08:45.166+0000] {logging_mixin.py:190} INFO - [2024-12-02T11:08:45.165+0000] {dag.py:3239} INFO - Sync 2 DAGs
[2024-12-02T11:08:45.178+0000] {logging_mixin.py:190} INFO - [2024-12-02T11:08:45.178+0000] {dag.py:4180} INFO - Setting next_dagrun for example_xcom_args to None, run_after=None
[2024-12-02T11:08:45.182+0000] {logging_mixin.py:190} INFO - [2024-12-02T11:08:45.182+0000] {dag.py:4180} INFO - Setting next_dagrun for example_xcom_args_with_operators to None, run_after=None
[2024-12-02T11:08:45.199+0000] {processor.py:208} INFO - Processing /home/airflow/.local/lib/python3.12/site-packages/airflow/example_dags/example_xcomargs.py took 0.083 seconds
[2024-12-02T11:09:15.875+0000] {processor.py:186} INFO - Started process (PID=1417) to work on /home/airflow/.local/lib/python3.12/site-packages/airflow/example_dags/example_xcomargs.py
[2024-12-02T11:09:15.877+0000] {processor.py:914} INFO - Processing file /home/airflow/.local/lib/python3.12/site-packages/airflow/example_dags/example_xcomargs.py for tasks to queue
[2024-12-02T11:09:15.880+0000] {logging_mixin.py:190} INFO - [2024-12-02T11:09:15.880+0000] {dagbag.py:588} INFO - Filling up the DagBag from /home/airflow/.local/lib/python3.12/site-packages/airflow/example_dags/example_xcomargs.py
[2024-12-02T11:09:15.890+0000] {processor.py:925} INFO - DAG(s) 'example_xcom_args', 'example_xcom_args_with_operators' retrieved from /home/airflow/.local/lib/python3.12/site-packages/airflow/example_dags/example_xcomargs.py
[2024-12-02T11:09:15.906+0000] {logging_mixin.py:190} INFO - [2024-12-02T11:09:15.905+0000] {dag.py:3239} INFO - Sync 2 DAGs
[2024-12-02T11:09:15.923+0000] {logging_mixin.py:190} INFO - [2024-12-02T11:09:15.922+0000] {dag.py:4180} INFO - Setting next_dagrun for example_xcom_args to None, run_after=None
[2024-12-02T11:09:15.925+0000] {logging_mixin.py:190} INFO - [2024-12-02T11:09:15.925+0000] {dag.py:4180} INFO - Setting next_dagrun for example_xcom_args_with_operators to None, run_after=None
[2024-12-02T11:09:15.941+0000] {processor.py:208} INFO - Processing /home/airflow/.local/lib/python3.12/site-packages/airflow/example_dags/example_xcomargs.py took 0.070 seconds
[2024-12-02T11:09:47.320+0000] {processor.py:186} INFO - Started process (PID=1481) to work on /home/airflow/.local/lib/python3.12/site-packages/airflow/example_dags/example_xcomargs.py
[2024-12-02T11:09:47.320+0000] {processor.py:914} INFO - Processing file /home/airflow/.local/lib/python3.12/site-packages/airflow/example_dags/example_xcomargs.py for tasks to queue
[2024-12-02T11:09:47.322+0000] {logging_mixin.py:190} INFO - [2024-12-02T11:09:47.322+0000] {dagbag.py:588} INFO - Filling up the DagBag from /home/airflow/.local/lib/python3.12/site-packages/airflow/example_dags/example_xcomargs.py
[2024-12-02T11:09:47.329+0000] {processor.py:925} INFO - DAG(s) 'example_xcom_args', 'example_xcom_args_with_operators' retrieved from /home/airflow/.local/lib/python3.12/site-packages/airflow/example_dags/example_xcomargs.py
[2024-12-02T11:09:47.344+0000] {logging_mixin.py:190} INFO - [2024-12-02T11:09:47.343+0000] {dag.py:3239} INFO - Sync 2 DAGs
[2024-12-02T11:09:47.354+0000] {logging_mixin.py:190} INFO - [2024-12-02T11:09:47.353+0000] {dag.py:4180} INFO - Setting next_dagrun for example_xcom_args to None, run_after=None
[2024-12-02T11:09:47.356+0000] {logging_mixin.py:190} INFO - [2024-12-02T11:09:47.356+0000] {dag.py:4180} INFO - Setting next_dagrun for example_xcom_args_with_operators to None, run_after=None
[2024-12-02T11:09:47.367+0000] {processor.py:208} INFO - Processing /home/airflow/.local/lib/python3.12/site-packages/airflow/example_dags/example_xcomargs.py took 0.051 seconds
[2024-12-02T11:10:19.253+0000] {processor.py:186} INFO - Started process (PID=1544) to work on /home/airflow/.local/lib/python3.12/site-packages/airflow/example_dags/example_xcomargs.py
[2024-12-02T11:10:19.255+0000] {processor.py:914} INFO - Processing file /home/airflow/.local/lib/python3.12/site-packages/airflow/example_dags/example_xcomargs.py for tasks to queue
[2024-12-02T11:10:19.257+0000] {logging_mixin.py:190} INFO - [2024-12-02T11:10:19.257+0000] {dagbag.py:588} INFO - Filling up the DagBag from /home/airflow/.local/lib/python3.12/site-packages/airflow/example_dags/example_xcomargs.py
[2024-12-02T11:10:19.264+0000] {processor.py:925} INFO - DAG(s) 'example_xcom_args', 'example_xcom_args_with_operators' retrieved from /home/airflow/.local/lib/python3.12/site-packages/airflow/example_dags/example_xcomargs.py
[2024-12-02T11:10:19.279+0000] {logging_mixin.py:190} INFO - [2024-12-02T11:10:19.279+0000] {dag.py:3239} INFO - Sync 2 DAGs
[2024-12-02T11:10:19.289+0000] {logging_mixin.py:190} INFO - [2024-12-02T11:10:19.289+0000] {dag.py:4180} INFO - Setting next_dagrun for example_xcom_args to None, run_after=None
[2024-12-02T11:10:19.292+0000] {logging_mixin.py:190} INFO - [2024-12-02T11:10:19.292+0000] {dag.py:4180} INFO - Setting next_dagrun for example_xcom_args_with_operators to None, run_after=None
[2024-12-02T11:10:19.304+0000] {processor.py:208} INFO - Processing /home/airflow/.local/lib/python3.12/site-packages/airflow/example_dags/example_xcomargs.py took 0.055 seconds
[2024-12-02T11:10:50.016+0000] {processor.py:186} INFO - Started process (PID=1608) to work on /home/airflow/.local/lib/python3.12/site-packages/airflow/example_dags/example_xcomargs.py
[2024-12-02T11:10:50.017+0000] {processor.py:914} INFO - Processing file /home/airflow/.local/lib/python3.12/site-packages/airflow/example_dags/example_xcomargs.py for tasks to queue
[2024-12-02T11:10:50.018+0000] {logging_mixin.py:190} INFO - [2024-12-02T11:10:50.018+0000] {dagbag.py:588} INFO - Filling up the DagBag from /home/airflow/.local/lib/python3.12/site-packages/airflow/example_dags/example_xcomargs.py
[2024-12-02T11:10:50.025+0000] {processor.py:925} INFO - DAG(s) 'example_xcom_args', 'example_xcom_args_with_operators' retrieved from /home/airflow/.local/lib/python3.12/site-packages/airflow/example_dags/example_xcomargs.py
[2024-12-02T11:10:50.040+0000] {logging_mixin.py:190} INFO - [2024-12-02T11:10:50.040+0000] {dag.py:3239} INFO - Sync 2 DAGs
[2024-12-02T11:10:50.050+0000] {logging_mixin.py:190} INFO - [2024-12-02T11:10:50.050+0000] {dag.py:4180} INFO - Setting next_dagrun for example_xcom_args to None, run_after=None
[2024-12-02T11:10:50.053+0000] {logging_mixin.py:190} INFO - [2024-12-02T11:10:50.052+0000] {dag.py:4180} INFO - Setting next_dagrun for example_xcom_args_with_operators to None, run_after=None
[2024-12-02T11:10:50.064+0000] {processor.py:208} INFO - Processing /home/airflow/.local/lib/python3.12/site-packages/airflow/example_dags/example_xcomargs.py took 0.052 seconds
[2024-12-02T11:11:22.584+0000] {processor.py:186} INFO - Started process (PID=1672) to work on /home/airflow/.local/lib/python3.12/site-packages/airflow/example_dags/example_xcomargs.py
[2024-12-02T11:11:22.586+0000] {processor.py:914} INFO - Processing file /home/airflow/.local/lib/python3.12/site-packages/airflow/example_dags/example_xcomargs.py for tasks to queue
[2024-12-02T11:11:22.592+0000] {logging_mixin.py:190} INFO - [2024-12-02T11:11:22.592+0000] {dagbag.py:588} INFO - Filling up the DagBag from /home/airflow/.local/lib/python3.12/site-packages/airflow/example_dags/example_xcomargs.py
[2024-12-02T11:11:22.599+0000] {processor.py:925} INFO - DAG(s) 'example_xcom_args', 'example_xcom_args_with_operators' retrieved from /home/airflow/.local/lib/python3.12/site-packages/airflow/example_dags/example_xcomargs.py
[2024-12-02T11:11:22.615+0000] {logging_mixin.py:190} INFO - [2024-12-02T11:11:22.615+0000] {dag.py:3239} INFO - Sync 2 DAGs
[2024-12-02T11:11:22.626+0000] {logging_mixin.py:190} INFO - [2024-12-02T11:11:22.626+0000] {dag.py:4180} INFO - Setting next_dagrun for example_xcom_args to None, run_after=None
[2024-12-02T11:11:22.629+0000] {logging_mixin.py:190} INFO - [2024-12-02T11:11:22.629+0000] {dag.py:4180} INFO - Setting next_dagrun for example_xcom_args_with_operators to None, run_after=None
[2024-12-02T11:11:22.642+0000] {processor.py:208} INFO - Processing /home/airflow/.local/lib/python3.12/site-packages/airflow/example_dags/example_xcomargs.py took 0.063 seconds
[2024-12-02T11:11:53.150+0000] {processor.py:186} INFO - Started process (PID=1737) to work on /home/airflow/.local/lib/python3.12/site-packages/airflow/example_dags/example_xcomargs.py
[2024-12-02T11:11:53.150+0000] {processor.py:914} INFO - Processing file /home/airflow/.local/lib/python3.12/site-packages/airflow/example_dags/example_xcomargs.py for tasks to queue
[2024-12-02T11:11:53.152+0000] {logging_mixin.py:190} INFO - [2024-12-02T11:11:53.152+0000] {dagbag.py:588} INFO - Filling up the DagBag from /home/airflow/.local/lib/python3.12/site-packages/airflow/example_dags/example_xcomargs.py
[2024-12-02T11:11:53.161+0000] {processor.py:925} INFO - DAG(s) 'example_xcom_args_with_operators', 'example_xcom_args' retrieved from /home/airflow/.local/lib/python3.12/site-packages/airflow/example_dags/example_xcomargs.py
[2024-12-02T11:11:53.182+0000] {logging_mixin.py:190} INFO - [2024-12-02T11:11:53.182+0000] {dag.py:3239} INFO - Sync 2 DAGs
[2024-12-02T11:11:53.198+0000] {logging_mixin.py:190} INFO - [2024-12-02T11:11:53.198+0000] {dag.py:4180} INFO - Setting next_dagrun for example_xcom_args to None, run_after=None
[2024-12-02T11:11:53.201+0000] {logging_mixin.py:190} INFO - [2024-12-02T11:11:53.201+0000] {dag.py:4180} INFO - Setting next_dagrun for example_xcom_args_with_operators to None, run_after=None
[2024-12-02T11:11:53.215+0000] {processor.py:208} INFO - Processing /home/airflow/.local/lib/python3.12/site-packages/airflow/example_dags/example_xcomargs.py took 0.070 seconds
[2024-12-02T11:12:23.612+0000] {processor.py:186} INFO - Started process (PID=1801) to work on /home/airflow/.local/lib/python3.12/site-packages/airflow/example_dags/example_xcomargs.py
[2024-12-02T11:12:23.612+0000] {processor.py:914} INFO - Processing file /home/airflow/.local/lib/python3.12/site-packages/airflow/example_dags/example_xcomargs.py for tasks to queue
[2024-12-02T11:12:23.614+0000] {logging_mixin.py:190} INFO - [2024-12-02T11:12:23.614+0000] {dagbag.py:588} INFO - Filling up the DagBag from /home/airflow/.local/lib/python3.12/site-packages/airflow/example_dags/example_xcomargs.py
[2024-12-02T11:12:23.621+0000] {processor.py:925} INFO - DAG(s) 'example_xcom_args', 'example_xcom_args_with_operators' retrieved from /home/airflow/.local/lib/python3.12/site-packages/airflow/example_dags/example_xcomargs.py
[2024-12-02T11:12:23.637+0000] {logging_mixin.py:190} INFO - [2024-12-02T11:12:23.636+0000] {dag.py:3239} INFO - Sync 2 DAGs
[2024-12-02T11:12:23.647+0000] {logging_mixin.py:190} INFO - [2024-12-02T11:12:23.647+0000] {dag.py:4180} INFO - Setting next_dagrun for example_xcom_args to None, run_after=None
[2024-12-02T11:12:23.649+0000] {logging_mixin.py:190} INFO - [2024-12-02T11:12:23.649+0000] {dag.py:4180} INFO - Setting next_dagrun for example_xcom_args_with_operators to None, run_after=None
[2024-12-02T11:12:23.661+0000] {processor.py:208} INFO - Processing /home/airflow/.local/lib/python3.12/site-packages/airflow/example_dags/example_xcomargs.py took 0.054 seconds
[2024-12-02T11:12:56.198+0000] {processor.py:186} INFO - Started process (PID=1865) to work on /home/airflow/.local/lib/python3.12/site-packages/airflow/example_dags/example_xcomargs.py
[2024-12-02T11:12:56.198+0000] {processor.py:914} INFO - Processing file /home/airflow/.local/lib/python3.12/site-packages/airflow/example_dags/example_xcomargs.py for tasks to queue
[2024-12-02T11:12:56.200+0000] {logging_mixin.py:190} INFO - [2024-12-02T11:12:56.200+0000] {dagbag.py:588} INFO - Filling up the DagBag from /home/airflow/.local/lib/python3.12/site-packages/airflow/example_dags/example_xcomargs.py
[2024-12-02T11:12:56.208+0000] {processor.py:925} INFO - DAG(s) 'example_xcom_args', 'example_xcom_args_with_operators' retrieved from /home/airflow/.local/lib/python3.12/site-packages/airflow/example_dags/example_xcomargs.py
[2024-12-02T11:12:56.229+0000] {logging_mixin.py:190} INFO - [2024-12-02T11:12:56.228+0000] {dag.py:3239} INFO - Sync 2 DAGs
[2024-12-02T11:12:56.248+0000] {logging_mixin.py:190} INFO - [2024-12-02T11:12:56.248+0000] {dag.py:4180} INFO - Setting next_dagrun for example_xcom_args to None, run_after=None
[2024-12-02T11:12:56.252+0000] {logging_mixin.py:190} INFO - [2024-12-02T11:12:56.252+0000] {dag.py:4180} INFO - Setting next_dagrun for example_xcom_args_with_operators to None, run_after=None
[2024-12-02T11:12:56.270+0000] {processor.py:208} INFO - Processing /home/airflow/.local/lib/python3.12/site-packages/airflow/example_dags/example_xcomargs.py took 0.083 seconds
[2024-12-02T11:13:26.839+0000] {processor.py:186} INFO - Started process (PID=1929) to work on /home/airflow/.local/lib/python3.12/site-packages/airflow/example_dags/example_xcomargs.py
[2024-12-02T11:13:26.841+0000] {processor.py:914} INFO - Processing file /home/airflow/.local/lib/python3.12/site-packages/airflow/example_dags/example_xcomargs.py for tasks to queue
[2024-12-02T11:13:26.843+0000] {logging_mixin.py:190} INFO - [2024-12-02T11:13:26.843+0000] {dagbag.py:588} INFO - Filling up the DagBag from /home/airflow/.local/lib/python3.12/site-packages/airflow/example_dags/example_xcomargs.py
[2024-12-02T11:13:26.851+0000] {processor.py:925} INFO - DAG(s) 'example_xcom_args', 'example_xcom_args_with_operators' retrieved from /home/airflow/.local/lib/python3.12/site-packages/airflow/example_dags/example_xcomargs.py
[2024-12-02T11:13:26.876+0000] {logging_mixin.py:190} INFO - [2024-12-02T11:13:26.876+0000] {dag.py:3239} INFO - Sync 2 DAGs
[2024-12-02T11:13:26.896+0000] {logging_mixin.py:190} INFO - [2024-12-02T11:13:26.895+0000] {dag.py:4180} INFO - Setting next_dagrun for example_xcom_args to None, run_after=None
[2024-12-02T11:13:26.902+0000] {logging_mixin.py:190} INFO - [2024-12-02T11:13:26.902+0000] {dag.py:4180} INFO - Setting next_dagrun for example_xcom_args_with_operators to None, run_after=None
[2024-12-02T11:13:26.920+0000] {processor.py:208} INFO - Processing /home/airflow/.local/lib/python3.12/site-packages/airflow/example_dags/example_xcomargs.py took 0.086 seconds
[2024-12-02T11:13:57.837+0000] {processor.py:186} INFO - Started process (PID=1995) to work on /home/airflow/.local/lib/python3.12/site-packages/airflow/example_dags/example_xcomargs.py
[2024-12-02T11:13:57.837+0000] {processor.py:914} INFO - Processing file /home/airflow/.local/lib/python3.12/site-packages/airflow/example_dags/example_xcomargs.py for tasks to queue
[2024-12-02T11:13:57.839+0000] {logging_mixin.py:190} INFO - [2024-12-02T11:13:57.839+0000] {dagbag.py:588} INFO - Filling up the DagBag from /home/airflow/.local/lib/python3.12/site-packages/airflow/example_dags/example_xcomargs.py
[2024-12-02T11:13:57.846+0000] {processor.py:925} INFO - DAG(s) 'example_xcom_args', 'example_xcom_args_with_operators' retrieved from /home/airflow/.local/lib/python3.12/site-packages/airflow/example_dags/example_xcomargs.py
[2024-12-02T11:13:57.863+0000] {logging_mixin.py:190} INFO - [2024-12-02T11:13:57.863+0000] {dag.py:3239} INFO - Sync 2 DAGs
[2024-12-02T11:13:57.873+0000] {logging_mixin.py:190} INFO - [2024-12-02T11:13:57.873+0000] {dag.py:4180} INFO - Setting next_dagrun for example_xcom_args to None, run_after=None
[2024-12-02T11:13:57.876+0000] {logging_mixin.py:190} INFO - [2024-12-02T11:13:57.876+0000] {dag.py:4180} INFO - Setting next_dagrun for example_xcom_args_with_operators to None, run_after=None
[2024-12-02T11:13:57.888+0000] {processor.py:208} INFO - Processing /home/airflow/.local/lib/python3.12/site-packages/airflow/example_dags/example_xcomargs.py took 0.055 seconds
[2024-12-02T11:14:29.217+0000] {processor.py:186} INFO - Started process (PID=2060) to work on /home/airflow/.local/lib/python3.12/site-packages/airflow/example_dags/example_xcomargs.py
[2024-12-02T11:14:29.219+0000] {processor.py:914} INFO - Processing file /home/airflow/.local/lib/python3.12/site-packages/airflow/example_dags/example_xcomargs.py for tasks to queue
[2024-12-02T11:14:29.222+0000] {logging_mixin.py:190} INFO - [2024-12-02T11:14:29.222+0000] {dagbag.py:588} INFO - Filling up the DagBag from /home/airflow/.local/lib/python3.12/site-packages/airflow/example_dags/example_xcomargs.py
[2024-12-02T11:14:29.229+0000] {processor.py:925} INFO - DAG(s) 'example_xcom_args', 'example_xcom_args_with_operators' retrieved from /home/airflow/.local/lib/python3.12/site-packages/airflow/example_dags/example_xcomargs.py
[2024-12-02T11:14:29.244+0000] {logging_mixin.py:190} INFO - [2024-12-02T11:14:29.244+0000] {dag.py:3239} INFO - Sync 2 DAGs
[2024-12-02T11:14:29.255+0000] {logging_mixin.py:190} INFO - [2024-12-02T11:14:29.255+0000] {dag.py:4180} INFO - Setting next_dagrun for example_xcom_args to None, run_after=None
[2024-12-02T11:14:29.258+0000] {logging_mixin.py:190} INFO - [2024-12-02T11:14:29.258+0000] {dag.py:4180} INFO - Setting next_dagrun for example_xcom_args_with_operators to None, run_after=None
[2024-12-02T11:14:29.273+0000] {processor.py:208} INFO - Processing /home/airflow/.local/lib/python3.12/site-packages/airflow/example_dags/example_xcomargs.py took 0.060 seconds
[2024-12-02T11:15:02.498+0000] {processor.py:186} INFO - Started process (PID=2125) to work on /home/airflow/.local/lib/python3.12/site-packages/airflow/example_dags/example_xcomargs.py
[2024-12-02T11:15:02.512+0000] {processor.py:914} INFO - Processing file /home/airflow/.local/lib/python3.12/site-packages/airflow/example_dags/example_xcomargs.py for tasks to queue
[2024-12-02T11:15:02.514+0000] {logging_mixin.py:190} INFO - [2024-12-02T11:15:02.514+0000] {dagbag.py:588} INFO - Filling up the DagBag from /home/airflow/.local/lib/python3.12/site-packages/airflow/example_dags/example_xcomargs.py
[2024-12-02T11:15:02.541+0000] {processor.py:925} INFO - DAG(s) 'example_xcom_args', 'example_xcom_args_with_operators' retrieved from /home/airflow/.local/lib/python3.12/site-packages/airflow/example_dags/example_xcomargs.py
[2024-12-02T11:15:02.625+0000] {logging_mixin.py:190} INFO - [2024-12-02T11:15:02.625+0000] {dag.py:3239} INFO - Sync 2 DAGs
[2024-12-02T11:15:02.644+0000] {logging_mixin.py:190} INFO - [2024-12-02T11:15:02.644+0000] {dag.py:4180} INFO - Setting next_dagrun for example_xcom_args to None, run_after=None
[2024-12-02T11:15:02.651+0000] {logging_mixin.py:190} INFO - [2024-12-02T11:15:02.651+0000] {dag.py:4180} INFO - Setting next_dagrun for example_xcom_args_with_operators to None, run_after=None
[2024-12-02T11:15:02.676+0000] {processor.py:208} INFO - Processing /home/airflow/.local/lib/python3.12/site-packages/airflow/example_dags/example_xcomargs.py took 0.184 seconds
[2024-12-02T11:15:32.720+0000] {processor.py:186} INFO - Started process (PID=2190) to work on /home/airflow/.local/lib/python3.12/site-packages/airflow/example_dags/example_xcomargs.py
[2024-12-02T11:15:32.721+0000] {processor.py:914} INFO - Processing file /home/airflow/.local/lib/python3.12/site-packages/airflow/example_dags/example_xcomargs.py for tasks to queue
[2024-12-02T11:15:32.722+0000] {logging_mixin.py:190} INFO - [2024-12-02T11:15:32.722+0000] {dagbag.py:588} INFO - Filling up the DagBag from /home/airflow/.local/lib/python3.12/site-packages/airflow/example_dags/example_xcomargs.py
[2024-12-02T11:15:32.729+0000] {processor.py:925} INFO - DAG(s) 'example_xcom_args', 'example_xcom_args_with_operators' retrieved from /home/airflow/.local/lib/python3.12/site-packages/airflow/example_dags/example_xcomargs.py
[2024-12-02T11:15:32.744+0000] {logging_mixin.py:190} INFO - [2024-12-02T11:15:32.744+0000] {dag.py:3239} INFO - Sync 2 DAGs
[2024-12-02T11:15:32.755+0000] {logging_mixin.py:190} INFO - [2024-12-02T11:15:32.755+0000] {dag.py:4180} INFO - Setting next_dagrun for example_xcom_args to None, run_after=None
[2024-12-02T11:15:32.758+0000] {logging_mixin.py:190} INFO - [2024-12-02T11:15:32.758+0000] {dag.py:4180} INFO - Setting next_dagrun for example_xcom_args_with_operators to None, run_after=None
[2024-12-02T11:15:32.769+0000] {processor.py:208} INFO - Processing /home/airflow/.local/lib/python3.12/site-packages/airflow/example_dags/example_xcomargs.py took 0.053 seconds
[2024-12-02T11:16:03.671+0000] {processor.py:186} INFO - Started process (PID=2256) to work on /home/airflow/.local/lib/python3.12/site-packages/airflow/example_dags/example_xcomargs.py
[2024-12-02T11:16:03.671+0000] {processor.py:914} INFO - Processing file /home/airflow/.local/lib/python3.12/site-packages/airflow/example_dags/example_xcomargs.py for tasks to queue
[2024-12-02T11:16:03.672+0000] {logging_mixin.py:190} INFO - [2024-12-02T11:16:03.672+0000] {dagbag.py:588} INFO - Filling up the DagBag from /home/airflow/.local/lib/python3.12/site-packages/airflow/example_dags/example_xcomargs.py
[2024-12-02T11:16:03.682+0000] {processor.py:925} INFO - DAG(s) 'example_xcom_args_with_operators', 'example_xcom_args' retrieved from /home/airflow/.local/lib/python3.12/site-packages/airflow/example_dags/example_xcomargs.py
[2024-12-02T11:16:03.698+0000] {logging_mixin.py:190} INFO - [2024-12-02T11:16:03.698+0000] {dag.py:3239} INFO - Sync 2 DAGs
[2024-12-02T11:16:03.711+0000] {logging_mixin.py:190} INFO - [2024-12-02T11:16:03.710+0000] {dag.py:4180} INFO - Setting next_dagrun for example_xcom_args to None, run_after=None
[2024-12-02T11:16:03.714+0000] {logging_mixin.py:190} INFO - [2024-12-02T11:16:03.714+0000] {dag.py:4180} INFO - Setting next_dagrun for example_xcom_args_with_operators to None, run_after=None
[2024-12-02T11:16:03.728+0000] {processor.py:208} INFO - Processing /home/airflow/.local/lib/python3.12/site-packages/airflow/example_dags/example_xcomargs.py took 0.062 seconds
[2024-12-02T11:16:34.668+0000] {processor.py:186} INFO - Started process (PID=2320) to work on /home/airflow/.local/lib/python3.12/site-packages/airflow/example_dags/example_xcomargs.py
[2024-12-02T11:16:34.670+0000] {processor.py:914} INFO - Processing file /home/airflow/.local/lib/python3.12/site-packages/airflow/example_dags/example_xcomargs.py for tasks to queue
[2024-12-02T11:16:34.671+0000] {logging_mixin.py:190} INFO - [2024-12-02T11:16:34.670+0000] {dagbag.py:588} INFO - Filling up the DagBag from /home/airflow/.local/lib/python3.12/site-packages/airflow/example_dags/example_xcomargs.py
[2024-12-02T11:16:34.679+0000] {processor.py:925} INFO - DAG(s) 'example_xcom_args', 'example_xcom_args_with_operators' retrieved from /home/airflow/.local/lib/python3.12/site-packages/airflow/example_dags/example_xcomargs.py
[2024-12-02T11:16:34.696+0000] {logging_mixin.py:190} INFO - [2024-12-02T11:16:34.696+0000] {dag.py:3239} INFO - Sync 2 DAGs
[2024-12-02T11:16:34.709+0000] {logging_mixin.py:190} INFO - [2024-12-02T11:16:34.709+0000] {dag.py:4180} INFO - Setting next_dagrun for example_xcom_args to None, run_after=None
[2024-12-02T11:16:34.713+0000] {logging_mixin.py:190} INFO - [2024-12-02T11:16:34.712+0000] {dag.py:4180} INFO - Setting next_dagrun for example_xcom_args_with_operators to None, run_after=None
[2024-12-02T11:16:34.726+0000] {processor.py:208} INFO - Processing /home/airflow/.local/lib/python3.12/site-packages/airflow/example_dags/example_xcomargs.py took 0.063 seconds
[2024-12-02T11:17:06.147+0000] {processor.py:186} INFO - Started process (PID=2384) to work on /home/airflow/.local/lib/python3.12/site-packages/airflow/example_dags/example_xcomargs.py
[2024-12-02T11:17:06.148+0000] {processor.py:914} INFO - Processing file /home/airflow/.local/lib/python3.12/site-packages/airflow/example_dags/example_xcomargs.py for tasks to queue
[2024-12-02T11:17:06.149+0000] {logging_mixin.py:190} INFO - [2024-12-02T11:17:06.149+0000] {dagbag.py:588} INFO - Filling up the DagBag from /home/airflow/.local/lib/python3.12/site-packages/airflow/example_dags/example_xcomargs.py
[2024-12-02T11:17:06.157+0000] {processor.py:925} INFO - DAG(s) 'example_xcom_args_with_operators', 'example_xcom_args' retrieved from /home/airflow/.local/lib/python3.12/site-packages/airflow/example_dags/example_xcomargs.py
[2024-12-02T11:17:06.173+0000] {logging_mixin.py:190} INFO - [2024-12-02T11:17:06.173+0000] {dag.py:3239} INFO - Sync 2 DAGs
[2024-12-02T11:17:06.184+0000] {logging_mixin.py:190} INFO - [2024-12-02T11:17:06.184+0000] {dag.py:4180} INFO - Setting next_dagrun for example_xcom_args to None, run_after=None
[2024-12-02T11:17:06.187+0000] {logging_mixin.py:190} INFO - [2024-12-02T11:17:06.187+0000] {dag.py:4180} INFO - Setting next_dagrun for example_xcom_args_with_operators to None, run_after=None
[2024-12-02T11:17:06.199+0000] {processor.py:208} INFO - Processing /home/airflow/.local/lib/python3.12/site-packages/airflow/example_dags/example_xcomargs.py took 0.057 seconds
[2024-12-02T11:17:38.318+0000] {processor.py:186} INFO - Started process (PID=2456) to work on /home/airflow/.local/lib/python3.12/site-packages/airflow/example_dags/example_xcomargs.py
[2024-12-02T11:17:38.320+0000] {processor.py:914} INFO - Processing file /home/airflow/.local/lib/python3.12/site-packages/airflow/example_dags/example_xcomargs.py for tasks to queue
[2024-12-02T11:17:38.320+0000] {logging_mixin.py:190} INFO - [2024-12-02T11:17:38.320+0000] {dagbag.py:588} INFO - Filling up the DagBag from /home/airflow/.local/lib/python3.12/site-packages/airflow/example_dags/example_xcomargs.py
[2024-12-02T11:17:38.329+0000] {processor.py:925} INFO - DAG(s) 'example_xcom_args_with_operators', 'example_xcom_args' retrieved from /home/airflow/.local/lib/python3.12/site-packages/airflow/example_dags/example_xcomargs.py
[2024-12-02T11:17:38.346+0000] {logging_mixin.py:190} INFO - [2024-12-02T11:17:38.346+0000] {dag.py:3239} INFO - Sync 2 DAGs
[2024-12-02T11:17:38.364+0000] {logging_mixin.py:190} INFO - [2024-12-02T11:17:38.364+0000] {dag.py:4180} INFO - Setting next_dagrun for example_xcom_args to None, run_after=None
[2024-12-02T11:17:38.369+0000] {logging_mixin.py:190} INFO - [2024-12-02T11:17:38.369+0000] {dag.py:4180} INFO - Setting next_dagrun for example_xcom_args_with_operators to None, run_after=None
[2024-12-02T11:17:38.381+0000] {processor.py:208} INFO - Processing /home/airflow/.local/lib/python3.12/site-packages/airflow/example_dags/example_xcomargs.py took 0.067 seconds
[2024-12-02T11:18:13.110+0000] {processor.py:186} INFO - Started process (PID=2529) to work on /home/airflow/.local/lib/python3.12/site-packages/airflow/example_dags/example_xcomargs.py
[2024-12-02T11:18:13.111+0000] {processor.py:914} INFO - Processing file /home/airflow/.local/lib/python3.12/site-packages/airflow/example_dags/example_xcomargs.py for tasks to queue
[2024-12-02T11:18:13.112+0000] {logging_mixin.py:190} INFO - [2024-12-02T11:18:13.111+0000] {dagbag.py:588} INFO - Filling up the DagBag from /home/airflow/.local/lib/python3.12/site-packages/airflow/example_dags/example_xcomargs.py
[2024-12-02T11:18:13.121+0000] {processor.py:925} INFO - DAG(s) 'example_xcom_args_with_operators', 'example_xcom_args' retrieved from /home/airflow/.local/lib/python3.12/site-packages/airflow/example_dags/example_xcomargs.py
[2024-12-02T11:18:13.141+0000] {logging_mixin.py:190} INFO - [2024-12-02T11:18:13.141+0000] {dag.py:3239} INFO - Sync 2 DAGs
[2024-12-02T11:18:13.158+0000] {logging_mixin.py:190} INFO - [2024-12-02T11:18:13.157+0000] {dag.py:4180} INFO - Setting next_dagrun for example_xcom_args to None, run_after=None
[2024-12-02T11:18:13.162+0000] {logging_mixin.py:190} INFO - [2024-12-02T11:18:13.161+0000] {dag.py:4180} INFO - Setting next_dagrun for example_xcom_args_with_operators to None, run_after=None
[2024-12-02T11:18:13.176+0000] {processor.py:208} INFO - Processing /home/airflow/.local/lib/python3.12/site-packages/airflow/example_dags/example_xcomargs.py took 0.071 seconds
[2024-12-02T11:18:46.773+0000] {processor.py:186} INFO - Started process (PID=2593) to work on /home/airflow/.local/lib/python3.12/site-packages/airflow/example_dags/example_xcomargs.py
[2024-12-02T11:18:46.773+0000] {processor.py:914} INFO - Processing file /home/airflow/.local/lib/python3.12/site-packages/airflow/example_dags/example_xcomargs.py for tasks to queue
[2024-12-02T11:18:46.774+0000] {logging_mixin.py:190} INFO - [2024-12-02T11:18:46.774+0000] {dagbag.py:588} INFO - Filling up the DagBag from /home/airflow/.local/lib/python3.12/site-packages/airflow/example_dags/example_xcomargs.py
[2024-12-02T11:18:46.782+0000] {processor.py:925} INFO - DAG(s) 'example_xcom_args_with_operators', 'example_xcom_args' retrieved from /home/airflow/.local/lib/python3.12/site-packages/airflow/example_dags/example_xcomargs.py
[2024-12-02T11:18:46.797+0000] {logging_mixin.py:190} INFO - [2024-12-02T11:18:46.797+0000] {dag.py:3239} INFO - Sync 2 DAGs
[2024-12-02T11:18:46.808+0000] {logging_mixin.py:190} INFO - [2024-12-02T11:18:46.808+0000] {dag.py:4180} INFO - Setting next_dagrun for example_xcom_args to None, run_after=None
[2024-12-02T11:18:46.811+0000] {logging_mixin.py:190} INFO - [2024-12-02T11:18:46.811+0000] {dag.py:4180} INFO - Setting next_dagrun for example_xcom_args_with_operators to None, run_after=None
[2024-12-02T11:18:46.822+0000] {processor.py:208} INFO - Processing /home/airflow/.local/lib/python3.12/site-packages/airflow/example_dags/example_xcomargs.py took 0.054 seconds
[2024-12-02T11:19:17.155+0000] {processor.py:186} INFO - Started process (PID=2658) to work on /home/airflow/.local/lib/python3.12/site-packages/airflow/example_dags/example_xcomargs.py
[2024-12-02T11:19:17.156+0000] {processor.py:914} INFO - Processing file /home/airflow/.local/lib/python3.12/site-packages/airflow/example_dags/example_xcomargs.py for tasks to queue
[2024-12-02T11:19:17.157+0000] {logging_mixin.py:190} INFO - [2024-12-02T11:19:17.157+0000] {dagbag.py:588} INFO - Filling up the DagBag from /home/airflow/.local/lib/python3.12/site-packages/airflow/example_dags/example_xcomargs.py
[2024-12-02T11:19:17.165+0000] {processor.py:925} INFO - DAG(s) 'example_xcom_args_with_operators', 'example_xcom_args' retrieved from /home/airflow/.local/lib/python3.12/site-packages/airflow/example_dags/example_xcomargs.py
[2024-12-02T11:19:17.185+0000] {logging_mixin.py:190} INFO - [2024-12-02T11:19:17.185+0000] {dag.py:3239} INFO - Sync 2 DAGs
[2024-12-02T11:19:17.196+0000] {logging_mixin.py:190} INFO - [2024-12-02T11:19:17.195+0000] {dag.py:4180} INFO - Setting next_dagrun for example_xcom_args to None, run_after=None
[2024-12-02T11:19:17.198+0000] {logging_mixin.py:190} INFO - [2024-12-02T11:19:17.198+0000] {dag.py:4180} INFO - Setting next_dagrun for example_xcom_args_with_operators to None, run_after=None
[2024-12-02T11:19:17.213+0000] {processor.py:208} INFO - Processing /home/airflow/.local/lib/python3.12/site-packages/airflow/example_dags/example_xcomargs.py took 0.062 seconds
[2024-12-02T11:19:50.543+0000] {processor.py:186} INFO - Started process (PID=2728) to work on /home/airflow/.local/lib/python3.12/site-packages/airflow/example_dags/example_xcomargs.py
[2024-12-02T11:19:50.545+0000] {processor.py:914} INFO - Processing file /home/airflow/.local/lib/python3.12/site-packages/airflow/example_dags/example_xcomargs.py for tasks to queue
[2024-12-02T11:19:50.547+0000] {logging_mixin.py:190} INFO - [2024-12-02T11:19:50.547+0000] {dagbag.py:588} INFO - Filling up the DagBag from /home/airflow/.local/lib/python3.12/site-packages/airflow/example_dags/example_xcomargs.py
[2024-12-02T11:19:50.558+0000] {processor.py:925} INFO - DAG(s) 'example_xcom_args_with_operators', 'example_xcom_args' retrieved from /home/airflow/.local/lib/python3.12/site-packages/airflow/example_dags/example_xcomargs.py
[2024-12-02T11:19:50.599+0000] {logging_mixin.py:190} INFO - [2024-12-02T11:19:50.599+0000] {dag.py:3239} INFO - Sync 2 DAGs
[2024-12-02T11:19:50.615+0000] {logging_mixin.py:190} INFO - [2024-12-02T11:19:50.615+0000] {dag.py:4180} INFO - Setting next_dagrun for example_xcom_args to None, run_after=None
[2024-12-02T11:19:50.630+0000] {logging_mixin.py:190} INFO - [2024-12-02T11:19:50.630+0000] {dag.py:4180} INFO - Setting next_dagrun for example_xcom_args_with_operators to None, run_after=None
[2024-12-02T11:19:50.655+0000] {processor.py:208} INFO - Processing /home/airflow/.local/lib/python3.12/site-packages/airflow/example_dags/example_xcomargs.py took 0.118 seconds
