[2024-12-02T10:21:58.818+0000] {processor.py:186} INFO - Started process (PID=138) to work on /home/airflow/.local/lib/python3.12/site-packages/airflow/example_dags/example_branch_labels.py
[2024-12-02T10:21:58.822+0000] {processor.py:914} INFO - Processing file /home/airflow/.local/lib/python3.12/site-packages/airflow/example_dags/example_branch_labels.py for tasks to queue
[2024-12-02T10:21:58.827+0000] {logging_mixin.py:190} INFO - [2024-12-02T10:21:58.827+0000] {dagbag.py:588} INFO - Filling up the DagBag from /home/airflow/.local/lib/python3.12/site-packages/airflow/example_dags/example_branch_labels.py
[2024-12-02T10:21:58.918+0000] {processor.py:925} INFO - DAG(s) 'example_branch_labels' retrieved from /home/airflow/.local/lib/python3.12/site-packages/airflow/example_dags/example_branch_labels.py
[2024-12-02T10:21:59.749+0000] {logging_mixin.py:190} INFO - [2024-12-02T10:21:59.748+0000] {override.py:1911} INFO - Created Permission View: can delete on DAG:example_branch_labels
[2024-12-02T10:21:59.837+0000] {logging_mixin.py:190} INFO - [2024-12-02T10:21:59.834+0000] {override.py:1911} INFO - Created Permission View: can edit on DAG:example_branch_labels
[2024-12-02T10:21:59.948+0000] {logging_mixin.py:190} INFO - [2024-12-02T10:21:59.947+0000] {override.py:1911} INFO - Created Permission View: can read on DAG:example_branch_labels
[2024-12-02T10:22:00.045+0000] {logging_mixin.py:190} INFO - [2024-12-02T10:22:00.045+0000] {override.py:1911} INFO - Created Permission View: menu access on DAG Run:example_branch_labels
[2024-12-02T10:22:00.125+0000] {logging_mixin.py:190} INFO - [2024-12-02T10:22:00.125+0000] {override.py:1911} INFO - Created Permission View: can create on DAG Run:example_branch_labels
[2024-12-02T10:22:00.223+0000] {logging_mixin.py:190} INFO - [2024-12-02T10:22:00.223+0000] {override.py:1911} INFO - Created Permission View: can delete on DAG Run:example_branch_labels
[2024-12-02T10:22:00.313+0000] {logging_mixin.py:190} INFO - [2024-12-02T10:22:00.312+0000] {override.py:1911} INFO - Created Permission View: can read on DAG Run:example_branch_labels
[2024-12-02T10:22:00.313+0000] {logging_mixin.py:190} INFO - [2024-12-02T10:22:00.313+0000] {dag.py:3239} INFO - Sync 1 DAGs
[2024-12-02T10:22:00.507+0000] {logging_mixin.py:190} INFO - [2024-12-02T10:22:00.507+0000] {dag.py:3262} INFO - Creating ORM DAG for example_branch_labels
[2024-12-02T10:22:00.587+0000] {logging_mixin.py:190} INFO - [2024-12-02T10:22:00.587+0000] {dag.py:4180} INFO - Setting next_dagrun for example_branch_labels to 2024-12-01 00:00:00+00:00, run_after=2024-12-02 00:00:00+00:00
[2024-12-02T10:22:00.813+0000] {processor.py:208} INFO - Processing /home/airflow/.local/lib/python3.12/site-packages/airflow/example_dags/example_branch_labels.py took 2.034 seconds
[2024-12-02T10:36:29.292+0000] {processor.py:186} INFO - Started process (PID=83) to work on /home/airflow/.local/lib/python3.12/site-packages/airflow/example_dags/example_branch_labels.py
[2024-12-02T10:36:29.308+0000] {processor.py:914} INFO - Processing file /home/airflow/.local/lib/python3.12/site-packages/airflow/example_dags/example_branch_labels.py for tasks to queue
[2024-12-02T10:36:29.310+0000] {logging_mixin.py:190} INFO - [2024-12-02T10:36:29.310+0000] {dagbag.py:588} INFO - Filling up the DagBag from /home/airflow/.local/lib/python3.12/site-packages/airflow/example_dags/example_branch_labels.py
[2024-12-02T10:36:29.345+0000] {processor.py:925} INFO - DAG(s) 'example_branch_labels' retrieved from /home/airflow/.local/lib/python3.12/site-packages/airflow/example_dags/example_branch_labels.py
[2024-12-02T10:36:29.441+0000] {logging_mixin.py:190} INFO - [2024-12-02T10:36:29.441+0000] {dag.py:3239} INFO - Sync 1 DAGs
[2024-12-02T10:36:29.530+0000] {logging_mixin.py:190} INFO - [2024-12-02T10:36:29.523+0000] {dag.py:4180} INFO - Setting next_dagrun for example_branch_labels to 2024-12-01 00:00:00+00:00, run_after=2024-12-02 00:00:00+00:00
[2024-12-02T10:36:29.604+0000] {processor.py:208} INFO - Processing /home/airflow/.local/lib/python3.12/site-packages/airflow/example_dags/example_branch_labels.py took 0.331 seconds
[2024-12-02T10:38:21.909+0000] {processor.py:186} INFO - Started process (PID=90) to work on /home/airflow/.local/lib/python3.12/site-packages/airflow/example_dags/example_branch_labels.py
[2024-12-02T10:38:21.925+0000] {processor.py:914} INFO - Processing file /home/airflow/.local/lib/python3.12/site-packages/airflow/example_dags/example_branch_labels.py for tasks to queue
[2024-12-02T10:38:21.941+0000] {logging_mixin.py:190} INFO - [2024-12-02T10:38:21.930+0000] {dagbag.py:588} INFO - Filling up the DagBag from /home/airflow/.local/lib/python3.12/site-packages/airflow/example_dags/example_branch_labels.py
[2024-12-02T10:38:22.004+0000] {processor.py:925} INFO - DAG(s) 'example_branch_labels' retrieved from /home/airflow/.local/lib/python3.12/site-packages/airflow/example_dags/example_branch_labels.py
[2024-12-02T10:38:22.201+0000] {logging_mixin.py:190} INFO - [2024-12-02T10:38:22.201+0000] {dag.py:3239} INFO - Sync 1 DAGs
[2024-12-02T10:38:22.336+0000] {logging_mixin.py:190} INFO - [2024-12-02T10:38:22.335+0000] {dag.py:4180} INFO - Setting next_dagrun for example_branch_labels to 2024-12-01 00:00:00+00:00, run_after=2024-12-02 00:00:00+00:00
[2024-12-02T10:38:22.432+0000] {processor.py:208} INFO - Processing /home/airflow/.local/lib/python3.12/site-packages/airflow/example_dags/example_branch_labels.py took 0.543 seconds
[2024-12-02T10:38:52.638+0000] {processor.py:186} INFO - Started process (PID=154) to work on /home/airflow/.local/lib/python3.12/site-packages/airflow/example_dags/example_branch_labels.py
[2024-12-02T10:38:52.639+0000] {processor.py:914} INFO - Processing file /home/airflow/.local/lib/python3.12/site-packages/airflow/example_dags/example_branch_labels.py for tasks to queue
[2024-12-02T10:38:52.641+0000] {logging_mixin.py:190} INFO - [2024-12-02T10:38:52.641+0000] {dagbag.py:588} INFO - Filling up the DagBag from /home/airflow/.local/lib/python3.12/site-packages/airflow/example_dags/example_branch_labels.py
[2024-12-02T10:38:52.648+0000] {processor.py:925} INFO - DAG(s) 'example_branch_labels' retrieved from /home/airflow/.local/lib/python3.12/site-packages/airflow/example_dags/example_branch_labels.py
[2024-12-02T10:38:52.664+0000] {logging_mixin.py:190} INFO - [2024-12-02T10:38:52.664+0000] {dag.py:3239} INFO - Sync 1 DAGs
[2024-12-02T10:38:52.681+0000] {logging_mixin.py:190} INFO - [2024-12-02T10:38:52.681+0000] {dag.py:4180} INFO - Setting next_dagrun for example_branch_labels to 2024-12-01 00:00:00+00:00, run_after=2024-12-02 00:00:00+00:00
[2024-12-02T10:38:52.698+0000] {processor.py:208} INFO - Processing /home/airflow/.local/lib/python3.12/site-packages/airflow/example_dags/example_branch_labels.py took 0.064 seconds
[2024-12-02T10:39:23.090+0000] {processor.py:186} INFO - Started process (PID=218) to work on /home/airflow/.local/lib/python3.12/site-packages/airflow/example_dags/example_branch_labels.py
[2024-12-02T10:39:23.093+0000] {processor.py:914} INFO - Processing file /home/airflow/.local/lib/python3.12/site-packages/airflow/example_dags/example_branch_labels.py for tasks to queue
[2024-12-02T10:39:23.094+0000] {logging_mixin.py:190} INFO - [2024-12-02T10:39:23.094+0000] {dagbag.py:588} INFO - Filling up the DagBag from /home/airflow/.local/lib/python3.12/site-packages/airflow/example_dags/example_branch_labels.py
[2024-12-02T10:39:23.116+0000] {processor.py:925} INFO - DAG(s) 'example_branch_labels' retrieved from /home/airflow/.local/lib/python3.12/site-packages/airflow/example_dags/example_branch_labels.py
[2024-12-02T10:39:23.133+0000] {logging_mixin.py:190} INFO - [2024-12-02T10:39:23.133+0000] {dag.py:3239} INFO - Sync 1 DAGs
[2024-12-02T10:39:23.160+0000] {logging_mixin.py:190} INFO - [2024-12-02T10:39:23.160+0000] {dag.py:4180} INFO - Setting next_dagrun for example_branch_labels to 2024-12-01 00:00:00+00:00, run_after=2024-12-02 00:00:00+00:00
[2024-12-02T10:39:23.179+0000] {processor.py:208} INFO - Processing /home/airflow/.local/lib/python3.12/site-packages/airflow/example_dags/example_branch_labels.py took 0.093 seconds
[2024-12-02T10:39:55.711+0000] {processor.py:186} INFO - Started process (PID=282) to work on /home/airflow/.local/lib/python3.12/site-packages/airflow/example_dags/example_branch_labels.py
[2024-12-02T10:39:55.719+0000] {processor.py:914} INFO - Processing file /home/airflow/.local/lib/python3.12/site-packages/airflow/example_dags/example_branch_labels.py for tasks to queue
[2024-12-02T10:39:55.724+0000] {logging_mixin.py:190} INFO - [2024-12-02T10:39:55.723+0000] {dagbag.py:588} INFO - Filling up the DagBag from /home/airflow/.local/lib/python3.12/site-packages/airflow/example_dags/example_branch_labels.py
[2024-12-02T10:39:55.743+0000] {processor.py:925} INFO - DAG(s) 'example_branch_labels' retrieved from /home/airflow/.local/lib/python3.12/site-packages/airflow/example_dags/example_branch_labels.py
[2024-12-02T10:39:55.792+0000] {logging_mixin.py:190} INFO - [2024-12-02T10:39:55.792+0000] {dag.py:3239} INFO - Sync 1 DAGs
[2024-12-02T10:39:55.851+0000] {logging_mixin.py:190} INFO - [2024-12-02T10:39:55.851+0000] {dag.py:4180} INFO - Setting next_dagrun for example_branch_labels to 2024-12-01 00:00:00+00:00, run_after=2024-12-02 00:00:00+00:00
[2024-12-02T10:39:55.895+0000] {processor.py:208} INFO - Processing /home/airflow/.local/lib/python3.12/site-packages/airflow/example_dags/example_branch_labels.py took 0.208 seconds
[2024-12-02T10:40:32.888+0000] {processor.py:186} INFO - Started process (PID=346) to work on /home/airflow/.local/lib/python3.12/site-packages/airflow/example_dags/example_branch_labels.py
[2024-12-02T10:40:32.891+0000] {processor.py:914} INFO - Processing file /home/airflow/.local/lib/python3.12/site-packages/airflow/example_dags/example_branch_labels.py for tasks to queue
[2024-12-02T10:40:32.894+0000] {logging_mixin.py:190} INFO - [2024-12-02T10:40:32.893+0000] {dagbag.py:588} INFO - Filling up the DagBag from /home/airflow/.local/lib/python3.12/site-packages/airflow/example_dags/example_branch_labels.py
[2024-12-02T10:40:32.915+0000] {processor.py:925} INFO - DAG(s) 'example_branch_labels' retrieved from /home/airflow/.local/lib/python3.12/site-packages/airflow/example_dags/example_branch_labels.py
[2024-12-02T10:40:32.973+0000] {logging_mixin.py:190} INFO - [2024-12-02T10:40:32.973+0000] {dag.py:3239} INFO - Sync 1 DAGs
[2024-12-02T10:40:33.030+0000] {logging_mixin.py:190} INFO - [2024-12-02T10:40:33.030+0000] {dag.py:4180} INFO - Setting next_dagrun for example_branch_labels to 2024-12-01 00:00:00+00:00, run_after=2024-12-02 00:00:00+00:00
[2024-12-02T10:40:33.071+0000] {processor.py:208} INFO - Processing /home/airflow/.local/lib/python3.12/site-packages/airflow/example_dags/example_branch_labels.py took 0.189 seconds
[2024-12-02T10:42:09.276+0000] {processor.py:186} INFO - Started process (PID=84) to work on /home/airflow/.local/lib/python3.12/site-packages/airflow/example_dags/example_branch_labels.py
[2024-12-02T10:42:09.280+0000] {processor.py:914} INFO - Processing file /home/airflow/.local/lib/python3.12/site-packages/airflow/example_dags/example_branch_labels.py for tasks to queue
[2024-12-02T10:42:09.282+0000] {logging_mixin.py:190} INFO - [2024-12-02T10:42:09.282+0000] {dagbag.py:588} INFO - Filling up the DagBag from /home/airflow/.local/lib/python3.12/site-packages/airflow/example_dags/example_branch_labels.py
[2024-12-02T10:42:09.309+0000] {processor.py:925} INFO - DAG(s) 'example_branch_labels' retrieved from /home/airflow/.local/lib/python3.12/site-packages/airflow/example_dags/example_branch_labels.py
[2024-12-02T10:42:09.336+0000] {logging_mixin.py:190} INFO - [2024-12-02T10:42:09.335+0000] {dag.py:3239} INFO - Sync 1 DAGs
[2024-12-02T10:42:09.357+0000] {logging_mixin.py:190} INFO - [2024-12-02T10:42:09.357+0000] {dag.py:4180} INFO - Setting next_dagrun for example_branch_labels to 2024-12-01 00:00:00+00:00, run_after=2024-12-02 00:00:00+00:00
[2024-12-02T10:42:09.375+0000] {processor.py:208} INFO - Processing /home/airflow/.local/lib/python3.12/site-packages/airflow/example_dags/example_branch_labels.py took 0.104 seconds
[2024-12-02T10:42:43.243+0000] {processor.py:186} INFO - Started process (PID=147) to work on /home/airflow/.local/lib/python3.12/site-packages/airflow/example_dags/example_branch_labels.py
[2024-12-02T10:42:43.245+0000] {processor.py:914} INFO - Processing file /home/airflow/.local/lib/python3.12/site-packages/airflow/example_dags/example_branch_labels.py for tasks to queue
[2024-12-02T10:42:43.248+0000] {logging_mixin.py:190} INFO - [2024-12-02T10:42:43.247+0000] {dagbag.py:588} INFO - Filling up the DagBag from /home/airflow/.local/lib/python3.12/site-packages/airflow/example_dags/example_branch_labels.py
[2024-12-02T10:42:43.255+0000] {processor.py:925} INFO - DAG(s) 'example_branch_labels' retrieved from /home/airflow/.local/lib/python3.12/site-packages/airflow/example_dags/example_branch_labels.py
[2024-12-02T10:42:43.270+0000] {logging_mixin.py:190} INFO - [2024-12-02T10:42:43.270+0000] {dag.py:3239} INFO - Sync 1 DAGs
[2024-12-02T10:42:43.301+0000] {logging_mixin.py:190} INFO - [2024-12-02T10:42:43.301+0000] {dag.py:4180} INFO - Setting next_dagrun for example_branch_labels to 2024-12-01 00:00:00+00:00, run_after=2024-12-02 00:00:00+00:00
[2024-12-02T10:42:43.327+0000] {processor.py:208} INFO - Processing /home/airflow/.local/lib/python3.12/site-packages/airflow/example_dags/example_branch_labels.py took 0.088 seconds
[2024-12-02T10:43:17.093+0000] {processor.py:186} INFO - Started process (PID=211) to work on /home/airflow/.local/lib/python3.12/site-packages/airflow/example_dags/example_branch_labels.py
[2024-12-02T10:43:17.102+0000] {processor.py:914} INFO - Processing file /home/airflow/.local/lib/python3.12/site-packages/airflow/example_dags/example_branch_labels.py for tasks to queue
[2024-12-02T10:43:17.104+0000] {logging_mixin.py:190} INFO - [2024-12-02T10:43:17.104+0000] {dagbag.py:588} INFO - Filling up the DagBag from /home/airflow/.local/lib/python3.12/site-packages/airflow/example_dags/example_branch_labels.py
[2024-12-02T10:43:17.111+0000] {processor.py:925} INFO - DAG(s) 'example_branch_labels' retrieved from /home/airflow/.local/lib/python3.12/site-packages/airflow/example_dags/example_branch_labels.py
[2024-12-02T10:43:17.159+0000] {logging_mixin.py:190} INFO - [2024-12-02T10:43:17.159+0000] {dag.py:3239} INFO - Sync 1 DAGs
[2024-12-02T10:43:17.199+0000] {logging_mixin.py:190} INFO - [2024-12-02T10:43:17.199+0000] {dag.py:4180} INFO - Setting next_dagrun for example_branch_labels to 2024-12-01 00:00:00+00:00, run_after=2024-12-02 00:00:00+00:00
[2024-12-02T10:43:17.241+0000] {processor.py:208} INFO - Processing /home/airflow/.local/lib/python3.12/site-packages/airflow/example_dags/example_branch_labels.py took 0.152 seconds
[2024-12-02T10:43:48.277+0000] {processor.py:186} INFO - Started process (PID=274) to work on /home/airflow/.local/lib/python3.12/site-packages/airflow/example_dags/example_branch_labels.py
[2024-12-02T10:43:48.278+0000] {processor.py:914} INFO - Processing file /home/airflow/.local/lib/python3.12/site-packages/airflow/example_dags/example_branch_labels.py for tasks to queue
[2024-12-02T10:43:48.279+0000] {logging_mixin.py:190} INFO - [2024-12-02T10:43:48.279+0000] {dagbag.py:588} INFO - Filling up the DagBag from /home/airflow/.local/lib/python3.12/site-packages/airflow/example_dags/example_branch_labels.py
[2024-12-02T10:43:48.299+0000] {processor.py:925} INFO - DAG(s) 'example_branch_labels' retrieved from /home/airflow/.local/lib/python3.12/site-packages/airflow/example_dags/example_branch_labels.py
[2024-12-02T10:43:48.324+0000] {logging_mixin.py:190} INFO - [2024-12-02T10:43:48.323+0000] {dag.py:3239} INFO - Sync 1 DAGs
[2024-12-02T10:43:48.356+0000] {logging_mixin.py:190} INFO - [2024-12-02T10:43:48.356+0000] {dag.py:4180} INFO - Setting next_dagrun for example_branch_labels to 2024-12-01 00:00:00+00:00, run_after=2024-12-02 00:00:00+00:00
[2024-12-02T10:43:48.374+0000] {processor.py:208} INFO - Processing /home/airflow/.local/lib/python3.12/site-packages/airflow/example_dags/example_branch_labels.py took 0.114 seconds
[2024-12-02T10:44:19.116+0000] {processor.py:186} INFO - Started process (PID=337) to work on /home/airflow/.local/lib/python3.12/site-packages/airflow/example_dags/example_branch_labels.py
[2024-12-02T10:44:19.118+0000] {processor.py:914} INFO - Processing file /home/airflow/.local/lib/python3.12/site-packages/airflow/example_dags/example_branch_labels.py for tasks to queue
[2024-12-02T10:44:19.120+0000] {logging_mixin.py:190} INFO - [2024-12-02T10:44:19.120+0000] {dagbag.py:588} INFO - Filling up the DagBag from /home/airflow/.local/lib/python3.12/site-packages/airflow/example_dags/example_branch_labels.py
[2024-12-02T10:44:19.127+0000] {processor.py:925} INFO - DAG(s) 'example_branch_labels' retrieved from /home/airflow/.local/lib/python3.12/site-packages/airflow/example_dags/example_branch_labels.py
[2024-12-02T10:44:19.143+0000] {logging_mixin.py:190} INFO - [2024-12-02T10:44:19.143+0000] {dag.py:3239} INFO - Sync 1 DAGs
[2024-12-02T10:44:19.163+0000] {logging_mixin.py:190} INFO - [2024-12-02T10:44:19.163+0000] {dag.py:4180} INFO - Setting next_dagrun for example_branch_labels to 2024-12-01 00:00:00+00:00, run_after=2024-12-02 00:00:00+00:00
[2024-12-02T10:44:19.222+0000] {processor.py:208} INFO - Processing /home/airflow/.local/lib/python3.12/site-packages/airflow/example_dags/example_branch_labels.py took 0.109 seconds
[2024-12-02T10:44:49.291+0000] {processor.py:186} INFO - Started process (PID=402) to work on /home/airflow/.local/lib/python3.12/site-packages/airflow/example_dags/example_branch_labels.py
[2024-12-02T10:44:49.291+0000] {processor.py:914} INFO - Processing file /home/airflow/.local/lib/python3.12/site-packages/airflow/example_dags/example_branch_labels.py for tasks to queue
[2024-12-02T10:44:49.293+0000] {logging_mixin.py:190} INFO - [2024-12-02T10:44:49.293+0000] {dagbag.py:588} INFO - Filling up the DagBag from /home/airflow/.local/lib/python3.12/site-packages/airflow/example_dags/example_branch_labels.py
[2024-12-02T10:44:49.305+0000] {processor.py:925} INFO - DAG(s) 'example_branch_labels' retrieved from /home/airflow/.local/lib/python3.12/site-packages/airflow/example_dags/example_branch_labels.py
[2024-12-02T10:44:49.351+0000] {logging_mixin.py:190} INFO - [2024-12-02T10:44:49.350+0000] {dag.py:3239} INFO - Sync 1 DAGs
[2024-12-02T10:44:49.373+0000] {logging_mixin.py:190} INFO - [2024-12-02T10:44:49.373+0000] {dag.py:4180} INFO - Setting next_dagrun for example_branch_labels to 2024-12-01 00:00:00+00:00, run_after=2024-12-02 00:00:00+00:00
[2024-12-02T10:44:49.394+0000] {processor.py:208} INFO - Processing /home/airflow/.local/lib/python3.12/site-packages/airflow/example_dags/example_branch_labels.py took 0.108 seconds
[2024-12-02T10:45:19.592+0000] {processor.py:186} INFO - Started process (PID=466) to work on /home/airflow/.local/lib/python3.12/site-packages/airflow/example_dags/example_branch_labels.py
[2024-12-02T10:45:19.592+0000] {processor.py:914} INFO - Processing file /home/airflow/.local/lib/python3.12/site-packages/airflow/example_dags/example_branch_labels.py for tasks to queue
[2024-12-02T10:45:19.594+0000] {logging_mixin.py:190} INFO - [2024-12-02T10:45:19.594+0000] {dagbag.py:588} INFO - Filling up the DagBag from /home/airflow/.local/lib/python3.12/site-packages/airflow/example_dags/example_branch_labels.py
[2024-12-02T10:45:19.601+0000] {processor.py:925} INFO - DAG(s) 'example_branch_labels' retrieved from /home/airflow/.local/lib/python3.12/site-packages/airflow/example_dags/example_branch_labels.py
[2024-12-02T10:45:19.620+0000] {logging_mixin.py:190} INFO - [2024-12-02T10:45:19.620+0000] {dag.py:3239} INFO - Sync 1 DAGs
[2024-12-02T10:45:19.637+0000] {logging_mixin.py:190} INFO - [2024-12-02T10:45:19.636+0000] {dag.py:4180} INFO - Setting next_dagrun for example_branch_labels to 2024-12-01 00:00:00+00:00, run_after=2024-12-02 00:00:00+00:00
[2024-12-02T10:45:19.651+0000] {processor.py:208} INFO - Processing /home/airflow/.local/lib/python3.12/site-packages/airflow/example_dags/example_branch_labels.py took 0.064 seconds
[2024-12-02T10:45:50.015+0000] {processor.py:186} INFO - Started process (PID=524) to work on /home/airflow/.local/lib/python3.12/site-packages/airflow/example_dags/example_branch_labels.py
[2024-12-02T10:45:50.017+0000] {processor.py:914} INFO - Processing file /home/airflow/.local/lib/python3.12/site-packages/airflow/example_dags/example_branch_labels.py for tasks to queue
[2024-12-02T10:45:50.019+0000] {logging_mixin.py:190} INFO - [2024-12-02T10:45:50.019+0000] {dagbag.py:588} INFO - Filling up the DagBag from /home/airflow/.local/lib/python3.12/site-packages/airflow/example_dags/example_branch_labels.py
[2024-12-02T10:45:50.028+0000] {processor.py:925} INFO - DAG(s) 'example_branch_labels' retrieved from /home/airflow/.local/lib/python3.12/site-packages/airflow/example_dags/example_branch_labels.py
[2024-12-02T10:45:50.042+0000] {logging_mixin.py:190} INFO - [2024-12-02T10:45:50.042+0000] {dag.py:3239} INFO - Sync 1 DAGs
[2024-12-02T10:45:50.062+0000] {logging_mixin.py:190} INFO - [2024-12-02T10:45:50.062+0000] {dag.py:4180} INFO - Setting next_dagrun for example_branch_labels to 2024-12-01 00:00:00+00:00, run_after=2024-12-02 00:00:00+00:00
[2024-12-02T10:45:50.079+0000] {processor.py:208} INFO - Processing /home/airflow/.local/lib/python3.12/site-packages/airflow/example_dags/example_branch_labels.py took 0.071 seconds
[2024-12-02T10:46:20.700+0000] {processor.py:186} INFO - Started process (PID=588) to work on /home/airflow/.local/lib/python3.12/site-packages/airflow/example_dags/example_branch_labels.py
[2024-12-02T10:46:20.734+0000] {processor.py:914} INFO - Processing file /home/airflow/.local/lib/python3.12/site-packages/airflow/example_dags/example_branch_labels.py for tasks to queue
[2024-12-02T10:46:20.737+0000] {logging_mixin.py:190} INFO - [2024-12-02T10:46:20.737+0000] {dagbag.py:588} INFO - Filling up the DagBag from /home/airflow/.local/lib/python3.12/site-packages/airflow/example_dags/example_branch_labels.py
[2024-12-02T10:46:20.772+0000] {processor.py:925} INFO - DAG(s) 'example_branch_labels' retrieved from /home/airflow/.local/lib/python3.12/site-packages/airflow/example_dags/example_branch_labels.py
[2024-12-02T10:46:20.860+0000] {logging_mixin.py:190} INFO - [2024-12-02T10:46:20.860+0000] {dag.py:3239} INFO - Sync 1 DAGs
[2024-12-02T10:46:20.957+0000] {logging_mixin.py:190} INFO - [2024-12-02T10:46:20.957+0000] {dag.py:4180} INFO - Setting next_dagrun for example_branch_labels to 2024-12-01 00:00:00+00:00, run_after=2024-12-02 00:00:00+00:00
[2024-12-02T10:46:21.036+0000] {processor.py:208} INFO - Processing /home/airflow/.local/lib/python3.12/site-packages/airflow/example_dags/example_branch_labels.py took 0.341 seconds
[2024-12-02T10:46:52.983+0000] {processor.py:186} INFO - Started process (PID=651) to work on /home/airflow/.local/lib/python3.12/site-packages/airflow/example_dags/example_branch_labels.py
[2024-12-02T10:46:52.986+0000] {processor.py:914} INFO - Processing file /home/airflow/.local/lib/python3.12/site-packages/airflow/example_dags/example_branch_labels.py for tasks to queue
[2024-12-02T10:46:52.990+0000] {logging_mixin.py:190} INFO - [2024-12-02T10:46:52.990+0000] {dagbag.py:588} INFO - Filling up the DagBag from /home/airflow/.local/lib/python3.12/site-packages/airflow/example_dags/example_branch_labels.py
[2024-12-02T10:46:53.008+0000] {processor.py:925} INFO - DAG(s) 'example_branch_labels' retrieved from /home/airflow/.local/lib/python3.12/site-packages/airflow/example_dags/example_branch_labels.py
[2024-12-02T10:46:53.044+0000] {logging_mixin.py:190} INFO - [2024-12-02T10:46:53.044+0000] {dag.py:3239} INFO - Sync 1 DAGs
[2024-12-02T10:46:53.094+0000] {logging_mixin.py:190} INFO - [2024-12-02T10:46:53.094+0000] {dag.py:4180} INFO - Setting next_dagrun for example_branch_labels to 2024-12-01 00:00:00+00:00, run_after=2024-12-02 00:00:00+00:00
[2024-12-02T10:46:53.132+0000] {processor.py:208} INFO - Processing /home/airflow/.local/lib/python3.12/site-packages/airflow/example_dags/example_branch_labels.py took 0.155 seconds
[2024-12-02T10:58:16.415+0000] {processor.py:186} INFO - Started process (PID=90) to work on /home/airflow/.local/lib/python3.12/site-packages/airflow/example_dags/example_branch_labels.py
[2024-12-02T10:58:16.439+0000] {processor.py:914} INFO - Processing file /home/airflow/.local/lib/python3.12/site-packages/airflow/example_dags/example_branch_labels.py for tasks to queue
[2024-12-02T10:58:16.456+0000] {logging_mixin.py:190} INFO - [2024-12-02T10:58:16.456+0000] {dagbag.py:588} INFO - Filling up the DagBag from /home/airflow/.local/lib/python3.12/site-packages/airflow/example_dags/example_branch_labels.py
[2024-12-02T10:58:16.472+0000] {processor.py:925} INFO - DAG(s) 'example_branch_labels' retrieved from /home/airflow/.local/lib/python3.12/site-packages/airflow/example_dags/example_branch_labels.py
[2024-12-02T10:58:16.622+0000] {logging_mixin.py:190} INFO - [2024-12-02T10:58:16.606+0000] {dag.py:3239} INFO - Sync 1 DAGs
[2024-12-02T10:58:16.702+0000] {logging_mixin.py:190} INFO - [2024-12-02T10:58:16.701+0000] {dag.py:4180} INFO - Setting next_dagrun for example_branch_labels to 2024-12-01 00:00:00+00:00, run_after=2024-12-02 00:00:00+00:00
[2024-12-02T10:58:16.762+0000] {processor.py:208} INFO - Processing /home/airflow/.local/lib/python3.12/site-packages/airflow/example_dags/example_branch_labels.py took 0.359 seconds
[2024-12-02T10:58:49.191+0000] {processor.py:186} INFO - Started process (PID=154) to work on /home/airflow/.local/lib/python3.12/site-packages/airflow/example_dags/example_branch_labels.py
[2024-12-02T10:58:49.245+0000] {processor.py:914} INFO - Processing file /home/airflow/.local/lib/python3.12/site-packages/airflow/example_dags/example_branch_labels.py for tasks to queue
[2024-12-02T10:58:49.270+0000] {logging_mixin.py:190} INFO - [2024-12-02T10:58:49.269+0000] {dagbag.py:588} INFO - Filling up the DagBag from /home/airflow/.local/lib/python3.12/site-packages/airflow/example_dags/example_branch_labels.py
[2024-12-02T10:58:49.314+0000] {processor.py:925} INFO - DAG(s) 'example_branch_labels' retrieved from /home/airflow/.local/lib/python3.12/site-packages/airflow/example_dags/example_branch_labels.py
[2024-12-02T10:58:49.391+0000] {logging_mixin.py:190} INFO - [2024-12-02T10:58:49.390+0000] {dag.py:3239} INFO - Sync 1 DAGs
[2024-12-02T10:58:49.425+0000] {logging_mixin.py:190} INFO - [2024-12-02T10:58:49.425+0000] {dag.py:4180} INFO - Setting next_dagrun for example_branch_labels to 2024-12-01 00:00:00+00:00, run_after=2024-12-02 00:00:00+00:00
[2024-12-02T10:58:49.476+0000] {processor.py:208} INFO - Processing /home/airflow/.local/lib/python3.12/site-packages/airflow/example_dags/example_branch_labels.py took 0.290 seconds
[2024-12-02T10:59:19.637+0000] {processor.py:186} INFO - Started process (PID=217) to work on /home/airflow/.local/lib/python3.12/site-packages/airflow/example_dags/example_branch_labels.py
[2024-12-02T10:59:19.638+0000] {processor.py:914} INFO - Processing file /home/airflow/.local/lib/python3.12/site-packages/airflow/example_dags/example_branch_labels.py for tasks to queue
[2024-12-02T10:59:19.639+0000] {logging_mixin.py:190} INFO - [2024-12-02T10:59:19.639+0000] {dagbag.py:588} INFO - Filling up the DagBag from /home/airflow/.local/lib/python3.12/site-packages/airflow/example_dags/example_branch_labels.py
[2024-12-02T10:59:19.648+0000] {processor.py:925} INFO - DAG(s) 'example_branch_labels' retrieved from /home/airflow/.local/lib/python3.12/site-packages/airflow/example_dags/example_branch_labels.py
[2024-12-02T10:59:19.668+0000] {logging_mixin.py:190} INFO - [2024-12-02T10:59:19.668+0000] {dag.py:3239} INFO - Sync 1 DAGs
[2024-12-02T10:59:19.691+0000] {logging_mixin.py:190} INFO - [2024-12-02T10:59:19.690+0000] {dag.py:4180} INFO - Setting next_dagrun for example_branch_labels to 2024-12-01 00:00:00+00:00, run_after=2024-12-02 00:00:00+00:00
[2024-12-02T10:59:19.709+0000] {processor.py:208} INFO - Processing /home/airflow/.local/lib/python3.12/site-packages/airflow/example_dags/example_branch_labels.py took 0.078 seconds
[2024-12-02T10:59:49.837+0000] {processor.py:186} INFO - Started process (PID=281) to work on /home/airflow/.local/lib/python3.12/site-packages/airflow/example_dags/example_branch_labels.py
[2024-12-02T10:59:49.840+0000] {processor.py:914} INFO - Processing file /home/airflow/.local/lib/python3.12/site-packages/airflow/example_dags/example_branch_labels.py for tasks to queue
[2024-12-02T10:59:49.842+0000] {logging_mixin.py:190} INFO - [2024-12-02T10:59:49.842+0000] {dagbag.py:588} INFO - Filling up the DagBag from /home/airflow/.local/lib/python3.12/site-packages/airflow/example_dags/example_branch_labels.py
[2024-12-02T10:59:49.850+0000] {processor.py:925} INFO - DAG(s) 'example_branch_labels' retrieved from /home/airflow/.local/lib/python3.12/site-packages/airflow/example_dags/example_branch_labels.py
[2024-12-02T10:59:49.889+0000] {logging_mixin.py:190} INFO - [2024-12-02T10:59:49.889+0000] {dag.py:3239} INFO - Sync 1 DAGs
[2024-12-02T10:59:49.932+0000] {logging_mixin.py:190} INFO - [2024-12-02T10:59:49.932+0000] {dag.py:4180} INFO - Setting next_dagrun for example_branch_labels to 2024-12-01 00:00:00+00:00, run_after=2024-12-02 00:00:00+00:00
[2024-12-02T10:59:49.970+0000] {processor.py:208} INFO - Processing /home/airflow/.local/lib/python3.12/site-packages/airflow/example_dags/example_branch_labels.py took 0.142 seconds
[2024-12-02T11:00:20.267+0000] {processor.py:186} INFO - Started process (PID=344) to work on /home/airflow/.local/lib/python3.12/site-packages/airflow/example_dags/example_branch_labels.py
[2024-12-02T11:00:20.268+0000] {processor.py:914} INFO - Processing file /home/airflow/.local/lib/python3.12/site-packages/airflow/example_dags/example_branch_labels.py for tasks to queue
[2024-12-02T11:00:20.269+0000] {logging_mixin.py:190} INFO - [2024-12-02T11:00:20.269+0000] {dagbag.py:588} INFO - Filling up the DagBag from /home/airflow/.local/lib/python3.12/site-packages/airflow/example_dags/example_branch_labels.py
[2024-12-02T11:00:20.275+0000] {processor.py:925} INFO - DAG(s) 'example_branch_labels' retrieved from /home/airflow/.local/lib/python3.12/site-packages/airflow/example_dags/example_branch_labels.py
[2024-12-02T11:00:20.289+0000] {logging_mixin.py:190} INFO - [2024-12-02T11:00:20.289+0000] {dag.py:3239} INFO - Sync 1 DAGs
[2024-12-02T11:00:20.305+0000] {logging_mixin.py:190} INFO - [2024-12-02T11:00:20.304+0000] {dag.py:4180} INFO - Setting next_dagrun for example_branch_labels to 2024-12-01 00:00:00+00:00, run_after=2024-12-02 00:00:00+00:00
[2024-12-02T11:00:20.319+0000] {processor.py:208} INFO - Processing /home/airflow/.local/lib/python3.12/site-packages/airflow/example_dags/example_branch_labels.py took 0.055 seconds
[2024-12-02T11:00:51.713+0000] {processor.py:186} INFO - Started process (PID=408) to work on /home/airflow/.local/lib/python3.12/site-packages/airflow/example_dags/example_branch_labels.py
[2024-12-02T11:00:51.715+0000] {processor.py:914} INFO - Processing file /home/airflow/.local/lib/python3.12/site-packages/airflow/example_dags/example_branch_labels.py for tasks to queue
[2024-12-02T11:00:51.717+0000] {logging_mixin.py:190} INFO - [2024-12-02T11:00:51.717+0000] {dagbag.py:588} INFO - Filling up the DagBag from /home/airflow/.local/lib/python3.12/site-packages/airflow/example_dags/example_branch_labels.py
[2024-12-02T11:00:51.732+0000] {processor.py:925} INFO - DAG(s) 'example_branch_labels' retrieved from /home/airflow/.local/lib/python3.12/site-packages/airflow/example_dags/example_branch_labels.py
[2024-12-02T11:00:51.762+0000] {logging_mixin.py:190} INFO - [2024-12-02T11:00:51.761+0000] {dag.py:3239} INFO - Sync 1 DAGs
[2024-12-02T11:00:51.795+0000] {logging_mixin.py:190} INFO - [2024-12-02T11:00:51.795+0000] {dag.py:4180} INFO - Setting next_dagrun for example_branch_labels to 2024-12-01 00:00:00+00:00, run_after=2024-12-02 00:00:00+00:00
[2024-12-02T11:00:51.830+0000] {processor.py:208} INFO - Processing /home/airflow/.local/lib/python3.12/site-packages/airflow/example_dags/example_branch_labels.py took 0.123 seconds
[2024-12-02T11:01:22.221+0000] {processor.py:186} INFO - Started process (PID=472) to work on /home/airflow/.local/lib/python3.12/site-packages/airflow/example_dags/example_branch_labels.py
[2024-12-02T11:01:22.225+0000] {processor.py:914} INFO - Processing file /home/airflow/.local/lib/python3.12/site-packages/airflow/example_dags/example_branch_labels.py for tasks to queue
[2024-12-02T11:01:22.233+0000] {logging_mixin.py:190} INFO - [2024-12-02T11:01:22.233+0000] {dagbag.py:588} INFO - Filling up the DagBag from /home/airflow/.local/lib/python3.12/site-packages/airflow/example_dags/example_branch_labels.py
[2024-12-02T11:01:22.241+0000] {processor.py:925} INFO - DAG(s) 'example_branch_labels' retrieved from /home/airflow/.local/lib/python3.12/site-packages/airflow/example_dags/example_branch_labels.py
[2024-12-02T11:01:22.293+0000] {logging_mixin.py:190} INFO - [2024-12-02T11:01:22.293+0000] {dag.py:3239} INFO - Sync 1 DAGs
[2024-12-02T11:01:22.337+0000] {logging_mixin.py:190} INFO - [2024-12-02T11:01:22.336+0000] {dag.py:4180} INFO - Setting next_dagrun for example_branch_labels to 2024-12-01 00:00:00+00:00, run_after=2024-12-02 00:00:00+00:00
[2024-12-02T11:01:22.391+0000] {processor.py:208} INFO - Processing /home/airflow/.local/lib/python3.12/site-packages/airflow/example_dags/example_branch_labels.py took 0.176 seconds
[2024-12-02T11:01:52.671+0000] {processor.py:186} INFO - Started process (PID=536) to work on /home/airflow/.local/lib/python3.12/site-packages/airflow/example_dags/example_branch_labels.py
[2024-12-02T11:01:52.673+0000] {processor.py:914} INFO - Processing file /home/airflow/.local/lib/python3.12/site-packages/airflow/example_dags/example_branch_labels.py for tasks to queue
[2024-12-02T11:01:52.676+0000] {logging_mixin.py:190} INFO - [2024-12-02T11:01:52.675+0000] {dagbag.py:588} INFO - Filling up the DagBag from /home/airflow/.local/lib/python3.12/site-packages/airflow/example_dags/example_branch_labels.py
[2024-12-02T11:01:52.683+0000] {processor.py:925} INFO - DAG(s) 'example_branch_labels' retrieved from /home/airflow/.local/lib/python3.12/site-packages/airflow/example_dags/example_branch_labels.py
[2024-12-02T11:01:52.697+0000] {logging_mixin.py:190} INFO - [2024-12-02T11:01:52.696+0000] {dag.py:3239} INFO - Sync 1 DAGs
[2024-12-02T11:01:52.726+0000] {logging_mixin.py:190} INFO - [2024-12-02T11:01:52.721+0000] {dag.py:4180} INFO - Setting next_dagrun for example_branch_labels to 2024-12-01 00:00:00+00:00, run_after=2024-12-02 00:00:00+00:00
[2024-12-02T11:01:52.754+0000] {processor.py:208} INFO - Processing /home/airflow/.local/lib/python3.12/site-packages/airflow/example_dags/example_branch_labels.py took 0.088 seconds
[2024-12-02T11:02:23.541+0000] {processor.py:186} INFO - Started process (PID=599) to work on /home/airflow/.local/lib/python3.12/site-packages/airflow/example_dags/example_branch_labels.py
[2024-12-02T11:02:23.542+0000] {processor.py:914} INFO - Processing file /home/airflow/.local/lib/python3.12/site-packages/airflow/example_dags/example_branch_labels.py for tasks to queue
[2024-12-02T11:02:23.547+0000] {logging_mixin.py:190} INFO - [2024-12-02T11:02:23.546+0000] {dagbag.py:588} INFO - Filling up the DagBag from /home/airflow/.local/lib/python3.12/site-packages/airflow/example_dags/example_branch_labels.py
[2024-12-02T11:02:23.560+0000] {processor.py:925} INFO - DAG(s) 'example_branch_labels' retrieved from /home/airflow/.local/lib/python3.12/site-packages/airflow/example_dags/example_branch_labels.py
[2024-12-02T11:02:23.581+0000] {logging_mixin.py:190} INFO - [2024-12-02T11:02:23.581+0000] {dag.py:3239} INFO - Sync 1 DAGs
[2024-12-02T11:02:23.607+0000] {logging_mixin.py:190} INFO - [2024-12-02T11:02:23.607+0000] {dag.py:4180} INFO - Setting next_dagrun for example_branch_labels to 2024-12-01 00:00:00+00:00, run_after=2024-12-02 00:00:00+00:00
[2024-12-02T11:02:23.631+0000] {processor.py:208} INFO - Processing /home/airflow/.local/lib/python3.12/site-packages/airflow/example_dags/example_branch_labels.py took 0.096 seconds
[2024-12-02T11:02:54.259+0000] {processor.py:186} INFO - Started process (PID=663) to work on /home/airflow/.local/lib/python3.12/site-packages/airflow/example_dags/example_branch_labels.py
[2024-12-02T11:02:54.266+0000] {processor.py:914} INFO - Processing file /home/airflow/.local/lib/python3.12/site-packages/airflow/example_dags/example_branch_labels.py for tasks to queue
[2024-12-02T11:02:54.268+0000] {logging_mixin.py:190} INFO - [2024-12-02T11:02:54.268+0000] {dagbag.py:588} INFO - Filling up the DagBag from /home/airflow/.local/lib/python3.12/site-packages/airflow/example_dags/example_branch_labels.py
[2024-12-02T11:02:54.287+0000] {processor.py:925} INFO - DAG(s) 'example_branch_labels' retrieved from /home/airflow/.local/lib/python3.12/site-packages/airflow/example_dags/example_branch_labels.py
[2024-12-02T11:02:54.319+0000] {logging_mixin.py:190} INFO - [2024-12-02T11:02:54.319+0000] {dag.py:3239} INFO - Sync 1 DAGs
[2024-12-02T11:02:54.390+0000] {logging_mixin.py:190} INFO - [2024-12-02T11:02:54.390+0000] {dag.py:4180} INFO - Setting next_dagrun for example_branch_labels to 2024-12-01 00:00:00+00:00, run_after=2024-12-02 00:00:00+00:00
[2024-12-02T11:02:54.478+0000] {processor.py:208} INFO - Processing /home/airflow/.local/lib/python3.12/site-packages/airflow/example_dags/example_branch_labels.py took 0.224 seconds
[2024-12-02T11:03:28.311+0000] {processor.py:186} INFO - Started process (PID=726) to work on /home/airflow/.local/lib/python3.12/site-packages/airflow/example_dags/example_branch_labels.py
[2024-12-02T11:03:28.339+0000] {processor.py:914} INFO - Processing file /home/airflow/.local/lib/python3.12/site-packages/airflow/example_dags/example_branch_labels.py for tasks to queue
[2024-12-02T11:03:28.341+0000] {logging_mixin.py:190} INFO - [2024-12-02T11:03:28.341+0000] {dagbag.py:588} INFO - Filling up the DagBag from /home/airflow/.local/lib/python3.12/site-packages/airflow/example_dags/example_branch_labels.py
[2024-12-02T11:03:28.431+0000] {processor.py:925} INFO - DAG(s) 'example_branch_labels' retrieved from /home/airflow/.local/lib/python3.12/site-packages/airflow/example_dags/example_branch_labels.py
[2024-12-02T11:03:28.568+0000] {logging_mixin.py:190} INFO - [2024-12-02T11:03:28.568+0000] {dag.py:3239} INFO - Sync 1 DAGs
[2024-12-02T11:03:28.724+0000] {logging_mixin.py:190} INFO - [2024-12-02T11:03:28.724+0000] {dag.py:4180} INFO - Setting next_dagrun for example_branch_labels to 2024-12-01 00:00:00+00:00, run_after=2024-12-02 00:00:00+00:00
[2024-12-02T11:03:28.881+0000] {processor.py:208} INFO - Processing /home/airflow/.local/lib/python3.12/site-packages/airflow/example_dags/example_branch_labels.py took 0.575 seconds
[2024-12-02T11:03:59.016+0000] {processor.py:186} INFO - Started process (PID=791) to work on /home/airflow/.local/lib/python3.12/site-packages/airflow/example_dags/example_branch_labels.py
[2024-12-02T11:03:59.018+0000] {processor.py:914} INFO - Processing file /home/airflow/.local/lib/python3.12/site-packages/airflow/example_dags/example_branch_labels.py for tasks to queue
[2024-12-02T11:03:59.020+0000] {logging_mixin.py:190} INFO - [2024-12-02T11:03:59.019+0000] {dagbag.py:588} INFO - Filling up the DagBag from /home/airflow/.local/lib/python3.12/site-packages/airflow/example_dags/example_branch_labels.py
[2024-12-02T11:03:59.027+0000] {processor.py:925} INFO - DAG(s) 'example_branch_labels' retrieved from /home/airflow/.local/lib/python3.12/site-packages/airflow/example_dags/example_branch_labels.py
[2024-12-02T11:03:59.041+0000] {logging_mixin.py:190} INFO - [2024-12-02T11:03:59.040+0000] {dag.py:3239} INFO - Sync 1 DAGs
[2024-12-02T11:03:59.057+0000] {logging_mixin.py:190} INFO - [2024-12-02T11:03:59.057+0000] {dag.py:4180} INFO - Setting next_dagrun for example_branch_labels to 2024-12-01 00:00:00+00:00, run_after=2024-12-02 00:00:00+00:00
[2024-12-02T11:03:59.072+0000] {processor.py:208} INFO - Processing /home/airflow/.local/lib/python3.12/site-packages/airflow/example_dags/example_branch_labels.py took 0.061 seconds
[2024-12-02T11:04:29.225+0000] {processor.py:186} INFO - Started process (PID=854) to work on /home/airflow/.local/lib/python3.12/site-packages/airflow/example_dags/example_branch_labels.py
[2024-12-02T11:04:29.225+0000] {processor.py:914} INFO - Processing file /home/airflow/.local/lib/python3.12/site-packages/airflow/example_dags/example_branch_labels.py for tasks to queue
[2024-12-02T11:04:29.227+0000] {logging_mixin.py:190} INFO - [2024-12-02T11:04:29.226+0000] {dagbag.py:588} INFO - Filling up the DagBag from /home/airflow/.local/lib/python3.12/site-packages/airflow/example_dags/example_branch_labels.py
[2024-12-02T11:04:29.233+0000] {processor.py:925} INFO - DAG(s) 'example_branch_labels' retrieved from /home/airflow/.local/lib/python3.12/site-packages/airflow/example_dags/example_branch_labels.py
[2024-12-02T11:04:29.248+0000] {logging_mixin.py:190} INFO - [2024-12-02T11:04:29.248+0000] {dag.py:3239} INFO - Sync 1 DAGs
[2024-12-02T11:04:29.265+0000] {logging_mixin.py:190} INFO - [2024-12-02T11:04:29.265+0000] {dag.py:4180} INFO - Setting next_dagrun for example_branch_labels to 2024-12-01 00:00:00+00:00, run_after=2024-12-02 00:00:00+00:00
[2024-12-02T11:04:29.280+0000] {processor.py:208} INFO - Processing /home/airflow/.local/lib/python3.12/site-packages/airflow/example_dags/example_branch_labels.py took 0.059 seconds
[2024-12-02T11:05:01.095+0000] {processor.py:186} INFO - Started process (PID=890) to work on /home/airflow/.local/lib/python3.12/site-packages/airflow/example_dags/example_branch_labels.py
[2024-12-02T11:05:01.097+0000] {processor.py:914} INFO - Processing file /home/airflow/.local/lib/python3.12/site-packages/airflow/example_dags/example_branch_labels.py for tasks to queue
[2024-12-02T11:05:01.100+0000] {logging_mixin.py:190} INFO - [2024-12-02T11:05:01.099+0000] {dagbag.py:588} INFO - Filling up the DagBag from /home/airflow/.local/lib/python3.12/site-packages/airflow/example_dags/example_branch_labels.py
[2024-12-02T11:05:01.108+0000] {processor.py:925} INFO - DAG(s) 'example_branch_labels' retrieved from /home/airflow/.local/lib/python3.12/site-packages/airflow/example_dags/example_branch_labels.py
[2024-12-02T11:05:01.121+0000] {logging_mixin.py:190} INFO - [2024-12-02T11:05:01.121+0000] {dag.py:3239} INFO - Sync 1 DAGs
[2024-12-02T11:05:01.138+0000] {logging_mixin.py:190} INFO - [2024-12-02T11:05:01.138+0000] {dag.py:4180} INFO - Setting next_dagrun for example_branch_labels to 2024-12-01 00:00:00+00:00, run_after=2024-12-02 00:00:00+00:00
[2024-12-02T11:05:01.150+0000] {processor.py:208} INFO - Processing /home/airflow/.local/lib/python3.12/site-packages/airflow/example_dags/example_branch_labels.py took 0.060 seconds
[2024-12-02T11:05:31.987+0000] {processor.py:186} INFO - Started process (PID=954) to work on /home/airflow/.local/lib/python3.12/site-packages/airflow/example_dags/example_branch_labels.py
[2024-12-02T11:05:31.987+0000] {processor.py:914} INFO - Processing file /home/airflow/.local/lib/python3.12/site-packages/airflow/example_dags/example_branch_labels.py for tasks to queue
[2024-12-02T11:05:31.989+0000] {logging_mixin.py:190} INFO - [2024-12-02T11:05:31.989+0000] {dagbag.py:588} INFO - Filling up the DagBag from /home/airflow/.local/lib/python3.12/site-packages/airflow/example_dags/example_branch_labels.py
[2024-12-02T11:05:32.000+0000] {processor.py:925} INFO - DAG(s) 'example_branch_labels' retrieved from /home/airflow/.local/lib/python3.12/site-packages/airflow/example_dags/example_branch_labels.py
[2024-12-02T11:05:32.015+0000] {logging_mixin.py:190} INFO - [2024-12-02T11:05:32.015+0000] {dag.py:3239} INFO - Sync 1 DAGs
[2024-12-02T11:05:32.033+0000] {logging_mixin.py:190} INFO - [2024-12-02T11:05:32.032+0000] {dag.py:4180} INFO - Setting next_dagrun for example_branch_labels to 2024-12-01 00:00:00+00:00, run_after=2024-12-02 00:00:00+00:00
[2024-12-02T11:05:32.045+0000] {processor.py:208} INFO - Processing /home/airflow/.local/lib/python3.12/site-packages/airflow/example_dags/example_branch_labels.py took 0.063 seconds
[2024-12-02T11:06:02.121+0000] {processor.py:186} INFO - Started process (PID=1018) to work on /home/airflow/.local/lib/python3.12/site-packages/airflow/example_dags/example_branch_labels.py
[2024-12-02T11:06:02.123+0000] {processor.py:914} INFO - Processing file /home/airflow/.local/lib/python3.12/site-packages/airflow/example_dags/example_branch_labels.py for tasks to queue
[2024-12-02T11:06:02.125+0000] {logging_mixin.py:190} INFO - [2024-12-02T11:06:02.125+0000] {dagbag.py:588} INFO - Filling up the DagBag from /home/airflow/.local/lib/python3.12/site-packages/airflow/example_dags/example_branch_labels.py
[2024-12-02T11:06:02.133+0000] {processor.py:925} INFO - DAG(s) 'example_branch_labels' retrieved from /home/airflow/.local/lib/python3.12/site-packages/airflow/example_dags/example_branch_labels.py
[2024-12-02T11:06:02.146+0000] {logging_mixin.py:190} INFO - [2024-12-02T11:06:02.146+0000] {dag.py:3239} INFO - Sync 1 DAGs
[2024-12-02T11:06:02.163+0000] {logging_mixin.py:190} INFO - [2024-12-02T11:06:02.162+0000] {dag.py:4180} INFO - Setting next_dagrun for example_branch_labels to 2024-12-01 00:00:00+00:00, run_after=2024-12-02 00:00:00+00:00
[2024-12-02T11:06:02.176+0000] {processor.py:208} INFO - Processing /home/airflow/.local/lib/python3.12/site-packages/airflow/example_dags/example_branch_labels.py took 0.059 seconds
[2024-12-02T11:06:32.319+0000] {processor.py:186} INFO - Started process (PID=1082) to work on /home/airflow/.local/lib/python3.12/site-packages/airflow/example_dags/example_branch_labels.py
[2024-12-02T11:06:32.320+0000] {processor.py:914} INFO - Processing file /home/airflow/.local/lib/python3.12/site-packages/airflow/example_dags/example_branch_labels.py for tasks to queue
[2024-12-02T11:06:32.322+0000] {logging_mixin.py:190} INFO - [2024-12-02T11:06:32.321+0000] {dagbag.py:588} INFO - Filling up the DagBag from /home/airflow/.local/lib/python3.12/site-packages/airflow/example_dags/example_branch_labels.py
[2024-12-02T11:06:32.328+0000] {processor.py:925} INFO - DAG(s) 'example_branch_labels' retrieved from /home/airflow/.local/lib/python3.12/site-packages/airflow/example_dags/example_branch_labels.py
[2024-12-02T11:06:32.341+0000] {logging_mixin.py:190} INFO - [2024-12-02T11:06:32.340+0000] {dag.py:3239} INFO - Sync 1 DAGs
[2024-12-02T11:06:32.357+0000] {logging_mixin.py:190} INFO - [2024-12-02T11:06:32.356+0000] {dag.py:4180} INFO - Setting next_dagrun for example_branch_labels to 2024-12-01 00:00:00+00:00, run_after=2024-12-02 00:00:00+00:00
[2024-12-02T11:06:32.370+0000] {processor.py:208} INFO - Processing /home/airflow/.local/lib/python3.12/site-packages/airflow/example_dags/example_branch_labels.py took 0.055 seconds
[2024-12-02T11:07:03.478+0000] {processor.py:186} INFO - Started process (PID=1145) to work on /home/airflow/.local/lib/python3.12/site-packages/airflow/example_dags/example_branch_labels.py
[2024-12-02T11:07:03.480+0000] {processor.py:914} INFO - Processing file /home/airflow/.local/lib/python3.12/site-packages/airflow/example_dags/example_branch_labels.py for tasks to queue
[2024-12-02T11:07:03.482+0000] {logging_mixin.py:190} INFO - [2024-12-02T11:07:03.482+0000] {dagbag.py:588} INFO - Filling up the DagBag from /home/airflow/.local/lib/python3.12/site-packages/airflow/example_dags/example_branch_labels.py
[2024-12-02T11:07:03.509+0000] {processor.py:925} INFO - DAG(s) 'example_branch_labels' retrieved from /home/airflow/.local/lib/python3.12/site-packages/airflow/example_dags/example_branch_labels.py
[2024-12-02T11:07:03.528+0000] {logging_mixin.py:190} INFO - [2024-12-02T11:07:03.528+0000] {dag.py:3239} INFO - Sync 1 DAGs
[2024-12-02T11:07:03.569+0000] {logging_mixin.py:190} INFO - [2024-12-02T11:07:03.569+0000] {dag.py:4180} INFO - Setting next_dagrun for example_branch_labels to 2024-12-01 00:00:00+00:00, run_after=2024-12-02 00:00:00+00:00
[2024-12-02T11:07:03.588+0000] {processor.py:208} INFO - Processing /home/airflow/.local/lib/python3.12/site-packages/airflow/example_dags/example_branch_labels.py took 0.124 seconds
[2024-12-02T11:07:34.003+0000] {processor.py:186} INFO - Started process (PID=1209) to work on /home/airflow/.local/lib/python3.12/site-packages/airflow/example_dags/example_branch_labels.py
[2024-12-02T11:07:34.004+0000] {processor.py:914} INFO - Processing file /home/airflow/.local/lib/python3.12/site-packages/airflow/example_dags/example_branch_labels.py for tasks to queue
[2024-12-02T11:07:34.006+0000] {logging_mixin.py:190} INFO - [2024-12-02T11:07:34.005+0000] {dagbag.py:588} INFO - Filling up the DagBag from /home/airflow/.local/lib/python3.12/site-packages/airflow/example_dags/example_branch_labels.py
[2024-12-02T11:07:34.013+0000] {processor.py:925} INFO - DAG(s) 'example_branch_labels' retrieved from /home/airflow/.local/lib/python3.12/site-packages/airflow/example_dags/example_branch_labels.py
[2024-12-02T11:07:34.025+0000] {logging_mixin.py:190} INFO - [2024-12-02T11:07:34.025+0000] {dag.py:3239} INFO - Sync 1 DAGs
[2024-12-02T11:07:34.041+0000] {logging_mixin.py:190} INFO - [2024-12-02T11:07:34.041+0000] {dag.py:4180} INFO - Setting next_dagrun for example_branch_labels to 2024-12-01 00:00:00+00:00, run_after=2024-12-02 00:00:00+00:00
[2024-12-02T11:07:34.056+0000] {processor.py:208} INFO - Processing /home/airflow/.local/lib/python3.12/site-packages/airflow/example_dags/example_branch_labels.py took 0.057 seconds
[2024-12-02T11:08:04.538+0000] {processor.py:186} INFO - Started process (PID=1272) to work on /home/airflow/.local/lib/python3.12/site-packages/airflow/example_dags/example_branch_labels.py
[2024-12-02T11:08:04.538+0000] {processor.py:914} INFO - Processing file /home/airflow/.local/lib/python3.12/site-packages/airflow/example_dags/example_branch_labels.py for tasks to queue
[2024-12-02T11:08:04.540+0000] {logging_mixin.py:190} INFO - [2024-12-02T11:08:04.540+0000] {dagbag.py:588} INFO - Filling up the DagBag from /home/airflow/.local/lib/python3.12/site-packages/airflow/example_dags/example_branch_labels.py
[2024-12-02T11:08:04.548+0000] {processor.py:925} INFO - DAG(s) 'example_branch_labels' retrieved from /home/airflow/.local/lib/python3.12/site-packages/airflow/example_dags/example_branch_labels.py
[2024-12-02T11:08:04.562+0000] {logging_mixin.py:190} INFO - [2024-12-02T11:08:04.562+0000] {dag.py:3239} INFO - Sync 1 DAGs
[2024-12-02T11:08:04.578+0000] {logging_mixin.py:190} INFO - [2024-12-02T11:08:04.578+0000] {dag.py:4180} INFO - Setting next_dagrun for example_branch_labels to 2024-12-01 00:00:00+00:00, run_after=2024-12-02 00:00:00+00:00
[2024-12-02T11:08:04.595+0000] {processor.py:208} INFO - Processing /home/airflow/.local/lib/python3.12/site-packages/airflow/example_dags/example_branch_labels.py took 0.062 seconds
[2024-12-02T11:08:34.720+0000] {processor.py:186} INFO - Started process (PID=1336) to work on /home/airflow/.local/lib/python3.12/site-packages/airflow/example_dags/example_branch_labels.py
[2024-12-02T11:08:34.722+0000] {processor.py:914} INFO - Processing file /home/airflow/.local/lib/python3.12/site-packages/airflow/example_dags/example_branch_labels.py for tasks to queue
[2024-12-02T11:08:34.724+0000] {logging_mixin.py:190} INFO - [2024-12-02T11:08:34.723+0000] {dagbag.py:588} INFO - Filling up the DagBag from /home/airflow/.local/lib/python3.12/site-packages/airflow/example_dags/example_branch_labels.py
[2024-12-02T11:08:34.731+0000] {processor.py:925} INFO - DAG(s) 'example_branch_labels' retrieved from /home/airflow/.local/lib/python3.12/site-packages/airflow/example_dags/example_branch_labels.py
[2024-12-02T11:08:34.744+0000] {logging_mixin.py:190} INFO - [2024-12-02T11:08:34.744+0000] {dag.py:3239} INFO - Sync 1 DAGs
[2024-12-02T11:08:34.762+0000] {logging_mixin.py:190} INFO - [2024-12-02T11:08:34.762+0000] {dag.py:4180} INFO - Setting next_dagrun for example_branch_labels to 2024-12-01 00:00:00+00:00, run_after=2024-12-02 00:00:00+00:00
[2024-12-02T11:08:34.775+0000] {processor.py:208} INFO - Processing /home/airflow/.local/lib/python3.12/site-packages/airflow/example_dags/example_branch_labels.py took 0.059 seconds
[2024-12-02T11:09:05.628+0000] {processor.py:186} INFO - Started process (PID=1400) to work on /home/airflow/.local/lib/python3.12/site-packages/airflow/example_dags/example_branch_labels.py
[2024-12-02T11:09:05.628+0000] {processor.py:914} INFO - Processing file /home/airflow/.local/lib/python3.12/site-packages/airflow/example_dags/example_branch_labels.py for tasks to queue
[2024-12-02T11:09:05.630+0000] {logging_mixin.py:190} INFO - [2024-12-02T11:09:05.630+0000] {dagbag.py:588} INFO - Filling up the DagBag from /home/airflow/.local/lib/python3.12/site-packages/airflow/example_dags/example_branch_labels.py
[2024-12-02T11:09:05.639+0000] {processor.py:925} INFO - DAG(s) 'example_branch_labels' retrieved from /home/airflow/.local/lib/python3.12/site-packages/airflow/example_dags/example_branch_labels.py
[2024-12-02T11:09:05.653+0000] {logging_mixin.py:190} INFO - [2024-12-02T11:09:05.653+0000] {dag.py:3239} INFO - Sync 1 DAGs
[2024-12-02T11:09:05.676+0000] {logging_mixin.py:190} INFO - [2024-12-02T11:09:05.675+0000] {dag.py:4180} INFO - Setting next_dagrun for example_branch_labels to 2024-12-01 00:00:00+00:00, run_after=2024-12-02 00:00:00+00:00
[2024-12-02T11:09:05.707+0000] {processor.py:208} INFO - Processing /home/airflow/.local/lib/python3.12/site-packages/airflow/example_dags/example_branch_labels.py took 0.085 seconds
[2024-12-02T11:09:36.005+0000] {processor.py:186} INFO - Started process (PID=1464) to work on /home/airflow/.local/lib/python3.12/site-packages/airflow/example_dags/example_branch_labels.py
[2024-12-02T11:09:36.006+0000] {processor.py:914} INFO - Processing file /home/airflow/.local/lib/python3.12/site-packages/airflow/example_dags/example_branch_labels.py for tasks to queue
[2024-12-02T11:09:36.008+0000] {logging_mixin.py:190} INFO - [2024-12-02T11:09:36.008+0000] {dagbag.py:588} INFO - Filling up the DagBag from /home/airflow/.local/lib/python3.12/site-packages/airflow/example_dags/example_branch_labels.py
[2024-12-02T11:09:36.015+0000] {processor.py:925} INFO - DAG(s) 'example_branch_labels' retrieved from /home/airflow/.local/lib/python3.12/site-packages/airflow/example_dags/example_branch_labels.py
[2024-12-02T11:09:36.029+0000] {logging_mixin.py:190} INFO - [2024-12-02T11:09:36.028+0000] {dag.py:3239} INFO - Sync 1 DAGs
[2024-12-02T11:09:36.047+0000] {logging_mixin.py:190} INFO - [2024-12-02T11:09:36.047+0000] {dag.py:4180} INFO - Setting next_dagrun for example_branch_labels to 2024-12-01 00:00:00+00:00, run_after=2024-12-02 00:00:00+00:00
[2024-12-02T11:09:36.065+0000] {processor.py:208} INFO - Processing /home/airflow/.local/lib/python3.12/site-packages/airflow/example_dags/example_branch_labels.py took 0.068 seconds
[2024-12-02T11:10:07.012+0000] {processor.py:186} INFO - Started process (PID=1527) to work on /home/airflow/.local/lib/python3.12/site-packages/airflow/example_dags/example_branch_labels.py
[2024-12-02T11:10:07.013+0000] {processor.py:914} INFO - Processing file /home/airflow/.local/lib/python3.12/site-packages/airflow/example_dags/example_branch_labels.py for tasks to queue
[2024-12-02T11:10:07.014+0000] {logging_mixin.py:190} INFO - [2024-12-02T11:10:07.014+0000] {dagbag.py:588} INFO - Filling up the DagBag from /home/airflow/.local/lib/python3.12/site-packages/airflow/example_dags/example_branch_labels.py
[2024-12-02T11:10:07.020+0000] {processor.py:925} INFO - DAG(s) 'example_branch_labels' retrieved from /home/airflow/.local/lib/python3.12/site-packages/airflow/example_dags/example_branch_labels.py
[2024-12-02T11:10:07.034+0000] {logging_mixin.py:190} INFO - [2024-12-02T11:10:07.034+0000] {dag.py:3239} INFO - Sync 1 DAGs
[2024-12-02T11:10:07.060+0000] {logging_mixin.py:190} INFO - [2024-12-02T11:10:07.059+0000] {dag.py:4180} INFO - Setting next_dagrun for example_branch_labels to 2024-12-01 00:00:00+00:00, run_after=2024-12-02 00:00:00+00:00
[2024-12-02T11:10:07.073+0000] {processor.py:208} INFO - Processing /home/airflow/.local/lib/python3.12/site-packages/airflow/example_dags/example_branch_labels.py took 0.065 seconds
[2024-12-02T11:10:37.830+0000] {processor.py:186} INFO - Started process (PID=1591) to work on /home/airflow/.local/lib/python3.12/site-packages/airflow/example_dags/example_branch_labels.py
[2024-12-02T11:10:37.832+0000] {processor.py:914} INFO - Processing file /home/airflow/.local/lib/python3.12/site-packages/airflow/example_dags/example_branch_labels.py for tasks to queue
[2024-12-02T11:10:37.834+0000] {logging_mixin.py:190} INFO - [2024-12-02T11:10:37.834+0000] {dagbag.py:588} INFO - Filling up the DagBag from /home/airflow/.local/lib/python3.12/site-packages/airflow/example_dags/example_branch_labels.py
[2024-12-02T11:10:37.841+0000] {processor.py:925} INFO - DAG(s) 'example_branch_labels' retrieved from /home/airflow/.local/lib/python3.12/site-packages/airflow/example_dags/example_branch_labels.py
[2024-12-02T11:10:37.854+0000] {logging_mixin.py:190} INFO - [2024-12-02T11:10:37.854+0000] {dag.py:3239} INFO - Sync 1 DAGs
[2024-12-02T11:10:37.871+0000] {logging_mixin.py:190} INFO - [2024-12-02T11:10:37.870+0000] {dag.py:4180} INFO - Setting next_dagrun for example_branch_labels to 2024-12-01 00:00:00+00:00, run_after=2024-12-02 00:00:00+00:00
[2024-12-02T11:10:37.883+0000] {processor.py:208} INFO - Processing /home/airflow/.local/lib/python3.12/site-packages/airflow/example_dags/example_branch_labels.py took 0.057 seconds
[2024-12-02T11:11:10.147+0000] {processor.py:186} INFO - Started process (PID=1655) to work on /home/airflow/.local/lib/python3.12/site-packages/airflow/example_dags/example_branch_labels.py
[2024-12-02T11:11:10.148+0000] {processor.py:914} INFO - Processing file /home/airflow/.local/lib/python3.12/site-packages/airflow/example_dags/example_branch_labels.py for tasks to queue
[2024-12-02T11:11:10.150+0000] {logging_mixin.py:190} INFO - [2024-12-02T11:11:10.149+0000] {dagbag.py:588} INFO - Filling up the DagBag from /home/airflow/.local/lib/python3.12/site-packages/airflow/example_dags/example_branch_labels.py
[2024-12-02T11:11:10.156+0000] {processor.py:925} INFO - DAG(s) 'example_branch_labels' retrieved from /home/airflow/.local/lib/python3.12/site-packages/airflow/example_dags/example_branch_labels.py
[2024-12-02T11:11:10.169+0000] {logging_mixin.py:190} INFO - [2024-12-02T11:11:10.169+0000] {dag.py:3239} INFO - Sync 1 DAGs
[2024-12-02T11:11:10.185+0000] {logging_mixin.py:190} INFO - [2024-12-02T11:11:10.185+0000] {dag.py:4180} INFO - Setting next_dagrun for example_branch_labels to 2024-12-01 00:00:00+00:00, run_after=2024-12-02 00:00:00+00:00
[2024-12-02T11:11:10.202+0000] {processor.py:208} INFO - Processing /home/airflow/.local/lib/python3.12/site-packages/airflow/example_dags/example_branch_labels.py took 0.060 seconds
[2024-12-02T11:11:40.958+0000] {processor.py:186} INFO - Started process (PID=1720) to work on /home/airflow/.local/lib/python3.12/site-packages/airflow/example_dags/example_branch_labels.py
[2024-12-02T11:11:40.961+0000] {processor.py:914} INFO - Processing file /home/airflow/.local/lib/python3.12/site-packages/airflow/example_dags/example_branch_labels.py for tasks to queue
[2024-12-02T11:11:40.963+0000] {logging_mixin.py:190} INFO - [2024-12-02T11:11:40.963+0000] {dagbag.py:588} INFO - Filling up the DagBag from /home/airflow/.local/lib/python3.12/site-packages/airflow/example_dags/example_branch_labels.py
[2024-12-02T11:11:40.975+0000] {processor.py:925} INFO - DAG(s) 'example_branch_labels' retrieved from /home/airflow/.local/lib/python3.12/site-packages/airflow/example_dags/example_branch_labels.py
[2024-12-02T11:11:40.995+0000] {logging_mixin.py:190} INFO - [2024-12-02T11:11:40.995+0000] {dag.py:3239} INFO - Sync 1 DAGs
[2024-12-02T11:11:41.032+0000] {logging_mixin.py:190} INFO - [2024-12-02T11:11:41.031+0000] {dag.py:4180} INFO - Setting next_dagrun for example_branch_labels to 2024-12-01 00:00:00+00:00, run_after=2024-12-02 00:00:00+00:00
[2024-12-02T11:11:41.051+0000] {processor.py:208} INFO - Processing /home/airflow/.local/lib/python3.12/site-packages/airflow/example_dags/example_branch_labels.py took 0.097 seconds
[2024-12-02T11:12:11.325+0000] {processor.py:186} INFO - Started process (PID=1784) to work on /home/airflow/.local/lib/python3.12/site-packages/airflow/example_dags/example_branch_labels.py
[2024-12-02T11:12:11.326+0000] {processor.py:914} INFO - Processing file /home/airflow/.local/lib/python3.12/site-packages/airflow/example_dags/example_branch_labels.py for tasks to queue
[2024-12-02T11:12:11.328+0000] {logging_mixin.py:190} INFO - [2024-12-02T11:12:11.328+0000] {dagbag.py:588} INFO - Filling up the DagBag from /home/airflow/.local/lib/python3.12/site-packages/airflow/example_dags/example_branch_labels.py
[2024-12-02T11:12:11.336+0000] {processor.py:925} INFO - DAG(s) 'example_branch_labels' retrieved from /home/airflow/.local/lib/python3.12/site-packages/airflow/example_dags/example_branch_labels.py
[2024-12-02T11:12:11.349+0000] {logging_mixin.py:190} INFO - [2024-12-02T11:12:11.349+0000] {dag.py:3239} INFO - Sync 1 DAGs
[2024-12-02T11:12:11.365+0000] {logging_mixin.py:190} INFO - [2024-12-02T11:12:11.365+0000] {dag.py:4180} INFO - Setting next_dagrun for example_branch_labels to 2024-12-01 00:00:00+00:00, run_after=2024-12-02 00:00:00+00:00
[2024-12-02T11:12:11.377+0000] {processor.py:208} INFO - Processing /home/airflow/.local/lib/python3.12/site-packages/airflow/example_dags/example_branch_labels.py took 0.057 seconds
[2024-12-02T11:12:41.643+0000] {processor.py:186} INFO - Started process (PID=1848) to work on /home/airflow/.local/lib/python3.12/site-packages/airflow/example_dags/example_branch_labels.py
[2024-12-02T11:12:41.645+0000] {processor.py:914} INFO - Processing file /home/airflow/.local/lib/python3.12/site-packages/airflow/example_dags/example_branch_labels.py for tasks to queue
[2024-12-02T11:12:41.646+0000] {logging_mixin.py:190} INFO - [2024-12-02T11:12:41.646+0000] {dagbag.py:588} INFO - Filling up the DagBag from /home/airflow/.local/lib/python3.12/site-packages/airflow/example_dags/example_branch_labels.py
[2024-12-02T11:12:41.653+0000] {processor.py:925} INFO - DAG(s) 'example_branch_labels' retrieved from /home/airflow/.local/lib/python3.12/site-packages/airflow/example_dags/example_branch_labels.py
[2024-12-02T11:12:41.667+0000] {logging_mixin.py:190} INFO - [2024-12-02T11:12:41.667+0000] {dag.py:3239} INFO - Sync 1 DAGs
[2024-12-02T11:12:41.683+0000] {logging_mixin.py:190} INFO - [2024-12-02T11:12:41.683+0000] {dag.py:4180} INFO - Setting next_dagrun for example_branch_labels to 2024-12-01 00:00:00+00:00, run_after=2024-12-02 00:00:00+00:00
[2024-12-02T11:12:41.696+0000] {processor.py:208} INFO - Processing /home/airflow/.local/lib/python3.12/site-packages/airflow/example_dags/example_branch_labels.py took 0.058 seconds
[2024-12-02T11:13:12.563+0000] {processor.py:186} INFO - Started process (PID=1913) to work on /home/airflow/.local/lib/python3.12/site-packages/airflow/example_dags/example_branch_labels.py
[2024-12-02T11:13:12.564+0000] {processor.py:914} INFO - Processing file /home/airflow/.local/lib/python3.12/site-packages/airflow/example_dags/example_branch_labels.py for tasks to queue
[2024-12-02T11:13:12.606+0000] {logging_mixin.py:190} INFO - [2024-12-02T11:13:12.606+0000] {dagbag.py:588} INFO - Filling up the DagBag from /home/airflow/.local/lib/python3.12/site-packages/airflow/example_dags/example_branch_labels.py
[2024-12-02T11:13:12.686+0000] {processor.py:925} INFO - DAG(s) 'example_branch_labels' retrieved from /home/airflow/.local/lib/python3.12/site-packages/airflow/example_dags/example_branch_labels.py
[2024-12-02T11:13:12.727+0000] {logging_mixin.py:190} INFO - [2024-12-02T11:13:12.727+0000] {dag.py:3239} INFO - Sync 1 DAGs
[2024-12-02T11:13:12.782+0000] {logging_mixin.py:190} INFO - [2024-12-02T11:13:12.782+0000] {dag.py:4180} INFO - Setting next_dagrun for example_branch_labels to 2024-12-01 00:00:00+00:00, run_after=2024-12-02 00:00:00+00:00
[2024-12-02T11:13:12.836+0000] {processor.py:208} INFO - Processing /home/airflow/.local/lib/python3.12/site-packages/airflow/example_dags/example_branch_labels.py took 0.295 seconds
[2024-12-02T11:13:43.367+0000] {processor.py:186} INFO - Started process (PID=1972) to work on /home/airflow/.local/lib/python3.12/site-packages/airflow/example_dags/example_branch_labels.py
[2024-12-02T11:13:43.369+0000] {processor.py:914} INFO - Processing file /home/airflow/.local/lib/python3.12/site-packages/airflow/example_dags/example_branch_labels.py for tasks to queue
[2024-12-02T11:13:43.371+0000] {logging_mixin.py:190} INFO - [2024-12-02T11:13:43.371+0000] {dagbag.py:588} INFO - Filling up the DagBag from /home/airflow/.local/lib/python3.12/site-packages/airflow/example_dags/example_branch_labels.py
[2024-12-02T11:13:43.387+0000] {processor.py:925} INFO - DAG(s) 'example_branch_labels' retrieved from /home/airflow/.local/lib/python3.12/site-packages/airflow/example_dags/example_branch_labels.py
[2024-12-02T11:13:43.418+0000] {logging_mixin.py:190} INFO - [2024-12-02T11:13:43.418+0000] {dag.py:3239} INFO - Sync 1 DAGs
[2024-12-02T11:13:43.435+0000] {logging_mixin.py:190} INFO - [2024-12-02T11:13:43.435+0000] {dag.py:4180} INFO - Setting next_dagrun for example_branch_labels to 2024-12-01 00:00:00+00:00, run_after=2024-12-02 00:00:00+00:00
[2024-12-02T11:13:43.462+0000] {processor.py:208} INFO - Processing /home/airflow/.local/lib/python3.12/site-packages/airflow/example_dags/example_branch_labels.py took 0.110 seconds
[2024-12-02T11:14:14.068+0000] {processor.py:186} INFO - Started process (PID=2038) to work on /home/airflow/.local/lib/python3.12/site-packages/airflow/example_dags/example_branch_labels.py
[2024-12-02T11:14:14.068+0000] {processor.py:914} INFO - Processing file /home/airflow/.local/lib/python3.12/site-packages/airflow/example_dags/example_branch_labels.py for tasks to queue
[2024-12-02T11:14:14.070+0000] {logging_mixin.py:190} INFO - [2024-12-02T11:14:14.070+0000] {dagbag.py:588} INFO - Filling up the DagBag from /home/airflow/.local/lib/python3.12/site-packages/airflow/example_dags/example_branch_labels.py
[2024-12-02T11:14:14.077+0000] {processor.py:925} INFO - DAG(s) 'example_branch_labels' retrieved from /home/airflow/.local/lib/python3.12/site-packages/airflow/example_dags/example_branch_labels.py
[2024-12-02T11:14:14.091+0000] {logging_mixin.py:190} INFO - [2024-12-02T11:14:14.091+0000] {dag.py:3239} INFO - Sync 1 DAGs
[2024-12-02T11:14:14.106+0000] {logging_mixin.py:190} INFO - [2024-12-02T11:14:14.106+0000] {dag.py:4180} INFO - Setting next_dagrun for example_branch_labels to 2024-12-01 00:00:00+00:00, run_after=2024-12-02 00:00:00+00:00
[2024-12-02T11:14:14.119+0000] {processor.py:208} INFO - Processing /home/airflow/.local/lib/python3.12/site-packages/airflow/example_dags/example_branch_labels.py took 0.055 seconds
[2024-12-02T11:14:44.423+0000] {processor.py:186} INFO - Started process (PID=2103) to work on /home/airflow/.local/lib/python3.12/site-packages/airflow/example_dags/example_branch_labels.py
[2024-12-02T11:14:44.425+0000] {processor.py:914} INFO - Processing file /home/airflow/.local/lib/python3.12/site-packages/airflow/example_dags/example_branch_labels.py for tasks to queue
[2024-12-02T11:14:44.428+0000] {logging_mixin.py:190} INFO - [2024-12-02T11:14:44.427+0000] {dagbag.py:588} INFO - Filling up the DagBag from /home/airflow/.local/lib/python3.12/site-packages/airflow/example_dags/example_branch_labels.py
[2024-12-02T11:14:44.436+0000] {processor.py:925} INFO - DAG(s) 'example_branch_labels' retrieved from /home/airflow/.local/lib/python3.12/site-packages/airflow/example_dags/example_branch_labels.py
[2024-12-02T11:14:44.449+0000] {logging_mixin.py:190} INFO - [2024-12-02T11:14:44.449+0000] {dag.py:3239} INFO - Sync 1 DAGs
[2024-12-02T11:14:44.467+0000] {logging_mixin.py:190} INFO - [2024-12-02T11:14:44.467+0000] {dag.py:4180} INFO - Setting next_dagrun for example_branch_labels to 2024-12-01 00:00:00+00:00, run_after=2024-12-02 00:00:00+00:00
[2024-12-02T11:14:44.486+0000] {processor.py:208} INFO - Processing /home/airflow/.local/lib/python3.12/site-packages/airflow/example_dags/example_branch_labels.py took 0.069 seconds
[2024-12-02T11:15:16.671+0000] {processor.py:186} INFO - Started process (PID=2166) to work on /home/airflow/.local/lib/python3.12/site-packages/airflow/example_dags/example_branch_labels.py
[2024-12-02T11:15:16.673+0000] {processor.py:914} INFO - Processing file /home/airflow/.local/lib/python3.12/site-packages/airflow/example_dags/example_branch_labels.py for tasks to queue
[2024-12-02T11:15:16.685+0000] {logging_mixin.py:190} INFO - [2024-12-02T11:15:16.685+0000] {dagbag.py:588} INFO - Filling up the DagBag from /home/airflow/.local/lib/python3.12/site-packages/airflow/example_dags/example_branch_labels.py
[2024-12-02T11:15:16.692+0000] {processor.py:925} INFO - DAG(s) 'example_branch_labels' retrieved from /home/airflow/.local/lib/python3.12/site-packages/airflow/example_dags/example_branch_labels.py
[2024-12-02T11:15:16.711+0000] {logging_mixin.py:190} INFO - [2024-12-02T11:15:16.711+0000] {dag.py:3239} INFO - Sync 1 DAGs
[2024-12-02T11:15:16.765+0000] {logging_mixin.py:190} INFO - [2024-12-02T11:15:16.765+0000] {dag.py:4180} INFO - Setting next_dagrun for example_branch_labels to 2024-12-01 00:00:00+00:00, run_after=2024-12-02 00:00:00+00:00
[2024-12-02T11:15:16.794+0000] {processor.py:208} INFO - Processing /home/airflow/.local/lib/python3.12/site-packages/airflow/example_dags/example_branch_labels.py took 0.129 seconds
[2024-12-02T11:15:47.114+0000] {processor.py:186} INFO - Started process (PID=2231) to work on /home/airflow/.local/lib/python3.12/site-packages/airflow/example_dags/example_branch_labels.py
[2024-12-02T11:15:47.117+0000] {processor.py:914} INFO - Processing file /home/airflow/.local/lib/python3.12/site-packages/airflow/example_dags/example_branch_labels.py for tasks to queue
[2024-12-02T11:15:47.117+0000] {logging_mixin.py:190} INFO - [2024-12-02T11:15:47.117+0000] {dagbag.py:588} INFO - Filling up the DagBag from /home/airflow/.local/lib/python3.12/site-packages/airflow/example_dags/example_branch_labels.py
[2024-12-02T11:15:47.125+0000] {processor.py:925} INFO - DAG(s) 'example_branch_labels' retrieved from /home/airflow/.local/lib/python3.12/site-packages/airflow/example_dags/example_branch_labels.py
[2024-12-02T11:15:47.139+0000] {logging_mixin.py:190} INFO - [2024-12-02T11:15:47.138+0000] {dag.py:3239} INFO - Sync 1 DAGs
[2024-12-02T11:15:47.156+0000] {logging_mixin.py:190} INFO - [2024-12-02T11:15:47.155+0000] {dag.py:4180} INFO - Setting next_dagrun for example_branch_labels to 2024-12-01 00:00:00+00:00, run_after=2024-12-02 00:00:00+00:00
[2024-12-02T11:15:47.171+0000] {processor.py:208} INFO - Processing /home/airflow/.local/lib/python3.12/site-packages/airflow/example_dags/example_branch_labels.py took 0.060 seconds
[2024-12-02T11:16:17.870+0000] {processor.py:186} INFO - Started process (PID=2296) to work on /home/airflow/.local/lib/python3.12/site-packages/airflow/example_dags/example_branch_labels.py
[2024-12-02T11:16:17.870+0000] {processor.py:914} INFO - Processing file /home/airflow/.local/lib/python3.12/site-packages/airflow/example_dags/example_branch_labels.py for tasks to queue
[2024-12-02T11:16:17.871+0000] {logging_mixin.py:190} INFO - [2024-12-02T11:16:17.871+0000] {dagbag.py:588} INFO - Filling up the DagBag from /home/airflow/.local/lib/python3.12/site-packages/airflow/example_dags/example_branch_labels.py
[2024-12-02T11:16:17.877+0000] {processor.py:925} INFO - DAG(s) 'example_branch_labels' retrieved from /home/airflow/.local/lib/python3.12/site-packages/airflow/example_dags/example_branch_labels.py
[2024-12-02T11:16:17.895+0000] {logging_mixin.py:190} INFO - [2024-12-02T11:16:17.895+0000] {dag.py:3239} INFO - Sync 1 DAGs
[2024-12-02T11:16:17.912+0000] {logging_mixin.py:190} INFO - [2024-12-02T11:16:17.912+0000] {dag.py:4180} INFO - Setting next_dagrun for example_branch_labels to 2024-12-01 00:00:00+00:00, run_after=2024-12-02 00:00:00+00:00
[2024-12-02T11:16:17.927+0000] {processor.py:208} INFO - Processing /home/airflow/.local/lib/python3.12/site-packages/airflow/example_dags/example_branch_labels.py took 0.062 seconds
[2024-12-02T11:16:48.001+0000] {processor.py:186} INFO - Started process (PID=2359) to work on /home/airflow/.local/lib/python3.12/site-packages/airflow/example_dags/example_branch_labels.py
[2024-12-02T11:16:48.012+0000] {processor.py:914} INFO - Processing file /home/airflow/.local/lib/python3.12/site-packages/airflow/example_dags/example_branch_labels.py for tasks to queue
[2024-12-02T11:16:48.013+0000] {logging_mixin.py:190} INFO - [2024-12-02T11:16:48.013+0000] {dagbag.py:588} INFO - Filling up the DagBag from /home/airflow/.local/lib/python3.12/site-packages/airflow/example_dags/example_branch_labels.py
[2024-12-02T11:16:48.020+0000] {processor.py:925} INFO - DAG(s) 'example_branch_labels' retrieved from /home/airflow/.local/lib/python3.12/site-packages/airflow/example_dags/example_branch_labels.py
[2024-12-02T11:16:48.046+0000] {logging_mixin.py:190} INFO - [2024-12-02T11:16:48.046+0000] {dag.py:3239} INFO - Sync 1 DAGs
[2024-12-02T11:16:48.087+0000] {logging_mixin.py:190} INFO - [2024-12-02T11:16:48.087+0000] {dag.py:4180} INFO - Setting next_dagrun for example_branch_labels to 2024-12-01 00:00:00+00:00, run_after=2024-12-02 00:00:00+00:00
[2024-12-02T11:16:48.140+0000] {processor.py:208} INFO - Processing /home/airflow/.local/lib/python3.12/site-packages/airflow/example_dags/example_branch_labels.py took 0.145 seconds
[2024-12-02T11:17:18.243+0000] {processor.py:186} INFO - Started process (PID=2423) to work on /home/airflow/.local/lib/python3.12/site-packages/airflow/example_dags/example_branch_labels.py
[2024-12-02T11:17:18.252+0000] {processor.py:914} INFO - Processing file /home/airflow/.local/lib/python3.12/site-packages/airflow/example_dags/example_branch_labels.py for tasks to queue
[2024-12-02T11:17:18.253+0000] {logging_mixin.py:190} INFO - [2024-12-02T11:17:18.252+0000] {dagbag.py:588} INFO - Filling up the DagBag from /home/airflow/.local/lib/python3.12/site-packages/airflow/example_dags/example_branch_labels.py
[2024-12-02T11:17:18.268+0000] {processor.py:925} INFO - DAG(s) 'example_branch_labels' retrieved from /home/airflow/.local/lib/python3.12/site-packages/airflow/example_dags/example_branch_labels.py
[2024-12-02T11:17:18.328+0000] {logging_mixin.py:190} INFO - [2024-12-02T11:17:18.328+0000] {dag.py:3239} INFO - Sync 1 DAGs
[2024-12-02T11:17:18.374+0000] {logging_mixin.py:190} INFO - [2024-12-02T11:17:18.374+0000] {dag.py:4180} INFO - Setting next_dagrun for example_branch_labels to 2024-12-01 00:00:00+00:00, run_after=2024-12-02 00:00:00+00:00
[2024-12-02T11:17:18.411+0000] {processor.py:208} INFO - Processing /home/airflow/.local/lib/python3.12/site-packages/airflow/example_dags/example_branch_labels.py took 0.172 seconds
[2024-12-02T11:17:49.191+0000] {processor.py:186} INFO - Started process (PID=2487) to work on /home/airflow/.local/lib/python3.12/site-packages/airflow/example_dags/example_branch_labels.py
[2024-12-02T11:17:49.198+0000] {processor.py:914} INFO - Processing file /home/airflow/.local/lib/python3.12/site-packages/airflow/example_dags/example_branch_labels.py for tasks to queue
[2024-12-02T11:17:49.199+0000] {logging_mixin.py:190} INFO - [2024-12-02T11:17:49.199+0000] {dagbag.py:588} INFO - Filling up the DagBag from /home/airflow/.local/lib/python3.12/site-packages/airflow/example_dags/example_branch_labels.py
[2024-12-02T11:17:49.228+0000] {processor.py:925} INFO - DAG(s) 'example_branch_labels' retrieved from /home/airflow/.local/lib/python3.12/site-packages/airflow/example_dags/example_branch_labels.py
[2024-12-02T11:17:49.270+0000] {logging_mixin.py:190} INFO - [2024-12-02T11:17:49.270+0000] {dag.py:3239} INFO - Sync 1 DAGs
[2024-12-02T11:17:49.309+0000] {logging_mixin.py:190} INFO - [2024-12-02T11:17:49.309+0000] {dag.py:4180} INFO - Setting next_dagrun for example_branch_labels to 2024-12-01 00:00:00+00:00, run_after=2024-12-02 00:00:00+00:00
[2024-12-02T11:17:49.342+0000] {processor.py:208} INFO - Processing /home/airflow/.local/lib/python3.12/site-packages/airflow/example_dags/example_branch_labels.py took 0.156 seconds
[2024-12-02T11:18:19.453+0000] {processor.py:186} INFO - Started process (PID=2552) to work on /home/airflow/.local/lib/python3.12/site-packages/airflow/example_dags/example_branch_labels.py
[2024-12-02T11:18:19.454+0000] {processor.py:914} INFO - Processing file /home/airflow/.local/lib/python3.12/site-packages/airflow/example_dags/example_branch_labels.py for tasks to queue
[2024-12-02T11:18:19.454+0000] {logging_mixin.py:190} INFO - [2024-12-02T11:18:19.454+0000] {dagbag.py:588} INFO - Filling up the DagBag from /home/airflow/.local/lib/python3.12/site-packages/airflow/example_dags/example_branch_labels.py
[2024-12-02T11:18:19.462+0000] {processor.py:925} INFO - DAG(s) 'example_branch_labels' retrieved from /home/airflow/.local/lib/python3.12/site-packages/airflow/example_dags/example_branch_labels.py
[2024-12-02T11:18:19.475+0000] {logging_mixin.py:190} INFO - [2024-12-02T11:18:19.475+0000] {dag.py:3239} INFO - Sync 1 DAGs
[2024-12-02T11:18:19.491+0000] {logging_mixin.py:190} INFO - [2024-12-02T11:18:19.490+0000] {dag.py:4180} INFO - Setting next_dagrun for example_branch_labels to 2024-12-01 00:00:00+00:00, run_after=2024-12-02 00:00:00+00:00
[2024-12-02T11:18:19.504+0000] {processor.py:208} INFO - Processing /home/airflow/.local/lib/python3.12/site-packages/airflow/example_dags/example_branch_labels.py took 0.055 seconds
[2024-12-02T11:18:50.321+0000] {processor.py:186} INFO - Started process (PID=2617) to work on /home/airflow/.local/lib/python3.12/site-packages/airflow/example_dags/example_branch_labels.py
[2024-12-02T11:18:50.322+0000] {processor.py:914} INFO - Processing file /home/airflow/.local/lib/python3.12/site-packages/airflow/example_dags/example_branch_labels.py for tasks to queue
[2024-12-02T11:18:50.323+0000] {logging_mixin.py:190} INFO - [2024-12-02T11:18:50.323+0000] {dagbag.py:588} INFO - Filling up the DagBag from /home/airflow/.local/lib/python3.12/site-packages/airflow/example_dags/example_branch_labels.py
[2024-12-02T11:18:50.332+0000] {processor.py:925} INFO - DAG(s) 'example_branch_labels' retrieved from /home/airflow/.local/lib/python3.12/site-packages/airflow/example_dags/example_branch_labels.py
[2024-12-02T11:18:50.350+0000] {logging_mixin.py:190} INFO - [2024-12-02T11:18:50.349+0000] {dag.py:3239} INFO - Sync 1 DAGs
[2024-12-02T11:18:50.371+0000] {logging_mixin.py:190} INFO - [2024-12-02T11:18:50.370+0000] {dag.py:4180} INFO - Setting next_dagrun for example_branch_labels to 2024-12-01 00:00:00+00:00, run_after=2024-12-02 00:00:00+00:00
[2024-12-02T11:18:50.386+0000] {processor.py:208} INFO - Processing /home/airflow/.local/lib/python3.12/site-packages/airflow/example_dags/example_branch_labels.py took 0.071 seconds
[2024-12-02T11:19:22.728+0000] {processor.py:186} INFO - Started process (PID=2682) to work on /home/airflow/.local/lib/python3.12/site-packages/airflow/example_dags/example_branch_labels.py
[2024-12-02T11:19:22.738+0000] {processor.py:914} INFO - Processing file /home/airflow/.local/lib/python3.12/site-packages/airflow/example_dags/example_branch_labels.py for tasks to queue
[2024-12-02T11:19:22.739+0000] {logging_mixin.py:190} INFO - [2024-12-02T11:19:22.738+0000] {dagbag.py:588} INFO - Filling up the DagBag from /home/airflow/.local/lib/python3.12/site-packages/airflow/example_dags/example_branch_labels.py
[2024-12-02T11:19:22.754+0000] {processor.py:925} INFO - DAG(s) 'example_branch_labels' retrieved from /home/airflow/.local/lib/python3.12/site-packages/airflow/example_dags/example_branch_labels.py
[2024-12-02T11:19:22.799+0000] {logging_mixin.py:190} INFO - [2024-12-02T11:19:22.799+0000] {dag.py:3239} INFO - Sync 1 DAGs
[2024-12-02T11:19:22.831+0000] {logging_mixin.py:190} INFO - [2024-12-02T11:19:22.831+0000] {dag.py:4180} INFO - Setting next_dagrun for example_branch_labels to 2024-12-01 00:00:00+00:00, run_after=2024-12-02 00:00:00+00:00
[2024-12-02T11:19:22.853+0000] {processor.py:208} INFO - Processing /home/airflow/.local/lib/python3.12/site-packages/airflow/example_dags/example_branch_labels.py took 0.129 seconds
[2024-12-02T11:19:57.310+0000] {processor.py:186} INFO - Started process (PID=2747) to work on /home/airflow/.local/lib/python3.12/site-packages/airflow/example_dags/example_branch_labels.py
[2024-12-02T11:19:57.311+0000] {processor.py:914} INFO - Processing file /home/airflow/.local/lib/python3.12/site-packages/airflow/example_dags/example_branch_labels.py for tasks to queue
[2024-12-02T11:19:57.312+0000] {logging_mixin.py:190} INFO - [2024-12-02T11:19:57.312+0000] {dagbag.py:588} INFO - Filling up the DagBag from /home/airflow/.local/lib/python3.12/site-packages/airflow/example_dags/example_branch_labels.py
[2024-12-02T11:19:57.324+0000] {processor.py:925} INFO - DAG(s) 'example_branch_labels' retrieved from /home/airflow/.local/lib/python3.12/site-packages/airflow/example_dags/example_branch_labels.py
[2024-12-02T11:19:57.381+0000] {logging_mixin.py:190} INFO - [2024-12-02T11:19:57.381+0000] {dag.py:3239} INFO - Sync 1 DAGs
[2024-12-02T11:19:57.428+0000] {logging_mixin.py:190} INFO - [2024-12-02T11:19:57.428+0000] {dag.py:4180} INFO - Setting next_dagrun for example_branch_labels to 2024-12-01 00:00:00+00:00, run_after=2024-12-02 00:00:00+00:00
[2024-12-02T11:19:57.454+0000] {processor.py:208} INFO - Processing /home/airflow/.local/lib/python3.12/site-packages/airflow/example_dags/example_branch_labels.py took 0.165 seconds
