[2024-12-02T10:38:29.266+0000] {processor.py:186} INFO - Started process (PID=108) to work on /home/airflow/.local/lib/python3.12/site-packages/airflow/example_dags/example_python_decorator.py
[2024-12-02T10:38:29.293+0000] {processor.py:914} INFO - Processing file /home/airflow/.local/lib/python3.12/site-packages/airflow/example_dags/example_python_decorator.py for tasks to queue
[2024-12-02T10:38:29.295+0000] {logging_mixin.py:190} INFO - [2024-12-02T10:38:29.295+0000] {dagbag.py:588} INFO - Filling up the DagBag from /home/airflow/.local/lib/python3.12/site-packages/airflow/example_dags/example_python_decorator.py
[2024-12-02T10:38:29.387+0000] {processor.py:925} INFO - DAG(s) 'example_python_decorator' retrieved from /home/airflow/.local/lib/python3.12/site-packages/airflow/example_dags/example_python_decorator.py
[2024-12-02T10:38:29.817+0000] {logging_mixin.py:190} INFO - [2024-12-02T10:38:29.816+0000] {override.py:1911} INFO - Created Permission View: can edit on DAG:example_python_decorator
[2024-12-02T10:38:29.867+0000] {logging_mixin.py:190} INFO - [2024-12-02T10:38:29.866+0000] {override.py:1911} INFO - Created Permission View: can read on DAG:example_python_decorator
[2024-12-02T10:38:29.902+0000] {logging_mixin.py:190} INFO - [2024-12-02T10:38:29.902+0000] {override.py:1911} INFO - Created Permission View: can delete on DAG:example_python_decorator
[2024-12-02T10:38:29.965+0000] {logging_mixin.py:190} INFO - [2024-12-02T10:38:29.965+0000] {override.py:1911} INFO - Created Permission View: menu access on DAG Run:example_python_decorator
[2024-12-02T10:38:30.003+0000] {logging_mixin.py:190} INFO - [2024-12-02T10:38:30.003+0000] {override.py:1911} INFO - Created Permission View: can read on DAG Run:example_python_decorator
[2024-12-02T10:38:30.033+0000] {logging_mixin.py:190} INFO - [2024-12-02T10:38:30.033+0000] {override.py:1911} INFO - Created Permission View: can delete on DAG Run:example_python_decorator
[2024-12-02T10:38:30.075+0000] {logging_mixin.py:190} INFO - [2024-12-02T10:38:30.074+0000] {override.py:1911} INFO - Created Permission View: can create on DAG Run:example_python_decorator
[2024-12-02T10:38:30.075+0000] {logging_mixin.py:190} INFO - [2024-12-02T10:38:30.075+0000] {dag.py:3239} INFO - Sync 1 DAGs
[2024-12-02T10:38:30.124+0000] {logging_mixin.py:190} INFO - [2024-12-02T10:38:30.124+0000] {dag.py:3262} INFO - Creating ORM DAG for example_python_decorator
[2024-12-02T10:38:30.133+0000] {logging_mixin.py:190} INFO - [2024-12-02T10:38:30.132+0000] {dag.py:4180} INFO - Setting next_dagrun for example_python_decorator to None, run_after=None
[2024-12-02T10:38:30.202+0000] {processor.py:208} INFO - Processing /home/airflow/.local/lib/python3.12/site-packages/airflow/example_dags/example_python_decorator.py took 0.940 seconds
[2024-12-02T10:39:08.422+0000] {processor.py:186} INFO - Started process (PID=172) to work on /home/airflow/.local/lib/python3.12/site-packages/airflow/example_dags/example_python_decorator.py
[2024-12-02T10:39:08.433+0000] {processor.py:914} INFO - Processing file /home/airflow/.local/lib/python3.12/site-packages/airflow/example_dags/example_python_decorator.py for tasks to queue
[2024-12-02T10:39:08.446+0000] {logging_mixin.py:190} INFO - [2024-12-02T10:39:08.442+0000] {dagbag.py:588} INFO - Filling up the DagBag from /home/airflow/.local/lib/python3.12/site-packages/airflow/example_dags/example_python_decorator.py
[2024-12-02T10:39:08.531+0000] {processor.py:925} INFO - DAG(s) 'example_python_decorator' retrieved from /home/airflow/.local/lib/python3.12/site-packages/airflow/example_dags/example_python_decorator.py
[2024-12-02T10:39:08.601+0000] {logging_mixin.py:190} INFO - [2024-12-02T10:39:08.601+0000] {dag.py:3239} INFO - Sync 1 DAGs
[2024-12-02T10:39:08.646+0000] {logging_mixin.py:190} INFO - [2024-12-02T10:39:08.646+0000] {dag.py:4180} INFO - Setting next_dagrun for example_python_decorator to None, run_after=None
[2024-12-02T10:39:08.832+0000] {processor.py:208} INFO - Processing /home/airflow/.local/lib/python3.12/site-packages/airflow/example_dags/example_python_decorator.py took 0.435 seconds
[2024-12-02T10:39:39.057+0000] {processor.py:186} INFO - Started process (PID=235) to work on /home/airflow/.local/lib/python3.12/site-packages/airflow/example_dags/example_python_decorator.py
[2024-12-02T10:39:39.106+0000] {processor.py:914} INFO - Processing file /home/airflow/.local/lib/python3.12/site-packages/airflow/example_dags/example_python_decorator.py for tasks to queue
[2024-12-02T10:39:39.119+0000] {logging_mixin.py:190} INFO - [2024-12-02T10:39:39.119+0000] {dagbag.py:588} INFO - Filling up the DagBag from /home/airflow/.local/lib/python3.12/site-packages/airflow/example_dags/example_python_decorator.py
[2024-12-02T10:39:39.221+0000] {processor.py:925} INFO - DAG(s) 'example_python_decorator' retrieved from /home/airflow/.local/lib/python3.12/site-packages/airflow/example_dags/example_python_decorator.py
[2024-12-02T10:39:39.365+0000] {logging_mixin.py:190} INFO - [2024-12-02T10:39:39.365+0000] {dag.py:3239} INFO - Sync 1 DAGs
[2024-12-02T10:39:39.478+0000] {logging_mixin.py:190} INFO - [2024-12-02T10:39:39.478+0000] {dag.py:4180} INFO - Setting next_dagrun for example_python_decorator to None, run_after=None
[2024-12-02T10:39:39.639+0000] {processor.py:208} INFO - Processing /home/airflow/.local/lib/python3.12/site-packages/airflow/example_dags/example_python_decorator.py took 0.587 seconds
[2024-12-02T10:40:09.885+0000] {processor.py:186} INFO - Started process (PID=298) to work on /home/airflow/.local/lib/python3.12/site-packages/airflow/example_dags/example_python_decorator.py
[2024-12-02T10:40:09.887+0000] {processor.py:914} INFO - Processing file /home/airflow/.local/lib/python3.12/site-packages/airflow/example_dags/example_python_decorator.py for tasks to queue
[2024-12-02T10:40:09.889+0000] {logging_mixin.py:190} INFO - [2024-12-02T10:40:09.889+0000] {dagbag.py:588} INFO - Filling up the DagBag from /home/airflow/.local/lib/python3.12/site-packages/airflow/example_dags/example_python_decorator.py
[2024-12-02T10:40:09.900+0000] {processor.py:925} INFO - DAG(s) 'example_python_decorator' retrieved from /home/airflow/.local/lib/python3.12/site-packages/airflow/example_dags/example_python_decorator.py
[2024-12-02T10:40:09.917+0000] {logging_mixin.py:190} INFO - [2024-12-02T10:40:09.916+0000] {dag.py:3239} INFO - Sync 1 DAGs
[2024-12-02T10:40:09.927+0000] {logging_mixin.py:190} INFO - [2024-12-02T10:40:09.927+0000] {dag.py:4180} INFO - Setting next_dagrun for example_python_decorator to None, run_after=None
[2024-12-02T10:40:09.943+0000] {processor.py:208} INFO - Processing /home/airflow/.local/lib/python3.12/site-packages/airflow/example_dags/example_python_decorator.py took 0.062 seconds
[2024-12-02T10:40:40.638+0000] {processor.py:186} INFO - Started process (PID=362) to work on /home/airflow/.local/lib/python3.12/site-packages/airflow/example_dags/example_python_decorator.py
[2024-12-02T10:40:40.641+0000] {processor.py:914} INFO - Processing file /home/airflow/.local/lib/python3.12/site-packages/airflow/example_dags/example_python_decorator.py for tasks to queue
[2024-12-02T10:40:40.645+0000] {logging_mixin.py:190} INFO - [2024-12-02T10:40:40.645+0000] {dagbag.py:588} INFO - Filling up the DagBag from /home/airflow/.local/lib/python3.12/site-packages/airflow/example_dags/example_python_decorator.py
[2024-12-02T10:40:40.675+0000] {processor.py:925} INFO - DAG(s) 'example_python_decorator' retrieved from /home/airflow/.local/lib/python3.12/site-packages/airflow/example_dags/example_python_decorator.py
[2024-12-02T10:40:40.716+0000] {logging_mixin.py:190} INFO - [2024-12-02T10:40:40.716+0000] {dag.py:3239} INFO - Sync 1 DAGs
[2024-12-02T10:40:40.743+0000] {logging_mixin.py:190} INFO - [2024-12-02T10:40:40.742+0000] {dag.py:4180} INFO - Setting next_dagrun for example_python_decorator to None, run_after=None
[2024-12-02T10:40:40.770+0000] {processor.py:208} INFO - Processing /home/airflow/.local/lib/python3.12/site-packages/airflow/example_dags/example_python_decorator.py took 0.141 seconds
[2024-12-02T10:42:23.271+0000] {processor.py:186} INFO - Started process (PID=102) to work on /home/airflow/.local/lib/python3.12/site-packages/airflow/example_dags/example_python_decorator.py
[2024-12-02T10:42:23.273+0000] {processor.py:914} INFO - Processing file /home/airflow/.local/lib/python3.12/site-packages/airflow/example_dags/example_python_decorator.py for tasks to queue
[2024-12-02T10:42:23.284+0000] {logging_mixin.py:190} INFO - [2024-12-02T10:42:23.282+0000] {dagbag.py:588} INFO - Filling up the DagBag from /home/airflow/.local/lib/python3.12/site-packages/airflow/example_dags/example_python_decorator.py
[2024-12-02T10:42:23.314+0000] {processor.py:925} INFO - DAG(s) 'example_python_decorator' retrieved from /home/airflow/.local/lib/python3.12/site-packages/airflow/example_dags/example_python_decorator.py
[2024-12-02T10:42:23.706+0000] {logging_mixin.py:190} INFO - [2024-12-02T10:42:23.706+0000] {dag.py:3239} INFO - Sync 1 DAGs
[2024-12-02T10:42:23.726+0000] {logging_mixin.py:190} INFO - [2024-12-02T10:42:23.725+0000] {dag.py:4180} INFO - Setting next_dagrun for example_python_decorator to None, run_after=None
[2024-12-02T10:42:23.748+0000] {processor.py:208} INFO - Processing /home/airflow/.local/lib/python3.12/site-packages/airflow/example_dags/example_python_decorator.py took 0.495 seconds
[2024-12-02T10:42:54.408+0000] {processor.py:186} INFO - Started process (PID=164) to work on /home/airflow/.local/lib/python3.12/site-packages/airflow/example_dags/example_python_decorator.py
[2024-12-02T10:42:54.411+0000] {processor.py:914} INFO - Processing file /home/airflow/.local/lib/python3.12/site-packages/airflow/example_dags/example_python_decorator.py for tasks to queue
[2024-12-02T10:42:54.414+0000] {logging_mixin.py:190} INFO - [2024-12-02T10:42:54.413+0000] {dagbag.py:588} INFO - Filling up the DagBag from /home/airflow/.local/lib/python3.12/site-packages/airflow/example_dags/example_python_decorator.py
[2024-12-02T10:42:54.424+0000] {processor.py:925} INFO - DAG(s) 'example_python_decorator' retrieved from /home/airflow/.local/lib/python3.12/site-packages/airflow/example_dags/example_python_decorator.py
[2024-12-02T10:42:54.443+0000] {logging_mixin.py:190} INFO - [2024-12-02T10:42:54.443+0000] {dag.py:3239} INFO - Sync 1 DAGs
[2024-12-02T10:42:54.455+0000] {logging_mixin.py:190} INFO - [2024-12-02T10:42:54.454+0000] {dag.py:4180} INFO - Setting next_dagrun for example_python_decorator to None, run_after=None
[2024-12-02T10:42:54.471+0000] {processor.py:208} INFO - Processing /home/airflow/.local/lib/python3.12/site-packages/airflow/example_dags/example_python_decorator.py took 0.067 seconds
[2024-12-02T10:43:24.680+0000] {processor.py:186} INFO - Started process (PID=228) to work on /home/airflow/.local/lib/python3.12/site-packages/airflow/example_dags/example_python_decorator.py
[2024-12-02T10:43:24.681+0000] {processor.py:914} INFO - Processing file /home/airflow/.local/lib/python3.12/site-packages/airflow/example_dags/example_python_decorator.py for tasks to queue
[2024-12-02T10:43:24.683+0000] {logging_mixin.py:190} INFO - [2024-12-02T10:43:24.682+0000] {dagbag.py:588} INFO - Filling up the DagBag from /home/airflow/.local/lib/python3.12/site-packages/airflow/example_dags/example_python_decorator.py
[2024-12-02T10:43:24.694+0000] {processor.py:925} INFO - DAG(s) 'example_python_decorator' retrieved from /home/airflow/.local/lib/python3.12/site-packages/airflow/example_dags/example_python_decorator.py
[2024-12-02T10:43:24.709+0000] {logging_mixin.py:190} INFO - [2024-12-02T10:43:24.709+0000] {dag.py:3239} INFO - Sync 1 DAGs
[2024-12-02T10:43:24.723+0000] {logging_mixin.py:190} INFO - [2024-12-02T10:43:24.723+0000] {dag.py:4180} INFO - Setting next_dagrun for example_python_decorator to None, run_after=None
[2024-12-02T10:43:24.738+0000] {processor.py:208} INFO - Processing /home/airflow/.local/lib/python3.12/site-packages/airflow/example_dags/example_python_decorator.py took 0.066 seconds
[2024-12-02T10:43:54.852+0000] {processor.py:186} INFO - Started process (PID=291) to work on /home/airflow/.local/lib/python3.12/site-packages/airflow/example_dags/example_python_decorator.py
[2024-12-02T10:43:54.855+0000] {processor.py:914} INFO - Processing file /home/airflow/.local/lib/python3.12/site-packages/airflow/example_dags/example_python_decorator.py for tasks to queue
[2024-12-02T10:43:54.857+0000] {logging_mixin.py:190} INFO - [2024-12-02T10:43:54.857+0000] {dagbag.py:588} INFO - Filling up the DagBag from /home/airflow/.local/lib/python3.12/site-packages/airflow/example_dags/example_python_decorator.py
[2024-12-02T10:43:54.875+0000] {processor.py:925} INFO - DAG(s) 'example_python_decorator' retrieved from /home/airflow/.local/lib/python3.12/site-packages/airflow/example_dags/example_python_decorator.py
[2024-12-02T10:43:54.891+0000] {logging_mixin.py:190} INFO - [2024-12-02T10:43:54.891+0000] {dag.py:3239} INFO - Sync 1 DAGs
[2024-12-02T10:43:54.902+0000] {logging_mixin.py:190} INFO - [2024-12-02T10:43:54.902+0000] {dag.py:4180} INFO - Setting next_dagrun for example_python_decorator to None, run_after=None
[2024-12-02T10:43:54.916+0000] {processor.py:208} INFO - Processing /home/airflow/.local/lib/python3.12/site-packages/airflow/example_dags/example_python_decorator.py took 0.074 seconds
[2024-12-02T10:44:29.271+0000] {processor.py:186} INFO - Started process (PID=355) to work on /home/airflow/.local/lib/python3.12/site-packages/airflow/example_dags/example_python_decorator.py
[2024-12-02T10:44:29.273+0000] {processor.py:914} INFO - Processing file /home/airflow/.local/lib/python3.12/site-packages/airflow/example_dags/example_python_decorator.py for tasks to queue
[2024-12-02T10:44:29.278+0000] {logging_mixin.py:190} INFO - [2024-12-02T10:44:29.277+0000] {dagbag.py:588} INFO - Filling up the DagBag from /home/airflow/.local/lib/python3.12/site-packages/airflow/example_dags/example_python_decorator.py
[2024-12-02T10:44:29.315+0000] {processor.py:925} INFO - DAG(s) 'example_python_decorator' retrieved from /home/airflow/.local/lib/python3.12/site-packages/airflow/example_dags/example_python_decorator.py
[2024-12-02T10:44:29.345+0000] {logging_mixin.py:190} INFO - [2024-12-02T10:44:29.345+0000] {dag.py:3239} INFO - Sync 1 DAGs
[2024-12-02T10:44:29.374+0000] {logging_mixin.py:190} INFO - [2024-12-02T10:44:29.374+0000] {dag.py:4180} INFO - Setting next_dagrun for example_python_decorator to None, run_after=None
[2024-12-02T10:44:29.444+0000] {processor.py:208} INFO - Processing /home/airflow/.local/lib/python3.12/site-packages/airflow/example_dags/example_python_decorator.py took 0.180 seconds
[2024-12-02T10:45:04.975+0000] {processor.py:186} INFO - Started process (PID=421) to work on /home/airflow/.local/lib/python3.12/site-packages/airflow/example_dags/example_python_decorator.py
[2024-12-02T10:45:04.987+0000] {processor.py:914} INFO - Processing file /home/airflow/.local/lib/python3.12/site-packages/airflow/example_dags/example_python_decorator.py for tasks to queue
[2024-12-02T10:45:04.988+0000] {logging_mixin.py:190} INFO - [2024-12-02T10:45:04.988+0000] {dagbag.py:588} INFO - Filling up the DagBag from /home/airflow/.local/lib/python3.12/site-packages/airflow/example_dags/example_python_decorator.py
[2024-12-02T10:45:05.040+0000] {processor.py:925} INFO - DAG(s) 'example_python_decorator' retrieved from /home/airflow/.local/lib/python3.12/site-packages/airflow/example_dags/example_python_decorator.py
[2024-12-02T10:45:05.107+0000] {logging_mixin.py:190} INFO - [2024-12-02T10:45:05.107+0000] {dag.py:3239} INFO - Sync 1 DAGs
[2024-12-02T10:45:05.145+0000] {logging_mixin.py:190} INFO - [2024-12-02T10:45:05.145+0000] {dag.py:4180} INFO - Setting next_dagrun for example_python_decorator to None, run_after=None
[2024-12-02T10:45:05.192+0000] {processor.py:208} INFO - Processing /home/airflow/.local/lib/python3.12/site-packages/airflow/example_dags/example_python_decorator.py took 0.248 seconds
[2024-12-02T10:45:37.455+0000] {processor.py:186} INFO - Started process (PID=485) to work on /home/airflow/.local/lib/python3.12/site-packages/airflow/example_dags/example_python_decorator.py
[2024-12-02T10:45:37.456+0000] {processor.py:914} INFO - Processing file /home/airflow/.local/lib/python3.12/site-packages/airflow/example_dags/example_python_decorator.py for tasks to queue
[2024-12-02T10:45:37.458+0000] {logging_mixin.py:190} INFO - [2024-12-02T10:45:37.458+0000] {dagbag.py:588} INFO - Filling up the DagBag from /home/airflow/.local/lib/python3.12/site-packages/airflow/example_dags/example_python_decorator.py
[2024-12-02T10:45:37.470+0000] {processor.py:925} INFO - DAG(s) 'example_python_decorator' retrieved from /home/airflow/.local/lib/python3.12/site-packages/airflow/example_dags/example_python_decorator.py
[2024-12-02T10:45:37.487+0000] {logging_mixin.py:190} INFO - [2024-12-02T10:45:37.487+0000] {dag.py:3239} INFO - Sync 1 DAGs
[2024-12-02T10:45:37.498+0000] {logging_mixin.py:190} INFO - [2024-12-02T10:45:37.498+0000] {dag.py:4180} INFO - Setting next_dagrun for example_python_decorator to None, run_after=None
[2024-12-02T10:45:37.514+0000] {processor.py:208} INFO - Processing /home/airflow/.local/lib/python3.12/site-packages/airflow/example_dags/example_python_decorator.py took 0.064 seconds
[2024-12-02T10:46:08.102+0000] {processor.py:186} INFO - Started process (PID=548) to work on /home/airflow/.local/lib/python3.12/site-packages/airflow/example_dags/example_python_decorator.py
[2024-12-02T10:46:08.104+0000] {processor.py:914} INFO - Processing file /home/airflow/.local/lib/python3.12/site-packages/airflow/example_dags/example_python_decorator.py for tasks to queue
[2024-12-02T10:46:08.106+0000] {logging_mixin.py:190} INFO - [2024-12-02T10:46:08.106+0000] {dagbag.py:588} INFO - Filling up the DagBag from /home/airflow/.local/lib/python3.12/site-packages/airflow/example_dags/example_python_decorator.py
[2024-12-02T10:46:08.125+0000] {processor.py:925} INFO - DAG(s) 'example_python_decorator' retrieved from /home/airflow/.local/lib/python3.12/site-packages/airflow/example_dags/example_python_decorator.py
[2024-12-02T10:46:08.160+0000] {logging_mixin.py:190} INFO - [2024-12-02T10:46:08.160+0000] {dag.py:3239} INFO - Sync 1 DAGs
[2024-12-02T10:46:08.178+0000] {logging_mixin.py:190} INFO - [2024-12-02T10:46:08.178+0000] {dag.py:4180} INFO - Setting next_dagrun for example_python_decorator to None, run_after=None
[2024-12-02T10:46:08.196+0000] {processor.py:208} INFO - Processing /home/airflow/.local/lib/python3.12/site-packages/airflow/example_dags/example_python_decorator.py took 0.109 seconds
[2024-12-02T10:46:38.602+0000] {processor.py:186} INFO - Started process (PID=610) to work on /home/airflow/.local/lib/python3.12/site-packages/airflow/example_dags/example_python_decorator.py
[2024-12-02T10:46:38.609+0000] {processor.py:914} INFO - Processing file /home/airflow/.local/lib/python3.12/site-packages/airflow/example_dags/example_python_decorator.py for tasks to queue
[2024-12-02T10:46:38.612+0000] {logging_mixin.py:190} INFO - [2024-12-02T10:46:38.612+0000] {dagbag.py:588} INFO - Filling up the DagBag from /home/airflow/.local/lib/python3.12/site-packages/airflow/example_dags/example_python_decorator.py
[2024-12-02T10:46:38.685+0000] {processor.py:925} INFO - DAG(s) 'example_python_decorator' retrieved from /home/airflow/.local/lib/python3.12/site-packages/airflow/example_dags/example_python_decorator.py
[2024-12-02T10:46:38.740+0000] {logging_mixin.py:190} INFO - [2024-12-02T10:46:38.739+0000] {dag.py:3239} INFO - Sync 1 DAGs
[2024-12-02T10:46:38.781+0000] {logging_mixin.py:190} INFO - [2024-12-02T10:46:38.780+0000] {dag.py:4180} INFO - Setting next_dagrun for example_python_decorator to None, run_after=None
[2024-12-02T10:46:38.857+0000] {processor.py:208} INFO - Processing /home/airflow/.local/lib/python3.12/site-packages/airflow/example_dags/example_python_decorator.py took 0.295 seconds
[2024-12-02T10:58:21.818+0000] {processor.py:186} INFO - Started process (PID=108) to work on /home/airflow/.local/lib/python3.12/site-packages/airflow/example_dags/example_python_decorator.py
[2024-12-02T10:58:21.821+0000] {processor.py:914} INFO - Processing file /home/airflow/.local/lib/python3.12/site-packages/airflow/example_dags/example_python_decorator.py for tasks to queue
[2024-12-02T10:58:21.822+0000] {logging_mixin.py:190} INFO - [2024-12-02T10:58:21.822+0000] {dagbag.py:588} INFO - Filling up the DagBag from /home/airflow/.local/lib/python3.12/site-packages/airflow/example_dags/example_python_decorator.py
[2024-12-02T10:58:21.861+0000] {processor.py:925} INFO - DAG(s) 'example_python_decorator' retrieved from /home/airflow/.local/lib/python3.12/site-packages/airflow/example_dags/example_python_decorator.py
[2024-12-02T10:58:22.318+0000] {logging_mixin.py:190} INFO - [2024-12-02T10:58:22.309+0000] {dag.py:3239} INFO - Sync 1 DAGs
[2024-12-02T10:58:22.377+0000] {logging_mixin.py:190} INFO - [2024-12-02T10:58:22.377+0000] {dag.py:4180} INFO - Setting next_dagrun for example_python_decorator to None, run_after=None
[2024-12-02T10:58:22.456+0000] {processor.py:208} INFO - Processing /home/airflow/.local/lib/python3.12/site-packages/airflow/example_dags/example_python_decorator.py took 0.667 seconds
[2024-12-02T10:58:55.059+0000] {processor.py:186} INFO - Started process (PID=171) to work on /home/airflow/.local/lib/python3.12/site-packages/airflow/example_dags/example_python_decorator.py
[2024-12-02T10:58:55.090+0000] {processor.py:914} INFO - Processing file /home/airflow/.local/lib/python3.12/site-packages/airflow/example_dags/example_python_decorator.py for tasks to queue
[2024-12-02T10:58:55.160+0000] {logging_mixin.py:190} INFO - [2024-12-02T10:58:55.159+0000] {dagbag.py:588} INFO - Filling up the DagBag from /home/airflow/.local/lib/python3.12/site-packages/airflow/example_dags/example_python_decorator.py
[2024-12-02T10:58:55.212+0000] {processor.py:925} INFO - DAG(s) 'example_python_decorator' retrieved from /home/airflow/.local/lib/python3.12/site-packages/airflow/example_dags/example_python_decorator.py
[2024-12-02T10:58:55.317+0000] {logging_mixin.py:190} INFO - [2024-12-02T10:58:55.317+0000] {dag.py:3239} INFO - Sync 1 DAGs
[2024-12-02T10:58:55.340+0000] {logging_mixin.py:190} INFO - [2024-12-02T10:58:55.340+0000] {dag.py:4180} INFO - Setting next_dagrun for example_python_decorator to None, run_after=None
[2024-12-02T10:58:55.555+0000] {processor.py:208} INFO - Processing /home/airflow/.local/lib/python3.12/site-packages/airflow/example_dags/example_python_decorator.py took 0.500 seconds
[2024-12-02T10:59:26.297+0000] {processor.py:186} INFO - Started process (PID=235) to work on /home/airflow/.local/lib/python3.12/site-packages/airflow/example_dags/example_python_decorator.py
[2024-12-02T10:59:26.302+0000] {processor.py:914} INFO - Processing file /home/airflow/.local/lib/python3.12/site-packages/airflow/example_dags/example_python_decorator.py for tasks to queue
[2024-12-02T10:59:26.304+0000] {logging_mixin.py:190} INFO - [2024-12-02T10:59:26.304+0000] {dagbag.py:588} INFO - Filling up the DagBag from /home/airflow/.local/lib/python3.12/site-packages/airflow/example_dags/example_python_decorator.py
[2024-12-02T10:59:26.327+0000] {processor.py:925} INFO - DAG(s) 'example_python_decorator' retrieved from /home/airflow/.local/lib/python3.12/site-packages/airflow/example_dags/example_python_decorator.py
[2024-12-02T10:59:26.442+0000] {logging_mixin.py:190} INFO - [2024-12-02T10:59:26.441+0000] {dag.py:3239} INFO - Sync 1 DAGs
[2024-12-02T10:59:26.503+0000] {logging_mixin.py:190} INFO - [2024-12-02T10:59:26.502+0000] {dag.py:4180} INFO - Setting next_dagrun for example_python_decorator to None, run_after=None
[2024-12-02T10:59:26.676+0000] {processor.py:208} INFO - Processing /home/airflow/.local/lib/python3.12/site-packages/airflow/example_dags/example_python_decorator.py took 0.399 seconds
[2024-12-02T10:59:57.482+0000] {processor.py:186} INFO - Started process (PID=299) to work on /home/airflow/.local/lib/python3.12/site-packages/airflow/example_dags/example_python_decorator.py
[2024-12-02T10:59:57.485+0000] {processor.py:914} INFO - Processing file /home/airflow/.local/lib/python3.12/site-packages/airflow/example_dags/example_python_decorator.py for tasks to queue
[2024-12-02T10:59:57.488+0000] {logging_mixin.py:190} INFO - [2024-12-02T10:59:57.488+0000] {dagbag.py:588} INFO - Filling up the DagBag from /home/airflow/.local/lib/python3.12/site-packages/airflow/example_dags/example_python_decorator.py
[2024-12-02T10:59:57.500+0000] {processor.py:925} INFO - DAG(s) 'example_python_decorator' retrieved from /home/airflow/.local/lib/python3.12/site-packages/airflow/example_dags/example_python_decorator.py
[2024-12-02T10:59:57.514+0000] {logging_mixin.py:190} INFO - [2024-12-02T10:59:57.514+0000] {dag.py:3239} INFO - Sync 1 DAGs
[2024-12-02T10:59:57.524+0000] {logging_mixin.py:190} INFO - [2024-12-02T10:59:57.524+0000] {dag.py:4180} INFO - Setting next_dagrun for example_python_decorator to None, run_after=None
[2024-12-02T10:59:57.544+0000] {processor.py:208} INFO - Processing /home/airflow/.local/lib/python3.12/site-packages/airflow/example_dags/example_python_decorator.py took 0.066 seconds
[2024-12-02T11:00:28.194+0000] {processor.py:186} INFO - Started process (PID=362) to work on /home/airflow/.local/lib/python3.12/site-packages/airflow/example_dags/example_python_decorator.py
[2024-12-02T11:00:28.195+0000] {processor.py:914} INFO - Processing file /home/airflow/.local/lib/python3.12/site-packages/airflow/example_dags/example_python_decorator.py for tasks to queue
[2024-12-02T11:00:28.197+0000] {logging_mixin.py:190} INFO - [2024-12-02T11:00:28.196+0000] {dagbag.py:588} INFO - Filling up the DagBag from /home/airflow/.local/lib/python3.12/site-packages/airflow/example_dags/example_python_decorator.py
[2024-12-02T11:00:28.207+0000] {processor.py:925} INFO - DAG(s) 'example_python_decorator' retrieved from /home/airflow/.local/lib/python3.12/site-packages/airflow/example_dags/example_python_decorator.py
[2024-12-02T11:00:28.223+0000] {logging_mixin.py:190} INFO - [2024-12-02T11:00:28.223+0000] {dag.py:3239} INFO - Sync 1 DAGs
[2024-12-02T11:00:28.235+0000] {logging_mixin.py:190} INFO - [2024-12-02T11:00:28.235+0000] {dag.py:4180} INFO - Setting next_dagrun for example_python_decorator to None, run_after=None
[2024-12-02T11:00:28.252+0000] {processor.py:208} INFO - Processing /home/airflow/.local/lib/python3.12/site-packages/airflow/example_dags/example_python_decorator.py took 0.061 seconds
[2024-12-02T11:00:59.586+0000] {processor.py:186} INFO - Started process (PID=426) to work on /home/airflow/.local/lib/python3.12/site-packages/airflow/example_dags/example_python_decorator.py
[2024-12-02T11:00:59.591+0000] {processor.py:914} INFO - Processing file /home/airflow/.local/lib/python3.12/site-packages/airflow/example_dags/example_python_decorator.py for tasks to queue
[2024-12-02T11:00:59.593+0000] {logging_mixin.py:190} INFO - [2024-12-02T11:00:59.593+0000] {dagbag.py:588} INFO - Filling up the DagBag from /home/airflow/.local/lib/python3.12/site-packages/airflow/example_dags/example_python_decorator.py
[2024-12-02T11:00:59.607+0000] {processor.py:925} INFO - DAG(s) 'example_python_decorator' retrieved from /home/airflow/.local/lib/python3.12/site-packages/airflow/example_dags/example_python_decorator.py
[2024-12-02T11:00:59.627+0000] {logging_mixin.py:190} INFO - [2024-12-02T11:00:59.627+0000] {dag.py:3239} INFO - Sync 1 DAGs
[2024-12-02T11:00:59.639+0000] {logging_mixin.py:190} INFO - [2024-12-02T11:00:59.638+0000] {dag.py:4180} INFO - Setting next_dagrun for example_python_decorator to None, run_after=None
[2024-12-02T11:00:59.652+0000] {processor.py:208} INFO - Processing /home/airflow/.local/lib/python3.12/site-packages/airflow/example_dags/example_python_decorator.py took 0.072 seconds
[2024-12-02T11:01:33.091+0000] {processor.py:186} INFO - Started process (PID=490) to work on /home/airflow/.local/lib/python3.12/site-packages/airflow/example_dags/example_python_decorator.py
[2024-12-02T11:01:33.091+0000] {processor.py:914} INFO - Processing file /home/airflow/.local/lib/python3.12/site-packages/airflow/example_dags/example_python_decorator.py for tasks to queue
[2024-12-02T11:01:33.093+0000] {logging_mixin.py:190} INFO - [2024-12-02T11:01:33.093+0000] {dagbag.py:588} INFO - Filling up the DagBag from /home/airflow/.local/lib/python3.12/site-packages/airflow/example_dags/example_python_decorator.py
[2024-12-02T11:01:33.105+0000] {processor.py:925} INFO - DAG(s) 'example_python_decorator' retrieved from /home/airflow/.local/lib/python3.12/site-packages/airflow/example_dags/example_python_decorator.py
[2024-12-02T11:01:33.127+0000] {logging_mixin.py:190} INFO - [2024-12-02T11:01:33.127+0000] {dag.py:3239} INFO - Sync 1 DAGs
[2024-12-02T11:01:33.138+0000] {logging_mixin.py:190} INFO - [2024-12-02T11:01:33.138+0000] {dag.py:4180} INFO - Setting next_dagrun for example_python_decorator to None, run_after=None
[2024-12-02T11:01:33.153+0000] {processor.py:208} INFO - Processing /home/airflow/.local/lib/python3.12/site-packages/airflow/example_dags/example_python_decorator.py took 0.067 seconds
[2024-12-02T11:02:08.937+0000] {processor.py:186} INFO - Started process (PID=554) to work on /home/airflow/.local/lib/python3.12/site-packages/airflow/example_dags/example_python_decorator.py
[2024-12-02T11:02:08.956+0000] {processor.py:914} INFO - Processing file /home/airflow/.local/lib/python3.12/site-packages/airflow/example_dags/example_python_decorator.py for tasks to queue
[2024-12-02T11:02:08.962+0000] {logging_mixin.py:190} INFO - [2024-12-02T11:02:08.960+0000] {dagbag.py:588} INFO - Filling up the DagBag from /home/airflow/.local/lib/python3.12/site-packages/airflow/example_dags/example_python_decorator.py
[2024-12-02T11:02:09.012+0000] {processor.py:925} INFO - DAG(s) 'example_python_decorator' retrieved from /home/airflow/.local/lib/python3.12/site-packages/airflow/example_dags/example_python_decorator.py
[2024-12-02T11:02:09.050+0000] {logging_mixin.py:190} INFO - [2024-12-02T11:02:09.050+0000] {dag.py:3239} INFO - Sync 1 DAGs
[2024-12-02T11:02:09.078+0000] {logging_mixin.py:190} INFO - [2024-12-02T11:02:09.078+0000] {dag.py:4180} INFO - Setting next_dagrun for example_python_decorator to None, run_after=None
[2024-12-02T11:02:09.120+0000] {processor.py:208} INFO - Processing /home/airflow/.local/lib/python3.12/site-packages/airflow/example_dags/example_python_decorator.py took 0.207 seconds
[2024-12-02T11:02:43.525+0000] {processor.py:186} INFO - Started process (PID=617) to work on /home/airflow/.local/lib/python3.12/site-packages/airflow/example_dags/example_python_decorator.py
[2024-12-02T11:02:43.526+0000] {processor.py:914} INFO - Processing file /home/airflow/.local/lib/python3.12/site-packages/airflow/example_dags/example_python_decorator.py for tasks to queue
[2024-12-02T11:02:43.527+0000] {logging_mixin.py:190} INFO - [2024-12-02T11:02:43.527+0000] {dagbag.py:588} INFO - Filling up the DagBag from /home/airflow/.local/lib/python3.12/site-packages/airflow/example_dags/example_python_decorator.py
[2024-12-02T11:02:43.607+0000] {processor.py:925} INFO - DAG(s) 'example_python_decorator' retrieved from /home/airflow/.local/lib/python3.12/site-packages/airflow/example_dags/example_python_decorator.py
[2024-12-02T11:02:43.721+0000] {logging_mixin.py:190} INFO - [2024-12-02T11:02:43.721+0000] {dag.py:3239} INFO - Sync 1 DAGs
[2024-12-02T11:02:43.813+0000] {logging_mixin.py:190} INFO - [2024-12-02T11:02:43.813+0000] {dag.py:4180} INFO - Setting next_dagrun for example_python_decorator to None, run_after=None
[2024-12-02T11:02:43.925+0000] {processor.py:208} INFO - Processing /home/airflow/.local/lib/python3.12/site-packages/airflow/example_dags/example_python_decorator.py took 0.415 seconds
[2024-12-02T11:03:18.594+0000] {processor.py:186} INFO - Started process (PID=681) to work on /home/airflow/.local/lib/python3.12/site-packages/airflow/example_dags/example_python_decorator.py
[2024-12-02T11:03:18.617+0000] {processor.py:914} INFO - Processing file /home/airflow/.local/lib/python3.12/site-packages/airflow/example_dags/example_python_decorator.py for tasks to queue
[2024-12-02T11:03:18.626+0000] {logging_mixin.py:190} INFO - [2024-12-02T11:03:18.626+0000] {dagbag.py:588} INFO - Filling up the DagBag from /home/airflow/.local/lib/python3.12/site-packages/airflow/example_dags/example_python_decorator.py
[2024-12-02T11:03:18.663+0000] {processor.py:925} INFO - DAG(s) 'example_python_decorator' retrieved from /home/airflow/.local/lib/python3.12/site-packages/airflow/example_dags/example_python_decorator.py
[2024-12-02T11:03:18.708+0000] {logging_mixin.py:190} INFO - [2024-12-02T11:03:18.708+0000] {dag.py:3239} INFO - Sync 1 DAGs
[2024-12-02T11:03:18.730+0000] {logging_mixin.py:190} INFO - [2024-12-02T11:03:18.730+0000] {dag.py:4180} INFO - Setting next_dagrun for example_python_decorator to None, run_after=None
[2024-12-02T11:03:18.783+0000] {processor.py:208} INFO - Processing /home/airflow/.local/lib/python3.12/site-packages/airflow/example_dags/example_python_decorator.py took 0.194 seconds
[2024-12-02T11:03:52.339+0000] {processor.py:186} INFO - Started process (PID=753) to work on /home/airflow/.local/lib/python3.12/site-packages/airflow/example_dags/example_python_decorator.py
[2024-12-02T11:03:52.341+0000] {processor.py:914} INFO - Processing file /home/airflow/.local/lib/python3.12/site-packages/airflow/example_dags/example_python_decorator.py for tasks to queue
[2024-12-02T11:03:52.342+0000] {logging_mixin.py:190} INFO - [2024-12-02T11:03:52.342+0000] {dagbag.py:588} INFO - Filling up the DagBag from /home/airflow/.local/lib/python3.12/site-packages/airflow/example_dags/example_python_decorator.py
[2024-12-02T11:03:52.353+0000] {processor.py:925} INFO - DAG(s) 'example_python_decorator' retrieved from /home/airflow/.local/lib/python3.12/site-packages/airflow/example_dags/example_python_decorator.py
[2024-12-02T11:03:52.368+0000] {logging_mixin.py:190} INFO - [2024-12-02T11:03:52.367+0000] {dag.py:3239} INFO - Sync 1 DAGs
[2024-12-02T11:03:52.377+0000] {logging_mixin.py:190} INFO - [2024-12-02T11:03:52.377+0000] {dag.py:4180} INFO - Setting next_dagrun for example_python_decorator to None, run_after=None
[2024-12-02T11:03:52.390+0000] {processor.py:208} INFO - Processing /home/airflow/.local/lib/python3.12/site-packages/airflow/example_dags/example_python_decorator.py took 0.056 seconds
[2024-12-02T11:04:27.062+0000] {processor.py:186} INFO - Started process (PID=825) to work on /home/airflow/.local/lib/python3.12/site-packages/airflow/example_dags/example_python_decorator.py
[2024-12-02T11:04:27.064+0000] {processor.py:914} INFO - Processing file /home/airflow/.local/lib/python3.12/site-packages/airflow/example_dags/example_python_decorator.py for tasks to queue
[2024-12-02T11:04:27.066+0000] {logging_mixin.py:190} INFO - [2024-12-02T11:04:27.066+0000] {dagbag.py:588} INFO - Filling up the DagBag from /home/airflow/.local/lib/python3.12/site-packages/airflow/example_dags/example_python_decorator.py
[2024-12-02T11:04:27.076+0000] {processor.py:925} INFO - DAG(s) 'example_python_decorator' retrieved from /home/airflow/.local/lib/python3.12/site-packages/airflow/example_dags/example_python_decorator.py
[2024-12-02T11:04:27.091+0000] {logging_mixin.py:190} INFO - [2024-12-02T11:04:27.091+0000] {dag.py:3239} INFO - Sync 1 DAGs
[2024-12-02T11:04:27.103+0000] {logging_mixin.py:190} INFO - [2024-12-02T11:04:27.102+0000] {dag.py:4180} INFO - Setting next_dagrun for example_python_decorator to None, run_after=None
[2024-12-02T11:04:27.116+0000] {processor.py:208} INFO - Processing /home/airflow/.local/lib/python3.12/site-packages/airflow/example_dags/example_python_decorator.py took 0.058 seconds
[2024-12-02T11:05:01.963+0000] {processor.py:186} INFO - Started process (PID=896) to work on /home/airflow/.local/lib/python3.12/site-packages/airflow/example_dags/example_python_decorator.py
[2024-12-02T11:05:01.965+0000] {processor.py:914} INFO - Processing file /home/airflow/.local/lib/python3.12/site-packages/airflow/example_dags/example_python_decorator.py for tasks to queue
[2024-12-02T11:05:01.967+0000] {logging_mixin.py:190} INFO - [2024-12-02T11:05:01.966+0000] {dagbag.py:588} INFO - Filling up the DagBag from /home/airflow/.local/lib/python3.12/site-packages/airflow/example_dags/example_python_decorator.py
[2024-12-02T11:05:01.980+0000] {processor.py:925} INFO - DAG(s) 'example_python_decorator' retrieved from /home/airflow/.local/lib/python3.12/site-packages/airflow/example_dags/example_python_decorator.py
[2024-12-02T11:05:01.998+0000] {logging_mixin.py:190} INFO - [2024-12-02T11:05:01.997+0000] {dag.py:3239} INFO - Sync 1 DAGs
[2024-12-02T11:05:02.010+0000] {logging_mixin.py:190} INFO - [2024-12-02T11:05:02.010+0000] {dag.py:4180} INFO - Setting next_dagrun for example_python_decorator to None, run_after=None
[2024-12-02T11:05:02.094+0000] {processor.py:208} INFO - Processing /home/airflow/.local/lib/python3.12/site-packages/airflow/example_dags/example_python_decorator.py took 0.138 seconds
[2024-12-02T11:05:32.405+0000] {processor.py:186} INFO - Started process (PID=965) to work on /home/airflow/.local/lib/python3.12/site-packages/airflow/example_dags/example_python_decorator.py
[2024-12-02T11:05:32.407+0000] {processor.py:914} INFO - Processing file /home/airflow/.local/lib/python3.12/site-packages/airflow/example_dags/example_python_decorator.py for tasks to queue
[2024-12-02T11:05:32.410+0000] {logging_mixin.py:190} INFO - [2024-12-02T11:05:32.410+0000] {dagbag.py:588} INFO - Filling up the DagBag from /home/airflow/.local/lib/python3.12/site-packages/airflow/example_dags/example_python_decorator.py
[2024-12-02T11:05:32.428+0000] {processor.py:925} INFO - DAG(s) 'example_python_decorator' retrieved from /home/airflow/.local/lib/python3.12/site-packages/airflow/example_dags/example_python_decorator.py
[2024-12-02T11:05:32.445+0000] {logging_mixin.py:190} INFO - [2024-12-02T11:05:32.444+0000] {dag.py:3239} INFO - Sync 1 DAGs
[2024-12-02T11:05:32.455+0000] {logging_mixin.py:190} INFO - [2024-12-02T11:05:32.455+0000] {dag.py:4180} INFO - Setting next_dagrun for example_python_decorator to None, run_after=None
[2024-12-02T11:05:32.468+0000] {processor.py:208} INFO - Processing /home/airflow/.local/lib/python3.12/site-packages/airflow/example_dags/example_python_decorator.py took 0.067 seconds
[2024-12-02T11:06:02.959+0000] {processor.py:186} INFO - Started process (PID=1023) to work on /home/airflow/.local/lib/python3.12/site-packages/airflow/example_dags/example_python_decorator.py
[2024-12-02T11:06:02.961+0000] {processor.py:914} INFO - Processing file /home/airflow/.local/lib/python3.12/site-packages/airflow/example_dags/example_python_decorator.py for tasks to queue
[2024-12-02T11:06:02.979+0000] {logging_mixin.py:190} INFO - [2024-12-02T11:06:02.979+0000] {dagbag.py:588} INFO - Filling up the DagBag from /home/airflow/.local/lib/python3.12/site-packages/airflow/example_dags/example_python_decorator.py
[2024-12-02T11:06:03.000+0000] {processor.py:925} INFO - DAG(s) 'example_python_decorator' retrieved from /home/airflow/.local/lib/python3.12/site-packages/airflow/example_dags/example_python_decorator.py
[2024-12-02T11:06:03.024+0000] {logging_mixin.py:190} INFO - [2024-12-02T11:06:03.024+0000] {dag.py:3239} INFO - Sync 1 DAGs
[2024-12-02T11:06:03.035+0000] {logging_mixin.py:190} INFO - [2024-12-02T11:06:03.035+0000] {dag.py:4180} INFO - Setting next_dagrun for example_python_decorator to None, run_after=None
[2024-12-02T11:06:03.051+0000] {processor.py:208} INFO - Processing /home/airflow/.local/lib/python3.12/site-packages/airflow/example_dags/example_python_decorator.py took 0.106 seconds
[2024-12-02T11:06:33.687+0000] {processor.py:186} INFO - Started process (PID=1087) to work on /home/airflow/.local/lib/python3.12/site-packages/airflow/example_dags/example_python_decorator.py
[2024-12-02T11:06:33.688+0000] {processor.py:914} INFO - Processing file /home/airflow/.local/lib/python3.12/site-packages/airflow/example_dags/example_python_decorator.py for tasks to queue
[2024-12-02T11:06:33.690+0000] {logging_mixin.py:190} INFO - [2024-12-02T11:06:33.690+0000] {dagbag.py:588} INFO - Filling up the DagBag from /home/airflow/.local/lib/python3.12/site-packages/airflow/example_dags/example_python_decorator.py
[2024-12-02T11:06:33.700+0000] {processor.py:925} INFO - DAG(s) 'example_python_decorator' retrieved from /home/airflow/.local/lib/python3.12/site-packages/airflow/example_dags/example_python_decorator.py
[2024-12-02T11:06:33.715+0000] {logging_mixin.py:190} INFO - [2024-12-02T11:06:33.714+0000] {dag.py:3239} INFO - Sync 1 DAGs
[2024-12-02T11:06:33.724+0000] {logging_mixin.py:190} INFO - [2024-12-02T11:06:33.724+0000] {dag.py:4180} INFO - Setting next_dagrun for example_python_decorator to None, run_after=None
[2024-12-02T11:06:33.740+0000] {processor.py:208} INFO - Processing /home/airflow/.local/lib/python3.12/site-packages/airflow/example_dags/example_python_decorator.py took 0.058 seconds
[2024-12-02T11:07:04.218+0000] {processor.py:186} INFO - Started process (PID=1149) to work on /home/airflow/.local/lib/python3.12/site-packages/airflow/example_dags/example_python_decorator.py
[2024-12-02T11:07:04.228+0000] {processor.py:914} INFO - Processing file /home/airflow/.local/lib/python3.12/site-packages/airflow/example_dags/example_python_decorator.py for tasks to queue
[2024-12-02T11:07:04.237+0000] {logging_mixin.py:190} INFO - [2024-12-02T11:07:04.236+0000] {dagbag.py:588} INFO - Filling up the DagBag from /home/airflow/.local/lib/python3.12/site-packages/airflow/example_dags/example_python_decorator.py
[2024-12-02T11:07:04.277+0000] {processor.py:925} INFO - DAG(s) 'example_python_decorator' retrieved from /home/airflow/.local/lib/python3.12/site-packages/airflow/example_dags/example_python_decorator.py
[2024-12-02T11:07:04.334+0000] {logging_mixin.py:190} INFO - [2024-12-02T11:07:04.334+0000] {dag.py:3239} INFO - Sync 1 DAGs
[2024-12-02T11:07:04.370+0000] {logging_mixin.py:190} INFO - [2024-12-02T11:07:04.370+0000] {dag.py:4180} INFO - Setting next_dagrun for example_python_decorator to None, run_after=None
[2024-12-02T11:07:04.432+0000] {processor.py:208} INFO - Processing /home/airflow/.local/lib/python3.12/site-packages/airflow/example_dags/example_python_decorator.py took 0.219 seconds
[2024-12-02T11:07:35.180+0000] {processor.py:186} INFO - Started process (PID=1213) to work on /home/airflow/.local/lib/python3.12/site-packages/airflow/example_dags/example_python_decorator.py
[2024-12-02T11:07:35.182+0000] {processor.py:914} INFO - Processing file /home/airflow/.local/lib/python3.12/site-packages/airflow/example_dags/example_python_decorator.py for tasks to queue
[2024-12-02T11:07:35.184+0000] {logging_mixin.py:190} INFO - [2024-12-02T11:07:35.184+0000] {dagbag.py:588} INFO - Filling up the DagBag from /home/airflow/.local/lib/python3.12/site-packages/airflow/example_dags/example_python_decorator.py
[2024-12-02T11:07:35.194+0000] {processor.py:925} INFO - DAG(s) 'example_python_decorator' retrieved from /home/airflow/.local/lib/python3.12/site-packages/airflow/example_dags/example_python_decorator.py
[2024-12-02T11:07:35.207+0000] {logging_mixin.py:190} INFO - [2024-12-02T11:07:35.207+0000] {dag.py:3239} INFO - Sync 1 DAGs
[2024-12-02T11:07:35.217+0000] {logging_mixin.py:190} INFO - [2024-12-02T11:07:35.217+0000] {dag.py:4180} INFO - Setting next_dagrun for example_python_decorator to None, run_after=None
[2024-12-02T11:07:35.229+0000] {processor.py:208} INFO - Processing /home/airflow/.local/lib/python3.12/site-packages/airflow/example_dags/example_python_decorator.py took 0.052 seconds
[2024-12-02T11:08:05.737+0000] {processor.py:186} INFO - Started process (PID=1276) to work on /home/airflow/.local/lib/python3.12/site-packages/airflow/example_dags/example_python_decorator.py
[2024-12-02T11:08:05.738+0000] {processor.py:914} INFO - Processing file /home/airflow/.local/lib/python3.12/site-packages/airflow/example_dags/example_python_decorator.py for tasks to queue
[2024-12-02T11:08:05.741+0000] {logging_mixin.py:190} INFO - [2024-12-02T11:08:05.741+0000] {dagbag.py:588} INFO - Filling up the DagBag from /home/airflow/.local/lib/python3.12/site-packages/airflow/example_dags/example_python_decorator.py
[2024-12-02T11:08:05.756+0000] {processor.py:925} INFO - DAG(s) 'example_python_decorator' retrieved from /home/airflow/.local/lib/python3.12/site-packages/airflow/example_dags/example_python_decorator.py
[2024-12-02T11:08:05.777+0000] {logging_mixin.py:190} INFO - [2024-12-02T11:08:05.777+0000] {dag.py:3239} INFO - Sync 1 DAGs
[2024-12-02T11:08:05.809+0000] {logging_mixin.py:190} INFO - [2024-12-02T11:08:05.809+0000] {dag.py:4180} INFO - Setting next_dagrun for example_python_decorator to None, run_after=None
[2024-12-02T11:08:05.874+0000] {processor.py:208} INFO - Processing /home/airflow/.local/lib/python3.12/site-packages/airflow/example_dags/example_python_decorator.py took 0.143 seconds
[2024-12-02T11:08:35.904+0000] {processor.py:186} INFO - Started process (PID=1340) to work on /home/airflow/.local/lib/python3.12/site-packages/airflow/example_dags/example_python_decorator.py
[2024-12-02T11:08:35.906+0000] {processor.py:914} INFO - Processing file /home/airflow/.local/lib/python3.12/site-packages/airflow/example_dags/example_python_decorator.py for tasks to queue
[2024-12-02T11:08:35.909+0000] {logging_mixin.py:190} INFO - [2024-12-02T11:08:35.909+0000] {dagbag.py:588} INFO - Filling up the DagBag from /home/airflow/.local/lib/python3.12/site-packages/airflow/example_dags/example_python_decorator.py
[2024-12-02T11:08:35.921+0000] {processor.py:925} INFO - DAG(s) 'example_python_decorator' retrieved from /home/airflow/.local/lib/python3.12/site-packages/airflow/example_dags/example_python_decorator.py
[2024-12-02T11:08:35.936+0000] {logging_mixin.py:190} INFO - [2024-12-02T11:08:35.935+0000] {dag.py:3239} INFO - Sync 1 DAGs
[2024-12-02T11:08:35.945+0000] {logging_mixin.py:190} INFO - [2024-12-02T11:08:35.945+0000] {dag.py:4180} INFO - Setting next_dagrun for example_python_decorator to None, run_after=None
[2024-12-02T11:08:35.959+0000] {processor.py:208} INFO - Processing /home/airflow/.local/lib/python3.12/site-packages/airflow/example_dags/example_python_decorator.py took 0.059 seconds
[2024-12-02T11:09:06.835+0000] {processor.py:186} INFO - Started process (PID=1404) to work on /home/airflow/.local/lib/python3.12/site-packages/airflow/example_dags/example_python_decorator.py
[2024-12-02T11:09:06.835+0000] {processor.py:914} INFO - Processing file /home/airflow/.local/lib/python3.12/site-packages/airflow/example_dags/example_python_decorator.py for tasks to queue
[2024-12-02T11:09:06.837+0000] {logging_mixin.py:190} INFO - [2024-12-02T11:09:06.837+0000] {dagbag.py:588} INFO - Filling up the DagBag from /home/airflow/.local/lib/python3.12/site-packages/airflow/example_dags/example_python_decorator.py
[2024-12-02T11:09:06.848+0000] {processor.py:925} INFO - DAG(s) 'example_python_decorator' retrieved from /home/airflow/.local/lib/python3.12/site-packages/airflow/example_dags/example_python_decorator.py
[2024-12-02T11:09:06.865+0000] {logging_mixin.py:190} INFO - [2024-12-02T11:09:06.864+0000] {dag.py:3239} INFO - Sync 1 DAGs
[2024-12-02T11:09:06.879+0000] {logging_mixin.py:190} INFO - [2024-12-02T11:09:06.879+0000] {dag.py:4180} INFO - Setting next_dagrun for example_python_decorator to None, run_after=None
[2024-12-02T11:09:06.894+0000] {processor.py:208} INFO - Processing /home/airflow/.local/lib/python3.12/site-packages/airflow/example_dags/example_python_decorator.py took 0.063 seconds
[2024-12-02T11:09:37.192+0000] {processor.py:186} INFO - Started process (PID=1468) to work on /home/airflow/.local/lib/python3.12/site-packages/airflow/example_dags/example_python_decorator.py
[2024-12-02T11:09:37.194+0000] {processor.py:914} INFO - Processing file /home/airflow/.local/lib/python3.12/site-packages/airflow/example_dags/example_python_decorator.py for tasks to queue
[2024-12-02T11:09:37.196+0000] {logging_mixin.py:190} INFO - [2024-12-02T11:09:37.196+0000] {dagbag.py:588} INFO - Filling up the DagBag from /home/airflow/.local/lib/python3.12/site-packages/airflow/example_dags/example_python_decorator.py
[2024-12-02T11:09:37.206+0000] {processor.py:925} INFO - DAG(s) 'example_python_decorator' retrieved from /home/airflow/.local/lib/python3.12/site-packages/airflow/example_dags/example_python_decorator.py
[2024-12-02T11:09:37.220+0000] {logging_mixin.py:190} INFO - [2024-12-02T11:09:37.220+0000] {dag.py:3239} INFO - Sync 1 DAGs
[2024-12-02T11:09:37.230+0000] {logging_mixin.py:190} INFO - [2024-12-02T11:09:37.230+0000] {dag.py:4180} INFO - Setting next_dagrun for example_python_decorator to None, run_after=None
[2024-12-02T11:09:37.248+0000] {processor.py:208} INFO - Processing /home/airflow/.local/lib/python3.12/site-packages/airflow/example_dags/example_python_decorator.py took 0.061 seconds
[2024-12-02T11:10:08.370+0000] {processor.py:186} INFO - Started process (PID=1531) to work on /home/airflow/.local/lib/python3.12/site-packages/airflow/example_dags/example_python_decorator.py
[2024-12-02T11:10:08.370+0000] {processor.py:914} INFO - Processing file /home/airflow/.local/lib/python3.12/site-packages/airflow/example_dags/example_python_decorator.py for tasks to queue
[2024-12-02T11:10:08.372+0000] {logging_mixin.py:190} INFO - [2024-12-02T11:10:08.372+0000] {dagbag.py:588} INFO - Filling up the DagBag from /home/airflow/.local/lib/python3.12/site-packages/airflow/example_dags/example_python_decorator.py
[2024-12-02T11:10:08.402+0000] {processor.py:925} INFO - DAG(s) 'example_python_decorator' retrieved from /home/airflow/.local/lib/python3.12/site-packages/airflow/example_dags/example_python_decorator.py
[2024-12-02T11:10:08.468+0000] {logging_mixin.py:190} INFO - [2024-12-02T11:10:08.465+0000] {dag.py:3239} INFO - Sync 1 DAGs
[2024-12-02T11:10:08.500+0000] {logging_mixin.py:190} INFO - [2024-12-02T11:10:08.500+0000] {dag.py:4180} INFO - Setting next_dagrun for example_python_decorator to None, run_after=None
[2024-12-02T11:10:08.567+0000] {processor.py:208} INFO - Processing /home/airflow/.local/lib/python3.12/site-packages/airflow/example_dags/example_python_decorator.py took 0.207 seconds
[2024-12-02T11:10:39.025+0000] {processor.py:186} INFO - Started process (PID=1595) to work on /home/airflow/.local/lib/python3.12/site-packages/airflow/example_dags/example_python_decorator.py
[2024-12-02T11:10:39.027+0000] {processor.py:914} INFO - Processing file /home/airflow/.local/lib/python3.12/site-packages/airflow/example_dags/example_python_decorator.py for tasks to queue
[2024-12-02T11:10:39.028+0000] {logging_mixin.py:190} INFO - [2024-12-02T11:10:39.028+0000] {dagbag.py:588} INFO - Filling up the DagBag from /home/airflow/.local/lib/python3.12/site-packages/airflow/example_dags/example_python_decorator.py
[2024-12-02T11:10:39.039+0000] {processor.py:925} INFO - DAG(s) 'example_python_decorator' retrieved from /home/airflow/.local/lib/python3.12/site-packages/airflow/example_dags/example_python_decorator.py
[2024-12-02T11:10:39.052+0000] {logging_mixin.py:190} INFO - [2024-12-02T11:10:39.052+0000] {dag.py:3239} INFO - Sync 1 DAGs
[2024-12-02T11:10:39.063+0000] {logging_mixin.py:190} INFO - [2024-12-02T11:10:39.063+0000] {dag.py:4180} INFO - Setting next_dagrun for example_python_decorator to None, run_after=None
[2024-12-02T11:10:39.080+0000] {processor.py:208} INFO - Processing /home/airflow/.local/lib/python3.12/site-packages/airflow/example_dags/example_python_decorator.py took 0.061 seconds
[2024-12-02T11:11:10.371+0000] {processor.py:186} INFO - Started process (PID=1659) to work on /home/airflow/.local/lib/python3.12/site-packages/airflow/example_dags/example_python_decorator.py
[2024-12-02T11:11:10.372+0000] {processor.py:914} INFO - Processing file /home/airflow/.local/lib/python3.12/site-packages/airflow/example_dags/example_python_decorator.py for tasks to queue
[2024-12-02T11:11:10.373+0000] {logging_mixin.py:190} INFO - [2024-12-02T11:11:10.373+0000] {dagbag.py:588} INFO - Filling up the DagBag from /home/airflow/.local/lib/python3.12/site-packages/airflow/example_dags/example_python_decorator.py
[2024-12-02T11:11:10.384+0000] {processor.py:925} INFO - DAG(s) 'example_python_decorator' retrieved from /home/airflow/.local/lib/python3.12/site-packages/airflow/example_dags/example_python_decorator.py
[2024-12-02T11:11:10.398+0000] {logging_mixin.py:190} INFO - [2024-12-02T11:11:10.397+0000] {dag.py:3239} INFO - Sync 1 DAGs
[2024-12-02T11:11:10.408+0000] {logging_mixin.py:190} INFO - [2024-12-02T11:11:10.408+0000] {dag.py:4180} INFO - Setting next_dagrun for example_python_decorator to None, run_after=None
[2024-12-02T11:11:10.425+0000] {processor.py:208} INFO - Processing /home/airflow/.local/lib/python3.12/site-packages/airflow/example_dags/example_python_decorator.py took 0.058 seconds
[2024-12-02T11:11:41.241+0000] {processor.py:186} INFO - Started process (PID=1724) to work on /home/airflow/.local/lib/python3.12/site-packages/airflow/example_dags/example_python_decorator.py
[2024-12-02T11:11:41.243+0000] {processor.py:914} INFO - Processing file /home/airflow/.local/lib/python3.12/site-packages/airflow/example_dags/example_python_decorator.py for tasks to queue
[2024-12-02T11:11:41.246+0000] {logging_mixin.py:190} INFO - [2024-12-02T11:11:41.245+0000] {dagbag.py:588} INFO - Filling up the DagBag from /home/airflow/.local/lib/python3.12/site-packages/airflow/example_dags/example_python_decorator.py
[2024-12-02T11:11:41.256+0000] {processor.py:925} INFO - DAG(s) 'example_python_decorator' retrieved from /home/airflow/.local/lib/python3.12/site-packages/airflow/example_dags/example_python_decorator.py
[2024-12-02T11:11:41.269+0000] {logging_mixin.py:190} INFO - [2024-12-02T11:11:41.269+0000] {dag.py:3239} INFO - Sync 1 DAGs
[2024-12-02T11:11:41.279+0000] {logging_mixin.py:190} INFO - [2024-12-02T11:11:41.279+0000] {dag.py:4180} INFO - Setting next_dagrun for example_python_decorator to None, run_after=None
[2024-12-02T11:11:41.294+0000] {processor.py:208} INFO - Processing /home/airflow/.local/lib/python3.12/site-packages/airflow/example_dags/example_python_decorator.py took 0.065 seconds
[2024-12-02T11:12:11.618+0000] {processor.py:186} INFO - Started process (PID=1788) to work on /home/airflow/.local/lib/python3.12/site-packages/airflow/example_dags/example_python_decorator.py
[2024-12-02T11:12:11.618+0000] {processor.py:914} INFO - Processing file /home/airflow/.local/lib/python3.12/site-packages/airflow/example_dags/example_python_decorator.py for tasks to queue
[2024-12-02T11:12:11.620+0000] {logging_mixin.py:190} INFO - [2024-12-02T11:12:11.620+0000] {dagbag.py:588} INFO - Filling up the DagBag from /home/airflow/.local/lib/python3.12/site-packages/airflow/example_dags/example_python_decorator.py
[2024-12-02T11:12:11.635+0000] {processor.py:925} INFO - DAG(s) 'example_python_decorator' retrieved from /home/airflow/.local/lib/python3.12/site-packages/airflow/example_dags/example_python_decorator.py
[2024-12-02T11:12:11.650+0000] {logging_mixin.py:190} INFO - [2024-12-02T11:12:11.650+0000] {dag.py:3239} INFO - Sync 1 DAGs
[2024-12-02T11:12:11.661+0000] {logging_mixin.py:190} INFO - [2024-12-02T11:12:11.661+0000] {dag.py:4180} INFO - Setting next_dagrun for example_python_decorator to None, run_after=None
[2024-12-02T11:12:11.689+0000] {processor.py:208} INFO - Processing /home/airflow/.local/lib/python3.12/site-packages/airflow/example_dags/example_python_decorator.py took 0.082 seconds
[2024-12-02T11:12:41.883+0000] {processor.py:186} INFO - Started process (PID=1852) to work on /home/airflow/.local/lib/python3.12/site-packages/airflow/example_dags/example_python_decorator.py
[2024-12-02T11:12:41.885+0000] {processor.py:914} INFO - Processing file /home/airflow/.local/lib/python3.12/site-packages/airflow/example_dags/example_python_decorator.py for tasks to queue
[2024-12-02T11:12:41.887+0000] {logging_mixin.py:190} INFO - [2024-12-02T11:12:41.886+0000] {dagbag.py:588} INFO - Filling up the DagBag from /home/airflow/.local/lib/python3.12/site-packages/airflow/example_dags/example_python_decorator.py
[2024-12-02T11:12:41.900+0000] {processor.py:925} INFO - DAG(s) 'example_python_decorator' retrieved from /home/airflow/.local/lib/python3.12/site-packages/airflow/example_dags/example_python_decorator.py
[2024-12-02T11:12:41.918+0000] {logging_mixin.py:190} INFO - [2024-12-02T11:12:41.918+0000] {dag.py:3239} INFO - Sync 1 DAGs
[2024-12-02T11:12:41.929+0000] {logging_mixin.py:190} INFO - [2024-12-02T11:12:41.928+0000] {dag.py:4180} INFO - Setting next_dagrun for example_python_decorator to None, run_after=None
[2024-12-02T11:12:41.942+0000] {processor.py:208} INFO - Processing /home/airflow/.local/lib/python3.12/site-packages/airflow/example_dags/example_python_decorator.py took 0.064 seconds
[2024-12-02T11:13:13.431+0000] {processor.py:186} INFO - Started process (PID=1917) to work on /home/airflow/.local/lib/python3.12/site-packages/airflow/example_dags/example_python_decorator.py
[2024-12-02T11:13:13.431+0000] {processor.py:914} INFO - Processing file /home/airflow/.local/lib/python3.12/site-packages/airflow/example_dags/example_python_decorator.py for tasks to queue
[2024-12-02T11:13:13.433+0000] {logging_mixin.py:190} INFO - [2024-12-02T11:13:13.433+0000] {dagbag.py:588} INFO - Filling up the DagBag from /home/airflow/.local/lib/python3.12/site-packages/airflow/example_dags/example_python_decorator.py
[2024-12-02T11:13:13.529+0000] {processor.py:925} INFO - DAG(s) 'example_python_decorator' retrieved from /home/airflow/.local/lib/python3.12/site-packages/airflow/example_dags/example_python_decorator.py
[2024-12-02T11:13:13.600+0000] {logging_mixin.py:190} INFO - [2024-12-02T11:13:13.599+0000] {dag.py:3239} INFO - Sync 1 DAGs
[2024-12-02T11:13:13.627+0000] {logging_mixin.py:190} INFO - [2024-12-02T11:13:13.627+0000] {dag.py:4180} INFO - Setting next_dagrun for example_python_decorator to None, run_after=None
[2024-12-02T11:13:13.695+0000] {processor.py:208} INFO - Processing /home/airflow/.local/lib/python3.12/site-packages/airflow/example_dags/example_python_decorator.py took 0.280 seconds
[2024-12-02T11:13:44.692+0000] {processor.py:186} INFO - Started process (PID=1976) to work on /home/airflow/.local/lib/python3.12/site-packages/airflow/example_dags/example_python_decorator.py
[2024-12-02T11:13:44.701+0000] {processor.py:914} INFO - Processing file /home/airflow/.local/lib/python3.12/site-packages/airflow/example_dags/example_python_decorator.py for tasks to queue
[2024-12-02T11:13:44.702+0000] {logging_mixin.py:190} INFO - [2024-12-02T11:13:44.702+0000] {dagbag.py:588} INFO - Filling up the DagBag from /home/airflow/.local/lib/python3.12/site-packages/airflow/example_dags/example_python_decorator.py
[2024-12-02T11:13:44.734+0000] {processor.py:925} INFO - DAG(s) 'example_python_decorator' retrieved from /home/airflow/.local/lib/python3.12/site-packages/airflow/example_dags/example_python_decorator.py
[2024-12-02T11:13:44.772+0000] {logging_mixin.py:190} INFO - [2024-12-02T11:13:44.771+0000] {dag.py:3239} INFO - Sync 1 DAGs
[2024-12-02T11:13:44.815+0000] {logging_mixin.py:190} INFO - [2024-12-02T11:13:44.814+0000] {dag.py:4180} INFO - Setting next_dagrun for example_python_decorator to None, run_after=None
[2024-12-02T11:13:44.882+0000] {processor.py:208} INFO - Processing /home/airflow/.local/lib/python3.12/site-packages/airflow/example_dags/example_python_decorator.py took 0.195 seconds
[2024-12-02T11:14:15.226+0000] {processor.py:186} INFO - Started process (PID=2042) to work on /home/airflow/.local/lib/python3.12/site-packages/airflow/example_dags/example_python_decorator.py
[2024-12-02T11:14:15.227+0000] {processor.py:914} INFO - Processing file /home/airflow/.local/lib/python3.12/site-packages/airflow/example_dags/example_python_decorator.py for tasks to queue
[2024-12-02T11:14:15.228+0000] {logging_mixin.py:190} INFO - [2024-12-02T11:14:15.228+0000] {dagbag.py:588} INFO - Filling up the DagBag from /home/airflow/.local/lib/python3.12/site-packages/airflow/example_dags/example_python_decorator.py
[2024-12-02T11:14:15.239+0000] {processor.py:925} INFO - DAG(s) 'example_python_decorator' retrieved from /home/airflow/.local/lib/python3.12/site-packages/airflow/example_dags/example_python_decorator.py
[2024-12-02T11:14:15.254+0000] {logging_mixin.py:190} INFO - [2024-12-02T11:14:15.254+0000] {dag.py:3239} INFO - Sync 1 DAGs
[2024-12-02T11:14:15.264+0000] {logging_mixin.py:190} INFO - [2024-12-02T11:14:15.263+0000] {dag.py:4180} INFO - Setting next_dagrun for example_python_decorator to None, run_after=None
[2024-12-02T11:14:15.278+0000] {processor.py:208} INFO - Processing /home/airflow/.local/lib/python3.12/site-packages/airflow/example_dags/example_python_decorator.py took 0.056 seconds
[2024-12-02T11:14:45.655+0000] {processor.py:186} INFO - Started process (PID=2107) to work on /home/airflow/.local/lib/python3.12/site-packages/airflow/example_dags/example_python_decorator.py
[2024-12-02T11:14:45.658+0000] {processor.py:914} INFO - Processing file /home/airflow/.local/lib/python3.12/site-packages/airflow/example_dags/example_python_decorator.py for tasks to queue
[2024-12-02T11:14:45.660+0000] {logging_mixin.py:190} INFO - [2024-12-02T11:14:45.660+0000] {dagbag.py:588} INFO - Filling up the DagBag from /home/airflow/.local/lib/python3.12/site-packages/airflow/example_dags/example_python_decorator.py
[2024-12-02T11:14:45.672+0000] {processor.py:925} INFO - DAG(s) 'example_python_decorator' retrieved from /home/airflow/.local/lib/python3.12/site-packages/airflow/example_dags/example_python_decorator.py
[2024-12-02T11:14:45.686+0000] {logging_mixin.py:190} INFO - [2024-12-02T11:14:45.686+0000] {dag.py:3239} INFO - Sync 1 DAGs
[2024-12-02T11:14:45.702+0000] {logging_mixin.py:190} INFO - [2024-12-02T11:14:45.702+0000] {dag.py:4180} INFO - Setting next_dagrun for example_python_decorator to None, run_after=None
[2024-12-02T11:14:45.717+0000] {processor.py:208} INFO - Processing /home/airflow/.local/lib/python3.12/site-packages/airflow/example_dags/example_python_decorator.py took 0.069 seconds
[2024-12-02T11:15:17.026+0000] {processor.py:186} INFO - Started process (PID=2170) to work on /home/airflow/.local/lib/python3.12/site-packages/airflow/example_dags/example_python_decorator.py
[2024-12-02T11:15:17.026+0000] {processor.py:914} INFO - Processing file /home/airflow/.local/lib/python3.12/site-packages/airflow/example_dags/example_python_decorator.py for tasks to queue
[2024-12-02T11:15:17.029+0000] {logging_mixin.py:190} INFO - [2024-12-02T11:15:17.029+0000] {dagbag.py:588} INFO - Filling up the DagBag from /home/airflow/.local/lib/python3.12/site-packages/airflow/example_dags/example_python_decorator.py
[2024-12-02T11:15:17.062+0000] {processor.py:925} INFO - DAG(s) 'example_python_decorator' retrieved from /home/airflow/.local/lib/python3.12/site-packages/airflow/example_dags/example_python_decorator.py
[2024-12-02T11:15:17.103+0000] {logging_mixin.py:190} INFO - [2024-12-02T11:15:17.103+0000] {dag.py:3239} INFO - Sync 1 DAGs
[2024-12-02T11:15:17.123+0000] {logging_mixin.py:190} INFO - [2024-12-02T11:15:17.122+0000] {dag.py:4180} INFO - Setting next_dagrun for example_python_decorator to None, run_after=None
[2024-12-02T11:15:17.155+0000] {processor.py:208} INFO - Processing /home/airflow/.local/lib/python3.12/site-packages/airflow/example_dags/example_python_decorator.py took 0.143 seconds
[2024-12-02T11:15:47.402+0000] {processor.py:186} INFO - Started process (PID=2235) to work on /home/airflow/.local/lib/python3.12/site-packages/airflow/example_dags/example_python_decorator.py
[2024-12-02T11:15:47.410+0000] {processor.py:914} INFO - Processing file /home/airflow/.local/lib/python3.12/site-packages/airflow/example_dags/example_python_decorator.py for tasks to queue
[2024-12-02T11:15:47.411+0000] {logging_mixin.py:190} INFO - [2024-12-02T11:15:47.411+0000] {dagbag.py:588} INFO - Filling up the DagBag from /home/airflow/.local/lib/python3.12/site-packages/airflow/example_dags/example_python_decorator.py
[2024-12-02T11:15:47.429+0000] {processor.py:925} INFO - DAG(s) 'example_python_decorator' retrieved from /home/airflow/.local/lib/python3.12/site-packages/airflow/example_dags/example_python_decorator.py
[2024-12-02T11:15:47.466+0000] {logging_mixin.py:190} INFO - [2024-12-02T11:15:47.465+0000] {dag.py:3239} INFO - Sync 1 DAGs
[2024-12-02T11:15:47.482+0000] {logging_mixin.py:190} INFO - [2024-12-02T11:15:47.482+0000] {dag.py:4180} INFO - Setting next_dagrun for example_python_decorator to None, run_after=None
[2024-12-02T11:15:47.513+0000] {processor.py:208} INFO - Processing /home/airflow/.local/lib/python3.12/site-packages/airflow/example_dags/example_python_decorator.py took 0.115 seconds
[2024-12-02T11:16:18.324+0000] {processor.py:186} INFO - Started process (PID=2300) to work on /home/airflow/.local/lib/python3.12/site-packages/airflow/example_dags/example_python_decorator.py
[2024-12-02T11:16:18.324+0000] {processor.py:914} INFO - Processing file /home/airflow/.local/lib/python3.12/site-packages/airflow/example_dags/example_python_decorator.py for tasks to queue
[2024-12-02T11:16:18.325+0000] {logging_mixin.py:190} INFO - [2024-12-02T11:16:18.325+0000] {dagbag.py:588} INFO - Filling up the DagBag from /home/airflow/.local/lib/python3.12/site-packages/airflow/example_dags/example_python_decorator.py
[2024-12-02T11:16:18.355+0000] {processor.py:925} INFO - DAG(s) 'example_python_decorator' retrieved from /home/airflow/.local/lib/python3.12/site-packages/airflow/example_dags/example_python_decorator.py
[2024-12-02T11:16:18.384+0000] {logging_mixin.py:190} INFO - [2024-12-02T11:16:18.384+0000] {dag.py:3239} INFO - Sync 1 DAGs
[2024-12-02T11:16:18.402+0000] {logging_mixin.py:190} INFO - [2024-12-02T11:16:18.402+0000] {dag.py:4180} INFO - Setting next_dagrun for example_python_decorator to None, run_after=None
[2024-12-02T11:16:18.428+0000] {processor.py:208} INFO - Processing /home/airflow/.local/lib/python3.12/site-packages/airflow/example_dags/example_python_decorator.py took 0.108 seconds
[2024-12-02T11:16:49.330+0000] {processor.py:186} INFO - Started process (PID=2364) to work on /home/airflow/.local/lib/python3.12/site-packages/airflow/example_dags/example_python_decorator.py
[2024-12-02T11:16:49.355+0000] {processor.py:914} INFO - Processing file /home/airflow/.local/lib/python3.12/site-packages/airflow/example_dags/example_python_decorator.py for tasks to queue
[2024-12-02T11:16:49.356+0000] {logging_mixin.py:190} INFO - [2024-12-02T11:16:49.356+0000] {dagbag.py:588} INFO - Filling up the DagBag from /home/airflow/.local/lib/python3.12/site-packages/airflow/example_dags/example_python_decorator.py
[2024-12-02T11:16:49.400+0000] {processor.py:925} INFO - DAG(s) 'example_python_decorator' retrieved from /home/airflow/.local/lib/python3.12/site-packages/airflow/example_dags/example_python_decorator.py
[2024-12-02T11:16:49.482+0000] {logging_mixin.py:190} INFO - [2024-12-02T11:16:49.482+0000] {dag.py:3239} INFO - Sync 1 DAGs
[2024-12-02T11:16:49.526+0000] {logging_mixin.py:190} INFO - [2024-12-02T11:16:49.520+0000] {dag.py:4180} INFO - Setting next_dagrun for example_python_decorator to None, run_after=None
[2024-12-02T11:16:49.597+0000] {processor.py:208} INFO - Processing /home/airflow/.local/lib/python3.12/site-packages/airflow/example_dags/example_python_decorator.py took 0.271 seconds
[2024-12-02T11:17:19.642+0000] {processor.py:186} INFO - Started process (PID=2427) to work on /home/airflow/.local/lib/python3.12/site-packages/airflow/example_dags/example_python_decorator.py
[2024-12-02T11:17:19.645+0000] {processor.py:914} INFO - Processing file /home/airflow/.local/lib/python3.12/site-packages/airflow/example_dags/example_python_decorator.py for tasks to queue
[2024-12-02T11:17:19.646+0000] {logging_mixin.py:190} INFO - [2024-12-02T11:17:19.645+0000] {dagbag.py:588} INFO - Filling up the DagBag from /home/airflow/.local/lib/python3.12/site-packages/airflow/example_dags/example_python_decorator.py
[2024-12-02T11:17:19.656+0000] {processor.py:925} INFO - DAG(s) 'example_python_decorator' retrieved from /home/airflow/.local/lib/python3.12/site-packages/airflow/example_dags/example_python_decorator.py
[2024-12-02T11:17:19.672+0000] {logging_mixin.py:190} INFO - [2024-12-02T11:17:19.672+0000] {dag.py:3239} INFO - Sync 1 DAGs
[2024-12-02T11:17:19.684+0000] {logging_mixin.py:190} INFO - [2024-12-02T11:17:19.684+0000] {dag.py:4180} INFO - Setting next_dagrun for example_python_decorator to None, run_after=None
[2024-12-02T11:17:19.699+0000] {processor.py:208} INFO - Processing /home/airflow/.local/lib/python3.12/site-packages/airflow/example_dags/example_python_decorator.py took 0.061 seconds
[2024-12-02T11:17:49.779+0000] {processor.py:186} INFO - Started process (PID=2491) to work on /home/airflow/.local/lib/python3.12/site-packages/airflow/example_dags/example_python_decorator.py
[2024-12-02T11:17:49.779+0000] {processor.py:914} INFO - Processing file /home/airflow/.local/lib/python3.12/site-packages/airflow/example_dags/example_python_decorator.py for tasks to queue
[2024-12-02T11:17:49.780+0000] {logging_mixin.py:190} INFO - [2024-12-02T11:17:49.780+0000] {dagbag.py:588} INFO - Filling up the DagBag from /home/airflow/.local/lib/python3.12/site-packages/airflow/example_dags/example_python_decorator.py
[2024-12-02T11:17:49.800+0000] {processor.py:925} INFO - DAG(s) 'example_python_decorator' retrieved from /home/airflow/.local/lib/python3.12/site-packages/airflow/example_dags/example_python_decorator.py
[2024-12-02T11:17:49.819+0000] {logging_mixin.py:190} INFO - [2024-12-02T11:17:49.818+0000] {dag.py:3239} INFO - Sync 1 DAGs
[2024-12-02T11:17:49.829+0000] {logging_mixin.py:190} INFO - [2024-12-02T11:17:49.829+0000] {dag.py:4180} INFO - Setting next_dagrun for example_python_decorator to None, run_after=None
[2024-12-02T11:17:49.843+0000] {processor.py:208} INFO - Processing /home/airflow/.local/lib/python3.12/site-packages/airflow/example_dags/example_python_decorator.py took 0.074 seconds
[2024-12-02T11:18:20.626+0000] {processor.py:186} INFO - Started process (PID=2556) to work on /home/airflow/.local/lib/python3.12/site-packages/airflow/example_dags/example_python_decorator.py
[2024-12-02T11:18:20.629+0000] {processor.py:914} INFO - Processing file /home/airflow/.local/lib/python3.12/site-packages/airflow/example_dags/example_python_decorator.py for tasks to queue
[2024-12-02T11:18:20.630+0000] {logging_mixin.py:190} INFO - [2024-12-02T11:18:20.630+0000] {dagbag.py:588} INFO - Filling up the DagBag from /home/airflow/.local/lib/python3.12/site-packages/airflow/example_dags/example_python_decorator.py
[2024-12-02T11:18:20.640+0000] {processor.py:925} INFO - DAG(s) 'example_python_decorator' retrieved from /home/airflow/.local/lib/python3.12/site-packages/airflow/example_dags/example_python_decorator.py
[2024-12-02T11:18:20.655+0000] {logging_mixin.py:190} INFO - [2024-12-02T11:18:20.654+0000] {dag.py:3239} INFO - Sync 1 DAGs
[2024-12-02T11:18:20.667+0000] {logging_mixin.py:190} INFO - [2024-12-02T11:18:20.667+0000] {dag.py:4180} INFO - Setting next_dagrun for example_python_decorator to None, run_after=None
[2024-12-02T11:18:20.681+0000] {processor.py:208} INFO - Processing /home/airflow/.local/lib/python3.12/site-packages/airflow/example_dags/example_python_decorator.py took 0.059 seconds
[2024-12-02T11:18:51.529+0000] {processor.py:186} INFO - Started process (PID=2621) to work on /home/airflow/.local/lib/python3.12/site-packages/airflow/example_dags/example_python_decorator.py
[2024-12-02T11:18:51.530+0000] {processor.py:914} INFO - Processing file /home/airflow/.local/lib/python3.12/site-packages/airflow/example_dags/example_python_decorator.py for tasks to queue
[2024-12-02T11:18:51.531+0000] {logging_mixin.py:190} INFO - [2024-12-02T11:18:51.531+0000] {dagbag.py:588} INFO - Filling up the DagBag from /home/airflow/.local/lib/python3.12/site-packages/airflow/example_dags/example_python_decorator.py
[2024-12-02T11:18:51.543+0000] {processor.py:925} INFO - DAG(s) 'example_python_decorator' retrieved from /home/airflow/.local/lib/python3.12/site-packages/airflow/example_dags/example_python_decorator.py
[2024-12-02T11:18:51.559+0000] {logging_mixin.py:190} INFO - [2024-12-02T11:18:51.558+0000] {dag.py:3239} INFO - Sync 1 DAGs
[2024-12-02T11:18:51.570+0000] {logging_mixin.py:190} INFO - [2024-12-02T11:18:51.570+0000] {dag.py:4180} INFO - Setting next_dagrun for example_python_decorator to None, run_after=None
[2024-12-02T11:18:51.587+0000] {processor.py:208} INFO - Processing /home/airflow/.local/lib/python3.12/site-packages/airflow/example_dags/example_python_decorator.py took 0.063 seconds
[2024-12-02T11:19:23.118+0000] {processor.py:186} INFO - Started process (PID=2686) to work on /home/airflow/.local/lib/python3.12/site-packages/airflow/example_dags/example_python_decorator.py
[2024-12-02T11:19:23.129+0000] {processor.py:914} INFO - Processing file /home/airflow/.local/lib/python3.12/site-packages/airflow/example_dags/example_python_decorator.py for tasks to queue
[2024-12-02T11:19:23.130+0000] {logging_mixin.py:190} INFO - [2024-12-02T11:19:23.130+0000] {dagbag.py:588} INFO - Filling up the DagBag from /home/airflow/.local/lib/python3.12/site-packages/airflow/example_dags/example_python_decorator.py
[2024-12-02T11:19:23.141+0000] {processor.py:925} INFO - DAG(s) 'example_python_decorator' retrieved from /home/airflow/.local/lib/python3.12/site-packages/airflow/example_dags/example_python_decorator.py
[2024-12-02T11:19:23.172+0000] {logging_mixin.py:190} INFO - [2024-12-02T11:19:23.172+0000] {dag.py:3239} INFO - Sync 1 DAGs
[2024-12-02T11:19:23.190+0000] {logging_mixin.py:190} INFO - [2024-12-02T11:19:23.190+0000] {dag.py:4180} INFO - Setting next_dagrun for example_python_decorator to None, run_after=None
[2024-12-02T11:19:23.214+0000] {processor.py:208} INFO - Processing /home/airflow/.local/lib/python3.12/site-packages/airflow/example_dags/example_python_decorator.py took 0.100 seconds
[2024-12-02T11:19:58.292+0000] {processor.py:186} INFO - Started process (PID=2752) to work on /home/airflow/.local/lib/python3.12/site-packages/airflow/example_dags/example_python_decorator.py
[2024-12-02T11:19:58.297+0000] {processor.py:914} INFO - Processing file /home/airflow/.local/lib/python3.12/site-packages/airflow/example_dags/example_python_decorator.py for tasks to queue
[2024-12-02T11:19:58.298+0000] {logging_mixin.py:190} INFO - [2024-12-02T11:19:58.298+0000] {dagbag.py:588} INFO - Filling up the DagBag from /home/airflow/.local/lib/python3.12/site-packages/airflow/example_dags/example_python_decorator.py
[2024-12-02T11:19:58.318+0000] {processor.py:925} INFO - DAG(s) 'example_python_decorator' retrieved from /home/airflow/.local/lib/python3.12/site-packages/airflow/example_dags/example_python_decorator.py
[2024-12-02T11:19:58.338+0000] {logging_mixin.py:190} INFO - [2024-12-02T11:19:58.338+0000] {dag.py:3239} INFO - Sync 1 DAGs
[2024-12-02T11:19:58.356+0000] {logging_mixin.py:190} INFO - [2024-12-02T11:19:58.356+0000] {dag.py:4180} INFO - Setting next_dagrun for example_python_decorator to None, run_after=None
[2024-12-02T11:19:58.384+0000] {processor.py:208} INFO - Processing /home/airflow/.local/lib/python3.12/site-packages/airflow/example_dags/example_python_decorator.py took 0.099 seconds
