[2024-12-02T10:22:01.040+0000] {processor.py:186} INFO - Started process (PID=139) to work on /home/airflow/.local/lib/python3.12/site-packages/airflow/example_dags/example_skip_dag.py
[2024-12-02T10:22:01.041+0000] {processor.py:914} INFO - Processing file /home/airflow/.local/lib/python3.12/site-packages/airflow/example_dags/example_skip_dag.py for tasks to queue
[2024-12-02T10:22:01.097+0000] {logging_mixin.py:190} INFO - [2024-12-02T10:22:01.093+0000] {dagbag.py:588} INFO - Filling up the DagBag from /home/airflow/.local/lib/python3.12/site-packages/airflow/example_dags/example_skip_dag.py
[2024-12-02T10:22:01.197+0000] {processor.py:925} INFO - DAG(s) 'example_skip_dag' retrieved from /home/airflow/.local/lib/python3.12/site-packages/airflow/example_dags/example_skip_dag.py
[2024-12-02T10:22:02.008+0000] {logging_mixin.py:190} INFO - [2024-12-02T10:22:02.007+0000] {override.py:1911} INFO - Created Permission View: can delete on DAG:example_skip_dag
[2024-12-02T10:22:02.172+0000] {logging_mixin.py:190} INFO - [2024-12-02T10:22:02.114+0000] {override.py:1911} INFO - Created Permission View: can edit on DAG:example_skip_dag
[2024-12-02T10:22:05.041+0000] {logging_mixin.py:190} INFO - [2024-12-02T10:22:05.017+0000] {override.py:1911} INFO - Created Permission View: can read on DAG:example_skip_dag
[2024-12-02T10:22:05.156+0000] {logging_mixin.py:190} INFO - [2024-12-02T10:22:05.155+0000] {override.py:1911} INFO - Created Permission View: menu access on DAG Run:example_skip_dag
[2024-12-02T10:22:05.387+0000] {logging_mixin.py:190} INFO - [2024-12-02T10:22:05.383+0000] {override.py:1911} INFO - Created Permission View: can create on DAG Run:example_skip_dag
[2024-12-02T10:22:05.570+0000] {logging_mixin.py:190} INFO - [2024-12-02T10:22:05.560+0000] {override.py:1911} INFO - Created Permission View: can delete on DAG Run:example_skip_dag
[2024-12-02T10:22:05.666+0000] {logging_mixin.py:190} INFO - [2024-12-02T10:22:05.664+0000] {override.py:1911} INFO - Created Permission View: can read on DAG Run:example_skip_dag
[2024-12-02T10:22:05.698+0000] {logging_mixin.py:190} INFO - [2024-12-02T10:22:05.672+0000] {dag.py:3239} INFO - Sync 1 DAGs
[2024-12-02T10:22:05.931+0000] {logging_mixin.py:190} INFO - [2024-12-02T10:22:05.930+0000] {dag.py:3262} INFO - Creating ORM DAG for example_skip_dag
[2024-12-02T10:22:06.107+0000] {logging_mixin.py:190} INFO - [2024-12-02T10:22:06.107+0000] {dag.py:4180} INFO - Setting next_dagrun for example_skip_dag to 2024-12-01 00:00:00+00:00, run_after=2024-12-02 00:00:00+00:00
[2024-12-02T10:22:06.256+0000] {processor.py:208} INFO - Processing /home/airflow/.local/lib/python3.12/site-packages/airflow/example_dags/example_skip_dag.py took 5.246 seconds
[2024-12-02T10:36:29.456+0000] {processor.py:186} INFO - Started process (PID=84) to work on /home/airflow/.local/lib/python3.12/site-packages/airflow/example_dags/example_skip_dag.py
[2024-12-02T10:36:29.466+0000] {processor.py:914} INFO - Processing file /home/airflow/.local/lib/python3.12/site-packages/airflow/example_dags/example_skip_dag.py for tasks to queue
[2024-12-02T10:36:29.470+0000] {logging_mixin.py:190} INFO - [2024-12-02T10:36:29.470+0000] {dagbag.py:588} INFO - Filling up the DagBag from /home/airflow/.local/lib/python3.12/site-packages/airflow/example_dags/example_skip_dag.py
[2024-12-02T10:36:29.493+0000] {processor.py:925} INFO - DAG(s) 'example_skip_dag' retrieved from /home/airflow/.local/lib/python3.12/site-packages/airflow/example_dags/example_skip_dag.py
[2024-12-02T10:36:29.600+0000] {logging_mixin.py:190} INFO - [2024-12-02T10:36:29.599+0000] {dag.py:3239} INFO - Sync 1 DAGs
[2024-12-02T10:36:29.701+0000] {logging_mixin.py:190} INFO - [2024-12-02T10:36:29.700+0000] {dag.py:4180} INFO - Setting next_dagrun for example_skip_dag to 2024-12-01 00:00:00+00:00, run_after=2024-12-02 00:00:00+00:00
[2024-12-02T10:36:29.770+0000] {processor.py:208} INFO - Processing /home/airflow/.local/lib/python3.12/site-packages/airflow/example_dags/example_skip_dag.py took 0.325 seconds
[2024-12-02T10:38:22.311+0000] {processor.py:186} INFO - Started process (PID=91) to work on /home/airflow/.local/lib/python3.12/site-packages/airflow/example_dags/example_skip_dag.py
[2024-12-02T10:38:22.313+0000] {processor.py:914} INFO - Processing file /home/airflow/.local/lib/python3.12/site-packages/airflow/example_dags/example_skip_dag.py for tasks to queue
[2024-12-02T10:38:22.315+0000] {logging_mixin.py:190} INFO - [2024-12-02T10:38:22.315+0000] {dagbag.py:588} INFO - Filling up the DagBag from /home/airflow/.local/lib/python3.12/site-packages/airflow/example_dags/example_skip_dag.py
[2024-12-02T10:38:22.354+0000] {processor.py:925} INFO - DAG(s) 'example_skip_dag' retrieved from /home/airflow/.local/lib/python3.12/site-packages/airflow/example_dags/example_skip_dag.py
[2024-12-02T10:38:22.480+0000] {logging_mixin.py:190} INFO - [2024-12-02T10:38:22.480+0000] {dag.py:3239} INFO - Sync 1 DAGs
[2024-12-02T10:38:22.593+0000] {logging_mixin.py:190} INFO - [2024-12-02T10:38:22.593+0000] {dag.py:4180} INFO - Setting next_dagrun for example_skip_dag to 2024-12-01 00:00:00+00:00, run_after=2024-12-02 00:00:00+00:00
[2024-12-02T10:38:22.720+0000] {processor.py:208} INFO - Processing /home/airflow/.local/lib/python3.12/site-packages/airflow/example_dags/example_skip_dag.py took 0.452 seconds
[2024-12-02T10:38:53.654+0000] {processor.py:186} INFO - Started process (PID=155) to work on /home/airflow/.local/lib/python3.12/site-packages/airflow/example_dags/example_skip_dag.py
[2024-12-02T10:38:53.655+0000] {processor.py:914} INFO - Processing file /home/airflow/.local/lib/python3.12/site-packages/airflow/example_dags/example_skip_dag.py for tasks to queue
[2024-12-02T10:38:53.657+0000] {logging_mixin.py:190} INFO - [2024-12-02T10:38:53.657+0000] {dagbag.py:588} INFO - Filling up the DagBag from /home/airflow/.local/lib/python3.12/site-packages/airflow/example_dags/example_skip_dag.py
[2024-12-02T10:38:53.664+0000] {processor.py:925} INFO - DAG(s) 'example_skip_dag' retrieved from /home/airflow/.local/lib/python3.12/site-packages/airflow/example_dags/example_skip_dag.py
[2024-12-02T10:38:53.680+0000] {logging_mixin.py:190} INFO - [2024-12-02T10:38:53.680+0000] {dag.py:3239} INFO - Sync 1 DAGs
[2024-12-02T10:38:53.697+0000] {logging_mixin.py:190} INFO - [2024-12-02T10:38:53.697+0000] {dag.py:4180} INFO - Setting next_dagrun for example_skip_dag to 2024-12-01 00:00:00+00:00, run_after=2024-12-02 00:00:00+00:00
[2024-12-02T10:38:53.717+0000] {processor.py:208} INFO - Processing /home/airflow/.local/lib/python3.12/site-packages/airflow/example_dags/example_skip_dag.py took 0.067 seconds
[2024-12-02T10:39:24.104+0000] {processor.py:186} INFO - Started process (PID=219) to work on /home/airflow/.local/lib/python3.12/site-packages/airflow/example_dags/example_skip_dag.py
[2024-12-02T10:39:24.113+0000] {processor.py:914} INFO - Processing file /home/airflow/.local/lib/python3.12/site-packages/airflow/example_dags/example_skip_dag.py for tasks to queue
[2024-12-02T10:39:24.115+0000] {logging_mixin.py:190} INFO - [2024-12-02T10:39:24.115+0000] {dagbag.py:588} INFO - Filling up the DagBag from /home/airflow/.local/lib/python3.12/site-packages/airflow/example_dags/example_skip_dag.py
[2024-12-02T10:39:24.122+0000] {processor.py:925} INFO - DAG(s) 'example_skip_dag' retrieved from /home/airflow/.local/lib/python3.12/site-packages/airflow/example_dags/example_skip_dag.py
[2024-12-02T10:39:24.144+0000] {logging_mixin.py:190} INFO - [2024-12-02T10:39:24.144+0000] {dag.py:3239} INFO - Sync 1 DAGs
[2024-12-02T10:39:24.195+0000] {logging_mixin.py:190} INFO - [2024-12-02T10:39:24.195+0000] {dag.py:4180} INFO - Setting next_dagrun for example_skip_dag to 2024-12-01 00:00:00+00:00, run_after=2024-12-02 00:00:00+00:00
[2024-12-02T10:39:24.208+0000] {processor.py:208} INFO - Processing /home/airflow/.local/lib/python3.12/site-packages/airflow/example_dags/example_skip_dag.py took 0.109 seconds
[2024-12-02T10:39:55.874+0000] {processor.py:186} INFO - Started process (PID=283) to work on /home/airflow/.local/lib/python3.12/site-packages/airflow/example_dags/example_skip_dag.py
[2024-12-02T10:39:55.875+0000] {processor.py:914} INFO - Processing file /home/airflow/.local/lib/python3.12/site-packages/airflow/example_dags/example_skip_dag.py for tasks to queue
[2024-12-02T10:39:55.877+0000] {logging_mixin.py:190} INFO - [2024-12-02T10:39:55.877+0000] {dagbag.py:588} INFO - Filling up the DagBag from /home/airflow/.local/lib/python3.12/site-packages/airflow/example_dags/example_skip_dag.py
[2024-12-02T10:39:55.892+0000] {processor.py:925} INFO - DAG(s) 'example_skip_dag' retrieved from /home/airflow/.local/lib/python3.12/site-packages/airflow/example_dags/example_skip_dag.py
[2024-12-02T10:39:55.951+0000] {logging_mixin.py:190} INFO - [2024-12-02T10:39:55.951+0000] {dag.py:3239} INFO - Sync 1 DAGs
[2024-12-02T10:39:55.980+0000] {logging_mixin.py:190} INFO - [2024-12-02T10:39:55.979+0000] {dag.py:4180} INFO - Setting next_dagrun for example_skip_dag to 2024-12-01 00:00:00+00:00, run_after=2024-12-02 00:00:00+00:00
[2024-12-02T10:39:56.013+0000] {processor.py:208} INFO - Processing /home/airflow/.local/lib/python3.12/site-packages/airflow/example_dags/example_skip_dag.py took 0.148 seconds
[2024-12-02T10:40:32.888+0000] {processor.py:186} INFO - Started process (PID=347) to work on /home/airflow/.local/lib/python3.12/site-packages/airflow/example_dags/example_skip_dag.py
[2024-12-02T10:40:32.898+0000] {processor.py:914} INFO - Processing file /home/airflow/.local/lib/python3.12/site-packages/airflow/example_dags/example_skip_dag.py for tasks to queue
[2024-12-02T10:40:32.903+0000] {logging_mixin.py:190} INFO - [2024-12-02T10:40:32.903+0000] {dagbag.py:588} INFO - Filling up the DagBag from /home/airflow/.local/lib/python3.12/site-packages/airflow/example_dags/example_skip_dag.py
[2024-12-02T10:40:32.926+0000] {processor.py:925} INFO - DAG(s) 'example_skip_dag' retrieved from /home/airflow/.local/lib/python3.12/site-packages/airflow/example_dags/example_skip_dag.py
[2024-12-02T10:40:32.992+0000] {logging_mixin.py:190} INFO - [2024-12-02T10:40:32.992+0000] {dag.py:3239} INFO - Sync 1 DAGs
[2024-12-02T10:40:33.053+0000] {logging_mixin.py:190} INFO - [2024-12-02T10:40:33.053+0000] {dag.py:4180} INFO - Setting next_dagrun for example_skip_dag to 2024-12-01 00:00:00+00:00, run_after=2024-12-02 00:00:00+00:00
[2024-12-02T10:40:33.104+0000] {processor.py:208} INFO - Processing /home/airflow/.local/lib/python3.12/site-packages/airflow/example_dags/example_skip_dag.py took 0.226 seconds
[2024-12-02T10:42:09.302+0000] {processor.py:186} INFO - Started process (PID=85) to work on /home/airflow/.local/lib/python3.12/site-packages/airflow/example_dags/example_skip_dag.py
[2024-12-02T10:42:09.312+0000] {processor.py:914} INFO - Processing file /home/airflow/.local/lib/python3.12/site-packages/airflow/example_dags/example_skip_dag.py for tasks to queue
[2024-12-02T10:42:09.314+0000] {logging_mixin.py:190} INFO - [2024-12-02T10:42:09.313+0000] {dagbag.py:588} INFO - Filling up the DagBag from /home/airflow/.local/lib/python3.12/site-packages/airflow/example_dags/example_skip_dag.py
[2024-12-02T10:42:09.338+0000] {processor.py:925} INFO - DAG(s) 'example_skip_dag' retrieved from /home/airflow/.local/lib/python3.12/site-packages/airflow/example_dags/example_skip_dag.py
[2024-12-02T10:42:09.389+0000] {logging_mixin.py:190} INFO - [2024-12-02T10:42:09.388+0000] {dag.py:3239} INFO - Sync 1 DAGs
[2024-12-02T10:42:09.413+0000] {logging_mixin.py:190} INFO - [2024-12-02T10:42:09.413+0000] {dag.py:4180} INFO - Setting next_dagrun for example_skip_dag to 2024-12-01 00:00:00+00:00, run_after=2024-12-02 00:00:00+00:00
[2024-12-02T10:42:09.438+0000] {processor.py:208} INFO - Processing /home/airflow/.local/lib/python3.12/site-packages/airflow/example_dags/example_skip_dag.py took 0.141 seconds
[2024-12-02T10:42:43.257+0000] {processor.py:186} INFO - Started process (PID=148) to work on /home/airflow/.local/lib/python3.12/site-packages/airflow/example_dags/example_skip_dag.py
[2024-12-02T10:42:43.259+0000] {processor.py:914} INFO - Processing file /home/airflow/.local/lib/python3.12/site-packages/airflow/example_dags/example_skip_dag.py for tasks to queue
[2024-12-02T10:42:43.260+0000] {logging_mixin.py:190} INFO - [2024-12-02T10:42:43.260+0000] {dagbag.py:588} INFO - Filling up the DagBag from /home/airflow/.local/lib/python3.12/site-packages/airflow/example_dags/example_skip_dag.py
[2024-12-02T10:42:43.267+0000] {processor.py:925} INFO - DAG(s) 'example_skip_dag' retrieved from /home/airflow/.local/lib/python3.12/site-packages/airflow/example_dags/example_skip_dag.py
[2024-12-02T10:42:43.281+0000] {logging_mixin.py:190} INFO - [2024-12-02T10:42:43.281+0000] {dag.py:3239} INFO - Sync 1 DAGs
[2024-12-02T10:42:43.311+0000] {logging_mixin.py:190} INFO - [2024-12-02T10:42:43.311+0000] {dag.py:4180} INFO - Setting next_dagrun for example_skip_dag to 2024-12-01 00:00:00+00:00, run_after=2024-12-02 00:00:00+00:00
[2024-12-02T10:42:43.331+0000] {processor.py:208} INFO - Processing /home/airflow/.local/lib/python3.12/site-packages/airflow/example_dags/example_skip_dag.py took 0.079 seconds
[2024-12-02T10:43:17.280+0000] {processor.py:186} INFO - Started process (PID=212) to work on /home/airflow/.local/lib/python3.12/site-packages/airflow/example_dags/example_skip_dag.py
[2024-12-02T10:43:17.295+0000] {processor.py:914} INFO - Processing file /home/airflow/.local/lib/python3.12/site-packages/airflow/example_dags/example_skip_dag.py for tasks to queue
[2024-12-02T10:43:17.296+0000] {logging_mixin.py:190} INFO - [2024-12-02T10:43:17.296+0000] {dagbag.py:588} INFO - Filling up the DagBag from /home/airflow/.local/lib/python3.12/site-packages/airflow/example_dags/example_skip_dag.py
[2024-12-02T10:43:17.316+0000] {processor.py:925} INFO - DAG(s) 'example_skip_dag' retrieved from /home/airflow/.local/lib/python3.12/site-packages/airflow/example_dags/example_skip_dag.py
[2024-12-02T10:43:17.341+0000] {logging_mixin.py:190} INFO - [2024-12-02T10:43:17.341+0000] {dag.py:3239} INFO - Sync 1 DAGs
[2024-12-02T10:43:17.367+0000] {logging_mixin.py:190} INFO - [2024-12-02T10:43:17.367+0000] {dag.py:4180} INFO - Setting next_dagrun for example_skip_dag to 2024-12-01 00:00:00+00:00, run_after=2024-12-02 00:00:00+00:00
[2024-12-02T10:43:17.386+0000] {processor.py:208} INFO - Processing /home/airflow/.local/lib/python3.12/site-packages/airflow/example_dags/example_skip_dag.py took 0.110 seconds
[2024-12-02T10:43:48.420+0000] {processor.py:186} INFO - Started process (PID=275) to work on /home/airflow/.local/lib/python3.12/site-packages/airflow/example_dags/example_skip_dag.py
[2024-12-02T10:43:48.422+0000] {processor.py:914} INFO - Processing file /home/airflow/.local/lib/python3.12/site-packages/airflow/example_dags/example_skip_dag.py for tasks to queue
[2024-12-02T10:43:48.424+0000] {logging_mixin.py:190} INFO - [2024-12-02T10:43:48.423+0000] {dagbag.py:588} INFO - Filling up the DagBag from /home/airflow/.local/lib/python3.12/site-packages/airflow/example_dags/example_skip_dag.py
[2024-12-02T10:43:48.466+0000] {processor.py:925} INFO - DAG(s) 'example_skip_dag' retrieved from /home/airflow/.local/lib/python3.12/site-packages/airflow/example_dags/example_skip_dag.py
[2024-12-02T10:43:48.521+0000] {logging_mixin.py:190} INFO - [2024-12-02T10:43:48.521+0000] {dag.py:3239} INFO - Sync 1 DAGs
[2024-12-02T10:43:48.570+0000] {logging_mixin.py:190} INFO - [2024-12-02T10:43:48.570+0000] {dag.py:4180} INFO - Setting next_dagrun for example_skip_dag to 2024-12-01 00:00:00+00:00, run_after=2024-12-02 00:00:00+00:00
[2024-12-02T10:43:51.558+0000] {processor.py:208} INFO - Processing /home/airflow/.local/lib/python3.12/site-packages/airflow/example_dags/example_skip_dag.py took 0.217 seconds
[2024-12-02T10:44:22.265+0000] {processor.py:186} INFO - Started process (PID=339) to work on /home/airflow/.local/lib/python3.12/site-packages/airflow/example_dags/example_skip_dag.py
[2024-12-02T10:44:22.282+0000] {processor.py:914} INFO - Processing file /home/airflow/.local/lib/python3.12/site-packages/airflow/example_dags/example_skip_dag.py for tasks to queue
[2024-12-02T10:44:22.284+0000] {logging_mixin.py:190} INFO - [2024-12-02T10:44:22.284+0000] {dagbag.py:588} INFO - Filling up the DagBag from /home/airflow/.local/lib/python3.12/site-packages/airflow/example_dags/example_skip_dag.py
[2024-12-02T10:44:22.345+0000] {processor.py:925} INFO - DAG(s) 'example_skip_dag' retrieved from /home/airflow/.local/lib/python3.12/site-packages/airflow/example_dags/example_skip_dag.py
[2024-12-02T10:44:22.409+0000] {logging_mixin.py:190} INFO - [2024-12-02T10:44:22.409+0000] {dag.py:3239} INFO - Sync 1 DAGs
[2024-12-02T10:44:22.483+0000] {logging_mixin.py:190} INFO - [2024-12-02T10:44:22.483+0000] {dag.py:4180} INFO - Setting next_dagrun for example_skip_dag to 2024-12-01 00:00:00+00:00, run_after=2024-12-02 00:00:00+00:00
[2024-12-02T10:44:22.537+0000] {processor.py:208} INFO - Processing /home/airflow/.local/lib/python3.12/site-packages/airflow/example_dags/example_skip_dag.py took 0.276 seconds
[2024-12-02T10:44:53.402+0000] {processor.py:186} INFO - Started process (PID=403) to work on /home/airflow/.local/lib/python3.12/site-packages/airflow/example_dags/example_skip_dag.py
[2024-12-02T10:44:53.403+0000] {processor.py:914} INFO - Processing file /home/airflow/.local/lib/python3.12/site-packages/airflow/example_dags/example_skip_dag.py for tasks to queue
[2024-12-02T10:44:53.406+0000] {logging_mixin.py:190} INFO - [2024-12-02T10:44:53.406+0000] {dagbag.py:588} INFO - Filling up the DagBag from /home/airflow/.local/lib/python3.12/site-packages/airflow/example_dags/example_skip_dag.py
[2024-12-02T10:44:53.413+0000] {processor.py:925} INFO - DAG(s) 'example_skip_dag' retrieved from /home/airflow/.local/lib/python3.12/site-packages/airflow/example_dags/example_skip_dag.py
[2024-12-02T10:44:53.429+0000] {logging_mixin.py:190} INFO - [2024-12-02T10:44:53.429+0000] {dag.py:3239} INFO - Sync 1 DAGs
[2024-12-02T10:44:53.449+0000] {logging_mixin.py:190} INFO - [2024-12-02T10:44:53.449+0000] {dag.py:4180} INFO - Setting next_dagrun for example_skip_dag to 2024-12-01 00:00:00+00:00, run_after=2024-12-02 00:00:00+00:00
[2024-12-02T10:44:53.467+0000] {processor.py:208} INFO - Processing /home/airflow/.local/lib/python3.12/site-packages/airflow/example_dags/example_skip_dag.py took 0.068 seconds
[2024-12-02T10:45:23.702+0000] {processor.py:186} INFO - Started process (PID=467) to work on /home/airflow/.local/lib/python3.12/site-packages/airflow/example_dags/example_skip_dag.py
[2024-12-02T10:45:23.703+0000] {processor.py:914} INFO - Processing file /home/airflow/.local/lib/python3.12/site-packages/airflow/example_dags/example_skip_dag.py for tasks to queue
[2024-12-02T10:45:23.705+0000] {logging_mixin.py:190} INFO - [2024-12-02T10:45:23.705+0000] {dagbag.py:588} INFO - Filling up the DagBag from /home/airflow/.local/lib/python3.12/site-packages/airflow/example_dags/example_skip_dag.py
[2024-12-02T10:45:23.711+0000] {processor.py:925} INFO - DAG(s) 'example_skip_dag' retrieved from /home/airflow/.local/lib/python3.12/site-packages/airflow/example_dags/example_skip_dag.py
[2024-12-02T10:45:23.725+0000] {logging_mixin.py:190} INFO - [2024-12-02T10:45:23.725+0000] {dag.py:3239} INFO - Sync 1 DAGs
[2024-12-02T10:45:23.741+0000] {logging_mixin.py:190} INFO - [2024-12-02T10:45:23.741+0000] {dag.py:4180} INFO - Setting next_dagrun for example_skip_dag to 2024-12-01 00:00:00+00:00, run_after=2024-12-02 00:00:00+00:00
[2024-12-02T10:45:23.754+0000] {processor.py:208} INFO - Processing /home/airflow/.local/lib/python3.12/site-packages/airflow/example_dags/example_skip_dag.py took 0.057 seconds
[2024-12-02T10:45:54.125+0000] {processor.py:186} INFO - Started process (PID=531) to work on /home/airflow/.local/lib/python3.12/site-packages/airflow/example_dags/example_skip_dag.py
[2024-12-02T10:45:54.125+0000] {processor.py:914} INFO - Processing file /home/airflow/.local/lib/python3.12/site-packages/airflow/example_dags/example_skip_dag.py for tasks to queue
[2024-12-02T10:45:54.127+0000] {logging_mixin.py:190} INFO - [2024-12-02T10:45:54.127+0000] {dagbag.py:588} INFO - Filling up the DagBag from /home/airflow/.local/lib/python3.12/site-packages/airflow/example_dags/example_skip_dag.py
[2024-12-02T10:45:54.133+0000] {processor.py:925} INFO - DAG(s) 'example_skip_dag' retrieved from /home/airflow/.local/lib/python3.12/site-packages/airflow/example_dags/example_skip_dag.py
[2024-12-02T10:45:54.147+0000] {logging_mixin.py:190} INFO - [2024-12-02T10:45:54.147+0000] {dag.py:3239} INFO - Sync 1 DAGs
[2024-12-02T10:45:54.164+0000] {logging_mixin.py:190} INFO - [2024-12-02T10:45:54.164+0000] {dag.py:4180} INFO - Setting next_dagrun for example_skip_dag to 2024-12-01 00:00:00+00:00, run_after=2024-12-02 00:00:00+00:00
[2024-12-02T10:45:54.178+0000] {processor.py:208} INFO - Processing /home/airflow/.local/lib/python3.12/site-packages/airflow/example_dags/example_skip_dag.py took 0.057 seconds
[2024-12-02T10:46:25.082+0000] {processor.py:186} INFO - Started process (PID=594) to work on /home/airflow/.local/lib/python3.12/site-packages/airflow/example_dags/example_skip_dag.py
[2024-12-02T10:46:25.094+0000] {processor.py:914} INFO - Processing file /home/airflow/.local/lib/python3.12/site-packages/airflow/example_dags/example_skip_dag.py for tasks to queue
[2024-12-02T10:46:25.098+0000] {logging_mixin.py:190} INFO - [2024-12-02T10:46:25.096+0000] {dagbag.py:588} INFO - Filling up the DagBag from /home/airflow/.local/lib/python3.12/site-packages/airflow/example_dags/example_skip_dag.py
[2024-12-02T10:46:25.108+0000] {processor.py:925} INFO - DAG(s) 'example_skip_dag' retrieved from /home/airflow/.local/lib/python3.12/site-packages/airflow/example_dags/example_skip_dag.py
[2024-12-02T10:46:25.125+0000] {logging_mixin.py:190} INFO - [2024-12-02T10:46:25.125+0000] {dag.py:3239} INFO - Sync 1 DAGs
[2024-12-02T10:46:25.147+0000] {logging_mixin.py:190} INFO - [2024-12-02T10:46:25.147+0000] {dag.py:4180} INFO - Setting next_dagrun for example_skip_dag to 2024-12-01 00:00:00+00:00, run_after=2024-12-02 00:00:00+00:00
[2024-12-02T10:46:25.183+0000] {processor.py:208} INFO - Processing /home/airflow/.local/lib/python3.12/site-packages/airflow/example_dags/example_skip_dag.py took 0.106 seconds
[2024-12-02T10:46:56.007+0000] {processor.py:186} INFO - Started process (PID=652) to work on /home/airflow/.local/lib/python3.12/site-packages/airflow/example_dags/example_skip_dag.py
[2024-12-02T10:46:56.014+0000] {processor.py:914} INFO - Processing file /home/airflow/.local/lib/python3.12/site-packages/airflow/example_dags/example_skip_dag.py for tasks to queue
[2024-12-02T10:46:56.016+0000] {logging_mixin.py:190} INFO - [2024-12-02T10:46:56.016+0000] {dagbag.py:588} INFO - Filling up the DagBag from /home/airflow/.local/lib/python3.12/site-packages/airflow/example_dags/example_skip_dag.py
[2024-12-02T10:46:56.023+0000] {processor.py:925} INFO - DAG(s) 'example_skip_dag' retrieved from /home/airflow/.local/lib/python3.12/site-packages/airflow/example_dags/example_skip_dag.py
[2024-12-02T10:46:56.041+0000] {logging_mixin.py:190} INFO - [2024-12-02T10:46:56.039+0000] {dag.py:3239} INFO - Sync 1 DAGs
[2024-12-02T10:46:56.082+0000] {logging_mixin.py:190} INFO - [2024-12-02T10:46:56.082+0000] {dag.py:4180} INFO - Setting next_dagrun for example_skip_dag to 2024-12-01 00:00:00+00:00, run_after=2024-12-02 00:00:00+00:00
[2024-12-02T10:46:56.145+0000] {processor.py:208} INFO - Processing /home/airflow/.local/lib/python3.12/site-packages/airflow/example_dags/example_skip_dag.py took 0.143 seconds
[2024-12-02T10:58:16.704+0000] {processor.py:186} INFO - Started process (PID=91) to work on /home/airflow/.local/lib/python3.12/site-packages/airflow/example_dags/example_skip_dag.py
[2024-12-02T10:58:16.712+0000] {processor.py:914} INFO - Processing file /home/airflow/.local/lib/python3.12/site-packages/airflow/example_dags/example_skip_dag.py for tasks to queue
[2024-12-02T10:58:16.714+0000] {logging_mixin.py:190} INFO - [2024-12-02T10:58:16.714+0000] {dagbag.py:588} INFO - Filling up the DagBag from /home/airflow/.local/lib/python3.12/site-packages/airflow/example_dags/example_skip_dag.py
[2024-12-02T10:58:16.747+0000] {processor.py:925} INFO - DAG(s) 'example_skip_dag' retrieved from /home/airflow/.local/lib/python3.12/site-packages/airflow/example_dags/example_skip_dag.py
[2024-12-02T10:58:16.825+0000] {logging_mixin.py:190} INFO - [2024-12-02T10:58:16.825+0000] {dag.py:3239} INFO - Sync 1 DAGs
[2024-12-02T10:58:16.915+0000] {logging_mixin.py:190} INFO - [2024-12-02T10:58:16.915+0000] {dag.py:4180} INFO - Setting next_dagrun for example_skip_dag to 2024-12-01 00:00:00+00:00, run_after=2024-12-02 00:00:00+00:00
[2024-12-02T10:58:17.006+0000] {processor.py:208} INFO - Processing /home/airflow/.local/lib/python3.12/site-packages/airflow/example_dags/example_skip_dag.py took 0.327 seconds
[2024-12-02T10:58:49.504+0000] {processor.py:186} INFO - Started process (PID=155) to work on /home/airflow/.local/lib/python3.12/site-packages/airflow/example_dags/example_skip_dag.py
[2024-12-02T10:58:49.518+0000] {processor.py:914} INFO - Processing file /home/airflow/.local/lib/python3.12/site-packages/airflow/example_dags/example_skip_dag.py for tasks to queue
[2024-12-02T10:58:49.537+0000] {logging_mixin.py:190} INFO - [2024-12-02T10:58:49.537+0000] {dagbag.py:588} INFO - Filling up the DagBag from /home/airflow/.local/lib/python3.12/site-packages/airflow/example_dags/example_skip_dag.py
[2024-12-02T10:58:49.555+0000] {processor.py:925} INFO - DAG(s) 'example_skip_dag' retrieved from /home/airflow/.local/lib/python3.12/site-packages/airflow/example_dags/example_skip_dag.py
[2024-12-02T10:58:49.583+0000] {logging_mixin.py:190} INFO - [2024-12-02T10:58:49.583+0000] {dag.py:3239} INFO - Sync 1 DAGs
[2024-12-02T10:58:49.712+0000] {logging_mixin.py:190} INFO - [2024-12-02T10:58:49.711+0000] {dag.py:4180} INFO - Setting next_dagrun for example_skip_dag to 2024-12-01 00:00:00+00:00, run_after=2024-12-02 00:00:00+00:00
[2024-12-02T10:58:49.863+0000] {processor.py:208} INFO - Processing /home/airflow/.local/lib/python3.12/site-packages/airflow/example_dags/example_skip_dag.py took 0.364 seconds
[2024-12-02T10:59:20.654+0000] {processor.py:186} INFO - Started process (PID=219) to work on /home/airflow/.local/lib/python3.12/site-packages/airflow/example_dags/example_skip_dag.py
[2024-12-02T10:59:20.654+0000] {processor.py:914} INFO - Processing file /home/airflow/.local/lib/python3.12/site-packages/airflow/example_dags/example_skip_dag.py for tasks to queue
[2024-12-02T10:59:20.656+0000] {logging_mixin.py:190} INFO - [2024-12-02T10:59:20.656+0000] {dagbag.py:588} INFO - Filling up the DagBag from /home/airflow/.local/lib/python3.12/site-packages/airflow/example_dags/example_skip_dag.py
[2024-12-02T10:59:20.662+0000] {processor.py:925} INFO - DAG(s) 'example_skip_dag' retrieved from /home/airflow/.local/lib/python3.12/site-packages/airflow/example_dags/example_skip_dag.py
[2024-12-02T10:59:20.683+0000] {logging_mixin.py:190} INFO - [2024-12-02T10:59:20.683+0000] {dag.py:3239} INFO - Sync 1 DAGs
[2024-12-02T10:59:20.700+0000] {logging_mixin.py:190} INFO - [2024-12-02T10:59:20.700+0000] {dag.py:4180} INFO - Setting next_dagrun for example_skip_dag to 2024-12-01 00:00:00+00:00, run_after=2024-12-02 00:00:00+00:00
[2024-12-02T10:59:20.740+0000] {processor.py:208} INFO - Processing /home/airflow/.local/lib/python3.12/site-packages/airflow/example_dags/example_skip_dag.py took 0.091 seconds
[2024-12-02T10:59:50.865+0000] {processor.py:186} INFO - Started process (PID=282) to work on /home/airflow/.local/lib/python3.12/site-packages/airflow/example_dags/example_skip_dag.py
[2024-12-02T10:59:50.872+0000] {processor.py:914} INFO - Processing file /home/airflow/.local/lib/python3.12/site-packages/airflow/example_dags/example_skip_dag.py for tasks to queue
[2024-12-02T10:59:50.874+0000] {logging_mixin.py:190} INFO - [2024-12-02T10:59:50.873+0000] {dagbag.py:588} INFO - Filling up the DagBag from /home/airflow/.local/lib/python3.12/site-packages/airflow/example_dags/example_skip_dag.py
[2024-12-02T10:59:50.885+0000] {processor.py:925} INFO - DAG(s) 'example_skip_dag' retrieved from /home/airflow/.local/lib/python3.12/site-packages/airflow/example_dags/example_skip_dag.py
[2024-12-02T10:59:50.920+0000] {logging_mixin.py:190} INFO - [2024-12-02T10:59:50.920+0000] {dag.py:3239} INFO - Sync 1 DAGs
[2024-12-02T10:59:50.952+0000] {logging_mixin.py:190} INFO - [2024-12-02T10:59:50.952+0000] {dag.py:4180} INFO - Setting next_dagrun for example_skip_dag to 2024-12-01 00:00:00+00:00, run_after=2024-12-02 00:00:00+00:00
[2024-12-02T10:59:50.981+0000] {processor.py:208} INFO - Processing /home/airflow/.local/lib/python3.12/site-packages/airflow/example_dags/example_skip_dag.py took 0.121 seconds
[2024-12-02T11:00:21.287+0000] {processor.py:186} INFO - Started process (PID=345) to work on /home/airflow/.local/lib/python3.12/site-packages/airflow/example_dags/example_skip_dag.py
[2024-12-02T11:00:21.292+0000] {processor.py:914} INFO - Processing file /home/airflow/.local/lib/python3.12/site-packages/airflow/example_dags/example_skip_dag.py for tasks to queue
[2024-12-02T11:00:21.293+0000] {logging_mixin.py:190} INFO - [2024-12-02T11:00:21.293+0000] {dagbag.py:588} INFO - Filling up the DagBag from /home/airflow/.local/lib/python3.12/site-packages/airflow/example_dags/example_skip_dag.py
[2024-12-02T11:00:21.299+0000] {processor.py:925} INFO - DAG(s) 'example_skip_dag' retrieved from /home/airflow/.local/lib/python3.12/site-packages/airflow/example_dags/example_skip_dag.py
[2024-12-02T11:00:21.323+0000] {logging_mixin.py:190} INFO - [2024-12-02T11:00:21.323+0000] {dag.py:3239} INFO - Sync 1 DAGs
[2024-12-02T11:00:21.346+0000] {logging_mixin.py:190} INFO - [2024-12-02T11:00:21.346+0000] {dag.py:4180} INFO - Setting next_dagrun for example_skip_dag to 2024-12-01 00:00:00+00:00, run_after=2024-12-02 00:00:00+00:00
[2024-12-02T11:00:21.361+0000] {processor.py:208} INFO - Processing /home/airflow/.local/lib/python3.12/site-packages/airflow/example_dags/example_skip_dag.py took 0.078 seconds
[2024-12-02T11:00:51.729+0000] {processor.py:186} INFO - Started process (PID=409) to work on /home/airflow/.local/lib/python3.12/site-packages/airflow/example_dags/example_skip_dag.py
[2024-12-02T11:00:51.733+0000] {processor.py:914} INFO - Processing file /home/airflow/.local/lib/python3.12/site-packages/airflow/example_dags/example_skip_dag.py for tasks to queue
[2024-12-02T11:00:51.735+0000] {logging_mixin.py:190} INFO - [2024-12-02T11:00:51.735+0000] {dagbag.py:588} INFO - Filling up the DagBag from /home/airflow/.local/lib/python3.12/site-packages/airflow/example_dags/example_skip_dag.py
[2024-12-02T11:00:51.754+0000] {processor.py:925} INFO - DAG(s) 'example_skip_dag' retrieved from /home/airflow/.local/lib/python3.12/site-packages/airflow/example_dags/example_skip_dag.py
[2024-12-02T11:00:51.779+0000] {logging_mixin.py:190} INFO - [2024-12-02T11:00:51.779+0000] {dag.py:3239} INFO - Sync 1 DAGs
[2024-12-02T11:00:51.812+0000] {logging_mixin.py:190} INFO - [2024-12-02T11:00:51.812+0000] {dag.py:4180} INFO - Setting next_dagrun for example_skip_dag to 2024-12-01 00:00:00+00:00, run_after=2024-12-02 00:00:00+00:00
[2024-12-02T11:00:51.842+0000] {processor.py:208} INFO - Processing /home/airflow/.local/lib/python3.12/site-packages/airflow/example_dags/example_skip_dag.py took 0.120 seconds
[2024-12-02T11:01:22.293+0000] {processor.py:186} INFO - Started process (PID=473) to work on /home/airflow/.local/lib/python3.12/site-packages/airflow/example_dags/example_skip_dag.py
[2024-12-02T11:01:22.293+0000] {processor.py:914} INFO - Processing file /home/airflow/.local/lib/python3.12/site-packages/airflow/example_dags/example_skip_dag.py for tasks to queue
[2024-12-02T11:01:22.297+0000] {logging_mixin.py:190} INFO - [2024-12-02T11:01:22.297+0000] {dagbag.py:588} INFO - Filling up the DagBag from /home/airflow/.local/lib/python3.12/site-packages/airflow/example_dags/example_skip_dag.py
[2024-12-02T11:01:22.304+0000] {processor.py:925} INFO - DAG(s) 'example_skip_dag' retrieved from /home/airflow/.local/lib/python3.12/site-packages/airflow/example_dags/example_skip_dag.py
[2024-12-02T11:01:22.336+0000] {logging_mixin.py:190} INFO - [2024-12-02T11:01:22.336+0000] {dag.py:3239} INFO - Sync 1 DAGs
[2024-12-02T11:01:22.393+0000] {logging_mixin.py:190} INFO - [2024-12-02T11:01:22.393+0000] {dag.py:4180} INFO - Setting next_dagrun for example_skip_dag to 2024-12-01 00:00:00+00:00, run_after=2024-12-02 00:00:00+00:00
[2024-12-02T11:01:22.421+0000] {processor.py:208} INFO - Processing /home/airflow/.local/lib/python3.12/site-packages/airflow/example_dags/example_skip_dag.py took 0.135 seconds
[2024-12-02T11:01:52.741+0000] {processor.py:186} INFO - Started process (PID=537) to work on /home/airflow/.local/lib/python3.12/site-packages/airflow/example_dags/example_skip_dag.py
[2024-12-02T11:01:52.742+0000] {processor.py:914} INFO - Processing file /home/airflow/.local/lib/python3.12/site-packages/airflow/example_dags/example_skip_dag.py for tasks to queue
[2024-12-02T11:01:52.746+0000] {logging_mixin.py:190} INFO - [2024-12-02T11:01:52.746+0000] {dagbag.py:588} INFO - Filling up the DagBag from /home/airflow/.local/lib/python3.12/site-packages/airflow/example_dags/example_skip_dag.py
[2024-12-02T11:01:52.762+0000] {processor.py:925} INFO - DAG(s) 'example_skip_dag' retrieved from /home/airflow/.local/lib/python3.12/site-packages/airflow/example_dags/example_skip_dag.py
[2024-12-02T11:01:52.781+0000] {logging_mixin.py:190} INFO - [2024-12-02T11:01:52.781+0000] {dag.py:3239} INFO - Sync 1 DAGs
[2024-12-02T11:01:52.799+0000] {logging_mixin.py:190} INFO - [2024-12-02T11:01:52.799+0000] {dag.py:4180} INFO - Setting next_dagrun for example_skip_dag to 2024-12-01 00:00:00+00:00, run_after=2024-12-02 00:00:00+00:00
[2024-12-02T11:01:52.818+0000] {processor.py:208} INFO - Processing /home/airflow/.local/lib/python3.12/site-packages/airflow/example_dags/example_skip_dag.py took 0.088 seconds
[2024-12-02T11:02:23.636+0000] {processor.py:186} INFO - Started process (PID=600) to work on /home/airflow/.local/lib/python3.12/site-packages/airflow/example_dags/example_skip_dag.py
[2024-12-02T11:02:23.637+0000] {processor.py:914} INFO - Processing file /home/airflow/.local/lib/python3.12/site-packages/airflow/example_dags/example_skip_dag.py for tasks to queue
[2024-12-02T11:02:23.639+0000] {logging_mixin.py:190} INFO - [2024-12-02T11:02:23.639+0000] {dagbag.py:588} INFO - Filling up the DagBag from /home/airflow/.local/lib/python3.12/site-packages/airflow/example_dags/example_skip_dag.py
[2024-12-02T11:02:23.645+0000] {processor.py:925} INFO - DAG(s) 'example_skip_dag' retrieved from /home/airflow/.local/lib/python3.12/site-packages/airflow/example_dags/example_skip_dag.py
[2024-12-02T11:02:23.660+0000] {logging_mixin.py:190} INFO - [2024-12-02T11:02:23.659+0000] {dag.py:3239} INFO - Sync 1 DAGs
[2024-12-02T11:02:23.676+0000] {logging_mixin.py:190} INFO - [2024-12-02T11:02:23.676+0000] {dag.py:4180} INFO - Setting next_dagrun for example_skip_dag to 2024-12-01 00:00:00+00:00, run_after=2024-12-02 00:00:00+00:00
[2024-12-02T11:02:23.690+0000] {processor.py:208} INFO - Processing /home/airflow/.local/lib/python3.12/site-packages/airflow/example_dags/example_skip_dag.py took 0.061 seconds
[2024-12-02T11:02:54.621+0000] {processor.py:186} INFO - Started process (PID=664) to work on /home/airflow/.local/lib/python3.12/site-packages/airflow/example_dags/example_skip_dag.py
[2024-12-02T11:02:54.623+0000] {processor.py:914} INFO - Processing file /home/airflow/.local/lib/python3.12/site-packages/airflow/example_dags/example_skip_dag.py for tasks to queue
[2024-12-02T11:02:54.626+0000] {logging_mixin.py:190} INFO - [2024-12-02T11:02:54.626+0000] {dagbag.py:588} INFO - Filling up the DagBag from /home/airflow/.local/lib/python3.12/site-packages/airflow/example_dags/example_skip_dag.py
[2024-12-02T11:02:54.651+0000] {processor.py:925} INFO - DAG(s) 'example_skip_dag' retrieved from /home/airflow/.local/lib/python3.12/site-packages/airflow/example_dags/example_skip_dag.py
[2024-12-02T11:02:54.683+0000] {logging_mixin.py:190} INFO - [2024-12-02T11:02:54.683+0000] {dag.py:3239} INFO - Sync 1 DAGs
[2024-12-02T11:02:54.779+0000] {logging_mixin.py:190} INFO - [2024-12-02T11:02:54.778+0000] {dag.py:4180} INFO - Setting next_dagrun for example_skip_dag to 2024-12-01 00:00:00+00:00, run_after=2024-12-02 00:00:00+00:00
[2024-12-02T11:02:54.815+0000] {processor.py:208} INFO - Processing /home/airflow/.local/lib/python3.12/site-packages/airflow/example_dags/example_skip_dag.py took 0.224 seconds
[2024-12-02T11:03:28.541+0000] {processor.py:186} INFO - Started process (PID=727) to work on /home/airflow/.local/lib/python3.12/site-packages/airflow/example_dags/example_skip_dag.py
[2024-12-02T11:03:28.564+0000] {processor.py:914} INFO - Processing file /home/airflow/.local/lib/python3.12/site-packages/airflow/example_dags/example_skip_dag.py for tasks to queue
[2024-12-02T11:03:28.574+0000] {logging_mixin.py:190} INFO - [2024-12-02T11:03:28.574+0000] {dagbag.py:588} INFO - Filling up the DagBag from /home/airflow/.local/lib/python3.12/site-packages/airflow/example_dags/example_skip_dag.py
[2024-12-02T11:03:28.602+0000] {processor.py:925} INFO - DAG(s) 'example_skip_dag' retrieved from /home/airflow/.local/lib/python3.12/site-packages/airflow/example_dags/example_skip_dag.py
[2024-12-02T11:03:28.869+0000] {logging_mixin.py:190} INFO - [2024-12-02T11:03:28.868+0000] {dag.py:3239} INFO - Sync 1 DAGs
[2024-12-02T11:03:29.101+0000] {logging_mixin.py:190} INFO - [2024-12-02T11:03:29.101+0000] {dag.py:4180} INFO - Setting next_dagrun for example_skip_dag to 2024-12-01 00:00:00+00:00, run_after=2024-12-02 00:00:00+00:00
[2024-12-02T11:03:29.263+0000] {processor.py:208} INFO - Processing /home/airflow/.local/lib/python3.12/site-packages/airflow/example_dags/example_skip_dag.py took 0.727 seconds
[2024-12-02T11:03:59.315+0000] {processor.py:186} INFO - Started process (PID=792) to work on /home/airflow/.local/lib/python3.12/site-packages/airflow/example_dags/example_skip_dag.py
[2024-12-02T11:03:59.317+0000] {processor.py:914} INFO - Processing file /home/airflow/.local/lib/python3.12/site-packages/airflow/example_dags/example_skip_dag.py for tasks to queue
[2024-12-02T11:03:59.319+0000] {logging_mixin.py:190} INFO - [2024-12-02T11:03:59.318+0000] {dagbag.py:588} INFO - Filling up the DagBag from /home/airflow/.local/lib/python3.12/site-packages/airflow/example_dags/example_skip_dag.py
[2024-12-02T11:03:59.324+0000] {processor.py:925} INFO - DAG(s) 'example_skip_dag' retrieved from /home/airflow/.local/lib/python3.12/site-packages/airflow/example_dags/example_skip_dag.py
[2024-12-02T11:03:59.340+0000] {logging_mixin.py:190} INFO - [2024-12-02T11:03:59.340+0000] {dag.py:3239} INFO - Sync 1 DAGs
[2024-12-02T11:03:59.356+0000] {logging_mixin.py:190} INFO - [2024-12-02T11:03:59.356+0000] {dag.py:4180} INFO - Setting next_dagrun for example_skip_dag to 2024-12-01 00:00:00+00:00, run_after=2024-12-02 00:00:00+00:00
[2024-12-02T11:03:59.369+0000] {processor.py:208} INFO - Processing /home/airflow/.local/lib/python3.12/site-packages/airflow/example_dags/example_skip_dag.py took 0.058 seconds
[2024-12-02T11:04:30.252+0000] {processor.py:186} INFO - Started process (PID=856) to work on /home/airflow/.local/lib/python3.12/site-packages/airflow/example_dags/example_skip_dag.py
[2024-12-02T11:04:30.253+0000] {processor.py:914} INFO - Processing file /home/airflow/.local/lib/python3.12/site-packages/airflow/example_dags/example_skip_dag.py for tasks to queue
[2024-12-02T11:04:30.266+0000] {logging_mixin.py:190} INFO - [2024-12-02T11:04:30.266+0000] {dagbag.py:588} INFO - Filling up the DagBag from /home/airflow/.local/lib/python3.12/site-packages/airflow/example_dags/example_skip_dag.py
[2024-12-02T11:04:30.272+0000] {processor.py:925} INFO - DAG(s) 'example_skip_dag' retrieved from /home/airflow/.local/lib/python3.12/site-packages/airflow/example_dags/example_skip_dag.py
[2024-12-02T11:04:30.306+0000] {logging_mixin.py:190} INFO - [2024-12-02T11:04:30.306+0000] {dag.py:3239} INFO - Sync 1 DAGs
[2024-12-02T11:04:30.377+0000] {logging_mixin.py:190} INFO - [2024-12-02T11:04:30.376+0000] {dag.py:4180} INFO - Setting next_dagrun for example_skip_dag to 2024-12-01 00:00:00+00:00, run_after=2024-12-02 00:00:00+00:00
[2024-12-02T11:04:30.425+0000] {processor.py:208} INFO - Processing /home/airflow/.local/lib/python3.12/site-packages/airflow/example_dags/example_skip_dag.py took 0.177 seconds
[2024-12-02T11:05:01.175+0000] {processor.py:186} INFO - Started process (PID=891) to work on /home/airflow/.local/lib/python3.12/site-packages/airflow/example_dags/example_skip_dag.py
[2024-12-02T11:05:01.177+0000] {processor.py:914} INFO - Processing file /home/airflow/.local/lib/python3.12/site-packages/airflow/example_dags/example_skip_dag.py for tasks to queue
[2024-12-02T11:05:01.179+0000] {logging_mixin.py:190} INFO - [2024-12-02T11:05:01.179+0000] {dagbag.py:588} INFO - Filling up the DagBag from /home/airflow/.local/lib/python3.12/site-packages/airflow/example_dags/example_skip_dag.py
[2024-12-02T11:05:01.185+0000] {processor.py:925} INFO - DAG(s) 'example_skip_dag' retrieved from /home/airflow/.local/lib/python3.12/site-packages/airflow/example_dags/example_skip_dag.py
[2024-12-02T11:05:01.198+0000] {logging_mixin.py:190} INFO - [2024-12-02T11:05:01.198+0000] {dag.py:3239} INFO - Sync 1 DAGs
[2024-12-02T11:05:01.214+0000] {logging_mixin.py:190} INFO - [2024-12-02T11:05:01.214+0000] {dag.py:4180} INFO - Setting next_dagrun for example_skip_dag to 2024-12-01 00:00:00+00:00, run_after=2024-12-02 00:00:00+00:00
[2024-12-02T11:05:01.225+0000] {processor.py:208} INFO - Processing /home/airflow/.local/lib/python3.12/site-packages/airflow/example_dags/example_skip_dag.py took 0.054 seconds
[2024-12-02T11:05:32.066+0000] {processor.py:186} INFO - Started process (PID=955) to work on /home/airflow/.local/lib/python3.12/site-packages/airflow/example_dags/example_skip_dag.py
[2024-12-02T11:05:32.067+0000] {processor.py:914} INFO - Processing file /home/airflow/.local/lib/python3.12/site-packages/airflow/example_dags/example_skip_dag.py for tasks to queue
[2024-12-02T11:05:32.068+0000] {logging_mixin.py:190} INFO - [2024-12-02T11:05:32.068+0000] {dagbag.py:588} INFO - Filling up the DagBag from /home/airflow/.local/lib/python3.12/site-packages/airflow/example_dags/example_skip_dag.py
[2024-12-02T11:05:32.074+0000] {processor.py:925} INFO - DAG(s) 'example_skip_dag' retrieved from /home/airflow/.local/lib/python3.12/site-packages/airflow/example_dags/example_skip_dag.py
[2024-12-02T11:05:32.087+0000] {logging_mixin.py:190} INFO - [2024-12-02T11:05:32.087+0000] {dag.py:3239} INFO - Sync 1 DAGs
[2024-12-02T11:05:32.104+0000] {logging_mixin.py:190} INFO - [2024-12-02T11:05:32.103+0000] {dag.py:4180} INFO - Setting next_dagrun for example_skip_dag to 2024-12-01 00:00:00+00:00, run_after=2024-12-02 00:00:00+00:00
[2024-12-02T11:05:32.116+0000] {processor.py:208} INFO - Processing /home/airflow/.local/lib/python3.12/site-packages/airflow/example_dags/example_skip_dag.py took 0.055 seconds
[2024-12-02T11:06:02.199+0000] {processor.py:186} INFO - Started process (PID=1019) to work on /home/airflow/.local/lib/python3.12/site-packages/airflow/example_dags/example_skip_dag.py
[2024-12-02T11:06:02.201+0000] {processor.py:914} INFO - Processing file /home/airflow/.local/lib/python3.12/site-packages/airflow/example_dags/example_skip_dag.py for tasks to queue
[2024-12-02T11:06:02.203+0000] {logging_mixin.py:190} INFO - [2024-12-02T11:06:02.203+0000] {dagbag.py:588} INFO - Filling up the DagBag from /home/airflow/.local/lib/python3.12/site-packages/airflow/example_dags/example_skip_dag.py
[2024-12-02T11:06:02.208+0000] {processor.py:925} INFO - DAG(s) 'example_skip_dag' retrieved from /home/airflow/.local/lib/python3.12/site-packages/airflow/example_dags/example_skip_dag.py
[2024-12-02T11:06:02.223+0000] {logging_mixin.py:190} INFO - [2024-12-02T11:06:02.222+0000] {dag.py:3239} INFO - Sync 1 DAGs
[2024-12-02T11:06:02.238+0000] {logging_mixin.py:190} INFO - [2024-12-02T11:06:02.238+0000] {dag.py:4180} INFO - Setting next_dagrun for example_skip_dag to 2024-12-01 00:00:00+00:00, run_after=2024-12-02 00:00:00+00:00
[2024-12-02T11:06:02.253+0000] {processor.py:208} INFO - Processing /home/airflow/.local/lib/python3.12/site-packages/airflow/example_dags/example_skip_dag.py took 0.060 seconds
[2024-12-02T11:06:32.333+0000] {processor.py:186} INFO - Started process (PID=1083) to work on /home/airflow/.local/lib/python3.12/site-packages/airflow/example_dags/example_skip_dag.py
[2024-12-02T11:06:32.333+0000] {processor.py:914} INFO - Processing file /home/airflow/.local/lib/python3.12/site-packages/airflow/example_dags/example_skip_dag.py for tasks to queue
[2024-12-02T11:06:32.335+0000] {logging_mixin.py:190} INFO - [2024-12-02T11:06:32.335+0000] {dagbag.py:588} INFO - Filling up the DagBag from /home/airflow/.local/lib/python3.12/site-packages/airflow/example_dags/example_skip_dag.py
[2024-12-02T11:06:32.341+0000] {processor.py:925} INFO - DAG(s) 'example_skip_dag' retrieved from /home/airflow/.local/lib/python3.12/site-packages/airflow/example_dags/example_skip_dag.py
[2024-12-02T11:06:32.355+0000] {logging_mixin.py:190} INFO - [2024-12-02T11:06:32.354+0000] {dag.py:3239} INFO - Sync 1 DAGs
[2024-12-02T11:06:32.372+0000] {logging_mixin.py:190} INFO - [2024-12-02T11:06:32.372+0000] {dag.py:4180} INFO - Setting next_dagrun for example_skip_dag to 2024-12-01 00:00:00+00:00, run_after=2024-12-02 00:00:00+00:00
[2024-12-02T11:06:32.386+0000] {processor.py:208} INFO - Processing /home/airflow/.local/lib/python3.12/site-packages/airflow/example_dags/example_skip_dag.py took 0.057 seconds
[2024-12-02T11:07:03.621+0000] {processor.py:186} INFO - Started process (PID=1146) to work on /home/airflow/.local/lib/python3.12/site-packages/airflow/example_dags/example_skip_dag.py
[2024-12-02T11:07:03.626+0000] {processor.py:914} INFO - Processing file /home/airflow/.local/lib/python3.12/site-packages/airflow/example_dags/example_skip_dag.py for tasks to queue
[2024-12-02T11:07:03.630+0000] {logging_mixin.py:190} INFO - [2024-12-02T11:07:03.630+0000] {dagbag.py:588} INFO - Filling up the DagBag from /home/airflow/.local/lib/python3.12/site-packages/airflow/example_dags/example_skip_dag.py
[2024-12-02T11:07:03.648+0000] {processor.py:925} INFO - DAG(s) 'example_skip_dag' retrieved from /home/airflow/.local/lib/python3.12/site-packages/airflow/example_dags/example_skip_dag.py
[2024-12-02T11:07:03.683+0000] {logging_mixin.py:190} INFO - [2024-12-02T11:07:03.683+0000] {dag.py:3239} INFO - Sync 1 DAGs
[2024-12-02T11:07:03.721+0000] {logging_mixin.py:190} INFO - [2024-12-02T11:07:03.721+0000] {dag.py:4180} INFO - Setting next_dagrun for example_skip_dag to 2024-12-01 00:00:00+00:00, run_after=2024-12-02 00:00:00+00:00
[2024-12-02T11:07:03.756+0000] {processor.py:208} INFO - Processing /home/airflow/.local/lib/python3.12/site-packages/airflow/example_dags/example_skip_dag.py took 0.139 seconds
[2024-12-02T11:07:34.029+0000] {processor.py:186} INFO - Started process (PID=1210) to work on /home/airflow/.local/lib/python3.12/site-packages/airflow/example_dags/example_skip_dag.py
[2024-12-02T11:07:34.031+0000] {processor.py:914} INFO - Processing file /home/airflow/.local/lib/python3.12/site-packages/airflow/example_dags/example_skip_dag.py for tasks to queue
[2024-12-02T11:07:34.033+0000] {logging_mixin.py:190} INFO - [2024-12-02T11:07:34.032+0000] {dagbag.py:588} INFO - Filling up the DagBag from /home/airflow/.local/lib/python3.12/site-packages/airflow/example_dags/example_skip_dag.py
[2024-12-02T11:07:34.038+0000] {processor.py:925} INFO - DAG(s) 'example_skip_dag' retrieved from /home/airflow/.local/lib/python3.12/site-packages/airflow/example_dags/example_skip_dag.py
[2024-12-02T11:07:34.052+0000] {logging_mixin.py:190} INFO - [2024-12-02T11:07:34.052+0000] {dag.py:3239} INFO - Sync 1 DAGs
[2024-12-02T11:07:34.068+0000] {logging_mixin.py:190} INFO - [2024-12-02T11:07:34.068+0000] {dag.py:4180} INFO - Setting next_dagrun for example_skip_dag to 2024-12-01 00:00:00+00:00, run_after=2024-12-02 00:00:00+00:00
[2024-12-02T11:07:34.081+0000] {processor.py:208} INFO - Processing /home/airflow/.local/lib/python3.12/site-packages/airflow/example_dags/example_skip_dag.py took 0.056 seconds
[2024-12-02T11:08:04.602+0000] {processor.py:186} INFO - Started process (PID=1273) to work on /home/airflow/.local/lib/python3.12/site-packages/airflow/example_dags/example_skip_dag.py
[2024-12-02T11:08:04.603+0000] {processor.py:914} INFO - Processing file /home/airflow/.local/lib/python3.12/site-packages/airflow/example_dags/example_skip_dag.py for tasks to queue
[2024-12-02T11:08:04.604+0000] {logging_mixin.py:190} INFO - [2024-12-02T11:08:04.604+0000] {dagbag.py:588} INFO - Filling up the DagBag from /home/airflow/.local/lib/python3.12/site-packages/airflow/example_dags/example_skip_dag.py
[2024-12-02T11:08:04.611+0000] {processor.py:925} INFO - DAG(s) 'example_skip_dag' retrieved from /home/airflow/.local/lib/python3.12/site-packages/airflow/example_dags/example_skip_dag.py
[2024-12-02T11:08:04.626+0000] {logging_mixin.py:190} INFO - [2024-12-02T11:08:04.626+0000] {dag.py:3239} INFO - Sync 1 DAGs
[2024-12-02T11:08:04.642+0000] {logging_mixin.py:190} INFO - [2024-12-02T11:08:04.642+0000] {dag.py:4180} INFO - Setting next_dagrun for example_skip_dag to 2024-12-01 00:00:00+00:00, run_after=2024-12-02 00:00:00+00:00
[2024-12-02T11:08:04.658+0000] {processor.py:208} INFO - Processing /home/airflow/.local/lib/python3.12/site-packages/airflow/example_dags/example_skip_dag.py took 0.060 seconds
[2024-12-02T11:08:34.795+0000] {processor.py:186} INFO - Started process (PID=1337) to work on /home/airflow/.local/lib/python3.12/site-packages/airflow/example_dags/example_skip_dag.py
[2024-12-02T11:08:34.797+0000] {processor.py:914} INFO - Processing file /home/airflow/.local/lib/python3.12/site-packages/airflow/example_dags/example_skip_dag.py for tasks to queue
[2024-12-02T11:08:34.799+0000] {logging_mixin.py:190} INFO - [2024-12-02T11:08:34.799+0000] {dagbag.py:588} INFO - Filling up the DagBag from /home/airflow/.local/lib/python3.12/site-packages/airflow/example_dags/example_skip_dag.py
[2024-12-02T11:08:34.804+0000] {processor.py:925} INFO - DAG(s) 'example_skip_dag' retrieved from /home/airflow/.local/lib/python3.12/site-packages/airflow/example_dags/example_skip_dag.py
[2024-12-02T11:08:34.819+0000] {logging_mixin.py:190} INFO - [2024-12-02T11:08:34.819+0000] {dag.py:3239} INFO - Sync 1 DAGs
[2024-12-02T11:08:34.835+0000] {logging_mixin.py:190} INFO - [2024-12-02T11:08:34.835+0000] {dag.py:4180} INFO - Setting next_dagrun for example_skip_dag to 2024-12-01 00:00:00+00:00, run_after=2024-12-02 00:00:00+00:00
[2024-12-02T11:08:34.850+0000] {processor.py:208} INFO - Processing /home/airflow/.local/lib/python3.12/site-packages/airflow/example_dags/example_skip_dag.py took 0.058 seconds
[2024-12-02T11:09:05.726+0000] {processor.py:186} INFO - Started process (PID=1401) to work on /home/airflow/.local/lib/python3.12/site-packages/airflow/example_dags/example_skip_dag.py
[2024-12-02T11:09:05.727+0000] {processor.py:914} INFO - Processing file /home/airflow/.local/lib/python3.12/site-packages/airflow/example_dags/example_skip_dag.py for tasks to queue
[2024-12-02T11:09:05.728+0000] {logging_mixin.py:190} INFO - [2024-12-02T11:09:05.728+0000] {dagbag.py:588} INFO - Filling up the DagBag from /home/airflow/.local/lib/python3.12/site-packages/airflow/example_dags/example_skip_dag.py
[2024-12-02T11:09:05.735+0000] {processor.py:925} INFO - DAG(s) 'example_skip_dag' retrieved from /home/airflow/.local/lib/python3.12/site-packages/airflow/example_dags/example_skip_dag.py
[2024-12-02T11:09:05.751+0000] {logging_mixin.py:190} INFO - [2024-12-02T11:09:05.751+0000] {dag.py:3239} INFO - Sync 1 DAGs
[2024-12-02T11:09:05.767+0000] {logging_mixin.py:190} INFO - [2024-12-02T11:09:05.767+0000] {dag.py:4180} INFO - Setting next_dagrun for example_skip_dag to 2024-12-01 00:00:00+00:00, run_after=2024-12-02 00:00:00+00:00
[2024-12-02T11:09:05.781+0000] {processor.py:208} INFO - Processing /home/airflow/.local/lib/python3.12/site-packages/airflow/example_dags/example_skip_dag.py took 0.059 seconds
[2024-12-02T11:09:36.066+0000] {processor.py:186} INFO - Started process (PID=1465) to work on /home/airflow/.local/lib/python3.12/site-packages/airflow/example_dags/example_skip_dag.py
[2024-12-02T11:09:36.075+0000] {processor.py:914} INFO - Processing file /home/airflow/.local/lib/python3.12/site-packages/airflow/example_dags/example_skip_dag.py for tasks to queue
[2024-12-02T11:09:36.076+0000] {logging_mixin.py:190} INFO - [2024-12-02T11:09:36.076+0000] {dagbag.py:588} INFO - Filling up the DagBag from /home/airflow/.local/lib/python3.12/site-packages/airflow/example_dags/example_skip_dag.py
[2024-12-02T11:09:36.082+0000] {processor.py:925} INFO - DAG(s) 'example_skip_dag' retrieved from /home/airflow/.local/lib/python3.12/site-packages/airflow/example_dags/example_skip_dag.py
[2024-12-02T11:09:36.095+0000] {logging_mixin.py:190} INFO - [2024-12-02T11:09:36.094+0000] {dag.py:3239} INFO - Sync 1 DAGs
[2024-12-02T11:09:36.111+0000] {logging_mixin.py:190} INFO - [2024-12-02T11:09:36.111+0000] {dag.py:4180} INFO - Setting next_dagrun for example_skip_dag to 2024-12-01 00:00:00+00:00, run_after=2024-12-02 00:00:00+00:00
[2024-12-02T11:09:36.125+0000] {processor.py:208} INFO - Processing /home/airflow/.local/lib/python3.12/site-packages/airflow/example_dags/example_skip_dag.py took 0.063 seconds
[2024-12-02T11:10:07.098+0000] {processor.py:186} INFO - Started process (PID=1528) to work on /home/airflow/.local/lib/python3.12/site-packages/airflow/example_dags/example_skip_dag.py
[2024-12-02T11:10:07.098+0000] {processor.py:914} INFO - Processing file /home/airflow/.local/lib/python3.12/site-packages/airflow/example_dags/example_skip_dag.py for tasks to queue
[2024-12-02T11:10:07.100+0000] {logging_mixin.py:190} INFO - [2024-12-02T11:10:07.100+0000] {dagbag.py:588} INFO - Filling up the DagBag from /home/airflow/.local/lib/python3.12/site-packages/airflow/example_dags/example_skip_dag.py
[2024-12-02T11:10:07.106+0000] {processor.py:925} INFO - DAG(s) 'example_skip_dag' retrieved from /home/airflow/.local/lib/python3.12/site-packages/airflow/example_dags/example_skip_dag.py
[2024-12-02T11:10:07.119+0000] {logging_mixin.py:190} INFO - [2024-12-02T11:10:07.119+0000] {dag.py:3239} INFO - Sync 1 DAGs
[2024-12-02T11:10:07.135+0000] {logging_mixin.py:190} INFO - [2024-12-02T11:10:07.135+0000] {dag.py:4180} INFO - Setting next_dagrun for example_skip_dag to 2024-12-01 00:00:00+00:00, run_after=2024-12-02 00:00:00+00:00
[2024-12-02T11:10:07.151+0000] {processor.py:208} INFO - Processing /home/airflow/.local/lib/python3.12/site-packages/airflow/example_dags/example_skip_dag.py took 0.058 seconds
[2024-12-02T11:10:37.843+0000] {processor.py:186} INFO - Started process (PID=1592) to work on /home/airflow/.local/lib/python3.12/site-packages/airflow/example_dags/example_skip_dag.py
[2024-12-02T11:10:37.845+0000] {processor.py:914} INFO - Processing file /home/airflow/.local/lib/python3.12/site-packages/airflow/example_dags/example_skip_dag.py for tasks to queue
[2024-12-02T11:10:37.847+0000] {logging_mixin.py:190} INFO - [2024-12-02T11:10:37.847+0000] {dagbag.py:588} INFO - Filling up the DagBag from /home/airflow/.local/lib/python3.12/site-packages/airflow/example_dags/example_skip_dag.py
[2024-12-02T11:10:37.853+0000] {processor.py:925} INFO - DAG(s) 'example_skip_dag' retrieved from /home/airflow/.local/lib/python3.12/site-packages/airflow/example_dags/example_skip_dag.py
[2024-12-02T11:10:37.867+0000] {logging_mixin.py:190} INFO - [2024-12-02T11:10:37.866+0000] {dag.py:3239} INFO - Sync 1 DAGs
[2024-12-02T11:10:37.883+0000] {logging_mixin.py:190} INFO - [2024-12-02T11:10:37.882+0000] {dag.py:4180} INFO - Setting next_dagrun for example_skip_dag to 2024-12-01 00:00:00+00:00, run_after=2024-12-02 00:00:00+00:00
[2024-12-02T11:10:37.897+0000] {processor.py:208} INFO - Processing /home/airflow/.local/lib/python3.12/site-packages/airflow/example_dags/example_skip_dag.py took 0.058 seconds
[2024-12-02T11:11:10.227+0000] {processor.py:186} INFO - Started process (PID=1656) to work on /home/airflow/.local/lib/python3.12/site-packages/airflow/example_dags/example_skip_dag.py
[2024-12-02T11:11:10.228+0000] {processor.py:914} INFO - Processing file /home/airflow/.local/lib/python3.12/site-packages/airflow/example_dags/example_skip_dag.py for tasks to queue
[2024-12-02T11:11:10.230+0000] {logging_mixin.py:190} INFO - [2024-12-02T11:11:10.230+0000] {dagbag.py:588} INFO - Filling up the DagBag from /home/airflow/.local/lib/python3.12/site-packages/airflow/example_dags/example_skip_dag.py
[2024-12-02T11:11:10.235+0000] {processor.py:925} INFO - DAG(s) 'example_skip_dag' retrieved from /home/airflow/.local/lib/python3.12/site-packages/airflow/example_dags/example_skip_dag.py
[2024-12-02T11:11:10.250+0000] {logging_mixin.py:190} INFO - [2024-12-02T11:11:10.250+0000] {dag.py:3239} INFO - Sync 1 DAGs
[2024-12-02T11:11:10.266+0000] {logging_mixin.py:190} INFO - [2024-12-02T11:11:10.266+0000] {dag.py:4180} INFO - Setting next_dagrun for example_skip_dag to 2024-12-01 00:00:00+00:00, run_after=2024-12-02 00:00:00+00:00
[2024-12-02T11:11:10.279+0000] {processor.py:208} INFO - Processing /home/airflow/.local/lib/python3.12/site-packages/airflow/example_dags/example_skip_dag.py took 0.055 seconds
[2024-12-02T11:11:41.022+0000] {processor.py:186} INFO - Started process (PID=1721) to work on /home/airflow/.local/lib/python3.12/site-packages/airflow/example_dags/example_skip_dag.py
[2024-12-02T11:11:41.028+0000] {processor.py:914} INFO - Processing file /home/airflow/.local/lib/python3.12/site-packages/airflow/example_dags/example_skip_dag.py for tasks to queue
[2024-12-02T11:11:41.030+0000] {logging_mixin.py:190} INFO - [2024-12-02T11:11:41.030+0000] {dagbag.py:588} INFO - Filling up the DagBag from /home/airflow/.local/lib/python3.12/site-packages/airflow/example_dags/example_skip_dag.py
[2024-12-02T11:11:41.037+0000] {processor.py:925} INFO - DAG(s) 'example_skip_dag' retrieved from /home/airflow/.local/lib/python3.12/site-packages/airflow/example_dags/example_skip_dag.py
[2024-12-02T11:11:41.056+0000] {logging_mixin.py:190} INFO - [2024-12-02T11:11:41.056+0000] {dag.py:3239} INFO - Sync 1 DAGs
[2024-12-02T11:11:41.075+0000] {logging_mixin.py:190} INFO - [2024-12-02T11:11:41.075+0000] {dag.py:4180} INFO - Setting next_dagrun for example_skip_dag to 2024-12-01 00:00:00+00:00, run_after=2024-12-02 00:00:00+00:00
[2024-12-02T11:11:41.089+0000] {processor.py:208} INFO - Processing /home/airflow/.local/lib/python3.12/site-packages/airflow/example_dags/example_skip_dag.py took 0.100 seconds
[2024-12-02T11:12:11.395+0000] {processor.py:186} INFO - Started process (PID=1785) to work on /home/airflow/.local/lib/python3.12/site-packages/airflow/example_dags/example_skip_dag.py
[2024-12-02T11:12:11.395+0000] {processor.py:914} INFO - Processing file /home/airflow/.local/lib/python3.12/site-packages/airflow/example_dags/example_skip_dag.py for tasks to queue
[2024-12-02T11:12:11.397+0000] {logging_mixin.py:190} INFO - [2024-12-02T11:12:11.397+0000] {dagbag.py:588} INFO - Filling up the DagBag from /home/airflow/.local/lib/python3.12/site-packages/airflow/example_dags/example_skip_dag.py
[2024-12-02T11:12:11.402+0000] {processor.py:925} INFO - DAG(s) 'example_skip_dag' retrieved from /home/airflow/.local/lib/python3.12/site-packages/airflow/example_dags/example_skip_dag.py
[2024-12-02T11:12:11.417+0000] {logging_mixin.py:190} INFO - [2024-12-02T11:12:11.417+0000] {dag.py:3239} INFO - Sync 1 DAGs
[2024-12-02T11:12:11.434+0000] {logging_mixin.py:190} INFO - [2024-12-02T11:12:11.434+0000] {dag.py:4180} INFO - Setting next_dagrun for example_skip_dag to 2024-12-01 00:00:00+00:00, run_after=2024-12-02 00:00:00+00:00
[2024-12-02T11:12:11.449+0000] {processor.py:208} INFO - Processing /home/airflow/.local/lib/python3.12/site-packages/airflow/example_dags/example_skip_dag.py took 0.058 seconds
[2024-12-02T11:12:41.720+0000] {processor.py:186} INFO - Started process (PID=1849) to work on /home/airflow/.local/lib/python3.12/site-packages/airflow/example_dags/example_skip_dag.py
[2024-12-02T11:12:41.721+0000] {processor.py:914} INFO - Processing file /home/airflow/.local/lib/python3.12/site-packages/airflow/example_dags/example_skip_dag.py for tasks to queue
[2024-12-02T11:12:41.722+0000] {logging_mixin.py:190} INFO - [2024-12-02T11:12:41.722+0000] {dagbag.py:588} INFO - Filling up the DagBag from /home/airflow/.local/lib/python3.12/site-packages/airflow/example_dags/example_skip_dag.py
[2024-12-02T11:12:41.727+0000] {processor.py:925} INFO - DAG(s) 'example_skip_dag' retrieved from /home/airflow/.local/lib/python3.12/site-packages/airflow/example_dags/example_skip_dag.py
[2024-12-02T11:12:41.742+0000] {logging_mixin.py:190} INFO - [2024-12-02T11:12:41.742+0000] {dag.py:3239} INFO - Sync 1 DAGs
[2024-12-02T11:12:41.758+0000] {logging_mixin.py:190} INFO - [2024-12-02T11:12:41.758+0000] {dag.py:4180} INFO - Setting next_dagrun for example_skip_dag to 2024-12-01 00:00:00+00:00, run_after=2024-12-02 00:00:00+00:00
[2024-12-02T11:12:41.774+0000] {processor.py:208} INFO - Processing /home/airflow/.local/lib/python3.12/site-packages/airflow/example_dags/example_skip_dag.py took 0.058 seconds
[2024-12-02T11:13:12.598+0000] {processor.py:186} INFO - Started process (PID=1914) to work on /home/airflow/.local/lib/python3.12/site-packages/airflow/example_dags/example_skip_dag.py
[2024-12-02T11:13:12.629+0000] {processor.py:914} INFO - Processing file /home/airflow/.local/lib/python3.12/site-packages/airflow/example_dags/example_skip_dag.py for tasks to queue
[2024-12-02T11:13:12.631+0000] {logging_mixin.py:190} INFO - [2024-12-02T11:13:12.631+0000] {dagbag.py:588} INFO - Filling up the DagBag from /home/airflow/.local/lib/python3.12/site-packages/airflow/example_dags/example_skip_dag.py
[2024-12-02T11:13:12.642+0000] {processor.py:925} INFO - DAG(s) 'example_skip_dag' retrieved from /home/airflow/.local/lib/python3.12/site-packages/airflow/example_dags/example_skip_dag.py
[2024-12-02T11:13:12.689+0000] {logging_mixin.py:190} INFO - [2024-12-02T11:13:12.689+0000] {dag.py:3239} INFO - Sync 1 DAGs
[2024-12-02T11:13:12.779+0000] {logging_mixin.py:190} INFO - [2024-12-02T11:13:12.779+0000] {dag.py:4180} INFO - Setting next_dagrun for example_skip_dag to 2024-12-01 00:00:00+00:00, run_after=2024-12-02 00:00:00+00:00
[2024-12-02T11:13:12.858+0000] {processor.py:208} INFO - Processing /home/airflow/.local/lib/python3.12/site-packages/airflow/example_dags/example_skip_dag.py took 0.265 seconds
[2024-12-02T11:13:43.368+0000] {processor.py:186} INFO - Started process (PID=1973) to work on /home/airflow/.local/lib/python3.12/site-packages/airflow/example_dags/example_skip_dag.py
[2024-12-02T11:13:43.377+0000] {processor.py:914} INFO - Processing file /home/airflow/.local/lib/python3.12/site-packages/airflow/example_dags/example_skip_dag.py for tasks to queue
[2024-12-02T11:13:43.379+0000] {logging_mixin.py:190} INFO - [2024-12-02T11:13:43.378+0000] {dagbag.py:588} INFO - Filling up the DagBag from /home/airflow/.local/lib/python3.12/site-packages/airflow/example_dags/example_skip_dag.py
[2024-12-02T11:13:43.385+0000] {processor.py:925} INFO - DAG(s) 'example_skip_dag' retrieved from /home/airflow/.local/lib/python3.12/site-packages/airflow/example_dags/example_skip_dag.py
[2024-12-02T11:13:43.418+0000] {logging_mixin.py:190} INFO - [2024-12-02T11:13:43.418+0000] {dag.py:3239} INFO - Sync 1 DAGs
[2024-12-02T11:13:43.451+0000] {logging_mixin.py:190} INFO - [2024-12-02T11:13:43.451+0000] {dag.py:4180} INFO - Setting next_dagrun for example_skip_dag to 2024-12-01 00:00:00+00:00, run_after=2024-12-02 00:00:00+00:00
[2024-12-02T11:13:43.484+0000] {processor.py:208} INFO - Processing /home/airflow/.local/lib/python3.12/site-packages/airflow/example_dags/example_skip_dag.py took 0.120 seconds
[2024-12-02T11:14:14.136+0000] {processor.py:186} INFO - Started process (PID=2039) to work on /home/airflow/.local/lib/python3.12/site-packages/airflow/example_dags/example_skip_dag.py
[2024-12-02T11:14:14.137+0000] {processor.py:914} INFO - Processing file /home/airflow/.local/lib/python3.12/site-packages/airflow/example_dags/example_skip_dag.py for tasks to queue
[2024-12-02T11:14:14.139+0000] {logging_mixin.py:190} INFO - [2024-12-02T11:14:14.138+0000] {dagbag.py:588} INFO - Filling up the DagBag from /home/airflow/.local/lib/python3.12/site-packages/airflow/example_dags/example_skip_dag.py
[2024-12-02T11:14:14.144+0000] {processor.py:925} INFO - DAG(s) 'example_skip_dag' retrieved from /home/airflow/.local/lib/python3.12/site-packages/airflow/example_dags/example_skip_dag.py
[2024-12-02T11:14:14.166+0000] {logging_mixin.py:190} INFO - [2024-12-02T11:14:14.165+0000] {dag.py:3239} INFO - Sync 1 DAGs
[2024-12-02T11:14:14.183+0000] {logging_mixin.py:190} INFO - [2024-12-02T11:14:14.182+0000] {dag.py:4180} INFO - Setting next_dagrun for example_skip_dag to 2024-12-01 00:00:00+00:00, run_after=2024-12-02 00:00:00+00:00
[2024-12-02T11:14:14.196+0000] {processor.py:208} INFO - Processing /home/airflow/.local/lib/python3.12/site-packages/airflow/example_dags/example_skip_dag.py took 0.063 seconds
[2024-12-02T11:14:44.441+0000] {processor.py:186} INFO - Started process (PID=2104) to work on /home/airflow/.local/lib/python3.12/site-packages/airflow/example_dags/example_skip_dag.py
[2024-12-02T11:14:44.443+0000] {processor.py:914} INFO - Processing file /home/airflow/.local/lib/python3.12/site-packages/airflow/example_dags/example_skip_dag.py for tasks to queue
[2024-12-02T11:14:44.444+0000] {logging_mixin.py:190} INFO - [2024-12-02T11:14:44.444+0000] {dagbag.py:588} INFO - Filling up the DagBag from /home/airflow/.local/lib/python3.12/site-packages/airflow/example_dags/example_skip_dag.py
[2024-12-02T11:14:44.450+0000] {processor.py:925} INFO - DAG(s) 'example_skip_dag' retrieved from /home/airflow/.local/lib/python3.12/site-packages/airflow/example_dags/example_skip_dag.py
[2024-12-02T11:14:44.467+0000] {logging_mixin.py:190} INFO - [2024-12-02T11:14:44.467+0000] {dag.py:3239} INFO - Sync 1 DAGs
[2024-12-02T11:14:44.487+0000] {logging_mixin.py:190} INFO - [2024-12-02T11:14:44.487+0000] {dag.py:4180} INFO - Setting next_dagrun for example_skip_dag to 2024-12-01 00:00:00+00:00, run_after=2024-12-02 00:00:00+00:00
[2024-12-02T11:14:44.507+0000] {processor.py:208} INFO - Processing /home/airflow/.local/lib/python3.12/site-packages/airflow/example_dags/example_skip_dag.py took 0.070 seconds
[2024-12-02T11:15:16.684+0000] {processor.py:186} INFO - Started process (PID=2167) to work on /home/airflow/.local/lib/python3.12/site-packages/airflow/example_dags/example_skip_dag.py
[2024-12-02T11:15:16.684+0000] {processor.py:914} INFO - Processing file /home/airflow/.local/lib/python3.12/site-packages/airflow/example_dags/example_skip_dag.py for tasks to queue
[2024-12-02T11:15:16.686+0000] {logging_mixin.py:190} INFO - [2024-12-02T11:15:16.686+0000] {dagbag.py:588} INFO - Filling up the DagBag from /home/airflow/.local/lib/python3.12/site-packages/airflow/example_dags/example_skip_dag.py
[2024-12-02T11:15:16.699+0000] {processor.py:925} INFO - DAG(s) 'example_skip_dag' retrieved from /home/airflow/.local/lib/python3.12/site-packages/airflow/example_dags/example_skip_dag.py
[2024-12-02T11:15:16.738+0000] {logging_mixin.py:190} INFO - [2024-12-02T11:15:16.738+0000] {dag.py:3239} INFO - Sync 1 DAGs
[2024-12-02T11:15:16.779+0000] {logging_mixin.py:190} INFO - [2024-12-02T11:15:16.779+0000] {dag.py:4180} INFO - Setting next_dagrun for example_skip_dag to 2024-12-01 00:00:00+00:00, run_after=2024-12-02 00:00:00+00:00
[2024-12-02T11:15:16.810+0000] {processor.py:208} INFO - Processing /home/airflow/.local/lib/python3.12/site-packages/airflow/example_dags/example_skip_dag.py took 0.138 seconds
[2024-12-02T11:15:47.120+0000] {processor.py:186} INFO - Started process (PID=2232) to work on /home/airflow/.local/lib/python3.12/site-packages/airflow/example_dags/example_skip_dag.py
[2024-12-02T11:15:47.122+0000] {processor.py:914} INFO - Processing file /home/airflow/.local/lib/python3.12/site-packages/airflow/example_dags/example_skip_dag.py for tasks to queue
[2024-12-02T11:15:47.123+0000] {logging_mixin.py:190} INFO - [2024-12-02T11:15:47.123+0000] {dagbag.py:588} INFO - Filling up the DagBag from /home/airflow/.local/lib/python3.12/site-packages/airflow/example_dags/example_skip_dag.py
[2024-12-02T11:15:47.129+0000] {processor.py:925} INFO - DAG(s) 'example_skip_dag' retrieved from /home/airflow/.local/lib/python3.12/site-packages/airflow/example_dags/example_skip_dag.py
[2024-12-02T11:15:47.143+0000] {logging_mixin.py:190} INFO - [2024-12-02T11:15:47.143+0000] {dag.py:3239} INFO - Sync 1 DAGs
[2024-12-02T11:15:47.159+0000] {logging_mixin.py:190} INFO - [2024-12-02T11:15:47.159+0000] {dag.py:4180} INFO - Setting next_dagrun for example_skip_dag to 2024-12-01 00:00:00+00:00, run_after=2024-12-02 00:00:00+00:00
[2024-12-02T11:15:47.171+0000] {processor.py:208} INFO - Processing /home/airflow/.local/lib/python3.12/site-packages/airflow/example_dags/example_skip_dag.py took 0.055 seconds
[2024-12-02T11:16:17.947+0000] {processor.py:186} INFO - Started process (PID=2297) to work on /home/airflow/.local/lib/python3.12/site-packages/airflow/example_dags/example_skip_dag.py
[2024-12-02T11:16:17.948+0000] {processor.py:914} INFO - Processing file /home/airflow/.local/lib/python3.12/site-packages/airflow/example_dags/example_skip_dag.py for tasks to queue
[2024-12-02T11:16:17.956+0000] {logging_mixin.py:190} INFO - [2024-12-02T11:16:17.955+0000] {dagbag.py:588} INFO - Filling up the DagBag from /home/airflow/.local/lib/python3.12/site-packages/airflow/example_dags/example_skip_dag.py
[2024-12-02T11:16:17.962+0000] {processor.py:925} INFO - DAG(s) 'example_skip_dag' retrieved from /home/airflow/.local/lib/python3.12/site-packages/airflow/example_dags/example_skip_dag.py
[2024-12-02T11:16:17.984+0000] {logging_mixin.py:190} INFO - [2024-12-02T11:16:17.984+0000] {dag.py:3239} INFO - Sync 1 DAGs
[2024-12-02T11:16:18.000+0000] {logging_mixin.py:190} INFO - [2024-12-02T11:16:18.000+0000] {dag.py:4180} INFO - Setting next_dagrun for example_skip_dag to 2024-12-01 00:00:00+00:00, run_after=2024-12-02 00:00:00+00:00
[2024-12-02T11:16:18.013+0000] {processor.py:208} INFO - Processing /home/airflow/.local/lib/python3.12/site-packages/airflow/example_dags/example_skip_dag.py took 0.071 seconds
[2024-12-02T11:16:48.080+0000] {processor.py:186} INFO - Started process (PID=2360) to work on /home/airflow/.local/lib/python3.12/site-packages/airflow/example_dags/example_skip_dag.py
[2024-12-02T11:16:48.083+0000] {processor.py:914} INFO - Processing file /home/airflow/.local/lib/python3.12/site-packages/airflow/example_dags/example_skip_dag.py for tasks to queue
[2024-12-02T11:16:48.083+0000] {logging_mixin.py:190} INFO - [2024-12-02T11:16:48.083+0000] {dagbag.py:588} INFO - Filling up the DagBag from /home/airflow/.local/lib/python3.12/site-packages/airflow/example_dags/example_skip_dag.py
[2024-12-02T11:16:48.093+0000] {processor.py:925} INFO - DAG(s) 'example_skip_dag' retrieved from /home/airflow/.local/lib/python3.12/site-packages/airflow/example_dags/example_skip_dag.py
[2024-12-02T11:16:48.112+0000] {logging_mixin.py:190} INFO - [2024-12-02T11:16:48.111+0000] {dag.py:3239} INFO - Sync 1 DAGs
[2024-12-02T11:16:48.139+0000] {logging_mixin.py:190} INFO - [2024-12-02T11:16:48.139+0000] {dag.py:4180} INFO - Setting next_dagrun for example_skip_dag to 2024-12-01 00:00:00+00:00, run_after=2024-12-02 00:00:00+00:00
[2024-12-02T11:16:48.158+0000] {processor.py:208} INFO - Processing /home/airflow/.local/lib/python3.12/site-packages/airflow/example_dags/example_skip_dag.py took 0.082 seconds
[2024-12-02T11:17:18.251+0000] {processor.py:186} INFO - Started process (PID=2424) to work on /home/airflow/.local/lib/python3.12/site-packages/airflow/example_dags/example_skip_dag.py
[2024-12-02T11:17:18.259+0000] {processor.py:914} INFO - Processing file /home/airflow/.local/lib/python3.12/site-packages/airflow/example_dags/example_skip_dag.py for tasks to queue
[2024-12-02T11:17:18.260+0000] {logging_mixin.py:190} INFO - [2024-12-02T11:17:18.260+0000] {dagbag.py:588} INFO - Filling up the DagBag from /home/airflow/.local/lib/python3.12/site-packages/airflow/example_dags/example_skip_dag.py
[2024-12-02T11:17:18.267+0000] {processor.py:925} INFO - DAG(s) 'example_skip_dag' retrieved from /home/airflow/.local/lib/python3.12/site-packages/airflow/example_dags/example_skip_dag.py
[2024-12-02T11:17:18.337+0000] {logging_mixin.py:190} INFO - [2024-12-02T11:17:18.337+0000] {dag.py:3239} INFO - Sync 1 DAGs
[2024-12-02T11:17:18.372+0000] {logging_mixin.py:190} INFO - [2024-12-02T11:17:18.372+0000] {dag.py:4180} INFO - Setting next_dagrun for example_skip_dag to 2024-12-01 00:00:00+00:00, run_after=2024-12-02 00:00:00+00:00
[2024-12-02T11:17:18.400+0000] {processor.py:208} INFO - Processing /home/airflow/.local/lib/python3.12/site-packages/airflow/example_dags/example_skip_dag.py took 0.154 seconds
[2024-12-02T11:17:49.375+0000] {processor.py:186} INFO - Started process (PID=2488) to work on /home/airflow/.local/lib/python3.12/site-packages/airflow/example_dags/example_skip_dag.py
[2024-12-02T11:17:49.375+0000] {processor.py:914} INFO - Processing file /home/airflow/.local/lib/python3.12/site-packages/airflow/example_dags/example_skip_dag.py for tasks to queue
[2024-12-02T11:17:49.381+0000] {logging_mixin.py:190} INFO - [2024-12-02T11:17:49.381+0000] {dagbag.py:588} INFO - Filling up the DagBag from /home/airflow/.local/lib/python3.12/site-packages/airflow/example_dags/example_skip_dag.py
[2024-12-02T11:17:49.395+0000] {processor.py:925} INFO - DAG(s) 'example_skip_dag' retrieved from /home/airflow/.local/lib/python3.12/site-packages/airflow/example_dags/example_skip_dag.py
[2024-12-02T11:17:49.427+0000] {logging_mixin.py:190} INFO - [2024-12-02T11:17:49.427+0000] {dag.py:3239} INFO - Sync 1 DAGs
[2024-12-02T11:17:49.475+0000] {logging_mixin.py:190} INFO - [2024-12-02T11:17:49.475+0000] {dag.py:4180} INFO - Setting next_dagrun for example_skip_dag to 2024-12-01 00:00:00+00:00, run_after=2024-12-02 00:00:00+00:00
[2024-12-02T11:17:49.509+0000] {processor.py:208} INFO - Processing /home/airflow/.local/lib/python3.12/site-packages/airflow/example_dags/example_skip_dag.py took 0.144 seconds
[2024-12-02T11:18:20.483+0000] {processor.py:186} INFO - Started process (PID=2553) to work on /home/airflow/.local/lib/python3.12/site-packages/airflow/example_dags/example_skip_dag.py
[2024-12-02T11:18:20.484+0000] {processor.py:914} INFO - Processing file /home/airflow/.local/lib/python3.12/site-packages/airflow/example_dags/example_skip_dag.py for tasks to queue
[2024-12-02T11:18:20.485+0000] {logging_mixin.py:190} INFO - [2024-12-02T11:18:20.485+0000] {dagbag.py:588} INFO - Filling up the DagBag from /home/airflow/.local/lib/python3.12/site-packages/airflow/example_dags/example_skip_dag.py
[2024-12-02T11:18:20.493+0000] {processor.py:925} INFO - DAG(s) 'example_skip_dag' retrieved from /home/airflow/.local/lib/python3.12/site-packages/airflow/example_dags/example_skip_dag.py
[2024-12-02T11:18:20.510+0000] {logging_mixin.py:190} INFO - [2024-12-02T11:18:20.510+0000] {dag.py:3239} INFO - Sync 1 DAGs
[2024-12-02T11:18:20.529+0000] {logging_mixin.py:190} INFO - [2024-12-02T11:18:20.529+0000] {dag.py:4180} INFO - Setting next_dagrun for example_skip_dag to 2024-12-01 00:00:00+00:00, run_after=2024-12-02 00:00:00+00:00
[2024-12-02T11:18:20.544+0000] {processor.py:208} INFO - Processing /home/airflow/.local/lib/python3.12/site-packages/airflow/example_dags/example_skip_dag.py took 0.066 seconds
[2024-12-02T11:18:51.354+0000] {processor.py:186} INFO - Started process (PID=2618) to work on /home/airflow/.local/lib/python3.12/site-packages/airflow/example_dags/example_skip_dag.py
[2024-12-02T11:18:51.354+0000] {processor.py:914} INFO - Processing file /home/airflow/.local/lib/python3.12/site-packages/airflow/example_dags/example_skip_dag.py for tasks to queue
[2024-12-02T11:18:51.355+0000] {logging_mixin.py:190} INFO - [2024-12-02T11:18:51.355+0000] {dagbag.py:588} INFO - Filling up the DagBag from /home/airflow/.local/lib/python3.12/site-packages/airflow/example_dags/example_skip_dag.py
[2024-12-02T11:18:51.363+0000] {processor.py:925} INFO - DAG(s) 'example_skip_dag' retrieved from /home/airflow/.local/lib/python3.12/site-packages/airflow/example_dags/example_skip_dag.py
[2024-12-02T11:18:51.386+0000] {logging_mixin.py:190} INFO - [2024-12-02T11:18:51.386+0000] {dag.py:3239} INFO - Sync 1 DAGs
[2024-12-02T11:18:51.409+0000] {logging_mixin.py:190} INFO - [2024-12-02T11:18:51.408+0000] {dag.py:4180} INFO - Setting next_dagrun for example_skip_dag to 2024-12-01 00:00:00+00:00, run_after=2024-12-02 00:00:00+00:00
[2024-12-02T11:18:51.429+0000] {processor.py:208} INFO - Processing /home/airflow/.local/lib/python3.12/site-packages/airflow/example_dags/example_skip_dag.py took 0.080 seconds
[2024-12-02T11:19:22.850+0000] {processor.py:186} INFO - Started process (PID=2683) to work on /home/airflow/.local/lib/python3.12/site-packages/airflow/example_dags/example_skip_dag.py
[2024-12-02T11:19:22.855+0000] {processor.py:914} INFO - Processing file /home/airflow/.local/lib/python3.12/site-packages/airflow/example_dags/example_skip_dag.py for tasks to queue
[2024-12-02T11:19:22.856+0000] {logging_mixin.py:190} INFO - [2024-12-02T11:19:22.856+0000] {dagbag.py:588} INFO - Filling up the DagBag from /home/airflow/.local/lib/python3.12/site-packages/airflow/example_dags/example_skip_dag.py
[2024-12-02T11:19:22.867+0000] {processor.py:925} INFO - DAG(s) 'example_skip_dag' retrieved from /home/airflow/.local/lib/python3.12/site-packages/airflow/example_dags/example_skip_dag.py
[2024-12-02T11:19:22.895+0000] {logging_mixin.py:190} INFO - [2024-12-02T11:19:22.894+0000] {dag.py:3239} INFO - Sync 1 DAGs
[2024-12-02T11:19:22.935+0000] {logging_mixin.py:190} INFO - [2024-12-02T11:19:22.935+0000] {dag.py:4180} INFO - Setting next_dagrun for example_skip_dag to 2024-12-01 00:00:00+00:00, run_after=2024-12-02 00:00:00+00:00
[2024-12-02T11:19:22.962+0000] {processor.py:208} INFO - Processing /home/airflow/.local/lib/python3.12/site-packages/airflow/example_dags/example_skip_dag.py took 0.117 seconds
[2024-12-02T11:19:57.385+0000] {processor.py:186} INFO - Started process (PID=2748) to work on /home/airflow/.local/lib/python3.12/site-packages/airflow/example_dags/example_skip_dag.py
[2024-12-02T11:19:57.410+0000] {processor.py:914} INFO - Processing file /home/airflow/.local/lib/python3.12/site-packages/airflow/example_dags/example_skip_dag.py for tasks to queue
[2024-12-02T11:19:57.411+0000] {logging_mixin.py:190} INFO - [2024-12-02T11:19:57.411+0000] {dagbag.py:588} INFO - Filling up the DagBag from /home/airflow/.local/lib/python3.12/site-packages/airflow/example_dags/example_skip_dag.py
[2024-12-02T11:19:57.449+0000] {processor.py:925} INFO - DAG(s) 'example_skip_dag' retrieved from /home/airflow/.local/lib/python3.12/site-packages/airflow/example_dags/example_skip_dag.py
[2024-12-02T11:19:57.488+0000] {logging_mixin.py:190} INFO - [2024-12-02T11:19:57.488+0000] {dag.py:3239} INFO - Sync 1 DAGs
[2024-12-02T11:19:57.507+0000] {logging_mixin.py:190} INFO - [2024-12-02T11:19:57.507+0000] {dag.py:4180} INFO - Setting next_dagrun for example_skip_dag to 2024-12-01 00:00:00+00:00, run_after=2024-12-02 00:00:00+00:00
[2024-12-02T11:19:57.531+0000] {processor.py:208} INFO - Processing /home/airflow/.local/lib/python3.12/site-packages/airflow/example_dags/example_skip_dag.py took 0.152 seconds
