[2024-12-02T10:38:33.386+0000] {processor.py:186} INFO - Started process (PID=113) to work on /home/airflow/.local/lib/python3.12/site-packages/airflow/example_dags/example_external_task_marker_dag.py
[2024-12-02T10:38:33.404+0000] {processor.py:914} INFO - Processing file /home/airflow/.local/lib/python3.12/site-packages/airflow/example_dags/example_external_task_marker_dag.py for tasks to queue
[2024-12-02T10:38:33.407+0000] {logging_mixin.py:190} INFO - [2024-12-02T10:38:33.407+0000] {dagbag.py:588} INFO - Filling up the DagBag from /home/airflow/.local/lib/python3.12/site-packages/airflow/example_dags/example_external_task_marker_dag.py
[2024-12-02T10:38:33.430+0000] {processor.py:925} INFO - DAG(s) 'example_external_task_marker_parent', 'example_external_task_marker_child' retrieved from /home/airflow/.local/lib/python3.12/site-packages/airflow/example_dags/example_external_task_marker_dag.py
[2024-12-02T10:38:33.702+0000] {logging_mixin.py:190} INFO - [2024-12-02T10:38:33.701+0000] {override.py:1911} INFO - Created Permission View: can edit on DAG:example_external_task_marker_parent
[2024-12-02T10:38:33.755+0000] {logging_mixin.py:190} INFO - [2024-12-02T10:38:33.755+0000] {override.py:1911} INFO - Created Permission View: can read on DAG:example_external_task_marker_parent
[2024-12-02T10:38:33.761+0000] {logging_mixin.py:190} INFO - [2024-12-02T10:38:33.761+0000] {override.py:1911} INFO - Created Permission View: can delete on DAG:example_external_task_marker_parent
[2024-12-02T10:38:33.768+0000] {logging_mixin.py:190} INFO - [2024-12-02T10:38:33.767+0000] {override.py:1911} INFO - Created Permission View: menu access on DAG Run:example_external_task_marker_parent
[2024-12-02T10:38:33.778+0000] {logging_mixin.py:190} INFO - [2024-12-02T10:38:33.778+0000] {override.py:1911} INFO - Created Permission View: can read on DAG Run:example_external_task_marker_parent
[2024-12-02T10:38:33.810+0000] {logging_mixin.py:190} INFO - [2024-12-02T10:38:33.810+0000] {override.py:1911} INFO - Created Permission View: can delete on DAG Run:example_external_task_marker_parent
[2024-12-02T10:38:33.832+0000] {logging_mixin.py:190} INFO - [2024-12-02T10:38:33.831+0000] {override.py:1911} INFO - Created Permission View: can create on DAG Run:example_external_task_marker_parent
[2024-12-02T10:38:33.876+0000] {logging_mixin.py:190} INFO - [2024-12-02T10:38:33.875+0000] {override.py:1911} INFO - Created Permission View: can edit on DAG:example_external_task_marker_child
[2024-12-02T10:38:33.899+0000] {logging_mixin.py:190} INFO - [2024-12-02T10:38:33.898+0000] {override.py:1911} INFO - Created Permission View: can read on DAG:example_external_task_marker_child
[2024-12-02T10:38:33.913+0000] {logging_mixin.py:190} INFO - [2024-12-02T10:38:33.913+0000] {override.py:1911} INFO - Created Permission View: can delete on DAG:example_external_task_marker_child
[2024-12-02T10:38:33.928+0000] {logging_mixin.py:190} INFO - [2024-12-02T10:38:33.928+0000] {override.py:1911} INFO - Created Permission View: menu access on DAG Run:example_external_task_marker_child
[2024-12-02T10:38:33.952+0000] {logging_mixin.py:190} INFO - [2024-12-02T10:38:33.951+0000] {override.py:1911} INFO - Created Permission View: can read on DAG Run:example_external_task_marker_child
[2024-12-02T10:38:33.976+0000] {logging_mixin.py:190} INFO - [2024-12-02T10:38:33.975+0000] {override.py:1911} INFO - Created Permission View: can delete on DAG Run:example_external_task_marker_child
[2024-12-02T10:38:34.006+0000] {logging_mixin.py:190} INFO - [2024-12-02T10:38:34.005+0000] {override.py:1911} INFO - Created Permission View: can create on DAG Run:example_external_task_marker_child
[2024-12-02T10:38:34.009+0000] {logging_mixin.py:190} INFO - [2024-12-02T10:38:34.009+0000] {dag.py:3239} INFO - Sync 2 DAGs
[2024-12-02T10:38:34.049+0000] {logging_mixin.py:190} INFO - [2024-12-02T10:38:34.049+0000] {dag.py:3262} INFO - Creating ORM DAG for example_external_task_marker_parent
[2024-12-02T10:38:34.050+0000] {logging_mixin.py:190} INFO - [2024-12-02T10:38:34.050+0000] {dag.py:3262} INFO - Creating ORM DAG for example_external_task_marker_child
[2024-12-02T10:38:34.051+0000] {logging_mixin.py:190} INFO - [2024-12-02T10:38:34.050+0000] {dag.py:4180} INFO - Setting next_dagrun for example_external_task_marker_child to None, run_after=None
[2024-12-02T10:38:34.051+0000] {logging_mixin.py:190} INFO - [2024-12-02T10:38:34.051+0000] {dag.py:4180} INFO - Setting next_dagrun for example_external_task_marker_parent to None, run_after=None
[2024-12-02T10:38:34.102+0000] {processor.py:208} INFO - Processing /home/airflow/.local/lib/python3.12/site-packages/airflow/example_dags/example_external_task_marker_dag.py took 0.722 seconds
[2024-12-02T10:39:11.634+0000] {processor.py:186} INFO - Started process (PID=177) to work on /home/airflow/.local/lib/python3.12/site-packages/airflow/example_dags/example_external_task_marker_dag.py
[2024-12-02T10:39:11.641+0000] {processor.py:914} INFO - Processing file /home/airflow/.local/lib/python3.12/site-packages/airflow/example_dags/example_external_task_marker_dag.py for tasks to queue
[2024-12-02T10:39:11.656+0000] {logging_mixin.py:190} INFO - [2024-12-02T10:39:11.653+0000] {dagbag.py:588} INFO - Filling up the DagBag from /home/airflow/.local/lib/python3.12/site-packages/airflow/example_dags/example_external_task_marker_dag.py
[2024-12-02T10:39:11.690+0000] {processor.py:925} INFO - DAG(s) 'example_external_task_marker_parent', 'example_external_task_marker_child' retrieved from /home/airflow/.local/lib/python3.12/site-packages/airflow/example_dags/example_external_task_marker_dag.py
[2024-12-02T10:39:11.903+0000] {logging_mixin.py:190} INFO - [2024-12-02T10:39:11.902+0000] {dag.py:3239} INFO - Sync 2 DAGs
[2024-12-02T10:39:12.014+0000] {logging_mixin.py:190} INFO - [2024-12-02T10:39:12.014+0000] {dag.py:4180} INFO - Setting next_dagrun for example_external_task_marker_child to None, run_after=None
[2024-12-02T10:39:12.032+0000] {logging_mixin.py:190} INFO - [2024-12-02T10:39:12.031+0000] {dag.py:4180} INFO - Setting next_dagrun for example_external_task_marker_parent to None, run_after=None
[2024-12-02T10:39:12.109+0000] {processor.py:208} INFO - Processing /home/airflow/.local/lib/python3.12/site-packages/airflow/example_dags/example_external_task_marker_dag.py took 0.493 seconds
[2024-12-02T10:39:42.974+0000] {processor.py:186} INFO - Started process (PID=240) to work on /home/airflow/.local/lib/python3.12/site-packages/airflow/example_dags/example_external_task_marker_dag.py
[2024-12-02T10:39:42.985+0000] {processor.py:914} INFO - Processing file /home/airflow/.local/lib/python3.12/site-packages/airflow/example_dags/example_external_task_marker_dag.py for tasks to queue
[2024-12-02T10:39:42.996+0000] {logging_mixin.py:190} INFO - [2024-12-02T10:39:42.996+0000] {dagbag.py:588} INFO - Filling up the DagBag from /home/airflow/.local/lib/python3.12/site-packages/airflow/example_dags/example_external_task_marker_dag.py
[2024-12-02T10:39:43.052+0000] {processor.py:925} INFO - DAG(s) 'example_external_task_marker_child', 'example_external_task_marker_parent' retrieved from /home/airflow/.local/lib/python3.12/site-packages/airflow/example_dags/example_external_task_marker_dag.py
[2024-12-02T10:39:43.157+0000] {logging_mixin.py:190} INFO - [2024-12-02T10:39:43.157+0000] {dag.py:3239} INFO - Sync 2 DAGs
[2024-12-02T10:39:43.251+0000] {logging_mixin.py:190} INFO - [2024-12-02T10:39:43.249+0000] {dag.py:4180} INFO - Setting next_dagrun for example_external_task_marker_child to None, run_after=None
[2024-12-02T10:39:43.270+0000] {logging_mixin.py:190} INFO - [2024-12-02T10:39:43.269+0000] {dag.py:4180} INFO - Setting next_dagrun for example_external_task_marker_parent to None, run_after=None
[2024-12-02T10:39:43.410+0000] {processor.py:208} INFO - Processing /home/airflow/.local/lib/python3.12/site-packages/airflow/example_dags/example_external_task_marker_dag.py took 0.511 seconds
[2024-12-02T10:40:14.099+0000] {processor.py:186} INFO - Started process (PID=303) to work on /home/airflow/.local/lib/python3.12/site-packages/airflow/example_dags/example_external_task_marker_dag.py
[2024-12-02T10:40:14.100+0000] {processor.py:914} INFO - Processing file /home/airflow/.local/lib/python3.12/site-packages/airflow/example_dags/example_external_task_marker_dag.py for tasks to queue
[2024-12-02T10:40:14.102+0000] {logging_mixin.py:190} INFO - [2024-12-02T10:40:14.102+0000] {dagbag.py:588} INFO - Filling up the DagBag from /home/airflow/.local/lib/python3.12/site-packages/airflow/example_dags/example_external_task_marker_dag.py
[2024-12-02T10:40:14.110+0000] {processor.py:925} INFO - DAG(s) 'example_external_task_marker_child', 'example_external_task_marker_parent' retrieved from /home/airflow/.local/lib/python3.12/site-packages/airflow/example_dags/example_external_task_marker_dag.py
[2024-12-02T10:40:14.129+0000] {logging_mixin.py:190} INFO - [2024-12-02T10:40:14.129+0000] {dag.py:3239} INFO - Sync 2 DAGs
[2024-12-02T10:40:14.143+0000] {logging_mixin.py:190} INFO - [2024-12-02T10:40:14.143+0000] {dag.py:4180} INFO - Setting next_dagrun for example_external_task_marker_child to None, run_after=None
[2024-12-02T10:40:14.147+0000] {logging_mixin.py:190} INFO - [2024-12-02T10:40:14.146+0000] {dag.py:4180} INFO - Setting next_dagrun for example_external_task_marker_parent to None, run_after=None
[2024-12-02T10:40:14.215+0000] {processor.py:208} INFO - Processing /home/airflow/.local/lib/python3.12/site-packages/airflow/example_dags/example_external_task_marker_dag.py took 0.121 seconds
[2024-12-02T10:40:44.877+0000] {processor.py:186} INFO - Started process (PID=368) to work on /home/airflow/.local/lib/python3.12/site-packages/airflow/example_dags/example_external_task_marker_dag.py
[2024-12-02T10:40:44.879+0000] {processor.py:914} INFO - Processing file /home/airflow/.local/lib/python3.12/site-packages/airflow/example_dags/example_external_task_marker_dag.py for tasks to queue
[2024-12-02T10:40:44.884+0000] {logging_mixin.py:190} INFO - [2024-12-02T10:40:44.883+0000] {dagbag.py:588} INFO - Filling up the DagBag from /home/airflow/.local/lib/python3.12/site-packages/airflow/example_dags/example_external_task_marker_dag.py
[2024-12-02T10:40:44.906+0000] {processor.py:925} INFO - DAG(s) 'example_external_task_marker_parent', 'example_external_task_marker_child' retrieved from /home/airflow/.local/lib/python3.12/site-packages/airflow/example_dags/example_external_task_marker_dag.py
[2024-12-02T10:40:44.927+0000] {logging_mixin.py:190} INFO - [2024-12-02T10:40:44.927+0000] {dag.py:3239} INFO - Sync 2 DAGs
[2024-12-02T10:40:44.940+0000] {logging_mixin.py:190} INFO - [2024-12-02T10:40:44.940+0000] {dag.py:4180} INFO - Setting next_dagrun for example_external_task_marker_child to None, run_after=None
[2024-12-02T10:40:44.944+0000] {logging_mixin.py:190} INFO - [2024-12-02T10:40:44.944+0000] {dag.py:4180} INFO - Setting next_dagrun for example_external_task_marker_parent to None, run_after=None
[2024-12-02T10:40:44.966+0000] {processor.py:208} INFO - Processing /home/airflow/.local/lib/python3.12/site-packages/airflow/example_dags/example_external_task_marker_dag.py took 0.093 seconds
[2024-12-02T10:42:25.276+0000] {processor.py:186} INFO - Started process (PID=107) to work on /home/airflow/.local/lib/python3.12/site-packages/airflow/example_dags/example_external_task_marker_dag.py
[2024-12-02T10:42:25.377+0000] {processor.py:914} INFO - Processing file /home/airflow/.local/lib/python3.12/site-packages/airflow/example_dags/example_external_task_marker_dag.py for tasks to queue
[2024-12-02T10:42:25.380+0000] {logging_mixin.py:190} INFO - [2024-12-02T10:42:25.380+0000] {dagbag.py:588} INFO - Filling up the DagBag from /home/airflow/.local/lib/python3.12/site-packages/airflow/example_dags/example_external_task_marker_dag.py
[2024-12-02T10:42:25.398+0000] {processor.py:925} INFO - DAG(s) 'example_external_task_marker_parent', 'example_external_task_marker_child' retrieved from /home/airflow/.local/lib/python3.12/site-packages/airflow/example_dags/example_external_task_marker_dag.py
[2024-12-02T10:42:25.441+0000] {logging_mixin.py:190} INFO - [2024-12-02T10:42:25.441+0000] {dag.py:3239} INFO - Sync 2 DAGs
[2024-12-02T10:42:25.635+0000] {logging_mixin.py:190} INFO - [2024-12-02T10:42:25.635+0000] {dag.py:4180} INFO - Setting next_dagrun for example_external_task_marker_child to None, run_after=None
[2024-12-02T10:42:25.638+0000] {logging_mixin.py:190} INFO - [2024-12-02T10:42:25.637+0000] {dag.py:4180} INFO - Setting next_dagrun for example_external_task_marker_parent to None, run_after=None
[2024-12-02T10:42:25.732+0000] {processor.py:208} INFO - Processing /home/airflow/.local/lib/python3.12/site-packages/airflow/example_dags/example_external_task_marker_dag.py took 0.461 seconds
[2024-12-02T10:42:56.610+0000] {processor.py:186} INFO - Started process (PID=170) to work on /home/airflow/.local/lib/python3.12/site-packages/airflow/example_dags/example_external_task_marker_dag.py
[2024-12-02T10:42:56.611+0000] {processor.py:914} INFO - Processing file /home/airflow/.local/lib/python3.12/site-packages/airflow/example_dags/example_external_task_marker_dag.py for tasks to queue
[2024-12-02T10:42:56.614+0000] {logging_mixin.py:190} INFO - [2024-12-02T10:42:56.614+0000] {dagbag.py:588} INFO - Filling up the DagBag from /home/airflow/.local/lib/python3.12/site-packages/airflow/example_dags/example_external_task_marker_dag.py
[2024-12-02T10:42:56.634+0000] {processor.py:925} INFO - DAG(s) 'example_external_task_marker_child', 'example_external_task_marker_parent' retrieved from /home/airflow/.local/lib/python3.12/site-packages/airflow/example_dags/example_external_task_marker_dag.py
[2024-12-02T10:42:56.674+0000] {logging_mixin.py:190} INFO - [2024-12-02T10:42:56.674+0000] {dag.py:3239} INFO - Sync 2 DAGs
[2024-12-02T10:42:56.703+0000] {logging_mixin.py:190} INFO - [2024-12-02T10:42:56.703+0000] {dag.py:4180} INFO - Setting next_dagrun for example_external_task_marker_child to None, run_after=None
[2024-12-02T10:42:56.707+0000] {logging_mixin.py:190} INFO - [2024-12-02T10:42:56.706+0000] {dag.py:4180} INFO - Setting next_dagrun for example_external_task_marker_parent to None, run_after=None
[2024-12-02T10:42:56.737+0000] {processor.py:208} INFO - Processing /home/airflow/.local/lib/python3.12/site-packages/airflow/example_dags/example_external_task_marker_dag.py took 0.153 seconds
[2024-12-02T10:43:26.880+0000] {processor.py:186} INFO - Started process (PID=233) to work on /home/airflow/.local/lib/python3.12/site-packages/airflow/example_dags/example_external_task_marker_dag.py
[2024-12-02T10:43:26.882+0000] {processor.py:914} INFO - Processing file /home/airflow/.local/lib/python3.12/site-packages/airflow/example_dags/example_external_task_marker_dag.py for tasks to queue
[2024-12-02T10:43:26.884+0000] {logging_mixin.py:190} INFO - [2024-12-02T10:43:26.884+0000] {dagbag.py:588} INFO - Filling up the DagBag from /home/airflow/.local/lib/python3.12/site-packages/airflow/example_dags/example_external_task_marker_dag.py
[2024-12-02T10:43:26.890+0000] {processor.py:925} INFO - DAG(s) 'example_external_task_marker_child', 'example_external_task_marker_parent' retrieved from /home/airflow/.local/lib/python3.12/site-packages/airflow/example_dags/example_external_task_marker_dag.py
[2024-12-02T10:43:26.910+0000] {logging_mixin.py:190} INFO - [2024-12-02T10:43:26.910+0000] {dag.py:3239} INFO - Sync 2 DAGs
[2024-12-02T10:43:26.919+0000] {logging_mixin.py:190} INFO - [2024-12-02T10:43:26.919+0000] {dag.py:4180} INFO - Setting next_dagrun for example_external_task_marker_child to None, run_after=None
[2024-12-02T10:43:26.922+0000] {logging_mixin.py:190} INFO - [2024-12-02T10:43:26.922+0000] {dag.py:4180} INFO - Setting next_dagrun for example_external_task_marker_parent to None, run_after=None
[2024-12-02T10:43:26.936+0000] {processor.py:208} INFO - Processing /home/airflow/.local/lib/python3.12/site-packages/airflow/example_dags/example_external_task_marker_dag.py took 0.060 seconds
[2024-12-02T10:43:57.063+0000] {processor.py:186} INFO - Started process (PID=296) to work on /home/airflow/.local/lib/python3.12/site-packages/airflow/example_dags/example_external_task_marker_dag.py
[2024-12-02T10:43:57.069+0000] {processor.py:914} INFO - Processing file /home/airflow/.local/lib/python3.12/site-packages/airflow/example_dags/example_external_task_marker_dag.py for tasks to queue
[2024-12-02T10:43:57.071+0000] {logging_mixin.py:190} INFO - [2024-12-02T10:43:57.070+0000] {dagbag.py:588} INFO - Filling up the DagBag from /home/airflow/.local/lib/python3.12/site-packages/airflow/example_dags/example_external_task_marker_dag.py
[2024-12-02T10:43:57.078+0000] {processor.py:925} INFO - DAG(s) 'example_external_task_marker_parent', 'example_external_task_marker_child' retrieved from /home/airflow/.local/lib/python3.12/site-packages/airflow/example_dags/example_external_task_marker_dag.py
[2024-12-02T10:43:57.101+0000] {logging_mixin.py:190} INFO - [2024-12-02T10:43:57.101+0000] {dag.py:3239} INFO - Sync 2 DAGs
[2024-12-02T10:43:57.111+0000] {logging_mixin.py:190} INFO - [2024-12-02T10:43:57.111+0000] {dag.py:4180} INFO - Setting next_dagrun for example_external_task_marker_child to None, run_after=None
[2024-12-02T10:43:57.114+0000] {logging_mixin.py:190} INFO - [2024-12-02T10:43:57.114+0000] {dag.py:4180} INFO - Setting next_dagrun for example_external_task_marker_parent to None, run_after=None
[2024-12-02T10:43:57.135+0000] {processor.py:208} INFO - Processing /home/airflow/.local/lib/python3.12/site-packages/airflow/example_dags/example_external_task_marker_dag.py took 0.077 seconds
[2024-12-02T10:44:29.852+0000] {processor.py:186} INFO - Started process (PID=360) to work on /home/airflow/.local/lib/python3.12/site-packages/airflow/example_dags/example_external_task_marker_dag.py
[2024-12-02T10:44:29.854+0000] {processor.py:914} INFO - Processing file /home/airflow/.local/lib/python3.12/site-packages/airflow/example_dags/example_external_task_marker_dag.py for tasks to queue
[2024-12-02T10:44:29.856+0000] {logging_mixin.py:190} INFO - [2024-12-02T10:44:29.856+0000] {dagbag.py:588} INFO - Filling up the DagBag from /home/airflow/.local/lib/python3.12/site-packages/airflow/example_dags/example_external_task_marker_dag.py
[2024-12-02T10:44:29.874+0000] {processor.py:925} INFO - DAG(s) 'example_external_task_marker_child', 'example_external_task_marker_parent' retrieved from /home/airflow/.local/lib/python3.12/site-packages/airflow/example_dags/example_external_task_marker_dag.py
[2024-12-02T10:44:29.913+0000] {logging_mixin.py:190} INFO - [2024-12-02T10:44:29.913+0000] {dag.py:3239} INFO - Sync 2 DAGs
[2024-12-02T10:44:29.941+0000] {logging_mixin.py:190} INFO - [2024-12-02T10:44:29.941+0000] {dag.py:4180} INFO - Setting next_dagrun for example_external_task_marker_child to None, run_after=None
[2024-12-02T10:44:29.945+0000] {logging_mixin.py:190} INFO - [2024-12-02T10:44:29.945+0000] {dag.py:4180} INFO - Setting next_dagrun for example_external_task_marker_parent to None, run_after=None
[2024-12-02T10:44:29.979+0000] {processor.py:208} INFO - Processing /home/airflow/.local/lib/python3.12/site-packages/airflow/example_dags/example_external_task_marker_dag.py took 0.133 seconds
[2024-12-02T10:45:06.585+0000] {processor.py:186} INFO - Started process (PID=426) to work on /home/airflow/.local/lib/python3.12/site-packages/airflow/example_dags/example_external_task_marker_dag.py
[2024-12-02T10:45:06.596+0000] {processor.py:914} INFO - Processing file /home/airflow/.local/lib/python3.12/site-packages/airflow/example_dags/example_external_task_marker_dag.py for tasks to queue
[2024-12-02T10:45:06.598+0000] {logging_mixin.py:190} INFO - [2024-12-02T10:45:06.598+0000] {dagbag.py:588} INFO - Filling up the DagBag from /home/airflow/.local/lib/python3.12/site-packages/airflow/example_dags/example_external_task_marker_dag.py
[2024-12-02T10:45:06.642+0000] {processor.py:925} INFO - DAG(s) 'example_external_task_marker_child', 'example_external_task_marker_parent' retrieved from /home/airflow/.local/lib/python3.12/site-packages/airflow/example_dags/example_external_task_marker_dag.py
[2024-12-02T10:45:06.685+0000] {logging_mixin.py:190} INFO - [2024-12-02T10:45:06.685+0000] {dag.py:3239} INFO - Sync 2 DAGs
[2024-12-02T10:45:06.709+0000] {logging_mixin.py:190} INFO - [2024-12-02T10:45:06.709+0000] {dag.py:4180} INFO - Setting next_dagrun for example_external_task_marker_child to None, run_after=None
[2024-12-02T10:45:06.717+0000] {logging_mixin.py:190} INFO - [2024-12-02T10:45:06.717+0000] {dag.py:4180} INFO - Setting next_dagrun for example_external_task_marker_parent to None, run_after=None
[2024-12-02T10:45:06.742+0000] {processor.py:208} INFO - Processing /home/airflow/.local/lib/python3.12/site-packages/airflow/example_dags/example_external_task_marker_dag.py took 0.169 seconds
[2024-12-02T10:45:37.977+0000] {processor.py:186} INFO - Started process (PID=490) to work on /home/airflow/.local/lib/python3.12/site-packages/airflow/example_dags/example_external_task_marker_dag.py
[2024-12-02T10:45:37.977+0000] {processor.py:914} INFO - Processing file /home/airflow/.local/lib/python3.12/site-packages/airflow/example_dags/example_external_task_marker_dag.py for tasks to queue
[2024-12-02T10:45:37.991+0000] {logging_mixin.py:190} INFO - [2024-12-02T10:45:37.990+0000] {dagbag.py:588} INFO - Filling up the DagBag from /home/airflow/.local/lib/python3.12/site-packages/airflow/example_dags/example_external_task_marker_dag.py
[2024-12-02T10:45:37.996+0000] {processor.py:925} INFO - DAG(s) 'example_external_task_marker_parent', 'example_external_task_marker_child' retrieved from /home/airflow/.local/lib/python3.12/site-packages/airflow/example_dags/example_external_task_marker_dag.py
[2024-12-02T10:45:38.011+0000] {logging_mixin.py:190} INFO - [2024-12-02T10:45:38.011+0000] {dag.py:3239} INFO - Sync 2 DAGs
[2024-12-02T10:45:38.022+0000] {logging_mixin.py:190} INFO - [2024-12-02T10:45:38.022+0000] {dag.py:4180} INFO - Setting next_dagrun for example_external_task_marker_child to None, run_after=None
[2024-12-02T10:45:38.025+0000] {logging_mixin.py:190} INFO - [2024-12-02T10:45:38.025+0000] {dag.py:4180} INFO - Setting next_dagrun for example_external_task_marker_parent to None, run_after=None
[2024-12-02T10:45:38.045+0000] {processor.py:208} INFO - Processing /home/airflow/.local/lib/python3.12/site-packages/airflow/example_dags/example_external_task_marker_dag.py took 0.073 seconds
[2024-12-02T10:46:08.585+0000] {processor.py:186} INFO - Started process (PID=553) to work on /home/airflow/.local/lib/python3.12/site-packages/airflow/example_dags/example_external_task_marker_dag.py
[2024-12-02T10:46:08.588+0000] {processor.py:914} INFO - Processing file /home/airflow/.local/lib/python3.12/site-packages/airflow/example_dags/example_external_task_marker_dag.py for tasks to queue
[2024-12-02T10:46:08.592+0000] {logging_mixin.py:190} INFO - [2024-12-02T10:46:08.592+0000] {dagbag.py:588} INFO - Filling up the DagBag from /home/airflow/.local/lib/python3.12/site-packages/airflow/example_dags/example_external_task_marker_dag.py
[2024-12-02T10:46:08.603+0000] {processor.py:925} INFO - DAG(s) 'example_external_task_marker_parent', 'example_external_task_marker_child' retrieved from /home/airflow/.local/lib/python3.12/site-packages/airflow/example_dags/example_external_task_marker_dag.py
[2024-12-02T10:46:08.637+0000] {logging_mixin.py:190} INFO - [2024-12-02T10:46:08.636+0000] {dag.py:3239} INFO - Sync 2 DAGs
[2024-12-02T10:46:08.656+0000] {logging_mixin.py:190} INFO - [2024-12-02T10:46:08.656+0000] {dag.py:4180} INFO - Setting next_dagrun for example_external_task_marker_child to None, run_after=None
[2024-12-02T10:46:08.672+0000] {logging_mixin.py:190} INFO - [2024-12-02T10:46:08.672+0000] {dag.py:4180} INFO - Setting next_dagrun for example_external_task_marker_parent to None, run_after=None
[2024-12-02T10:46:08.733+0000] {processor.py:208} INFO - Processing /home/airflow/.local/lib/python3.12/site-packages/airflow/example_dags/example_external_task_marker_dag.py took 0.152 seconds
[2024-12-02T10:46:40.389+0000] {processor.py:186} INFO - Started process (PID=617) to work on /home/airflow/.local/lib/python3.12/site-packages/airflow/example_dags/example_external_task_marker_dag.py
[2024-12-02T10:46:40.410+0000] {processor.py:914} INFO - Processing file /home/airflow/.local/lib/python3.12/site-packages/airflow/example_dags/example_external_task_marker_dag.py for tasks to queue
[2024-12-02T10:46:40.416+0000] {logging_mixin.py:190} INFO - [2024-12-02T10:46:40.416+0000] {dagbag.py:588} INFO - Filling up the DagBag from /home/airflow/.local/lib/python3.12/site-packages/airflow/example_dags/example_external_task_marker_dag.py
[2024-12-02T10:46:40.445+0000] {processor.py:925} INFO - DAG(s) 'example_external_task_marker_child', 'example_external_task_marker_parent' retrieved from /home/airflow/.local/lib/python3.12/site-packages/airflow/example_dags/example_external_task_marker_dag.py
[2024-12-02T10:46:40.498+0000] {logging_mixin.py:190} INFO - [2024-12-02T10:46:40.497+0000] {dag.py:3239} INFO - Sync 2 DAGs
[2024-12-02T10:46:40.554+0000] {logging_mixin.py:190} INFO - [2024-12-02T10:46:40.552+0000] {dag.py:4180} INFO - Setting next_dagrun for example_external_task_marker_child to None, run_after=None
[2024-12-02T10:46:40.604+0000] {logging_mixin.py:190} INFO - [2024-12-02T10:46:40.603+0000] {dag.py:4180} INFO - Setting next_dagrun for example_external_task_marker_parent to None, run_after=None
[2024-12-02T10:46:40.663+0000] {processor.py:208} INFO - Processing /home/airflow/.local/lib/python3.12/site-packages/airflow/example_dags/example_external_task_marker_dag.py took 0.304 seconds
[2024-12-02T10:58:24.953+0000] {processor.py:186} INFO - Started process (PID=113) to work on /home/airflow/.local/lib/python3.12/site-packages/airflow/example_dags/example_external_task_marker_dag.py
[2024-12-02T10:58:24.971+0000] {processor.py:914} INFO - Processing file /home/airflow/.local/lib/python3.12/site-packages/airflow/example_dags/example_external_task_marker_dag.py for tasks to queue
[2024-12-02T10:58:24.974+0000] {logging_mixin.py:190} INFO - [2024-12-02T10:58:24.974+0000] {dagbag.py:588} INFO - Filling up the DagBag from /home/airflow/.local/lib/python3.12/site-packages/airflow/example_dags/example_external_task_marker_dag.py
[2024-12-02T10:58:24.983+0000] {processor.py:925} INFO - DAG(s) 'example_external_task_marker_parent', 'example_external_task_marker_child' retrieved from /home/airflow/.local/lib/python3.12/site-packages/airflow/example_dags/example_external_task_marker_dag.py
[2024-12-02T10:58:25.071+0000] {logging_mixin.py:190} INFO - [2024-12-02T10:58:25.063+0000] {dag.py:3239} INFO - Sync 2 DAGs
[2024-12-02T10:58:25.105+0000] {logging_mixin.py:190} INFO - [2024-12-02T10:58:25.104+0000] {dag.py:4180} INFO - Setting next_dagrun for example_external_task_marker_child to None, run_after=None
[2024-12-02T10:58:25.122+0000] {logging_mixin.py:190} INFO - [2024-12-02T10:58:25.122+0000] {dag.py:4180} INFO - Setting next_dagrun for example_external_task_marker_parent to None, run_after=None
[2024-12-02T10:58:25.197+0000] {processor.py:208} INFO - Processing /home/airflow/.local/lib/python3.12/site-packages/airflow/example_dags/example_external_task_marker_dag.py took 0.257 seconds
[2024-12-02T10:58:58.334+0000] {processor.py:186} INFO - Started process (PID=178) to work on /home/airflow/.local/lib/python3.12/site-packages/airflow/example_dags/example_external_task_marker_dag.py
[2024-12-02T10:58:58.337+0000] {processor.py:914} INFO - Processing file /home/airflow/.local/lib/python3.12/site-packages/airflow/example_dags/example_external_task_marker_dag.py for tasks to queue
[2024-12-02T10:58:58.346+0000] {logging_mixin.py:190} INFO - [2024-12-02T10:58:58.345+0000] {dagbag.py:588} INFO - Filling up the DagBag from /home/airflow/.local/lib/python3.12/site-packages/airflow/example_dags/example_external_task_marker_dag.py
[2024-12-02T10:58:58.373+0000] {processor.py:925} INFO - DAG(s) 'example_external_task_marker_parent', 'example_external_task_marker_child' retrieved from /home/airflow/.local/lib/python3.12/site-packages/airflow/example_dags/example_external_task_marker_dag.py
[2024-12-02T10:58:58.537+0000] {logging_mixin.py:190} INFO - [2024-12-02T10:58:58.536+0000] {dag.py:3239} INFO - Sync 2 DAGs
[2024-12-02T10:58:58.627+0000] {logging_mixin.py:190} INFO - [2024-12-02T10:58:58.626+0000] {dag.py:4180} INFO - Setting next_dagrun for example_external_task_marker_child to None, run_after=None
[2024-12-02T10:58:58.638+0000] {logging_mixin.py:190} INFO - [2024-12-02T10:58:58.638+0000] {dag.py:4180} INFO - Setting next_dagrun for example_external_task_marker_parent to None, run_after=None
[2024-12-02T10:58:58.739+0000] {processor.py:208} INFO - Processing /home/airflow/.local/lib/python3.12/site-packages/airflow/example_dags/example_external_task_marker_dag.py took 0.422 seconds
[2024-12-02T10:59:30.305+0000] {processor.py:186} INFO - Started process (PID=242) to work on /home/airflow/.local/lib/python3.12/site-packages/airflow/example_dags/example_external_task_marker_dag.py
[2024-12-02T10:59:30.340+0000] {processor.py:914} INFO - Processing file /home/airflow/.local/lib/python3.12/site-packages/airflow/example_dags/example_external_task_marker_dag.py for tasks to queue
[2024-12-02T10:59:30.349+0000] {logging_mixin.py:190} INFO - [2024-12-02T10:59:30.348+0000] {dagbag.py:588} INFO - Filling up the DagBag from /home/airflow/.local/lib/python3.12/site-packages/airflow/example_dags/example_external_task_marker_dag.py
[2024-12-02T10:59:30.365+0000] {processor.py:925} INFO - DAG(s) 'example_external_task_marker_child', 'example_external_task_marker_parent' retrieved from /home/airflow/.local/lib/python3.12/site-packages/airflow/example_dags/example_external_task_marker_dag.py
[2024-12-02T10:59:30.470+0000] {logging_mixin.py:190} INFO - [2024-12-02T10:59:30.469+0000] {dag.py:3239} INFO - Sync 2 DAGs
[2024-12-02T10:59:30.535+0000] {logging_mixin.py:190} INFO - [2024-12-02T10:59:30.535+0000] {dag.py:4180} INFO - Setting next_dagrun for example_external_task_marker_child to None, run_after=None
[2024-12-02T10:59:30.585+0000] {logging_mixin.py:190} INFO - [2024-12-02T10:59:30.585+0000] {dag.py:4180} INFO - Setting next_dagrun for example_external_task_marker_parent to None, run_after=None
[2024-12-02T10:59:30.877+0000] {processor.py:208} INFO - Processing /home/airflow/.local/lib/python3.12/site-packages/airflow/example_dags/example_external_task_marker_dag.py took 0.577 seconds
[2024-12-02T11:00:01.694+0000] {processor.py:186} INFO - Started process (PID=305) to work on /home/airflow/.local/lib/python3.12/site-packages/airflow/example_dags/example_external_task_marker_dag.py
[2024-12-02T11:00:01.696+0000] {processor.py:914} INFO - Processing file /home/airflow/.local/lib/python3.12/site-packages/airflow/example_dags/example_external_task_marker_dag.py for tasks to queue
[2024-12-02T11:00:01.699+0000] {logging_mixin.py:190} INFO - [2024-12-02T11:00:01.699+0000] {dagbag.py:588} INFO - Filling up the DagBag from /home/airflow/.local/lib/python3.12/site-packages/airflow/example_dags/example_external_task_marker_dag.py
[2024-12-02T11:00:01.706+0000] {processor.py:925} INFO - DAG(s) 'example_external_task_marker_parent', 'example_external_task_marker_child' retrieved from /home/airflow/.local/lib/python3.12/site-packages/airflow/example_dags/example_external_task_marker_dag.py
[2024-12-02T11:00:01.726+0000] {logging_mixin.py:190} INFO - [2024-12-02T11:00:01.725+0000] {dag.py:3239} INFO - Sync 2 DAGs
[2024-12-02T11:00:01.737+0000] {logging_mixin.py:190} INFO - [2024-12-02T11:00:01.737+0000] {dag.py:4180} INFO - Setting next_dagrun for example_external_task_marker_child to None, run_after=None
[2024-12-02T11:00:01.741+0000] {logging_mixin.py:190} INFO - [2024-12-02T11:00:01.741+0000] {dag.py:4180} INFO - Setting next_dagrun for example_external_task_marker_parent to None, run_after=None
[2024-12-02T11:00:01.757+0000] {processor.py:208} INFO - Processing /home/airflow/.local/lib/python3.12/site-packages/airflow/example_dags/example_external_task_marker_dag.py took 0.068 seconds
[2024-12-02T11:00:32.404+0000] {processor.py:186} INFO - Started process (PID=368) to work on /home/airflow/.local/lib/python3.12/site-packages/airflow/example_dags/example_external_task_marker_dag.py
[2024-12-02T11:00:32.404+0000] {processor.py:914} INFO - Processing file /home/airflow/.local/lib/python3.12/site-packages/airflow/example_dags/example_external_task_marker_dag.py for tasks to queue
[2024-12-02T11:00:32.406+0000] {logging_mixin.py:190} INFO - [2024-12-02T11:00:32.405+0000] {dagbag.py:588} INFO - Filling up the DagBag from /home/airflow/.local/lib/python3.12/site-packages/airflow/example_dags/example_external_task_marker_dag.py
[2024-12-02T11:00:32.411+0000] {processor.py:925} INFO - DAG(s) 'example_external_task_marker_child', 'example_external_task_marker_parent' retrieved from /home/airflow/.local/lib/python3.12/site-packages/airflow/example_dags/example_external_task_marker_dag.py
[2024-12-02T11:00:32.428+0000] {logging_mixin.py:190} INFO - [2024-12-02T11:00:32.428+0000] {dag.py:3239} INFO - Sync 2 DAGs
[2024-12-02T11:00:32.437+0000] {logging_mixin.py:190} INFO - [2024-12-02T11:00:32.437+0000] {dag.py:4180} INFO - Setting next_dagrun for example_external_task_marker_child to None, run_after=None
[2024-12-02T11:00:32.440+0000] {logging_mixin.py:190} INFO - [2024-12-02T11:00:32.440+0000] {dag.py:4180} INFO - Setting next_dagrun for example_external_task_marker_parent to None, run_after=None
[2024-12-02T11:00:32.453+0000] {processor.py:208} INFO - Processing /home/airflow/.local/lib/python3.12/site-packages/airflow/example_dags/example_external_task_marker_dag.py took 0.054 seconds
[2024-12-02T11:01:02.863+0000] {processor.py:186} INFO - Started process (PID=432) to work on /home/airflow/.local/lib/python3.12/site-packages/airflow/example_dags/example_external_task_marker_dag.py
[2024-12-02T11:01:02.865+0000] {processor.py:914} INFO - Processing file /home/airflow/.local/lib/python3.12/site-packages/airflow/example_dags/example_external_task_marker_dag.py for tasks to queue
[2024-12-02T11:01:02.867+0000] {logging_mixin.py:190} INFO - [2024-12-02T11:01:02.867+0000] {dagbag.py:588} INFO - Filling up the DagBag from /home/airflow/.local/lib/python3.12/site-packages/airflow/example_dags/example_external_task_marker_dag.py
[2024-12-02T11:01:02.873+0000] {processor.py:925} INFO - DAG(s) 'example_external_task_marker_child', 'example_external_task_marker_parent' retrieved from /home/airflow/.local/lib/python3.12/site-packages/airflow/example_dags/example_external_task_marker_dag.py
[2024-12-02T11:01:02.888+0000] {logging_mixin.py:190} INFO - [2024-12-02T11:01:02.887+0000] {dag.py:3239} INFO - Sync 2 DAGs
[2024-12-02T11:01:02.897+0000] {logging_mixin.py:190} INFO - [2024-12-02T11:01:02.897+0000] {dag.py:4180} INFO - Setting next_dagrun for example_external_task_marker_child to None, run_after=None
[2024-12-02T11:01:02.900+0000] {logging_mixin.py:190} INFO - [2024-12-02T11:01:02.900+0000] {dag.py:4180} INFO - Setting next_dagrun for example_external_task_marker_parent to None, run_after=None
[2024-12-02T11:01:02.914+0000] {processor.py:208} INFO - Processing /home/airflow/.local/lib/python3.12/site-packages/airflow/example_dags/example_external_task_marker_dag.py took 0.055 seconds
[2024-12-02T11:01:33.344+0000] {processor.py:186} INFO - Started process (PID=496) to work on /home/airflow/.local/lib/python3.12/site-packages/airflow/example_dags/example_external_task_marker_dag.py
[2024-12-02T11:01:33.345+0000] {processor.py:914} INFO - Processing file /home/airflow/.local/lib/python3.12/site-packages/airflow/example_dags/example_external_task_marker_dag.py for tasks to queue
[2024-12-02T11:01:33.346+0000] {logging_mixin.py:190} INFO - [2024-12-02T11:01:33.346+0000] {dagbag.py:588} INFO - Filling up the DagBag from /home/airflow/.local/lib/python3.12/site-packages/airflow/example_dags/example_external_task_marker_dag.py
[2024-12-02T11:01:33.353+0000] {processor.py:925} INFO - DAG(s) 'example_external_task_marker_parent', 'example_external_task_marker_child' retrieved from /home/airflow/.local/lib/python3.12/site-packages/airflow/example_dags/example_external_task_marker_dag.py
[2024-12-02T11:01:33.374+0000] {logging_mixin.py:190} INFO - [2024-12-02T11:01:33.374+0000] {dag.py:3239} INFO - Sync 2 DAGs
[2024-12-02T11:01:33.385+0000] {logging_mixin.py:190} INFO - [2024-12-02T11:01:33.385+0000] {dag.py:4180} INFO - Setting next_dagrun for example_external_task_marker_child to None, run_after=None
[2024-12-02T11:01:33.388+0000] {logging_mixin.py:190} INFO - [2024-12-02T11:01:33.388+0000] {dag.py:4180} INFO - Setting next_dagrun for example_external_task_marker_parent to None, run_after=None
[2024-12-02T11:01:33.402+0000] {processor.py:208} INFO - Processing /home/airflow/.local/lib/python3.12/site-packages/airflow/example_dags/example_external_task_marker_dag.py took 0.068 seconds
[2024-12-02T11:02:09.370+0000] {processor.py:186} INFO - Started process (PID=559) to work on /home/airflow/.local/lib/python3.12/site-packages/airflow/example_dags/example_external_task_marker_dag.py
[2024-12-02T11:02:09.372+0000] {processor.py:914} INFO - Processing file /home/airflow/.local/lib/python3.12/site-packages/airflow/example_dags/example_external_task_marker_dag.py for tasks to queue
[2024-12-02T11:02:09.374+0000] {logging_mixin.py:190} INFO - [2024-12-02T11:02:09.374+0000] {dagbag.py:588} INFO - Filling up the DagBag from /home/airflow/.local/lib/python3.12/site-packages/airflow/example_dags/example_external_task_marker_dag.py
[2024-12-02T11:02:09.379+0000] {processor.py:925} INFO - DAG(s) 'example_external_task_marker_parent', 'example_external_task_marker_child' retrieved from /home/airflow/.local/lib/python3.12/site-packages/airflow/example_dags/example_external_task_marker_dag.py
[2024-12-02T11:02:09.395+0000] {logging_mixin.py:190} INFO - [2024-12-02T11:02:09.395+0000] {dag.py:3239} INFO - Sync 2 DAGs
[2024-12-02T11:02:09.405+0000] {logging_mixin.py:190} INFO - [2024-12-02T11:02:09.405+0000] {dag.py:4180} INFO - Setting next_dagrun for example_external_task_marker_child to None, run_after=None
[2024-12-02T11:02:09.407+0000] {logging_mixin.py:190} INFO - [2024-12-02T11:02:09.407+0000] {dag.py:4180} INFO - Setting next_dagrun for example_external_task_marker_parent to None, run_after=None
[2024-12-02T11:02:09.420+0000] {processor.py:208} INFO - Processing /home/airflow/.local/lib/python3.12/site-packages/airflow/example_dags/example_external_task_marker_dag.py took 0.054 seconds
[2024-12-02T11:02:44.710+0000] {processor.py:186} INFO - Started process (PID=622) to work on /home/airflow/.local/lib/python3.12/site-packages/airflow/example_dags/example_external_task_marker_dag.py
[2024-12-02T11:02:44.717+0000] {processor.py:914} INFO - Processing file /home/airflow/.local/lib/python3.12/site-packages/airflow/example_dags/example_external_task_marker_dag.py for tasks to queue
[2024-12-02T11:02:44.721+0000] {logging_mixin.py:190} INFO - [2024-12-02T11:02:44.721+0000] {dagbag.py:588} INFO - Filling up the DagBag from /home/airflow/.local/lib/python3.12/site-packages/airflow/example_dags/example_external_task_marker_dag.py
[2024-12-02T11:02:44.734+0000] {processor.py:925} INFO - DAG(s) 'example_external_task_marker_parent', 'example_external_task_marker_child' retrieved from /home/airflow/.local/lib/python3.12/site-packages/airflow/example_dags/example_external_task_marker_dag.py
[2024-12-02T11:02:44.784+0000] {logging_mixin.py:190} INFO - [2024-12-02T11:02:44.784+0000] {dag.py:3239} INFO - Sync 2 DAGs
[2024-12-02T11:02:44.813+0000] {logging_mixin.py:190} INFO - [2024-12-02T11:02:44.813+0000] {dag.py:4180} INFO - Setting next_dagrun for example_external_task_marker_child to None, run_after=None
[2024-12-02T11:02:44.837+0000] {logging_mixin.py:190} INFO - [2024-12-02T11:02:44.837+0000] {dag.py:4180} INFO - Setting next_dagrun for example_external_task_marker_parent to None, run_after=None
[2024-12-02T11:02:44.976+0000] {processor.py:208} INFO - Processing /home/airflow/.local/lib/python3.12/site-packages/airflow/example_dags/example_external_task_marker_dag.py took 0.270 seconds
[2024-12-02T11:03:19.313+0000] {processor.py:186} INFO - Started process (PID=686) to work on /home/airflow/.local/lib/python3.12/site-packages/airflow/example_dags/example_external_task_marker_dag.py
[2024-12-02T11:03:19.316+0000] {processor.py:914} INFO - Processing file /home/airflow/.local/lib/python3.12/site-packages/airflow/example_dags/example_external_task_marker_dag.py for tasks to queue
[2024-12-02T11:03:19.329+0000] {logging_mixin.py:190} INFO - [2024-12-02T11:03:19.329+0000] {dagbag.py:588} INFO - Filling up the DagBag from /home/airflow/.local/lib/python3.12/site-packages/airflow/example_dags/example_external_task_marker_dag.py
[2024-12-02T11:03:19.342+0000] {processor.py:925} INFO - DAG(s) 'example_external_task_marker_child', 'example_external_task_marker_parent' retrieved from /home/airflow/.local/lib/python3.12/site-packages/airflow/example_dags/example_external_task_marker_dag.py
[2024-12-02T11:03:19.392+0000] {logging_mixin.py:190} INFO - [2024-12-02T11:03:19.392+0000] {dag.py:3239} INFO - Sync 2 DAGs
[2024-12-02T11:03:19.423+0000] {logging_mixin.py:190} INFO - [2024-12-02T11:03:19.423+0000] {dag.py:4180} INFO - Setting next_dagrun for example_external_task_marker_child to None, run_after=None
[2024-12-02T11:03:19.436+0000] {logging_mixin.py:190} INFO - [2024-12-02T11:03:19.436+0000] {dag.py:4180} INFO - Setting next_dagrun for example_external_task_marker_parent to None, run_after=None
[2024-12-02T11:03:19.521+0000] {processor.py:208} INFO - Processing /home/airflow/.local/lib/python3.12/site-packages/airflow/example_dags/example_external_task_marker_dag.py took 0.216 seconds
[2024-12-02T11:03:52.635+0000] {processor.py:186} INFO - Started process (PID=758) to work on /home/airflow/.local/lib/python3.12/site-packages/airflow/example_dags/example_external_task_marker_dag.py
[2024-12-02T11:03:52.637+0000] {processor.py:914} INFO - Processing file /home/airflow/.local/lib/python3.12/site-packages/airflow/example_dags/example_external_task_marker_dag.py for tasks to queue
[2024-12-02T11:03:52.638+0000] {logging_mixin.py:190} INFO - [2024-12-02T11:03:52.638+0000] {dagbag.py:588} INFO - Filling up the DagBag from /home/airflow/.local/lib/python3.12/site-packages/airflow/example_dags/example_external_task_marker_dag.py
[2024-12-02T11:03:52.644+0000] {processor.py:925} INFO - DAG(s) 'example_external_task_marker_parent', 'example_external_task_marker_child' retrieved from /home/airflow/.local/lib/python3.12/site-packages/airflow/example_dags/example_external_task_marker_dag.py
[2024-12-02T11:03:52.660+0000] {logging_mixin.py:190} INFO - [2024-12-02T11:03:52.660+0000] {dag.py:3239} INFO - Sync 2 DAGs
[2024-12-02T11:03:52.671+0000] {logging_mixin.py:190} INFO - [2024-12-02T11:03:52.671+0000] {dag.py:4180} INFO - Setting next_dagrun for example_external_task_marker_child to None, run_after=None
[2024-12-02T11:03:52.674+0000] {logging_mixin.py:190} INFO - [2024-12-02T11:03:52.674+0000] {dag.py:4180} INFO - Setting next_dagrun for example_external_task_marker_parent to None, run_after=None
[2024-12-02T11:03:52.686+0000] {processor.py:208} INFO - Processing /home/airflow/.local/lib/python3.12/site-packages/airflow/example_dags/example_external_task_marker_dag.py took 0.056 seconds
[2024-12-02T11:04:27.482+0000] {processor.py:186} INFO - Started process (PID=830) to work on /home/airflow/.local/lib/python3.12/site-packages/airflow/example_dags/example_external_task_marker_dag.py
[2024-12-02T11:04:27.484+0000] {processor.py:914} INFO - Processing file /home/airflow/.local/lib/python3.12/site-packages/airflow/example_dags/example_external_task_marker_dag.py for tasks to queue
[2024-12-02T11:04:27.487+0000] {logging_mixin.py:190} INFO - [2024-12-02T11:04:27.486+0000] {dagbag.py:588} INFO - Filling up the DagBag from /home/airflow/.local/lib/python3.12/site-packages/airflow/example_dags/example_external_task_marker_dag.py
[2024-12-02T11:04:27.492+0000] {processor.py:925} INFO - DAG(s) 'example_external_task_marker_child', 'example_external_task_marker_parent' retrieved from /home/airflow/.local/lib/python3.12/site-packages/airflow/example_dags/example_external_task_marker_dag.py
[2024-12-02T11:04:27.508+0000] {logging_mixin.py:190} INFO - [2024-12-02T11:04:27.507+0000] {dag.py:3239} INFO - Sync 2 DAGs
[2024-12-02T11:04:27.518+0000] {logging_mixin.py:190} INFO - [2024-12-02T11:04:27.518+0000] {dag.py:4180} INFO - Setting next_dagrun for example_external_task_marker_child to None, run_after=None
[2024-12-02T11:04:27.521+0000] {logging_mixin.py:190} INFO - [2024-12-02T11:04:27.521+0000] {dag.py:4180} INFO - Setting next_dagrun for example_external_task_marker_parent to None, run_after=None
[2024-12-02T11:04:27.535+0000] {processor.py:208} INFO - Processing /home/airflow/.local/lib/python3.12/site-packages/airflow/example_dags/example_external_task_marker_dag.py took 0.057 seconds
[2024-12-02T11:05:02.433+0000] {processor.py:186} INFO - Started process (PID=907) to work on /home/airflow/.local/lib/python3.12/site-packages/airflow/example_dags/example_external_task_marker_dag.py
[2024-12-02T11:05:02.434+0000] {processor.py:914} INFO - Processing file /home/airflow/.local/lib/python3.12/site-packages/airflow/example_dags/example_external_task_marker_dag.py for tasks to queue
[2024-12-02T11:05:02.435+0000] {logging_mixin.py:190} INFO - [2024-12-02T11:05:02.435+0000] {dagbag.py:588} INFO - Filling up the DagBag from /home/airflow/.local/lib/python3.12/site-packages/airflow/example_dags/example_external_task_marker_dag.py
[2024-12-02T11:05:02.441+0000] {processor.py:925} INFO - DAG(s) 'example_external_task_marker_child', 'example_external_task_marker_parent' retrieved from /home/airflow/.local/lib/python3.12/site-packages/airflow/example_dags/example_external_task_marker_dag.py
[2024-12-02T11:05:02.460+0000] {logging_mixin.py:190} INFO - [2024-12-02T11:05:02.460+0000] {dag.py:3239} INFO - Sync 2 DAGs
[2024-12-02T11:05:02.471+0000] {logging_mixin.py:190} INFO - [2024-12-02T11:05:02.470+0000] {dag.py:4180} INFO - Setting next_dagrun for example_external_task_marker_child to None, run_after=None
[2024-12-02T11:05:02.473+0000] {logging_mixin.py:190} INFO - [2024-12-02T11:05:02.473+0000] {dag.py:4180} INFO - Setting next_dagrun for example_external_task_marker_parent to None, run_after=None
[2024-12-02T11:05:02.485+0000] {processor.py:208} INFO - Processing /home/airflow/.local/lib/python3.12/site-packages/airflow/example_dags/example_external_task_marker_dag.py took 0.057 seconds
[2024-12-02T11:05:32.780+0000] {processor.py:186} INFO - Started process (PID=971) to work on /home/airflow/.local/lib/python3.12/site-packages/airflow/example_dags/example_external_task_marker_dag.py
[2024-12-02T11:05:32.782+0000] {processor.py:914} INFO - Processing file /home/airflow/.local/lib/python3.12/site-packages/airflow/example_dags/example_external_task_marker_dag.py for tasks to queue
[2024-12-02T11:05:32.785+0000] {logging_mixin.py:190} INFO - [2024-12-02T11:05:32.784+0000] {dagbag.py:588} INFO - Filling up the DagBag from /home/airflow/.local/lib/python3.12/site-packages/airflow/example_dags/example_external_task_marker_dag.py
[2024-12-02T11:05:32.792+0000] {processor.py:925} INFO - DAG(s) 'example_external_task_marker_child', 'example_external_task_marker_parent' retrieved from /home/airflow/.local/lib/python3.12/site-packages/airflow/example_dags/example_external_task_marker_dag.py
[2024-12-02T11:05:32.809+0000] {logging_mixin.py:190} INFO - [2024-12-02T11:05:32.809+0000] {dag.py:3239} INFO - Sync 2 DAGs
[2024-12-02T11:05:32.822+0000] {logging_mixin.py:190} INFO - [2024-12-02T11:05:32.822+0000] {dag.py:4180} INFO - Setting next_dagrun for example_external_task_marker_child to None, run_after=None
[2024-12-02T11:05:32.825+0000] {logging_mixin.py:190} INFO - [2024-12-02T11:05:32.824+0000] {dag.py:4180} INFO - Setting next_dagrun for example_external_task_marker_parent to None, run_after=None
[2024-12-02T11:05:32.836+0000] {processor.py:208} INFO - Processing /home/airflow/.local/lib/python3.12/site-packages/airflow/example_dags/example_external_task_marker_dag.py took 0.060 seconds
[2024-12-02T11:06:03.370+0000] {processor.py:186} INFO - Started process (PID=1028) to work on /home/airflow/.local/lib/python3.12/site-packages/airflow/example_dags/example_external_task_marker_dag.py
[2024-12-02T11:06:03.371+0000] {processor.py:914} INFO - Processing file /home/airflow/.local/lib/python3.12/site-packages/airflow/example_dags/example_external_task_marker_dag.py for tasks to queue
[2024-12-02T11:06:03.373+0000] {logging_mixin.py:190} INFO - [2024-12-02T11:06:03.372+0000] {dagbag.py:588} INFO - Filling up the DagBag from /home/airflow/.local/lib/python3.12/site-packages/airflow/example_dags/example_external_task_marker_dag.py
[2024-12-02T11:06:03.378+0000] {processor.py:925} INFO - DAG(s) 'example_external_task_marker_parent', 'example_external_task_marker_child' retrieved from /home/airflow/.local/lib/python3.12/site-packages/airflow/example_dags/example_external_task_marker_dag.py
[2024-12-02T11:06:03.394+0000] {logging_mixin.py:190} INFO - [2024-12-02T11:06:03.393+0000] {dag.py:3239} INFO - Sync 2 DAGs
[2024-12-02T11:06:03.404+0000] {logging_mixin.py:190} INFO - [2024-12-02T11:06:03.404+0000] {dag.py:4180} INFO - Setting next_dagrun for example_external_task_marker_child to None, run_after=None
[2024-12-02T11:06:03.407+0000] {logging_mixin.py:190} INFO - [2024-12-02T11:06:03.407+0000] {dag.py:4180} INFO - Setting next_dagrun for example_external_task_marker_parent to None, run_after=None
[2024-12-02T11:06:03.419+0000] {processor.py:208} INFO - Processing /home/airflow/.local/lib/python3.12/site-packages/airflow/example_dags/example_external_task_marker_dag.py took 0.053 seconds
[2024-12-02T11:06:34.009+0000] {processor.py:186} INFO - Started process (PID=1093) to work on /home/airflow/.local/lib/python3.12/site-packages/airflow/example_dags/example_external_task_marker_dag.py
[2024-12-02T11:06:34.012+0000] {processor.py:914} INFO - Processing file /home/airflow/.local/lib/python3.12/site-packages/airflow/example_dags/example_external_task_marker_dag.py for tasks to queue
[2024-12-02T11:06:34.014+0000] {logging_mixin.py:190} INFO - [2024-12-02T11:06:34.013+0000] {dagbag.py:588} INFO - Filling up the DagBag from /home/airflow/.local/lib/python3.12/site-packages/airflow/example_dags/example_external_task_marker_dag.py
[2024-12-02T11:06:34.020+0000] {processor.py:925} INFO - DAG(s) 'example_external_task_marker_parent', 'example_external_task_marker_child' retrieved from /home/airflow/.local/lib/python3.12/site-packages/airflow/example_dags/example_external_task_marker_dag.py
[2024-12-02T11:06:34.035+0000] {logging_mixin.py:190} INFO - [2024-12-02T11:06:34.035+0000] {dag.py:3239} INFO - Sync 2 DAGs
[2024-12-02T11:06:34.045+0000] {logging_mixin.py:190} INFO - [2024-12-02T11:06:34.045+0000] {dag.py:4180} INFO - Setting next_dagrun for example_external_task_marker_child to None, run_after=None
[2024-12-02T11:06:34.048+0000] {logging_mixin.py:190} INFO - [2024-12-02T11:06:34.047+0000] {dag.py:4180} INFO - Setting next_dagrun for example_external_task_marker_parent to None, run_after=None
[2024-12-02T11:06:34.060+0000] {processor.py:208} INFO - Processing /home/airflow/.local/lib/python3.12/site-packages/airflow/example_dags/example_external_task_marker_dag.py took 0.055 seconds
[2024-12-02T11:07:08.776+0000] {processor.py:186} INFO - Started process (PID=1155) to work on /home/airflow/.local/lib/python3.12/site-packages/airflow/example_dags/example_external_task_marker_dag.py
[2024-12-02T11:07:08.779+0000] {processor.py:914} INFO - Processing file /home/airflow/.local/lib/python3.12/site-packages/airflow/example_dags/example_external_task_marker_dag.py for tasks to queue
[2024-12-02T11:07:08.782+0000] {logging_mixin.py:190} INFO - [2024-12-02T11:07:08.781+0000] {dagbag.py:588} INFO - Filling up the DagBag from /home/airflow/.local/lib/python3.12/site-packages/airflow/example_dags/example_external_task_marker_dag.py
[2024-12-02T11:07:08.799+0000] {processor.py:925} INFO - DAG(s) 'example_external_task_marker_child', 'example_external_task_marker_parent' retrieved from /home/airflow/.local/lib/python3.12/site-packages/airflow/example_dags/example_external_task_marker_dag.py
[2024-12-02T11:07:08.837+0000] {logging_mixin.py:190} INFO - [2024-12-02T11:07:08.837+0000] {dag.py:3239} INFO - Sync 2 DAGs
[2024-12-02T11:07:08.860+0000] {logging_mixin.py:190} INFO - [2024-12-02T11:07:08.860+0000] {dag.py:4180} INFO - Setting next_dagrun for example_external_task_marker_child to None, run_after=None
[2024-12-02T11:07:08.865+0000] {logging_mixin.py:190} INFO - [2024-12-02T11:07:08.864+0000] {dag.py:4180} INFO - Setting next_dagrun for example_external_task_marker_parent to None, run_after=None
[2024-12-02T11:07:08.899+0000] {processor.py:208} INFO - Processing /home/airflow/.local/lib/python3.12/site-packages/airflow/example_dags/example_external_task_marker_dag.py took 0.128 seconds
[2024-12-02T11:07:39.404+0000] {processor.py:186} INFO - Started process (PID=1218) to work on /home/airflow/.local/lib/python3.12/site-packages/airflow/example_dags/example_external_task_marker_dag.py
[2024-12-02T11:07:39.405+0000] {processor.py:914} INFO - Processing file /home/airflow/.local/lib/python3.12/site-packages/airflow/example_dags/example_external_task_marker_dag.py for tasks to queue
[2024-12-02T11:07:39.407+0000] {logging_mixin.py:190} INFO - [2024-12-02T11:07:39.406+0000] {dagbag.py:588} INFO - Filling up the DagBag from /home/airflow/.local/lib/python3.12/site-packages/airflow/example_dags/example_external_task_marker_dag.py
[2024-12-02T11:07:39.422+0000] {processor.py:925} INFO - DAG(s) 'example_external_task_marker_child', 'example_external_task_marker_parent' retrieved from /home/airflow/.local/lib/python3.12/site-packages/airflow/example_dags/example_external_task_marker_dag.py
[2024-12-02T11:07:39.442+0000] {logging_mixin.py:190} INFO - [2024-12-02T11:07:39.442+0000] {dag.py:3239} INFO - Sync 2 DAGs
[2024-12-02T11:07:39.452+0000] {logging_mixin.py:190} INFO - [2024-12-02T11:07:39.452+0000] {dag.py:4180} INFO - Setting next_dagrun for example_external_task_marker_child to None, run_after=None
[2024-12-02T11:07:39.455+0000] {logging_mixin.py:190} INFO - [2024-12-02T11:07:39.455+0000] {dag.py:4180} INFO - Setting next_dagrun for example_external_task_marker_parent to None, run_after=None
[2024-12-02T11:07:39.468+0000] {processor.py:208} INFO - Processing /home/airflow/.local/lib/python3.12/site-packages/airflow/example_dags/example_external_task_marker_dag.py took 0.073 seconds
[2024-12-02T11:08:14.271+0000] {processor.py:186} INFO - Started process (PID=1288) to work on /home/airflow/.local/lib/python3.12/site-packages/airflow/example_dags/example_external_task_marker_dag.py
[2024-12-02T11:08:14.273+0000] {processor.py:914} INFO - Processing file /home/airflow/.local/lib/python3.12/site-packages/airflow/example_dags/example_external_task_marker_dag.py for tasks to queue
[2024-12-02T11:08:14.276+0000] {logging_mixin.py:190} INFO - [2024-12-02T11:08:14.275+0000] {dagbag.py:588} INFO - Filling up the DagBag from /home/airflow/.local/lib/python3.12/site-packages/airflow/example_dags/example_external_task_marker_dag.py
[2024-12-02T11:08:14.283+0000] {processor.py:925} INFO - DAG(s) 'example_external_task_marker_child', 'example_external_task_marker_parent' retrieved from /home/airflow/.local/lib/python3.12/site-packages/airflow/example_dags/example_external_task_marker_dag.py
[2024-12-02T11:08:14.303+0000] {logging_mixin.py:190} INFO - [2024-12-02T11:08:14.303+0000] {dag.py:3239} INFO - Sync 2 DAGs
[2024-12-02T11:08:14.315+0000] {logging_mixin.py:190} INFO - [2024-12-02T11:08:14.315+0000] {dag.py:4180} INFO - Setting next_dagrun for example_external_task_marker_child to None, run_after=None
[2024-12-02T11:08:14.318+0000] {logging_mixin.py:190} INFO - [2024-12-02T11:08:14.318+0000] {dag.py:4180} INFO - Setting next_dagrun for example_external_task_marker_parent to None, run_after=None
[2024-12-02T11:08:14.333+0000] {processor.py:208} INFO - Processing /home/airflow/.local/lib/python3.12/site-packages/airflow/example_dags/example_external_task_marker_dag.py took 0.067 seconds
[2024-12-02T11:08:45.042+0000] {processor.py:186} INFO - Started process (PID=1352) to work on /home/airflow/.local/lib/python3.12/site-packages/airflow/example_dags/example_external_task_marker_dag.py
[2024-12-02T11:08:45.042+0000] {processor.py:914} INFO - Processing file /home/airflow/.local/lib/python3.12/site-packages/airflow/example_dags/example_external_task_marker_dag.py for tasks to queue
[2024-12-02T11:08:45.045+0000] {logging_mixin.py:190} INFO - [2024-12-02T11:08:45.045+0000] {dagbag.py:588} INFO - Filling up the DagBag from /home/airflow/.local/lib/python3.12/site-packages/airflow/example_dags/example_external_task_marker_dag.py
[2024-12-02T11:08:45.052+0000] {processor.py:925} INFO - DAG(s) 'example_external_task_marker_parent', 'example_external_task_marker_child' retrieved from /home/airflow/.local/lib/python3.12/site-packages/airflow/example_dags/example_external_task_marker_dag.py
[2024-12-02T11:08:45.070+0000] {logging_mixin.py:190} INFO - [2024-12-02T11:08:45.070+0000] {dag.py:3239} INFO - Sync 2 DAGs
[2024-12-02T11:08:45.081+0000] {logging_mixin.py:190} INFO - [2024-12-02T11:08:45.081+0000] {dag.py:4180} INFO - Setting next_dagrun for example_external_task_marker_child to None, run_after=None
[2024-12-02T11:08:45.084+0000] {logging_mixin.py:190} INFO - [2024-12-02T11:08:45.084+0000] {dag.py:4180} INFO - Setting next_dagrun for example_external_task_marker_parent to None, run_after=None
[2024-12-02T11:08:45.096+0000] {processor.py:208} INFO - Processing /home/airflow/.local/lib/python3.12/site-packages/airflow/example_dags/example_external_task_marker_dag.py took 0.059 seconds
[2024-12-02T11:09:15.803+0000] {processor.py:186} INFO - Started process (PID=1416) to work on /home/airflow/.local/lib/python3.12/site-packages/airflow/example_dags/example_external_task_marker_dag.py
[2024-12-02T11:09:15.805+0000] {processor.py:914} INFO - Processing file /home/airflow/.local/lib/python3.12/site-packages/airflow/example_dags/example_external_task_marker_dag.py for tasks to queue
[2024-12-02T11:09:15.808+0000] {logging_mixin.py:190} INFO - [2024-12-02T11:09:15.808+0000] {dagbag.py:588} INFO - Filling up the DagBag from /home/airflow/.local/lib/python3.12/site-packages/airflow/example_dags/example_external_task_marker_dag.py
[2024-12-02T11:09:15.814+0000] {processor.py:925} INFO - DAG(s) 'example_external_task_marker_parent', 'example_external_task_marker_child' retrieved from /home/airflow/.local/lib/python3.12/site-packages/airflow/example_dags/example_external_task_marker_dag.py
[2024-12-02T11:09:15.829+0000] {logging_mixin.py:190} INFO - [2024-12-02T11:09:15.829+0000] {dag.py:3239} INFO - Sync 2 DAGs
[2024-12-02T11:09:15.839+0000] {logging_mixin.py:190} INFO - [2024-12-02T11:09:15.839+0000] {dag.py:4180} INFO - Setting next_dagrun for example_external_task_marker_child to None, run_after=None
[2024-12-02T11:09:15.841+0000] {logging_mixin.py:190} INFO - [2024-12-02T11:09:15.841+0000] {dag.py:4180} INFO - Setting next_dagrun for example_external_task_marker_parent to None, run_after=None
[2024-12-02T11:09:15.855+0000] {processor.py:208} INFO - Processing /home/airflow/.local/lib/python3.12/site-packages/airflow/example_dags/example_external_task_marker_dag.py took 0.056 seconds
[2024-12-02T11:09:47.252+0000] {processor.py:186} INFO - Started process (PID=1480) to work on /home/airflow/.local/lib/python3.12/site-packages/airflow/example_dags/example_external_task_marker_dag.py
[2024-12-02T11:09:47.253+0000] {processor.py:914} INFO - Processing file /home/airflow/.local/lib/python3.12/site-packages/airflow/example_dags/example_external_task_marker_dag.py for tasks to queue
[2024-12-02T11:09:47.254+0000] {logging_mixin.py:190} INFO - [2024-12-02T11:09:47.254+0000] {dagbag.py:588} INFO - Filling up the DagBag from /home/airflow/.local/lib/python3.12/site-packages/airflow/example_dags/example_external_task_marker_dag.py
[2024-12-02T11:09:47.260+0000] {processor.py:925} INFO - DAG(s) 'example_external_task_marker_child', 'example_external_task_marker_parent' retrieved from /home/airflow/.local/lib/python3.12/site-packages/airflow/example_dags/example_external_task_marker_dag.py
[2024-12-02T11:09:47.276+0000] {logging_mixin.py:190} INFO - [2024-12-02T11:09:47.276+0000] {dag.py:3239} INFO - Sync 2 DAGs
[2024-12-02T11:09:47.287+0000] {logging_mixin.py:190} INFO - [2024-12-02T11:09:47.286+0000] {dag.py:4180} INFO - Setting next_dagrun for example_external_task_marker_child to None, run_after=None
[2024-12-02T11:09:47.289+0000] {logging_mixin.py:190} INFO - [2024-12-02T11:09:47.289+0000] {dag.py:4180} INFO - Setting next_dagrun for example_external_task_marker_parent to None, run_after=None
[2024-12-02T11:09:47.301+0000] {processor.py:208} INFO - Processing /home/airflow/.local/lib/python3.12/site-packages/airflow/example_dags/example_external_task_marker_dag.py took 0.053 seconds
[2024-12-02T11:10:19.179+0000] {processor.py:186} INFO - Started process (PID=1543) to work on /home/airflow/.local/lib/python3.12/site-packages/airflow/example_dags/example_external_task_marker_dag.py
[2024-12-02T11:10:19.181+0000] {processor.py:914} INFO - Processing file /home/airflow/.local/lib/python3.12/site-packages/airflow/example_dags/example_external_task_marker_dag.py for tasks to queue
[2024-12-02T11:10:19.183+0000] {logging_mixin.py:190} INFO - [2024-12-02T11:10:19.183+0000] {dagbag.py:588} INFO - Filling up the DagBag from /home/airflow/.local/lib/python3.12/site-packages/airflow/example_dags/example_external_task_marker_dag.py
[2024-12-02T11:10:19.192+0000] {processor.py:925} INFO - DAG(s) 'example_external_task_marker_child', 'example_external_task_marker_parent' retrieved from /home/airflow/.local/lib/python3.12/site-packages/airflow/example_dags/example_external_task_marker_dag.py
[2024-12-02T11:10:19.209+0000] {logging_mixin.py:190} INFO - [2024-12-02T11:10:19.209+0000] {dag.py:3239} INFO - Sync 2 DAGs
[2024-12-02T11:10:19.219+0000] {logging_mixin.py:190} INFO - [2024-12-02T11:10:19.219+0000] {dag.py:4180} INFO - Setting next_dagrun for example_external_task_marker_child to None, run_after=None
[2024-12-02T11:10:19.222+0000] {logging_mixin.py:190} INFO - [2024-12-02T11:10:19.222+0000] {dag.py:4180} INFO - Setting next_dagrun for example_external_task_marker_parent to None, run_after=None
[2024-12-02T11:10:19.234+0000] {processor.py:208} INFO - Processing /home/airflow/.local/lib/python3.12/site-packages/airflow/example_dags/example_external_task_marker_dag.py took 0.059 seconds
[2024-12-02T11:10:49.949+0000] {processor.py:186} INFO - Started process (PID=1607) to work on /home/airflow/.local/lib/python3.12/site-packages/airflow/example_dags/example_external_task_marker_dag.py
[2024-12-02T11:10:49.950+0000] {processor.py:914} INFO - Processing file /home/airflow/.local/lib/python3.12/site-packages/airflow/example_dags/example_external_task_marker_dag.py for tasks to queue
[2024-12-02T11:10:49.951+0000] {logging_mixin.py:190} INFO - [2024-12-02T11:10:49.951+0000] {dagbag.py:588} INFO - Filling up the DagBag from /home/airflow/.local/lib/python3.12/site-packages/airflow/example_dags/example_external_task_marker_dag.py
[2024-12-02T11:10:49.957+0000] {processor.py:925} INFO - DAG(s) 'example_external_task_marker_parent', 'example_external_task_marker_child' retrieved from /home/airflow/.local/lib/python3.12/site-packages/airflow/example_dags/example_external_task_marker_dag.py
[2024-12-02T11:10:49.972+0000] {logging_mixin.py:190} INFO - [2024-12-02T11:10:49.972+0000] {dag.py:3239} INFO - Sync 2 DAGs
[2024-12-02T11:10:49.982+0000] {logging_mixin.py:190} INFO - [2024-12-02T11:10:49.982+0000] {dag.py:4180} INFO - Setting next_dagrun for example_external_task_marker_child to None, run_after=None
[2024-12-02T11:10:49.984+0000] {logging_mixin.py:190} INFO - [2024-12-02T11:10:49.984+0000] {dag.py:4180} INFO - Setting next_dagrun for example_external_task_marker_parent to None, run_after=None
[2024-12-02T11:10:49.997+0000] {processor.py:208} INFO - Processing /home/airflow/.local/lib/python3.12/site-packages/airflow/example_dags/example_external_task_marker_dag.py took 0.052 seconds
[2024-12-02T11:11:22.427+0000] {processor.py:186} INFO - Started process (PID=1671) to work on /home/airflow/.local/lib/python3.12/site-packages/airflow/example_dags/example_external_task_marker_dag.py
[2024-12-02T11:11:22.448+0000] {processor.py:914} INFO - Processing file /home/airflow/.local/lib/python3.12/site-packages/airflow/example_dags/example_external_task_marker_dag.py for tasks to queue
[2024-12-02T11:11:22.450+0000] {logging_mixin.py:190} INFO - [2024-12-02T11:11:22.450+0000] {dagbag.py:588} INFO - Filling up the DagBag from /home/airflow/.local/lib/python3.12/site-packages/airflow/example_dags/example_external_task_marker_dag.py
[2024-12-02T11:11:22.456+0000] {processor.py:925} INFO - DAG(s) 'example_external_task_marker_parent', 'example_external_task_marker_child' retrieved from /home/airflow/.local/lib/python3.12/site-packages/airflow/example_dags/example_external_task_marker_dag.py
[2024-12-02T11:11:22.512+0000] {logging_mixin.py:190} INFO - [2024-12-02T11:11:22.511+0000] {dag.py:3239} INFO - Sync 2 DAGs
[2024-12-02T11:11:22.540+0000] {logging_mixin.py:190} INFO - [2024-12-02T11:11:22.539+0000] {dag.py:4180} INFO - Setting next_dagrun for example_external_task_marker_child to None, run_after=None
[2024-12-02T11:11:22.549+0000] {logging_mixin.py:190} INFO - [2024-12-02T11:11:22.549+0000] {dag.py:4180} INFO - Setting next_dagrun for example_external_task_marker_parent to None, run_after=None
[2024-12-02T11:11:22.562+0000] {processor.py:208} INFO - Processing /home/airflow/.local/lib/python3.12/site-packages/airflow/example_dags/example_external_task_marker_dag.py took 0.140 seconds
[2024-12-02T11:11:53.080+0000] {processor.py:186} INFO - Started process (PID=1736) to work on /home/airflow/.local/lib/python3.12/site-packages/airflow/example_dags/example_external_task_marker_dag.py
[2024-12-02T11:11:53.081+0000] {processor.py:914} INFO - Processing file /home/airflow/.local/lib/python3.12/site-packages/airflow/example_dags/example_external_task_marker_dag.py for tasks to queue
[2024-12-02T11:11:53.083+0000] {logging_mixin.py:190} INFO - [2024-12-02T11:11:53.082+0000] {dagbag.py:588} INFO - Filling up the DagBag from /home/airflow/.local/lib/python3.12/site-packages/airflow/example_dags/example_external_task_marker_dag.py
[2024-12-02T11:11:53.089+0000] {processor.py:925} INFO - DAG(s) 'example_external_task_marker_parent', 'example_external_task_marker_child' retrieved from /home/airflow/.local/lib/python3.12/site-packages/airflow/example_dags/example_external_task_marker_dag.py
[2024-12-02T11:11:53.104+0000] {logging_mixin.py:190} INFO - [2024-12-02T11:11:53.104+0000] {dag.py:3239} INFO - Sync 2 DAGs
[2024-12-02T11:11:53.114+0000] {logging_mixin.py:190} INFO - [2024-12-02T11:11:53.114+0000] {dag.py:4180} INFO - Setting next_dagrun for example_external_task_marker_child to None, run_after=None
[2024-12-02T11:11:53.117+0000] {logging_mixin.py:190} INFO - [2024-12-02T11:11:53.116+0000] {dag.py:4180} INFO - Setting next_dagrun for example_external_task_marker_parent to None, run_after=None
[2024-12-02T11:11:53.128+0000] {processor.py:208} INFO - Processing /home/airflow/.local/lib/python3.12/site-packages/airflow/example_dags/example_external_task_marker_dag.py took 0.052 seconds
[2024-12-02T11:12:23.534+0000] {processor.py:186} INFO - Started process (PID=1799) to work on /home/airflow/.local/lib/python3.12/site-packages/airflow/example_dags/example_external_task_marker_dag.py
[2024-12-02T11:12:23.536+0000] {processor.py:914} INFO - Processing file /home/airflow/.local/lib/python3.12/site-packages/airflow/example_dags/example_external_task_marker_dag.py for tasks to queue
[2024-12-02T11:12:23.538+0000] {logging_mixin.py:190} INFO - [2024-12-02T11:12:23.537+0000] {dagbag.py:588} INFO - Filling up the DagBag from /home/airflow/.local/lib/python3.12/site-packages/airflow/example_dags/example_external_task_marker_dag.py
[2024-12-02T11:12:23.543+0000] {processor.py:925} INFO - DAG(s) 'example_external_task_marker_parent', 'example_external_task_marker_child' retrieved from /home/airflow/.local/lib/python3.12/site-packages/airflow/example_dags/example_external_task_marker_dag.py
[2024-12-02T11:12:23.559+0000] {logging_mixin.py:190} INFO - [2024-12-02T11:12:23.559+0000] {dag.py:3239} INFO - Sync 2 DAGs
[2024-12-02T11:12:23.569+0000] {logging_mixin.py:190} INFO - [2024-12-02T11:12:23.569+0000] {dag.py:4180} INFO - Setting next_dagrun for example_external_task_marker_child to None, run_after=None
[2024-12-02T11:12:23.572+0000] {logging_mixin.py:190} INFO - [2024-12-02T11:12:23.571+0000] {dag.py:4180} INFO - Setting next_dagrun for example_external_task_marker_parent to None, run_after=None
[2024-12-02T11:12:23.587+0000] {processor.py:208} INFO - Processing /home/airflow/.local/lib/python3.12/site-packages/airflow/example_dags/example_external_task_marker_dag.py took 0.057 seconds
[2024-12-02T11:12:56.113+0000] {processor.py:186} INFO - Started process (PID=1864) to work on /home/airflow/.local/lib/python3.12/site-packages/airflow/example_dags/example_external_task_marker_dag.py
[2024-12-02T11:12:56.113+0000] {processor.py:914} INFO - Processing file /home/airflow/.local/lib/python3.12/site-packages/airflow/example_dags/example_external_task_marker_dag.py for tasks to queue
[2024-12-02T11:12:56.115+0000] {logging_mixin.py:190} INFO - [2024-12-02T11:12:56.115+0000] {dagbag.py:588} INFO - Filling up the DagBag from /home/airflow/.local/lib/python3.12/site-packages/airflow/example_dags/example_external_task_marker_dag.py
[2024-12-02T11:12:56.121+0000] {processor.py:925} INFO - DAG(s) 'example_external_task_marker_parent', 'example_external_task_marker_child' retrieved from /home/airflow/.local/lib/python3.12/site-packages/airflow/example_dags/example_external_task_marker_dag.py
[2024-12-02T11:12:56.137+0000] {logging_mixin.py:190} INFO - [2024-12-02T11:12:56.137+0000] {dag.py:3239} INFO - Sync 2 DAGs
[2024-12-02T11:12:56.148+0000] {logging_mixin.py:190} INFO - [2024-12-02T11:12:56.148+0000] {dag.py:4180} INFO - Setting next_dagrun for example_external_task_marker_child to None, run_after=None
[2024-12-02T11:12:56.151+0000] {logging_mixin.py:190} INFO - [2024-12-02T11:12:56.150+0000] {dag.py:4180} INFO - Setting next_dagrun for example_external_task_marker_parent to None, run_after=None
[2024-12-02T11:12:56.166+0000] {processor.py:208} INFO - Processing /home/airflow/.local/lib/python3.12/site-packages/airflow/example_dags/example_external_task_marker_dag.py took 0.059 seconds
[2024-12-02T11:13:26.764+0000] {processor.py:186} INFO - Started process (PID=1928) to work on /home/airflow/.local/lib/python3.12/site-packages/airflow/example_dags/example_external_task_marker_dag.py
[2024-12-02T11:13:26.766+0000] {processor.py:914} INFO - Processing file /home/airflow/.local/lib/python3.12/site-packages/airflow/example_dags/example_external_task_marker_dag.py for tasks to queue
[2024-12-02T11:13:26.768+0000] {logging_mixin.py:190} INFO - [2024-12-02T11:13:26.767+0000] {dagbag.py:588} INFO - Filling up the DagBag from /home/airflow/.local/lib/python3.12/site-packages/airflow/example_dags/example_external_task_marker_dag.py
[2024-12-02T11:13:26.773+0000] {processor.py:925} INFO - DAG(s) 'example_external_task_marker_parent', 'example_external_task_marker_child' retrieved from /home/airflow/.local/lib/python3.12/site-packages/airflow/example_dags/example_external_task_marker_dag.py
[2024-12-02T11:13:26.791+0000] {logging_mixin.py:190} INFO - [2024-12-02T11:13:26.790+0000] {dag.py:3239} INFO - Sync 2 DAGs
[2024-12-02T11:13:26.802+0000] {logging_mixin.py:190} INFO - [2024-12-02T11:13:26.801+0000] {dag.py:4180} INFO - Setting next_dagrun for example_external_task_marker_child to None, run_after=None
[2024-12-02T11:13:26.805+0000] {logging_mixin.py:190} INFO - [2024-12-02T11:13:26.805+0000] {dag.py:4180} INFO - Setting next_dagrun for example_external_task_marker_parent to None, run_after=None
[2024-12-02T11:13:26.818+0000] {processor.py:208} INFO - Processing /home/airflow/.local/lib/python3.12/site-packages/airflow/example_dags/example_external_task_marker_dag.py took 0.058 seconds
[2024-12-02T11:13:57.783+0000] {processor.py:186} INFO - Started process (PID=1994) to work on /home/airflow/.local/lib/python3.12/site-packages/airflow/example_dags/example_external_task_marker_dag.py
[2024-12-02T11:13:57.784+0000] {processor.py:914} INFO - Processing file /home/airflow/.local/lib/python3.12/site-packages/airflow/example_dags/example_external_task_marker_dag.py for tasks to queue
[2024-12-02T11:13:57.785+0000] {logging_mixin.py:190} INFO - [2024-12-02T11:13:57.785+0000] {dagbag.py:588} INFO - Filling up the DagBag from /home/airflow/.local/lib/python3.12/site-packages/airflow/example_dags/example_external_task_marker_dag.py
[2024-12-02T11:13:57.792+0000] {processor.py:925} INFO - DAG(s) 'example_external_task_marker_parent', 'example_external_task_marker_child' retrieved from /home/airflow/.local/lib/python3.12/site-packages/airflow/example_dags/example_external_task_marker_dag.py
[2024-12-02T11:13:57.821+0000] {logging_mixin.py:190} INFO - [2024-12-02T11:13:57.812+0000] {dag.py:3239} INFO - Sync 2 DAGs
[2024-12-02T11:13:57.835+0000] {logging_mixin.py:190} INFO - [2024-12-02T11:13:57.835+0000] {dag.py:4180} INFO - Setting next_dagrun for example_external_task_marker_child to None, run_after=None
[2024-12-02T11:13:57.838+0000] {logging_mixin.py:190} INFO - [2024-12-02T11:13:57.838+0000] {dag.py:4180} INFO - Setting next_dagrun for example_external_task_marker_parent to None, run_after=None
[2024-12-02T11:13:57.851+0000] {processor.py:208} INFO - Processing /home/airflow/.local/lib/python3.12/site-packages/airflow/example_dags/example_external_task_marker_dag.py took 0.072 seconds
[2024-12-02T11:14:29.171+0000] {processor.py:186} INFO - Started process (PID=2059) to work on /home/airflow/.local/lib/python3.12/site-packages/airflow/example_dags/example_external_task_marker_dag.py
[2024-12-02T11:14:29.173+0000] {processor.py:914} INFO - Processing file /home/airflow/.local/lib/python3.12/site-packages/airflow/example_dags/example_external_task_marker_dag.py for tasks to queue
[2024-12-02T11:14:29.176+0000] {logging_mixin.py:190} INFO - [2024-12-02T11:14:29.175+0000] {dagbag.py:588} INFO - Filling up the DagBag from /home/airflow/.local/lib/python3.12/site-packages/airflow/example_dags/example_external_task_marker_dag.py
[2024-12-02T11:14:29.183+0000] {processor.py:925} INFO - DAG(s) 'example_external_task_marker_child', 'example_external_task_marker_parent' retrieved from /home/airflow/.local/lib/python3.12/site-packages/airflow/example_dags/example_external_task_marker_dag.py
[2024-12-02T11:14:29.200+0000] {logging_mixin.py:190} INFO - [2024-12-02T11:14:29.199+0000] {dag.py:3239} INFO - Sync 2 DAGs
[2024-12-02T11:14:29.213+0000] {logging_mixin.py:190} INFO - [2024-12-02T11:14:29.212+0000] {dag.py:4180} INFO - Setting next_dagrun for example_external_task_marker_child to None, run_after=None
[2024-12-02T11:14:29.216+0000] {logging_mixin.py:190} INFO - [2024-12-02T11:14:29.216+0000] {dag.py:4180} INFO - Setting next_dagrun for example_external_task_marker_parent to None, run_after=None
[2024-12-02T11:14:29.228+0000] {processor.py:208} INFO - Processing /home/airflow/.local/lib/python3.12/site-packages/airflow/example_dags/example_external_task_marker_dag.py took 0.061 seconds
[2024-12-02T11:15:02.391+0000] {processor.py:186} INFO - Started process (PID=2124) to work on /home/airflow/.local/lib/python3.12/site-packages/airflow/example_dags/example_external_task_marker_dag.py
[2024-12-02T11:15:02.398+0000] {processor.py:914} INFO - Processing file /home/airflow/.local/lib/python3.12/site-packages/airflow/example_dags/example_external_task_marker_dag.py for tasks to queue
[2024-12-02T11:15:02.403+0000] {logging_mixin.py:190} INFO - [2024-12-02T11:15:02.402+0000] {dagbag.py:588} INFO - Filling up the DagBag from /home/airflow/.local/lib/python3.12/site-packages/airflow/example_dags/example_external_task_marker_dag.py
[2024-12-02T11:15:02.411+0000] {processor.py:925} INFO - DAG(s) 'example_external_task_marker_child', 'example_external_task_marker_parent' retrieved from /home/airflow/.local/lib/python3.12/site-packages/airflow/example_dags/example_external_task_marker_dag.py
[2024-12-02T11:15:02.485+0000] {logging_mixin.py:190} INFO - [2024-12-02T11:15:02.485+0000] {dag.py:3239} INFO - Sync 2 DAGs
[2024-12-02T11:15:02.516+0000] {logging_mixin.py:190} INFO - [2024-12-02T11:15:02.516+0000] {dag.py:4180} INFO - Setting next_dagrun for example_external_task_marker_child to None, run_after=None
[2024-12-02T11:15:02.528+0000] {logging_mixin.py:190} INFO - [2024-12-02T11:15:02.527+0000] {dag.py:4180} INFO - Setting next_dagrun for example_external_task_marker_parent to None, run_after=None
[2024-12-02T11:15:02.579+0000] {processor.py:208} INFO - Processing /home/airflow/.local/lib/python3.12/site-packages/airflow/example_dags/example_external_task_marker_dag.py took 0.194 seconds
[2024-12-02T11:15:32.615+0000] {processor.py:186} INFO - Started process (PID=2189) to work on /home/airflow/.local/lib/python3.12/site-packages/airflow/example_dags/example_external_task_marker_dag.py
[2024-12-02T11:15:32.620+0000] {processor.py:914} INFO - Processing file /home/airflow/.local/lib/python3.12/site-packages/airflow/example_dags/example_external_task_marker_dag.py for tasks to queue
[2024-12-02T11:15:32.626+0000] {logging_mixin.py:190} INFO - [2024-12-02T11:15:32.626+0000] {dagbag.py:588} INFO - Filling up the DagBag from /home/airflow/.local/lib/python3.12/site-packages/airflow/example_dags/example_external_task_marker_dag.py
[2024-12-02T11:15:32.633+0000] {processor.py:925} INFO - DAG(s) 'example_external_task_marker_child', 'example_external_task_marker_parent' retrieved from /home/airflow/.local/lib/python3.12/site-packages/airflow/example_dags/example_external_task_marker_dag.py
[2024-12-02T11:15:32.658+0000] {logging_mixin.py:190} INFO - [2024-12-02T11:15:32.658+0000] {dag.py:3239} INFO - Sync 2 DAGs
[2024-12-02T11:15:32.669+0000] {logging_mixin.py:190} INFO - [2024-12-02T11:15:32.669+0000] {dag.py:4180} INFO - Setting next_dagrun for example_external_task_marker_child to None, run_after=None
[2024-12-02T11:15:32.673+0000] {logging_mixin.py:190} INFO - [2024-12-02T11:15:32.673+0000] {dag.py:4180} INFO - Setting next_dagrun for example_external_task_marker_parent to None, run_after=None
[2024-12-02T11:15:32.689+0000] {processor.py:208} INFO - Processing /home/airflow/.local/lib/python3.12/site-packages/airflow/example_dags/example_external_task_marker_dag.py took 0.079 seconds
[2024-12-02T11:16:03.533+0000] {processor.py:186} INFO - Started process (PID=2255) to work on /home/airflow/.local/lib/python3.12/site-packages/airflow/example_dags/example_external_task_marker_dag.py
[2024-12-02T11:16:03.533+0000] {processor.py:914} INFO - Processing file /home/airflow/.local/lib/python3.12/site-packages/airflow/example_dags/example_external_task_marker_dag.py for tasks to queue
[2024-12-02T11:16:03.534+0000] {logging_mixin.py:190} INFO - [2024-12-02T11:16:03.534+0000] {dagbag.py:588} INFO - Filling up the DagBag from /home/airflow/.local/lib/python3.12/site-packages/airflow/example_dags/example_external_task_marker_dag.py
[2024-12-02T11:16:03.561+0000] {processor.py:925} INFO - DAG(s) 'example_external_task_marker_parent', 'example_external_task_marker_child' retrieved from /home/airflow/.local/lib/python3.12/site-packages/airflow/example_dags/example_external_task_marker_dag.py
[2024-12-02T11:16:03.595+0000] {logging_mixin.py:190} INFO - [2024-12-02T11:16:03.595+0000] {dag.py:3239} INFO - Sync 2 DAGs
[2024-12-02T11:16:03.614+0000] {logging_mixin.py:190} INFO - [2024-12-02T11:16:03.614+0000] {dag.py:4180} INFO - Setting next_dagrun for example_external_task_marker_child to None, run_after=None
[2024-12-02T11:16:03.621+0000] {logging_mixin.py:190} INFO - [2024-12-02T11:16:03.621+0000] {dag.py:4180} INFO - Setting next_dagrun for example_external_task_marker_parent to None, run_after=None
[2024-12-02T11:16:03.649+0000] {processor.py:208} INFO - Processing /home/airflow/.local/lib/python3.12/site-packages/airflow/example_dags/example_external_task_marker_dag.py took 0.121 seconds
[2024-12-02T11:16:34.590+0000] {processor.py:186} INFO - Started process (PID=2319) to work on /home/airflow/.local/lib/python3.12/site-packages/airflow/example_dags/example_external_task_marker_dag.py
[2024-12-02T11:16:34.591+0000] {processor.py:914} INFO - Processing file /home/airflow/.local/lib/python3.12/site-packages/airflow/example_dags/example_external_task_marker_dag.py for tasks to queue
[2024-12-02T11:16:34.592+0000] {logging_mixin.py:190} INFO - [2024-12-02T11:16:34.592+0000] {dagbag.py:588} INFO - Filling up the DagBag from /home/airflow/.local/lib/python3.12/site-packages/airflow/example_dags/example_external_task_marker_dag.py
[2024-12-02T11:16:34.599+0000] {processor.py:925} INFO - DAG(s) 'example_external_task_marker_parent', 'example_external_task_marker_child' retrieved from /home/airflow/.local/lib/python3.12/site-packages/airflow/example_dags/example_external_task_marker_dag.py
[2024-12-02T11:16:34.620+0000] {logging_mixin.py:190} INFO - [2024-12-02T11:16:34.619+0000] {dag.py:3239} INFO - Sync 2 DAGs
[2024-12-02T11:16:34.632+0000] {logging_mixin.py:190} INFO - [2024-12-02T11:16:34.632+0000] {dag.py:4180} INFO - Setting next_dagrun for example_external_task_marker_child to None, run_after=None
[2024-12-02T11:16:34.635+0000] {logging_mixin.py:190} INFO - [2024-12-02T11:16:34.635+0000] {dag.py:4180} INFO - Setting next_dagrun for example_external_task_marker_parent to None, run_after=None
[2024-12-02T11:16:34.649+0000] {processor.py:208} INFO - Processing /home/airflow/.local/lib/python3.12/site-packages/airflow/example_dags/example_external_task_marker_dag.py took 0.064 seconds
[2024-12-02T11:17:06.094+0000] {processor.py:186} INFO - Started process (PID=2383) to work on /home/airflow/.local/lib/python3.12/site-packages/airflow/example_dags/example_external_task_marker_dag.py
[2024-12-02T11:17:06.095+0000] {processor.py:914} INFO - Processing file /home/airflow/.local/lib/python3.12/site-packages/airflow/example_dags/example_external_task_marker_dag.py for tasks to queue
[2024-12-02T11:17:06.096+0000] {logging_mixin.py:190} INFO - [2024-12-02T11:17:06.096+0000] {dagbag.py:588} INFO - Filling up the DagBag from /home/airflow/.local/lib/python3.12/site-packages/airflow/example_dags/example_external_task_marker_dag.py
[2024-12-02T11:17:06.103+0000] {processor.py:925} INFO - DAG(s) 'example_external_task_marker_parent', 'example_external_task_marker_child' retrieved from /home/airflow/.local/lib/python3.12/site-packages/airflow/example_dags/example_external_task_marker_dag.py
[2024-12-02T11:17:06.120+0000] {logging_mixin.py:190} INFO - [2024-12-02T11:17:06.120+0000] {dag.py:3239} INFO - Sync 2 DAGs
[2024-12-02T11:17:06.131+0000] {logging_mixin.py:190} INFO - [2024-12-02T11:17:06.131+0000] {dag.py:4180} INFO - Setting next_dagrun for example_external_task_marker_child to None, run_after=None
[2024-12-02T11:17:06.134+0000] {logging_mixin.py:190} INFO - [2024-12-02T11:17:06.134+0000] {dag.py:4180} INFO - Setting next_dagrun for example_external_task_marker_parent to None, run_after=None
[2024-12-02T11:17:06.145+0000] {processor.py:208} INFO - Processing /home/airflow/.local/lib/python3.12/site-packages/airflow/example_dags/example_external_task_marker_dag.py took 0.056 seconds
[2024-12-02T11:17:38.243+0000] {processor.py:186} INFO - Started process (PID=2455) to work on /home/airflow/.local/lib/python3.12/site-packages/airflow/example_dags/example_external_task_marker_dag.py
[2024-12-02T11:17:38.244+0000] {processor.py:914} INFO - Processing file /home/airflow/.local/lib/python3.12/site-packages/airflow/example_dags/example_external_task_marker_dag.py for tasks to queue
[2024-12-02T11:17:38.245+0000] {logging_mixin.py:190} INFO - [2024-12-02T11:17:38.244+0000] {dagbag.py:588} INFO - Filling up the DagBag from /home/airflow/.local/lib/python3.12/site-packages/airflow/example_dags/example_external_task_marker_dag.py
[2024-12-02T11:17:38.252+0000] {processor.py:925} INFO - DAG(s) 'example_external_task_marker_parent', 'example_external_task_marker_child' retrieved from /home/airflow/.local/lib/python3.12/site-packages/airflow/example_dags/example_external_task_marker_dag.py
[2024-12-02T11:17:38.268+0000] {logging_mixin.py:190} INFO - [2024-12-02T11:17:38.268+0000] {dag.py:3239} INFO - Sync 2 DAGs
[2024-12-02T11:17:38.281+0000] {logging_mixin.py:190} INFO - [2024-12-02T11:17:38.280+0000] {dag.py:4180} INFO - Setting next_dagrun for example_external_task_marker_child to None, run_after=None
[2024-12-02T11:17:38.284+0000] {logging_mixin.py:190} INFO - [2024-12-02T11:17:38.284+0000] {dag.py:4180} INFO - Setting next_dagrun for example_external_task_marker_parent to None, run_after=None
[2024-12-02T11:17:38.300+0000] {processor.py:208} INFO - Processing /home/airflow/.local/lib/python3.12/site-packages/airflow/example_dags/example_external_task_marker_dag.py took 0.062 seconds
[2024-12-02T11:18:12.560+0000] {processor.py:186} INFO - Started process (PID=2519) to work on /home/airflow/.local/lib/python3.12/site-packages/airflow/example_dags/example_external_task_marker_dag.py
[2024-12-02T11:18:12.562+0000] {processor.py:914} INFO - Processing file /home/airflow/.local/lib/python3.12/site-packages/airflow/example_dags/example_external_task_marker_dag.py for tasks to queue
[2024-12-02T11:18:12.564+0000] {logging_mixin.py:190} INFO - [2024-12-02T11:18:12.563+0000] {dagbag.py:588} INFO - Filling up the DagBag from /home/airflow/.local/lib/python3.12/site-packages/airflow/example_dags/example_external_task_marker_dag.py
[2024-12-02T11:18:12.571+0000] {processor.py:925} INFO - DAG(s) 'example_external_task_marker_child', 'example_external_task_marker_parent' retrieved from /home/airflow/.local/lib/python3.12/site-packages/airflow/example_dags/example_external_task_marker_dag.py
[2024-12-02T11:18:12.589+0000] {logging_mixin.py:190} INFO - [2024-12-02T11:18:12.588+0000] {dag.py:3239} INFO - Sync 2 DAGs
[2024-12-02T11:18:12.604+0000] {logging_mixin.py:190} INFO - [2024-12-02T11:18:12.604+0000] {dag.py:4180} INFO - Setting next_dagrun for example_external_task_marker_child to None, run_after=None
[2024-12-02T11:18:12.607+0000] {logging_mixin.py:190} INFO - [2024-12-02T11:18:12.607+0000] {dag.py:4180} INFO - Setting next_dagrun for example_external_task_marker_parent to None, run_after=None
[2024-12-02T11:18:12.618+0000] {processor.py:208} INFO - Processing /home/airflow/.local/lib/python3.12/site-packages/airflow/example_dags/example_external_task_marker_dag.py took 0.062 seconds
[2024-12-02T11:18:46.757+0000] {processor.py:186} INFO - Started process (PID=2592) to work on /home/airflow/.local/lib/python3.12/site-packages/airflow/example_dags/example_external_task_marker_dag.py
[2024-12-02T11:18:46.758+0000] {processor.py:914} INFO - Processing file /home/airflow/.local/lib/python3.12/site-packages/airflow/example_dags/example_external_task_marker_dag.py for tasks to queue
[2024-12-02T11:18:46.759+0000] {logging_mixin.py:190} INFO - [2024-12-02T11:18:46.759+0000] {dagbag.py:588} INFO - Filling up the DagBag from /home/airflow/.local/lib/python3.12/site-packages/airflow/example_dags/example_external_task_marker_dag.py
[2024-12-02T11:18:46.766+0000] {processor.py:925} INFO - DAG(s) 'example_external_task_marker_child', 'example_external_task_marker_parent' retrieved from /home/airflow/.local/lib/python3.12/site-packages/airflow/example_dags/example_external_task_marker_dag.py
[2024-12-02T11:18:46.783+0000] {logging_mixin.py:190} INFO - [2024-12-02T11:18:46.783+0000] {dag.py:3239} INFO - Sync 2 DAGs
[2024-12-02T11:18:46.796+0000] {logging_mixin.py:190} INFO - [2024-12-02T11:18:46.795+0000] {dag.py:4180} INFO - Setting next_dagrun for example_external_task_marker_child to None, run_after=None
[2024-12-02T11:18:46.798+0000] {logging_mixin.py:190} INFO - [2024-12-02T11:18:46.798+0000] {dag.py:4180} INFO - Setting next_dagrun for example_external_task_marker_parent to None, run_after=None
[2024-12-02T11:18:46.811+0000] {processor.py:208} INFO - Processing /home/airflow/.local/lib/python3.12/site-packages/airflow/example_dags/example_external_task_marker_dag.py took 0.058 seconds
[2024-12-02T11:19:17.082+0000] {processor.py:186} INFO - Started process (PID=2657) to work on /home/airflow/.local/lib/python3.12/site-packages/airflow/example_dags/example_external_task_marker_dag.py
[2024-12-02T11:19:17.083+0000] {processor.py:914} INFO - Processing file /home/airflow/.local/lib/python3.12/site-packages/airflow/example_dags/example_external_task_marker_dag.py for tasks to queue
[2024-12-02T11:19:17.084+0000] {logging_mixin.py:190} INFO - [2024-12-02T11:19:17.084+0000] {dagbag.py:588} INFO - Filling up the DagBag from /home/airflow/.local/lib/python3.12/site-packages/airflow/example_dags/example_external_task_marker_dag.py
[2024-12-02T11:19:17.090+0000] {processor.py:925} INFO - DAG(s) 'example_external_task_marker_parent', 'example_external_task_marker_child' retrieved from /home/airflow/.local/lib/python3.12/site-packages/airflow/example_dags/example_external_task_marker_dag.py
[2024-12-02T11:19:17.110+0000] {logging_mixin.py:190} INFO - [2024-12-02T11:19:17.109+0000] {dag.py:3239} INFO - Sync 2 DAGs
[2024-12-02T11:19:17.121+0000] {logging_mixin.py:190} INFO - [2024-12-02T11:19:17.120+0000] {dag.py:4180} INFO - Setting next_dagrun for example_external_task_marker_child to None, run_after=None
[2024-12-02T11:19:17.123+0000] {logging_mixin.py:190} INFO - [2024-12-02T11:19:17.123+0000] {dag.py:4180} INFO - Setting next_dagrun for example_external_task_marker_parent to None, run_after=None
[2024-12-02T11:19:17.134+0000] {processor.py:208} INFO - Processing /home/airflow/.local/lib/python3.12/site-packages/airflow/example_dags/example_external_task_marker_dag.py took 0.057 seconds
[2024-12-02T11:19:50.524+0000] {processor.py:186} INFO - Started process (PID=2727) to work on /home/airflow/.local/lib/python3.12/site-packages/airflow/example_dags/example_external_task_marker_dag.py
[2024-12-02T11:19:50.527+0000] {processor.py:914} INFO - Processing file /home/airflow/.local/lib/python3.12/site-packages/airflow/example_dags/example_external_task_marker_dag.py for tasks to queue
[2024-12-02T11:19:50.528+0000] {logging_mixin.py:190} INFO - [2024-12-02T11:19:50.528+0000] {dagbag.py:588} INFO - Filling up the DagBag from /home/airflow/.local/lib/python3.12/site-packages/airflow/example_dags/example_external_task_marker_dag.py
[2024-12-02T11:19:50.537+0000] {processor.py:925} INFO - DAG(s) 'example_external_task_marker_parent', 'example_external_task_marker_child' retrieved from /home/airflow/.local/lib/python3.12/site-packages/airflow/example_dags/example_external_task_marker_dag.py
[2024-12-02T11:19:50.571+0000] {logging_mixin.py:190} INFO - [2024-12-02T11:19:50.570+0000] {dag.py:3239} INFO - Sync 2 DAGs
[2024-12-02T11:19:50.594+0000] {logging_mixin.py:190} INFO - [2024-12-02T11:19:50.594+0000] {dag.py:4180} INFO - Setting next_dagrun for example_external_task_marker_child to None, run_after=None
[2024-12-02T11:19:50.609+0000] {logging_mixin.py:190} INFO - [2024-12-02T11:19:50.609+0000] {dag.py:4180} INFO - Setting next_dagrun for example_external_task_marker_parent to None, run_after=None
[2024-12-02T11:19:50.622+0000] {processor.py:208} INFO - Processing /home/airflow/.local/lib/python3.12/site-packages/airflow/example_dags/example_external_task_marker_dag.py took 0.102 seconds
