[2024-12-02T10:38:30.277+0000] {processor.py:186} INFO - Started process (PID=109) to work on /home/airflow/.local/lib/python3.12/site-packages/airflow/example_dags/example_task_group.py
[2024-12-02T10:38:30.293+0000] {processor.py:914} INFO - Processing file /home/airflow/.local/lib/python3.12/site-packages/airflow/example_dags/example_task_group.py for tasks to queue
[2024-12-02T10:38:30.298+0000] {logging_mixin.py:190} INFO - [2024-12-02T10:38:30.298+0000] {dagbag.py:588} INFO - Filling up the DagBag from /home/airflow/.local/lib/python3.12/site-packages/airflow/example_dags/example_task_group.py
[2024-12-02T10:38:30.330+0000] {processor.py:925} INFO - DAG(s) 'example_task_group' retrieved from /home/airflow/.local/lib/python3.12/site-packages/airflow/example_dags/example_task_group.py
[2024-12-02T10:38:30.788+0000] {logging_mixin.py:190} INFO - [2024-12-02T10:38:30.786+0000] {override.py:1911} INFO - Created Permission View: can edit on DAG:example_task_group
[2024-12-02T10:38:30.851+0000] {logging_mixin.py:190} INFO - [2024-12-02T10:38:30.851+0000] {override.py:1911} INFO - Created Permission View: can read on DAG:example_task_group
[2024-12-02T10:38:30.891+0000] {logging_mixin.py:190} INFO - [2024-12-02T10:38:30.890+0000] {override.py:1911} INFO - Created Permission View: can delete on DAG:example_task_group
[2024-12-02T10:38:30.958+0000] {logging_mixin.py:190} INFO - [2024-12-02T10:38:30.957+0000] {override.py:1911} INFO - Created Permission View: menu access on DAG Run:example_task_group
[2024-12-02T10:38:31.022+0000] {logging_mixin.py:190} INFO - [2024-12-02T10:38:31.021+0000] {override.py:1911} INFO - Created Permission View: can read on DAG Run:example_task_group
[2024-12-02T10:38:31.074+0000] {logging_mixin.py:190} INFO - [2024-12-02T10:38:31.074+0000] {override.py:1911} INFO - Created Permission View: can delete on DAG Run:example_task_group
[2024-12-02T10:38:31.104+0000] {logging_mixin.py:190} INFO - [2024-12-02T10:38:31.104+0000] {override.py:1911} INFO - Created Permission View: can create on DAG Run:example_task_group
[2024-12-02T10:38:31.105+0000] {logging_mixin.py:190} INFO - [2024-12-02T10:38:31.104+0000] {dag.py:3239} INFO - Sync 1 DAGs
[2024-12-02T10:38:31.193+0000] {logging_mixin.py:190} INFO - [2024-12-02T10:38:31.188+0000] {dag.py:3262} INFO - Creating ORM DAG for example_task_group
[2024-12-02T10:38:31.194+0000] {logging_mixin.py:190} INFO - [2024-12-02T10:38:31.194+0000] {dag.py:4180} INFO - Setting next_dagrun for example_task_group to None, run_after=None
[2024-12-02T10:38:31.243+0000] {processor.py:208} INFO - Processing /home/airflow/.local/lib/python3.12/site-packages/airflow/example_dags/example_task_group.py took 0.972 seconds
[2024-12-02T10:39:09.000+0000] {processor.py:186} INFO - Started process (PID=173) to work on /home/airflow/.local/lib/python3.12/site-packages/airflow/example_dags/example_task_group.py
[2024-12-02T10:39:09.010+0000] {processor.py:914} INFO - Processing file /home/airflow/.local/lib/python3.12/site-packages/airflow/example_dags/example_task_group.py for tasks to queue
[2024-12-02T10:39:09.024+0000] {logging_mixin.py:190} INFO - [2024-12-02T10:39:09.024+0000] {dagbag.py:588} INFO - Filling up the DagBag from /home/airflow/.local/lib/python3.12/site-packages/airflow/example_dags/example_task_group.py
[2024-12-02T10:39:09.162+0000] {processor.py:925} INFO - DAG(s) 'example_task_group' retrieved from /home/airflow/.local/lib/python3.12/site-packages/airflow/example_dags/example_task_group.py
[2024-12-02T10:39:09.271+0000] {logging_mixin.py:190} INFO - [2024-12-02T10:39:09.270+0000] {dag.py:3239} INFO - Sync 1 DAGs
[2024-12-02T10:39:09.382+0000] {logging_mixin.py:190} INFO - [2024-12-02T10:39:09.378+0000] {dag.py:4180} INFO - Setting next_dagrun for example_task_group to None, run_after=None
[2024-12-02T10:39:09.486+0000] {processor.py:208} INFO - Processing /home/airflow/.local/lib/python3.12/site-packages/airflow/example_dags/example_task_group.py took 0.544 seconds
[2024-12-02T10:39:39.762+0000] {processor.py:186} INFO - Started process (PID=236) to work on /home/airflow/.local/lib/python3.12/site-packages/airflow/example_dags/example_task_group.py
[2024-12-02T10:39:39.769+0000] {processor.py:914} INFO - Processing file /home/airflow/.local/lib/python3.12/site-packages/airflow/example_dags/example_task_group.py for tasks to queue
[2024-12-02T10:39:39.782+0000] {logging_mixin.py:190} INFO - [2024-12-02T10:39:39.782+0000] {dagbag.py:588} INFO - Filling up the DagBag from /home/airflow/.local/lib/python3.12/site-packages/airflow/example_dags/example_task_group.py
[2024-12-02T10:39:39.824+0000] {processor.py:925} INFO - DAG(s) 'example_task_group' retrieved from /home/airflow/.local/lib/python3.12/site-packages/airflow/example_dags/example_task_group.py
[2024-12-02T10:39:39.934+0000] {logging_mixin.py:190} INFO - [2024-12-02T10:39:39.933+0000] {dag.py:3239} INFO - Sync 1 DAGs
[2024-12-02T10:39:39.988+0000] {logging_mixin.py:190} INFO - [2024-12-02T10:39:39.988+0000] {dag.py:4180} INFO - Setting next_dagrun for example_task_group to None, run_after=None
[2024-12-02T10:39:40.171+0000] {processor.py:208} INFO - Processing /home/airflow/.local/lib/python3.12/site-packages/airflow/example_dags/example_task_group.py took 0.442 seconds
[2024-12-02T10:40:10.965+0000] {processor.py:186} INFO - Started process (PID=299) to work on /home/airflow/.local/lib/python3.12/site-packages/airflow/example_dags/example_task_group.py
[2024-12-02T10:40:10.967+0000] {processor.py:914} INFO - Processing file /home/airflow/.local/lib/python3.12/site-packages/airflow/example_dags/example_task_group.py for tasks to queue
[2024-12-02T10:40:10.969+0000] {logging_mixin.py:190} INFO - [2024-12-02T10:40:10.968+0000] {dagbag.py:588} INFO - Filling up the DagBag from /home/airflow/.local/lib/python3.12/site-packages/airflow/example_dags/example_task_group.py
[2024-12-02T10:40:10.978+0000] {processor.py:925} INFO - DAG(s) 'example_task_group' retrieved from /home/airflow/.local/lib/python3.12/site-packages/airflow/example_dags/example_task_group.py
[2024-12-02T10:40:10.997+0000] {logging_mixin.py:190} INFO - [2024-12-02T10:40:10.997+0000] {dag.py:3239} INFO - Sync 1 DAGs
[2024-12-02T10:40:11.009+0000] {logging_mixin.py:190} INFO - [2024-12-02T10:40:11.009+0000] {dag.py:4180} INFO - Setting next_dagrun for example_task_group to None, run_after=None
[2024-12-02T10:40:11.029+0000] {processor.py:208} INFO - Processing /home/airflow/.local/lib/python3.12/site-packages/airflow/example_dags/example_task_group.py took 0.068 seconds
[2024-12-02T10:40:41.646+0000] {processor.py:186} INFO - Started process (PID=363) to work on /home/airflow/.local/lib/python3.12/site-packages/airflow/example_dags/example_task_group.py
[2024-12-02T10:40:41.647+0000] {processor.py:914} INFO - Processing file /home/airflow/.local/lib/python3.12/site-packages/airflow/example_dags/example_task_group.py for tasks to queue
[2024-12-02T10:40:41.649+0000] {logging_mixin.py:190} INFO - [2024-12-02T10:40:41.649+0000] {dagbag.py:588} INFO - Filling up the DagBag from /home/airflow/.local/lib/python3.12/site-packages/airflow/example_dags/example_task_group.py
[2024-12-02T10:40:41.657+0000] {processor.py:925} INFO - DAG(s) 'example_task_group' retrieved from /home/airflow/.local/lib/python3.12/site-packages/airflow/example_dags/example_task_group.py
[2024-12-02T10:40:41.678+0000] {logging_mixin.py:190} INFO - [2024-12-02T10:40:41.677+0000] {dag.py:3239} INFO - Sync 1 DAGs
[2024-12-02T10:40:41.690+0000] {logging_mixin.py:190} INFO - [2024-12-02T10:40:41.690+0000] {dag.py:4180} INFO - Setting next_dagrun for example_task_group to None, run_after=None
[2024-12-02T10:40:41.707+0000] {processor.py:208} INFO - Processing /home/airflow/.local/lib/python3.12/site-packages/airflow/example_dags/example_task_group.py took 0.067 seconds
[2024-12-02T10:42:23.806+0000] {processor.py:186} INFO - Started process (PID=103) to work on /home/airflow/.local/lib/python3.12/site-packages/airflow/example_dags/example_task_group.py
[2024-12-02T10:42:23.809+0000] {processor.py:914} INFO - Processing file /home/airflow/.local/lib/python3.12/site-packages/airflow/example_dags/example_task_group.py for tasks to queue
[2024-12-02T10:42:23.823+0000] {logging_mixin.py:190} INFO - [2024-12-02T10:42:23.819+0000] {dagbag.py:588} INFO - Filling up the DagBag from /home/airflow/.local/lib/python3.12/site-packages/airflow/example_dags/example_task_group.py
[2024-12-02T10:42:23.854+0000] {processor.py:925} INFO - DAG(s) 'example_task_group' retrieved from /home/airflow/.local/lib/python3.12/site-packages/airflow/example_dags/example_task_group.py
[2024-12-02T10:42:23.905+0000] {logging_mixin.py:190} INFO - [2024-12-02T10:42:23.905+0000] {dag.py:3239} INFO - Sync 1 DAGs
[2024-12-02T10:42:23.932+0000] {logging_mixin.py:190} INFO - [2024-12-02T10:42:23.932+0000] {dag.py:4180} INFO - Setting next_dagrun for example_task_group to None, run_after=None
[2024-12-02T10:42:23.984+0000] {processor.py:208} INFO - Processing /home/airflow/.local/lib/python3.12/site-packages/airflow/example_dags/example_task_group.py took 0.200 seconds
[2024-12-02T10:42:54.415+0000] {processor.py:186} INFO - Started process (PID=165) to work on /home/airflow/.local/lib/python3.12/site-packages/airflow/example_dags/example_task_group.py
[2024-12-02T10:42:54.416+0000] {processor.py:914} INFO - Processing file /home/airflow/.local/lib/python3.12/site-packages/airflow/example_dags/example_task_group.py for tasks to queue
[2024-12-02T10:42:54.418+0000] {logging_mixin.py:190} INFO - [2024-12-02T10:42:54.418+0000] {dagbag.py:588} INFO - Filling up the DagBag from /home/airflow/.local/lib/python3.12/site-packages/airflow/example_dags/example_task_group.py
[2024-12-02T10:42:54.424+0000] {processor.py:925} INFO - DAG(s) 'example_task_group' retrieved from /home/airflow/.local/lib/python3.12/site-packages/airflow/example_dags/example_task_group.py
[2024-12-02T10:42:54.439+0000] {logging_mixin.py:190} INFO - [2024-12-02T10:42:54.438+0000] {dag.py:3239} INFO - Sync 1 DAGs
[2024-12-02T10:42:54.448+0000] {logging_mixin.py:190} INFO - [2024-12-02T10:42:54.448+0000] {dag.py:4180} INFO - Setting next_dagrun for example_task_group to None, run_after=None
[2024-12-02T10:42:54.463+0000] {processor.py:208} INFO - Processing /home/airflow/.local/lib/python3.12/site-packages/airflow/example_dags/example_task_group.py took 0.052 seconds
[2024-12-02T10:43:24.698+0000] {processor.py:186} INFO - Started process (PID=229) to work on /home/airflow/.local/lib/python3.12/site-packages/airflow/example_dags/example_task_group.py
[2024-12-02T10:43:24.702+0000] {processor.py:914} INFO - Processing file /home/airflow/.local/lib/python3.12/site-packages/airflow/example_dags/example_task_group.py for tasks to queue
[2024-12-02T10:43:24.705+0000] {logging_mixin.py:190} INFO - [2024-12-02T10:43:24.704+0000] {dagbag.py:588} INFO - Filling up the DagBag from /home/airflow/.local/lib/python3.12/site-packages/airflow/example_dags/example_task_group.py
[2024-12-02T10:43:24.711+0000] {processor.py:925} INFO - DAG(s) 'example_task_group' retrieved from /home/airflow/.local/lib/python3.12/site-packages/airflow/example_dags/example_task_group.py
[2024-12-02T10:43:24.726+0000] {logging_mixin.py:190} INFO - [2024-12-02T10:43:24.725+0000] {dag.py:3239} INFO - Sync 1 DAGs
[2024-12-02T10:43:24.736+0000] {logging_mixin.py:190} INFO - [2024-12-02T10:43:24.736+0000] {dag.py:4180} INFO - Setting next_dagrun for example_task_group to None, run_after=None
[2024-12-02T10:43:24.751+0000] {processor.py:208} INFO - Processing /home/airflow/.local/lib/python3.12/site-packages/airflow/example_dags/example_task_group.py took 0.063 seconds
[2024-12-02T10:43:54.861+0000] {processor.py:186} INFO - Started process (PID=292) to work on /home/airflow/.local/lib/python3.12/site-packages/airflow/example_dags/example_task_group.py
[2024-12-02T10:43:54.862+0000] {processor.py:914} INFO - Processing file /home/airflow/.local/lib/python3.12/site-packages/airflow/example_dags/example_task_group.py for tasks to queue
[2024-12-02T10:43:54.869+0000] {logging_mixin.py:190} INFO - [2024-12-02T10:43:54.868+0000] {dagbag.py:588} INFO - Filling up the DagBag from /home/airflow/.local/lib/python3.12/site-packages/airflow/example_dags/example_task_group.py
[2024-12-02T10:43:54.885+0000] {processor.py:925} INFO - DAG(s) 'example_task_group' retrieved from /home/airflow/.local/lib/python3.12/site-packages/airflow/example_dags/example_task_group.py
[2024-12-02T10:43:54.911+0000] {logging_mixin.py:190} INFO - [2024-12-02T10:43:54.911+0000] {dag.py:3239} INFO - Sync 1 DAGs
[2024-12-02T10:43:54.921+0000] {logging_mixin.py:190} INFO - [2024-12-02T10:43:54.921+0000] {dag.py:4180} INFO - Setting next_dagrun for example_task_group to None, run_after=None
[2024-12-02T10:43:54.938+0000] {processor.py:208} INFO - Processing /home/airflow/.local/lib/python3.12/site-packages/airflow/example_dags/example_task_group.py took 0.082 seconds
[2024-12-02T10:44:29.503+0000] {processor.py:186} INFO - Started process (PID=356) to work on /home/airflow/.local/lib/python3.12/site-packages/airflow/example_dags/example_task_group.py
[2024-12-02T10:44:29.506+0000] {processor.py:914} INFO - Processing file /home/airflow/.local/lib/python3.12/site-packages/airflow/example_dags/example_task_group.py for tasks to queue
[2024-12-02T10:44:29.508+0000] {logging_mixin.py:190} INFO - [2024-12-02T10:44:29.508+0000] {dagbag.py:588} INFO - Filling up the DagBag from /home/airflow/.local/lib/python3.12/site-packages/airflow/example_dags/example_task_group.py
[2024-12-02T10:44:29.518+0000] {processor.py:925} INFO - DAG(s) 'example_task_group' retrieved from /home/airflow/.local/lib/python3.12/site-packages/airflow/example_dags/example_task_group.py
[2024-12-02T10:44:29.543+0000] {logging_mixin.py:190} INFO - [2024-12-02T10:44:29.543+0000] {dag.py:3239} INFO - Sync 1 DAGs
[2024-12-02T10:44:29.557+0000] {logging_mixin.py:190} INFO - [2024-12-02T10:44:29.557+0000] {dag.py:4180} INFO - Setting next_dagrun for example_task_group to None, run_after=None
[2024-12-02T10:44:29.583+0000] {processor.py:208} INFO - Processing /home/airflow/.local/lib/python3.12/site-packages/airflow/example_dags/example_task_group.py took 0.085 seconds
[2024-12-02T10:45:05.241+0000] {processor.py:186} INFO - Started process (PID=422) to work on /home/airflow/.local/lib/python3.12/site-packages/airflow/example_dags/example_task_group.py
[2024-12-02T10:45:05.245+0000] {processor.py:914} INFO - Processing file /home/airflow/.local/lib/python3.12/site-packages/airflow/example_dags/example_task_group.py for tasks to queue
[2024-12-02T10:45:05.248+0000] {logging_mixin.py:190} INFO - [2024-12-02T10:45:05.247+0000] {dagbag.py:588} INFO - Filling up the DagBag from /home/airflow/.local/lib/python3.12/site-packages/airflow/example_dags/example_task_group.py
[2024-12-02T10:45:05.274+0000] {processor.py:925} INFO - DAG(s) 'example_task_group' retrieved from /home/airflow/.local/lib/python3.12/site-packages/airflow/example_dags/example_task_group.py
[2024-12-02T10:45:05.364+0000] {logging_mixin.py:190} INFO - [2024-12-02T10:45:05.364+0000] {dag.py:3239} INFO - Sync 1 DAGs
[2024-12-02T10:45:05.418+0000] {logging_mixin.py:190} INFO - [2024-12-02T10:45:05.418+0000] {dag.py:4180} INFO - Setting next_dagrun for example_task_group to None, run_after=None
[2024-12-02T10:45:05.493+0000] {processor.py:208} INFO - Processing /home/airflow/.local/lib/python3.12/site-packages/airflow/example_dags/example_task_group.py took 0.276 seconds
[2024-12-02T10:45:37.536+0000] {processor.py:186} INFO - Started process (PID=486) to work on /home/airflow/.local/lib/python3.12/site-packages/airflow/example_dags/example_task_group.py
[2024-12-02T10:45:37.537+0000] {processor.py:914} INFO - Processing file /home/airflow/.local/lib/python3.12/site-packages/airflow/example_dags/example_task_group.py for tasks to queue
[2024-12-02T10:45:37.539+0000] {logging_mixin.py:190} INFO - [2024-12-02T10:45:37.538+0000] {dagbag.py:588} INFO - Filling up the DagBag from /home/airflow/.local/lib/python3.12/site-packages/airflow/example_dags/example_task_group.py
[2024-12-02T10:45:37.546+0000] {processor.py:925} INFO - DAG(s) 'example_task_group' retrieved from /home/airflow/.local/lib/python3.12/site-packages/airflow/example_dags/example_task_group.py
[2024-12-02T10:45:37.561+0000] {logging_mixin.py:190} INFO - [2024-12-02T10:45:37.561+0000] {dag.py:3239} INFO - Sync 1 DAGs
[2024-12-02T10:45:37.571+0000] {logging_mixin.py:190} INFO - [2024-12-02T10:45:37.570+0000] {dag.py:4180} INFO - Setting next_dagrun for example_task_group to None, run_after=None
[2024-12-02T10:45:37.587+0000] {processor.py:208} INFO - Processing /home/airflow/.local/lib/python3.12/site-packages/airflow/example_dags/example_task_group.py took 0.055 seconds
[2024-12-02T10:46:08.233+0000] {processor.py:186} INFO - Started process (PID=549) to work on /home/airflow/.local/lib/python3.12/site-packages/airflow/example_dags/example_task_group.py
[2024-12-02T10:46:08.239+0000] {processor.py:914} INFO - Processing file /home/airflow/.local/lib/python3.12/site-packages/airflow/example_dags/example_task_group.py for tasks to queue
[2024-12-02T10:46:08.241+0000] {logging_mixin.py:190} INFO - [2024-12-02T10:46:08.241+0000] {dagbag.py:588} INFO - Filling up the DagBag from /home/airflow/.local/lib/python3.12/site-packages/airflow/example_dags/example_task_group.py
[2024-12-02T10:46:08.258+0000] {processor.py:925} INFO - DAG(s) 'example_task_group' retrieved from /home/airflow/.local/lib/python3.12/site-packages/airflow/example_dags/example_task_group.py
[2024-12-02T10:46:08.285+0000] {logging_mixin.py:190} INFO - [2024-12-02T10:46:08.285+0000] {dag.py:3239} INFO - Sync 1 DAGs
[2024-12-02T10:46:08.301+0000] {logging_mixin.py:190} INFO - [2024-12-02T10:46:08.301+0000] {dag.py:4180} INFO - Setting next_dagrun for example_task_group to None, run_after=None
[2024-12-02T10:46:08.328+0000] {processor.py:208} INFO - Processing /home/airflow/.local/lib/python3.12/site-packages/airflow/example_dags/example_task_group.py took 0.100 seconds
[2024-12-02T10:46:38.932+0000] {processor.py:186} INFO - Started process (PID=611) to work on /home/airflow/.local/lib/python3.12/site-packages/airflow/example_dags/example_task_group.py
[2024-12-02T10:46:38.953+0000] {processor.py:914} INFO - Processing file /home/airflow/.local/lib/python3.12/site-packages/airflow/example_dags/example_task_group.py for tasks to queue
[2024-12-02T10:46:38.982+0000] {logging_mixin.py:190} INFO - [2024-12-02T10:46:38.981+0000] {dagbag.py:588} INFO - Filling up the DagBag from /home/airflow/.local/lib/python3.12/site-packages/airflow/example_dags/example_task_group.py
[2024-12-02T10:46:39.018+0000] {processor.py:925} INFO - DAG(s) 'example_task_group' retrieved from /home/airflow/.local/lib/python3.12/site-packages/airflow/example_dags/example_task_group.py
[2024-12-02T10:46:39.072+0000] {logging_mixin.py:190} INFO - [2024-12-02T10:46:39.071+0000] {dag.py:3239} INFO - Sync 1 DAGs
[2024-12-02T10:46:39.119+0000] {logging_mixin.py:190} INFO - [2024-12-02T10:46:39.119+0000] {dag.py:4180} INFO - Setting next_dagrun for example_task_group to None, run_after=None
[2024-12-02T10:46:39.179+0000] {processor.py:208} INFO - Processing /home/airflow/.local/lib/python3.12/site-packages/airflow/example_dags/example_task_group.py took 0.255 seconds
[2024-12-02T10:58:22.638+0000] {processor.py:186} INFO - Started process (PID=109) to work on /home/airflow/.local/lib/python3.12/site-packages/airflow/example_dags/example_task_group.py
[2024-12-02T10:58:22.641+0000] {processor.py:914} INFO - Processing file /home/airflow/.local/lib/python3.12/site-packages/airflow/example_dags/example_task_group.py for tasks to queue
[2024-12-02T10:58:22.644+0000] {logging_mixin.py:190} INFO - [2024-12-02T10:58:22.644+0000] {dagbag.py:588} INFO - Filling up the DagBag from /home/airflow/.local/lib/python3.12/site-packages/airflow/example_dags/example_task_group.py
[2024-12-02T10:58:22.691+0000] {processor.py:925} INFO - DAG(s) 'example_task_group' retrieved from /home/airflow/.local/lib/python3.12/site-packages/airflow/example_dags/example_task_group.py
[2024-12-02T10:58:22.777+0000] {logging_mixin.py:190} INFO - [2024-12-02T10:58:22.776+0000] {dag.py:3239} INFO - Sync 1 DAGs
[2024-12-02T10:58:22.862+0000] {logging_mixin.py:190} INFO - [2024-12-02T10:58:22.862+0000] {dag.py:4180} INFO - Setting next_dagrun for example_task_group to None, run_after=None
[2024-12-02T10:58:22.975+0000] {processor.py:208} INFO - Processing /home/airflow/.local/lib/python3.12/site-packages/airflow/example_dags/example_task_group.py took 0.428 seconds
[2024-12-02T10:58:55.715+0000] {processor.py:186} INFO - Started process (PID=173) to work on /home/airflow/.local/lib/python3.12/site-packages/airflow/example_dags/example_task_group.py
[2024-12-02T10:58:55.729+0000] {processor.py:914} INFO - Processing file /home/airflow/.local/lib/python3.12/site-packages/airflow/example_dags/example_task_group.py for tasks to queue
[2024-12-02T10:58:55.815+0000] {logging_mixin.py:190} INFO - [2024-12-02T10:58:55.732+0000] {dagbag.py:588} INFO - Filling up the DagBag from /home/airflow/.local/lib/python3.12/site-packages/airflow/example_dags/example_task_group.py
[2024-12-02T10:58:55.851+0000] {processor.py:925} INFO - DAG(s) 'example_task_group' retrieved from /home/airflow/.local/lib/python3.12/site-packages/airflow/example_dags/example_task_group.py
[2024-12-02T10:58:55.963+0000] {logging_mixin.py:190} INFO - [2024-12-02T10:58:55.963+0000] {dag.py:3239} INFO - Sync 1 DAGs
[2024-12-02T10:58:56.104+0000] {logging_mixin.py:190} INFO - [2024-12-02T10:58:56.104+0000] {dag.py:4180} INFO - Setting next_dagrun for example_task_group to None, run_after=None
[2024-12-02T10:58:56.175+0000] {processor.py:208} INFO - Processing /home/airflow/.local/lib/python3.12/site-packages/airflow/example_dags/example_task_group.py took 0.484 seconds
[2024-12-02T10:59:26.358+0000] {processor.py:186} INFO - Started process (PID=236) to work on /home/airflow/.local/lib/python3.12/site-packages/airflow/example_dags/example_task_group.py
[2024-12-02T10:59:26.376+0000] {processor.py:914} INFO - Processing file /home/airflow/.local/lib/python3.12/site-packages/airflow/example_dags/example_task_group.py for tasks to queue
[2024-12-02T10:59:26.384+0000] {logging_mixin.py:190} INFO - [2024-12-02T10:59:26.382+0000] {dagbag.py:588} INFO - Filling up the DagBag from /home/airflow/.local/lib/python3.12/site-packages/airflow/example_dags/example_task_group.py
[2024-12-02T10:59:26.439+0000] {processor.py:925} INFO - DAG(s) 'example_task_group' retrieved from /home/airflow/.local/lib/python3.12/site-packages/airflow/example_dags/example_task_group.py
[2024-12-02T10:59:26.584+0000] {logging_mixin.py:190} INFO - [2024-12-02T10:59:26.581+0000] {dag.py:3239} INFO - Sync 1 DAGs
[2024-12-02T10:59:26.708+0000] {logging_mixin.py:190} INFO - [2024-12-02T10:59:26.707+0000] {dag.py:4180} INFO - Setting next_dagrun for example_task_group to None, run_after=None
[2024-12-02T10:59:26.842+0000] {processor.py:208} INFO - Processing /home/airflow/.local/lib/python3.12/site-packages/airflow/example_dags/example_task_group.py took 0.544 seconds
[2024-12-02T10:59:57.489+0000] {processor.py:186} INFO - Started process (PID=300) to work on /home/airflow/.local/lib/python3.12/site-packages/airflow/example_dags/example_task_group.py
[2024-12-02T10:59:57.490+0000] {processor.py:914} INFO - Processing file /home/airflow/.local/lib/python3.12/site-packages/airflow/example_dags/example_task_group.py for tasks to queue
[2024-12-02T10:59:57.491+0000] {logging_mixin.py:190} INFO - [2024-12-02T10:59:57.491+0000] {dagbag.py:588} INFO - Filling up the DagBag from /home/airflow/.local/lib/python3.12/site-packages/airflow/example_dags/example_task_group.py
[2024-12-02T10:59:57.498+0000] {processor.py:925} INFO - DAG(s) 'example_task_group' retrieved from /home/airflow/.local/lib/python3.12/site-packages/airflow/example_dags/example_task_group.py
[2024-12-02T10:59:57.515+0000] {logging_mixin.py:190} INFO - [2024-12-02T10:59:57.515+0000] {dag.py:3239} INFO - Sync 1 DAGs
[2024-12-02T10:59:57.525+0000] {logging_mixin.py:190} INFO - [2024-12-02T10:59:57.525+0000] {dag.py:4180} INFO - Setting next_dagrun for example_task_group to None, run_after=None
[2024-12-02T10:59:57.545+0000] {processor.py:208} INFO - Processing /home/airflow/.local/lib/python3.12/site-packages/airflow/example_dags/example_task_group.py took 0.060 seconds
[2024-12-02T11:00:28.201+0000] {processor.py:186} INFO - Started process (PID=363) to work on /home/airflow/.local/lib/python3.12/site-packages/airflow/example_dags/example_task_group.py
[2024-12-02T11:00:28.202+0000] {processor.py:914} INFO - Processing file /home/airflow/.local/lib/python3.12/site-packages/airflow/example_dags/example_task_group.py for tasks to queue
[2024-12-02T11:00:28.203+0000] {logging_mixin.py:190} INFO - [2024-12-02T11:00:28.203+0000] {dagbag.py:588} INFO - Filling up the DagBag from /home/airflow/.local/lib/python3.12/site-packages/airflow/example_dags/example_task_group.py
[2024-12-02T11:00:28.209+0000] {processor.py:925} INFO - DAG(s) 'example_task_group' retrieved from /home/airflow/.local/lib/python3.12/site-packages/airflow/example_dags/example_task_group.py
[2024-12-02T11:00:28.226+0000] {logging_mixin.py:190} INFO - [2024-12-02T11:00:28.226+0000] {dag.py:3239} INFO - Sync 1 DAGs
[2024-12-02T11:00:28.236+0000] {logging_mixin.py:190} INFO - [2024-12-02T11:00:28.236+0000] {dag.py:4180} INFO - Setting next_dagrun for example_task_group to None, run_after=None
[2024-12-02T11:00:28.253+0000] {processor.py:208} INFO - Processing /home/airflow/.local/lib/python3.12/site-packages/airflow/example_dags/example_task_group.py took 0.056 seconds
[2024-12-02T11:00:59.671+0000] {processor.py:186} INFO - Started process (PID=427) to work on /home/airflow/.local/lib/python3.12/site-packages/airflow/example_dags/example_task_group.py
[2024-12-02T11:00:59.673+0000] {processor.py:914} INFO - Processing file /home/airflow/.local/lib/python3.12/site-packages/airflow/example_dags/example_task_group.py for tasks to queue
[2024-12-02T11:00:59.674+0000] {logging_mixin.py:190} INFO - [2024-12-02T11:00:59.674+0000] {dagbag.py:588} INFO - Filling up the DagBag from /home/airflow/.local/lib/python3.12/site-packages/airflow/example_dags/example_task_group.py
[2024-12-02T11:00:59.681+0000] {processor.py:925} INFO - DAG(s) 'example_task_group' retrieved from /home/airflow/.local/lib/python3.12/site-packages/airflow/example_dags/example_task_group.py
[2024-12-02T11:00:59.698+0000] {logging_mixin.py:190} INFO - [2024-12-02T11:00:59.697+0000] {dag.py:3239} INFO - Sync 1 DAGs
[2024-12-02T11:00:59.709+0000] {logging_mixin.py:190} INFO - [2024-12-02T11:00:59.709+0000] {dag.py:4180} INFO - Setting next_dagrun for example_task_group to None, run_after=None
[2024-12-02T11:00:59.726+0000] {processor.py:208} INFO - Processing /home/airflow/.local/lib/python3.12/site-packages/airflow/example_dags/example_task_group.py took 0.059 seconds
[2024-12-02T11:01:33.106+0000] {processor.py:186} INFO - Started process (PID=491) to work on /home/airflow/.local/lib/python3.12/site-packages/airflow/example_dags/example_task_group.py
[2024-12-02T11:01:33.107+0000] {processor.py:914} INFO - Processing file /home/airflow/.local/lib/python3.12/site-packages/airflow/example_dags/example_task_group.py for tasks to queue
[2024-12-02T11:01:33.110+0000] {logging_mixin.py:190} INFO - [2024-12-02T11:01:33.109+0000] {dagbag.py:588} INFO - Filling up the DagBag from /home/airflow/.local/lib/python3.12/site-packages/airflow/example_dags/example_task_group.py
[2024-12-02T11:01:33.118+0000] {processor.py:925} INFO - DAG(s) 'example_task_group' retrieved from /home/airflow/.local/lib/python3.12/site-packages/airflow/example_dags/example_task_group.py
[2024-12-02T11:01:33.140+0000] {logging_mixin.py:190} INFO - [2024-12-02T11:01:33.140+0000] {dag.py:3239} INFO - Sync 1 DAGs
[2024-12-02T11:01:33.151+0000] {logging_mixin.py:190} INFO - [2024-12-02T11:01:33.151+0000] {dag.py:4180} INFO - Setting next_dagrun for example_task_group to None, run_after=None
[2024-12-02T11:01:33.166+0000] {processor.py:208} INFO - Processing /home/airflow/.local/lib/python3.12/site-packages/airflow/example_dags/example_task_group.py took 0.068 seconds
[2024-12-02T11:02:09.014+0000] {processor.py:186} INFO - Started process (PID=555) to work on /home/airflow/.local/lib/python3.12/site-packages/airflow/example_dags/example_task_group.py
[2024-12-02T11:02:09.017+0000] {processor.py:914} INFO - Processing file /home/airflow/.local/lib/python3.12/site-packages/airflow/example_dags/example_task_group.py for tasks to queue
[2024-12-02T11:02:09.019+0000] {logging_mixin.py:190} INFO - [2024-12-02T11:02:09.019+0000] {dagbag.py:588} INFO - Filling up the DagBag from /home/airflow/.local/lib/python3.12/site-packages/airflow/example_dags/example_task_group.py
[2024-12-02T11:02:09.048+0000] {processor.py:925} INFO - DAG(s) 'example_task_group' retrieved from /home/airflow/.local/lib/python3.12/site-packages/airflow/example_dags/example_task_group.py
[2024-12-02T11:02:09.081+0000] {logging_mixin.py:190} INFO - [2024-12-02T11:02:09.081+0000] {dag.py:3239} INFO - Sync 1 DAGs
[2024-12-02T11:02:09.109+0000] {logging_mixin.py:190} INFO - [2024-12-02T11:02:09.109+0000] {dag.py:4180} INFO - Setting next_dagrun for example_task_group to None, run_after=None
[2024-12-02T11:02:09.168+0000] {processor.py:208} INFO - Processing /home/airflow/.local/lib/python3.12/site-packages/airflow/example_dags/example_task_group.py took 0.165 seconds
[2024-12-02T11:02:43.793+0000] {processor.py:186} INFO - Started process (PID=618) to work on /home/airflow/.local/lib/python3.12/site-packages/airflow/example_dags/example_task_group.py
[2024-12-02T11:02:43.808+0000] {processor.py:914} INFO - Processing file /home/airflow/.local/lib/python3.12/site-packages/airflow/example_dags/example_task_group.py for tasks to queue
[2024-12-02T11:02:43.810+0000] {logging_mixin.py:190} INFO - [2024-12-02T11:02:43.810+0000] {dagbag.py:588} INFO - Filling up the DagBag from /home/airflow/.local/lib/python3.12/site-packages/airflow/example_dags/example_task_group.py
[2024-12-02T11:02:43.900+0000] {processor.py:925} INFO - DAG(s) 'example_task_group' retrieved from /home/airflow/.local/lib/python3.12/site-packages/airflow/example_dags/example_task_group.py
[2024-12-02T11:02:43.998+0000] {logging_mixin.py:190} INFO - [2024-12-02T11:02:43.998+0000] {dag.py:3239} INFO - Sync 1 DAGs
[2024-12-02T11:02:44.051+0000] {logging_mixin.py:190} INFO - [2024-12-02T11:02:44.051+0000] {dag.py:4180} INFO - Setting next_dagrun for example_task_group to None, run_after=None
[2024-12-02T11:02:44.084+0000] {processor.py:208} INFO - Processing /home/airflow/.local/lib/python3.12/site-packages/airflow/example_dags/example_task_group.py took 0.314 seconds
[2024-12-02T11:03:18.847+0000] {processor.py:186} INFO - Started process (PID=682) to work on /home/airflow/.local/lib/python3.12/site-packages/airflow/example_dags/example_task_group.py
[2024-12-02T11:03:18.850+0000] {processor.py:914} INFO - Processing file /home/airflow/.local/lib/python3.12/site-packages/airflow/example_dags/example_task_group.py for tasks to queue
[2024-12-02T11:03:18.854+0000] {logging_mixin.py:190} INFO - [2024-12-02T11:03:18.854+0000] {dagbag.py:588} INFO - Filling up the DagBag from /home/airflow/.local/lib/python3.12/site-packages/airflow/example_dags/example_task_group.py
[2024-12-02T11:03:18.888+0000] {processor.py:925} INFO - DAG(s) 'example_task_group' retrieved from /home/airflow/.local/lib/python3.12/site-packages/airflow/example_dags/example_task_group.py
[2024-12-02T11:03:18.950+0000] {logging_mixin.py:190} INFO - [2024-12-02T11:03:18.949+0000] {dag.py:3239} INFO - Sync 1 DAGs
[2024-12-02T11:03:18.981+0000] {logging_mixin.py:190} INFO - [2024-12-02T11:03:18.981+0000] {dag.py:4180} INFO - Setting next_dagrun for example_task_group to None, run_after=None
[2024-12-02T11:03:19.022+0000] {processor.py:208} INFO - Processing /home/airflow/.local/lib/python3.12/site-packages/airflow/example_dags/example_task_group.py took 0.182 seconds
[2024-12-02T11:03:52.410+0000] {processor.py:186} INFO - Started process (PID=754) to work on /home/airflow/.local/lib/python3.12/site-packages/airflow/example_dags/example_task_group.py
[2024-12-02T11:03:52.412+0000] {processor.py:914} INFO - Processing file /home/airflow/.local/lib/python3.12/site-packages/airflow/example_dags/example_task_group.py for tasks to queue
[2024-12-02T11:03:52.413+0000] {logging_mixin.py:190} INFO - [2024-12-02T11:03:52.413+0000] {dagbag.py:588} INFO - Filling up the DagBag from /home/airflow/.local/lib/python3.12/site-packages/airflow/example_dags/example_task_group.py
[2024-12-02T11:03:52.419+0000] {processor.py:925} INFO - DAG(s) 'example_task_group' retrieved from /home/airflow/.local/lib/python3.12/site-packages/airflow/example_dags/example_task_group.py
[2024-12-02T11:03:52.433+0000] {logging_mixin.py:190} INFO - [2024-12-02T11:03:52.433+0000] {dag.py:3239} INFO - Sync 1 DAGs
[2024-12-02T11:03:52.443+0000] {logging_mixin.py:190} INFO - [2024-12-02T11:03:52.443+0000] {dag.py:4180} INFO - Setting next_dagrun for example_task_group to None, run_after=None
[2024-12-02T11:03:52.459+0000] {processor.py:208} INFO - Processing /home/airflow/.local/lib/python3.12/site-packages/airflow/example_dags/example_task_group.py took 0.053 seconds
[2024-12-02T11:04:27.135+0000] {processor.py:186} INFO - Started process (PID=826) to work on /home/airflow/.local/lib/python3.12/site-packages/airflow/example_dags/example_task_group.py
[2024-12-02T11:04:27.137+0000] {processor.py:914} INFO - Processing file /home/airflow/.local/lib/python3.12/site-packages/airflow/example_dags/example_task_group.py for tasks to queue
[2024-12-02T11:04:27.138+0000] {logging_mixin.py:190} INFO - [2024-12-02T11:04:27.138+0000] {dagbag.py:588} INFO - Filling up the DagBag from /home/airflow/.local/lib/python3.12/site-packages/airflow/example_dags/example_task_group.py
[2024-12-02T11:04:27.144+0000] {processor.py:925} INFO - DAG(s) 'example_task_group' retrieved from /home/airflow/.local/lib/python3.12/site-packages/airflow/example_dags/example_task_group.py
[2024-12-02T11:04:27.159+0000] {logging_mixin.py:190} INFO - [2024-12-02T11:04:27.158+0000] {dag.py:3239} INFO - Sync 1 DAGs
[2024-12-02T11:04:27.169+0000] {logging_mixin.py:190} INFO - [2024-12-02T11:04:27.169+0000] {dag.py:4180} INFO - Setting next_dagrun for example_task_group to None, run_after=None
[2024-12-02T11:04:27.182+0000] {processor.py:208} INFO - Processing /home/airflow/.local/lib/python3.12/site-packages/airflow/example_dags/example_task_group.py took 0.051 seconds
[2024-12-02T11:05:02.147+0000] {processor.py:186} INFO - Started process (PID=903) to work on /home/airflow/.local/lib/python3.12/site-packages/airflow/example_dags/example_task_group.py
[2024-12-02T11:05:02.147+0000] {processor.py:914} INFO - Processing file /home/airflow/.local/lib/python3.12/site-packages/airflow/example_dags/example_task_group.py for tasks to queue
[2024-12-02T11:05:02.149+0000] {logging_mixin.py:190} INFO - [2024-12-02T11:05:02.148+0000] {dagbag.py:588} INFO - Filling up the DagBag from /home/airflow/.local/lib/python3.12/site-packages/airflow/example_dags/example_task_group.py
[2024-12-02T11:05:02.155+0000] {processor.py:925} INFO - DAG(s) 'example_task_group' retrieved from /home/airflow/.local/lib/python3.12/site-packages/airflow/example_dags/example_task_group.py
[2024-12-02T11:05:02.173+0000] {logging_mixin.py:190} INFO - [2024-12-02T11:05:02.173+0000] {dag.py:3239} INFO - Sync 1 DAGs
[2024-12-02T11:05:02.185+0000] {logging_mixin.py:190} INFO - [2024-12-02T11:05:02.185+0000] {dag.py:4180} INFO - Setting next_dagrun for example_task_group to None, run_after=None
[2024-12-02T11:05:02.203+0000] {processor.py:208} INFO - Processing /home/airflow/.local/lib/python3.12/site-packages/airflow/example_dags/example_task_group.py took 0.066 seconds
[2024-12-02T11:05:32.488+0000] {processor.py:186} INFO - Started process (PID=966) to work on /home/airflow/.local/lib/python3.12/site-packages/airflow/example_dags/example_task_group.py
[2024-12-02T11:05:32.490+0000] {processor.py:914} INFO - Processing file /home/airflow/.local/lib/python3.12/site-packages/airflow/example_dags/example_task_group.py for tasks to queue
[2024-12-02T11:05:32.493+0000] {logging_mixin.py:190} INFO - [2024-12-02T11:05:32.492+0000] {dagbag.py:588} INFO - Filling up the DagBag from /home/airflow/.local/lib/python3.12/site-packages/airflow/example_dags/example_task_group.py
[2024-12-02T11:05:32.502+0000] {processor.py:925} INFO - DAG(s) 'example_task_group' retrieved from /home/airflow/.local/lib/python3.12/site-packages/airflow/example_dags/example_task_group.py
[2024-12-02T11:05:32.521+0000] {logging_mixin.py:190} INFO - [2024-12-02T11:05:32.521+0000] {dag.py:3239} INFO - Sync 1 DAGs
[2024-12-02T11:05:32.531+0000] {logging_mixin.py:190} INFO - [2024-12-02T11:05:32.531+0000] {dag.py:4180} INFO - Setting next_dagrun for example_task_group to None, run_after=None
[2024-12-02T11:05:32.544+0000] {processor.py:208} INFO - Processing /home/airflow/.local/lib/python3.12/site-packages/airflow/example_dags/example_task_group.py took 0.061 seconds
[2024-12-02T11:06:03.071+0000] {processor.py:186} INFO - Started process (PID=1024) to work on /home/airflow/.local/lib/python3.12/site-packages/airflow/example_dags/example_task_group.py
[2024-12-02T11:06:03.072+0000] {processor.py:914} INFO - Processing file /home/airflow/.local/lib/python3.12/site-packages/airflow/example_dags/example_task_group.py for tasks to queue
[2024-12-02T11:06:03.073+0000] {logging_mixin.py:190} INFO - [2024-12-02T11:06:03.073+0000] {dagbag.py:588} INFO - Filling up the DagBag from /home/airflow/.local/lib/python3.12/site-packages/airflow/example_dags/example_task_group.py
[2024-12-02T11:06:03.079+0000] {processor.py:925} INFO - DAG(s) 'example_task_group' retrieved from /home/airflow/.local/lib/python3.12/site-packages/airflow/example_dags/example_task_group.py
[2024-12-02T11:06:03.094+0000] {logging_mixin.py:190} INFO - [2024-12-02T11:06:03.094+0000] {dag.py:3239} INFO - Sync 1 DAGs
[2024-12-02T11:06:03.104+0000] {logging_mixin.py:190} INFO - [2024-12-02T11:06:03.104+0000] {dag.py:4180} INFO - Setting next_dagrun for example_task_group to None, run_after=None
[2024-12-02T11:06:03.121+0000] {processor.py:208} INFO - Processing /home/airflow/.local/lib/python3.12/site-packages/airflow/example_dags/example_task_group.py took 0.054 seconds
[2024-12-02T11:06:33.760+0000] {processor.py:186} INFO - Started process (PID=1088) to work on /home/airflow/.local/lib/python3.12/site-packages/airflow/example_dags/example_task_group.py
[2024-12-02T11:06:33.762+0000] {processor.py:914} INFO - Processing file /home/airflow/.local/lib/python3.12/site-packages/airflow/example_dags/example_task_group.py for tasks to queue
[2024-12-02T11:06:33.764+0000] {logging_mixin.py:190} INFO - [2024-12-02T11:06:33.764+0000] {dagbag.py:588} INFO - Filling up the DagBag from /home/airflow/.local/lib/python3.12/site-packages/airflow/example_dags/example_task_group.py
[2024-12-02T11:06:33.770+0000] {processor.py:925} INFO - DAG(s) 'example_task_group' retrieved from /home/airflow/.local/lib/python3.12/site-packages/airflow/example_dags/example_task_group.py
[2024-12-02T11:06:33.784+0000] {logging_mixin.py:190} INFO - [2024-12-02T11:06:33.783+0000] {dag.py:3239} INFO - Sync 1 DAGs
[2024-12-02T11:06:33.794+0000] {logging_mixin.py:190} INFO - [2024-12-02T11:06:33.794+0000] {dag.py:4180} INFO - Setting next_dagrun for example_task_group to None, run_after=None
[2024-12-02T11:06:33.807+0000] {processor.py:208} INFO - Processing /home/airflow/.local/lib/python3.12/site-packages/airflow/example_dags/example_task_group.py took 0.050 seconds
[2024-12-02T11:07:04.494+0000] {processor.py:186} INFO - Started process (PID=1151) to work on /home/airflow/.local/lib/python3.12/site-packages/airflow/example_dags/example_task_group.py
[2024-12-02T11:07:04.508+0000] {processor.py:914} INFO - Processing file /home/airflow/.local/lib/python3.12/site-packages/airflow/example_dags/example_task_group.py for tasks to queue
[2024-12-02T11:07:04.510+0000] {logging_mixin.py:190} INFO - [2024-12-02T11:07:04.510+0000] {dagbag.py:588} INFO - Filling up the DagBag from /home/airflow/.local/lib/python3.12/site-packages/airflow/example_dags/example_task_group.py
[2024-12-02T11:07:04.534+0000] {processor.py:925} INFO - DAG(s) 'example_task_group' retrieved from /home/airflow/.local/lib/python3.12/site-packages/airflow/example_dags/example_task_group.py
[2024-12-02T11:07:04.629+0000] {logging_mixin.py:190} INFO - [2024-12-02T11:07:04.628+0000] {dag.py:3239} INFO - Sync 1 DAGs
[2024-12-02T11:07:04.670+0000] {logging_mixin.py:190} INFO - [2024-12-02T11:07:04.670+0000] {dag.py:4180} INFO - Setting next_dagrun for example_task_group to None, run_after=None
[2024-12-02T11:07:04.798+0000] {processor.py:208} INFO - Processing /home/airflow/.local/lib/python3.12/site-packages/airflow/example_dags/example_task_group.py took 0.308 seconds
[2024-12-02T11:07:35.217+0000] {processor.py:186} INFO - Started process (PID=1214) to work on /home/airflow/.local/lib/python3.12/site-packages/airflow/example_dags/example_task_group.py
[2024-12-02T11:07:35.219+0000] {processor.py:914} INFO - Processing file /home/airflow/.local/lib/python3.12/site-packages/airflow/example_dags/example_task_group.py for tasks to queue
[2024-12-02T11:07:35.221+0000] {logging_mixin.py:190} INFO - [2024-12-02T11:07:35.220+0000] {dagbag.py:588} INFO - Filling up the DagBag from /home/airflow/.local/lib/python3.12/site-packages/airflow/example_dags/example_task_group.py
[2024-12-02T11:07:35.227+0000] {processor.py:925} INFO - DAG(s) 'example_task_group' retrieved from /home/airflow/.local/lib/python3.12/site-packages/airflow/example_dags/example_task_group.py
[2024-12-02T11:07:35.241+0000] {logging_mixin.py:190} INFO - [2024-12-02T11:07:35.241+0000] {dag.py:3239} INFO - Sync 1 DAGs
[2024-12-02T11:07:35.250+0000] {logging_mixin.py:190} INFO - [2024-12-02T11:07:35.250+0000] {dag.py:4180} INFO - Setting next_dagrun for example_task_group to None, run_after=None
[2024-12-02T11:07:35.262+0000] {processor.py:208} INFO - Processing /home/airflow/.local/lib/python3.12/site-packages/airflow/example_dags/example_task_group.py took 0.049 seconds
[2024-12-02T11:08:05.852+0000] {processor.py:186} INFO - Started process (PID=1277) to work on /home/airflow/.local/lib/python3.12/site-packages/airflow/example_dags/example_task_group.py
[2024-12-02T11:08:05.867+0000] {processor.py:914} INFO - Processing file /home/airflow/.local/lib/python3.12/site-packages/airflow/example_dags/example_task_group.py for tasks to queue
[2024-12-02T11:08:05.869+0000] {logging_mixin.py:190} INFO - [2024-12-02T11:08:05.869+0000] {dagbag.py:588} INFO - Filling up the DagBag from /home/airflow/.local/lib/python3.12/site-packages/airflow/example_dags/example_task_group.py
[2024-12-02T11:08:05.889+0000] {processor.py:925} INFO - DAG(s) 'example_task_group' retrieved from /home/airflow/.local/lib/python3.12/site-packages/airflow/example_dags/example_task_group.py
[2024-12-02T11:08:05.903+0000] {logging_mixin.py:190} INFO - [2024-12-02T11:08:05.903+0000] {dag.py:3239} INFO - Sync 1 DAGs
[2024-12-02T11:08:05.916+0000] {logging_mixin.py:190} INFO - [2024-12-02T11:08:05.915+0000] {dag.py:4180} INFO - Setting next_dagrun for example_task_group to None, run_after=None
[2024-12-02T11:08:05.930+0000] {processor.py:208} INFO - Processing /home/airflow/.local/lib/python3.12/site-packages/airflow/example_dags/example_task_group.py took 0.083 seconds
[2024-12-02T11:08:35.980+0000] {processor.py:186} INFO - Started process (PID=1341) to work on /home/airflow/.local/lib/python3.12/site-packages/airflow/example_dags/example_task_group.py
[2024-12-02T11:08:35.981+0000] {processor.py:914} INFO - Processing file /home/airflow/.local/lib/python3.12/site-packages/airflow/example_dags/example_task_group.py for tasks to queue
[2024-12-02T11:08:35.983+0000] {logging_mixin.py:190} INFO - [2024-12-02T11:08:35.982+0000] {dagbag.py:588} INFO - Filling up the DagBag from /home/airflow/.local/lib/python3.12/site-packages/airflow/example_dags/example_task_group.py
[2024-12-02T11:08:35.989+0000] {processor.py:925} INFO - DAG(s) 'example_task_group' retrieved from /home/airflow/.local/lib/python3.12/site-packages/airflow/example_dags/example_task_group.py
[2024-12-02T11:08:36.004+0000] {logging_mixin.py:190} INFO - [2024-12-02T11:08:36.003+0000] {dag.py:3239} INFO - Sync 1 DAGs
[2024-12-02T11:08:36.013+0000] {logging_mixin.py:190} INFO - [2024-12-02T11:08:36.013+0000] {dag.py:4180} INFO - Setting next_dagrun for example_task_group to None, run_after=None
[2024-12-02T11:08:36.027+0000] {processor.py:208} INFO - Processing /home/airflow/.local/lib/python3.12/site-packages/airflow/example_dags/example_task_group.py took 0.052 seconds
[2024-12-02T11:09:06.883+0000] {processor.py:186} INFO - Started process (PID=1405) to work on /home/airflow/.local/lib/python3.12/site-packages/airflow/example_dags/example_task_group.py
[2024-12-02T11:09:06.884+0000] {processor.py:914} INFO - Processing file /home/airflow/.local/lib/python3.12/site-packages/airflow/example_dags/example_task_group.py for tasks to queue
[2024-12-02T11:09:06.886+0000] {logging_mixin.py:190} INFO - [2024-12-02T11:09:06.886+0000] {dagbag.py:588} INFO - Filling up the DagBag from /home/airflow/.local/lib/python3.12/site-packages/airflow/example_dags/example_task_group.py
[2024-12-02T11:09:06.894+0000] {processor.py:925} INFO - DAG(s) 'example_task_group' retrieved from /home/airflow/.local/lib/python3.12/site-packages/airflow/example_dags/example_task_group.py
[2024-12-02T11:09:06.909+0000] {logging_mixin.py:190} INFO - [2024-12-02T11:09:06.909+0000] {dag.py:3239} INFO - Sync 1 DAGs
[2024-12-02T11:09:06.920+0000] {logging_mixin.py:190} INFO - [2024-12-02T11:09:06.920+0000] {dag.py:4180} INFO - Setting next_dagrun for example_task_group to None, run_after=None
[2024-12-02T11:09:06.935+0000] {processor.py:208} INFO - Processing /home/airflow/.local/lib/python3.12/site-packages/airflow/example_dags/example_task_group.py took 0.056 seconds
[2024-12-02T11:09:37.233+0000] {processor.py:186} INFO - Started process (PID=1469) to work on /home/airflow/.local/lib/python3.12/site-packages/airflow/example_dags/example_task_group.py
[2024-12-02T11:09:37.235+0000] {processor.py:914} INFO - Processing file /home/airflow/.local/lib/python3.12/site-packages/airflow/example_dags/example_task_group.py for tasks to queue
[2024-12-02T11:09:37.237+0000] {logging_mixin.py:190} INFO - [2024-12-02T11:09:37.237+0000] {dagbag.py:588} INFO - Filling up the DagBag from /home/airflow/.local/lib/python3.12/site-packages/airflow/example_dags/example_task_group.py
[2024-12-02T11:09:37.254+0000] {processor.py:925} INFO - DAG(s) 'example_task_group' retrieved from /home/airflow/.local/lib/python3.12/site-packages/airflow/example_dags/example_task_group.py
[2024-12-02T11:09:37.273+0000] {logging_mixin.py:190} INFO - [2024-12-02T11:09:37.273+0000] {dag.py:3239} INFO - Sync 1 DAGs
[2024-12-02T11:09:37.282+0000] {logging_mixin.py:190} INFO - [2024-12-02T11:09:37.282+0000] {dag.py:4180} INFO - Setting next_dagrun for example_task_group to None, run_after=None
[2024-12-02T11:09:37.296+0000] {processor.py:208} INFO - Processing /home/airflow/.local/lib/python3.12/site-packages/airflow/example_dags/example_task_group.py took 0.067 seconds
[2024-12-02T11:10:08.541+0000] {processor.py:186} INFO - Started process (PID=1532) to work on /home/airflow/.local/lib/python3.12/site-packages/airflow/example_dags/example_task_group.py
[2024-12-02T11:10:08.547+0000] {processor.py:914} INFO - Processing file /home/airflow/.local/lib/python3.12/site-packages/airflow/example_dags/example_task_group.py for tasks to queue
[2024-12-02T11:10:08.549+0000] {logging_mixin.py:190} INFO - [2024-12-02T11:10:08.549+0000] {dagbag.py:588} INFO - Filling up the DagBag from /home/airflow/.local/lib/python3.12/site-packages/airflow/example_dags/example_task_group.py
[2024-12-02T11:10:08.598+0000] {processor.py:925} INFO - DAG(s) 'example_task_group' retrieved from /home/airflow/.local/lib/python3.12/site-packages/airflow/example_dags/example_task_group.py
[2024-12-02T11:10:08.657+0000] {logging_mixin.py:190} INFO - [2024-12-02T11:10:08.656+0000] {dag.py:3239} INFO - Sync 1 DAGs
[2024-12-02T11:10:08.689+0000] {logging_mixin.py:190} INFO - [2024-12-02T11:10:08.688+0000] {dag.py:4180} INFO - Setting next_dagrun for example_task_group to None, run_after=None
[2024-12-02T11:10:08.747+0000] {processor.py:208} INFO - Processing /home/airflow/.local/lib/python3.12/site-packages/airflow/example_dags/example_task_group.py took 0.221 seconds
[2024-12-02T11:10:39.050+0000] {processor.py:186} INFO - Started process (PID=1596) to work on /home/airflow/.local/lib/python3.12/site-packages/airflow/example_dags/example_task_group.py
[2024-12-02T11:10:39.051+0000] {processor.py:914} INFO - Processing file /home/airflow/.local/lib/python3.12/site-packages/airflow/example_dags/example_task_group.py for tasks to queue
[2024-12-02T11:10:39.053+0000] {logging_mixin.py:190} INFO - [2024-12-02T11:10:39.053+0000] {dagbag.py:588} INFO - Filling up the DagBag from /home/airflow/.local/lib/python3.12/site-packages/airflow/example_dags/example_task_group.py
[2024-12-02T11:10:39.059+0000] {processor.py:925} INFO - DAG(s) 'example_task_group' retrieved from /home/airflow/.local/lib/python3.12/site-packages/airflow/example_dags/example_task_group.py
[2024-12-02T11:10:39.075+0000] {logging_mixin.py:190} INFO - [2024-12-02T11:10:39.074+0000] {dag.py:3239} INFO - Sync 1 DAGs
[2024-12-02T11:10:39.087+0000] {logging_mixin.py:190} INFO - [2024-12-02T11:10:39.087+0000] {dag.py:4180} INFO - Setting next_dagrun for example_task_group to None, run_after=None
[2024-12-02T11:10:39.101+0000] {processor.py:208} INFO - Processing /home/airflow/.local/lib/python3.12/site-packages/airflow/example_dags/example_task_group.py took 0.056 seconds
[2024-12-02T11:11:10.393+0000] {processor.py:186} INFO - Started process (PID=1660) to work on /home/airflow/.local/lib/python3.12/site-packages/airflow/example_dags/example_task_group.py
[2024-12-02T11:11:10.394+0000] {processor.py:914} INFO - Processing file /home/airflow/.local/lib/python3.12/site-packages/airflow/example_dags/example_task_group.py for tasks to queue
[2024-12-02T11:11:10.395+0000] {logging_mixin.py:190} INFO - [2024-12-02T11:11:10.395+0000] {dagbag.py:588} INFO - Filling up the DagBag from /home/airflow/.local/lib/python3.12/site-packages/airflow/example_dags/example_task_group.py
[2024-12-02T11:11:10.401+0000] {processor.py:925} INFO - DAG(s) 'example_task_group' retrieved from /home/airflow/.local/lib/python3.12/site-packages/airflow/example_dags/example_task_group.py
[2024-12-02T11:11:10.415+0000] {logging_mixin.py:190} INFO - [2024-12-02T11:11:10.414+0000] {dag.py:3239} INFO - Sync 1 DAGs
[2024-12-02T11:11:10.425+0000] {logging_mixin.py:190} INFO - [2024-12-02T11:11:10.425+0000] {dag.py:4180} INFO - Setting next_dagrun for example_task_group to None, run_after=None
[2024-12-02T11:11:10.440+0000] {processor.py:208} INFO - Processing /home/airflow/.local/lib/python3.12/site-packages/airflow/example_dags/example_task_group.py took 0.051 seconds
[2024-12-02T11:11:41.246+0000] {processor.py:186} INFO - Started process (PID=1725) to work on /home/airflow/.local/lib/python3.12/site-packages/airflow/example_dags/example_task_group.py
[2024-12-02T11:11:41.247+0000] {processor.py:914} INFO - Processing file /home/airflow/.local/lib/python3.12/site-packages/airflow/example_dags/example_task_group.py for tasks to queue
[2024-12-02T11:11:41.249+0000] {logging_mixin.py:190} INFO - [2024-12-02T11:11:41.249+0000] {dagbag.py:588} INFO - Filling up the DagBag from /home/airflow/.local/lib/python3.12/site-packages/airflow/example_dags/example_task_group.py
[2024-12-02T11:11:41.255+0000] {processor.py:925} INFO - DAG(s) 'example_task_group' retrieved from /home/airflow/.local/lib/python3.12/site-packages/airflow/example_dags/example_task_group.py
[2024-12-02T11:11:41.269+0000] {logging_mixin.py:190} INFO - [2024-12-02T11:11:41.269+0000] {dag.py:3239} INFO - Sync 1 DAGs
[2024-12-02T11:11:41.280+0000] {logging_mixin.py:190} INFO - [2024-12-02T11:11:41.279+0000] {dag.py:4180} INFO - Setting next_dagrun for example_task_group to None, run_after=None
[2024-12-02T11:11:41.293+0000] {processor.py:208} INFO - Processing /home/airflow/.local/lib/python3.12/site-packages/airflow/example_dags/example_task_group.py took 0.051 seconds
[2024-12-02T11:12:11.682+0000] {processor.py:186} INFO - Started process (PID=1789) to work on /home/airflow/.local/lib/python3.12/site-packages/airflow/example_dags/example_task_group.py
[2024-12-02T11:12:11.683+0000] {processor.py:914} INFO - Processing file /home/airflow/.local/lib/python3.12/site-packages/airflow/example_dags/example_task_group.py for tasks to queue
[2024-12-02T11:12:11.685+0000] {logging_mixin.py:190} INFO - [2024-12-02T11:12:11.684+0000] {dagbag.py:588} INFO - Filling up the DagBag from /home/airflow/.local/lib/python3.12/site-packages/airflow/example_dags/example_task_group.py
[2024-12-02T11:12:11.693+0000] {processor.py:925} INFO - DAG(s) 'example_task_group' retrieved from /home/airflow/.local/lib/python3.12/site-packages/airflow/example_dags/example_task_group.py
[2024-12-02T11:12:11.707+0000] {logging_mixin.py:190} INFO - [2024-12-02T11:12:11.707+0000] {dag.py:3239} INFO - Sync 1 DAGs
[2024-12-02T11:12:11.718+0000] {logging_mixin.py:190} INFO - [2024-12-02T11:12:11.718+0000] {dag.py:4180} INFO - Setting next_dagrun for example_task_group to None, run_after=None
[2024-12-02T11:12:11.745+0000] {processor.py:208} INFO - Processing /home/airflow/.local/lib/python3.12/site-packages/airflow/example_dags/example_task_group.py took 0.069 seconds
[2024-12-02T11:12:41.941+0000] {processor.py:186} INFO - Started process (PID=1853) to work on /home/airflow/.local/lib/python3.12/site-packages/airflow/example_dags/example_task_group.py
[2024-12-02T11:12:41.942+0000] {processor.py:914} INFO - Processing file /home/airflow/.local/lib/python3.12/site-packages/airflow/example_dags/example_task_group.py for tasks to queue
[2024-12-02T11:12:41.943+0000] {logging_mixin.py:190} INFO - [2024-12-02T11:12:41.943+0000] {dagbag.py:588} INFO - Filling up the DagBag from /home/airflow/.local/lib/python3.12/site-packages/airflow/example_dags/example_task_group.py
[2024-12-02T11:12:41.949+0000] {processor.py:925} INFO - DAG(s) 'example_task_group' retrieved from /home/airflow/.local/lib/python3.12/site-packages/airflow/example_dags/example_task_group.py
[2024-12-02T11:12:41.963+0000] {logging_mixin.py:190} INFO - [2024-12-02T11:12:41.963+0000] {dag.py:3239} INFO - Sync 1 DAGs
[2024-12-02T11:12:41.973+0000] {logging_mixin.py:190} INFO - [2024-12-02T11:12:41.973+0000] {dag.py:4180} INFO - Setting next_dagrun for example_task_group to None, run_after=None
[2024-12-02T11:12:41.991+0000] {processor.py:208} INFO - Processing /home/airflow/.local/lib/python3.12/site-packages/airflow/example_dags/example_task_group.py took 0.054 seconds
[2024-12-02T11:13:13.515+0000] {processor.py:186} INFO - Started process (PID=1918) to work on /home/airflow/.local/lib/python3.12/site-packages/airflow/example_dags/example_task_group.py
[2024-12-02T11:13:13.515+0000] {processor.py:914} INFO - Processing file /home/airflow/.local/lib/python3.12/site-packages/airflow/example_dags/example_task_group.py for tasks to queue
[2024-12-02T11:13:13.517+0000] {logging_mixin.py:190} INFO - [2024-12-02T11:13:13.517+0000] {dagbag.py:588} INFO - Filling up the DagBag from /home/airflow/.local/lib/python3.12/site-packages/airflow/example_dags/example_task_group.py
[2024-12-02T11:13:13.550+0000] {processor.py:925} INFO - DAG(s) 'example_task_group' retrieved from /home/airflow/.local/lib/python3.12/site-packages/airflow/example_dags/example_task_group.py
[2024-12-02T11:13:13.619+0000] {logging_mixin.py:190} INFO - [2024-12-02T11:13:13.618+0000] {dag.py:3239} INFO - Sync 1 DAGs
[2024-12-02T11:13:13.670+0000] {logging_mixin.py:190} INFO - [2024-12-02T11:13:13.670+0000] {dag.py:4180} INFO - Setting next_dagrun for example_task_group to None, run_after=None
[2024-12-02T11:13:13.758+0000] {processor.py:208} INFO - Processing /home/airflow/.local/lib/python3.12/site-packages/airflow/example_dags/example_task_group.py took 0.271 seconds
[2024-12-02T11:13:44.707+0000] {processor.py:186} INFO - Started process (PID=1977) to work on /home/airflow/.local/lib/python3.12/site-packages/airflow/example_dags/example_task_group.py
[2024-12-02T11:13:44.718+0000] {processor.py:914} INFO - Processing file /home/airflow/.local/lib/python3.12/site-packages/airflow/example_dags/example_task_group.py for tasks to queue
[2024-12-02T11:13:44.719+0000] {logging_mixin.py:190} INFO - [2024-12-02T11:13:44.719+0000] {dagbag.py:588} INFO - Filling up the DagBag from /home/airflow/.local/lib/python3.12/site-packages/airflow/example_dags/example_task_group.py
[2024-12-02T11:13:44.731+0000] {processor.py:925} INFO - DAG(s) 'example_task_group' retrieved from /home/airflow/.local/lib/python3.12/site-packages/airflow/example_dags/example_task_group.py
[2024-12-02T11:13:44.755+0000] {logging_mixin.py:190} INFO - [2024-12-02T11:13:44.755+0000] {dag.py:3239} INFO - Sync 1 DAGs
[2024-12-02T11:13:44.790+0000] {logging_mixin.py:190} INFO - [2024-12-02T11:13:44.789+0000] {dag.py:4180} INFO - Setting next_dagrun for example_task_group to None, run_after=None
[2024-12-02T11:13:44.862+0000] {processor.py:208} INFO - Processing /home/airflow/.local/lib/python3.12/site-packages/airflow/example_dags/example_task_group.py took 0.166 seconds
[2024-12-02T11:14:15.233+0000] {processor.py:186} INFO - Started process (PID=2043) to work on /home/airflow/.local/lib/python3.12/site-packages/airflow/example_dags/example_task_group.py
[2024-12-02T11:14:15.233+0000] {processor.py:914} INFO - Processing file /home/airflow/.local/lib/python3.12/site-packages/airflow/example_dags/example_task_group.py for tasks to queue
[2024-12-02T11:14:15.235+0000] {logging_mixin.py:190} INFO - [2024-12-02T11:14:15.234+0000] {dagbag.py:588} INFO - Filling up the DagBag from /home/airflow/.local/lib/python3.12/site-packages/airflow/example_dags/example_task_group.py
[2024-12-02T11:14:15.240+0000] {processor.py:925} INFO - DAG(s) 'example_task_group' retrieved from /home/airflow/.local/lib/python3.12/site-packages/airflow/example_dags/example_task_group.py
[2024-12-02T11:14:15.254+0000] {logging_mixin.py:190} INFO - [2024-12-02T11:14:15.254+0000] {dag.py:3239} INFO - Sync 1 DAGs
[2024-12-02T11:14:15.264+0000] {logging_mixin.py:190} INFO - [2024-12-02T11:14:15.263+0000] {dag.py:4180} INFO - Setting next_dagrun for example_task_group to None, run_after=None
[2024-12-02T11:14:15.277+0000] {processor.py:208} INFO - Processing /home/airflow/.local/lib/python3.12/site-packages/airflow/example_dags/example_task_group.py took 0.049 seconds
[2024-12-02T11:14:45.658+0000] {processor.py:186} INFO - Started process (PID=2108) to work on /home/airflow/.local/lib/python3.12/site-packages/airflow/example_dags/example_task_group.py
[2024-12-02T11:14:45.659+0000] {processor.py:914} INFO - Processing file /home/airflow/.local/lib/python3.12/site-packages/airflow/example_dags/example_task_group.py for tasks to queue
[2024-12-02T11:14:45.660+0000] {logging_mixin.py:190} INFO - [2024-12-02T11:14:45.660+0000] {dagbag.py:588} INFO - Filling up the DagBag from /home/airflow/.local/lib/python3.12/site-packages/airflow/example_dags/example_task_group.py
[2024-12-02T11:14:45.666+0000] {processor.py:925} INFO - DAG(s) 'example_task_group' retrieved from /home/airflow/.local/lib/python3.12/site-packages/airflow/example_dags/example_task_group.py
[2024-12-02T11:14:45.682+0000] {logging_mixin.py:190} INFO - [2024-12-02T11:14:45.681+0000] {dag.py:3239} INFO - Sync 1 DAGs
[2024-12-02T11:14:45.692+0000] {logging_mixin.py:190} INFO - [2024-12-02T11:14:45.692+0000] {dag.py:4180} INFO - Setting next_dagrun for example_task_group to None, run_after=None
[2024-12-02T11:14:45.718+0000] {processor.py:208} INFO - Processing /home/airflow/.local/lib/python3.12/site-packages/airflow/example_dags/example_task_group.py took 0.064 seconds
[2024-12-02T11:15:17.106+0000] {processor.py:186} INFO - Started process (PID=2171) to work on /home/airflow/.local/lib/python3.12/site-packages/airflow/example_dags/example_task_group.py
[2024-12-02T11:15:17.107+0000] {processor.py:914} INFO - Processing file /home/airflow/.local/lib/python3.12/site-packages/airflow/example_dags/example_task_group.py for tasks to queue
[2024-12-02T11:15:17.108+0000] {logging_mixin.py:190} INFO - [2024-12-02T11:15:17.108+0000] {dagbag.py:588} INFO - Filling up the DagBag from /home/airflow/.local/lib/python3.12/site-packages/airflow/example_dags/example_task_group.py
[2024-12-02T11:15:17.127+0000] {processor.py:925} INFO - DAG(s) 'example_task_group' retrieved from /home/airflow/.local/lib/python3.12/site-packages/airflow/example_dags/example_task_group.py
[2024-12-02T11:15:17.164+0000] {logging_mixin.py:190} INFO - [2024-12-02T11:15:17.164+0000] {dag.py:3239} INFO - Sync 1 DAGs
[2024-12-02T11:15:17.188+0000] {logging_mixin.py:190} INFO - [2024-12-02T11:15:17.188+0000] {dag.py:4180} INFO - Setting next_dagrun for example_task_group to None, run_after=None
[2024-12-02T11:15:17.217+0000] {processor.py:208} INFO - Processing /home/airflow/.local/lib/python3.12/site-packages/airflow/example_dags/example_task_group.py took 0.120 seconds
[2024-12-02T11:15:47.409+0000] {processor.py:186} INFO - Started process (PID=2236) to work on /home/airflow/.local/lib/python3.12/site-packages/airflow/example_dags/example_task_group.py
[2024-12-02T11:15:47.421+0000] {processor.py:914} INFO - Processing file /home/airflow/.local/lib/python3.12/site-packages/airflow/example_dags/example_task_group.py for tasks to queue
[2024-12-02T11:15:47.421+0000] {logging_mixin.py:190} INFO - [2024-12-02T11:15:47.421+0000] {dagbag.py:588} INFO - Filling up the DagBag from /home/airflow/.local/lib/python3.12/site-packages/airflow/example_dags/example_task_group.py
[2024-12-02T11:15:47.428+0000] {processor.py:925} INFO - DAG(s) 'example_task_group' retrieved from /home/airflow/.local/lib/python3.12/site-packages/airflow/example_dags/example_task_group.py
[2024-12-02T11:15:47.460+0000] {logging_mixin.py:190} INFO - [2024-12-02T11:15:47.460+0000] {dag.py:3239} INFO - Sync 1 DAGs
[2024-12-02T11:15:47.480+0000] {logging_mixin.py:190} INFO - [2024-12-02T11:15:47.480+0000] {dag.py:4180} INFO - Setting next_dagrun for example_task_group to None, run_after=None
[2024-12-02T11:15:47.510+0000] {processor.py:208} INFO - Processing /home/airflow/.local/lib/python3.12/site-packages/airflow/example_dags/example_task_group.py took 0.105 seconds
[2024-12-02T11:16:18.465+0000] {processor.py:186} INFO - Started process (PID=2301) to work on /home/airflow/.local/lib/python3.12/site-packages/airflow/example_dags/example_task_group.py
[2024-12-02T11:16:18.479+0000] {processor.py:914} INFO - Processing file /home/airflow/.local/lib/python3.12/site-packages/airflow/example_dags/example_task_group.py for tasks to queue
[2024-12-02T11:16:18.480+0000] {logging_mixin.py:190} INFO - [2024-12-02T11:16:18.479+0000] {dagbag.py:588} INFO - Filling up the DagBag from /home/airflow/.local/lib/python3.12/site-packages/airflow/example_dags/example_task_group.py
[2024-12-02T11:16:18.503+0000] {processor.py:925} INFO - DAG(s) 'example_task_group' retrieved from /home/airflow/.local/lib/python3.12/site-packages/airflow/example_dags/example_task_group.py
[2024-12-02T11:16:18.555+0000] {logging_mixin.py:190} INFO - [2024-12-02T11:16:18.554+0000] {dag.py:3239} INFO - Sync 1 DAGs
[2024-12-02T11:16:18.580+0000] {logging_mixin.py:190} INFO - [2024-12-02T11:16:18.580+0000] {dag.py:4180} INFO - Setting next_dagrun for example_task_group to None, run_after=None
[2024-12-02T11:16:18.599+0000] {processor.py:208} INFO - Processing /home/airflow/.local/lib/python3.12/site-packages/airflow/example_dags/example_task_group.py took 0.138 seconds
[2024-12-02T11:16:49.641+0000] {processor.py:186} INFO - Started process (PID=2365) to work on /home/airflow/.local/lib/python3.12/site-packages/airflow/example_dags/example_task_group.py
[2024-12-02T11:16:49.648+0000] {processor.py:914} INFO - Processing file /home/airflow/.local/lib/python3.12/site-packages/airflow/example_dags/example_task_group.py for tasks to queue
[2024-12-02T11:16:49.649+0000] {logging_mixin.py:190} INFO - [2024-12-02T11:16:49.649+0000] {dagbag.py:588} INFO - Filling up the DagBag from /home/airflow/.local/lib/python3.12/site-packages/airflow/example_dags/example_task_group.py
[2024-12-02T11:16:49.677+0000] {processor.py:925} INFO - DAG(s) 'example_task_group' retrieved from /home/airflow/.local/lib/python3.12/site-packages/airflow/example_dags/example_task_group.py
[2024-12-02T11:16:49.706+0000] {logging_mixin.py:190} INFO - [2024-12-02T11:16:49.706+0000] {dag.py:3239} INFO - Sync 1 DAGs
[2024-12-02T11:16:49.749+0000] {logging_mixin.py:190} INFO - [2024-12-02T11:16:49.748+0000] {dag.py:4180} INFO - Setting next_dagrun for example_task_group to None, run_after=None
[2024-12-02T11:16:49.801+0000] {processor.py:208} INFO - Processing /home/airflow/.local/lib/python3.12/site-packages/airflow/example_dags/example_task_group.py took 0.164 seconds
[2024-12-02T11:17:20.666+0000] {processor.py:186} INFO - Started process (PID=2429) to work on /home/airflow/.local/lib/python3.12/site-packages/airflow/example_dags/example_task_group.py
[2024-12-02T11:17:20.667+0000] {processor.py:914} INFO - Processing file /home/airflow/.local/lib/python3.12/site-packages/airflow/example_dags/example_task_group.py for tasks to queue
[2024-12-02T11:17:20.667+0000] {logging_mixin.py:190} INFO - [2024-12-02T11:17:20.667+0000] {dagbag.py:588} INFO - Filling up the DagBag from /home/airflow/.local/lib/python3.12/site-packages/airflow/example_dags/example_task_group.py
[2024-12-02T11:17:20.674+0000] {processor.py:925} INFO - DAG(s) 'example_task_group' retrieved from /home/airflow/.local/lib/python3.12/site-packages/airflow/example_dags/example_task_group.py
[2024-12-02T11:17:20.690+0000] {logging_mixin.py:190} INFO - [2024-12-02T11:17:20.690+0000] {dag.py:3239} INFO - Sync 1 DAGs
[2024-12-02T11:17:20.702+0000] {logging_mixin.py:190} INFO - [2024-12-02T11:17:20.702+0000] {dag.py:4180} INFO - Setting next_dagrun for example_task_group to None, run_after=None
[2024-12-02T11:17:20.720+0000] {processor.py:208} INFO - Processing /home/airflow/.local/lib/python3.12/site-packages/airflow/example_dags/example_task_group.py took 0.059 seconds
[2024-12-02T11:17:50.827+0000] {processor.py:186} INFO - Started process (PID=2492) to work on /home/airflow/.local/lib/python3.12/site-packages/airflow/example_dags/example_task_group.py
[2024-12-02T11:17:50.827+0000] {processor.py:914} INFO - Processing file /home/airflow/.local/lib/python3.12/site-packages/airflow/example_dags/example_task_group.py for tasks to queue
[2024-12-02T11:17:50.828+0000] {logging_mixin.py:190} INFO - [2024-12-02T11:17:50.828+0000] {dagbag.py:588} INFO - Filling up the DagBag from /home/airflow/.local/lib/python3.12/site-packages/airflow/example_dags/example_task_group.py
[2024-12-02T11:17:50.848+0000] {processor.py:925} INFO - DAG(s) 'example_task_group' retrieved from /home/airflow/.local/lib/python3.12/site-packages/airflow/example_dags/example_task_group.py
[2024-12-02T11:17:50.899+0000] {logging_mixin.py:190} INFO - [2024-12-02T11:17:50.895+0000] {dag.py:3239} INFO - Sync 1 DAGs
[2024-12-02T11:17:50.939+0000] {logging_mixin.py:190} INFO - [2024-12-02T11:17:50.939+0000] {dag.py:4180} INFO - Setting next_dagrun for example_task_group to None, run_after=None
[2024-12-02T11:17:51.021+0000] {processor.py:208} INFO - Processing /home/airflow/.local/lib/python3.12/site-packages/airflow/example_dags/example_task_group.py took 0.202 seconds
[2024-12-02T11:18:21.684+0000] {processor.py:186} INFO - Started process (PID=2557) to work on /home/airflow/.local/lib/python3.12/site-packages/airflow/example_dags/example_task_group.py
[2024-12-02T11:18:21.687+0000] {processor.py:914} INFO - Processing file /home/airflow/.local/lib/python3.12/site-packages/airflow/example_dags/example_task_group.py for tasks to queue
[2024-12-02T11:18:21.688+0000] {logging_mixin.py:190} INFO - [2024-12-02T11:18:21.688+0000] {dagbag.py:588} INFO - Filling up the DagBag from /home/airflow/.local/lib/python3.12/site-packages/airflow/example_dags/example_task_group.py
[2024-12-02T11:18:21.701+0000] {processor.py:925} INFO - DAG(s) 'example_task_group' retrieved from /home/airflow/.local/lib/python3.12/site-packages/airflow/example_dags/example_task_group.py
[2024-12-02T11:18:21.715+0000] {logging_mixin.py:190} INFO - [2024-12-02T11:18:21.715+0000] {dag.py:3239} INFO - Sync 1 DAGs
[2024-12-02T11:18:21.726+0000] {logging_mixin.py:190} INFO - [2024-12-02T11:18:21.726+0000] {dag.py:4180} INFO - Setting next_dagrun for example_task_group to None, run_after=None
[2024-12-02T11:18:21.739+0000] {processor.py:208} INFO - Processing /home/airflow/.local/lib/python3.12/site-packages/airflow/example_dags/example_task_group.py took 0.059 seconds
[2024-12-02T11:18:52.580+0000] {processor.py:186} INFO - Started process (PID=2622) to work on /home/airflow/.local/lib/python3.12/site-packages/airflow/example_dags/example_task_group.py
[2024-12-02T11:18:52.581+0000] {processor.py:914} INFO - Processing file /home/airflow/.local/lib/python3.12/site-packages/airflow/example_dags/example_task_group.py for tasks to queue
[2024-12-02T11:18:52.582+0000] {logging_mixin.py:190} INFO - [2024-12-02T11:18:52.582+0000] {dagbag.py:588} INFO - Filling up the DagBag from /home/airflow/.local/lib/python3.12/site-packages/airflow/example_dags/example_task_group.py
[2024-12-02T11:18:52.589+0000] {processor.py:925} INFO - DAG(s) 'example_task_group' retrieved from /home/airflow/.local/lib/python3.12/site-packages/airflow/example_dags/example_task_group.py
[2024-12-02T11:18:52.605+0000] {logging_mixin.py:190} INFO - [2024-12-02T11:18:52.605+0000] {dag.py:3239} INFO - Sync 1 DAGs
[2024-12-02T11:18:52.618+0000] {logging_mixin.py:190} INFO - [2024-12-02T11:18:52.617+0000] {dag.py:4180} INFO - Setting next_dagrun for example_task_group to None, run_after=None
[2024-12-02T11:18:52.640+0000] {processor.py:208} INFO - Processing /home/airflow/.local/lib/python3.12/site-packages/airflow/example_dags/example_task_group.py took 0.065 seconds
[2024-12-02T11:19:23.188+0000] {processor.py:186} INFO - Started process (PID=2687) to work on /home/airflow/.local/lib/python3.12/site-packages/airflow/example_dags/example_task_group.py
[2024-12-02T11:19:23.190+0000] {processor.py:914} INFO - Processing file /home/airflow/.local/lib/python3.12/site-packages/airflow/example_dags/example_task_group.py for tasks to queue
[2024-12-02T11:19:23.191+0000] {logging_mixin.py:190} INFO - [2024-12-02T11:19:23.191+0000] {dagbag.py:588} INFO - Filling up the DagBag from /home/airflow/.local/lib/python3.12/site-packages/airflow/example_dags/example_task_group.py
[2024-12-02T11:19:23.209+0000] {processor.py:925} INFO - DAG(s) 'example_task_group' retrieved from /home/airflow/.local/lib/python3.12/site-packages/airflow/example_dags/example_task_group.py
[2024-12-02T11:19:23.257+0000] {logging_mixin.py:190} INFO - [2024-12-02T11:19:23.257+0000] {dag.py:3239} INFO - Sync 1 DAGs
[2024-12-02T11:19:23.294+0000] {logging_mixin.py:190} INFO - [2024-12-02T11:19:23.294+0000] {dag.py:4180} INFO - Setting next_dagrun for example_task_group to None, run_after=None
[2024-12-02T11:19:23.335+0000] {processor.py:208} INFO - Processing /home/airflow/.local/lib/python3.12/site-packages/airflow/example_dags/example_task_group.py took 0.151 seconds
[2024-12-02T11:19:58.414+0000] {processor.py:186} INFO - Started process (PID=2753) to work on /home/airflow/.local/lib/python3.12/site-packages/airflow/example_dags/example_task_group.py
[2024-12-02T11:19:58.423+0000] {processor.py:914} INFO - Processing file /home/airflow/.local/lib/python3.12/site-packages/airflow/example_dags/example_task_group.py for tasks to queue
[2024-12-02T11:19:58.424+0000] {logging_mixin.py:190} INFO - [2024-12-02T11:19:58.424+0000] {dagbag.py:588} INFO - Filling up the DagBag from /home/airflow/.local/lib/python3.12/site-packages/airflow/example_dags/example_task_group.py
[2024-12-02T11:19:58.433+0000] {processor.py:925} INFO - DAG(s) 'example_task_group' retrieved from /home/airflow/.local/lib/python3.12/site-packages/airflow/example_dags/example_task_group.py
[2024-12-02T11:19:58.458+0000] {logging_mixin.py:190} INFO - [2024-12-02T11:19:58.458+0000] {dag.py:3239} INFO - Sync 1 DAGs
[2024-12-02T11:19:58.493+0000] {logging_mixin.py:190} INFO - [2024-12-02T11:19:58.486+0000] {dag.py:4180} INFO - Setting next_dagrun for example_task_group to None, run_after=None
[2024-12-02T11:19:58.518+0000] {processor.py:208} INFO - Processing /home/airflow/.local/lib/python3.12/site-packages/airflow/example_dags/example_task_group.py took 0.109 seconds
