[2024-12-02T10:38:46.665+0000] {processor.py:186} INFO - Started process (PID=122) to work on /home/airflow/.local/lib/python3.12/site-packages/airflow/example_dags/example_latest_only_with_trigger.py
[2024-12-02T10:38:46.668+0000] {processor.py:914} INFO - Processing file /home/airflow/.local/lib/python3.12/site-packages/airflow/example_dags/example_latest_only_with_trigger.py for tasks to queue
[2024-12-02T10:38:46.688+0000] {logging_mixin.py:190} INFO - [2024-12-02T10:38:46.687+0000] {dagbag.py:588} INFO - Filling up the DagBag from /home/airflow/.local/lib/python3.12/site-packages/airflow/example_dags/example_latest_only_with_trigger.py
[2024-12-02T10:38:46.732+0000] {processor.py:925} INFO - DAG(s) 'latest_only_with_trigger' retrieved from /home/airflow/.local/lib/python3.12/site-packages/airflow/example_dags/example_latest_only_with_trigger.py
[2024-12-02T10:38:47.267+0000] {logging_mixin.py:190} INFO - [2024-12-02T10:38:47.266+0000] {override.py:1911} INFO - Created Permission View: can edit on DAG:latest_only_with_trigger
[2024-12-02T10:38:47.292+0000] {logging_mixin.py:190} INFO - [2024-12-02T10:38:47.292+0000] {override.py:1911} INFO - Created Permission View: can read on DAG:latest_only_with_trigger
[2024-12-02T10:38:47.310+0000] {logging_mixin.py:190} INFO - [2024-12-02T10:38:47.307+0000] {override.py:1911} INFO - Created Permission View: can delete on DAG:latest_only_with_trigger
[2024-12-02T10:38:47.333+0000] {logging_mixin.py:190} INFO - [2024-12-02T10:38:47.333+0000] {override.py:1911} INFO - Created Permission View: menu access on DAG Run:latest_only_with_trigger
[2024-12-02T10:38:47.353+0000] {logging_mixin.py:190} INFO - [2024-12-02T10:38:47.352+0000] {override.py:1911} INFO - Created Permission View: can read on DAG Run:latest_only_with_trigger
[2024-12-02T10:38:47.373+0000] {logging_mixin.py:190} INFO - [2024-12-02T10:38:47.373+0000] {override.py:1911} INFO - Created Permission View: can delete on DAG Run:latest_only_with_trigger
[2024-12-02T10:38:47.385+0000] {logging_mixin.py:190} INFO - [2024-12-02T10:38:47.385+0000] {override.py:1911} INFO - Created Permission View: can create on DAG Run:latest_only_with_trigger
[2024-12-02T10:38:47.386+0000] {logging_mixin.py:190} INFO - [2024-12-02T10:38:47.386+0000] {dag.py:3239} INFO - Sync 1 DAGs
[2024-12-02T10:38:47.415+0000] {logging_mixin.py:190} INFO - [2024-12-02T10:38:47.415+0000] {dag.py:3262} INFO - Creating ORM DAG for latest_only_with_trigger
[2024-12-02T10:38:47.438+0000] {logging_mixin.py:190} INFO - [2024-12-02T10:38:47.437+0000] {dag.py:4180} INFO - Setting next_dagrun for latest_only_with_trigger to 2024-12-02 04:00:00+00:00, run_after=2024-12-02 08:00:00+00:00
[2024-12-02T10:38:47.477+0000] {processor.py:208} INFO - Processing /home/airflow/.local/lib/python3.12/site-packages/airflow/example_dags/example_latest_only_with_trigger.py took 0.828 seconds
[2024-12-02T10:39:17.890+0000] {processor.py:186} INFO - Started process (PID=194) to work on /home/airflow/.local/lib/python3.12/site-packages/airflow/example_dags/example_latest_only_with_trigger.py
[2024-12-02T10:39:17.892+0000] {processor.py:914} INFO - Processing file /home/airflow/.local/lib/python3.12/site-packages/airflow/example_dags/example_latest_only_with_trigger.py for tasks to queue
[2024-12-02T10:39:17.894+0000] {logging_mixin.py:190} INFO - [2024-12-02T10:39:17.894+0000] {dagbag.py:588} INFO - Filling up the DagBag from /home/airflow/.local/lib/python3.12/site-packages/airflow/example_dags/example_latest_only_with_trigger.py
[2024-12-02T10:39:17.900+0000] {processor.py:925} INFO - DAG(s) 'latest_only_with_trigger' retrieved from /home/airflow/.local/lib/python3.12/site-packages/airflow/example_dags/example_latest_only_with_trigger.py
[2024-12-02T10:39:17.915+0000] {logging_mixin.py:190} INFO - [2024-12-02T10:39:17.915+0000] {dag.py:3239} INFO - Sync 1 DAGs
[2024-12-02T10:39:17.933+0000] {logging_mixin.py:190} INFO - [2024-12-02T10:39:17.933+0000] {dag.py:4180} INFO - Setting next_dagrun for latest_only_with_trigger to 2024-12-02 04:00:00+00:00, run_after=2024-12-02 08:00:00+00:00
[2024-12-02T10:39:17.949+0000] {processor.py:208} INFO - Processing /home/airflow/.local/lib/python3.12/site-packages/airflow/example_dags/example_latest_only_with_trigger.py took 0.063 seconds
[2024-12-02T10:39:50.845+0000] {processor.py:186} INFO - Started process (PID=260) to work on /home/airflow/.local/lib/python3.12/site-packages/airflow/example_dags/example_latest_only_with_trigger.py
[2024-12-02T10:39:50.850+0000] {processor.py:914} INFO - Processing file /home/airflow/.local/lib/python3.12/site-packages/airflow/example_dags/example_latest_only_with_trigger.py for tasks to queue
[2024-12-02T10:39:50.855+0000] {logging_mixin.py:190} INFO - [2024-12-02T10:39:50.855+0000] {dagbag.py:588} INFO - Filling up the DagBag from /home/airflow/.local/lib/python3.12/site-packages/airflow/example_dags/example_latest_only_with_trigger.py
[2024-12-02T10:39:50.868+0000] {processor.py:925} INFO - DAG(s) 'latest_only_with_trigger' retrieved from /home/airflow/.local/lib/python3.12/site-packages/airflow/example_dags/example_latest_only_with_trigger.py
[2024-12-02T10:39:50.906+0000] {logging_mixin.py:190} INFO - [2024-12-02T10:39:50.906+0000] {dag.py:3239} INFO - Sync 1 DAGs
[2024-12-02T10:39:50.951+0000] {logging_mixin.py:190} INFO - [2024-12-02T10:39:50.951+0000] {dag.py:4180} INFO - Setting next_dagrun for latest_only_with_trigger to 2024-12-02 04:00:00+00:00, run_after=2024-12-02 08:00:00+00:00
[2024-12-02T10:39:51.004+0000] {processor.py:208} INFO - Processing /home/airflow/.local/lib/python3.12/site-packages/airflow/example_dags/example_latest_only_with_trigger.py took 0.156 seconds
[2024-12-02T10:40:22.682+0000] {processor.py:186} INFO - Started process (PID=323) to work on /home/airflow/.local/lib/python3.12/site-packages/airflow/example_dags/example_latest_only_with_trigger.py
[2024-12-02T10:40:22.700+0000] {processor.py:914} INFO - Processing file /home/airflow/.local/lib/python3.12/site-packages/airflow/example_dags/example_latest_only_with_trigger.py for tasks to queue
[2024-12-02T10:40:22.710+0000] {logging_mixin.py:190} INFO - [2024-12-02T10:40:22.702+0000] {dagbag.py:588} INFO - Filling up the DagBag from /home/airflow/.local/lib/python3.12/site-packages/airflow/example_dags/example_latest_only_with_trigger.py
[2024-12-02T10:40:22.719+0000] {processor.py:925} INFO - DAG(s) 'latest_only_with_trigger' retrieved from /home/airflow/.local/lib/python3.12/site-packages/airflow/example_dags/example_latest_only_with_trigger.py
[2024-12-02T10:40:22.912+0000] {logging_mixin.py:190} INFO - [2024-12-02T10:40:22.911+0000] {dag.py:3239} INFO - Sync 1 DAGs
[2024-12-02T10:40:23.031+0000] {logging_mixin.py:190} INFO - [2024-12-02T10:40:23.030+0000] {dag.py:4180} INFO - Setting next_dagrun for latest_only_with_trigger to 2024-12-02 04:00:00+00:00, run_after=2024-12-02 08:00:00+00:00
[2024-12-02T10:40:23.116+0000] {processor.py:208} INFO - Processing /home/airflow/.local/lib/python3.12/site-packages/airflow/example_dags/example_latest_only_with_trigger.py took 0.462 seconds
[2024-12-02T10:42:28.861+0000] {processor.py:186} INFO - Started process (PID=116) to work on /home/airflow/.local/lib/python3.12/site-packages/airflow/example_dags/example_latest_only_with_trigger.py
[2024-12-02T10:42:28.867+0000] {processor.py:914} INFO - Processing file /home/airflow/.local/lib/python3.12/site-packages/airflow/example_dags/example_latest_only_with_trigger.py for tasks to queue
[2024-12-02T10:42:28.869+0000] {logging_mixin.py:190} INFO - [2024-12-02T10:42:28.869+0000] {dagbag.py:588} INFO - Filling up the DagBag from /home/airflow/.local/lib/python3.12/site-packages/airflow/example_dags/example_latest_only_with_trigger.py
[2024-12-02T10:42:28.880+0000] {processor.py:925} INFO - DAG(s) 'latest_only_with_trigger' retrieved from /home/airflow/.local/lib/python3.12/site-packages/airflow/example_dags/example_latest_only_with_trigger.py
[2024-12-02T10:42:28.924+0000] {logging_mixin.py:190} INFO - [2024-12-02T10:42:28.924+0000] {dag.py:3239} INFO - Sync 1 DAGs
[2024-12-02T10:42:28.990+0000] {logging_mixin.py:190} INFO - [2024-12-02T10:42:28.990+0000] {dag.py:4180} INFO - Setting next_dagrun for latest_only_with_trigger to 2024-12-02 04:00:00+00:00, run_after=2024-12-02 08:00:00+00:00
[2024-12-02T10:42:29.043+0000] {processor.py:208} INFO - Processing /home/airflow/.local/lib/python3.12/site-packages/airflow/example_dags/example_latest_only_with_trigger.py took 0.194 seconds
[2024-12-02T10:42:59.881+0000] {processor.py:186} INFO - Started process (PID=179) to work on /home/airflow/.local/lib/python3.12/site-packages/airflow/example_dags/example_latest_only_with_trigger.py
[2024-12-02T10:42:59.886+0000] {processor.py:914} INFO - Processing file /home/airflow/.local/lib/python3.12/site-packages/airflow/example_dags/example_latest_only_with_trigger.py for tasks to queue
[2024-12-02T10:42:59.888+0000] {logging_mixin.py:190} INFO - [2024-12-02T10:42:59.888+0000] {dagbag.py:588} INFO - Filling up the DagBag from /home/airflow/.local/lib/python3.12/site-packages/airflow/example_dags/example_latest_only_with_trigger.py
[2024-12-02T10:42:59.897+0000] {processor.py:925} INFO - DAG(s) 'latest_only_with_trigger' retrieved from /home/airflow/.local/lib/python3.12/site-packages/airflow/example_dags/example_latest_only_with_trigger.py
[2024-12-02T10:42:59.934+0000] {logging_mixin.py:190} INFO - [2024-12-02T10:42:59.934+0000] {dag.py:3239} INFO - Sync 1 DAGs
[2024-12-02T10:42:59.960+0000] {logging_mixin.py:190} INFO - [2024-12-02T10:42:59.960+0000] {dag.py:4180} INFO - Setting next_dagrun for latest_only_with_trigger to 2024-12-02 04:00:00+00:00, run_after=2024-12-02 08:00:00+00:00
[2024-12-02T10:42:59.986+0000] {processor.py:208} INFO - Processing /home/airflow/.local/lib/python3.12/site-packages/airflow/example_dags/example_latest_only_with_trigger.py took 0.117 seconds
[2024-12-02T10:43:30.434+0000] {processor.py:186} INFO - Started process (PID=242) to work on /home/airflow/.local/lib/python3.12/site-packages/airflow/example_dags/example_latest_only_with_trigger.py
[2024-12-02T10:43:30.436+0000] {processor.py:914} INFO - Processing file /home/airflow/.local/lib/python3.12/site-packages/airflow/example_dags/example_latest_only_with_trigger.py for tasks to queue
[2024-12-02T10:43:30.438+0000] {logging_mixin.py:190} INFO - [2024-12-02T10:43:30.438+0000] {dagbag.py:588} INFO - Filling up the DagBag from /home/airflow/.local/lib/python3.12/site-packages/airflow/example_dags/example_latest_only_with_trigger.py
[2024-12-02T10:43:30.443+0000] {processor.py:925} INFO - DAG(s) 'latest_only_with_trigger' retrieved from /home/airflow/.local/lib/python3.12/site-packages/airflow/example_dags/example_latest_only_with_trigger.py
[2024-12-02T10:43:30.475+0000] {logging_mixin.py:190} INFO - [2024-12-02T10:43:30.475+0000] {dag.py:3239} INFO - Sync 1 DAGs
[2024-12-02T10:43:30.502+0000] {logging_mixin.py:190} INFO - [2024-12-02T10:43:30.502+0000] {dag.py:4180} INFO - Setting next_dagrun for latest_only_with_trigger to 2024-12-02 04:00:00+00:00, run_after=2024-12-02 08:00:00+00:00
[2024-12-02T10:43:30.543+0000] {processor.py:208} INFO - Processing /home/airflow/.local/lib/python3.12/site-packages/airflow/example_dags/example_latest_only_with_trigger.py took 0.113 seconds
[2024-12-02T10:44:00.692+0000] {processor.py:186} INFO - Started process (PID=305) to work on /home/airflow/.local/lib/python3.12/site-packages/airflow/example_dags/example_latest_only_with_trigger.py
[2024-12-02T10:44:00.694+0000] {processor.py:914} INFO - Processing file /home/airflow/.local/lib/python3.12/site-packages/airflow/example_dags/example_latest_only_with_trigger.py for tasks to queue
[2024-12-02T10:44:00.696+0000] {logging_mixin.py:190} INFO - [2024-12-02T10:44:00.696+0000] {dagbag.py:588} INFO - Filling up the DagBag from /home/airflow/.local/lib/python3.12/site-packages/airflow/example_dags/example_latest_only_with_trigger.py
[2024-12-02T10:44:00.706+0000] {processor.py:925} INFO - DAG(s) 'latest_only_with_trigger' retrieved from /home/airflow/.local/lib/python3.12/site-packages/airflow/example_dags/example_latest_only_with_trigger.py
[2024-12-02T10:44:00.734+0000] {logging_mixin.py:190} INFO - [2024-12-02T10:44:00.734+0000] {dag.py:3239} INFO - Sync 1 DAGs
[2024-12-02T10:44:00.771+0000] {logging_mixin.py:190} INFO - [2024-12-02T10:44:00.771+0000] {dag.py:4180} INFO - Setting next_dagrun for latest_only_with_trigger to 2024-12-02 04:00:00+00:00, run_after=2024-12-02 08:00:00+00:00
[2024-12-02T10:44:00.817+0000] {processor.py:208} INFO - Processing /home/airflow/.local/lib/python3.12/site-packages/airflow/example_dags/example_latest_only_with_trigger.py took 0.136 seconds
[2024-12-02T10:44:31.382+0000] {processor.py:186} INFO - Started process (PID=369) to work on /home/airflow/.local/lib/python3.12/site-packages/airflow/example_dags/example_latest_only_with_trigger.py
[2024-12-02T10:44:31.384+0000] {processor.py:914} INFO - Processing file /home/airflow/.local/lib/python3.12/site-packages/airflow/example_dags/example_latest_only_with_trigger.py for tasks to queue
[2024-12-02T10:44:31.387+0000] {logging_mixin.py:190} INFO - [2024-12-02T10:44:31.387+0000] {dagbag.py:588} INFO - Filling up the DagBag from /home/airflow/.local/lib/python3.12/site-packages/airflow/example_dags/example_latest_only_with_trigger.py
[2024-12-02T10:44:31.408+0000] {processor.py:925} INFO - DAG(s) 'latest_only_with_trigger' retrieved from /home/airflow/.local/lib/python3.12/site-packages/airflow/example_dags/example_latest_only_with_trigger.py
[2024-12-02T10:44:31.451+0000] {logging_mixin.py:190} INFO - [2024-12-02T10:44:31.451+0000] {dag.py:3239} INFO - Sync 1 DAGs
[2024-12-02T10:44:31.488+0000] {logging_mixin.py:190} INFO - [2024-12-02T10:44:31.488+0000] {dag.py:4180} INFO - Setting next_dagrun for latest_only_with_trigger to 2024-12-02 04:00:00+00:00, run_after=2024-12-02 08:00:00+00:00
[2024-12-02T10:44:31.514+0000] {processor.py:208} INFO - Processing /home/airflow/.local/lib/python3.12/site-packages/airflow/example_dags/example_latest_only_with_trigger.py took 0.138 seconds
[2024-12-02T10:45:07.448+0000] {processor.py:186} INFO - Started process (PID=434) to work on /home/airflow/.local/lib/python3.12/site-packages/airflow/example_dags/example_latest_only_with_trigger.py
[2024-12-02T10:45:07.452+0000] {processor.py:914} INFO - Processing file /home/airflow/.local/lib/python3.12/site-packages/airflow/example_dags/example_latest_only_with_trigger.py for tasks to queue
[2024-12-02T10:45:07.462+0000] {logging_mixin.py:190} INFO - [2024-12-02T10:45:07.461+0000] {dagbag.py:588} INFO - Filling up the DagBag from /home/airflow/.local/lib/python3.12/site-packages/airflow/example_dags/example_latest_only_with_trigger.py
[2024-12-02T10:45:07.473+0000] {processor.py:925} INFO - DAG(s) 'latest_only_with_trigger' retrieved from /home/airflow/.local/lib/python3.12/site-packages/airflow/example_dags/example_latest_only_with_trigger.py
[2024-12-02T10:45:07.506+0000] {logging_mixin.py:190} INFO - [2024-12-02T10:45:07.505+0000] {dag.py:3239} INFO - Sync 1 DAGs
[2024-12-02T10:45:07.538+0000] {logging_mixin.py:190} INFO - [2024-12-02T10:45:07.537+0000] {dag.py:4180} INFO - Setting next_dagrun for latest_only_with_trigger to 2024-12-02 04:00:00+00:00, run_after=2024-12-02 08:00:00+00:00
[2024-12-02T10:45:07.586+0000] {processor.py:208} INFO - Processing /home/airflow/.local/lib/python3.12/site-packages/airflow/example_dags/example_latest_only_with_trigger.py took 0.157 seconds
[2024-12-02T10:45:39.188+0000] {processor.py:186} INFO - Started process (PID=502) to work on /home/airflow/.local/lib/python3.12/site-packages/airflow/example_dags/example_latest_only_with_trigger.py
[2024-12-02T10:45:39.194+0000] {processor.py:914} INFO - Processing file /home/airflow/.local/lib/python3.12/site-packages/airflow/example_dags/example_latest_only_with_trigger.py for tasks to queue
[2024-12-02T10:45:39.196+0000] {logging_mixin.py:190} INFO - [2024-12-02T10:45:39.196+0000] {dagbag.py:588} INFO - Filling up the DagBag from /home/airflow/.local/lib/python3.12/site-packages/airflow/example_dags/example_latest_only_with_trigger.py
[2024-12-02T10:45:39.211+0000] {processor.py:925} INFO - DAG(s) 'latest_only_with_trigger' retrieved from /home/airflow/.local/lib/python3.12/site-packages/airflow/example_dags/example_latest_only_with_trigger.py
[2024-12-02T10:45:39.230+0000] {logging_mixin.py:190} INFO - [2024-12-02T10:45:39.230+0000] {dag.py:3239} INFO - Sync 1 DAGs
[2024-12-02T10:45:39.257+0000] {logging_mixin.py:190} INFO - [2024-12-02T10:45:39.257+0000] {dag.py:4180} INFO - Setting next_dagrun for latest_only_with_trigger to 2024-12-02 04:00:00+00:00, run_after=2024-12-02 08:00:00+00:00
[2024-12-02T10:45:39.300+0000] {processor.py:208} INFO - Processing /home/airflow/.local/lib/python3.12/site-packages/airflow/example_dags/example_latest_only_with_trigger.py took 0.116 seconds
[2024-12-02T10:46:14.837+0000] {processor.py:186} INFO - Started process (PID=573) to work on /home/airflow/.local/lib/python3.12/site-packages/airflow/example_dags/example_latest_only_with_trigger.py
[2024-12-02T10:46:14.840+0000] {processor.py:914} INFO - Processing file /home/airflow/.local/lib/python3.12/site-packages/airflow/example_dags/example_latest_only_with_trigger.py for tasks to queue
[2024-12-02T10:46:14.845+0000] {logging_mixin.py:190} INFO - [2024-12-02T10:46:14.845+0000] {dagbag.py:588} INFO - Filling up the DagBag from /home/airflow/.local/lib/python3.12/site-packages/airflow/example_dags/example_latest_only_with_trigger.py
[2024-12-02T10:46:14.855+0000] {processor.py:925} INFO - DAG(s) 'latest_only_with_trigger' retrieved from /home/airflow/.local/lib/python3.12/site-packages/airflow/example_dags/example_latest_only_with_trigger.py
[2024-12-02T10:46:14.899+0000] {logging_mixin.py:190} INFO - [2024-12-02T10:46:14.899+0000] {dag.py:3239} INFO - Sync 1 DAGs
[2024-12-02T10:46:14.959+0000] {logging_mixin.py:190} INFO - [2024-12-02T10:46:14.959+0000] {dag.py:4180} INFO - Setting next_dagrun for latest_only_with_trigger to 2024-12-02 04:00:00+00:00, run_after=2024-12-02 08:00:00+00:00
[2024-12-02T10:46:15.037+0000] {processor.py:208} INFO - Processing /home/airflow/.local/lib/python3.12/site-packages/airflow/example_dags/example_latest_only_with_trigger.py took 0.208 seconds
[2024-12-02T10:46:51.702+0000] {processor.py:186} INFO - Started process (PID=642) to work on /home/airflow/.local/lib/python3.12/site-packages/airflow/example_dags/example_latest_only_with_trigger.py
[2024-12-02T10:46:51.703+0000] {processor.py:914} INFO - Processing file /home/airflow/.local/lib/python3.12/site-packages/airflow/example_dags/example_latest_only_with_trigger.py for tasks to queue
[2024-12-02T10:46:51.706+0000] {logging_mixin.py:190} INFO - [2024-12-02T10:46:51.706+0000] {dagbag.py:588} INFO - Filling up the DagBag from /home/airflow/.local/lib/python3.12/site-packages/airflow/example_dags/example_latest_only_with_trigger.py
[2024-12-02T10:46:51.723+0000] {processor.py:925} INFO - DAG(s) 'latest_only_with_trigger' retrieved from /home/airflow/.local/lib/python3.12/site-packages/airflow/example_dags/example_latest_only_with_trigger.py
[2024-12-02T10:46:51.774+0000] {logging_mixin.py:190} INFO - [2024-12-02T10:46:51.774+0000] {dag.py:3239} INFO - Sync 1 DAGs
[2024-12-02T10:46:51.862+0000] {logging_mixin.py:190} INFO - [2024-12-02T10:46:51.862+0000] {dag.py:4180} INFO - Setting next_dagrun for latest_only_with_trigger to 2024-12-02 04:00:00+00:00, run_after=2024-12-02 08:00:00+00:00
[2024-12-02T10:46:51.916+0000] {processor.py:208} INFO - Processing /home/airflow/.local/lib/python3.12/site-packages/airflow/example_dags/example_latest_only_with_trigger.py took 0.219 seconds
[2024-12-02T10:58:22.629+0000] {processor.py:186} INFO - Started process (PID=122) to work on /home/airflow/.local/lib/python3.12/site-packages/airflow/example_dags/example_latest_only_with_trigger.py
[2024-12-02T10:58:22.643+0000] {processor.py:914} INFO - Processing file /home/airflow/.local/lib/python3.12/site-packages/airflow/example_dags/example_latest_only_with_trigger.py for tasks to queue
[2024-12-02T10:58:22.647+0000] {logging_mixin.py:190} INFO - [2024-12-02T10:58:22.647+0000] {dagbag.py:588} INFO - Filling up the DagBag from /home/airflow/.local/lib/python3.12/site-packages/airflow/example_dags/example_latest_only_with_trigger.py
[2024-12-02T10:58:22.676+0000] {processor.py:925} INFO - DAG(s) 'latest_only_with_trigger' retrieved from /home/airflow/.local/lib/python3.12/site-packages/airflow/example_dags/example_latest_only_with_trigger.py
[2024-12-02T10:58:28.348+0000] {logging_mixin.py:190} INFO - [2024-12-02T10:58:28.347+0000] {dag.py:3239} INFO - Sync 1 DAGs
[2024-12-02T10:58:28.439+0000] {logging_mixin.py:190} INFO - [2024-12-02T10:58:28.439+0000] {dag.py:4180} INFO - Setting next_dagrun for latest_only_with_trigger to 2024-12-02 04:00:00+00:00, run_after=2024-12-02 08:00:00+00:00
[2024-12-02T10:58:28.523+0000] {processor.py:208} INFO - Processing /home/airflow/.local/lib/python3.12/site-packages/airflow/example_dags/example_latest_only_with_trigger.py took 0.340 seconds
[2024-12-02T10:59:00.319+0000] {processor.py:186} INFO - Started process (PID=186) to work on /home/airflow/.local/lib/python3.12/site-packages/airflow/example_dags/example_latest_only_with_trigger.py
[2024-12-02T10:59:00.335+0000] {processor.py:914} INFO - Processing file /home/airflow/.local/lib/python3.12/site-packages/airflow/example_dags/example_latest_only_with_trigger.py for tasks to queue
[2024-12-02T10:59:00.346+0000] {logging_mixin.py:190} INFO - [2024-12-02T10:59:00.345+0000] {dagbag.py:588} INFO - Filling up the DagBag from /home/airflow/.local/lib/python3.12/site-packages/airflow/example_dags/example_latest_only_with_trigger.py
[2024-12-02T10:59:00.353+0000] {processor.py:925} INFO - DAG(s) 'latest_only_with_trigger' retrieved from /home/airflow/.local/lib/python3.12/site-packages/airflow/example_dags/example_latest_only_with_trigger.py
[2024-12-02T10:59:00.492+0000] {logging_mixin.py:190} INFO - [2024-12-02T10:59:00.492+0000] {dag.py:3239} INFO - Sync 1 DAGs
[2024-12-02T10:59:00.681+0000] {logging_mixin.py:190} INFO - [2024-12-02T10:59:00.673+0000] {dag.py:4180} INFO - Setting next_dagrun for latest_only_with_trigger to 2024-12-02 04:00:00+00:00, run_after=2024-12-02 08:00:00+00:00
[2024-12-02T10:59:00.876+0000] {processor.py:208} INFO - Processing /home/airflow/.local/lib/python3.12/site-packages/airflow/example_dags/example_latest_only_with_trigger.py took 0.605 seconds
[2024-12-02T10:59:39.083+0000] {processor.py:186} INFO - Started process (PID=255) to work on /home/airflow/.local/lib/python3.12/site-packages/airflow/example_dags/example_latest_only_with_trigger.py
[2024-12-02T10:59:39.089+0000] {processor.py:914} INFO - Processing file /home/airflow/.local/lib/python3.12/site-packages/airflow/example_dags/example_latest_only_with_trigger.py for tasks to queue
[2024-12-02T10:59:39.092+0000] {logging_mixin.py:190} INFO - [2024-12-02T10:59:39.092+0000] {dagbag.py:588} INFO - Filling up the DagBag from /home/airflow/.local/lib/python3.12/site-packages/airflow/example_dags/example_latest_only_with_trigger.py
[2024-12-02T10:59:39.114+0000] {processor.py:925} INFO - DAG(s) 'latest_only_with_trigger' retrieved from /home/airflow/.local/lib/python3.12/site-packages/airflow/example_dags/example_latest_only_with_trigger.py
[2024-12-02T10:59:39.224+0000] {logging_mixin.py:190} INFO - [2024-12-02T10:59:39.224+0000] {dag.py:3239} INFO - Sync 1 DAGs
[2024-12-02T10:59:39.418+0000] {logging_mixin.py:190} INFO - [2024-12-02T10:59:39.418+0000] {dag.py:4180} INFO - Setting next_dagrun for latest_only_with_trigger to 2024-12-02 04:00:00+00:00, run_after=2024-12-02 08:00:00+00:00
[2024-12-02T10:59:39.551+0000] {processor.py:208} INFO - Processing /home/airflow/.local/lib/python3.12/site-packages/airflow/example_dags/example_latest_only_with_trigger.py took 0.542 seconds
[2024-12-02T11:00:10.323+0000] {processor.py:186} INFO - Started process (PID=318) to work on /home/airflow/.local/lib/python3.12/site-packages/airflow/example_dags/example_latest_only_with_trigger.py
[2024-12-02T11:00:10.324+0000] {processor.py:914} INFO - Processing file /home/airflow/.local/lib/python3.12/site-packages/airflow/example_dags/example_latest_only_with_trigger.py for tasks to queue
[2024-12-02T11:00:10.326+0000] {logging_mixin.py:190} INFO - [2024-12-02T11:00:10.326+0000] {dagbag.py:588} INFO - Filling up the DagBag from /home/airflow/.local/lib/python3.12/site-packages/airflow/example_dags/example_latest_only_with_trigger.py
[2024-12-02T11:00:10.364+0000] {processor.py:925} INFO - DAG(s) 'latest_only_with_trigger' retrieved from /home/airflow/.local/lib/python3.12/site-packages/airflow/example_dags/example_latest_only_with_trigger.py
[2024-12-02T11:00:10.522+0000] {logging_mixin.py:190} INFO - [2024-12-02T11:00:10.522+0000] {dag.py:3239} INFO - Sync 1 DAGs
[2024-12-02T11:00:10.638+0000] {logging_mixin.py:190} INFO - [2024-12-02T11:00:10.638+0000] {dag.py:4180} INFO - Setting next_dagrun for latest_only_with_trigger to 2024-12-02 04:00:00+00:00, run_after=2024-12-02 08:00:00+00:00
[2024-12-02T11:00:10.865+0000] {processor.py:208} INFO - Processing /home/airflow/.local/lib/python3.12/site-packages/airflow/example_dags/example_latest_only_with_trigger.py took 0.565 seconds
[2024-12-02T11:00:41.833+0000] {processor.py:186} INFO - Started process (PID=383) to work on /home/airflow/.local/lib/python3.12/site-packages/airflow/example_dags/example_latest_only_with_trigger.py
[2024-12-02T11:00:41.834+0000] {processor.py:914} INFO - Processing file /home/airflow/.local/lib/python3.12/site-packages/airflow/example_dags/example_latest_only_with_trigger.py for tasks to queue
[2024-12-02T11:00:41.835+0000] {logging_mixin.py:190} INFO - [2024-12-02T11:00:41.835+0000] {dagbag.py:588} INFO - Filling up the DagBag from /home/airflow/.local/lib/python3.12/site-packages/airflow/example_dags/example_latest_only_with_trigger.py
[2024-12-02T11:00:41.840+0000] {processor.py:925} INFO - DAG(s) 'latest_only_with_trigger' retrieved from /home/airflow/.local/lib/python3.12/site-packages/airflow/example_dags/example_latest_only_with_trigger.py
[2024-12-02T11:00:41.856+0000] {logging_mixin.py:190} INFO - [2024-12-02T11:00:41.856+0000] {dag.py:3239} INFO - Sync 1 DAGs
[2024-12-02T11:00:41.871+0000] {logging_mixin.py:190} INFO - [2024-12-02T11:00:41.871+0000] {dag.py:4180} INFO - Setting next_dagrun for latest_only_with_trigger to 2024-12-02 04:00:00+00:00, run_after=2024-12-02 08:00:00+00:00
[2024-12-02T11:00:41.886+0000] {processor.py:208} INFO - Processing /home/airflow/.local/lib/python3.12/site-packages/airflow/example_dags/example_latest_only_with_trigger.py took 0.058 seconds
[2024-12-02T11:01:12.423+0000] {processor.py:186} INFO - Started process (PID=441) to work on /home/airflow/.local/lib/python3.12/site-packages/airflow/example_dags/example_latest_only_with_trigger.py
[2024-12-02T11:01:12.424+0000] {processor.py:914} INFO - Processing file /home/airflow/.local/lib/python3.12/site-packages/airflow/example_dags/example_latest_only_with_trigger.py for tasks to queue
[2024-12-02T11:01:12.439+0000] {logging_mixin.py:190} INFO - [2024-12-02T11:01:12.439+0000] {dagbag.py:588} INFO - Filling up the DagBag from /home/airflow/.local/lib/python3.12/site-packages/airflow/example_dags/example_latest_only_with_trigger.py
[2024-12-02T11:01:12.455+0000] {processor.py:925} INFO - DAG(s) 'latest_only_with_trigger' retrieved from /home/airflow/.local/lib/python3.12/site-packages/airflow/example_dags/example_latest_only_with_trigger.py
[2024-12-02T11:01:12.474+0000] {logging_mixin.py:190} INFO - [2024-12-02T11:01:12.474+0000] {dag.py:3239} INFO - Sync 1 DAGs
[2024-12-02T11:01:12.499+0000] {logging_mixin.py:190} INFO - [2024-12-02T11:01:12.499+0000] {dag.py:4180} INFO - Setting next_dagrun for latest_only_with_trigger to 2024-12-02 04:00:00+00:00, run_after=2024-12-02 08:00:00+00:00
[2024-12-02T11:01:12.516+0000] {processor.py:208} INFO - Processing /home/airflow/.local/lib/python3.12/site-packages/airflow/example_dags/example_latest_only_with_trigger.py took 0.104 seconds
[2024-12-02T11:01:42.823+0000] {processor.py:186} INFO - Started process (PID=505) to work on /home/airflow/.local/lib/python3.12/site-packages/airflow/example_dags/example_latest_only_with_trigger.py
[2024-12-02T11:01:42.826+0000] {processor.py:914} INFO - Processing file /home/airflow/.local/lib/python3.12/site-packages/airflow/example_dags/example_latest_only_with_trigger.py for tasks to queue
[2024-12-02T11:01:42.827+0000] {logging_mixin.py:190} INFO - [2024-12-02T11:01:42.827+0000] {dagbag.py:588} INFO - Filling up the DagBag from /home/airflow/.local/lib/python3.12/site-packages/airflow/example_dags/example_latest_only_with_trigger.py
[2024-12-02T11:01:42.837+0000] {processor.py:925} INFO - DAG(s) 'latest_only_with_trigger' retrieved from /home/airflow/.local/lib/python3.12/site-packages/airflow/example_dags/example_latest_only_with_trigger.py
[2024-12-02T11:01:42.852+0000] {logging_mixin.py:190} INFO - [2024-12-02T11:01:42.851+0000] {dag.py:3239} INFO - Sync 1 DAGs
[2024-12-02T11:01:42.867+0000] {logging_mixin.py:190} INFO - [2024-12-02T11:01:42.867+0000] {dag.py:4180} INFO - Setting next_dagrun for latest_only_with_trigger to 2024-12-02 04:00:00+00:00, run_after=2024-12-02 08:00:00+00:00
[2024-12-02T11:01:42.887+0000] {processor.py:208} INFO - Processing /home/airflow/.local/lib/python3.12/site-packages/airflow/example_dags/example_latest_only_with_trigger.py took 0.068 seconds
[2024-12-02T11:02:13.727+0000] {processor.py:186} INFO - Started process (PID=569) to work on /home/airflow/.local/lib/python3.12/site-packages/airflow/example_dags/example_latest_only_with_trigger.py
[2024-12-02T11:02:13.728+0000] {processor.py:914} INFO - Processing file /home/airflow/.local/lib/python3.12/site-packages/airflow/example_dags/example_latest_only_with_trigger.py for tasks to queue
[2024-12-02T11:02:13.730+0000] {logging_mixin.py:190} INFO - [2024-12-02T11:02:13.730+0000] {dagbag.py:588} INFO - Filling up the DagBag from /home/airflow/.local/lib/python3.12/site-packages/airflow/example_dags/example_latest_only_with_trigger.py
[2024-12-02T11:02:13.735+0000] {processor.py:925} INFO - DAG(s) 'latest_only_with_trigger' retrieved from /home/airflow/.local/lib/python3.12/site-packages/airflow/example_dags/example_latest_only_with_trigger.py
[2024-12-02T11:02:13.753+0000] {logging_mixin.py:190} INFO - [2024-12-02T11:02:13.753+0000] {dag.py:3239} INFO - Sync 1 DAGs
[2024-12-02T11:02:13.769+0000] {logging_mixin.py:190} INFO - [2024-12-02T11:02:13.769+0000] {dag.py:4180} INFO - Setting next_dagrun for latest_only_with_trigger to 2024-12-02 04:00:00+00:00, run_after=2024-12-02 08:00:00+00:00
[2024-12-02T11:02:13.782+0000] {processor.py:208} INFO - Processing /home/airflow/.local/lib/python3.12/site-packages/airflow/example_dags/example_latest_only_with_trigger.py took 0.058 seconds
[2024-12-02T11:02:47.271+0000] {processor.py:186} INFO - Started process (PID=634) to work on /home/airflow/.local/lib/python3.12/site-packages/airflow/example_dags/example_latest_only_with_trigger.py
[2024-12-02T11:02:47.275+0000] {processor.py:914} INFO - Processing file /home/airflow/.local/lib/python3.12/site-packages/airflow/example_dags/example_latest_only_with_trigger.py for tasks to queue
[2024-12-02T11:02:47.302+0000] {logging_mixin.py:190} INFO - [2024-12-02T11:02:47.302+0000] {dagbag.py:588} INFO - Filling up the DagBag from /home/airflow/.local/lib/python3.12/site-packages/airflow/example_dags/example_latest_only_with_trigger.py
[2024-12-02T11:02:47.320+0000] {processor.py:925} INFO - DAG(s) 'latest_only_with_trigger' retrieved from /home/airflow/.local/lib/python3.12/site-packages/airflow/example_dags/example_latest_only_with_trigger.py
[2024-12-02T11:02:47.370+0000] {logging_mixin.py:190} INFO - [2024-12-02T11:02:47.369+0000] {dag.py:3239} INFO - Sync 1 DAGs
[2024-12-02T11:02:47.385+0000] {logging_mixin.py:190} INFO - [2024-12-02T11:02:47.385+0000] {dag.py:4180} INFO - Setting next_dagrun for latest_only_with_trigger to 2024-12-02 04:00:00+00:00, run_after=2024-12-02 08:00:00+00:00
[2024-12-02T11:02:47.461+0000] {processor.py:208} INFO - Processing /home/airflow/.local/lib/python3.12/site-packages/airflow/example_dags/example_latest_only_with_trigger.py took 0.220 seconds
[2024-12-02T11:03:21.569+0000] {processor.py:186} INFO - Started process (PID=703) to work on /home/airflow/.local/lib/python3.12/site-packages/airflow/example_dags/example_latest_only_with_trigger.py
[2024-12-02T11:03:21.571+0000] {processor.py:914} INFO - Processing file /home/airflow/.local/lib/python3.12/site-packages/airflow/example_dags/example_latest_only_with_trigger.py for tasks to queue
[2024-12-02T11:03:21.573+0000] {logging_mixin.py:190} INFO - [2024-12-02T11:03:21.573+0000] {dagbag.py:588} INFO - Filling up the DagBag from /home/airflow/.local/lib/python3.12/site-packages/airflow/example_dags/example_latest_only_with_trigger.py
[2024-12-02T11:03:21.579+0000] {processor.py:925} INFO - DAG(s) 'latest_only_with_trigger' retrieved from /home/airflow/.local/lib/python3.12/site-packages/airflow/example_dags/example_latest_only_with_trigger.py
[2024-12-02T11:03:21.594+0000] {logging_mixin.py:190} INFO - [2024-12-02T11:03:21.594+0000] {dag.py:3239} INFO - Sync 1 DAGs
[2024-12-02T11:03:21.618+0000] {logging_mixin.py:190} INFO - [2024-12-02T11:03:21.618+0000] {dag.py:4180} INFO - Setting next_dagrun for latest_only_with_trigger to 2024-12-02 04:00:00+00:00, run_after=2024-12-02 08:00:00+00:00
[2024-12-02T11:03:21.631+0000] {processor.py:208} INFO - Processing /home/airflow/.local/lib/python3.12/site-packages/airflow/example_dags/example_latest_only_with_trigger.py took 0.067 seconds
[2024-12-02T11:03:53.104+0000] {processor.py:186} INFO - Started process (PID=768) to work on /home/airflow/.local/lib/python3.12/site-packages/airflow/example_dags/example_latest_only_with_trigger.py
[2024-12-02T11:03:53.107+0000] {processor.py:914} INFO - Processing file /home/airflow/.local/lib/python3.12/site-packages/airflow/example_dags/example_latest_only_with_trigger.py for tasks to queue
[2024-12-02T11:03:53.108+0000] {logging_mixin.py:190} INFO - [2024-12-02T11:03:53.108+0000] {dagbag.py:588} INFO - Filling up the DagBag from /home/airflow/.local/lib/python3.12/site-packages/airflow/example_dags/example_latest_only_with_trigger.py
[2024-12-02T11:03:53.114+0000] {processor.py:925} INFO - DAG(s) 'latest_only_with_trigger' retrieved from /home/airflow/.local/lib/python3.12/site-packages/airflow/example_dags/example_latest_only_with_trigger.py
[2024-12-02T11:03:53.129+0000] {logging_mixin.py:190} INFO - [2024-12-02T11:03:53.129+0000] {dag.py:3239} INFO - Sync 1 DAGs
[2024-12-02T11:03:53.152+0000] {logging_mixin.py:190} INFO - [2024-12-02T11:03:53.152+0000] {dag.py:4180} INFO - Setting next_dagrun for latest_only_with_trigger to 2024-12-02 04:00:00+00:00, run_after=2024-12-02 08:00:00+00:00
[2024-12-02T11:03:53.182+0000] {processor.py:208} INFO - Processing /home/airflow/.local/lib/python3.12/site-packages/airflow/example_dags/example_latest_only_with_trigger.py took 0.082 seconds
[2024-12-02T11:04:27.800+0000] {processor.py:186} INFO - Started process (PID=838) to work on /home/airflow/.local/lib/python3.12/site-packages/airflow/example_dags/example_latest_only_with_trigger.py
[2024-12-02T11:04:27.802+0000] {processor.py:914} INFO - Processing file /home/airflow/.local/lib/python3.12/site-packages/airflow/example_dags/example_latest_only_with_trigger.py for tasks to queue
[2024-12-02T11:04:27.808+0000] {logging_mixin.py:190} INFO - [2024-12-02T11:04:27.808+0000] {dagbag.py:588} INFO - Filling up the DagBag from /home/airflow/.local/lib/python3.12/site-packages/airflow/example_dags/example_latest_only_with_trigger.py
[2024-12-02T11:04:27.820+0000] {processor.py:925} INFO - DAG(s) 'latest_only_with_trigger' retrieved from /home/airflow/.local/lib/python3.12/site-packages/airflow/example_dags/example_latest_only_with_trigger.py
[2024-12-02T11:04:27.842+0000] {logging_mixin.py:190} INFO - [2024-12-02T11:04:27.842+0000] {dag.py:3239} INFO - Sync 1 DAGs
[2024-12-02T11:04:27.860+0000] {logging_mixin.py:190} INFO - [2024-12-02T11:04:27.859+0000] {dag.py:4180} INFO - Setting next_dagrun for latest_only_with_trigger to 2024-12-02 04:00:00+00:00, run_after=2024-12-02 08:00:00+00:00
[2024-12-02T11:04:27.873+0000] {processor.py:208} INFO - Processing /home/airflow/.local/lib/python3.12/site-packages/airflow/example_dags/example_latest_only_with_trigger.py took 0.077 seconds
[2024-12-02T11:05:02.789+0000] {processor.py:186} INFO - Started process (PID=915) to work on /home/airflow/.local/lib/python3.12/site-packages/airflow/example_dags/example_latest_only_with_trigger.py
[2024-12-02T11:05:02.790+0000] {processor.py:914} INFO - Processing file /home/airflow/.local/lib/python3.12/site-packages/airflow/example_dags/example_latest_only_with_trigger.py for tasks to queue
[2024-12-02T11:05:02.792+0000] {logging_mixin.py:190} INFO - [2024-12-02T11:05:02.792+0000] {dagbag.py:588} INFO - Filling up the DagBag from /home/airflow/.local/lib/python3.12/site-packages/airflow/example_dags/example_latest_only_with_trigger.py
[2024-12-02T11:05:02.799+0000] {processor.py:925} INFO - DAG(s) 'latest_only_with_trigger' retrieved from /home/airflow/.local/lib/python3.12/site-packages/airflow/example_dags/example_latest_only_with_trigger.py
[2024-12-02T11:05:02.816+0000] {logging_mixin.py:190} INFO - [2024-12-02T11:05:02.816+0000] {dag.py:3239} INFO - Sync 1 DAGs
[2024-12-02T11:05:02.838+0000] {logging_mixin.py:190} INFO - [2024-12-02T11:05:02.838+0000] {dag.py:4180} INFO - Setting next_dagrun for latest_only_with_trigger to 2024-12-02 04:00:00+00:00, run_after=2024-12-02 08:00:00+00:00
[2024-12-02T11:05:02.853+0000] {processor.py:208} INFO - Processing /home/airflow/.local/lib/python3.12/site-packages/airflow/example_dags/example_latest_only_with_trigger.py took 0.069 seconds
[2024-12-02T11:05:36.456+0000] {processor.py:186} INFO - Started process (PID=980) to work on /home/airflow/.local/lib/python3.12/site-packages/airflow/example_dags/example_latest_only_with_trigger.py
[2024-12-02T11:05:36.458+0000] {processor.py:914} INFO - Processing file /home/airflow/.local/lib/python3.12/site-packages/airflow/example_dags/example_latest_only_with_trigger.py for tasks to queue
[2024-12-02T11:05:36.460+0000] {logging_mixin.py:190} INFO - [2024-12-02T11:05:36.460+0000] {dagbag.py:588} INFO - Filling up the DagBag from /home/airflow/.local/lib/python3.12/site-packages/airflow/example_dags/example_latest_only_with_trigger.py
[2024-12-02T11:05:36.466+0000] {processor.py:925} INFO - DAG(s) 'latest_only_with_trigger' retrieved from /home/airflow/.local/lib/python3.12/site-packages/airflow/example_dags/example_latest_only_with_trigger.py
[2024-12-02T11:05:36.479+0000] {logging_mixin.py:190} INFO - [2024-12-02T11:05:36.479+0000] {dag.py:3239} INFO - Sync 1 DAGs
[2024-12-02T11:05:36.496+0000] {logging_mixin.py:190} INFO - [2024-12-02T11:05:36.495+0000] {dag.py:4180} INFO - Setting next_dagrun for latest_only_with_trigger to 2024-12-02 04:00:00+00:00, run_after=2024-12-02 08:00:00+00:00
[2024-12-02T11:05:36.508+0000] {processor.py:208} INFO - Processing /home/airflow/.local/lib/python3.12/site-packages/airflow/example_dags/example_latest_only_with_trigger.py took 0.056 seconds
[2024-12-02T11:06:07.052+0000] {processor.py:186} INFO - Started process (PID=1044) to work on /home/airflow/.local/lib/python3.12/site-packages/airflow/example_dags/example_latest_only_with_trigger.py
[2024-12-02T11:06:07.052+0000] {processor.py:914} INFO - Processing file /home/airflow/.local/lib/python3.12/site-packages/airflow/example_dags/example_latest_only_with_trigger.py for tasks to queue
[2024-12-02T11:06:07.054+0000] {logging_mixin.py:190} INFO - [2024-12-02T11:06:07.054+0000] {dagbag.py:588} INFO - Filling up the DagBag from /home/airflow/.local/lib/python3.12/site-packages/airflow/example_dags/example_latest_only_with_trigger.py
[2024-12-02T11:06:07.059+0000] {processor.py:925} INFO - DAG(s) 'latest_only_with_trigger' retrieved from /home/airflow/.local/lib/python3.12/site-packages/airflow/example_dags/example_latest_only_with_trigger.py
[2024-12-02T11:06:07.073+0000] {logging_mixin.py:190} INFO - [2024-12-02T11:06:07.073+0000] {dag.py:3239} INFO - Sync 1 DAGs
[2024-12-02T11:06:07.089+0000] {logging_mixin.py:190} INFO - [2024-12-02T11:06:07.089+0000] {dag.py:4180} INFO - Setting next_dagrun for latest_only_with_trigger to 2024-12-02 04:00:00+00:00, run_after=2024-12-02 08:00:00+00:00
[2024-12-02T11:06:07.101+0000] {processor.py:208} INFO - Processing /home/airflow/.local/lib/python3.12/site-packages/airflow/example_dags/example_latest_only_with_trigger.py took 0.054 seconds
[2024-12-02T11:06:37.984+0000] {processor.py:186} INFO - Started process (PID=1102) to work on /home/airflow/.local/lib/python3.12/site-packages/airflow/example_dags/example_latest_only_with_trigger.py
[2024-12-02T11:06:37.996+0000] {processor.py:914} INFO - Processing file /home/airflow/.local/lib/python3.12/site-packages/airflow/example_dags/example_latest_only_with_trigger.py for tasks to queue
[2024-12-02T11:06:38.002+0000] {logging_mixin.py:190} INFO - [2024-12-02T11:06:38.002+0000] {dagbag.py:588} INFO - Filling up the DagBag from /home/airflow/.local/lib/python3.12/site-packages/airflow/example_dags/example_latest_only_with_trigger.py
[2024-12-02T11:06:38.021+0000] {processor.py:925} INFO - DAG(s) 'latest_only_with_trigger' retrieved from /home/airflow/.local/lib/python3.12/site-packages/airflow/example_dags/example_latest_only_with_trigger.py
[2024-12-02T11:06:38.063+0000] {logging_mixin.py:190} INFO - [2024-12-02T11:06:38.063+0000] {dag.py:3239} INFO - Sync 1 DAGs
[2024-12-02T11:06:38.088+0000] {logging_mixin.py:190} INFO - [2024-12-02T11:06:38.087+0000] {dag.py:4180} INFO - Setting next_dagrun for latest_only_with_trigger to 2024-12-02 04:00:00+00:00, run_after=2024-12-02 08:00:00+00:00
[2024-12-02T11:06:38.134+0000] {processor.py:208} INFO - Processing /home/airflow/.local/lib/python3.12/site-packages/airflow/example_dags/example_latest_only_with_trigger.py took 0.156 seconds
[2024-12-02T11:07:10.996+0000] {processor.py:186} INFO - Started process (PID=1166) to work on /home/airflow/.local/lib/python3.12/site-packages/airflow/example_dags/example_latest_only_with_trigger.py
[2024-12-02T11:07:10.997+0000] {processor.py:914} INFO - Processing file /home/airflow/.local/lib/python3.12/site-packages/airflow/example_dags/example_latest_only_with_trigger.py for tasks to queue
[2024-12-02T11:07:11.000+0000] {logging_mixin.py:190} INFO - [2024-12-02T11:07:11.000+0000] {dagbag.py:588} INFO - Filling up the DagBag from /home/airflow/.local/lib/python3.12/site-packages/airflow/example_dags/example_latest_only_with_trigger.py
[2024-12-02T11:07:11.011+0000] {processor.py:925} INFO - DAG(s) 'latest_only_with_trigger' retrieved from /home/airflow/.local/lib/python3.12/site-packages/airflow/example_dags/example_latest_only_with_trigger.py
[2024-12-02T11:07:11.046+0000] {logging_mixin.py:190} INFO - [2024-12-02T11:07:11.046+0000] {dag.py:3239} INFO - Sync 1 DAGs
[2024-12-02T11:07:11.074+0000] {logging_mixin.py:190} INFO - [2024-12-02T11:07:11.073+0000] {dag.py:4180} INFO - Setting next_dagrun for latest_only_with_trigger to 2024-12-02 04:00:00+00:00, run_after=2024-12-02 08:00:00+00:00
[2024-12-02T11:07:11.089+0000] {processor.py:208} INFO - Processing /home/airflow/.local/lib/python3.12/site-packages/airflow/example_dags/example_latest_only_with_trigger.py took 0.099 seconds
[2024-12-02T11:07:41.539+0000] {processor.py:186} INFO - Started process (PID=1230) to work on /home/airflow/.local/lib/python3.12/site-packages/airflow/example_dags/example_latest_only_with_trigger.py
[2024-12-02T11:07:41.540+0000] {processor.py:914} INFO - Processing file /home/airflow/.local/lib/python3.12/site-packages/airflow/example_dags/example_latest_only_with_trigger.py for tasks to queue
[2024-12-02T11:07:41.541+0000] {logging_mixin.py:190} INFO - [2024-12-02T11:07:41.541+0000] {dagbag.py:588} INFO - Filling up the DagBag from /home/airflow/.local/lib/python3.12/site-packages/airflow/example_dags/example_latest_only_with_trigger.py
[2024-12-02T11:07:41.547+0000] {processor.py:925} INFO - DAG(s) 'latest_only_with_trigger' retrieved from /home/airflow/.local/lib/python3.12/site-packages/airflow/example_dags/example_latest_only_with_trigger.py
[2024-12-02T11:07:41.560+0000] {logging_mixin.py:190} INFO - [2024-12-02T11:07:41.560+0000] {dag.py:3239} INFO - Sync 1 DAGs
[2024-12-02T11:07:41.584+0000] {logging_mixin.py:190} INFO - [2024-12-02T11:07:41.583+0000] {dag.py:4180} INFO - Setting next_dagrun for latest_only_with_trigger to 2024-12-02 04:00:00+00:00, run_after=2024-12-02 08:00:00+00:00
[2024-12-02T11:07:41.602+0000] {processor.py:208} INFO - Processing /home/airflow/.local/lib/python3.12/site-packages/airflow/example_dags/example_latest_only_with_trigger.py took 0.067 seconds
[2024-12-02T11:08:14.964+0000] {processor.py:186} INFO - Started process (PID=1297) to work on /home/airflow/.local/lib/python3.12/site-packages/airflow/example_dags/example_latest_only_with_trigger.py
[2024-12-02T11:08:14.967+0000] {processor.py:914} INFO - Processing file /home/airflow/.local/lib/python3.12/site-packages/airflow/example_dags/example_latest_only_with_trigger.py for tasks to queue
[2024-12-02T11:08:14.968+0000] {logging_mixin.py:190} INFO - [2024-12-02T11:08:14.968+0000] {dagbag.py:588} INFO - Filling up the DagBag from /home/airflow/.local/lib/python3.12/site-packages/airflow/example_dags/example_latest_only_with_trigger.py
[2024-12-02T11:08:14.974+0000] {processor.py:925} INFO - DAG(s) 'latest_only_with_trigger' retrieved from /home/airflow/.local/lib/python3.12/site-packages/airflow/example_dags/example_latest_only_with_trigger.py
[2024-12-02T11:08:14.990+0000] {logging_mixin.py:190} INFO - [2024-12-02T11:08:14.990+0000] {dag.py:3239} INFO - Sync 1 DAGs
[2024-12-02T11:08:15.008+0000] {logging_mixin.py:190} INFO - [2024-12-02T11:08:15.008+0000] {dag.py:4180} INFO - Setting next_dagrun for latest_only_with_trigger to 2024-12-02 04:00:00+00:00, run_after=2024-12-02 08:00:00+00:00
[2024-12-02T11:08:15.024+0000] {processor.py:208} INFO - Processing /home/airflow/.local/lib/python3.12/site-packages/airflow/example_dags/example_latest_only_with_trigger.py took 0.065 seconds
[2024-12-02T11:08:48.731+0000] {processor.py:186} INFO - Started process (PID=1361) to work on /home/airflow/.local/lib/python3.12/site-packages/airflow/example_dags/example_latest_only_with_trigger.py
[2024-12-02T11:08:48.732+0000] {processor.py:914} INFO - Processing file /home/airflow/.local/lib/python3.12/site-packages/airflow/example_dags/example_latest_only_with_trigger.py for tasks to queue
[2024-12-02T11:08:48.734+0000] {logging_mixin.py:190} INFO - [2024-12-02T11:08:48.734+0000] {dagbag.py:588} INFO - Filling up the DagBag from /home/airflow/.local/lib/python3.12/site-packages/airflow/example_dags/example_latest_only_with_trigger.py
[2024-12-02T11:08:48.742+0000] {processor.py:925} INFO - DAG(s) 'latest_only_with_trigger' retrieved from /home/airflow/.local/lib/python3.12/site-packages/airflow/example_dags/example_latest_only_with_trigger.py
[2024-12-02T11:08:48.760+0000] {logging_mixin.py:190} INFO - [2024-12-02T11:08:48.759+0000] {dag.py:3239} INFO - Sync 1 DAGs
[2024-12-02T11:08:48.782+0000] {logging_mixin.py:190} INFO - [2024-12-02T11:08:48.782+0000] {dag.py:4180} INFO - Setting next_dagrun for latest_only_with_trigger to 2024-12-02 04:00:00+00:00, run_after=2024-12-02 08:00:00+00:00
[2024-12-02T11:08:48.801+0000] {processor.py:208} INFO - Processing /home/airflow/.local/lib/python3.12/site-packages/airflow/example_dags/example_latest_only_with_trigger.py took 0.074 seconds
[2024-12-02T11:09:19.497+0000] {processor.py:186} INFO - Started process (PID=1425) to work on /home/airflow/.local/lib/python3.12/site-packages/airflow/example_dags/example_latest_only_with_trigger.py
[2024-12-02T11:09:19.499+0000] {processor.py:914} INFO - Processing file /home/airflow/.local/lib/python3.12/site-packages/airflow/example_dags/example_latest_only_with_trigger.py for tasks to queue
[2024-12-02T11:09:19.501+0000] {logging_mixin.py:190} INFO - [2024-12-02T11:09:19.501+0000] {dagbag.py:588} INFO - Filling up the DagBag from /home/airflow/.local/lib/python3.12/site-packages/airflow/example_dags/example_latest_only_with_trigger.py
[2024-12-02T11:09:19.507+0000] {processor.py:925} INFO - DAG(s) 'latest_only_with_trigger' retrieved from /home/airflow/.local/lib/python3.12/site-packages/airflow/example_dags/example_latest_only_with_trigger.py
[2024-12-02T11:09:19.527+0000] {logging_mixin.py:190} INFO - [2024-12-02T11:09:19.526+0000] {dag.py:3239} INFO - Sync 1 DAGs
[2024-12-02T11:09:19.543+0000] {logging_mixin.py:190} INFO - [2024-12-02T11:09:19.543+0000] {dag.py:4180} INFO - Setting next_dagrun for latest_only_with_trigger to 2024-12-02 04:00:00+00:00, run_after=2024-12-02 08:00:00+00:00
[2024-12-02T11:09:19.557+0000] {processor.py:208} INFO - Processing /home/airflow/.local/lib/python3.12/site-packages/airflow/example_dags/example_latest_only_with_trigger.py took 0.064 seconds
[2024-12-02T11:09:49.799+0000] {processor.py:186} INFO - Started process (PID=1489) to work on /home/airflow/.local/lib/python3.12/site-packages/airflow/example_dags/example_latest_only_with_trigger.py
[2024-12-02T11:09:49.799+0000] {processor.py:914} INFO - Processing file /home/airflow/.local/lib/python3.12/site-packages/airflow/example_dags/example_latest_only_with_trigger.py for tasks to queue
[2024-12-02T11:09:49.801+0000] {logging_mixin.py:190} INFO - [2024-12-02T11:09:49.801+0000] {dagbag.py:588} INFO - Filling up the DagBag from /home/airflow/.local/lib/python3.12/site-packages/airflow/example_dags/example_latest_only_with_trigger.py
[2024-12-02T11:09:49.806+0000] {processor.py:925} INFO - DAG(s) 'latest_only_with_trigger' retrieved from /home/airflow/.local/lib/python3.12/site-packages/airflow/example_dags/example_latest_only_with_trigger.py
[2024-12-02T11:09:49.819+0000] {logging_mixin.py:190} INFO - [2024-12-02T11:09:49.819+0000] {dag.py:3239} INFO - Sync 1 DAGs
[2024-12-02T11:09:49.836+0000] {logging_mixin.py:190} INFO - [2024-12-02T11:09:49.835+0000] {dag.py:4180} INFO - Setting next_dagrun for latest_only_with_trigger to 2024-12-02 04:00:00+00:00, run_after=2024-12-02 08:00:00+00:00
[2024-12-02T11:09:49.849+0000] {processor.py:208} INFO - Processing /home/airflow/.local/lib/python3.12/site-packages/airflow/example_dags/example_latest_only_with_trigger.py took 0.054 seconds
[2024-12-02T11:10:20.718+0000] {processor.py:186} INFO - Started process (PID=1552) to work on /home/airflow/.local/lib/python3.12/site-packages/airflow/example_dags/example_latest_only_with_trigger.py
[2024-12-02T11:10:20.720+0000] {processor.py:914} INFO - Processing file /home/airflow/.local/lib/python3.12/site-packages/airflow/example_dags/example_latest_only_with_trigger.py for tasks to queue
[2024-12-02T11:10:20.722+0000] {logging_mixin.py:190} INFO - [2024-12-02T11:10:20.721+0000] {dagbag.py:588} INFO - Filling up the DagBag from /home/airflow/.local/lib/python3.12/site-packages/airflow/example_dags/example_latest_only_with_trigger.py
[2024-12-02T11:10:20.727+0000] {processor.py:925} INFO - DAG(s) 'latest_only_with_trigger' retrieved from /home/airflow/.local/lib/python3.12/site-packages/airflow/example_dags/example_latest_only_with_trigger.py
[2024-12-02T11:10:20.740+0000] {logging_mixin.py:190} INFO - [2024-12-02T11:10:20.740+0000] {dag.py:3239} INFO - Sync 1 DAGs
[2024-12-02T11:10:20.756+0000] {logging_mixin.py:190} INFO - [2024-12-02T11:10:20.756+0000] {dag.py:4180} INFO - Setting next_dagrun for latest_only_with_trigger to 2024-12-02 04:00:00+00:00, run_after=2024-12-02 08:00:00+00:00
[2024-12-02T11:10:20.771+0000] {processor.py:208} INFO - Processing /home/airflow/.local/lib/python3.12/site-packages/airflow/example_dags/example_latest_only_with_trigger.py took 0.058 seconds
[2024-12-02T11:10:51.567+0000] {processor.py:186} INFO - Started process (PID=1616) to work on /home/airflow/.local/lib/python3.12/site-packages/airflow/example_dags/example_latest_only_with_trigger.py
[2024-12-02T11:10:51.568+0000] {processor.py:914} INFO - Processing file /home/airflow/.local/lib/python3.12/site-packages/airflow/example_dags/example_latest_only_with_trigger.py for tasks to queue
[2024-12-02T11:10:51.570+0000] {logging_mixin.py:190} INFO - [2024-12-02T11:10:51.569+0000] {dagbag.py:588} INFO - Filling up the DagBag from /home/airflow/.local/lib/python3.12/site-packages/airflow/example_dags/example_latest_only_with_trigger.py
[2024-12-02T11:10:51.575+0000] {processor.py:925} INFO - DAG(s) 'latest_only_with_trigger' retrieved from /home/airflow/.local/lib/python3.12/site-packages/airflow/example_dags/example_latest_only_with_trigger.py
[2024-12-02T11:10:51.588+0000] {logging_mixin.py:190} INFO - [2024-12-02T11:10:51.588+0000] {dag.py:3239} INFO - Sync 1 DAGs
[2024-12-02T11:10:51.605+0000] {logging_mixin.py:190} INFO - [2024-12-02T11:10:51.604+0000] {dag.py:4180} INFO - Setting next_dagrun for latest_only_with_trigger to 2024-12-02 04:00:00+00:00, run_after=2024-12-02 08:00:00+00:00
[2024-12-02T11:10:51.620+0000] {processor.py:208} INFO - Processing /home/airflow/.local/lib/python3.12/site-packages/airflow/example_dags/example_latest_only_with_trigger.py took 0.056 seconds
[2024-12-02T11:11:23.127+0000] {processor.py:186} INFO - Started process (PID=1680) to work on /home/airflow/.local/lib/python3.12/site-packages/airflow/example_dags/example_latest_only_with_trigger.py
[2024-12-02T11:11:23.129+0000] {processor.py:914} INFO - Processing file /home/airflow/.local/lib/python3.12/site-packages/airflow/example_dags/example_latest_only_with_trigger.py for tasks to queue
[2024-12-02T11:11:23.131+0000] {logging_mixin.py:190} INFO - [2024-12-02T11:11:23.131+0000] {dagbag.py:588} INFO - Filling up the DagBag from /home/airflow/.local/lib/python3.12/site-packages/airflow/example_dags/example_latest_only_with_trigger.py
[2024-12-02T11:11:23.137+0000] {processor.py:925} INFO - DAG(s) 'latest_only_with_trigger' retrieved from /home/airflow/.local/lib/python3.12/site-packages/airflow/example_dags/example_latest_only_with_trigger.py
[2024-12-02T11:11:23.153+0000] {logging_mixin.py:190} INFO - [2024-12-02T11:11:23.152+0000] {dag.py:3239} INFO - Sync 1 DAGs
[2024-12-02T11:11:23.171+0000] {logging_mixin.py:190} INFO - [2024-12-02T11:11:23.171+0000] {dag.py:4180} INFO - Setting next_dagrun for latest_only_with_trigger to 2024-12-02 04:00:00+00:00, run_after=2024-12-02 08:00:00+00:00
[2024-12-02T11:11:23.186+0000] {processor.py:208} INFO - Processing /home/airflow/.local/lib/python3.12/site-packages/airflow/example_dags/example_latest_only_with_trigger.py took 0.064 seconds
[2024-12-02T11:11:54.023+0000] {processor.py:186} INFO - Started process (PID=1745) to work on /home/airflow/.local/lib/python3.12/site-packages/airflow/example_dags/example_latest_only_with_trigger.py
[2024-12-02T11:11:54.044+0000] {processor.py:914} INFO - Processing file /home/airflow/.local/lib/python3.12/site-packages/airflow/example_dags/example_latest_only_with_trigger.py for tasks to queue
[2024-12-02T11:11:54.046+0000] {logging_mixin.py:190} INFO - [2024-12-02T11:11:54.046+0000] {dagbag.py:588} INFO - Filling up the DagBag from /home/airflow/.local/lib/python3.12/site-packages/airflow/example_dags/example_latest_only_with_trigger.py
[2024-12-02T11:11:54.051+0000] {processor.py:925} INFO - DAG(s) 'latest_only_with_trigger' retrieved from /home/airflow/.local/lib/python3.12/site-packages/airflow/example_dags/example_latest_only_with_trigger.py
[2024-12-02T11:11:54.110+0000] {logging_mixin.py:190} INFO - [2024-12-02T11:11:54.110+0000] {dag.py:3239} INFO - Sync 1 DAGs
[2024-12-02T11:11:54.162+0000] {logging_mixin.py:190} INFO - [2024-12-02T11:11:54.162+0000] {dag.py:4180} INFO - Setting next_dagrun for latest_only_with_trigger to 2024-12-02 04:00:00+00:00, run_after=2024-12-02 08:00:00+00:00
[2024-12-02T11:11:54.197+0000] {processor.py:208} INFO - Processing /home/airflow/.local/lib/python3.12/site-packages/airflow/example_dags/example_latest_only_with_trigger.py took 0.178 seconds
[2024-12-02T11:12:25.094+0000] {processor.py:186} INFO - Started process (PID=1809) to work on /home/airflow/.local/lib/python3.12/site-packages/airflow/example_dags/example_latest_only_with_trigger.py
[2024-12-02T11:12:25.096+0000] {processor.py:914} INFO - Processing file /home/airflow/.local/lib/python3.12/site-packages/airflow/example_dags/example_latest_only_with_trigger.py for tasks to queue
[2024-12-02T11:12:25.098+0000] {logging_mixin.py:190} INFO - [2024-12-02T11:12:25.098+0000] {dagbag.py:588} INFO - Filling up the DagBag from /home/airflow/.local/lib/python3.12/site-packages/airflow/example_dags/example_latest_only_with_trigger.py
[2024-12-02T11:12:25.105+0000] {processor.py:925} INFO - DAG(s) 'latest_only_with_trigger' retrieved from /home/airflow/.local/lib/python3.12/site-packages/airflow/example_dags/example_latest_only_with_trigger.py
[2024-12-02T11:12:25.119+0000] {logging_mixin.py:190} INFO - [2024-12-02T11:12:25.119+0000] {dag.py:3239} INFO - Sync 1 DAGs
[2024-12-02T11:12:25.136+0000] {logging_mixin.py:190} INFO - [2024-12-02T11:12:25.136+0000] {dag.py:4180} INFO - Setting next_dagrun for latest_only_with_trigger to 2024-12-02 04:00:00+00:00, run_after=2024-12-02 08:00:00+00:00
[2024-12-02T11:12:25.150+0000] {processor.py:208} INFO - Processing /home/airflow/.local/lib/python3.12/site-packages/airflow/example_dags/example_latest_only_with_trigger.py took 0.060 seconds
[2024-12-02T11:12:56.870+0000] {processor.py:186} INFO - Started process (PID=1873) to work on /home/airflow/.local/lib/python3.12/site-packages/airflow/example_dags/example_latest_only_with_trigger.py
[2024-12-02T11:12:56.870+0000] {processor.py:914} INFO - Processing file /home/airflow/.local/lib/python3.12/site-packages/airflow/example_dags/example_latest_only_with_trigger.py for tasks to queue
[2024-12-02T11:12:56.872+0000] {logging_mixin.py:190} INFO - [2024-12-02T11:12:56.872+0000] {dagbag.py:588} INFO - Filling up the DagBag from /home/airflow/.local/lib/python3.12/site-packages/airflow/example_dags/example_latest_only_with_trigger.py
[2024-12-02T11:12:56.880+0000] {processor.py:925} INFO - DAG(s) 'latest_only_with_trigger' retrieved from /home/airflow/.local/lib/python3.12/site-packages/airflow/example_dags/example_latest_only_with_trigger.py
[2024-12-02T11:12:56.919+0000] {logging_mixin.py:190} INFO - [2024-12-02T11:12:56.918+0000] {dag.py:3239} INFO - Sync 1 DAGs
[2024-12-02T11:12:56.947+0000] {logging_mixin.py:190} INFO - [2024-12-02T11:12:56.947+0000] {dag.py:4180} INFO - Setting next_dagrun for latest_only_with_trigger to 2024-12-02 04:00:00+00:00, run_after=2024-12-02 08:00:00+00:00
[2024-12-02T11:12:56.970+0000] {processor.py:208} INFO - Processing /home/airflow/.local/lib/python3.12/site-packages/airflow/example_dags/example_latest_only_with_trigger.py took 0.108 seconds
[2024-12-02T11:13:31.655+0000] {processor.py:186} INFO - Started process (PID=1946) to work on /home/airflow/.local/lib/python3.12/site-packages/airflow/example_dags/example_latest_only_with_trigger.py
[2024-12-02T11:13:31.657+0000] {processor.py:914} INFO - Processing file /home/airflow/.local/lib/python3.12/site-packages/airflow/example_dags/example_latest_only_with_trigger.py for tasks to queue
[2024-12-02T11:13:31.659+0000] {logging_mixin.py:190} INFO - [2024-12-02T11:13:31.659+0000] {dagbag.py:588} INFO - Filling up the DagBag from /home/airflow/.local/lib/python3.12/site-packages/airflow/example_dags/example_latest_only_with_trigger.py
[2024-12-02T11:13:31.669+0000] {processor.py:925} INFO - DAG(s) 'latest_only_with_trigger' retrieved from /home/airflow/.local/lib/python3.12/site-packages/airflow/example_dags/example_latest_only_with_trigger.py
[2024-12-02T11:13:31.682+0000] {logging_mixin.py:190} INFO - [2024-12-02T11:13:31.682+0000] {dag.py:3239} INFO - Sync 1 DAGs
[2024-12-02T11:13:31.698+0000] {logging_mixin.py:190} INFO - [2024-12-02T11:13:31.698+0000] {dag.py:4180} INFO - Setting next_dagrun for latest_only_with_trigger to 2024-12-02 04:00:00+00:00, run_after=2024-12-02 08:00:00+00:00
[2024-12-02T11:13:31.715+0000] {processor.py:208} INFO - Processing /home/airflow/.local/lib/python3.12/site-packages/airflow/example_dags/example_latest_only_with_trigger.py took 0.074 seconds
[2024-12-02T11:14:02.143+0000] {processor.py:186} INFO - Started process (PID=2011) to work on /home/airflow/.local/lib/python3.12/site-packages/airflow/example_dags/example_latest_only_with_trigger.py
[2024-12-02T11:14:02.143+0000] {processor.py:914} INFO - Processing file /home/airflow/.local/lib/python3.12/site-packages/airflow/example_dags/example_latest_only_with_trigger.py for tasks to queue
[2024-12-02T11:14:02.148+0000] {logging_mixin.py:190} INFO - [2024-12-02T11:14:02.148+0000] {dagbag.py:588} INFO - Filling up the DagBag from /home/airflow/.local/lib/python3.12/site-packages/airflow/example_dags/example_latest_only_with_trigger.py
[2024-12-02T11:14:05.103+0000] {processor.py:925} INFO - DAG(s) 'latest_only_with_trigger' retrieved from /home/airflow/.local/lib/python3.12/site-packages/airflow/example_dags/example_latest_only_with_trigger.py
[2024-12-02T11:14:05.131+0000] {logging_mixin.py:190} INFO - [2024-12-02T11:14:05.131+0000] {dag.py:3239} INFO - Sync 1 DAGs
[2024-12-02T11:14:05.198+0000] {logging_mixin.py:190} INFO - [2024-12-02T11:14:05.198+0000] {dag.py:4180} INFO - Setting next_dagrun for latest_only_with_trigger to 2024-12-02 04:00:00+00:00, run_after=2024-12-02 08:00:00+00:00
[2024-12-02T11:14:05.250+0000] {processor.py:208} INFO - Processing /home/airflow/.local/lib/python3.12/site-packages/airflow/example_dags/example_latest_only_with_trigger.py took 0.179 seconds
[2024-12-02T11:14:35.339+0000] {processor.py:186} INFO - Started process (PID=2076) to work on /home/airflow/.local/lib/python3.12/site-packages/airflow/example_dags/example_latest_only_with_trigger.py
[2024-12-02T11:14:35.340+0000] {processor.py:914} INFO - Processing file /home/airflow/.local/lib/python3.12/site-packages/airflow/example_dags/example_latest_only_with_trigger.py for tasks to queue
[2024-12-02T11:14:35.342+0000] {logging_mixin.py:190} INFO - [2024-12-02T11:14:35.342+0000] {dagbag.py:588} INFO - Filling up the DagBag from /home/airflow/.local/lib/python3.12/site-packages/airflow/example_dags/example_latest_only_with_trigger.py
[2024-12-02T11:14:35.347+0000] {processor.py:925} INFO - DAG(s) 'latest_only_with_trigger' retrieved from /home/airflow/.local/lib/python3.12/site-packages/airflow/example_dags/example_latest_only_with_trigger.py
[2024-12-02T11:14:35.360+0000] {logging_mixin.py:190} INFO - [2024-12-02T11:14:35.360+0000] {dag.py:3239} INFO - Sync 1 DAGs
[2024-12-02T11:14:35.376+0000] {logging_mixin.py:190} INFO - [2024-12-02T11:14:35.376+0000] {dag.py:4180} INFO - Setting next_dagrun for latest_only_with_trigger to 2024-12-02 04:00:00+00:00, run_after=2024-12-02 08:00:00+00:00
[2024-12-02T11:14:35.392+0000] {processor.py:208} INFO - Processing /home/airflow/.local/lib/python3.12/site-packages/airflow/example_dags/example_latest_only_with_trigger.py took 0.072 seconds
[2024-12-02T11:15:05.824+0000] {processor.py:186} INFO - Started process (PID=2141) to work on /home/airflow/.local/lib/python3.12/site-packages/airflow/example_dags/example_latest_only_with_trigger.py
[2024-12-02T11:15:05.825+0000] {processor.py:914} INFO - Processing file /home/airflow/.local/lib/python3.12/site-packages/airflow/example_dags/example_latest_only_with_trigger.py for tasks to queue
[2024-12-02T11:15:05.827+0000] {logging_mixin.py:190} INFO - [2024-12-02T11:15:05.827+0000] {dagbag.py:588} INFO - Filling up the DagBag from /home/airflow/.local/lib/python3.12/site-packages/airflow/example_dags/example_latest_only_with_trigger.py
[2024-12-02T11:15:05.832+0000] {processor.py:925} INFO - DAG(s) 'latest_only_with_trigger' retrieved from /home/airflow/.local/lib/python3.12/site-packages/airflow/example_dags/example_latest_only_with_trigger.py
[2024-12-02T11:15:05.846+0000] {logging_mixin.py:190} INFO - [2024-12-02T11:15:05.846+0000] {dag.py:3239} INFO - Sync 1 DAGs
[2024-12-02T11:15:05.861+0000] {logging_mixin.py:190} INFO - [2024-12-02T11:15:05.861+0000] {dag.py:4180} INFO - Setting next_dagrun for latest_only_with_trigger to 2024-12-02 04:00:00+00:00, run_after=2024-12-02 08:00:00+00:00
[2024-12-02T11:15:05.875+0000] {processor.py:208} INFO - Processing /home/airflow/.local/lib/python3.12/site-packages/airflow/example_dags/example_latest_only_with_trigger.py took 0.056 seconds
[2024-12-02T11:15:35.940+0000] {processor.py:186} INFO - Started process (PID=2206) to work on /home/airflow/.local/lib/python3.12/site-packages/airflow/example_dags/example_latest_only_with_trigger.py
[2024-12-02T11:15:35.950+0000] {processor.py:914} INFO - Processing file /home/airflow/.local/lib/python3.12/site-packages/airflow/example_dags/example_latest_only_with_trigger.py for tasks to queue
[2024-12-02T11:15:35.952+0000] {logging_mixin.py:190} INFO - [2024-12-02T11:15:35.952+0000] {dagbag.py:588} INFO - Filling up the DagBag from /home/airflow/.local/lib/python3.12/site-packages/airflow/example_dags/example_latest_only_with_trigger.py
[2024-12-02T11:15:35.962+0000] {processor.py:925} INFO - DAG(s) 'latest_only_with_trigger' retrieved from /home/airflow/.local/lib/python3.12/site-packages/airflow/example_dags/example_latest_only_with_trigger.py
[2024-12-02T11:15:35.998+0000] {logging_mixin.py:190} INFO - [2024-12-02T11:15:35.998+0000] {dag.py:3239} INFO - Sync 1 DAGs
[2024-12-02T11:15:36.033+0000] {logging_mixin.py:190} INFO - [2024-12-02T11:15:36.033+0000] {dag.py:4180} INFO - Setting next_dagrun for latest_only_with_trigger to 2024-12-02 04:00:00+00:00, run_after=2024-12-02 08:00:00+00:00
[2024-12-02T11:15:36.073+0000] {processor.py:208} INFO - Processing /home/airflow/.local/lib/python3.12/site-packages/airflow/example_dags/example_latest_only_with_trigger.py took 0.136 seconds
[2024-12-02T11:16:06.102+0000] {processor.py:186} INFO - Started process (PID=2272) to work on /home/airflow/.local/lib/python3.12/site-packages/airflow/example_dags/example_latest_only_with_trigger.py
[2024-12-02T11:16:06.102+0000] {processor.py:914} INFO - Processing file /home/airflow/.local/lib/python3.12/site-packages/airflow/example_dags/example_latest_only_with_trigger.py for tasks to queue
[2024-12-02T11:16:06.103+0000] {logging_mixin.py:190} INFO - [2024-12-02T11:16:06.103+0000] {dagbag.py:588} INFO - Filling up the DagBag from /home/airflow/.local/lib/python3.12/site-packages/airflow/example_dags/example_latest_only_with_trigger.py
[2024-12-02T11:16:06.111+0000] {processor.py:925} INFO - DAG(s) 'latest_only_with_trigger' retrieved from /home/airflow/.local/lib/python3.12/site-packages/airflow/example_dags/example_latest_only_with_trigger.py
[2024-12-02T11:16:06.134+0000] {logging_mixin.py:190} INFO - [2024-12-02T11:16:06.134+0000] {dag.py:3239} INFO - Sync 1 DAGs
[2024-12-02T11:16:06.156+0000] {logging_mixin.py:190} INFO - [2024-12-02T11:16:06.156+0000] {dag.py:4180} INFO - Setting next_dagrun for latest_only_with_trigger to 2024-12-02 04:00:00+00:00, run_after=2024-12-02 08:00:00+00:00
[2024-12-02T11:16:06.175+0000] {processor.py:208} INFO - Processing /home/airflow/.local/lib/python3.12/site-packages/airflow/example_dags/example_latest_only_with_trigger.py took 0.077 seconds
[2024-12-02T11:16:36.401+0000] {processor.py:186} INFO - Started process (PID=2336) to work on /home/airflow/.local/lib/python3.12/site-packages/airflow/example_dags/example_latest_only_with_trigger.py
[2024-12-02T11:16:36.402+0000] {processor.py:914} INFO - Processing file /home/airflow/.local/lib/python3.12/site-packages/airflow/example_dags/example_latest_only_with_trigger.py for tasks to queue
[2024-12-02T11:16:36.403+0000] {logging_mixin.py:190} INFO - [2024-12-02T11:16:36.403+0000] {dagbag.py:588} INFO - Filling up the DagBag from /home/airflow/.local/lib/python3.12/site-packages/airflow/example_dags/example_latest_only_with_trigger.py
[2024-12-02T11:16:36.413+0000] {processor.py:925} INFO - DAG(s) 'latest_only_with_trigger' retrieved from /home/airflow/.local/lib/python3.12/site-packages/airflow/example_dags/example_latest_only_with_trigger.py
[2024-12-02T11:16:36.428+0000] {logging_mixin.py:190} INFO - [2024-12-02T11:16:36.428+0000] {dag.py:3239} INFO - Sync 1 DAGs
[2024-12-02T11:16:36.445+0000] {logging_mixin.py:190} INFO - [2024-12-02T11:16:36.445+0000] {dag.py:4180} INFO - Setting next_dagrun for latest_only_with_trigger to 2024-12-02 04:00:00+00:00, run_after=2024-12-02 08:00:00+00:00
[2024-12-02T11:16:36.460+0000] {processor.py:208} INFO - Processing /home/airflow/.local/lib/python3.12/site-packages/airflow/example_dags/example_latest_only_with_trigger.py took 0.063 seconds
[2024-12-02T11:17:06.768+0000] {processor.py:186} INFO - Started process (PID=2399) to work on /home/airflow/.local/lib/python3.12/site-packages/airflow/example_dags/example_latest_only_with_trigger.py
[2024-12-02T11:17:06.772+0000] {processor.py:914} INFO - Processing file /home/airflow/.local/lib/python3.12/site-packages/airflow/example_dags/example_latest_only_with_trigger.py for tasks to queue
[2024-12-02T11:17:06.773+0000] {logging_mixin.py:190} INFO - [2024-12-02T11:17:06.772+0000] {dagbag.py:588} INFO - Filling up the DagBag from /home/airflow/.local/lib/python3.12/site-packages/airflow/example_dags/example_latest_only_with_trigger.py
[2024-12-02T11:17:06.780+0000] {processor.py:925} INFO - DAG(s) 'latest_only_with_trigger' retrieved from /home/airflow/.local/lib/python3.12/site-packages/airflow/example_dags/example_latest_only_with_trigger.py
[2024-12-02T11:17:06.793+0000] {logging_mixin.py:190} INFO - [2024-12-02T11:17:06.793+0000] {dag.py:3239} INFO - Sync 1 DAGs
[2024-12-02T11:17:06.813+0000] {logging_mixin.py:190} INFO - [2024-12-02T11:17:06.813+0000] {dag.py:4180} INFO - Setting next_dagrun for latest_only_with_trigger to 2024-12-02 04:00:00+00:00, run_after=2024-12-02 08:00:00+00:00
[2024-12-02T11:17:06.832+0000] {processor.py:208} INFO - Processing /home/airflow/.local/lib/python3.12/site-packages/airflow/example_dags/example_latest_only_with_trigger.py took 0.068 seconds
[2024-12-02T11:17:38.597+0000] {processor.py:186} INFO - Started process (PID=2463) to work on /home/airflow/.local/lib/python3.12/site-packages/airflow/example_dags/example_latest_only_with_trigger.py
[2024-12-02T11:17:38.598+0000] {processor.py:914} INFO - Processing file /home/airflow/.local/lib/python3.12/site-packages/airflow/example_dags/example_latest_only_with_trigger.py for tasks to queue
[2024-12-02T11:17:38.598+0000] {logging_mixin.py:190} INFO - [2024-12-02T11:17:38.598+0000] {dagbag.py:588} INFO - Filling up the DagBag from /home/airflow/.local/lib/python3.12/site-packages/airflow/example_dags/example_latest_only_with_trigger.py
[2024-12-02T11:17:38.605+0000] {processor.py:925} INFO - DAG(s) 'latest_only_with_trigger' retrieved from /home/airflow/.local/lib/python3.12/site-packages/airflow/example_dags/example_latest_only_with_trigger.py
[2024-12-02T11:17:38.620+0000] {logging_mixin.py:190} INFO - [2024-12-02T11:17:38.620+0000] {dag.py:3239} INFO - Sync 1 DAGs
[2024-12-02T11:17:38.643+0000] {logging_mixin.py:190} INFO - [2024-12-02T11:17:38.643+0000] {dag.py:4180} INFO - Setting next_dagrun for latest_only_with_trigger to 2024-12-02 04:00:00+00:00, run_after=2024-12-02 08:00:00+00:00
[2024-12-02T11:17:38.670+0000] {processor.py:208} INFO - Processing /home/airflow/.local/lib/python3.12/site-packages/airflow/example_dags/example_latest_only_with_trigger.py took 0.077 seconds
[2024-12-02T11:18:13.589+0000] {processor.py:186} INFO - Started process (PID=2536) to work on /home/airflow/.local/lib/python3.12/site-packages/airflow/example_dags/example_latest_only_with_trigger.py
[2024-12-02T11:18:13.612+0000] {processor.py:914} INFO - Processing file /home/airflow/.local/lib/python3.12/site-packages/airflow/example_dags/example_latest_only_with_trigger.py for tasks to queue
[2024-12-02T11:18:13.612+0000] {logging_mixin.py:190} INFO - [2024-12-02T11:18:13.612+0000] {dagbag.py:588} INFO - Filling up the DagBag from /home/airflow/.local/lib/python3.12/site-packages/airflow/example_dags/example_latest_only_with_trigger.py
[2024-12-02T11:18:13.623+0000] {processor.py:925} INFO - DAG(s) 'latest_only_with_trigger' retrieved from /home/airflow/.local/lib/python3.12/site-packages/airflow/example_dags/example_latest_only_with_trigger.py
[2024-12-02T11:18:13.657+0000] {logging_mixin.py:190} INFO - [2024-12-02T11:18:13.656+0000] {dag.py:3239} INFO - Sync 1 DAGs
[2024-12-02T11:18:13.702+0000] {logging_mixin.py:190} INFO - [2024-12-02T11:18:13.702+0000] {dag.py:4180} INFO - Setting next_dagrun for latest_only_with_trigger to 2024-12-02 04:00:00+00:00, run_after=2024-12-02 08:00:00+00:00
[2024-12-02T11:18:13.730+0000] {processor.py:208} INFO - Processing /home/airflow/.local/lib/python3.12/site-packages/airflow/example_dags/example_latest_only_with_trigger.py took 0.145 seconds
[2024-12-02T11:18:47.839+0000] {processor.py:186} INFO - Started process (PID=2606) to work on /home/airflow/.local/lib/python3.12/site-packages/airflow/example_dags/example_latest_only_with_trigger.py
[2024-12-02T11:18:47.844+0000] {processor.py:914} INFO - Processing file /home/airflow/.local/lib/python3.12/site-packages/airflow/example_dags/example_latest_only_with_trigger.py for tasks to queue
[2024-12-02T11:18:47.845+0000] {logging_mixin.py:190} INFO - [2024-12-02T11:18:47.845+0000] {dagbag.py:588} INFO - Filling up the DagBag from /home/airflow/.local/lib/python3.12/site-packages/airflow/example_dags/example_latest_only_with_trigger.py
[2024-12-02T11:18:47.857+0000] {processor.py:925} INFO - DAG(s) 'latest_only_with_trigger' retrieved from /home/airflow/.local/lib/python3.12/site-packages/airflow/example_dags/example_latest_only_with_trigger.py
[2024-12-02T11:18:47.887+0000] {logging_mixin.py:190} INFO - [2024-12-02T11:18:47.880+0000] {dag.py:3239} INFO - Sync 1 DAGs
[2024-12-02T11:18:47.927+0000] {logging_mixin.py:190} INFO - [2024-12-02T11:18:47.927+0000] {dag.py:4180} INFO - Setting next_dagrun for latest_only_with_trigger to 2024-12-02 04:00:00+00:00, run_after=2024-12-02 08:00:00+00:00
[2024-12-02T11:18:47.962+0000] {processor.py:208} INFO - Processing /home/airflow/.local/lib/python3.12/site-packages/airflow/example_dags/example_latest_only_with_trigger.py took 0.132 seconds
[2024-12-02T11:19:21.887+0000] {processor.py:186} INFO - Started process (PID=2671) to work on /home/airflow/.local/lib/python3.12/site-packages/airflow/example_dags/example_latest_only_with_trigger.py
[2024-12-02T11:19:21.889+0000] {processor.py:914} INFO - Processing file /home/airflow/.local/lib/python3.12/site-packages/airflow/example_dags/example_latest_only_with_trigger.py for tasks to queue
[2024-12-02T11:19:21.890+0000] {logging_mixin.py:190} INFO - [2024-12-02T11:19:21.890+0000] {dagbag.py:588} INFO - Filling up the DagBag from /home/airflow/.local/lib/python3.12/site-packages/airflow/example_dags/example_latest_only_with_trigger.py
[2024-12-02T11:19:21.899+0000] {processor.py:925} INFO - DAG(s) 'latest_only_with_trigger' retrieved from /home/airflow/.local/lib/python3.12/site-packages/airflow/example_dags/example_latest_only_with_trigger.py
[2024-12-02T11:19:21.917+0000] {logging_mixin.py:190} INFO - [2024-12-02T11:19:21.917+0000] {dag.py:3239} INFO - Sync 1 DAGs
[2024-12-02T11:19:21.933+0000] {logging_mixin.py:190} INFO - [2024-12-02T11:19:21.933+0000] {dag.py:4180} INFO - Setting next_dagrun for latest_only_with_trigger to 2024-12-02 04:00:00+00:00, run_after=2024-12-02 08:00:00+00:00
[2024-12-02T11:19:21.953+0000] {processor.py:208} INFO - Processing /home/airflow/.local/lib/python3.12/site-packages/airflow/example_dags/example_latest_only_with_trigger.py took 0.081 seconds
[2024-12-02T11:19:52.123+0000] {processor.py:186} INFO - Started process (PID=2735) to work on /home/airflow/.local/lib/python3.12/site-packages/airflow/example_dags/example_latest_only_with_trigger.py
[2024-12-02T11:19:52.124+0000] {processor.py:914} INFO - Processing file /home/airflow/.local/lib/python3.12/site-packages/airflow/example_dags/example_latest_only_with_trigger.py for tasks to queue
[2024-12-02T11:19:52.125+0000] {logging_mixin.py:190} INFO - [2024-12-02T11:19:52.125+0000] {dagbag.py:588} INFO - Filling up the DagBag from /home/airflow/.local/lib/python3.12/site-packages/airflow/example_dags/example_latest_only_with_trigger.py
[2024-12-02T11:19:52.142+0000] {processor.py:925} INFO - DAG(s) 'latest_only_with_trigger' retrieved from /home/airflow/.local/lib/python3.12/site-packages/airflow/example_dags/example_latest_only_with_trigger.py
[2024-12-02T11:19:52.233+0000] {logging_mixin.py:190} INFO - [2024-12-02T11:19:52.233+0000] {dag.py:3239} INFO - Sync 1 DAGs
[2024-12-02T11:19:52.311+0000] {logging_mixin.py:190} INFO - [2024-12-02T11:19:52.311+0000] {dag.py:4180} INFO - Setting next_dagrun for latest_only_with_trigger to 2024-12-02 04:00:00+00:00, run_after=2024-12-02 08:00:00+00:00
[2024-12-02T11:19:52.380+0000] {processor.py:208} INFO - Processing /home/airflow/.local/lib/python3.12/site-packages/airflow/example_dags/example_latest_only_with_trigger.py took 0.272 seconds
