[2024-12-02T10:36:52.877+0000] {processor.py:186} INFO - Started process (PID=104) to work on /home/airflow/.local/lib/python3.12/site-packages/airflow/example_dags/example_dag_decorator.py
[2024-12-02T10:36:52.889+0000] {processor.py:914} INFO - Processing file /home/airflow/.local/lib/python3.12/site-packages/airflow/example_dags/example_dag_decorator.py for tasks to queue
[2024-12-02T10:36:52.901+0000] {logging_mixin.py:190} INFO - [2024-12-02T10:36:52.898+0000] {dagbag.py:588} INFO - Filling up the DagBag from /home/airflow/.local/lib/python3.12/site-packages/airflow/example_dags/example_dag_decorator.py
[2024-12-02T10:36:53.045+0000] {processor.py:925} INFO - DAG(s) 'example_dag_decorator' retrieved from /home/airflow/.local/lib/python3.12/site-packages/airflow/example_dags/example_dag_decorator.py
[2024-12-02T10:36:53.964+0000] {logging_mixin.py:190} INFO - [2024-12-02T10:36:53.963+0000] {override.py:1911} INFO - Created Permission View: can read on DAG:example_dag_decorator
[2024-12-02T10:36:54.095+0000] {logging_mixin.py:190} INFO - [2024-12-02T10:36:54.095+0000] {override.py:1911} INFO - Created Permission View: can edit on DAG:example_dag_decorator
[2024-12-02T10:36:54.487+0000] {logging_mixin.py:190} INFO - [2024-12-02T10:36:54.486+0000] {override.py:1911} INFO - Created Permission View: can delete on DAG:example_dag_decorator
[2024-12-02T10:36:54.757+0000] {logging_mixin.py:190} INFO - [2024-12-02T10:36:54.756+0000] {override.py:1911} INFO - Created Permission View: can read on DAG Run:example_dag_decorator
[2024-12-02T10:36:55.096+0000] {logging_mixin.py:190} INFO - [2024-12-02T10:36:55.095+0000] {override.py:1911} INFO - Created Permission View: menu access on DAG Run:example_dag_decorator
[2024-12-02T10:36:55.636+0000] {logging_mixin.py:190} INFO - [2024-12-02T10:36:55.635+0000] {override.py:1911} INFO - Created Permission View: can create on DAG Run:example_dag_decorator
[2024-12-02T10:36:55.659+0000] {logging_mixin.py:190} INFO - [2024-12-02T10:36:55.658+0000] {override.py:1911} INFO - Created Permission View: can delete on DAG Run:example_dag_decorator
[2024-12-02T10:36:55.659+0000] {logging_mixin.py:190} INFO - [2024-12-02T10:36:55.659+0000] {dag.py:3239} INFO - Sync 1 DAGs
[2024-12-02T10:38:28.268+0000] {processor.py:186} INFO - Started process (PID=105) to work on /home/airflow/.local/lib/python3.12/site-packages/airflow/example_dags/example_dag_decorator.py
[2024-12-02T10:38:28.298+0000] {processor.py:914} INFO - Processing file /home/airflow/.local/lib/python3.12/site-packages/airflow/example_dags/example_dag_decorator.py for tasks to queue
[2024-12-02T10:38:28.301+0000] {logging_mixin.py:190} INFO - [2024-12-02T10:38:28.300+0000] {dagbag.py:588} INFO - Filling up the DagBag from /home/airflow/.local/lib/python3.12/site-packages/airflow/example_dags/example_dag_decorator.py
[2024-12-02T10:38:28.350+0000] {processor.py:925} INFO - DAG(s) 'example_dag_decorator' retrieved from /home/airflow/.local/lib/python3.12/site-packages/airflow/example_dags/example_dag_decorator.py
[2024-12-02T10:38:28.765+0000] {logging_mixin.py:190} INFO - [2024-12-02T10:38:28.765+0000] {dag.py:3239} INFO - Sync 1 DAGs
[2024-12-02T10:38:28.800+0000] {logging_mixin.py:190} INFO - [2024-12-02T10:38:28.800+0000] {dag.py:3262} INFO - Creating ORM DAG for example_dag_decorator
[2024-12-02T10:38:28.803+0000] {logging_mixin.py:190} INFO - [2024-12-02T10:38:28.803+0000] {dag.py:4180} INFO - Setting next_dagrun for example_dag_decorator to None, run_after=None
[2024-12-02T10:38:28.907+0000] {processor.py:208} INFO - Processing /home/airflow/.local/lib/python3.12/site-packages/airflow/example_dags/example_dag_decorator.py took 0.645 seconds
[2024-12-02T10:39:06.679+0000] {processor.py:186} INFO - Started process (PID=169) to work on /home/airflow/.local/lib/python3.12/site-packages/airflow/example_dags/example_dag_decorator.py
[2024-12-02T10:39:06.687+0000] {processor.py:914} INFO - Processing file /home/airflow/.local/lib/python3.12/site-packages/airflow/example_dags/example_dag_decorator.py for tasks to queue
[2024-12-02T10:39:06.693+0000] {logging_mixin.py:190} INFO - [2024-12-02T10:39:06.693+0000] {dagbag.py:588} INFO - Filling up the DagBag from /home/airflow/.local/lib/python3.12/site-packages/airflow/example_dags/example_dag_decorator.py
[2024-12-02T10:39:06.750+0000] {processor.py:925} INFO - DAG(s) 'example_dag_decorator' retrieved from /home/airflow/.local/lib/python3.12/site-packages/airflow/example_dags/example_dag_decorator.py
[2024-12-02T10:39:06.846+0000] {logging_mixin.py:190} INFO - [2024-12-02T10:39:06.846+0000] {dag.py:3239} INFO - Sync 1 DAGs
[2024-12-02T10:39:06.924+0000] {logging_mixin.py:190} INFO - [2024-12-02T10:39:06.924+0000] {dag.py:4180} INFO - Setting next_dagrun for example_dag_decorator to None, run_after=None
[2024-12-02T10:39:07.013+0000] {processor.py:208} INFO - Processing /home/airflow/.local/lib/python3.12/site-packages/airflow/example_dags/example_dag_decorator.py took 0.341 seconds
[2024-12-02T10:39:37.666+0000] {processor.py:186} INFO - Started process (PID=232) to work on /home/airflow/.local/lib/python3.12/site-packages/airflow/example_dags/example_dag_decorator.py
[2024-12-02T10:39:37.670+0000] {processor.py:914} INFO - Processing file /home/airflow/.local/lib/python3.12/site-packages/airflow/example_dags/example_dag_decorator.py for tasks to queue
[2024-12-02T10:39:37.700+0000] {logging_mixin.py:190} INFO - [2024-12-02T10:39:37.690+0000] {dagbag.py:588} INFO - Filling up the DagBag from /home/airflow/.local/lib/python3.12/site-packages/airflow/example_dags/example_dag_decorator.py
[2024-12-02T10:39:37.722+0000] {processor.py:925} INFO - DAG(s) 'example_dag_decorator' retrieved from /home/airflow/.local/lib/python3.12/site-packages/airflow/example_dags/example_dag_decorator.py
[2024-12-02T10:39:37.780+0000] {logging_mixin.py:190} INFO - [2024-12-02T10:39:37.780+0000] {dag.py:3239} INFO - Sync 1 DAGs
[2024-12-02T10:39:37.814+0000] {logging_mixin.py:190} INFO - [2024-12-02T10:39:37.813+0000] {dag.py:4180} INFO - Setting next_dagrun for example_dag_decorator to None, run_after=None
[2024-12-02T10:39:37.879+0000] {processor.py:208} INFO - Processing /home/airflow/.local/lib/python3.12/site-packages/airflow/example_dags/example_dag_decorator.py took 0.218 seconds
[2024-12-02T10:40:08.750+0000] {processor.py:186} INFO - Started process (PID=296) to work on /home/airflow/.local/lib/python3.12/site-packages/airflow/example_dags/example_dag_decorator.py
[2024-12-02T10:40:08.751+0000] {processor.py:914} INFO - Processing file /home/airflow/.local/lib/python3.12/site-packages/airflow/example_dags/example_dag_decorator.py for tasks to queue
[2024-12-02T10:40:08.753+0000] {logging_mixin.py:190} INFO - [2024-12-02T10:40:08.753+0000] {dagbag.py:588} INFO - Filling up the DagBag from /home/airflow/.local/lib/python3.12/site-packages/airflow/example_dags/example_dag_decorator.py
[2024-12-02T10:40:08.765+0000] {processor.py:925} INFO - DAG(s) 'example_dag_decorator' retrieved from /home/airflow/.local/lib/python3.12/site-packages/airflow/example_dags/example_dag_decorator.py
[2024-12-02T10:40:08.791+0000] {logging_mixin.py:190} INFO - [2024-12-02T10:40:08.790+0000] {dag.py:3239} INFO - Sync 1 DAGs
[2024-12-02T10:40:08.800+0000] {logging_mixin.py:190} INFO - [2024-12-02T10:40:08.800+0000] {dag.py:4180} INFO - Setting next_dagrun for example_dag_decorator to None, run_after=None
[2024-12-02T10:40:08.844+0000] {processor.py:208} INFO - Processing /home/airflow/.local/lib/python3.12/site-packages/airflow/example_dags/example_dag_decorator.py took 0.098 seconds
[2024-12-02T10:40:39.378+0000] {processor.py:186} INFO - Started process (PID=360) to work on /home/airflow/.local/lib/python3.12/site-packages/airflow/example_dags/example_dag_decorator.py
[2024-12-02T10:40:39.384+0000] {processor.py:914} INFO - Processing file /home/airflow/.local/lib/python3.12/site-packages/airflow/example_dags/example_dag_decorator.py for tasks to queue
[2024-12-02T10:40:39.391+0000] {logging_mixin.py:190} INFO - [2024-12-02T10:40:39.390+0000] {dagbag.py:588} INFO - Filling up the DagBag from /home/airflow/.local/lib/python3.12/site-packages/airflow/example_dags/example_dag_decorator.py
[2024-12-02T10:40:39.409+0000] {processor.py:925} INFO - DAG(s) 'example_dag_decorator' retrieved from /home/airflow/.local/lib/python3.12/site-packages/airflow/example_dags/example_dag_decorator.py
[2024-12-02T10:40:39.480+0000] {logging_mixin.py:190} INFO - [2024-12-02T10:40:39.480+0000] {dag.py:3239} INFO - Sync 1 DAGs
[2024-12-02T10:40:39.508+0000] {logging_mixin.py:190} INFO - [2024-12-02T10:40:39.508+0000] {dag.py:4180} INFO - Setting next_dagrun for example_dag_decorator to None, run_after=None
[2024-12-02T10:40:39.562+0000] {processor.py:208} INFO - Processing /home/airflow/.local/lib/python3.12/site-packages/airflow/example_dags/example_dag_decorator.py took 0.190 seconds
[2024-12-02T10:42:22.583+0000] {processor.py:186} INFO - Started process (PID=99) to work on /home/airflow/.local/lib/python3.12/site-packages/airflow/example_dags/example_dag_decorator.py
[2024-12-02T10:42:22.592+0000] {processor.py:914} INFO - Processing file /home/airflow/.local/lib/python3.12/site-packages/airflow/example_dags/example_dag_decorator.py for tasks to queue
[2024-12-02T10:42:22.595+0000] {logging_mixin.py:190} INFO - [2024-12-02T10:42:22.594+0000] {dagbag.py:588} INFO - Filling up the DagBag from /home/airflow/.local/lib/python3.12/site-packages/airflow/example_dags/example_dag_decorator.py
[2024-12-02T10:42:22.619+0000] {processor.py:925} INFO - DAG(s) 'example_dag_decorator' retrieved from /home/airflow/.local/lib/python3.12/site-packages/airflow/example_dags/example_dag_decorator.py
[2024-12-02T10:42:23.015+0000] {logging_mixin.py:190} INFO - [2024-12-02T10:42:23.015+0000] {dag.py:3239} INFO - Sync 1 DAGs
[2024-12-02T10:42:23.026+0000] {logging_mixin.py:190} INFO - [2024-12-02T10:42:23.025+0000] {dag.py:4180} INFO - Setting next_dagrun for example_dag_decorator to None, run_after=None
[2024-12-02T10:42:23.104+0000] {processor.py:208} INFO - Processing /home/airflow/.local/lib/python3.12/site-packages/airflow/example_dags/example_dag_decorator.py took 0.526 seconds
[2024-12-02T10:42:53.308+0000] {processor.py:186} INFO - Started process (PID=162) to work on /home/airflow/.local/lib/python3.12/site-packages/airflow/example_dags/example_dag_decorator.py
[2024-12-02T10:42:53.309+0000] {processor.py:914} INFO - Processing file /home/airflow/.local/lib/python3.12/site-packages/airflow/example_dags/example_dag_decorator.py for tasks to queue
[2024-12-02T10:42:53.311+0000] {logging_mixin.py:190} INFO - [2024-12-02T10:42:53.310+0000] {dagbag.py:588} INFO - Filling up the DagBag from /home/airflow/.local/lib/python3.12/site-packages/airflow/example_dags/example_dag_decorator.py
[2024-12-02T10:42:53.321+0000] {processor.py:925} INFO - DAG(s) 'example_dag_decorator' retrieved from /home/airflow/.local/lib/python3.12/site-packages/airflow/example_dags/example_dag_decorator.py
[2024-12-02T10:42:53.337+0000] {logging_mixin.py:190} INFO - [2024-12-02T10:42:53.336+0000] {dag.py:3239} INFO - Sync 1 DAGs
[2024-12-02T10:42:53.362+0000] {logging_mixin.py:190} INFO - [2024-12-02T10:42:53.362+0000] {dag.py:4180} INFO - Setting next_dagrun for example_dag_decorator to None, run_after=None
[2024-12-02T10:42:53.379+0000] {processor.py:208} INFO - Processing /home/airflow/.local/lib/python3.12/site-packages/airflow/example_dags/example_dag_decorator.py took 0.076 seconds
[2024-12-02T10:43:23.491+0000] {processor.py:186} INFO - Started process (PID=226) to work on /home/airflow/.local/lib/python3.12/site-packages/airflow/example_dags/example_dag_decorator.py
[2024-12-02T10:43:23.492+0000] {processor.py:914} INFO - Processing file /home/airflow/.local/lib/python3.12/site-packages/airflow/example_dags/example_dag_decorator.py for tasks to queue
[2024-12-02T10:43:23.493+0000] {logging_mixin.py:190} INFO - [2024-12-02T10:43:23.493+0000] {dagbag.py:588} INFO - Filling up the DagBag from /home/airflow/.local/lib/python3.12/site-packages/airflow/example_dags/example_dag_decorator.py
[2024-12-02T10:43:23.503+0000] {processor.py:925} INFO - DAG(s) 'example_dag_decorator' retrieved from /home/airflow/.local/lib/python3.12/site-packages/airflow/example_dags/example_dag_decorator.py
[2024-12-02T10:43:23.594+0000] {logging_mixin.py:190} INFO - [2024-12-02T10:43:23.594+0000] {dag.py:3239} INFO - Sync 1 DAGs
[2024-12-02T10:43:23.604+0000] {logging_mixin.py:190} INFO - [2024-12-02T10:43:23.604+0000] {dag.py:4180} INFO - Setting next_dagrun for example_dag_decorator to None, run_after=None
[2024-12-02T10:43:23.621+0000] {processor.py:208} INFO - Processing /home/airflow/.local/lib/python3.12/site-packages/airflow/example_dags/example_dag_decorator.py took 0.135 seconds
[2024-12-02T10:43:53.787+0000] {processor.py:186} INFO - Started process (PID=289) to work on /home/airflow/.local/lib/python3.12/site-packages/airflow/example_dags/example_dag_decorator.py
[2024-12-02T10:43:53.790+0000] {processor.py:914} INFO - Processing file /home/airflow/.local/lib/python3.12/site-packages/airflow/example_dags/example_dag_decorator.py for tasks to queue
[2024-12-02T10:43:53.793+0000] {logging_mixin.py:190} INFO - [2024-12-02T10:43:53.793+0000] {dagbag.py:588} INFO - Filling up the DagBag from /home/airflow/.local/lib/python3.12/site-packages/airflow/example_dags/example_dag_decorator.py
[2024-12-02T10:43:53.803+0000] {processor.py:925} INFO - DAG(s) 'example_dag_decorator' retrieved from /home/airflow/.local/lib/python3.12/site-packages/airflow/example_dags/example_dag_decorator.py
[2024-12-02T10:43:53.883+0000] {logging_mixin.py:190} INFO - [2024-12-02T10:43:53.882+0000] {dag.py:3239} INFO - Sync 1 DAGs
[2024-12-02T10:43:53.892+0000] {logging_mixin.py:190} INFO - [2024-12-02T10:43:53.892+0000] {dag.py:4180} INFO - Setting next_dagrun for example_dag_decorator to None, run_after=None
[2024-12-02T10:43:53.914+0000] {processor.py:208} INFO - Processing /home/airflow/.local/lib/python3.12/site-packages/airflow/example_dags/example_dag_decorator.py took 0.131 seconds
[2024-12-02T10:44:28.975+0000] {processor.py:186} INFO - Started process (PID=353) to work on /home/airflow/.local/lib/python3.12/site-packages/airflow/example_dags/example_dag_decorator.py
[2024-12-02T10:44:28.991+0000] {processor.py:914} INFO - Processing file /home/airflow/.local/lib/python3.12/site-packages/airflow/example_dags/example_dag_decorator.py for tasks to queue
[2024-12-02T10:44:29.004+0000] {logging_mixin.py:190} INFO - [2024-12-02T10:44:29.004+0000] {dagbag.py:588} INFO - Filling up the DagBag from /home/airflow/.local/lib/python3.12/site-packages/airflow/example_dags/example_dag_decorator.py
[2024-12-02T10:44:29.020+0000] {processor.py:925} INFO - DAG(s) 'example_dag_decorator' retrieved from /home/airflow/.local/lib/python3.12/site-packages/airflow/example_dags/example_dag_decorator.py
[2024-12-02T10:44:29.393+0000] {logging_mixin.py:190} INFO - [2024-12-02T10:44:29.392+0000] {dag.py:3239} INFO - Sync 1 DAGs
[2024-12-02T10:44:29.448+0000] {logging_mixin.py:190} INFO - [2024-12-02T10:44:29.448+0000] {dag.py:4180} INFO - Setting next_dagrun for example_dag_decorator to None, run_after=None
[2024-12-02T10:44:29.473+0000] {processor.py:208} INFO - Processing /home/airflow/.local/lib/python3.12/site-packages/airflow/example_dags/example_dag_decorator.py took 0.525 seconds
[2024-12-02T10:45:03.767+0000] {processor.py:186} INFO - Started process (PID=418) to work on /home/airflow/.local/lib/python3.12/site-packages/airflow/example_dags/example_dag_decorator.py
[2024-12-02T10:45:03.769+0000] {processor.py:914} INFO - Processing file /home/airflow/.local/lib/python3.12/site-packages/airflow/example_dags/example_dag_decorator.py for tasks to queue
[2024-12-02T10:45:03.785+0000] {logging_mixin.py:190} INFO - [2024-12-02T10:45:03.784+0000] {dagbag.py:588} INFO - Filling up the DagBag from /home/airflow/.local/lib/python3.12/site-packages/airflow/example_dags/example_dag_decorator.py
[2024-12-02T10:45:03.861+0000] {processor.py:925} INFO - DAG(s) 'example_dag_decorator' retrieved from /home/airflow/.local/lib/python3.12/site-packages/airflow/example_dags/example_dag_decorator.py
[2024-12-02T10:45:04.180+0000] {logging_mixin.py:190} INFO - [2024-12-02T10:45:04.180+0000] {dag.py:3239} INFO - Sync 1 DAGs
[2024-12-02T10:45:04.210+0000] {logging_mixin.py:190} INFO - [2024-12-02T10:45:04.210+0000] {dag.py:4180} INFO - Setting next_dagrun for example_dag_decorator to None, run_after=None
[2024-12-02T10:45:04.275+0000] {processor.py:208} INFO - Processing /home/airflow/.local/lib/python3.12/site-packages/airflow/example_dags/example_dag_decorator.py took 0.512 seconds
[2024-12-02T10:45:37.227+0000] {processor.py:186} INFO - Started process (PID=482) to work on /home/airflow/.local/lib/python3.12/site-packages/airflow/example_dags/example_dag_decorator.py
[2024-12-02T10:45:37.228+0000] {processor.py:914} INFO - Processing file /home/airflow/.local/lib/python3.12/site-packages/airflow/example_dags/example_dag_decorator.py for tasks to queue
[2024-12-02T10:45:37.231+0000] {logging_mixin.py:190} INFO - [2024-12-02T10:45:37.230+0000] {dagbag.py:588} INFO - Filling up the DagBag from /home/airflow/.local/lib/python3.12/site-packages/airflow/example_dags/example_dag_decorator.py
[2024-12-02T10:45:37.241+0000] {processor.py:925} INFO - DAG(s) 'example_dag_decorator' retrieved from /home/airflow/.local/lib/python3.12/site-packages/airflow/example_dags/example_dag_decorator.py
[2024-12-02T10:45:37.381+0000] {logging_mixin.py:190} INFO - [2024-12-02T10:45:37.381+0000] {dag.py:3239} INFO - Sync 1 DAGs
[2024-12-02T10:45:37.408+0000] {logging_mixin.py:190} INFO - [2024-12-02T10:45:37.408+0000] {dag.py:4180} INFO - Setting next_dagrun for example_dag_decorator to None, run_after=None
[2024-12-02T10:45:37.426+0000] {processor.py:208} INFO - Processing /home/airflow/.local/lib/python3.12/site-packages/airflow/example_dags/example_dag_decorator.py took 0.204 seconds
[2024-12-02T10:46:07.714+0000] {processor.py:186} INFO - Started process (PID=546) to work on /home/airflow/.local/lib/python3.12/site-packages/airflow/example_dags/example_dag_decorator.py
[2024-12-02T10:46:07.720+0000] {processor.py:914} INFO - Processing file /home/airflow/.local/lib/python3.12/site-packages/airflow/example_dags/example_dag_decorator.py for tasks to queue
[2024-12-02T10:46:07.730+0000] {logging_mixin.py:190} INFO - [2024-12-02T10:46:07.730+0000] {dagbag.py:588} INFO - Filling up the DagBag from /home/airflow/.local/lib/python3.12/site-packages/airflow/example_dags/example_dag_decorator.py
[2024-12-02T10:46:07.739+0000] {processor.py:925} INFO - DAG(s) 'example_dag_decorator' retrieved from /home/airflow/.local/lib/python3.12/site-packages/airflow/example_dags/example_dag_decorator.py
[2024-12-02T10:46:07.841+0000] {logging_mixin.py:190} INFO - [2024-12-02T10:46:07.840+0000] {dag.py:3239} INFO - Sync 1 DAGs
[2024-12-02T10:46:07.857+0000] {logging_mixin.py:190} INFO - [2024-12-02T10:46:07.857+0000] {dag.py:4180} INFO - Setting next_dagrun for example_dag_decorator to None, run_after=None
[2024-12-02T10:46:07.899+0000] {processor.py:208} INFO - Processing /home/airflow/.local/lib/python3.12/site-packages/airflow/example_dags/example_dag_decorator.py took 0.189 seconds
[2024-12-02T10:46:38.029+0000] {processor.py:186} INFO - Started process (PID=608) to work on /home/airflow/.local/lib/python3.12/site-packages/airflow/example_dags/example_dag_decorator.py
[2024-12-02T10:46:38.032+0000] {processor.py:914} INFO - Processing file /home/airflow/.local/lib/python3.12/site-packages/airflow/example_dags/example_dag_decorator.py for tasks to queue
[2024-12-02T10:46:38.036+0000] {logging_mixin.py:190} INFO - [2024-12-02T10:46:38.035+0000] {dagbag.py:588} INFO - Filling up the DagBag from /home/airflow/.local/lib/python3.12/site-packages/airflow/example_dags/example_dag_decorator.py
[2024-12-02T10:46:38.059+0000] {processor.py:925} INFO - DAG(s) 'example_dag_decorator' retrieved from /home/airflow/.local/lib/python3.12/site-packages/airflow/example_dags/example_dag_decorator.py
[2024-12-02T10:46:38.358+0000] {logging_mixin.py:190} INFO - [2024-12-02T10:46:38.358+0000] {dag.py:3239} INFO - Sync 1 DAGs
[2024-12-02T10:46:38.403+0000] {logging_mixin.py:190} INFO - [2024-12-02T10:46:38.402+0000] {dag.py:4180} INFO - Setting next_dagrun for example_dag_decorator to None, run_after=None
[2024-12-02T10:46:38.437+0000] {processor.py:208} INFO - Processing /home/airflow/.local/lib/python3.12/site-packages/airflow/example_dags/example_dag_decorator.py took 0.414 seconds
[2024-12-02T10:58:20.744+0000] {processor.py:186} INFO - Started process (PID=105) to work on /home/airflow/.local/lib/python3.12/site-packages/airflow/example_dags/example_dag_decorator.py
[2024-12-02T10:58:20.753+0000] {processor.py:914} INFO - Processing file /home/airflow/.local/lib/python3.12/site-packages/airflow/example_dags/example_dag_decorator.py for tasks to queue
[2024-12-02T10:58:20.755+0000] {logging_mixin.py:190} INFO - [2024-12-02T10:58:20.755+0000] {dagbag.py:588} INFO - Filling up the DagBag from /home/airflow/.local/lib/python3.12/site-packages/airflow/example_dags/example_dag_decorator.py
[2024-12-02T10:58:20.781+0000] {processor.py:925} INFO - DAG(s) 'example_dag_decorator' retrieved from /home/airflow/.local/lib/python3.12/site-packages/airflow/example_dags/example_dag_decorator.py
[2024-12-02T10:58:21.215+0000] {logging_mixin.py:190} INFO - [2024-12-02T10:58:21.215+0000] {dag.py:3239} INFO - Sync 1 DAGs
[2024-12-02T10:58:21.257+0000] {logging_mixin.py:190} INFO - [2024-12-02T10:58:21.257+0000] {dag.py:4180} INFO - Setting next_dagrun for example_dag_decorator to None, run_after=None
[2024-12-02T10:58:21.319+0000] {processor.py:208} INFO - Processing /home/airflow/.local/lib/python3.12/site-packages/airflow/example_dags/example_dag_decorator.py took 0.583 seconds
[2024-12-02T10:58:53.282+0000] {processor.py:186} INFO - Started process (PID=169) to work on /home/airflow/.local/lib/python3.12/site-packages/airflow/example_dags/example_dag_decorator.py
[2024-12-02T10:58:53.307+0000] {processor.py:914} INFO - Processing file /home/airflow/.local/lib/python3.12/site-packages/airflow/example_dags/example_dag_decorator.py for tasks to queue
[2024-12-02T10:58:53.321+0000] {logging_mixin.py:190} INFO - [2024-12-02T10:58:53.321+0000] {dagbag.py:588} INFO - Filling up the DagBag from /home/airflow/.local/lib/python3.12/site-packages/airflow/example_dags/example_dag_decorator.py
[2024-12-02T10:58:53.370+0000] {processor.py:925} INFO - DAG(s) 'example_dag_decorator' retrieved from /home/airflow/.local/lib/python3.12/site-packages/airflow/example_dags/example_dag_decorator.py
[2024-12-02T10:58:54.769+0000] {logging_mixin.py:190} INFO - [2024-12-02T10:58:54.768+0000] {dag.py:3239} INFO - Sync 1 DAGs
[2024-12-02T10:58:54.780+0000] {logging_mixin.py:190} INFO - [2024-12-02T10:58:54.780+0000] {dag.py:4180} INFO - Setting next_dagrun for example_dag_decorator to None, run_after=None
[2024-12-02T10:58:55.035+0000] {processor.py:208} INFO - Processing /home/airflow/.local/lib/python3.12/site-packages/airflow/example_dags/example_dag_decorator.py took 1.758 seconds
[2024-12-02T10:59:25.086+0000] {processor.py:186} INFO - Started process (PID=233) to work on /home/airflow/.local/lib/python3.12/site-packages/airflow/example_dags/example_dag_decorator.py
[2024-12-02T10:59:25.086+0000] {processor.py:914} INFO - Processing file /home/airflow/.local/lib/python3.12/site-packages/airflow/example_dags/example_dag_decorator.py for tasks to queue
[2024-12-02T10:59:25.088+0000] {logging_mixin.py:190} INFO - [2024-12-02T10:59:25.088+0000] {dagbag.py:588} INFO - Filling up the DagBag from /home/airflow/.local/lib/python3.12/site-packages/airflow/example_dags/example_dag_decorator.py
[2024-12-02T10:59:25.098+0000] {processor.py:925} INFO - DAG(s) 'example_dag_decorator' retrieved from /home/airflow/.local/lib/python3.12/site-packages/airflow/example_dags/example_dag_decorator.py
[2024-12-02T10:59:25.198+0000] {logging_mixin.py:190} INFO - [2024-12-02T10:59:25.198+0000] {dag.py:3239} INFO - Sync 1 DAGs
[2024-12-02T10:59:25.208+0000] {logging_mixin.py:190} INFO - [2024-12-02T10:59:25.207+0000] {dag.py:4180} INFO - Setting next_dagrun for example_dag_decorator to None, run_after=None
[2024-12-02T10:59:25.226+0000] {processor.py:208} INFO - Processing /home/airflow/.local/lib/python3.12/site-packages/airflow/example_dags/example_dag_decorator.py took 0.146 seconds
[2024-12-02T10:59:55.308+0000] {processor.py:186} INFO - Started process (PID=297) to work on /home/airflow/.local/lib/python3.12/site-packages/airflow/example_dags/example_dag_decorator.py
[2024-12-02T10:59:55.310+0000] {processor.py:914} INFO - Processing file /home/airflow/.local/lib/python3.12/site-packages/airflow/example_dags/example_dag_decorator.py for tasks to queue
[2024-12-02T10:59:55.312+0000] {logging_mixin.py:190} INFO - [2024-12-02T10:59:55.312+0000] {dagbag.py:588} INFO - Filling up the DagBag from /home/airflow/.local/lib/python3.12/site-packages/airflow/example_dags/example_dag_decorator.py
[2024-12-02T10:59:55.321+0000] {processor.py:925} INFO - DAG(s) 'example_dag_decorator' retrieved from /home/airflow/.local/lib/python3.12/site-packages/airflow/example_dags/example_dag_decorator.py
[2024-12-02T10:59:55.410+0000] {logging_mixin.py:190} INFO - [2024-12-02T10:59:55.410+0000] {dag.py:3239} INFO - Sync 1 DAGs
[2024-12-02T10:59:55.418+0000] {logging_mixin.py:190} INFO - [2024-12-02T10:59:55.418+0000] {dag.py:4180} INFO - Setting next_dagrun for example_dag_decorator to None, run_after=None
[2024-12-02T10:59:55.438+0000] {processor.py:208} INFO - Processing /home/airflow/.local/lib/python3.12/site-packages/airflow/example_dags/example_dag_decorator.py took 0.134 seconds
[2024-12-02T11:00:26.084+0000] {processor.py:186} INFO - Started process (PID=360) to work on /home/airflow/.local/lib/python3.12/site-packages/airflow/example_dags/example_dag_decorator.py
[2024-12-02T11:00:26.085+0000] {processor.py:914} INFO - Processing file /home/airflow/.local/lib/python3.12/site-packages/airflow/example_dags/example_dag_decorator.py for tasks to queue
[2024-12-02T11:00:26.086+0000] {logging_mixin.py:190} INFO - [2024-12-02T11:00:26.086+0000] {dagbag.py:588} INFO - Filling up the DagBag from /home/airflow/.local/lib/python3.12/site-packages/airflow/example_dags/example_dag_decorator.py
[2024-12-02T11:00:26.094+0000] {processor.py:925} INFO - DAG(s) 'example_dag_decorator' retrieved from /home/airflow/.local/lib/python3.12/site-packages/airflow/example_dags/example_dag_decorator.py
[2024-12-02T11:00:26.175+0000] {logging_mixin.py:190} INFO - [2024-12-02T11:00:26.175+0000] {dag.py:3239} INFO - Sync 1 DAGs
[2024-12-02T11:00:26.183+0000] {logging_mixin.py:190} INFO - [2024-12-02T11:00:26.183+0000] {dag.py:4180} INFO - Setting next_dagrun for example_dag_decorator to None, run_after=None
[2024-12-02T11:00:26.196+0000] {processor.py:208} INFO - Processing /home/airflow/.local/lib/python3.12/site-packages/airflow/example_dags/example_dag_decorator.py took 0.116 seconds
[2024-12-02T11:00:59.316+0000] {processor.py:186} INFO - Started process (PID=424) to work on /home/airflow/.local/lib/python3.12/site-packages/airflow/example_dags/example_dag_decorator.py
[2024-12-02T11:00:59.319+0000] {processor.py:914} INFO - Processing file /home/airflow/.local/lib/python3.12/site-packages/airflow/example_dags/example_dag_decorator.py for tasks to queue
[2024-12-02T11:00:59.321+0000] {logging_mixin.py:190} INFO - [2024-12-02T11:00:59.320+0000] {dagbag.py:588} INFO - Filling up the DagBag from /home/airflow/.local/lib/python3.12/site-packages/airflow/example_dags/example_dag_decorator.py
[2024-12-02T11:00:59.352+0000] {processor.py:925} INFO - DAG(s) 'example_dag_decorator' retrieved from /home/airflow/.local/lib/python3.12/site-packages/airflow/example_dags/example_dag_decorator.py
[2024-12-02T11:00:59.495+0000] {logging_mixin.py:190} INFO - [2024-12-02T11:00:59.495+0000] {dag.py:3239} INFO - Sync 1 DAGs
[2024-12-02T11:00:59.518+0000] {logging_mixin.py:190} INFO - [2024-12-02T11:00:59.518+0000] {dag.py:4180} INFO - Setting next_dagrun for example_dag_decorator to None, run_after=None
[2024-12-02T11:00:59.552+0000] {processor.py:208} INFO - Processing /home/airflow/.local/lib/python3.12/site-packages/airflow/example_dags/example_dag_decorator.py took 0.240 seconds
[2024-12-02T11:01:32.946+0000] {processor.py:186} INFO - Started process (PID=488) to work on /home/airflow/.local/lib/python3.12/site-packages/airflow/example_dags/example_dag_decorator.py
[2024-12-02T11:01:32.948+0000] {processor.py:914} INFO - Processing file /home/airflow/.local/lib/python3.12/site-packages/airflow/example_dags/example_dag_decorator.py for tasks to queue
[2024-12-02T11:01:32.950+0000] {logging_mixin.py:190} INFO - [2024-12-02T11:01:32.950+0000] {dagbag.py:588} INFO - Filling up the DagBag from /home/airflow/.local/lib/python3.12/site-packages/airflow/example_dags/example_dag_decorator.py
[2024-12-02T11:01:32.960+0000] {processor.py:925} INFO - DAG(s) 'example_dag_decorator' retrieved from /home/airflow/.local/lib/python3.12/site-packages/airflow/example_dags/example_dag_decorator.py
[2024-12-02T11:01:33.045+0000] {logging_mixin.py:190} INFO - [2024-12-02T11:01:33.044+0000] {dag.py:3239} INFO - Sync 1 DAGs
[2024-12-02T11:01:33.054+0000] {logging_mixin.py:190} INFO - [2024-12-02T11:01:33.054+0000] {dag.py:4180} INFO - Setting next_dagrun for example_dag_decorator to None, run_after=None
[2024-12-02T11:01:33.077+0000] {processor.py:208} INFO - Processing /home/airflow/.local/lib/python3.12/site-packages/airflow/example_dags/example_dag_decorator.py took 0.135 seconds
[2024-12-02T11:02:08.399+0000] {processor.py:186} INFO - Started process (PID=552) to work on /home/airflow/.local/lib/python3.12/site-packages/airflow/example_dags/example_dag_decorator.py
[2024-12-02T11:02:08.405+0000] {processor.py:914} INFO - Processing file /home/airflow/.local/lib/python3.12/site-packages/airflow/example_dags/example_dag_decorator.py for tasks to queue
[2024-12-02T11:02:08.416+0000] {logging_mixin.py:190} INFO - [2024-12-02T11:02:08.415+0000] {dagbag.py:588} INFO - Filling up the DagBag from /home/airflow/.local/lib/python3.12/site-packages/airflow/example_dags/example_dag_decorator.py
[2024-12-02T11:02:08.466+0000] {processor.py:925} INFO - DAG(s) 'example_dag_decorator' retrieved from /home/airflow/.local/lib/python3.12/site-packages/airflow/example_dags/example_dag_decorator.py
[2024-12-02T11:02:08.795+0000] {logging_mixin.py:190} INFO - [2024-12-02T11:02:08.795+0000] {dag.py:3239} INFO - Sync 1 DAGs
[2024-12-02T11:02:08.826+0000] {logging_mixin.py:190} INFO - [2024-12-02T11:02:08.826+0000] {dag.py:4180} INFO - Setting next_dagrun for example_dag_decorator to None, run_after=None
[2024-12-02T11:02:08.876+0000] {processor.py:208} INFO - Processing /home/airflow/.local/lib/python3.12/site-packages/airflow/example_dags/example_dag_decorator.py took 0.492 seconds
[2024-12-02T11:02:42.711+0000] {processor.py:186} INFO - Started process (PID=615) to work on /home/airflow/.local/lib/python3.12/site-packages/airflow/example_dags/example_dag_decorator.py
[2024-12-02T11:02:42.713+0000] {processor.py:914} INFO - Processing file /home/airflow/.local/lib/python3.12/site-packages/airflow/example_dags/example_dag_decorator.py for tasks to queue
[2024-12-02T11:02:42.715+0000] {logging_mixin.py:190} INFO - [2024-12-02T11:02:42.715+0000] {dagbag.py:588} INFO - Filling up the DagBag from /home/airflow/.local/lib/python3.12/site-packages/airflow/example_dags/example_dag_decorator.py
[2024-12-02T11:02:42.728+0000] {processor.py:925} INFO - DAG(s) 'example_dag_decorator' retrieved from /home/airflow/.local/lib/python3.12/site-packages/airflow/example_dags/example_dag_decorator.py
[2024-12-02T11:02:43.425+0000] {logging_mixin.py:190} INFO - [2024-12-02T11:02:43.425+0000] {dag.py:3239} INFO - Sync 1 DAGs
[2024-12-02T11:02:43.493+0000] {logging_mixin.py:190} INFO - [2024-12-02T11:02:43.493+0000] {dag.py:4180} INFO - Setting next_dagrun for example_dag_decorator to None, run_after=None
[2024-12-02T11:02:43.629+0000] {processor.py:208} INFO - Processing /home/airflow/.local/lib/python3.12/site-packages/airflow/example_dags/example_dag_decorator.py took 0.922 seconds
[2024-12-02T11:03:17.214+0000] {processor.py:186} INFO - Started process (PID=679) to work on /home/airflow/.local/lib/python3.12/site-packages/airflow/example_dags/example_dag_decorator.py
[2024-12-02T11:03:17.245+0000] {processor.py:914} INFO - Processing file /home/airflow/.local/lib/python3.12/site-packages/airflow/example_dags/example_dag_decorator.py for tasks to queue
[2024-12-02T11:03:17.247+0000] {logging_mixin.py:190} INFO - [2024-12-02T11:03:17.247+0000] {dagbag.py:588} INFO - Filling up the DagBag from /home/airflow/.local/lib/python3.12/site-packages/airflow/example_dags/example_dag_decorator.py
[2024-12-02T11:03:17.280+0000] {processor.py:925} INFO - DAG(s) 'example_dag_decorator' retrieved from /home/airflow/.local/lib/python3.12/site-packages/airflow/example_dags/example_dag_decorator.py
[2024-12-02T11:03:17.939+0000] {logging_mixin.py:190} INFO - [2024-12-02T11:03:17.938+0000] {dag.py:3239} INFO - Sync 1 DAGs
[2024-12-02T11:03:17.998+0000] {logging_mixin.py:190} INFO - [2024-12-02T11:03:17.998+0000] {dag.py:4180} INFO - Setting next_dagrun for example_dag_decorator to None, run_after=None
[2024-12-02T11:03:18.095+0000] {processor.py:208} INFO - Processing /home/airflow/.local/lib/python3.12/site-packages/airflow/example_dags/example_dag_decorator.py took 0.910 seconds
[2024-12-02T11:03:52.019+0000] {processor.py:186} INFO - Started process (PID=751) to work on /home/airflow/.local/lib/python3.12/site-packages/airflow/example_dags/example_dag_decorator.py
[2024-12-02T11:03:52.026+0000] {processor.py:914} INFO - Processing file /home/airflow/.local/lib/python3.12/site-packages/airflow/example_dags/example_dag_decorator.py for tasks to queue
[2024-12-02T11:03:52.027+0000] {logging_mixin.py:190} INFO - [2024-12-02T11:03:52.027+0000] {dagbag.py:588} INFO - Filling up the DagBag from /home/airflow/.local/lib/python3.12/site-packages/airflow/example_dags/example_dag_decorator.py
[2024-12-02T11:03:52.042+0000] {processor.py:925} INFO - DAG(s) 'example_dag_decorator' retrieved from /home/airflow/.local/lib/python3.12/site-packages/airflow/example_dags/example_dag_decorator.py
[2024-12-02T11:03:52.199+0000] {logging_mixin.py:190} INFO - [2024-12-02T11:03:52.199+0000] {dag.py:3239} INFO - Sync 1 DAGs
[2024-12-02T11:03:52.212+0000] {logging_mixin.py:190} INFO - [2024-12-02T11:03:52.212+0000] {dag.py:4180} INFO - Setting next_dagrun for example_dag_decorator to None, run_after=None
[2024-12-02T11:03:52.226+0000] {processor.py:208} INFO - Processing /home/airflow/.local/lib/python3.12/site-packages/airflow/example_dags/example_dag_decorator.py took 0.212 seconds
[2024-12-02T11:04:26.920+0000] {processor.py:186} INFO - Started process (PID=822) to work on /home/airflow/.local/lib/python3.12/site-packages/airflow/example_dags/example_dag_decorator.py
[2024-12-02T11:04:26.922+0000] {processor.py:914} INFO - Processing file /home/airflow/.local/lib/python3.12/site-packages/airflow/example_dags/example_dag_decorator.py for tasks to queue
[2024-12-02T11:04:26.925+0000] {logging_mixin.py:190} INFO - [2024-12-02T11:04:26.925+0000] {dagbag.py:588} INFO - Filling up the DagBag from /home/airflow/.local/lib/python3.12/site-packages/airflow/example_dags/example_dag_decorator.py
[2024-12-02T11:04:26.934+0000] {processor.py:925} INFO - DAG(s) 'example_dag_decorator' retrieved from /home/airflow/.local/lib/python3.12/site-packages/airflow/example_dags/example_dag_decorator.py
[2024-12-02T11:04:27.019+0000] {logging_mixin.py:190} INFO - [2024-12-02T11:04:27.019+0000] {dag.py:3239} INFO - Sync 1 DAGs
[2024-12-02T11:04:27.027+0000] {logging_mixin.py:190} INFO - [2024-12-02T11:04:27.027+0000] {dag.py:4180} INFO - Setting next_dagrun for example_dag_decorator to None, run_after=None
[2024-12-02T11:04:27.041+0000] {processor.py:208} INFO - Processing /home/airflow/.local/lib/python3.12/site-packages/airflow/example_dags/example_dag_decorator.py took 0.124 seconds
[2024-12-02T11:05:01.767+0000] {processor.py:186} INFO - Started process (PID=893) to work on /home/airflow/.local/lib/python3.12/site-packages/airflow/example_dags/example_dag_decorator.py
[2024-12-02T11:05:01.767+0000] {processor.py:914} INFO - Processing file /home/airflow/.local/lib/python3.12/site-packages/airflow/example_dags/example_dag_decorator.py for tasks to queue
[2024-12-02T11:05:01.769+0000] {logging_mixin.py:190} INFO - [2024-12-02T11:05:01.769+0000] {dagbag.py:588} INFO - Filling up the DagBag from /home/airflow/.local/lib/python3.12/site-packages/airflow/example_dags/example_dag_decorator.py
[2024-12-02T11:05:01.778+0000] {processor.py:925} INFO - DAG(s) 'example_dag_decorator' retrieved from /home/airflow/.local/lib/python3.12/site-packages/airflow/example_dags/example_dag_decorator.py
[2024-12-02T11:05:01.853+0000] {logging_mixin.py:190} INFO - [2024-12-02T11:05:01.852+0000] {dag.py:3239} INFO - Sync 1 DAGs
[2024-12-02T11:05:01.870+0000] {logging_mixin.py:190} INFO - [2024-12-02T11:05:01.870+0000] {dag.py:4180} INFO - Setting next_dagrun for example_dag_decorator to None, run_after=None
[2024-12-02T11:05:01.925+0000] {processor.py:208} INFO - Processing /home/airflow/.local/lib/python3.12/site-packages/airflow/example_dags/example_dag_decorator.py took 0.162 seconds
[2024-12-02T11:05:32.166+0000] {processor.py:186} INFO - Started process (PID=957) to work on /home/airflow/.local/lib/python3.12/site-packages/airflow/example_dags/example_dag_decorator.py
[2024-12-02T11:05:32.179+0000] {processor.py:914} INFO - Processing file /home/airflow/.local/lib/python3.12/site-packages/airflow/example_dags/example_dag_decorator.py for tasks to queue
[2024-12-02T11:05:32.181+0000] {logging_mixin.py:190} INFO - [2024-12-02T11:05:32.181+0000] {dagbag.py:588} INFO - Filling up the DagBag from /home/airflow/.local/lib/python3.12/site-packages/airflow/example_dags/example_dag_decorator.py
[2024-12-02T11:05:32.192+0000] {processor.py:925} INFO - DAG(s) 'example_dag_decorator' retrieved from /home/airflow/.local/lib/python3.12/site-packages/airflow/example_dags/example_dag_decorator.py
[2024-12-02T11:05:32.263+0000] {logging_mixin.py:190} INFO - [2024-12-02T11:05:32.263+0000] {dag.py:3239} INFO - Sync 1 DAGs
[2024-12-02T11:05:32.272+0000] {logging_mixin.py:190} INFO - [2024-12-02T11:05:32.272+0000] {dag.py:4180} INFO - Setting next_dagrun for example_dag_decorator to None, run_after=None
[2024-12-02T11:05:32.286+0000] {processor.py:208} INFO - Processing /home/airflow/.local/lib/python3.12/site-packages/airflow/example_dags/example_dag_decorator.py took 0.141 seconds
[2024-12-02T11:06:02.682+0000] {processor.py:186} INFO - Started process (PID=1021) to work on /home/airflow/.local/lib/python3.12/site-packages/airflow/example_dags/example_dag_decorator.py
[2024-12-02T11:06:02.683+0000] {processor.py:914} INFO - Processing file /home/airflow/.local/lib/python3.12/site-packages/airflow/example_dags/example_dag_decorator.py for tasks to queue
[2024-12-02T11:06:02.684+0000] {logging_mixin.py:190} INFO - [2024-12-02T11:06:02.684+0000] {dagbag.py:588} INFO - Filling up the DagBag from /home/airflow/.local/lib/python3.12/site-packages/airflow/example_dags/example_dag_decorator.py
[2024-12-02T11:06:02.703+0000] {processor.py:925} INFO - DAG(s) 'example_dag_decorator' retrieved from /home/airflow/.local/lib/python3.12/site-packages/airflow/example_dags/example_dag_decorator.py
[2024-12-02T11:06:02.745+0000] {logging_mixin.py:190} INFO - [2024-12-02T11:06:02.745+0000] {dag.py:3239} INFO - Sync 1 DAGs
[2024-12-02T11:06:02.760+0000] {logging_mixin.py:190} INFO - [2024-12-02T11:06:02.760+0000] {dag.py:4180} INFO - Setting next_dagrun for example_dag_decorator to None, run_after=None
[2024-12-02T11:06:02.779+0000] {processor.py:208} INFO - Processing /home/airflow/.local/lib/python3.12/site-packages/airflow/example_dags/example_dag_decorator.py took 0.108 seconds
[2024-12-02T11:06:33.413+0000] {processor.py:186} INFO - Started process (PID=1085) to work on /home/airflow/.local/lib/python3.12/site-packages/airflow/example_dags/example_dag_decorator.py
[2024-12-02T11:06:33.418+0000] {processor.py:914} INFO - Processing file /home/airflow/.local/lib/python3.12/site-packages/airflow/example_dags/example_dag_decorator.py for tasks to queue
[2024-12-02T11:06:33.420+0000] {logging_mixin.py:190} INFO - [2024-12-02T11:06:33.420+0000] {dagbag.py:588} INFO - Filling up the DagBag from /home/airflow/.local/lib/python3.12/site-packages/airflow/example_dags/example_dag_decorator.py
[2024-12-02T11:06:33.428+0000] {processor.py:925} INFO - DAG(s) 'example_dag_decorator' retrieved from /home/airflow/.local/lib/python3.12/site-packages/airflow/example_dags/example_dag_decorator.py
[2024-12-02T11:06:33.530+0000] {logging_mixin.py:190} INFO - [2024-12-02T11:06:33.530+0000] {dag.py:3239} INFO - Sync 1 DAGs
[2024-12-02T11:06:33.548+0000] {logging_mixin.py:190} INFO - [2024-12-02T11:06:33.548+0000] {dag.py:4180} INFO - Setting next_dagrun for example_dag_decorator to None, run_after=None
[2024-12-02T11:06:33.578+0000] {processor.py:208} INFO - Processing /home/airflow/.local/lib/python3.12/site-packages/airflow/example_dags/example_dag_decorator.py took 0.169 seconds
[2024-12-02T11:07:03.812+0000] {processor.py:186} INFO - Started process (PID=1147) to work on /home/airflow/.local/lib/python3.12/site-packages/airflow/example_dags/example_dag_decorator.py
[2024-12-02T11:07:03.820+0000] {processor.py:914} INFO - Processing file /home/airflow/.local/lib/python3.12/site-packages/airflow/example_dags/example_dag_decorator.py for tasks to queue
[2024-12-02T11:07:03.829+0000] {logging_mixin.py:190} INFO - [2024-12-02T11:07:03.828+0000] {dagbag.py:588} INFO - Filling up the DagBag from /home/airflow/.local/lib/python3.12/site-packages/airflow/example_dags/example_dag_decorator.py
[2024-12-02T11:07:03.842+0000] {processor.py:925} INFO - DAG(s) 'example_dag_decorator' retrieved from /home/airflow/.local/lib/python3.12/site-packages/airflow/example_dags/example_dag_decorator.py
[2024-12-02T11:07:04.138+0000] {logging_mixin.py:190} INFO - [2024-12-02T11:07:04.137+0000] {dag.py:3239} INFO - Sync 1 DAGs
[2024-12-02T11:07:04.179+0000] {logging_mixin.py:190} INFO - [2024-12-02T11:07:04.179+0000] {dag.py:4180} INFO - Setting next_dagrun for example_dag_decorator to None, run_after=None
[2024-12-02T11:07:04.223+0000] {processor.py:208} INFO - Processing /home/airflow/.local/lib/python3.12/site-packages/airflow/example_dags/example_dag_decorator.py took 0.417 seconds
[2024-12-02T11:07:35.085+0000] {processor.py:186} INFO - Started process (PID=1211) to work on /home/airflow/.local/lib/python3.12/site-packages/airflow/example_dags/example_dag_decorator.py
[2024-12-02T11:07:35.087+0000] {processor.py:914} INFO - Processing file /home/airflow/.local/lib/python3.12/site-packages/airflow/example_dags/example_dag_decorator.py for tasks to queue
[2024-12-02T11:07:35.089+0000] {logging_mixin.py:190} INFO - [2024-12-02T11:07:35.089+0000] {dagbag.py:588} INFO - Filling up the DagBag from /home/airflow/.local/lib/python3.12/site-packages/airflow/example_dags/example_dag_decorator.py
[2024-12-02T11:07:35.098+0000] {processor.py:925} INFO - DAG(s) 'example_dag_decorator' retrieved from /home/airflow/.local/lib/python3.12/site-packages/airflow/example_dags/example_dag_decorator.py
[2024-12-02T11:07:35.173+0000] {logging_mixin.py:190} INFO - [2024-12-02T11:07:35.173+0000] {dag.py:3239} INFO - Sync 1 DAGs
[2024-12-02T11:07:35.181+0000] {logging_mixin.py:190} INFO - [2024-12-02T11:07:35.181+0000] {dag.py:4180} INFO - Setting next_dagrun for example_dag_decorator to None, run_after=None
[2024-12-02T11:07:35.196+0000] {processor.py:208} INFO - Processing /home/airflow/.local/lib/python3.12/site-packages/airflow/example_dags/example_dag_decorator.py took 0.115 seconds
[2024-12-02T11:08:05.622+0000] {processor.py:186} INFO - Started process (PID=1274) to work on /home/airflow/.local/lib/python3.12/site-packages/airflow/example_dags/example_dag_decorator.py
[2024-12-02T11:08:05.623+0000] {processor.py:914} INFO - Processing file /home/airflow/.local/lib/python3.12/site-packages/airflow/example_dags/example_dag_decorator.py for tasks to queue
[2024-12-02T11:08:05.624+0000] {logging_mixin.py:190} INFO - [2024-12-02T11:08:05.624+0000] {dagbag.py:588} INFO - Filling up the DagBag from /home/airflow/.local/lib/python3.12/site-packages/airflow/example_dags/example_dag_decorator.py
[2024-12-02T11:08:05.633+0000] {processor.py:925} INFO - DAG(s) 'example_dag_decorator' retrieved from /home/airflow/.local/lib/python3.12/site-packages/airflow/example_dags/example_dag_decorator.py
[2024-12-02T11:08:05.732+0000] {logging_mixin.py:190} INFO - [2024-12-02T11:08:05.732+0000] {dag.py:3239} INFO - Sync 1 DAGs
[2024-12-02T11:08:05.760+0000] {logging_mixin.py:190} INFO - [2024-12-02T11:08:05.760+0000] {dag.py:4180} INFO - Setting next_dagrun for example_dag_decorator to None, run_after=None
[2024-12-02T11:08:05.804+0000] {processor.py:208} INFO - Processing /home/airflow/.local/lib/python3.12/site-packages/airflow/example_dags/example_dag_decorator.py took 0.186 seconds
[2024-12-02T11:08:35.873+0000] {processor.py:186} INFO - Started process (PID=1339) to work on /home/airflow/.local/lib/python3.12/site-packages/airflow/example_dags/example_dag_decorator.py
[2024-12-02T11:08:35.874+0000] {processor.py:914} INFO - Processing file /home/airflow/.local/lib/python3.12/site-packages/airflow/example_dags/example_dag_decorator.py for tasks to queue
[2024-12-02T11:08:35.876+0000] {logging_mixin.py:190} INFO - [2024-12-02T11:08:35.876+0000] {dagbag.py:588} INFO - Filling up the DagBag from /home/airflow/.local/lib/python3.12/site-packages/airflow/example_dags/example_dag_decorator.py
[2024-12-02T11:08:35.886+0000] {processor.py:925} INFO - DAG(s) 'example_dag_decorator' retrieved from /home/airflow/.local/lib/python3.12/site-packages/airflow/example_dags/example_dag_decorator.py
[2024-12-02T11:08:35.960+0000] {logging_mixin.py:190} INFO - [2024-12-02T11:08:35.960+0000] {dag.py:3239} INFO - Sync 1 DAGs
[2024-12-02T11:08:35.969+0000] {logging_mixin.py:190} INFO - [2024-12-02T11:08:35.969+0000] {dag.py:4180} INFO - Setting next_dagrun for example_dag_decorator to None, run_after=None
[2024-12-02T11:08:35.984+0000] {processor.py:208} INFO - Processing /home/airflow/.local/lib/python3.12/site-packages/airflow/example_dags/example_dag_decorator.py took 0.115 seconds
[2024-12-02T11:09:06.741+0000] {processor.py:186} INFO - Started process (PID=1402) to work on /home/airflow/.local/lib/python3.12/site-packages/airflow/example_dags/example_dag_decorator.py
[2024-12-02T11:09:06.741+0000] {processor.py:914} INFO - Processing file /home/airflow/.local/lib/python3.12/site-packages/airflow/example_dags/example_dag_decorator.py for tasks to queue
[2024-12-02T11:09:06.743+0000] {logging_mixin.py:190} INFO - [2024-12-02T11:09:06.743+0000] {dagbag.py:588} INFO - Filling up the DagBag from /home/airflow/.local/lib/python3.12/site-packages/airflow/example_dags/example_dag_decorator.py
[2024-12-02T11:09:06.751+0000] {processor.py:925} INFO - DAG(s) 'example_dag_decorator' retrieved from /home/airflow/.local/lib/python3.12/site-packages/airflow/example_dags/example_dag_decorator.py
[2024-12-02T11:09:06.837+0000] {logging_mixin.py:190} INFO - [2024-12-02T11:09:06.837+0000] {dag.py:3239} INFO - Sync 1 DAGs
[2024-12-02T11:09:06.847+0000] {logging_mixin.py:190} INFO - [2024-12-02T11:09:06.847+0000] {dag.py:4180} INFO - Setting next_dagrun for example_dag_decorator to None, run_after=None
[2024-12-02T11:09:06.862+0000] {processor.py:208} INFO - Processing /home/airflow/.local/lib/python3.12/site-packages/airflow/example_dags/example_dag_decorator.py took 0.125 seconds
[2024-12-02T11:09:37.094+0000] {processor.py:186} INFO - Started process (PID=1466) to work on /home/airflow/.local/lib/python3.12/site-packages/airflow/example_dags/example_dag_decorator.py
[2024-12-02T11:09:37.097+0000] {processor.py:914} INFO - Processing file /home/airflow/.local/lib/python3.12/site-packages/airflow/example_dags/example_dag_decorator.py for tasks to queue
[2024-12-02T11:09:37.100+0000] {logging_mixin.py:190} INFO - [2024-12-02T11:09:37.099+0000] {dagbag.py:588} INFO - Filling up the DagBag from /home/airflow/.local/lib/python3.12/site-packages/airflow/example_dags/example_dag_decorator.py
[2024-12-02T11:09:37.109+0000] {processor.py:925} INFO - DAG(s) 'example_dag_decorator' retrieved from /home/airflow/.local/lib/python3.12/site-packages/airflow/example_dags/example_dag_decorator.py
[2024-12-02T11:09:37.185+0000] {logging_mixin.py:190} INFO - [2024-12-02T11:09:37.185+0000] {dag.py:3239} INFO - Sync 1 DAGs
[2024-12-02T11:09:37.193+0000] {logging_mixin.py:190} INFO - [2024-12-02T11:09:37.193+0000] {dag.py:4180} INFO - Setting next_dagrun for example_dag_decorator to None, run_after=None
[2024-12-02T11:09:37.209+0000] {processor.py:208} INFO - Processing /home/airflow/.local/lib/python3.12/site-packages/airflow/example_dags/example_dag_decorator.py took 0.118 seconds
[2024-12-02T11:10:08.118+0000] {processor.py:186} INFO - Started process (PID=1529) to work on /home/airflow/.local/lib/python3.12/site-packages/airflow/example_dags/example_dag_decorator.py
[2024-12-02T11:10:08.119+0000] {processor.py:914} INFO - Processing file /home/airflow/.local/lib/python3.12/site-packages/airflow/example_dags/example_dag_decorator.py for tasks to queue
[2024-12-02T11:10:08.121+0000] {logging_mixin.py:190} INFO - [2024-12-02T11:10:08.120+0000] {dagbag.py:588} INFO - Filling up the DagBag from /home/airflow/.local/lib/python3.12/site-packages/airflow/example_dags/example_dag_decorator.py
[2024-12-02T11:10:08.151+0000] {processor.py:925} INFO - DAG(s) 'example_dag_decorator' retrieved from /home/airflow/.local/lib/python3.12/site-packages/airflow/example_dags/example_dag_decorator.py
[2024-12-02T11:10:08.401+0000] {logging_mixin.py:190} INFO - [2024-12-02T11:10:08.400+0000] {dag.py:3239} INFO - Sync 1 DAGs
[2024-12-02T11:10:08.419+0000] {logging_mixin.py:190} INFO - [2024-12-02T11:10:08.419+0000] {dag.py:4180} INFO - Setting next_dagrun for example_dag_decorator to None, run_after=None
[2024-12-02T11:10:08.489+0000] {processor.py:208} INFO - Processing /home/airflow/.local/lib/python3.12/site-packages/airflow/example_dags/example_dag_decorator.py took 0.388 seconds
[2024-12-02T11:10:38.910+0000] {processor.py:186} INFO - Started process (PID=1593) to work on /home/airflow/.local/lib/python3.12/site-packages/airflow/example_dags/example_dag_decorator.py
[2024-12-02T11:10:38.912+0000] {processor.py:914} INFO - Processing file /home/airflow/.local/lib/python3.12/site-packages/airflow/example_dags/example_dag_decorator.py for tasks to queue
[2024-12-02T11:10:38.914+0000] {logging_mixin.py:190} INFO - [2024-12-02T11:10:38.913+0000] {dagbag.py:588} INFO - Filling up the DagBag from /home/airflow/.local/lib/python3.12/site-packages/airflow/example_dags/example_dag_decorator.py
[2024-12-02T11:10:38.922+0000] {processor.py:925} INFO - DAG(s) 'example_dag_decorator' retrieved from /home/airflow/.local/lib/python3.12/site-packages/airflow/example_dags/example_dag_decorator.py
[2024-12-02T11:10:38.995+0000] {logging_mixin.py:190} INFO - [2024-12-02T11:10:38.995+0000] {dag.py:3239} INFO - Sync 1 DAGs
[2024-12-02T11:10:39.004+0000] {logging_mixin.py:190} INFO - [2024-12-02T11:10:39.004+0000] {dag.py:4180} INFO - Setting next_dagrun for example_dag_decorator to None, run_after=None
[2024-12-02T11:10:39.025+0000] {processor.py:208} INFO - Processing /home/airflow/.local/lib/python3.12/site-packages/airflow/example_dags/example_dag_decorator.py took 0.120 seconds
[2024-12-02T11:11:10.234+0000] {processor.py:186} INFO - Started process (PID=1657) to work on /home/airflow/.local/lib/python3.12/site-packages/airflow/example_dags/example_dag_decorator.py
[2024-12-02T11:11:10.235+0000] {processor.py:914} INFO - Processing file /home/airflow/.local/lib/python3.12/site-packages/airflow/example_dags/example_dag_decorator.py for tasks to queue
[2024-12-02T11:11:10.237+0000] {logging_mixin.py:190} INFO - [2024-12-02T11:11:10.237+0000] {dagbag.py:588} INFO - Filling up the DagBag from /home/airflow/.local/lib/python3.12/site-packages/airflow/example_dags/example_dag_decorator.py
[2024-12-02T11:11:10.248+0000] {processor.py:925} INFO - DAG(s) 'example_dag_decorator' retrieved from /home/airflow/.local/lib/python3.12/site-packages/airflow/example_dags/example_dag_decorator.py
[2024-12-02T11:11:10.323+0000] {logging_mixin.py:190} INFO - [2024-12-02T11:11:10.323+0000] {dag.py:3239} INFO - Sync 1 DAGs
[2024-12-02T11:11:10.332+0000] {logging_mixin.py:190} INFO - [2024-12-02T11:11:10.332+0000] {dag.py:4180} INFO - Setting next_dagrun for example_dag_decorator to None, run_after=None
[2024-12-02T11:11:10.348+0000] {processor.py:208} INFO - Processing /home/airflow/.local/lib/python3.12/site-packages/airflow/example_dags/example_dag_decorator.py took 0.118 seconds
[2024-12-02T11:11:41.075+0000] {processor.py:186} INFO - Started process (PID=1722) to work on /home/airflow/.local/lib/python3.12/site-packages/airflow/example_dags/example_dag_decorator.py
[2024-12-02T11:11:41.077+0000] {processor.py:914} INFO - Processing file /home/airflow/.local/lib/python3.12/site-packages/airflow/example_dags/example_dag_decorator.py for tasks to queue
[2024-12-02T11:11:41.079+0000] {logging_mixin.py:190} INFO - [2024-12-02T11:11:41.079+0000] {dagbag.py:588} INFO - Filling up the DagBag from /home/airflow/.local/lib/python3.12/site-packages/airflow/example_dags/example_dag_decorator.py
[2024-12-02T11:11:41.088+0000] {processor.py:925} INFO - DAG(s) 'example_dag_decorator' retrieved from /home/airflow/.local/lib/python3.12/site-packages/airflow/example_dags/example_dag_decorator.py
[2024-12-02T11:11:41.198+0000] {logging_mixin.py:190} INFO - [2024-12-02T11:11:41.197+0000] {dag.py:3239} INFO - Sync 1 DAGs
[2024-12-02T11:11:41.208+0000] {logging_mixin.py:190} INFO - [2024-12-02T11:11:41.208+0000] {dag.py:4180} INFO - Setting next_dagrun for example_dag_decorator to None, run_after=None
[2024-12-02T11:11:41.224+0000] {processor.py:208} INFO - Processing /home/airflow/.local/lib/python3.12/site-packages/airflow/example_dags/example_dag_decorator.py took 0.153 seconds
[2024-12-02T11:12:11.468+0000] {processor.py:186} INFO - Started process (PID=1786) to work on /home/airflow/.local/lib/python3.12/site-packages/airflow/example_dags/example_dag_decorator.py
[2024-12-02T11:12:11.468+0000] {processor.py:914} INFO - Processing file /home/airflow/.local/lib/python3.12/site-packages/airflow/example_dags/example_dag_decorator.py for tasks to queue
[2024-12-02T11:12:11.470+0000] {logging_mixin.py:190} INFO - [2024-12-02T11:12:11.470+0000] {dagbag.py:588} INFO - Filling up the DagBag from /home/airflow/.local/lib/python3.12/site-packages/airflow/example_dags/example_dag_decorator.py
[2024-12-02T11:12:11.478+0000] {processor.py:925} INFO - DAG(s) 'example_dag_decorator' retrieved from /home/airflow/.local/lib/python3.12/site-packages/airflow/example_dags/example_dag_decorator.py
[2024-12-02T11:12:11.628+0000] {logging_mixin.py:190} INFO - [2024-12-02T11:12:11.628+0000] {dag.py:3239} INFO - Sync 1 DAGs
[2024-12-02T11:12:11.639+0000] {logging_mixin.py:190} INFO - [2024-12-02T11:12:11.638+0000] {dag.py:4180} INFO - Setting next_dagrun for example_dag_decorator to None, run_after=None
[2024-12-02T11:12:11.656+0000] {processor.py:208} INFO - Processing /home/airflow/.local/lib/python3.12/site-packages/airflow/example_dags/example_dag_decorator.py took 0.193 seconds
[2024-12-02T11:12:41.791+0000] {processor.py:186} INFO - Started process (PID=1850) to work on /home/airflow/.local/lib/python3.12/site-packages/airflow/example_dags/example_dag_decorator.py
[2024-12-02T11:12:41.793+0000] {processor.py:914} INFO - Processing file /home/airflow/.local/lib/python3.12/site-packages/airflow/example_dags/example_dag_decorator.py for tasks to queue
[2024-12-02T11:12:41.795+0000] {logging_mixin.py:190} INFO - [2024-12-02T11:12:41.794+0000] {dagbag.py:588} INFO - Filling up the DagBag from /home/airflow/.local/lib/python3.12/site-packages/airflow/example_dags/example_dag_decorator.py
[2024-12-02T11:12:41.803+0000] {processor.py:925} INFO - DAG(s) 'example_dag_decorator' retrieved from /home/airflow/.local/lib/python3.12/site-packages/airflow/example_dags/example_dag_decorator.py
[2024-12-02T11:12:41.891+0000] {logging_mixin.py:190} INFO - [2024-12-02T11:12:41.891+0000] {dag.py:3239} INFO - Sync 1 DAGs
[2024-12-02T11:12:41.900+0000] {logging_mixin.py:190} INFO - [2024-12-02T11:12:41.900+0000] {dag.py:4180} INFO - Setting next_dagrun for example_dag_decorator to None, run_after=None
[2024-12-02T11:12:41.919+0000] {processor.py:208} INFO - Processing /home/airflow/.local/lib/python3.12/site-packages/airflow/example_dags/example_dag_decorator.py took 0.132 seconds
[2024-12-02T11:13:12.902+0000] {processor.py:186} INFO - Started process (PID=1915) to work on /home/airflow/.local/lib/python3.12/site-packages/airflow/example_dags/example_dag_decorator.py
[2024-12-02T11:13:12.904+0000] {processor.py:914} INFO - Processing file /home/airflow/.local/lib/python3.12/site-packages/airflow/example_dags/example_dag_decorator.py for tasks to queue
[2024-12-02T11:13:12.927+0000] {logging_mixin.py:190} INFO - [2024-12-02T11:13:12.927+0000] {dagbag.py:588} INFO - Filling up the DagBag from /home/airflow/.local/lib/python3.12/site-packages/airflow/example_dags/example_dag_decorator.py
[2024-12-02T11:13:12.949+0000] {processor.py:925} INFO - DAG(s) 'example_dag_decorator' retrieved from /home/airflow/.local/lib/python3.12/site-packages/airflow/example_dags/example_dag_decorator.py
[2024-12-02T11:13:13.273+0000] {logging_mixin.py:190} INFO - [2024-12-02T11:13:13.273+0000] {dag.py:3239} INFO - Sync 1 DAGs
[2024-12-02T11:13:13.318+0000] {logging_mixin.py:190} INFO - [2024-12-02T11:13:13.310+0000] {dag.py:4180} INFO - Setting next_dagrun for example_dag_decorator to None, run_after=None
[2024-12-02T11:13:13.392+0000] {processor.py:208} INFO - Processing /home/airflow/.local/lib/python3.12/site-packages/airflow/example_dags/example_dag_decorator.py took 0.504 seconds
[2024-12-02T11:13:43.483+0000] {processor.py:186} INFO - Started process (PID=1974) to work on /home/airflow/.local/lib/python3.12/site-packages/airflow/example_dags/example_dag_decorator.py
[2024-12-02T11:13:43.486+0000] {processor.py:914} INFO - Processing file /home/airflow/.local/lib/python3.12/site-packages/airflow/example_dags/example_dag_decorator.py for tasks to queue
[2024-12-02T11:13:43.488+0000] {logging_mixin.py:190} INFO - [2024-12-02T11:13:43.488+0000] {dagbag.py:588} INFO - Filling up the DagBag from /home/airflow/.local/lib/python3.12/site-packages/airflow/example_dags/example_dag_decorator.py
[2024-12-02T11:13:43.505+0000] {processor.py:925} INFO - DAG(s) 'example_dag_decorator' retrieved from /home/airflow/.local/lib/python3.12/site-packages/airflow/example_dags/example_dag_decorator.py
[2024-12-02T11:13:43.630+0000] {logging_mixin.py:190} INFO - [2024-12-02T11:13:43.629+0000] {dag.py:3239} INFO - Sync 1 DAGs
[2024-12-02T11:13:43.638+0000] {logging_mixin.py:190} INFO - [2024-12-02T11:13:43.638+0000] {dag.py:4180} INFO - Setting next_dagrun for example_dag_decorator to None, run_after=None
[2024-12-02T11:13:43.656+0000] {processor.py:208} INFO - Processing /home/airflow/.local/lib/python3.12/site-packages/airflow/example_dags/example_dag_decorator.py took 0.176 seconds
[2024-12-02T11:14:14.143+0000] {processor.py:186} INFO - Started process (PID=2040) to work on /home/airflow/.local/lib/python3.12/site-packages/airflow/example_dags/example_dag_decorator.py
[2024-12-02T11:14:14.143+0000] {processor.py:914} INFO - Processing file /home/airflow/.local/lib/python3.12/site-packages/airflow/example_dags/example_dag_decorator.py for tasks to queue
[2024-12-02T11:14:14.145+0000] {logging_mixin.py:190} INFO - [2024-12-02T11:14:14.145+0000] {dagbag.py:588} INFO - Filling up the DagBag from /home/airflow/.local/lib/python3.12/site-packages/airflow/example_dags/example_dag_decorator.py
[2024-12-02T11:14:14.153+0000] {processor.py:925} INFO - DAG(s) 'example_dag_decorator' retrieved from /home/airflow/.local/lib/python3.12/site-packages/airflow/example_dags/example_dag_decorator.py
[2024-12-02T11:14:14.235+0000] {logging_mixin.py:190} INFO - [2024-12-02T11:14:14.235+0000] {dag.py:3239} INFO - Sync 1 DAGs
[2024-12-02T11:14:14.243+0000] {logging_mixin.py:190} INFO - [2024-12-02T11:14:14.243+0000] {dag.py:4180} INFO - Setting next_dagrun for example_dag_decorator to None, run_after=None
[2024-12-02T11:14:14.321+0000] {processor.py:208} INFO - Processing /home/airflow/.local/lib/python3.12/site-packages/airflow/example_dags/example_dag_decorator.py took 0.182 seconds
[2024-12-02T11:14:44.508+0000] {processor.py:186} INFO - Started process (PID=2105) to work on /home/airflow/.local/lib/python3.12/site-packages/airflow/example_dags/example_dag_decorator.py
[2024-12-02T11:14:44.509+0000] {processor.py:914} INFO - Processing file /home/airflow/.local/lib/python3.12/site-packages/airflow/example_dags/example_dag_decorator.py for tasks to queue
[2024-12-02T11:14:44.511+0000] {logging_mixin.py:190} INFO - [2024-12-02T11:14:44.511+0000] {dagbag.py:588} INFO - Filling up the DagBag from /home/airflow/.local/lib/python3.12/site-packages/airflow/example_dags/example_dag_decorator.py
[2024-12-02T11:14:44.521+0000] {processor.py:925} INFO - DAG(s) 'example_dag_decorator' retrieved from /home/airflow/.local/lib/python3.12/site-packages/airflow/example_dags/example_dag_decorator.py
[2024-12-02T11:14:44.629+0000] {logging_mixin.py:190} INFO - [2024-12-02T11:14:44.628+0000] {dag.py:3239} INFO - Sync 1 DAGs
[2024-12-02T11:14:44.641+0000] {logging_mixin.py:190} INFO - [2024-12-02T11:14:44.640+0000] {dag.py:4180} INFO - Setting next_dagrun for example_dag_decorator to None, run_after=None
[2024-12-02T11:14:44.719+0000] {processor.py:208} INFO - Processing /home/airflow/.local/lib/python3.12/site-packages/airflow/example_dags/example_dag_decorator.py took 0.216 seconds
[2024-12-02T11:15:16.814+0000] {processor.py:186} INFO - Started process (PID=2168) to work on /home/airflow/.local/lib/python3.12/site-packages/airflow/example_dags/example_dag_decorator.py
[2024-12-02T11:15:16.814+0000] {processor.py:914} INFO - Processing file /home/airflow/.local/lib/python3.12/site-packages/airflow/example_dags/example_dag_decorator.py for tasks to queue
[2024-12-02T11:15:16.816+0000] {logging_mixin.py:190} INFO - [2024-12-02T11:15:16.816+0000] {dagbag.py:588} INFO - Filling up the DagBag from /home/airflow/.local/lib/python3.12/site-packages/airflow/example_dags/example_dag_decorator.py
[2024-12-02T11:15:16.834+0000] {processor.py:925} INFO - DAG(s) 'example_dag_decorator' retrieved from /home/airflow/.local/lib/python3.12/site-packages/airflow/example_dags/example_dag_decorator.py
[2024-12-02T11:15:17.018+0000] {logging_mixin.py:190} INFO - [2024-12-02T11:15:17.018+0000] {dag.py:3239} INFO - Sync 1 DAGs
[2024-12-02T11:15:17.029+0000] {logging_mixin.py:190} INFO - [2024-12-02T11:15:17.028+0000] {dag.py:4180} INFO - Setting next_dagrun for example_dag_decorator to None, run_after=None
[2024-12-02T11:15:17.071+0000] {processor.py:208} INFO - Processing /home/airflow/.local/lib/python3.12/site-packages/airflow/example_dags/example_dag_decorator.py took 0.262 seconds
[2024-12-02T11:15:47.191+0000] {processor.py:186} INFO - Started process (PID=2233) to work on /home/airflow/.local/lib/python3.12/site-packages/airflow/example_dags/example_dag_decorator.py
[2024-12-02T11:15:47.193+0000] {processor.py:914} INFO - Processing file /home/airflow/.local/lib/python3.12/site-packages/airflow/example_dags/example_dag_decorator.py for tasks to queue
[2024-12-02T11:15:47.194+0000] {logging_mixin.py:190} INFO - [2024-12-02T11:15:47.194+0000] {dagbag.py:588} INFO - Filling up the DagBag from /home/airflow/.local/lib/python3.12/site-packages/airflow/example_dags/example_dag_decorator.py
[2024-12-02T11:15:47.202+0000] {processor.py:925} INFO - DAG(s) 'example_dag_decorator' retrieved from /home/airflow/.local/lib/python3.12/site-packages/airflow/example_dags/example_dag_decorator.py
[2024-12-02T11:15:47.271+0000] {logging_mixin.py:190} INFO - [2024-12-02T11:15:47.271+0000] {dag.py:3239} INFO - Sync 1 DAGs
[2024-12-02T11:15:47.280+0000] {logging_mixin.py:190} INFO - [2024-12-02T11:15:47.280+0000] {dag.py:4180} INFO - Setting next_dagrun for example_dag_decorator to None, run_after=None
[2024-12-02T11:15:47.295+0000] {processor.py:208} INFO - Processing /home/airflow/.local/lib/python3.12/site-packages/airflow/example_dags/example_dag_decorator.py took 0.108 seconds
[2024-12-02T11:16:18.033+0000] {processor.py:186} INFO - Started process (PID=2298) to work on /home/airflow/.local/lib/python3.12/site-packages/airflow/example_dags/example_dag_decorator.py
[2024-12-02T11:16:18.034+0000] {processor.py:914} INFO - Processing file /home/airflow/.local/lib/python3.12/site-packages/airflow/example_dags/example_dag_decorator.py for tasks to queue
[2024-12-02T11:16:18.034+0000] {logging_mixin.py:190} INFO - [2024-12-02T11:16:18.034+0000] {dagbag.py:588} INFO - Filling up the DagBag from /home/airflow/.local/lib/python3.12/site-packages/airflow/example_dags/example_dag_decorator.py
[2024-12-02T11:16:18.043+0000] {processor.py:925} INFO - DAG(s) 'example_dag_decorator' retrieved from /home/airflow/.local/lib/python3.12/site-packages/airflow/example_dags/example_dag_decorator.py
[2024-12-02T11:16:18.133+0000] {logging_mixin.py:190} INFO - [2024-12-02T11:16:18.132+0000] {dag.py:3239} INFO - Sync 1 DAGs
[2024-12-02T11:16:18.141+0000] {logging_mixin.py:190} INFO - [2024-12-02T11:16:18.141+0000] {dag.py:4180} INFO - Setting next_dagrun for example_dag_decorator to None, run_after=None
[2024-12-02T11:16:18.158+0000] {processor.py:208} INFO - Processing /home/airflow/.local/lib/python3.12/site-packages/airflow/example_dags/example_dag_decorator.py took 0.129 seconds
[2024-12-02T11:16:48.177+0000] {processor.py:186} INFO - Started process (PID=2361) to work on /home/airflow/.local/lib/python3.12/site-packages/airflow/example_dags/example_dag_decorator.py
[2024-12-02T11:16:48.179+0000] {processor.py:914} INFO - Processing file /home/airflow/.local/lib/python3.12/site-packages/airflow/example_dags/example_dag_decorator.py for tasks to queue
[2024-12-02T11:16:48.180+0000] {logging_mixin.py:190} INFO - [2024-12-02T11:16:48.180+0000] {dagbag.py:588} INFO - Filling up the DagBag from /home/airflow/.local/lib/python3.12/site-packages/airflow/example_dags/example_dag_decorator.py
[2024-12-02T11:16:48.189+0000] {processor.py:925} INFO - DAG(s) 'example_dag_decorator' retrieved from /home/airflow/.local/lib/python3.12/site-packages/airflow/example_dags/example_dag_decorator.py
[2024-12-02T11:16:48.274+0000] {logging_mixin.py:190} INFO - [2024-12-02T11:16:48.274+0000] {dag.py:3239} INFO - Sync 1 DAGs
[2024-12-02T11:16:48.283+0000] {logging_mixin.py:190} INFO - [2024-12-02T11:16:48.283+0000] {dag.py:4180} INFO - Setting next_dagrun for example_dag_decorator to None, run_after=None
[2024-12-02T11:16:48.296+0000] {processor.py:208} INFO - Processing /home/airflow/.local/lib/python3.12/site-packages/airflow/example_dags/example_dag_decorator.py took 0.123 seconds
[2024-12-02T11:17:18.428+0000] {processor.py:186} INFO - Started process (PID=2425) to work on /home/airflow/.local/lib/python3.12/site-packages/airflow/example_dags/example_dag_decorator.py
[2024-12-02T11:17:18.430+0000] {processor.py:914} INFO - Processing file /home/airflow/.local/lib/python3.12/site-packages/airflow/example_dags/example_dag_decorator.py for tasks to queue
[2024-12-02T11:17:18.431+0000] {logging_mixin.py:190} INFO - [2024-12-02T11:17:18.431+0000] {dagbag.py:588} INFO - Filling up the DagBag from /home/airflow/.local/lib/python3.12/site-packages/airflow/example_dags/example_dag_decorator.py
[2024-12-02T11:17:18.445+0000] {processor.py:925} INFO - DAG(s) 'example_dag_decorator' retrieved from /home/airflow/.local/lib/python3.12/site-packages/airflow/example_dags/example_dag_decorator.py
[2024-12-02T11:17:18.572+0000] {logging_mixin.py:190} INFO - [2024-12-02T11:17:18.572+0000] {dag.py:3239} INFO - Sync 1 DAGs
[2024-12-02T11:17:18.585+0000] {logging_mixin.py:190} INFO - [2024-12-02T11:17:18.585+0000] {dag.py:4180} INFO - Setting next_dagrun for example_dag_decorator to None, run_after=None
[2024-12-02T11:17:18.602+0000] {processor.py:208} INFO - Processing /home/airflow/.local/lib/python3.12/site-packages/airflow/example_dags/example_dag_decorator.py took 0.179 seconds
[2024-12-02T11:17:49.440+0000] {processor.py:186} INFO - Started process (PID=2489) to work on /home/airflow/.local/lib/python3.12/site-packages/airflow/example_dags/example_dag_decorator.py
[2024-12-02T11:17:49.440+0000] {processor.py:914} INFO - Processing file /home/airflow/.local/lib/python3.12/site-packages/airflow/example_dags/example_dag_decorator.py for tasks to queue
[2024-12-02T11:17:49.441+0000] {logging_mixin.py:190} INFO - [2024-12-02T11:17:49.441+0000] {dagbag.py:588} INFO - Filling up the DagBag from /home/airflow/.local/lib/python3.12/site-packages/airflow/example_dags/example_dag_decorator.py
[2024-12-02T11:17:49.478+0000] {processor.py:925} INFO - DAG(s) 'example_dag_decorator' retrieved from /home/airflow/.local/lib/python3.12/site-packages/airflow/example_dags/example_dag_decorator.py
[2024-12-02T11:17:49.707+0000] {logging_mixin.py:190} INFO - [2024-12-02T11:17:49.707+0000] {dag.py:3239} INFO - Sync 1 DAGs
[2024-12-02T11:17:49.719+0000] {logging_mixin.py:190} INFO - [2024-12-02T11:17:49.719+0000] {dag.py:4180} INFO - Setting next_dagrun for example_dag_decorator to None, run_after=None
[2024-12-02T11:17:49.740+0000] {processor.py:208} INFO - Processing /home/airflow/.local/lib/python3.12/site-packages/airflow/example_dags/example_dag_decorator.py took 0.305 seconds
[2024-12-02T11:18:20.488+0000] {processor.py:186} INFO - Started process (PID=2554) to work on /home/airflow/.local/lib/python3.12/site-packages/airflow/example_dags/example_dag_decorator.py
[2024-12-02T11:18:20.489+0000] {processor.py:914} INFO - Processing file /home/airflow/.local/lib/python3.12/site-packages/airflow/example_dags/example_dag_decorator.py for tasks to queue
[2024-12-02T11:18:20.490+0000] {logging_mixin.py:190} INFO - [2024-12-02T11:18:20.490+0000] {dagbag.py:588} INFO - Filling up the DagBag from /home/airflow/.local/lib/python3.12/site-packages/airflow/example_dags/example_dag_decorator.py
[2024-12-02T11:18:20.500+0000] {processor.py:925} INFO - DAG(s) 'example_dag_decorator' retrieved from /home/airflow/.local/lib/python3.12/site-packages/airflow/example_dags/example_dag_decorator.py
[2024-12-02T11:18:20.584+0000] {logging_mixin.py:190} INFO - [2024-12-02T11:18:20.584+0000] {dag.py:3239} INFO - Sync 1 DAGs
[2024-12-02T11:18:20.593+0000] {logging_mixin.py:190} INFO - [2024-12-02T11:18:20.592+0000] {dag.py:4180} INFO - Setting next_dagrun for example_dag_decorator to None, run_after=None
[2024-12-02T11:18:20.605+0000] {processor.py:208} INFO - Processing /home/airflow/.local/lib/python3.12/site-packages/airflow/example_dags/example_dag_decorator.py took 0.122 seconds
[2024-12-02T11:18:51.365+0000] {processor.py:186} INFO - Started process (PID=2619) to work on /home/airflow/.local/lib/python3.12/site-packages/airflow/example_dags/example_dag_decorator.py
[2024-12-02T11:18:51.367+0000] {processor.py:914} INFO - Processing file /home/airflow/.local/lib/python3.12/site-packages/airflow/example_dags/example_dag_decorator.py for tasks to queue
[2024-12-02T11:18:51.367+0000] {logging_mixin.py:190} INFO - [2024-12-02T11:18:51.367+0000] {dagbag.py:588} INFO - Filling up the DagBag from /home/airflow/.local/lib/python3.12/site-packages/airflow/example_dags/example_dag_decorator.py
[2024-12-02T11:18:51.377+0000] {processor.py:925} INFO - DAG(s) 'example_dag_decorator' retrieved from /home/airflow/.local/lib/python3.12/site-packages/airflow/example_dags/example_dag_decorator.py
[2024-12-02T11:18:51.474+0000] {logging_mixin.py:190} INFO - [2024-12-02T11:18:51.474+0000] {dag.py:3239} INFO - Sync 1 DAGs
[2024-12-02T11:18:51.485+0000] {logging_mixin.py:190} INFO - [2024-12-02T11:18:51.485+0000] {dag.py:4180} INFO - Setting next_dagrun for example_dag_decorator to None, run_after=None
[2024-12-02T11:18:51.504+0000] {processor.py:208} INFO - Processing /home/airflow/.local/lib/python3.12/site-packages/airflow/example_dags/example_dag_decorator.py took 0.143 seconds
[2024-12-02T11:19:22.903+0000] {processor.py:186} INFO - Started process (PID=2684) to work on /home/airflow/.local/lib/python3.12/site-packages/airflow/example_dags/example_dag_decorator.py
[2024-12-02T11:19:22.910+0000] {processor.py:914} INFO - Processing file /home/airflow/.local/lib/python3.12/site-packages/airflow/example_dags/example_dag_decorator.py for tasks to queue
[2024-12-02T11:19:22.911+0000] {logging_mixin.py:190} INFO - [2024-12-02T11:19:22.911+0000] {dagbag.py:588} INFO - Filling up the DagBag from /home/airflow/.local/lib/python3.12/site-packages/airflow/example_dags/example_dag_decorator.py
[2024-12-02T11:19:22.934+0000] {processor.py:925} INFO - DAG(s) 'example_dag_decorator' retrieved from /home/airflow/.local/lib/python3.12/site-packages/airflow/example_dags/example_dag_decorator.py
[2024-12-02T11:19:23.052+0000] {logging_mixin.py:190} INFO - [2024-12-02T11:19:23.052+0000] {dag.py:3239} INFO - Sync 1 DAGs
[2024-12-02T11:19:23.069+0000] {logging_mixin.py:190} INFO - [2024-12-02T11:19:23.069+0000] {dag.py:4180} INFO - Setting next_dagrun for example_dag_decorator to None, run_after=None
[2024-12-02T11:19:23.095+0000] {processor.py:208} INFO - Processing /home/airflow/.local/lib/python3.12/site-packages/airflow/example_dags/example_dag_decorator.py took 0.195 seconds
[2024-12-02T11:19:57.576+0000] {processor.py:186} INFO - Started process (PID=2750) to work on /home/airflow/.local/lib/python3.12/site-packages/airflow/example_dags/example_dag_decorator.py
[2024-12-02T11:19:57.583+0000] {processor.py:914} INFO - Processing file /home/airflow/.local/lib/python3.12/site-packages/airflow/example_dags/example_dag_decorator.py for tasks to queue
[2024-12-02T11:19:57.584+0000] {logging_mixin.py:190} INFO - [2024-12-02T11:19:57.584+0000] {dagbag.py:588} INFO - Filling up the DagBag from /home/airflow/.local/lib/python3.12/site-packages/airflow/example_dags/example_dag_decorator.py
[2024-12-02T11:19:57.620+0000] {processor.py:925} INFO - DAG(s) 'example_dag_decorator' retrieved from /home/airflow/.local/lib/python3.12/site-packages/airflow/example_dags/example_dag_decorator.py
[2024-12-02T11:19:57.716+0000] {logging_mixin.py:190} INFO - [2024-12-02T11:19:57.715+0000] {dag.py:3239} INFO - Sync 1 DAGs
[2024-12-02T11:19:58.003+0000] {logging_mixin.py:190} INFO - [2024-12-02T11:19:58.003+0000] {dag.py:4180} INFO - Setting next_dagrun for example_dag_decorator to None, run_after=None
[2024-12-02T11:19:58.042+0000] {processor.py:208} INFO - Processing /home/airflow/.local/lib/python3.12/site-packages/airflow/example_dags/example_dag_decorator.py took 0.479 seconds
