[2024-12-02T10:20:14.230+0000] {processor.py:186} INFO - Started process (PID=128) to work on /home/airflow/.local/lib/python3.12/site-packages/airflow/example_dags/example_complex.py
[2024-12-02T10:20:14.231+0000] {processor.py:914} INFO - Processing file /home/airflow/.local/lib/python3.12/site-packages/airflow/example_dags/example_complex.py for tasks to queue
[2024-12-02T10:20:14.259+0000] {logging_mixin.py:190} INFO - [2024-12-02T10:20:14.258+0000] {dagbag.py:588} INFO - Filling up the DagBag from /home/airflow/.local/lib/python3.12/site-packages/airflow/example_dags/example_complex.py
[2024-12-02T10:20:14.539+0000] {processor.py:925} INFO - DAG(s) 'example_complex' retrieved from /home/airflow/.local/lib/python3.12/site-packages/airflow/example_dags/example_complex.py
[2024-12-02T10:36:27.786+0000] {processor.py:186} INFO - Started process (PID=78) to work on /home/airflow/.local/lib/python3.12/site-packages/airflow/example_dags/example_complex.py
[2024-12-02T10:36:27.807+0000] {processor.py:914} INFO - Processing file /home/airflow/.local/lib/python3.12/site-packages/airflow/example_dags/example_complex.py for tasks to queue
[2024-12-02T10:36:27.809+0000] {logging_mixin.py:190} INFO - [2024-12-02T10:36:27.808+0000] {dagbag.py:588} INFO - Filling up the DagBag from /home/airflow/.local/lib/python3.12/site-packages/airflow/example_dags/example_complex.py
[2024-12-02T10:36:27.857+0000] {processor.py:925} INFO - DAG(s) 'example_complex' retrieved from /home/airflow/.local/lib/python3.12/site-packages/airflow/example_dags/example_complex.py
[2024-12-02T10:36:28.221+0000] {logging_mixin.py:190} INFO - [2024-12-02T10:36:28.221+0000] {override.py:1911} INFO - Created Permission View: can read on DAG:example_complex
[2024-12-02T10:36:28.240+0000] {logging_mixin.py:190} INFO - [2024-12-02T10:36:28.240+0000] {override.py:1911} INFO - Created Permission View: can edit on DAG:example_complex
[2024-12-02T10:36:28.261+0000] {logging_mixin.py:190} INFO - [2024-12-02T10:36:28.261+0000] {override.py:1911} INFO - Created Permission View: can delete on DAG:example_complex
[2024-12-02T10:36:28.269+0000] {logging_mixin.py:190} INFO - [2024-12-02T10:36:28.269+0000] {override.py:1911} INFO - Created Permission View: can read on DAG Run:example_complex
[2024-12-02T10:36:28.280+0000] {logging_mixin.py:190} INFO - [2024-12-02T10:36:28.279+0000] {override.py:1911} INFO - Created Permission View: menu access on DAG Run:example_complex
[2024-12-02T10:36:28.315+0000] {logging_mixin.py:190} INFO - [2024-12-02T10:36:28.314+0000] {override.py:1911} INFO - Created Permission View: can create on DAG Run:example_complex
[2024-12-02T10:36:28.351+0000] {logging_mixin.py:190} INFO - [2024-12-02T10:36:28.351+0000] {override.py:1911} INFO - Created Permission View: can delete on DAG Run:example_complex
[2024-12-02T10:36:28.351+0000] {logging_mixin.py:190} INFO - [2024-12-02T10:36:28.351+0000] {dag.py:3239} INFO - Sync 1 DAGs
[2024-12-02T10:36:28.401+0000] {logging_mixin.py:190} INFO - [2024-12-02T10:36:28.401+0000] {dag.py:3262} INFO - Creating ORM DAG for example_complex
[2024-12-02T10:36:28.405+0000] {logging_mixin.py:190} INFO - [2024-12-02T10:36:28.405+0000] {dag.py:4180} INFO - Setting next_dagrun for example_complex to None, run_after=None
[2024-12-02T10:36:28.499+0000] {processor.py:208} INFO - Processing /home/airflow/.local/lib/python3.12/site-packages/airflow/example_dags/example_complex.py took 0.719 seconds
[2024-12-02T10:38:20.272+0000] {processor.py:186} INFO - Started process (PID=85) to work on /home/airflow/.local/lib/python3.12/site-packages/airflow/example_dags/example_complex.py
[2024-12-02T10:38:20.281+0000] {processor.py:914} INFO - Processing file /home/airflow/.local/lib/python3.12/site-packages/airflow/example_dags/example_complex.py for tasks to queue
[2024-12-02T10:38:20.283+0000] {logging_mixin.py:190} INFO - [2024-12-02T10:38:20.283+0000] {dagbag.py:588} INFO - Filling up the DagBag from /home/airflow/.local/lib/python3.12/site-packages/airflow/example_dags/example_complex.py
[2024-12-02T10:38:20.346+0000] {processor.py:925} INFO - DAG(s) 'example_complex' retrieved from /home/airflow/.local/lib/python3.12/site-packages/airflow/example_dags/example_complex.py
[2024-12-02T10:38:20.646+0000] {logging_mixin.py:190} INFO - [2024-12-02T10:38:20.646+0000] {dag.py:3239} INFO - Sync 1 DAGs
[2024-12-02T10:38:20.740+0000] {logging_mixin.py:190} INFO - [2024-12-02T10:38:20.739+0000] {dag.py:4180} INFO - Setting next_dagrun for example_complex to None, run_after=None
[2024-12-02T10:38:20.892+0000] {processor.py:208} INFO - Processing /home/airflow/.local/lib/python3.12/site-packages/airflow/example_dags/example_complex.py took 0.666 seconds
[2024-12-02T10:38:50.959+0000] {processor.py:186} INFO - Started process (PID=149) to work on /home/airflow/.local/lib/python3.12/site-packages/airflow/example_dags/example_complex.py
[2024-12-02T10:38:50.961+0000] {processor.py:914} INFO - Processing file /home/airflow/.local/lib/python3.12/site-packages/airflow/example_dags/example_complex.py for tasks to queue
[2024-12-02T10:38:50.963+0000] {logging_mixin.py:190} INFO - [2024-12-02T10:38:50.963+0000] {dagbag.py:588} INFO - Filling up the DagBag from /home/airflow/.local/lib/python3.12/site-packages/airflow/example_dags/example_complex.py
[2024-12-02T10:38:50.973+0000] {processor.py:925} INFO - DAG(s) 'example_complex' retrieved from /home/airflow/.local/lib/python3.12/site-packages/airflow/example_dags/example_complex.py
[2024-12-02T10:38:50.997+0000] {logging_mixin.py:190} INFO - [2024-12-02T10:38:50.997+0000] {dag.py:3239} INFO - Sync 1 DAGs
[2024-12-02T10:38:51.010+0000] {logging_mixin.py:190} INFO - [2024-12-02T10:38:51.010+0000] {dag.py:4180} INFO - Setting next_dagrun for example_complex to None, run_after=None
[2024-12-02T10:38:51.029+0000] {processor.py:208} INFO - Processing /home/airflow/.local/lib/python3.12/site-packages/airflow/example_dags/example_complex.py took 0.074 seconds
[2024-12-02T10:39:21.132+0000] {processor.py:186} INFO - Started process (PID=212) to work on /home/airflow/.local/lib/python3.12/site-packages/airflow/example_dags/example_complex.py
[2024-12-02T10:39:21.133+0000] {processor.py:914} INFO - Processing file /home/airflow/.local/lib/python3.12/site-packages/airflow/example_dags/example_complex.py for tasks to queue
[2024-12-02T10:39:21.135+0000] {logging_mixin.py:190} INFO - [2024-12-02T10:39:21.135+0000] {dagbag.py:588} INFO - Filling up the DagBag from /home/airflow/.local/lib/python3.12/site-packages/airflow/example_dags/example_complex.py
[2024-12-02T10:39:21.144+0000] {processor.py:925} INFO - DAG(s) 'example_complex' retrieved from /home/airflow/.local/lib/python3.12/site-packages/airflow/example_dags/example_complex.py
[2024-12-02T10:39:21.168+0000] {logging_mixin.py:190} INFO - [2024-12-02T10:39:21.168+0000] {dag.py:3239} INFO - Sync 1 DAGs
[2024-12-02T10:39:21.178+0000] {logging_mixin.py:190} INFO - [2024-12-02T10:39:21.178+0000] {dag.py:4180} INFO - Setting next_dagrun for example_complex to None, run_after=None
[2024-12-02T10:39:21.195+0000] {processor.py:208} INFO - Processing /home/airflow/.local/lib/python3.12/site-packages/airflow/example_dags/example_complex.py took 0.067 seconds
[2024-12-02T10:39:54.542+0000] {processor.py:186} INFO - Started process (PID=276) to work on /home/airflow/.local/lib/python3.12/site-packages/airflow/example_dags/example_complex.py
[2024-12-02T10:39:54.560+0000] {processor.py:914} INFO - Processing file /home/airflow/.local/lib/python3.12/site-packages/airflow/example_dags/example_complex.py for tasks to queue
[2024-12-02T10:39:54.563+0000] {logging_mixin.py:190} INFO - [2024-12-02T10:39:54.562+0000] {dagbag.py:588} INFO - Filling up the DagBag from /home/airflow/.local/lib/python3.12/site-packages/airflow/example_dags/example_complex.py
[2024-12-02T10:39:54.586+0000] {processor.py:925} INFO - DAG(s) 'example_complex' retrieved from /home/airflow/.local/lib/python3.12/site-packages/airflow/example_dags/example_complex.py
[2024-12-02T10:39:54.629+0000] {logging_mixin.py:190} INFO - [2024-12-02T10:39:54.629+0000] {dag.py:3239} INFO - Sync 1 DAGs
[2024-12-02T10:39:54.646+0000] {logging_mixin.py:190} INFO - [2024-12-02T10:39:54.646+0000] {dag.py:4180} INFO - Setting next_dagrun for example_complex to None, run_after=None
[2024-12-02T10:39:54.694+0000] {processor.py:208} INFO - Processing /home/airflow/.local/lib/python3.12/site-packages/airflow/example_dags/example_complex.py took 0.161 seconds
[2024-12-02T10:40:32.014+0000] {processor.py:186} INFO - Started process (PID=341) to work on /home/airflow/.local/lib/python3.12/site-packages/airflow/example_dags/example_complex.py
[2024-12-02T10:40:32.028+0000] {processor.py:914} INFO - Processing file /home/airflow/.local/lib/python3.12/site-packages/airflow/example_dags/example_complex.py for tasks to queue
[2024-12-02T10:40:32.031+0000] {logging_mixin.py:190} INFO - [2024-12-02T10:40:32.031+0000] {dagbag.py:588} INFO - Filling up the DagBag from /home/airflow/.local/lib/python3.12/site-packages/airflow/example_dags/example_complex.py
[2024-12-02T10:40:32.099+0000] {processor.py:925} INFO - DAG(s) 'example_complex' retrieved from /home/airflow/.local/lib/python3.12/site-packages/airflow/example_dags/example_complex.py
[2024-12-02T10:40:32.187+0000] {logging_mixin.py:190} INFO - [2024-12-02T10:40:32.187+0000] {dag.py:3239} INFO - Sync 1 DAGs
[2024-12-02T10:40:32.216+0000] {logging_mixin.py:190} INFO - [2024-12-02T10:40:32.215+0000] {dag.py:4180} INFO - Setting next_dagrun for example_complex to None, run_after=None
[2024-12-02T10:40:32.338+0000] {processor.py:208} INFO - Processing /home/airflow/.local/lib/python3.12/site-packages/airflow/example_dags/example_complex.py took 0.348 seconds
[2024-12-02T10:42:08.651+0000] {processor.py:186} INFO - Started process (PID=79) to work on /home/airflow/.local/lib/python3.12/site-packages/airflow/example_dags/example_complex.py
[2024-12-02T10:42:08.659+0000] {processor.py:914} INFO - Processing file /home/airflow/.local/lib/python3.12/site-packages/airflow/example_dags/example_complex.py for tasks to queue
[2024-12-02T10:42:08.665+0000] {logging_mixin.py:190} INFO - [2024-12-02T10:42:08.664+0000] {dagbag.py:588} INFO - Filling up the DagBag from /home/airflow/.local/lib/python3.12/site-packages/airflow/example_dags/example_complex.py
[2024-12-02T10:42:08.718+0000] {processor.py:925} INFO - DAG(s) 'example_complex' retrieved from /home/airflow/.local/lib/python3.12/site-packages/airflow/example_dags/example_complex.py
[2024-12-02T10:42:08.829+0000] {logging_mixin.py:190} INFO - [2024-12-02T10:42:08.829+0000] {dag.py:3239} INFO - Sync 1 DAGs
[2024-12-02T10:42:08.869+0000] {logging_mixin.py:190} INFO - [2024-12-02T10:42:08.869+0000] {dag.py:4180} INFO - Setting next_dagrun for example_complex to None, run_after=None
[2024-12-02T10:42:08.923+0000] {processor.py:208} INFO - Processing /home/airflow/.local/lib/python3.12/site-packages/airflow/example_dags/example_complex.py took 0.278 seconds
[2024-12-02T10:42:42.222+0000] {processor.py:186} INFO - Started process (PID=142) to work on /home/airflow/.local/lib/python3.12/site-packages/airflow/example_dags/example_complex.py
[2024-12-02T10:42:42.225+0000] {processor.py:914} INFO - Processing file /home/airflow/.local/lib/python3.12/site-packages/airflow/example_dags/example_complex.py for tasks to queue
[2024-12-02T10:42:42.227+0000] {logging_mixin.py:190} INFO - [2024-12-02T10:42:42.226+0000] {dagbag.py:588} INFO - Filling up the DagBag from /home/airflow/.local/lib/python3.12/site-packages/airflow/example_dags/example_complex.py
[2024-12-02T10:42:42.238+0000] {processor.py:925} INFO - DAG(s) 'example_complex' retrieved from /home/airflow/.local/lib/python3.12/site-packages/airflow/example_dags/example_complex.py
[2024-12-02T10:42:42.289+0000] {logging_mixin.py:190} INFO - [2024-12-02T10:42:42.289+0000] {dag.py:3239} INFO - Sync 1 DAGs
[2024-12-02T10:42:42.310+0000] {logging_mixin.py:190} INFO - [2024-12-02T10:42:42.309+0000] {dag.py:4180} INFO - Setting next_dagrun for example_complex to None, run_after=None
[2024-12-02T10:42:42.356+0000] {processor.py:208} INFO - Processing /home/airflow/.local/lib/python3.12/site-packages/airflow/example_dags/example_complex.py took 0.151 seconds
[2024-12-02T10:43:12.496+0000] {processor.py:186} INFO - Started process (PID=205) to work on /home/airflow/.local/lib/python3.12/site-packages/airflow/example_dags/example_complex.py
[2024-12-02T10:43:12.496+0000] {processor.py:914} INFO - Processing file /home/airflow/.local/lib/python3.12/site-packages/airflow/example_dags/example_complex.py for tasks to queue
[2024-12-02T10:43:12.498+0000] {logging_mixin.py:190} INFO - [2024-12-02T10:43:12.498+0000] {dagbag.py:588} INFO - Filling up the DagBag from /home/airflow/.local/lib/python3.12/site-packages/airflow/example_dags/example_complex.py
[2024-12-02T10:43:12.507+0000] {processor.py:925} INFO - DAG(s) 'example_complex' retrieved from /home/airflow/.local/lib/python3.12/site-packages/airflow/example_dags/example_complex.py
[2024-12-02T10:43:12.527+0000] {logging_mixin.py:190} INFO - [2024-12-02T10:43:12.527+0000] {dag.py:3239} INFO - Sync 1 DAGs
[2024-12-02T10:43:12.538+0000] {logging_mixin.py:190} INFO - [2024-12-02T10:43:12.537+0000] {dag.py:4180} INFO - Setting next_dagrun for example_complex to None, run_after=None
[2024-12-02T10:43:12.553+0000] {processor.py:208} INFO - Processing /home/airflow/.local/lib/python3.12/site-packages/airflow/example_dags/example_complex.py took 0.064 seconds
[2024-12-02T10:43:43.377+0000] {processor.py:186} INFO - Started process (PID=268) to work on /home/airflow/.local/lib/python3.12/site-packages/airflow/example_dags/example_complex.py
[2024-12-02T10:43:43.379+0000] {processor.py:914} INFO - Processing file /home/airflow/.local/lib/python3.12/site-packages/airflow/example_dags/example_complex.py for tasks to queue
[2024-12-02T10:43:43.381+0000] {logging_mixin.py:190} INFO - [2024-12-02T10:43:43.381+0000] {dagbag.py:588} INFO - Filling up the DagBag from /home/airflow/.local/lib/python3.12/site-packages/airflow/example_dags/example_complex.py
[2024-12-02T10:43:43.390+0000] {processor.py:925} INFO - DAG(s) 'example_complex' retrieved from /home/airflow/.local/lib/python3.12/site-packages/airflow/example_dags/example_complex.py
[2024-12-02T10:43:43.416+0000] {logging_mixin.py:190} INFO - [2024-12-02T10:43:43.416+0000] {dag.py:3239} INFO - Sync 1 DAGs
[2024-12-02T10:43:43.432+0000] {logging_mixin.py:190} INFO - [2024-12-02T10:43:43.432+0000] {dag.py:4180} INFO - Setting next_dagrun for example_complex to None, run_after=None
[2024-12-02T10:43:43.447+0000] {processor.py:208} INFO - Processing /home/airflow/.local/lib/python3.12/site-packages/airflow/example_dags/example_complex.py took 0.075 seconds
[2024-12-02T10:44:13.863+0000] {processor.py:186} INFO - Started process (PID=332) to work on /home/airflow/.local/lib/python3.12/site-packages/airflow/example_dags/example_complex.py
[2024-12-02T10:44:13.864+0000] {processor.py:914} INFO - Processing file /home/airflow/.local/lib/python3.12/site-packages/airflow/example_dags/example_complex.py for tasks to queue
[2024-12-02T10:44:13.866+0000] {logging_mixin.py:190} INFO - [2024-12-02T10:44:13.866+0000] {dagbag.py:588} INFO - Filling up the DagBag from /home/airflow/.local/lib/python3.12/site-packages/airflow/example_dags/example_complex.py
[2024-12-02T10:44:13.876+0000] {processor.py:925} INFO - DAG(s) 'example_complex' retrieved from /home/airflow/.local/lib/python3.12/site-packages/airflow/example_dags/example_complex.py
[2024-12-02T10:44:13.908+0000] {logging_mixin.py:190} INFO - [2024-12-02T10:44:13.908+0000] {dag.py:3239} INFO - Sync 1 DAGs
[2024-12-02T10:44:13.919+0000] {logging_mixin.py:190} INFO - [2024-12-02T10:44:13.919+0000] {dag.py:4180} INFO - Setting next_dagrun for example_complex to None, run_after=None
[2024-12-02T10:44:13.943+0000] {processor.py:208} INFO - Processing /home/airflow/.local/lib/python3.12/site-packages/airflow/example_dags/example_complex.py took 0.084 seconds
[2024-12-02T10:44:44.029+0000] {processor.py:186} INFO - Started process (PID=390) to work on /home/airflow/.local/lib/python3.12/site-packages/airflow/example_dags/example_complex.py
[2024-12-02T10:44:44.031+0000] {processor.py:914} INFO - Processing file /home/airflow/.local/lib/python3.12/site-packages/airflow/example_dags/example_complex.py for tasks to queue
[2024-12-02T10:44:44.033+0000] {logging_mixin.py:190} INFO - [2024-12-02T10:44:44.033+0000] {dagbag.py:588} INFO - Filling up the DagBag from /home/airflow/.local/lib/python3.12/site-packages/airflow/example_dags/example_complex.py
[2024-12-02T10:44:44.054+0000] {processor.py:925} INFO - DAG(s) 'example_complex' retrieved from /home/airflow/.local/lib/python3.12/site-packages/airflow/example_dags/example_complex.py
[2024-12-02T10:44:44.079+0000] {logging_mixin.py:190} INFO - [2024-12-02T10:44:44.079+0000] {dag.py:3239} INFO - Sync 1 DAGs
[2024-12-02T10:44:44.089+0000] {logging_mixin.py:190} INFO - [2024-12-02T10:44:44.089+0000] {dag.py:4180} INFO - Setting next_dagrun for example_complex to None, run_after=None
[2024-12-02T10:44:44.105+0000] {processor.py:208} INFO - Processing /home/airflow/.local/lib/python3.12/site-packages/airflow/example_dags/example_complex.py took 0.080 seconds
[2024-12-02T10:45:14.437+0000] {processor.py:186} INFO - Started process (PID=455) to work on /home/airflow/.local/lib/python3.12/site-packages/airflow/example_dags/example_complex.py
[2024-12-02T10:45:14.437+0000] {processor.py:914} INFO - Processing file /home/airflow/.local/lib/python3.12/site-packages/airflow/example_dags/example_complex.py for tasks to queue
[2024-12-02T10:45:14.439+0000] {logging_mixin.py:190} INFO - [2024-12-02T10:45:14.439+0000] {dagbag.py:588} INFO - Filling up the DagBag from /home/airflow/.local/lib/python3.12/site-packages/airflow/example_dags/example_complex.py
[2024-12-02T10:45:14.447+0000] {processor.py:925} INFO - DAG(s) 'example_complex' retrieved from /home/airflow/.local/lib/python3.12/site-packages/airflow/example_dags/example_complex.py
[2024-12-02T10:45:14.471+0000] {logging_mixin.py:190} INFO - [2024-12-02T10:45:14.470+0000] {dag.py:3239} INFO - Sync 1 DAGs
[2024-12-02T10:45:14.480+0000] {logging_mixin.py:190} INFO - [2024-12-02T10:45:14.480+0000] {dag.py:4180} INFO - Setting next_dagrun for example_complex to None, run_after=None
[2024-12-02T10:45:14.492+0000] {processor.py:208} INFO - Processing /home/airflow/.local/lib/python3.12/site-packages/airflow/example_dags/example_complex.py took 0.060 seconds
[2024-12-02T10:45:44.745+0000] {processor.py:186} INFO - Started process (PID=519) to work on /home/airflow/.local/lib/python3.12/site-packages/airflow/example_dags/example_complex.py
[2024-12-02T10:45:44.756+0000] {processor.py:914} INFO - Processing file /home/airflow/.local/lib/python3.12/site-packages/airflow/example_dags/example_complex.py for tasks to queue
[2024-12-02T10:45:44.758+0000] {logging_mixin.py:190} INFO - [2024-12-02T10:45:44.758+0000] {dagbag.py:588} INFO - Filling up the DagBag from /home/airflow/.local/lib/python3.12/site-packages/airflow/example_dags/example_complex.py
[2024-12-02T10:45:44.767+0000] {processor.py:925} INFO - DAG(s) 'example_complex' retrieved from /home/airflow/.local/lib/python3.12/site-packages/airflow/example_dags/example_complex.py
[2024-12-02T10:45:44.820+0000] {logging_mixin.py:190} INFO - [2024-12-02T10:45:44.820+0000] {dag.py:3239} INFO - Sync 1 DAGs
[2024-12-02T10:45:44.833+0000] {logging_mixin.py:190} INFO - [2024-12-02T10:45:44.833+0000] {dag.py:4180} INFO - Setting next_dagrun for example_complex to None, run_after=None
[2024-12-02T10:45:44.859+0000] {processor.py:208} INFO - Processing /home/airflow/.local/lib/python3.12/site-packages/airflow/example_dags/example_complex.py took 0.119 seconds
[2024-12-02T10:46:16.286+0000] {processor.py:186} INFO - Started process (PID=583) to work on /home/airflow/.local/lib/python3.12/site-packages/airflow/example_dags/example_complex.py
[2024-12-02T10:46:16.288+0000] {processor.py:914} INFO - Processing file /home/airflow/.local/lib/python3.12/site-packages/airflow/example_dags/example_complex.py for tasks to queue
[2024-12-02T10:46:16.324+0000] {logging_mixin.py:190} INFO - [2024-12-02T10:46:16.311+0000] {dagbag.py:588} INFO - Filling up the DagBag from /home/airflow/.local/lib/python3.12/site-packages/airflow/example_dags/example_complex.py
[2024-12-02T10:46:16.343+0000] {processor.py:925} INFO - DAG(s) 'example_complex' retrieved from /home/airflow/.local/lib/python3.12/site-packages/airflow/example_dags/example_complex.py
[2024-12-02T10:46:16.455+0000] {logging_mixin.py:190} INFO - [2024-12-02T10:46:16.454+0000] {dag.py:3239} INFO - Sync 1 DAGs
[2024-12-02T10:46:16.486+0000] {logging_mixin.py:190} INFO - [2024-12-02T10:46:16.486+0000] {dag.py:4180} INFO - Setting next_dagrun for example_complex to None, run_after=None
[2024-12-02T10:46:16.564+0000] {processor.py:208} INFO - Processing /home/airflow/.local/lib/python3.12/site-packages/airflow/example_dags/example_complex.py took 0.303 seconds
[2024-12-02T10:46:50.119+0000] {processor.py:186} INFO - Started process (PID=635) to work on /home/airflow/.local/lib/python3.12/site-packages/airflow/example_dags/example_complex.py
[2024-12-02T10:46:50.122+0000] {processor.py:914} INFO - Processing file /home/airflow/.local/lib/python3.12/site-packages/airflow/example_dags/example_complex.py for tasks to queue
[2024-12-02T10:46:50.124+0000] {logging_mixin.py:190} INFO - [2024-12-02T10:46:50.124+0000] {dagbag.py:588} INFO - Filling up the DagBag from /home/airflow/.local/lib/python3.12/site-packages/airflow/example_dags/example_complex.py
[2024-12-02T10:46:50.135+0000] {processor.py:925} INFO - DAG(s) 'example_complex' retrieved from /home/airflow/.local/lib/python3.12/site-packages/airflow/example_dags/example_complex.py
[2024-12-02T10:46:50.175+0000] {logging_mixin.py:190} INFO - [2024-12-02T10:46:50.175+0000] {dag.py:3239} INFO - Sync 1 DAGs
[2024-12-02T10:46:50.199+0000] {logging_mixin.py:190} INFO - [2024-12-02T10:46:50.199+0000] {dag.py:4180} INFO - Setting next_dagrun for example_complex to None, run_after=None
[2024-12-02T10:46:50.227+0000] {processor.py:208} INFO - Processing /home/airflow/.local/lib/python3.12/site-packages/airflow/example_dags/example_complex.py took 0.124 seconds
[2024-12-02T10:58:15.038+0000] {processor.py:186} INFO - Started process (PID=85) to work on /home/airflow/.local/lib/python3.12/site-packages/airflow/example_dags/example_complex.py
[2024-12-02T10:58:15.043+0000] {processor.py:914} INFO - Processing file /home/airflow/.local/lib/python3.12/site-packages/airflow/example_dags/example_complex.py for tasks to queue
[2024-12-02T10:58:15.058+0000] {logging_mixin.py:190} INFO - [2024-12-02T10:58:15.057+0000] {dagbag.py:588} INFO - Filling up the DagBag from /home/airflow/.local/lib/python3.12/site-packages/airflow/example_dags/example_complex.py
[2024-12-02T10:58:15.102+0000] {processor.py:925} INFO - DAG(s) 'example_complex' retrieved from /home/airflow/.local/lib/python3.12/site-packages/airflow/example_dags/example_complex.py
[2024-12-02T10:58:15.297+0000] {logging_mixin.py:190} INFO - [2024-12-02T10:58:15.296+0000] {dag.py:3239} INFO - Sync 1 DAGs
[2024-12-02T10:58:15.399+0000] {logging_mixin.py:190} INFO - [2024-12-02T10:58:15.399+0000] {dag.py:4180} INFO - Setting next_dagrun for example_complex to None, run_after=None
[2024-12-02T10:58:15.499+0000] {processor.py:208} INFO - Processing /home/airflow/.local/lib/python3.12/site-packages/airflow/example_dags/example_complex.py took 0.490 seconds
[2024-12-02T10:58:46.135+0000] {processor.py:186} INFO - Started process (PID=149) to work on /home/airflow/.local/lib/python3.12/site-packages/airflow/example_dags/example_complex.py
[2024-12-02T10:58:46.145+0000] {processor.py:914} INFO - Processing file /home/airflow/.local/lib/python3.12/site-packages/airflow/example_dags/example_complex.py for tasks to queue
[2024-12-02T10:58:46.148+0000] {logging_mixin.py:190} INFO - [2024-12-02T10:58:46.147+0000] {dagbag.py:588} INFO - Filling up the DagBag from /home/airflow/.local/lib/python3.12/site-packages/airflow/example_dags/example_complex.py
[2024-12-02T10:58:46.218+0000] {processor.py:925} INFO - DAG(s) 'example_complex' retrieved from /home/airflow/.local/lib/python3.12/site-packages/airflow/example_dags/example_complex.py
[2024-12-02T10:58:46.334+0000] {logging_mixin.py:190} INFO - [2024-12-02T10:58:46.333+0000] {dag.py:3239} INFO - Sync 1 DAGs
[2024-12-02T10:58:46.389+0000] {logging_mixin.py:190} INFO - [2024-12-02T10:58:46.388+0000] {dag.py:4180} INFO - Setting next_dagrun for example_complex to None, run_after=None
[2024-12-02T10:58:46.477+0000] {processor.py:208} INFO - Processing /home/airflow/.local/lib/python3.12/site-packages/airflow/example_dags/example_complex.py took 0.369 seconds
[2024-12-02T10:59:17.251+0000] {processor.py:186} INFO - Started process (PID=212) to work on /home/airflow/.local/lib/python3.12/site-packages/airflow/example_dags/example_complex.py
[2024-12-02T10:59:17.262+0000] {processor.py:914} INFO - Processing file /home/airflow/.local/lib/python3.12/site-packages/airflow/example_dags/example_complex.py for tasks to queue
[2024-12-02T10:59:17.264+0000] {logging_mixin.py:190} INFO - [2024-12-02T10:59:17.264+0000] {dagbag.py:588} INFO - Filling up the DagBag from /home/airflow/.local/lib/python3.12/site-packages/airflow/example_dags/example_complex.py
[2024-12-02T10:59:17.283+0000] {processor.py:925} INFO - DAG(s) 'example_complex' retrieved from /home/airflow/.local/lib/python3.12/site-packages/airflow/example_dags/example_complex.py
[2024-12-02T10:59:17.336+0000] {logging_mixin.py:190} INFO - [2024-12-02T10:59:17.336+0000] {dag.py:3239} INFO - Sync 1 DAGs
[2024-12-02T10:59:17.360+0000] {logging_mixin.py:190} INFO - [2024-12-02T10:59:17.360+0000] {dag.py:4180} INFO - Setting next_dagrun for example_complex to None, run_after=None
[2024-12-02T10:59:17.393+0000] {processor.py:208} INFO - Processing /home/airflow/.local/lib/python3.12/site-packages/airflow/example_dags/example_complex.py took 0.157 seconds
[2024-12-02T10:59:47.473+0000] {processor.py:186} INFO - Started process (PID=277) to work on /home/airflow/.local/lib/python3.12/site-packages/airflow/example_dags/example_complex.py
[2024-12-02T10:59:47.476+0000] {processor.py:914} INFO - Processing file /home/airflow/.local/lib/python3.12/site-packages/airflow/example_dags/example_complex.py for tasks to queue
[2024-12-02T10:59:47.483+0000] {logging_mixin.py:190} INFO - [2024-12-02T10:59:47.482+0000] {dagbag.py:588} INFO - Filling up the DagBag from /home/airflow/.local/lib/python3.12/site-packages/airflow/example_dags/example_complex.py
[2024-12-02T10:59:47.510+0000] {processor.py:925} INFO - DAG(s) 'example_complex' retrieved from /home/airflow/.local/lib/python3.12/site-packages/airflow/example_dags/example_complex.py
[2024-12-02T10:59:47.543+0000] {logging_mixin.py:190} INFO - [2024-12-02T10:59:47.542+0000] {dag.py:3239} INFO - Sync 1 DAGs
[2024-12-02T10:59:47.574+0000] {logging_mixin.py:190} INFO - [2024-12-02T10:59:47.573+0000] {dag.py:4180} INFO - Setting next_dagrun for example_complex to None, run_after=None
[2024-12-02T10:59:47.604+0000] {processor.py:208} INFO - Processing /home/airflow/.local/lib/python3.12/site-packages/airflow/example_dags/example_complex.py took 0.138 seconds
[2024-12-02T11:00:18.008+0000] {processor.py:186} INFO - Started process (PID=339) to work on /home/airflow/.local/lib/python3.12/site-packages/airflow/example_dags/example_complex.py
[2024-12-02T11:00:18.008+0000] {processor.py:914} INFO - Processing file /home/airflow/.local/lib/python3.12/site-packages/airflow/example_dags/example_complex.py for tasks to queue
[2024-12-02T11:00:18.010+0000] {logging_mixin.py:190} INFO - [2024-12-02T11:00:18.010+0000] {dagbag.py:588} INFO - Filling up the DagBag from /home/airflow/.local/lib/python3.12/site-packages/airflow/example_dags/example_complex.py
[2024-12-02T11:00:18.018+0000] {processor.py:925} INFO - DAG(s) 'example_complex' retrieved from /home/airflow/.local/lib/python3.12/site-packages/airflow/example_dags/example_complex.py
[2024-12-02T11:00:18.039+0000] {logging_mixin.py:190} INFO - [2024-12-02T11:00:18.039+0000] {dag.py:3239} INFO - Sync 1 DAGs
[2024-12-02T11:00:18.049+0000] {logging_mixin.py:190} INFO - [2024-12-02T11:00:18.049+0000] {dag.py:4180} INFO - Setting next_dagrun for example_complex to None, run_after=None
[2024-12-02T11:00:18.066+0000] {processor.py:208} INFO - Processing /home/airflow/.local/lib/python3.12/site-packages/airflow/example_dags/example_complex.py took 0.062 seconds
[2024-12-02T11:00:51.145+0000] {processor.py:186} INFO - Started process (PID=403) to work on /home/airflow/.local/lib/python3.12/site-packages/airflow/example_dags/example_complex.py
[2024-12-02T11:00:51.151+0000] {processor.py:914} INFO - Processing file /home/airflow/.local/lib/python3.12/site-packages/airflow/example_dags/example_complex.py for tasks to queue
[2024-12-02T11:00:51.153+0000] {logging_mixin.py:190} INFO - [2024-12-02T11:00:51.153+0000] {dagbag.py:588} INFO - Filling up the DagBag from /home/airflow/.local/lib/python3.12/site-packages/airflow/example_dags/example_complex.py
[2024-12-02T11:00:51.167+0000] {processor.py:925} INFO - DAG(s) 'example_complex' retrieved from /home/airflow/.local/lib/python3.12/site-packages/airflow/example_dags/example_complex.py
[2024-12-02T11:00:51.225+0000] {logging_mixin.py:190} INFO - [2024-12-02T11:00:51.224+0000] {dag.py:3239} INFO - Sync 1 DAGs
[2024-12-02T11:00:51.245+0000] {logging_mixin.py:190} INFO - [2024-12-02T11:00:51.245+0000] {dag.py:4180} INFO - Setting next_dagrun for example_complex to None, run_after=None
[2024-12-02T11:00:51.298+0000] {processor.py:208} INFO - Processing /home/airflow/.local/lib/python3.12/site-packages/airflow/example_dags/example_complex.py took 0.164 seconds
[2024-12-02T11:01:21.825+0000] {processor.py:186} INFO - Started process (PID=467) to work on /home/airflow/.local/lib/python3.12/site-packages/airflow/example_dags/example_complex.py
[2024-12-02T11:01:21.826+0000] {processor.py:914} INFO - Processing file /home/airflow/.local/lib/python3.12/site-packages/airflow/example_dags/example_complex.py for tasks to queue
[2024-12-02T11:01:21.827+0000] {logging_mixin.py:190} INFO - [2024-12-02T11:01:21.827+0000] {dagbag.py:588} INFO - Filling up the DagBag from /home/airflow/.local/lib/python3.12/site-packages/airflow/example_dags/example_complex.py
[2024-12-02T11:01:21.856+0000] {processor.py:925} INFO - DAG(s) 'example_complex' retrieved from /home/airflow/.local/lib/python3.12/site-packages/airflow/example_dags/example_complex.py
[2024-12-02T11:01:21.885+0000] {logging_mixin.py:190} INFO - [2024-12-02T11:01:21.885+0000] {dag.py:3239} INFO - Sync 1 DAGs
[2024-12-02T11:01:21.898+0000] {logging_mixin.py:190} INFO - [2024-12-02T11:01:21.898+0000] {dag.py:4180} INFO - Setting next_dagrun for example_complex to None, run_after=None
[2024-12-02T11:01:21.931+0000] {processor.py:208} INFO - Processing /home/airflow/.local/lib/python3.12/site-packages/airflow/example_dags/example_complex.py took 0.120 seconds
[2024-12-02T11:01:52.423+0000] {processor.py:186} INFO - Started process (PID=531) to work on /home/airflow/.local/lib/python3.12/site-packages/airflow/example_dags/example_complex.py
[2024-12-02T11:01:52.425+0000] {processor.py:914} INFO - Processing file /home/airflow/.local/lib/python3.12/site-packages/airflow/example_dags/example_complex.py for tasks to queue
[2024-12-02T11:01:52.426+0000] {logging_mixin.py:190} INFO - [2024-12-02T11:01:52.426+0000] {dagbag.py:588} INFO - Filling up the DagBag from /home/airflow/.local/lib/python3.12/site-packages/airflow/example_dags/example_complex.py
[2024-12-02T11:01:52.434+0000] {processor.py:925} INFO - DAG(s) 'example_complex' retrieved from /home/airflow/.local/lib/python3.12/site-packages/airflow/example_dags/example_complex.py
[2024-12-02T11:01:52.458+0000] {logging_mixin.py:190} INFO - [2024-12-02T11:01:52.458+0000] {dag.py:3239} INFO - Sync 1 DAGs
[2024-12-02T11:01:52.471+0000] {logging_mixin.py:190} INFO - [2024-12-02T11:01:52.471+0000] {dag.py:4180} INFO - Setting next_dagrun for example_complex to None, run_after=None
[2024-12-02T11:01:52.488+0000] {processor.py:208} INFO - Processing /home/airflow/.local/lib/python3.12/site-packages/airflow/example_dags/example_complex.py took 0.069 seconds
[2024-12-02T11:02:23.079+0000] {processor.py:186} INFO - Started process (PID=594) to work on /home/airflow/.local/lib/python3.12/site-packages/airflow/example_dags/example_complex.py
[2024-12-02T11:02:23.080+0000] {processor.py:914} INFO - Processing file /home/airflow/.local/lib/python3.12/site-packages/airflow/example_dags/example_complex.py for tasks to queue
[2024-12-02T11:02:23.082+0000] {logging_mixin.py:190} INFO - [2024-12-02T11:02:23.081+0000] {dagbag.py:588} INFO - Filling up the DagBag from /home/airflow/.local/lib/python3.12/site-packages/airflow/example_dags/example_complex.py
[2024-12-02T11:02:23.090+0000] {processor.py:925} INFO - DAG(s) 'example_complex' retrieved from /home/airflow/.local/lib/python3.12/site-packages/airflow/example_dags/example_complex.py
[2024-12-02T11:02:23.110+0000] {logging_mixin.py:190} INFO - [2024-12-02T11:02:23.110+0000] {dag.py:3239} INFO - Sync 1 DAGs
[2024-12-02T11:02:23.120+0000] {logging_mixin.py:190} INFO - [2024-12-02T11:02:23.120+0000] {dag.py:4180} INFO - Setting next_dagrun for example_complex to None, run_after=None
[2024-12-02T11:02:23.134+0000] {processor.py:208} INFO - Processing /home/airflow/.local/lib/python3.12/site-packages/airflow/example_dags/example_complex.py took 0.058 seconds
[2024-12-02T11:02:53.596+0000] {processor.py:186} INFO - Started process (PID=657) to work on /home/airflow/.local/lib/python3.12/site-packages/airflow/example_dags/example_complex.py
[2024-12-02T11:02:53.597+0000] {processor.py:914} INFO - Processing file /home/airflow/.local/lib/python3.12/site-packages/airflow/example_dags/example_complex.py for tasks to queue
[2024-12-02T11:02:53.601+0000] {logging_mixin.py:190} INFO - [2024-12-02T11:02:53.601+0000] {dagbag.py:588} INFO - Filling up the DagBag from /home/airflow/.local/lib/python3.12/site-packages/airflow/example_dags/example_complex.py
[2024-12-02T11:02:53.617+0000] {processor.py:925} INFO - DAG(s) 'example_complex' retrieved from /home/airflow/.local/lib/python3.12/site-packages/airflow/example_dags/example_complex.py
[2024-12-02T11:02:53.646+0000] {logging_mixin.py:190} INFO - [2024-12-02T11:02:53.646+0000] {dag.py:3239} INFO - Sync 1 DAGs
[2024-12-02T11:02:53.678+0000] {logging_mixin.py:190} INFO - [2024-12-02T11:02:53.677+0000] {dag.py:4180} INFO - Setting next_dagrun for example_complex to None, run_after=None
[2024-12-02T11:02:53.737+0000] {processor.py:208} INFO - Processing /home/airflow/.local/lib/python3.12/site-packages/airflow/example_dags/example_complex.py took 0.148 seconds
[2024-12-02T11:03:25.842+0000] {processor.py:186} INFO - Started process (PID=722) to work on /home/airflow/.local/lib/python3.12/site-packages/airflow/example_dags/example_complex.py
[2024-12-02T11:03:25.895+0000] {processor.py:914} INFO - Processing file /home/airflow/.local/lib/python3.12/site-packages/airflow/example_dags/example_complex.py for tasks to queue
[2024-12-02T11:03:25.898+0000] {logging_mixin.py:190} INFO - [2024-12-02T11:03:25.897+0000] {dagbag.py:588} INFO - Filling up the DagBag from /home/airflow/.local/lib/python3.12/site-packages/airflow/example_dags/example_complex.py
[2024-12-02T11:03:25.997+0000] {processor.py:925} INFO - DAG(s) 'example_complex' retrieved from /home/airflow/.local/lib/python3.12/site-packages/airflow/example_dags/example_complex.py
[2024-12-02T11:03:26.206+0000] {logging_mixin.py:190} INFO - [2024-12-02T11:03:26.206+0000] {dag.py:3239} INFO - Sync 1 DAGs
[2024-12-02T11:03:26.257+0000] {logging_mixin.py:190} INFO - [2024-12-02T11:03:26.257+0000] {dag.py:4180} INFO - Setting next_dagrun for example_complex to None, run_after=None
[2024-12-02T11:03:26.382+0000] {processor.py:208} INFO - Processing /home/airflow/.local/lib/python3.12/site-packages/airflow/example_dags/example_complex.py took 0.546 seconds
[2024-12-02T11:03:56.766+0000] {processor.py:186} INFO - Started process (PID=786) to work on /home/airflow/.local/lib/python3.12/site-packages/airflow/example_dags/example_complex.py
[2024-12-02T11:03:56.769+0000] {processor.py:914} INFO - Processing file /home/airflow/.local/lib/python3.12/site-packages/airflow/example_dags/example_complex.py for tasks to queue
[2024-12-02T11:03:56.771+0000] {logging_mixin.py:190} INFO - [2024-12-02T11:03:56.771+0000] {dagbag.py:588} INFO - Filling up the DagBag from /home/airflow/.local/lib/python3.12/site-packages/airflow/example_dags/example_complex.py
[2024-12-02T11:03:56.779+0000] {processor.py:925} INFO - DAG(s) 'example_complex' retrieved from /home/airflow/.local/lib/python3.12/site-packages/airflow/example_dags/example_complex.py
[2024-12-02T11:03:56.803+0000] {logging_mixin.py:190} INFO - [2024-12-02T11:03:56.803+0000] {dag.py:3239} INFO - Sync 1 DAGs
[2024-12-02T11:03:56.813+0000] {logging_mixin.py:190} INFO - [2024-12-02T11:03:56.813+0000] {dag.py:4180} INFO - Setting next_dagrun for example_complex to None, run_after=None
[2024-12-02T11:03:56.830+0000] {processor.py:208} INFO - Processing /home/airflow/.local/lib/python3.12/site-packages/airflow/example_dags/example_complex.py took 0.071 seconds
[2024-12-02T11:04:27.984+0000] {processor.py:186} INFO - Started process (PID=844) to work on /home/airflow/.local/lib/python3.12/site-packages/airflow/example_dags/example_complex.py
[2024-12-02T11:04:27.985+0000] {processor.py:914} INFO - Processing file /home/airflow/.local/lib/python3.12/site-packages/airflow/example_dags/example_complex.py for tasks to queue
[2024-12-02T11:04:27.986+0000] {logging_mixin.py:190} INFO - [2024-12-02T11:04:27.986+0000] {dagbag.py:588} INFO - Filling up the DagBag from /home/airflow/.local/lib/python3.12/site-packages/airflow/example_dags/example_complex.py
[2024-12-02T11:04:27.994+0000] {processor.py:925} INFO - DAG(s) 'example_complex' retrieved from /home/airflow/.local/lib/python3.12/site-packages/airflow/example_dags/example_complex.py
[2024-12-02T11:04:28.015+0000] {logging_mixin.py:190} INFO - [2024-12-02T11:04:28.014+0000] {dag.py:3239} INFO - Sync 1 DAGs
[2024-12-02T11:04:28.025+0000] {logging_mixin.py:190} INFO - [2024-12-02T11:04:28.025+0000] {dag.py:4180} INFO - Setting next_dagrun for example_complex to None, run_after=None
[2024-12-02T11:04:28.042+0000] {processor.py:208} INFO - Processing /home/airflow/.local/lib/python3.12/site-packages/airflow/example_dags/example_complex.py took 0.063 seconds
[2024-12-02T11:05:00.775+0000] {processor.py:186} INFO - Started process (PID=886) to work on /home/airflow/.local/lib/python3.12/site-packages/airflow/example_dags/example_complex.py
[2024-12-02T11:05:00.776+0000] {processor.py:914} INFO - Processing file /home/airflow/.local/lib/python3.12/site-packages/airflow/example_dags/example_complex.py for tasks to queue
[2024-12-02T11:05:00.777+0000] {logging_mixin.py:190} INFO - [2024-12-02T11:05:00.777+0000] {dagbag.py:588} INFO - Filling up the DagBag from /home/airflow/.local/lib/python3.12/site-packages/airflow/example_dags/example_complex.py
[2024-12-02T11:05:00.786+0000] {processor.py:925} INFO - DAG(s) 'example_complex' retrieved from /home/airflow/.local/lib/python3.12/site-packages/airflow/example_dags/example_complex.py
[2024-12-02T11:05:00.806+0000] {logging_mixin.py:190} INFO - [2024-12-02T11:05:00.806+0000] {dag.py:3239} INFO - Sync 1 DAGs
[2024-12-02T11:05:00.816+0000] {logging_mixin.py:190} INFO - [2024-12-02T11:05:00.816+0000] {dag.py:4180} INFO - Setting next_dagrun for example_complex to None, run_after=None
[2024-12-02T11:05:00.830+0000] {processor.py:208} INFO - Processing /home/airflow/.local/lib/python3.12/site-packages/airflow/example_dags/example_complex.py took 0.058 seconds
[2024-12-02T11:05:31.559+0000] {processor.py:186} INFO - Started process (PID=950) to work on /home/airflow/.local/lib/python3.12/site-packages/airflow/example_dags/example_complex.py
[2024-12-02T11:05:31.560+0000] {processor.py:914} INFO - Processing file /home/airflow/.local/lib/python3.12/site-packages/airflow/example_dags/example_complex.py for tasks to queue
[2024-12-02T11:05:31.561+0000] {logging_mixin.py:190} INFO - [2024-12-02T11:05:31.561+0000] {dagbag.py:588} INFO - Filling up the DagBag from /home/airflow/.local/lib/python3.12/site-packages/airflow/example_dags/example_complex.py
[2024-12-02T11:05:31.569+0000] {processor.py:925} INFO - DAG(s) 'example_complex' retrieved from /home/airflow/.local/lib/python3.12/site-packages/airflow/example_dags/example_complex.py
[2024-12-02T11:05:31.589+0000] {logging_mixin.py:190} INFO - [2024-12-02T11:05:31.589+0000] {dag.py:3239} INFO - Sync 1 DAGs
[2024-12-02T11:05:31.599+0000] {logging_mixin.py:190} INFO - [2024-12-02T11:05:31.598+0000] {dag.py:4180} INFO - Setting next_dagrun for example_complex to None, run_after=None
[2024-12-02T11:05:31.612+0000] {processor.py:208} INFO - Processing /home/airflow/.local/lib/python3.12/site-packages/airflow/example_dags/example_complex.py took 0.056 seconds
[2024-12-02T11:06:01.948+0000] {processor.py:186} INFO - Started process (PID=1013) to work on /home/airflow/.local/lib/python3.12/site-packages/airflow/example_dags/example_complex.py
[2024-12-02T11:06:01.950+0000] {processor.py:914} INFO - Processing file /home/airflow/.local/lib/python3.12/site-packages/airflow/example_dags/example_complex.py for tasks to queue
[2024-12-02T11:06:01.957+0000] {logging_mixin.py:190} INFO - [2024-12-02T11:06:01.955+0000] {dagbag.py:588} INFO - Filling up the DagBag from /home/airflow/.local/lib/python3.12/site-packages/airflow/example_dags/example_complex.py
[2024-12-02T11:06:01.968+0000] {processor.py:925} INFO - DAG(s) 'example_complex' retrieved from /home/airflow/.local/lib/python3.12/site-packages/airflow/example_dags/example_complex.py
[2024-12-02T11:06:01.992+0000] {logging_mixin.py:190} INFO - [2024-12-02T11:06:01.992+0000] {dag.py:3239} INFO - Sync 1 DAGs
[2024-12-02T11:06:02.001+0000] {logging_mixin.py:190} INFO - [2024-12-02T11:06:02.001+0000] {dag.py:4180} INFO - Setting next_dagrun for example_complex to None, run_after=None
[2024-12-02T11:06:02.016+0000] {processor.py:208} INFO - Processing /home/airflow/.local/lib/python3.12/site-packages/airflow/example_dags/example_complex.py took 0.072 seconds
[2024-12-02T11:06:32.162+0000] {processor.py:186} INFO - Started process (PID=1078) to work on /home/airflow/.local/lib/python3.12/site-packages/airflow/example_dags/example_complex.py
[2024-12-02T11:06:32.162+0000] {processor.py:914} INFO - Processing file /home/airflow/.local/lib/python3.12/site-packages/airflow/example_dags/example_complex.py for tasks to queue
[2024-12-02T11:06:32.164+0000] {logging_mixin.py:190} INFO - [2024-12-02T11:06:32.164+0000] {dagbag.py:588} INFO - Filling up the DagBag from /home/airflow/.local/lib/python3.12/site-packages/airflow/example_dags/example_complex.py
[2024-12-02T11:06:32.172+0000] {processor.py:925} INFO - DAG(s) 'example_complex' retrieved from /home/airflow/.local/lib/python3.12/site-packages/airflow/example_dags/example_complex.py
[2024-12-02T11:06:32.192+0000] {logging_mixin.py:190} INFO - [2024-12-02T11:06:32.192+0000] {dag.py:3239} INFO - Sync 1 DAGs
[2024-12-02T11:06:32.202+0000] {logging_mixin.py:190} INFO - [2024-12-02T11:06:32.201+0000] {dag.py:4180} INFO - Setting next_dagrun for example_complex to None, run_after=None
[2024-12-02T11:06:32.215+0000] {processor.py:208} INFO - Processing /home/airflow/.local/lib/python3.12/site-packages/airflow/example_dags/example_complex.py took 0.058 seconds
[2024-12-02T11:07:03.072+0000] {processor.py:186} INFO - Started process (PID=1141) to work on /home/airflow/.local/lib/python3.12/site-packages/airflow/example_dags/example_complex.py
[2024-12-02T11:07:03.074+0000] {processor.py:914} INFO - Processing file /home/airflow/.local/lib/python3.12/site-packages/airflow/example_dags/example_complex.py for tasks to queue
[2024-12-02T11:07:03.076+0000] {logging_mixin.py:190} INFO - [2024-12-02T11:07:03.076+0000] {dagbag.py:588} INFO - Filling up the DagBag from /home/airflow/.local/lib/python3.12/site-packages/airflow/example_dags/example_complex.py
[2024-12-02T11:07:03.099+0000] {processor.py:925} INFO - DAG(s) 'example_complex' retrieved from /home/airflow/.local/lib/python3.12/site-packages/airflow/example_dags/example_complex.py
[2024-12-02T11:07:03.130+0000] {logging_mixin.py:190} INFO - [2024-12-02T11:07:03.130+0000] {dag.py:3239} INFO - Sync 1 DAGs
[2024-12-02T11:07:03.153+0000] {logging_mixin.py:190} INFO - [2024-12-02T11:07:03.153+0000] {dag.py:4180} INFO - Setting next_dagrun for example_complex to None, run_after=None
[2024-12-02T11:07:03.222+0000] {processor.py:208} INFO - Processing /home/airflow/.local/lib/python3.12/site-packages/airflow/example_dags/example_complex.py took 0.154 seconds
[2024-12-02T11:07:33.848+0000] {processor.py:186} INFO - Started process (PID=1205) to work on /home/airflow/.local/lib/python3.12/site-packages/airflow/example_dags/example_complex.py
[2024-12-02T11:07:33.850+0000] {processor.py:914} INFO - Processing file /home/airflow/.local/lib/python3.12/site-packages/airflow/example_dags/example_complex.py for tasks to queue
[2024-12-02T11:07:33.851+0000] {logging_mixin.py:190} INFO - [2024-12-02T11:07:33.851+0000] {dagbag.py:588} INFO - Filling up the DagBag from /home/airflow/.local/lib/python3.12/site-packages/airflow/example_dags/example_complex.py
[2024-12-02T11:07:33.859+0000] {processor.py:925} INFO - DAG(s) 'example_complex' retrieved from /home/airflow/.local/lib/python3.12/site-packages/airflow/example_dags/example_complex.py
[2024-12-02T11:07:33.879+0000] {logging_mixin.py:190} INFO - [2024-12-02T11:07:33.879+0000] {dag.py:3239} INFO - Sync 1 DAGs
[2024-12-02T11:07:33.890+0000] {logging_mixin.py:190} INFO - [2024-12-02T11:07:33.889+0000] {dag.py:4180} INFO - Setting next_dagrun for example_complex to None, run_after=None
[2024-12-02T11:07:33.904+0000] {processor.py:208} INFO - Processing /home/airflow/.local/lib/python3.12/site-packages/airflow/example_dags/example_complex.py took 0.060 seconds
[2024-12-02T11:08:04.364+0000] {processor.py:186} INFO - Started process (PID=1268) to work on /home/airflow/.local/lib/python3.12/site-packages/airflow/example_dags/example_complex.py
[2024-12-02T11:08:04.365+0000] {processor.py:914} INFO - Processing file /home/airflow/.local/lib/python3.12/site-packages/airflow/example_dags/example_complex.py for tasks to queue
[2024-12-02T11:08:04.369+0000] {logging_mixin.py:190} INFO - [2024-12-02T11:08:04.368+0000] {dagbag.py:588} INFO - Filling up the DagBag from /home/airflow/.local/lib/python3.12/site-packages/airflow/example_dags/example_complex.py
[2024-12-02T11:08:04.377+0000] {processor.py:925} INFO - DAG(s) 'example_complex' retrieved from /home/airflow/.local/lib/python3.12/site-packages/airflow/example_dags/example_complex.py
[2024-12-02T11:08:04.402+0000] {logging_mixin.py:190} INFO - [2024-12-02T11:08:04.401+0000] {dag.py:3239} INFO - Sync 1 DAGs
[2024-12-02T11:08:04.414+0000] {logging_mixin.py:190} INFO - [2024-12-02T11:08:04.414+0000] {dag.py:4180} INFO - Setting next_dagrun for example_complex to None, run_after=None
[2024-12-02T11:08:04.432+0000] {processor.py:208} INFO - Processing /home/airflow/.local/lib/python3.12/site-packages/airflow/example_dags/example_complex.py took 0.072 seconds
[2024-12-02T11:08:34.555+0000] {processor.py:186} INFO - Started process (PID=1332) to work on /home/airflow/.local/lib/python3.12/site-packages/airflow/example_dags/example_complex.py
[2024-12-02T11:08:34.558+0000] {processor.py:914} INFO - Processing file /home/airflow/.local/lib/python3.12/site-packages/airflow/example_dags/example_complex.py for tasks to queue
[2024-12-02T11:08:34.559+0000] {logging_mixin.py:190} INFO - [2024-12-02T11:08:34.559+0000] {dagbag.py:588} INFO - Filling up the DagBag from /home/airflow/.local/lib/python3.12/site-packages/airflow/example_dags/example_complex.py
[2024-12-02T11:08:34.567+0000] {processor.py:925} INFO - DAG(s) 'example_complex' retrieved from /home/airflow/.local/lib/python3.12/site-packages/airflow/example_dags/example_complex.py
[2024-12-02T11:08:34.589+0000] {logging_mixin.py:190} INFO - [2024-12-02T11:08:34.589+0000] {dag.py:3239} INFO - Sync 1 DAGs
[2024-12-02T11:08:34.599+0000] {logging_mixin.py:190} INFO - [2024-12-02T11:08:34.598+0000] {dag.py:4180} INFO - Setting next_dagrun for example_complex to None, run_after=None
[2024-12-02T11:08:34.615+0000] {processor.py:208} INFO - Processing /home/airflow/.local/lib/python3.12/site-packages/airflow/example_dags/example_complex.py took 0.064 seconds
[2024-12-02T11:09:05.427+0000] {processor.py:186} INFO - Started process (PID=1396) to work on /home/airflow/.local/lib/python3.12/site-packages/airflow/example_dags/example_complex.py
[2024-12-02T11:09:05.427+0000] {processor.py:914} INFO - Processing file /home/airflow/.local/lib/python3.12/site-packages/airflow/example_dags/example_complex.py for tasks to queue
[2024-12-02T11:09:05.429+0000] {logging_mixin.py:190} INFO - [2024-12-02T11:09:05.429+0000] {dagbag.py:588} INFO - Filling up the DagBag from /home/airflow/.local/lib/python3.12/site-packages/airflow/example_dags/example_complex.py
[2024-12-02T11:09:05.437+0000] {processor.py:925} INFO - DAG(s) 'example_complex' retrieved from /home/airflow/.local/lib/python3.12/site-packages/airflow/example_dags/example_complex.py
[2024-12-02T11:09:05.471+0000] {logging_mixin.py:190} INFO - [2024-12-02T11:09:05.471+0000] {dag.py:3239} INFO - Sync 1 DAGs
[2024-12-02T11:09:05.483+0000] {logging_mixin.py:190} INFO - [2024-12-02T11:09:05.483+0000] {dag.py:4180} INFO - Setting next_dagrun for example_complex to None, run_after=None
[2024-12-02T11:09:05.498+0000] {processor.py:208} INFO - Processing /home/airflow/.local/lib/python3.12/site-packages/airflow/example_dags/example_complex.py took 0.075 seconds
[2024-12-02T11:09:35.772+0000] {processor.py:186} INFO - Started process (PID=1460) to work on /home/airflow/.local/lib/python3.12/site-packages/airflow/example_dags/example_complex.py
[2024-12-02T11:09:35.784+0000] {processor.py:914} INFO - Processing file /home/airflow/.local/lib/python3.12/site-packages/airflow/example_dags/example_complex.py for tasks to queue
[2024-12-02T11:09:35.786+0000] {logging_mixin.py:190} INFO - [2024-12-02T11:09:35.785+0000] {dagbag.py:588} INFO - Filling up the DagBag from /home/airflow/.local/lib/python3.12/site-packages/airflow/example_dags/example_complex.py
[2024-12-02T11:09:35.802+0000] {processor.py:925} INFO - DAG(s) 'example_complex' retrieved from /home/airflow/.local/lib/python3.12/site-packages/airflow/example_dags/example_complex.py
[2024-12-02T11:09:35.825+0000] {logging_mixin.py:190} INFO - [2024-12-02T11:09:35.825+0000] {dag.py:3239} INFO - Sync 1 DAGs
[2024-12-02T11:09:35.835+0000] {logging_mixin.py:190} INFO - [2024-12-02T11:09:35.835+0000] {dag.py:4180} INFO - Setting next_dagrun for example_complex to None, run_after=None
[2024-12-02T11:09:35.863+0000] {processor.py:208} INFO - Processing /home/airflow/.local/lib/python3.12/site-packages/airflow/example_dags/example_complex.py took 0.095 seconds
[2024-12-02T11:10:06.733+0000] {processor.py:186} INFO - Started process (PID=1523) to work on /home/airflow/.local/lib/python3.12/site-packages/airflow/example_dags/example_complex.py
[2024-12-02T11:10:06.733+0000] {processor.py:914} INFO - Processing file /home/airflow/.local/lib/python3.12/site-packages/airflow/example_dags/example_complex.py for tasks to queue
[2024-12-02T11:10:06.741+0000] {logging_mixin.py:190} INFO - [2024-12-02T11:10:06.735+0000] {dagbag.py:588} INFO - Filling up the DagBag from /home/airflow/.local/lib/python3.12/site-packages/airflow/example_dags/example_complex.py
[2024-12-02T11:10:06.757+0000] {processor.py:925} INFO - DAG(s) 'example_complex' retrieved from /home/airflow/.local/lib/python3.12/site-packages/airflow/example_dags/example_complex.py
[2024-12-02T11:10:06.807+0000] {logging_mixin.py:190} INFO - [2024-12-02T11:10:06.806+0000] {dag.py:3239} INFO - Sync 1 DAGs
[2024-12-02T11:10:06.824+0000] {logging_mixin.py:190} INFO - [2024-12-02T11:10:06.824+0000] {dag.py:4180} INFO - Setting next_dagrun for example_complex to None, run_after=None
[2024-12-02T11:10:06.848+0000] {processor.py:208} INFO - Processing /home/airflow/.local/lib/python3.12/site-packages/airflow/example_dags/example_complex.py took 0.125 seconds
[2024-12-02T11:10:37.666+0000] {processor.py:186} INFO - Started process (PID=1587) to work on /home/airflow/.local/lib/python3.12/site-packages/airflow/example_dags/example_complex.py
[2024-12-02T11:10:37.669+0000] {processor.py:914} INFO - Processing file /home/airflow/.local/lib/python3.12/site-packages/airflow/example_dags/example_complex.py for tasks to queue
[2024-12-02T11:10:37.672+0000] {logging_mixin.py:190} INFO - [2024-12-02T11:10:37.671+0000] {dagbag.py:588} INFO - Filling up the DagBag from /home/airflow/.local/lib/python3.12/site-packages/airflow/example_dags/example_complex.py
[2024-12-02T11:10:37.679+0000] {processor.py:925} INFO - DAG(s) 'example_complex' retrieved from /home/airflow/.local/lib/python3.12/site-packages/airflow/example_dags/example_complex.py
[2024-12-02T11:10:37.702+0000] {logging_mixin.py:190} INFO - [2024-12-02T11:10:37.702+0000] {dag.py:3239} INFO - Sync 1 DAGs
[2024-12-02T11:10:37.714+0000] {logging_mixin.py:190} INFO - [2024-12-02T11:10:37.714+0000] {dag.py:4180} INFO - Setting next_dagrun for example_complex to None, run_after=None
[2024-12-02T11:10:37.731+0000] {processor.py:208} INFO - Processing /home/airflow/.local/lib/python3.12/site-packages/airflow/example_dags/example_complex.py took 0.069 seconds
[2024-12-02T11:11:09.986+0000] {processor.py:186} INFO - Started process (PID=1651) to work on /home/airflow/.local/lib/python3.12/site-packages/airflow/example_dags/example_complex.py
[2024-12-02T11:11:09.987+0000] {processor.py:914} INFO - Processing file /home/airflow/.local/lib/python3.12/site-packages/airflow/example_dags/example_complex.py for tasks to queue
[2024-12-02T11:11:09.989+0000] {logging_mixin.py:190} INFO - [2024-12-02T11:11:09.988+0000] {dagbag.py:588} INFO - Filling up the DagBag from /home/airflow/.local/lib/python3.12/site-packages/airflow/example_dags/example_complex.py
[2024-12-02T11:11:09.996+0000] {processor.py:925} INFO - DAG(s) 'example_complex' retrieved from /home/airflow/.local/lib/python3.12/site-packages/airflow/example_dags/example_complex.py
[2024-12-02T11:11:10.016+0000] {logging_mixin.py:190} INFO - [2024-12-02T11:11:10.016+0000] {dag.py:3239} INFO - Sync 1 DAGs
[2024-12-02T11:11:10.026+0000] {logging_mixin.py:190} INFO - [2024-12-02T11:11:10.026+0000] {dag.py:4180} INFO - Setting next_dagrun for example_complex to None, run_after=None
[2024-12-02T11:11:10.043+0000] {processor.py:208} INFO - Processing /home/airflow/.local/lib/python3.12/site-packages/airflow/example_dags/example_complex.py took 0.060 seconds
[2024-12-02T11:11:40.674+0000] {processor.py:186} INFO - Started process (PID=1716) to work on /home/airflow/.local/lib/python3.12/site-packages/airflow/example_dags/example_complex.py
[2024-12-02T11:11:40.684+0000] {processor.py:914} INFO - Processing file /home/airflow/.local/lib/python3.12/site-packages/airflow/example_dags/example_complex.py for tasks to queue
[2024-12-02T11:11:40.686+0000] {logging_mixin.py:190} INFO - [2024-12-02T11:11:40.686+0000] {dagbag.py:588} INFO - Filling up the DagBag from /home/airflow/.local/lib/python3.12/site-packages/airflow/example_dags/example_complex.py
[2024-12-02T11:11:40.706+0000] {processor.py:925} INFO - DAG(s) 'example_complex' retrieved from /home/airflow/.local/lib/python3.12/site-packages/airflow/example_dags/example_complex.py
[2024-12-02T11:11:40.776+0000] {logging_mixin.py:190} INFO - [2024-12-02T11:11:40.776+0000] {dag.py:3239} INFO - Sync 1 DAGs
[2024-12-02T11:11:40.808+0000] {logging_mixin.py:190} INFO - [2024-12-02T11:11:40.808+0000] {dag.py:4180} INFO - Setting next_dagrun for example_complex to None, run_after=None
[2024-12-02T11:11:40.839+0000] {processor.py:208} INFO - Processing /home/airflow/.local/lib/python3.12/site-packages/airflow/example_dags/example_complex.py took 0.169 seconds
[2024-12-02T11:12:11.157+0000] {processor.py:186} INFO - Started process (PID=1780) to work on /home/airflow/.local/lib/python3.12/site-packages/airflow/example_dags/example_complex.py
[2024-12-02T11:12:11.157+0000] {processor.py:914} INFO - Processing file /home/airflow/.local/lib/python3.12/site-packages/airflow/example_dags/example_complex.py for tasks to queue
[2024-12-02T11:12:11.159+0000] {logging_mixin.py:190} INFO - [2024-12-02T11:12:11.159+0000] {dagbag.py:588} INFO - Filling up the DagBag from /home/airflow/.local/lib/python3.12/site-packages/airflow/example_dags/example_complex.py
[2024-12-02T11:12:11.168+0000] {processor.py:925} INFO - DAG(s) 'example_complex' retrieved from /home/airflow/.local/lib/python3.12/site-packages/airflow/example_dags/example_complex.py
[2024-12-02T11:12:11.191+0000] {logging_mixin.py:190} INFO - [2024-12-02T11:12:11.191+0000] {dag.py:3239} INFO - Sync 1 DAGs
[2024-12-02T11:12:11.202+0000] {logging_mixin.py:190} INFO - [2024-12-02T11:12:11.202+0000] {dag.py:4180} INFO - Setting next_dagrun for example_complex to None, run_after=None
[2024-12-02T11:12:11.217+0000] {processor.py:208} INFO - Processing /home/airflow/.local/lib/python3.12/site-packages/airflow/example_dags/example_complex.py took 0.065 seconds
[2024-12-02T11:12:41.477+0000] {processor.py:186} INFO - Started process (PID=1844) to work on /home/airflow/.local/lib/python3.12/site-packages/airflow/example_dags/example_complex.py
[2024-12-02T11:12:41.479+0000] {processor.py:914} INFO - Processing file /home/airflow/.local/lib/python3.12/site-packages/airflow/example_dags/example_complex.py for tasks to queue
[2024-12-02T11:12:41.480+0000] {logging_mixin.py:190} INFO - [2024-12-02T11:12:41.480+0000] {dagbag.py:588} INFO - Filling up the DagBag from /home/airflow/.local/lib/python3.12/site-packages/airflow/example_dags/example_complex.py
[2024-12-02T11:12:41.488+0000] {processor.py:925} INFO - DAG(s) 'example_complex' retrieved from /home/airflow/.local/lib/python3.12/site-packages/airflow/example_dags/example_complex.py
[2024-12-02T11:12:41.508+0000] {logging_mixin.py:190} INFO - [2024-12-02T11:12:41.508+0000] {dag.py:3239} INFO - Sync 1 DAGs
[2024-12-02T11:12:41.518+0000] {logging_mixin.py:190} INFO - [2024-12-02T11:12:41.518+0000] {dag.py:4180} INFO - Setting next_dagrun for example_complex to None, run_after=None
[2024-12-02T11:12:41.532+0000] {processor.py:208} INFO - Processing /home/airflow/.local/lib/python3.12/site-packages/airflow/example_dags/example_complex.py took 0.059 seconds
[2024-12-02T11:13:11.736+0000] {processor.py:186} INFO - Started process (PID=1903) to work on /home/airflow/.local/lib/python3.12/site-packages/airflow/example_dags/example_complex.py
[2024-12-02T11:13:11.748+0000] {processor.py:914} INFO - Processing file /home/airflow/.local/lib/python3.12/site-packages/airflow/example_dags/example_complex.py for tasks to queue
[2024-12-02T11:13:11.750+0000] {logging_mixin.py:190} INFO - [2024-12-02T11:13:11.750+0000] {dagbag.py:588} INFO - Filling up the DagBag from /home/airflow/.local/lib/python3.12/site-packages/airflow/example_dags/example_complex.py
[2024-12-02T11:13:11.833+0000] {processor.py:925} INFO - DAG(s) 'example_complex' retrieved from /home/airflow/.local/lib/python3.12/site-packages/airflow/example_dags/example_complex.py
[2024-12-02T11:13:11.964+0000] {logging_mixin.py:190} INFO - [2024-12-02T11:13:11.964+0000] {dag.py:3239} INFO - Sync 1 DAGs
[2024-12-02T11:13:12.009+0000] {logging_mixin.py:190} INFO - [2024-12-02T11:13:12.009+0000] {dag.py:4180} INFO - Setting next_dagrun for example_complex to None, run_after=None
[2024-12-02T11:13:12.053+0000] {processor.py:208} INFO - Processing /home/airflow/.local/lib/python3.12/site-packages/airflow/example_dags/example_complex.py took 0.322 seconds
[2024-12-02T11:13:42.097+0000] {processor.py:186} INFO - Started process (PID=1968) to work on /home/airflow/.local/lib/python3.12/site-packages/airflow/example_dags/example_complex.py
[2024-12-02T11:13:42.099+0000] {processor.py:914} INFO - Processing file /home/airflow/.local/lib/python3.12/site-packages/airflow/example_dags/example_complex.py for tasks to queue
[2024-12-02T11:13:42.101+0000] {logging_mixin.py:190} INFO - [2024-12-02T11:13:42.101+0000] {dagbag.py:588} INFO - Filling up the DagBag from /home/airflow/.local/lib/python3.12/site-packages/airflow/example_dags/example_complex.py
[2024-12-02T11:13:42.111+0000] {processor.py:925} INFO - DAG(s) 'example_complex' retrieved from /home/airflow/.local/lib/python3.12/site-packages/airflow/example_dags/example_complex.py
[2024-12-02T11:13:42.131+0000] {logging_mixin.py:190} INFO - [2024-12-02T11:13:42.131+0000] {dag.py:3239} INFO - Sync 1 DAGs
[2024-12-02T11:13:42.143+0000] {logging_mixin.py:190} INFO - [2024-12-02T11:13:42.143+0000] {dag.py:4180} INFO - Setting next_dagrun for example_complex to None, run_after=None
[2024-12-02T11:13:42.162+0000] {processor.py:208} INFO - Processing /home/airflow/.local/lib/python3.12/site-packages/airflow/example_dags/example_complex.py took 0.070 seconds
[2024-12-02T11:14:12.906+0000] {processor.py:186} INFO - Started process (PID=2034) to work on /home/airflow/.local/lib/python3.12/site-packages/airflow/example_dags/example_complex.py
[2024-12-02T11:14:12.907+0000] {processor.py:914} INFO - Processing file /home/airflow/.local/lib/python3.12/site-packages/airflow/example_dags/example_complex.py for tasks to queue
[2024-12-02T11:14:12.909+0000] {logging_mixin.py:190} INFO - [2024-12-02T11:14:12.909+0000] {dagbag.py:588} INFO - Filling up the DagBag from /home/airflow/.local/lib/python3.12/site-packages/airflow/example_dags/example_complex.py
[2024-12-02T11:14:12.919+0000] {processor.py:925} INFO - DAG(s) 'example_complex' retrieved from /home/airflow/.local/lib/python3.12/site-packages/airflow/example_dags/example_complex.py
[2024-12-02T11:14:12.941+0000] {logging_mixin.py:190} INFO - [2024-12-02T11:14:12.940+0000] {dag.py:3239} INFO - Sync 1 DAGs
[2024-12-02T11:14:12.950+0000] {logging_mixin.py:190} INFO - [2024-12-02T11:14:12.950+0000] {dag.py:4180} INFO - Setting next_dagrun for example_complex to None, run_after=None
[2024-12-02T11:14:12.964+0000] {processor.py:208} INFO - Processing /home/airflow/.local/lib/python3.12/site-packages/airflow/example_dags/example_complex.py took 0.062 seconds
[2024-12-02T11:14:43.223+0000] {processor.py:186} INFO - Started process (PID=2099) to work on /home/airflow/.local/lib/python3.12/site-packages/airflow/example_dags/example_complex.py
[2024-12-02T11:14:43.225+0000] {processor.py:914} INFO - Processing file /home/airflow/.local/lib/python3.12/site-packages/airflow/example_dags/example_complex.py for tasks to queue
[2024-12-02T11:14:43.228+0000] {logging_mixin.py:190} INFO - [2024-12-02T11:14:43.227+0000] {dagbag.py:588} INFO - Filling up the DagBag from /home/airflow/.local/lib/python3.12/site-packages/airflow/example_dags/example_complex.py
[2024-12-02T11:14:43.239+0000] {processor.py:925} INFO - DAG(s) 'example_complex' retrieved from /home/airflow/.local/lib/python3.12/site-packages/airflow/example_dags/example_complex.py
[2024-12-02T11:14:43.286+0000] {logging_mixin.py:190} INFO - [2024-12-02T11:14:43.286+0000] {dag.py:3239} INFO - Sync 1 DAGs
[2024-12-02T11:14:43.296+0000] {logging_mixin.py:190} INFO - [2024-12-02T11:14:43.296+0000] {dag.py:4180} INFO - Setting next_dagrun for example_complex to None, run_after=None
[2024-12-02T11:14:43.314+0000] {processor.py:208} INFO - Processing /home/airflow/.local/lib/python3.12/site-packages/airflow/example_dags/example_complex.py took 0.095 seconds
[2024-12-02T11:15:15.874+0000] {processor.py:186} INFO - Started process (PID=2161) to work on /home/airflow/.local/lib/python3.12/site-packages/airflow/example_dags/example_complex.py
[2024-12-02T11:15:15.885+0000] {processor.py:914} INFO - Processing file /home/airflow/.local/lib/python3.12/site-packages/airflow/example_dags/example_complex.py for tasks to queue
[2024-12-02T11:15:15.896+0000] {logging_mixin.py:190} INFO - [2024-12-02T11:15:15.896+0000] {dagbag.py:588} INFO - Filling up the DagBag from /home/airflow/.local/lib/python3.12/site-packages/airflow/example_dags/example_complex.py
[2024-12-02T11:15:15.904+0000] {processor.py:925} INFO - DAG(s) 'example_complex' retrieved from /home/airflow/.local/lib/python3.12/site-packages/airflow/example_dags/example_complex.py
[2024-12-02T11:15:15.948+0000] {logging_mixin.py:190} INFO - [2024-12-02T11:15:15.948+0000] {dag.py:3239} INFO - Sync 1 DAGs
[2024-12-02T11:15:15.966+0000] {logging_mixin.py:190} INFO - [2024-12-02T11:15:15.966+0000] {dag.py:4180} INFO - Setting next_dagrun for example_complex to None, run_after=None
[2024-12-02T11:15:15.998+0000] {processor.py:208} INFO - Processing /home/airflow/.local/lib/python3.12/site-packages/airflow/example_dags/example_complex.py took 0.128 seconds
[2024-12-02T11:15:46.472+0000] {processor.py:186} INFO - Started process (PID=2225) to work on /home/airflow/.local/lib/python3.12/site-packages/airflow/example_dags/example_complex.py
[2024-12-02T11:15:46.472+0000] {processor.py:914} INFO - Processing file /home/airflow/.local/lib/python3.12/site-packages/airflow/example_dags/example_complex.py for tasks to queue
[2024-12-02T11:15:46.473+0000] {logging_mixin.py:190} INFO - [2024-12-02T11:15:46.473+0000] {dagbag.py:588} INFO - Filling up the DagBag from /home/airflow/.local/lib/python3.12/site-packages/airflow/example_dags/example_complex.py
[2024-12-02T11:15:46.484+0000] {processor.py:925} INFO - DAG(s) 'example_complex' retrieved from /home/airflow/.local/lib/python3.12/site-packages/airflow/example_dags/example_complex.py
[2024-12-02T11:15:46.504+0000] {logging_mixin.py:190} INFO - [2024-12-02T11:15:46.503+0000] {dag.py:3239} INFO - Sync 1 DAGs
[2024-12-02T11:15:46.514+0000] {logging_mixin.py:190} INFO - [2024-12-02T11:15:46.514+0000] {dag.py:4180} INFO - Setting next_dagrun for example_complex to None, run_after=None
[2024-12-02T11:15:46.533+0000] {processor.py:208} INFO - Processing /home/airflow/.local/lib/python3.12/site-packages/airflow/example_dags/example_complex.py took 0.065 seconds
[2024-12-02T11:16:16.611+0000] {processor.py:186} INFO - Started process (PID=2290) to work on /home/airflow/.local/lib/python3.12/site-packages/airflow/example_dags/example_complex.py
[2024-12-02T11:16:16.611+0000] {processor.py:914} INFO - Processing file /home/airflow/.local/lib/python3.12/site-packages/airflow/example_dags/example_complex.py for tasks to queue
[2024-12-02T11:16:16.612+0000] {logging_mixin.py:190} INFO - [2024-12-02T11:16:16.612+0000] {dagbag.py:588} INFO - Filling up the DagBag from /home/airflow/.local/lib/python3.12/site-packages/airflow/example_dags/example_complex.py
[2024-12-02T11:16:16.620+0000] {processor.py:925} INFO - DAG(s) 'example_complex' retrieved from /home/airflow/.local/lib/python3.12/site-packages/airflow/example_dags/example_complex.py
[2024-12-02T11:16:16.642+0000] {logging_mixin.py:190} INFO - [2024-12-02T11:16:16.642+0000] {dag.py:3239} INFO - Sync 1 DAGs
[2024-12-02T11:16:16.652+0000] {logging_mixin.py:190} INFO - [2024-12-02T11:16:16.652+0000] {dag.py:4180} INFO - Setting next_dagrun for example_complex to None, run_after=None
[2024-12-02T11:16:16.667+0000] {processor.py:208} INFO - Processing /home/airflow/.local/lib/python3.12/site-packages/airflow/example_dags/example_complex.py took 0.060 seconds
[2024-12-02T11:16:47.561+0000] {processor.py:186} INFO - Started process (PID=2354) to work on /home/airflow/.local/lib/python3.12/site-packages/airflow/example_dags/example_complex.py
[2024-12-02T11:16:47.566+0000] {processor.py:914} INFO - Processing file /home/airflow/.local/lib/python3.12/site-packages/airflow/example_dags/example_complex.py for tasks to queue
[2024-12-02T11:16:47.573+0000] {logging_mixin.py:190} INFO - [2024-12-02T11:16:47.573+0000] {dagbag.py:588} INFO - Filling up the DagBag from /home/airflow/.local/lib/python3.12/site-packages/airflow/example_dags/example_complex.py
[2024-12-02T11:16:47.581+0000] {processor.py:925} INFO - DAG(s) 'example_complex' retrieved from /home/airflow/.local/lib/python3.12/site-packages/airflow/example_dags/example_complex.py
[2024-12-02T11:16:47.614+0000] {logging_mixin.py:190} INFO - [2024-12-02T11:16:47.614+0000] {dag.py:3239} INFO - Sync 1 DAGs
[2024-12-02T11:16:47.637+0000] {logging_mixin.py:190} INFO - [2024-12-02T11:16:47.637+0000] {dag.py:4180} INFO - Setting next_dagrun for example_complex to None, run_after=None
[2024-12-02T11:16:47.673+0000] {processor.py:208} INFO - Processing /home/airflow/.local/lib/python3.12/site-packages/airflow/example_dags/example_complex.py took 0.120 seconds
[2024-12-02T11:17:17.715+0000] {processor.py:186} INFO - Started process (PID=2417) to work on /home/airflow/.local/lib/python3.12/site-packages/airflow/example_dags/example_complex.py
[2024-12-02T11:17:17.717+0000] {processor.py:914} INFO - Processing file /home/airflow/.local/lib/python3.12/site-packages/airflow/example_dags/example_complex.py for tasks to queue
[2024-12-02T11:17:17.718+0000] {logging_mixin.py:190} INFO - [2024-12-02T11:17:17.717+0000] {dagbag.py:588} INFO - Filling up the DagBag from /home/airflow/.local/lib/python3.12/site-packages/airflow/example_dags/example_complex.py
[2024-12-02T11:17:17.725+0000] {processor.py:925} INFO - DAG(s) 'example_complex' retrieved from /home/airflow/.local/lib/python3.12/site-packages/airflow/example_dags/example_complex.py
[2024-12-02T11:17:17.748+0000] {logging_mixin.py:190} INFO - [2024-12-02T11:17:17.748+0000] {dag.py:3239} INFO - Sync 1 DAGs
[2024-12-02T11:17:17.759+0000] {logging_mixin.py:190} INFO - [2024-12-02T11:17:17.759+0000] {dag.py:4180} INFO - Setting next_dagrun for example_complex to None, run_after=None
[2024-12-02T11:17:17.775+0000] {processor.py:208} INFO - Processing /home/airflow/.local/lib/python3.12/site-packages/airflow/example_dags/example_complex.py took 0.065 seconds
[2024-12-02T11:17:47.869+0000] {processor.py:186} INFO - Started process (PID=2481) to work on /home/airflow/.local/lib/python3.12/site-packages/airflow/example_dags/example_complex.py
[2024-12-02T11:17:47.869+0000] {processor.py:914} INFO - Processing file /home/airflow/.local/lib/python3.12/site-packages/airflow/example_dags/example_complex.py for tasks to queue
[2024-12-02T11:17:47.870+0000] {logging_mixin.py:190} INFO - [2024-12-02T11:17:47.870+0000] {dagbag.py:588} INFO - Filling up the DagBag from /home/airflow/.local/lib/python3.12/site-packages/airflow/example_dags/example_complex.py
[2024-12-02T11:17:47.877+0000] {processor.py:925} INFO - DAG(s) 'example_complex' retrieved from /home/airflow/.local/lib/python3.12/site-packages/airflow/example_dags/example_complex.py
[2024-12-02T11:17:47.902+0000] {logging_mixin.py:190} INFO - [2024-12-02T11:17:47.902+0000] {dag.py:3239} INFO - Sync 1 DAGs
[2024-12-02T11:17:47.914+0000] {logging_mixin.py:190} INFO - [2024-12-02T11:17:47.914+0000] {dag.py:4180} INFO - Setting next_dagrun for example_complex to None, run_after=None
[2024-12-02T11:17:47.931+0000] {processor.py:208} INFO - Processing /home/airflow/.local/lib/python3.12/site-packages/airflow/example_dags/example_complex.py took 0.066 seconds
[2024-12-02T11:18:18.224+0000] {processor.py:186} INFO - Started process (PID=2547) to work on /home/airflow/.local/lib/python3.12/site-packages/airflow/example_dags/example_complex.py
[2024-12-02T11:18:18.226+0000] {processor.py:914} INFO - Processing file /home/airflow/.local/lib/python3.12/site-packages/airflow/example_dags/example_complex.py for tasks to queue
[2024-12-02T11:18:18.227+0000] {logging_mixin.py:190} INFO - [2024-12-02T11:18:18.227+0000] {dagbag.py:588} INFO - Filling up the DagBag from /home/airflow/.local/lib/python3.12/site-packages/airflow/example_dags/example_complex.py
[2024-12-02T11:18:18.240+0000] {processor.py:925} INFO - DAG(s) 'example_complex' retrieved from /home/airflow/.local/lib/python3.12/site-packages/airflow/example_dags/example_complex.py
[2024-12-02T11:18:18.263+0000] {logging_mixin.py:190} INFO - [2024-12-02T11:18:18.262+0000] {dag.py:3239} INFO - Sync 1 DAGs
[2024-12-02T11:18:18.273+0000] {logging_mixin.py:190} INFO - [2024-12-02T11:18:18.273+0000] {dag.py:4180} INFO - Setting next_dagrun for example_complex to None, run_after=None
[2024-12-02T11:18:18.291+0000] {processor.py:208} INFO - Processing /home/airflow/.local/lib/python3.12/site-packages/airflow/example_dags/example_complex.py took 0.072 seconds
[2024-12-02T11:18:49.084+0000] {processor.py:186} INFO - Started process (PID=2612) to work on /home/airflow/.local/lib/python3.12/site-packages/airflow/example_dags/example_complex.py
[2024-12-02T11:18:49.084+0000] {processor.py:914} INFO - Processing file /home/airflow/.local/lib/python3.12/site-packages/airflow/example_dags/example_complex.py for tasks to queue
[2024-12-02T11:18:49.085+0000] {logging_mixin.py:190} INFO - [2024-12-02T11:18:49.085+0000] {dagbag.py:588} INFO - Filling up the DagBag from /home/airflow/.local/lib/python3.12/site-packages/airflow/example_dags/example_complex.py
[2024-12-02T11:18:49.094+0000] {processor.py:925} INFO - DAG(s) 'example_complex' retrieved from /home/airflow/.local/lib/python3.12/site-packages/airflow/example_dags/example_complex.py
[2024-12-02T11:18:49.114+0000] {logging_mixin.py:190} INFO - [2024-12-02T11:18:49.114+0000] {dag.py:3239} INFO - Sync 1 DAGs
[2024-12-02T11:18:49.124+0000] {logging_mixin.py:190} INFO - [2024-12-02T11:18:49.124+0000] {dag.py:4180} INFO - Setting next_dagrun for example_complex to None, run_after=None
[2024-12-02T11:18:49.140+0000] {processor.py:208} INFO - Processing /home/airflow/.local/lib/python3.12/site-packages/airflow/example_dags/example_complex.py took 0.061 seconds
[2024-12-02T11:19:22.357+0000] {processor.py:186} INFO - Started process (PID=2677) to work on /home/airflow/.local/lib/python3.12/site-packages/airflow/example_dags/example_complex.py
[2024-12-02T11:19:22.363+0000] {processor.py:914} INFO - Processing file /home/airflow/.local/lib/python3.12/site-packages/airflow/example_dags/example_complex.py for tasks to queue
[2024-12-02T11:19:22.364+0000] {logging_mixin.py:190} INFO - [2024-12-02T11:19:22.364+0000] {dagbag.py:588} INFO - Filling up the DagBag from /home/airflow/.local/lib/python3.12/site-packages/airflow/example_dags/example_complex.py
[2024-12-02T11:19:22.380+0000] {processor.py:925} INFO - DAG(s) 'example_complex' retrieved from /home/airflow/.local/lib/python3.12/site-packages/airflow/example_dags/example_complex.py
[2024-12-02T11:19:22.430+0000] {logging_mixin.py:190} INFO - [2024-12-02T11:19:22.429+0000] {dag.py:3239} INFO - Sync 1 DAGs
[2024-12-02T11:19:22.456+0000] {logging_mixin.py:190} INFO - [2024-12-02T11:19:22.456+0000] {dag.py:4180} INFO - Setting next_dagrun for example_complex to None, run_after=None
[2024-12-02T11:19:22.487+0000] {processor.py:208} INFO - Processing /home/airflow/.local/lib/python3.12/site-packages/airflow/example_dags/example_complex.py took 0.134 seconds
[2024-12-02T11:19:53.158+0000] {processor.py:186} INFO - Started process (PID=2742) to work on /home/airflow/.local/lib/python3.12/site-packages/airflow/example_dags/example_complex.py
[2024-12-02T11:19:53.176+0000] {processor.py:914} INFO - Processing file /home/airflow/.local/lib/python3.12/site-packages/airflow/example_dags/example_complex.py for tasks to queue
[2024-12-02T11:19:53.181+0000] {logging_mixin.py:190} INFO - [2024-12-02T11:19:53.180+0000] {dagbag.py:588} INFO - Filling up the DagBag from /home/airflow/.local/lib/python3.12/site-packages/airflow/example_dags/example_complex.py
[2024-12-02T11:19:53.256+0000] {processor.py:925} INFO - DAG(s) 'example_complex' retrieved from /home/airflow/.local/lib/python3.12/site-packages/airflow/example_dags/example_complex.py
[2024-12-02T11:19:53.397+0000] {logging_mixin.py:190} INFO - [2024-12-02T11:19:53.381+0000] {dag.py:3239} INFO - Sync 1 DAGs
[2024-12-02T11:19:53.442+0000] {logging_mixin.py:190} INFO - [2024-12-02T11:19:53.442+0000] {dag.py:4180} INFO - Setting next_dagrun for example_complex to None, run_after=None
[2024-12-02T11:19:53.482+0000] {processor.py:208} INFO - Processing /home/airflow/.local/lib/python3.12/site-packages/airflow/example_dags/example_complex.py took 0.332 seconds
