[2024-12-02T10:20:12.709+0000] {processor.py:186} INFO - Started process (PID=127) to work on /home/airflow/.local/lib/python3.12/site-packages/airflow/example_dags/example_branch_python_dop_operator_3.py
[2024-12-02T10:20:12.713+0000] {processor.py:914} INFO - Processing file /home/airflow/.local/lib/python3.12/site-packages/airflow/example_dags/example_branch_python_dop_operator_3.py for tasks to queue
[2024-12-02T10:20:12.745+0000] {logging_mixin.py:190} INFO - [2024-12-02T10:20:12.745+0000] {dagbag.py:588} INFO - Filling up the DagBag from /home/airflow/.local/lib/python3.12/site-packages/airflow/example_dags/example_branch_python_dop_operator_3.py
[2024-12-02T10:20:12.937+0000] {processor.py:925} INFO - DAG(s) 'example_branch_dop_operator_v3' retrieved from /home/airflow/.local/lib/python3.12/site-packages/airflow/example_dags/example_branch_python_dop_operator_3.py
[2024-12-02T10:20:14.625+0000] {logging_mixin.py:190} INFO - [2024-12-02T10:20:14.624+0000] {override.py:1911} INFO - Created Permission View: can delete on DAG:example_branch_dop_operator_v3
[2024-12-02T10:20:14.636+0000] {logging_mixin.py:190} INFO - [2024-12-02T10:20:14.636+0000] {override.py:1911} INFO - Created Permission View: can edit on DAG:example_branch_dop_operator_v3
[2024-12-02T10:20:14.642+0000] {logging_mixin.py:190} INFO - [2024-12-02T10:20:14.641+0000] {override.py:1911} INFO - Created Permission View: can read on DAG:example_branch_dop_operator_v3
[2024-12-02T10:20:14.673+0000] {logging_mixin.py:190} INFO - [2024-12-02T10:20:14.672+0000] {override.py:1911} INFO - Created Permission View: menu access on DAG Run:example_branch_dop_operator_v3
[2024-12-02T10:20:14.840+0000] {logging_mixin.py:190} INFO - [2024-12-02T10:20:14.809+0000] {override.py:1911} INFO - Created Permission View: can create on DAG Run:example_branch_dop_operator_v3
[2024-12-02T10:20:14.994+0000] {logging_mixin.py:190} INFO - [2024-12-02T10:20:14.992+0000] {override.py:1911} INFO - Created Permission View: can delete on DAG Run:example_branch_dop_operator_v3
[2024-12-02T10:20:15.271+0000] {logging_mixin.py:190} INFO - [2024-12-02T10:20:15.264+0000] {override.py:1911} INFO - Created Permission View: can read on DAG Run:example_branch_dop_operator_v3
[2024-12-02T10:20:15.272+0000] {logging_mixin.py:190} INFO - [2024-12-02T10:20:15.272+0000] {dag.py:3239} INFO - Sync 1 DAGs
[2024-12-02T10:20:15.397+0000] {logging_mixin.py:190} INFO - [2024-12-02T10:20:15.397+0000] {dag.py:3262} INFO - Creating ORM DAG for example_branch_dop_operator_v3
[2024-12-02T10:20:15.582+0000] {logging_mixin.py:190} INFO - [2024-12-02T10:20:15.582+0000] {dag.py:4180} INFO - Setting next_dagrun for example_branch_dop_operator_v3 to 2024-12-02 10:19:00+00:00, run_after=2024-12-02 10:20:00+00:00
[2024-12-02T10:20:16.422+0000] {processor.py:208} INFO - Processing /home/airflow/.local/lib/python3.12/site-packages/airflow/example_dags/example_branch_python_dop_operator_3.py took 3.810 seconds
[2024-12-02T10:36:27.456+0000] {processor.py:186} INFO - Started process (PID=77) to work on /home/airflow/.local/lib/python3.12/site-packages/airflow/example_dags/example_branch_python_dop_operator_3.py
[2024-12-02T10:36:27.483+0000] {processor.py:914} INFO - Processing file /home/airflow/.local/lib/python3.12/site-packages/airflow/example_dags/example_branch_python_dop_operator_3.py for tasks to queue
[2024-12-02T10:36:27.485+0000] {logging_mixin.py:190} INFO - [2024-12-02T10:36:27.485+0000] {dagbag.py:588} INFO - Filling up the DagBag from /home/airflow/.local/lib/python3.12/site-packages/airflow/example_dags/example_branch_python_dop_operator_3.py
[2024-12-02T10:36:27.528+0000] {processor.py:925} INFO - DAG(s) 'example_branch_dop_operator_v3' retrieved from /home/airflow/.local/lib/python3.12/site-packages/airflow/example_dags/example_branch_python_dop_operator_3.py
[2024-12-02T10:36:27.599+0000] {logging_mixin.py:190} INFO - [2024-12-02T10:36:27.599+0000] {dag.py:3239} INFO - Sync 1 DAGs
[2024-12-02T10:36:27.701+0000] {logging_mixin.py:190} INFO - [2024-12-02T10:36:27.700+0000] {dag.py:4180} INFO - Setting next_dagrun for example_branch_dop_operator_v3 to 2024-12-02 10:35:00+00:00, run_after=2024-12-02 10:36:00+00:00
[2024-12-02T10:36:27.751+0000] {processor.py:208} INFO - Processing /home/airflow/.local/lib/python3.12/site-packages/airflow/example_dags/example_branch_python_dop_operator_3.py took 0.303 seconds
[2024-12-02T10:38:19.657+0000] {processor.py:186} INFO - Started process (PID=84) to work on /home/airflow/.local/lib/python3.12/site-packages/airflow/example_dags/example_branch_python_dop_operator_3.py
[2024-12-02T10:38:19.693+0000] {processor.py:914} INFO - Processing file /home/airflow/.local/lib/python3.12/site-packages/airflow/example_dags/example_branch_python_dop_operator_3.py for tasks to queue
[2024-12-02T10:38:19.702+0000] {logging_mixin.py:190} INFO - [2024-12-02T10:38:19.702+0000] {dagbag.py:588} INFO - Filling up the DagBag from /home/airflow/.local/lib/python3.12/site-packages/airflow/example_dags/example_branch_python_dop_operator_3.py
[2024-12-02T10:38:19.786+0000] {processor.py:925} INFO - DAG(s) 'example_branch_dop_operator_v3' retrieved from /home/airflow/.local/lib/python3.12/site-packages/airflow/example_dags/example_branch_python_dop_operator_3.py
[2024-12-02T10:38:19.938+0000] {logging_mixin.py:190} INFO - [2024-12-02T10:38:19.938+0000] {dag.py:3239} INFO - Sync 1 DAGs
[2024-12-02T10:38:20.067+0000] {logging_mixin.py:190} INFO - [2024-12-02T10:38:20.066+0000] {dag.py:4180} INFO - Setting next_dagrun for example_branch_dop_operator_v3 to 2024-12-02 10:37:00+00:00, run_after=2024-12-02 10:38:00+00:00
[2024-12-02T10:38:20.180+0000] {processor.py:208} INFO - Processing /home/airflow/.local/lib/python3.12/site-packages/airflow/example_dags/example_branch_python_dop_operator_3.py took 0.539 seconds
[2024-12-02T10:38:50.850+0000] {processor.py:186} INFO - Started process (PID=148) to work on /home/airflow/.local/lib/python3.12/site-packages/airflow/example_dags/example_branch_python_dop_operator_3.py
[2024-12-02T10:38:50.853+0000] {processor.py:914} INFO - Processing file /home/airflow/.local/lib/python3.12/site-packages/airflow/example_dags/example_branch_python_dop_operator_3.py for tasks to queue
[2024-12-02T10:38:50.857+0000] {logging_mixin.py:190} INFO - [2024-12-02T10:38:50.856+0000] {dagbag.py:588} INFO - Filling up the DagBag from /home/airflow/.local/lib/python3.12/site-packages/airflow/example_dags/example_branch_python_dop_operator_3.py
[2024-12-02T10:38:50.868+0000] {processor.py:925} INFO - DAG(s) 'example_branch_dop_operator_v3' retrieved from /home/airflow/.local/lib/python3.12/site-packages/airflow/example_dags/example_branch_python_dop_operator_3.py
[2024-12-02T10:38:50.887+0000] {logging_mixin.py:190} INFO - [2024-12-02T10:38:50.887+0000] {dag.py:3239} INFO - Sync 1 DAGs
[2024-12-02T10:38:50.919+0000] {logging_mixin.py:190} INFO - [2024-12-02T10:38:50.919+0000] {dag.py:4180} INFO - Setting next_dagrun for example_branch_dop_operator_v3 to 2024-12-02 10:37:00+00:00, run_after=2024-12-02 10:38:00+00:00
[2024-12-02T10:38:50.935+0000] {processor.py:208} INFO - Processing /home/airflow/.local/lib/python3.12/site-packages/airflow/example_dags/example_branch_python_dop_operator_3.py took 0.091 seconds
[2024-12-02T10:39:21.046+0000] {processor.py:186} INFO - Started process (PID=211) to work on /home/airflow/.local/lib/python3.12/site-packages/airflow/example_dags/example_branch_python_dop_operator_3.py
[2024-12-02T10:39:21.048+0000] {processor.py:914} INFO - Processing file /home/airflow/.local/lib/python3.12/site-packages/airflow/example_dags/example_branch_python_dop_operator_3.py for tasks to queue
[2024-12-02T10:39:21.050+0000] {logging_mixin.py:190} INFO - [2024-12-02T10:39:21.049+0000] {dagbag.py:588} INFO - Filling up the DagBag from /home/airflow/.local/lib/python3.12/site-packages/airflow/example_dags/example_branch_python_dop_operator_3.py
[2024-12-02T10:39:21.058+0000] {processor.py:925} INFO - DAG(s) 'example_branch_dop_operator_v3' retrieved from /home/airflow/.local/lib/python3.12/site-packages/airflow/example_dags/example_branch_python_dop_operator_3.py
[2024-12-02T10:39:21.074+0000] {logging_mixin.py:190} INFO - [2024-12-02T10:39:21.074+0000] {dag.py:3239} INFO - Sync 1 DAGs
[2024-12-02T10:39:21.092+0000] {logging_mixin.py:190} INFO - [2024-12-02T10:39:21.092+0000] {dag.py:4180} INFO - Setting next_dagrun for example_branch_dop_operator_v3 to 2024-12-02 10:38:00+00:00, run_after=2024-12-02 10:39:00+00:00
[2024-12-02T10:39:21.109+0000] {processor.py:208} INFO - Processing /home/airflow/.local/lib/python3.12/site-packages/airflow/example_dags/example_branch_python_dop_operator_3.py took 0.068 seconds
[2024-12-02T10:39:54.379+0000] {processor.py:186} INFO - Started process (PID=275) to work on /home/airflow/.local/lib/python3.12/site-packages/airflow/example_dags/example_branch_python_dop_operator_3.py
[2024-12-02T10:39:54.381+0000] {processor.py:914} INFO - Processing file /home/airflow/.local/lib/python3.12/site-packages/airflow/example_dags/example_branch_python_dop_operator_3.py for tasks to queue
[2024-12-02T10:39:54.383+0000] {logging_mixin.py:190} INFO - [2024-12-02T10:39:54.383+0000] {dagbag.py:588} INFO - Filling up the DagBag from /home/airflow/.local/lib/python3.12/site-packages/airflow/example_dags/example_branch_python_dop_operator_3.py
[2024-12-02T10:39:54.480+0000] {processor.py:925} INFO - DAG(s) 'example_branch_dop_operator_v3' retrieved from /home/airflow/.local/lib/python3.12/site-packages/airflow/example_dags/example_branch_python_dop_operator_3.py
[2024-12-02T10:39:54.517+0000] {logging_mixin.py:190} INFO - [2024-12-02T10:39:54.515+0000] {dag.py:3239} INFO - Sync 1 DAGs
[2024-12-02T10:39:54.574+0000] {logging_mixin.py:190} INFO - [2024-12-02T10:39:54.573+0000] {dag.py:4180} INFO - Setting next_dagrun for example_branch_dop_operator_v3 to 2024-12-02 10:38:00+00:00, run_after=2024-12-02 10:39:00+00:00
[2024-12-02T10:39:54.641+0000] {processor.py:208} INFO - Processing /home/airflow/.local/lib/python3.12/site-packages/airflow/example_dags/example_branch_python_dop_operator_3.py took 0.270 seconds
[2024-12-02T10:40:31.870+0000] {processor.py:186} INFO - Started process (PID=340) to work on /home/airflow/.local/lib/python3.12/site-packages/airflow/example_dags/example_branch_python_dop_operator_3.py
[2024-12-02T10:40:31.881+0000] {processor.py:914} INFO - Processing file /home/airflow/.local/lib/python3.12/site-packages/airflow/example_dags/example_branch_python_dop_operator_3.py for tasks to queue
[2024-12-02T10:40:31.886+0000] {logging_mixin.py:190} INFO - [2024-12-02T10:40:31.885+0000] {dagbag.py:588} INFO - Filling up the DagBag from /home/airflow/.local/lib/python3.12/site-packages/airflow/example_dags/example_branch_python_dop_operator_3.py
[2024-12-02T10:40:31.909+0000] {processor.py:925} INFO - DAG(s) 'example_branch_dop_operator_v3' retrieved from /home/airflow/.local/lib/python3.12/site-packages/airflow/example_dags/example_branch_python_dop_operator_3.py
[2024-12-02T10:40:31.992+0000] {logging_mixin.py:190} INFO - [2024-12-02T10:40:31.976+0000] {dag.py:3239} INFO - Sync 1 DAGs
[2024-12-02T10:40:32.093+0000] {logging_mixin.py:190} INFO - [2024-12-02T10:40:32.093+0000] {dag.py:4180} INFO - Setting next_dagrun for example_branch_dop_operator_v3 to 2024-12-02 10:39:00+00:00, run_after=2024-12-02 10:40:00+00:00
[2024-12-02T10:40:32.151+0000] {processor.py:208} INFO - Processing /home/airflow/.local/lib/python3.12/site-packages/airflow/example_dags/example_branch_python_dop_operator_3.py took 0.305 seconds
[2024-12-02T10:42:08.392+0000] {processor.py:186} INFO - Started process (PID=78) to work on /home/airflow/.local/lib/python3.12/site-packages/airflow/example_dags/example_branch_python_dop_operator_3.py
[2024-12-02T10:42:08.404+0000] {processor.py:914} INFO - Processing file /home/airflow/.local/lib/python3.12/site-packages/airflow/example_dags/example_branch_python_dop_operator_3.py for tasks to queue
[2024-12-02T10:42:08.407+0000] {logging_mixin.py:190} INFO - [2024-12-02T10:42:08.407+0000] {dagbag.py:588} INFO - Filling up the DagBag from /home/airflow/.local/lib/python3.12/site-packages/airflow/example_dags/example_branch_python_dop_operator_3.py
[2024-12-02T10:42:08.437+0000] {processor.py:925} INFO - DAG(s) 'example_branch_dop_operator_v3' retrieved from /home/airflow/.local/lib/python3.12/site-packages/airflow/example_dags/example_branch_python_dop_operator_3.py
[2024-12-02T10:42:08.509+0000] {logging_mixin.py:190} INFO - [2024-12-02T10:42:08.508+0000] {dag.py:3239} INFO - Sync 1 DAGs
[2024-12-02T10:42:08.588+0000] {logging_mixin.py:190} INFO - [2024-12-02T10:42:08.588+0000] {dag.py:4180} INFO - Setting next_dagrun for example_branch_dop_operator_v3 to 2024-12-02 10:41:00+00:00, run_after=2024-12-02 10:42:00+00:00
[2024-12-02T10:42:08.658+0000] {processor.py:208} INFO - Processing /home/airflow/.local/lib/python3.12/site-packages/airflow/example_dags/example_branch_python_dop_operator_3.py took 0.273 seconds
[2024-12-02T10:42:41.974+0000] {processor.py:186} INFO - Started process (PID=141) to work on /home/airflow/.local/lib/python3.12/site-packages/airflow/example_dags/example_branch_python_dop_operator_3.py
[2024-12-02T10:42:41.990+0000] {processor.py:914} INFO - Processing file /home/airflow/.local/lib/python3.12/site-packages/airflow/example_dags/example_branch_python_dop_operator_3.py for tasks to queue
[2024-12-02T10:42:41.993+0000] {logging_mixin.py:190} INFO - [2024-12-02T10:42:41.992+0000] {dagbag.py:588} INFO - Filling up the DagBag from /home/airflow/.local/lib/python3.12/site-packages/airflow/example_dags/example_branch_python_dop_operator_3.py
[2024-12-02T10:42:42.033+0000] {processor.py:925} INFO - DAG(s) 'example_branch_dop_operator_v3' retrieved from /home/airflow/.local/lib/python3.12/site-packages/airflow/example_dags/example_branch_python_dop_operator_3.py
[2024-12-02T10:42:42.062+0000] {logging_mixin.py:190} INFO - [2024-12-02T10:42:42.061+0000] {dag.py:3239} INFO - Sync 1 DAGs
[2024-12-02T10:42:42.124+0000] {logging_mixin.py:190} INFO - [2024-12-02T10:42:42.124+0000] {dag.py:4180} INFO - Setting next_dagrun for example_branch_dop_operator_v3 to 2024-12-02 10:41:00+00:00, run_after=2024-12-02 10:42:00+00:00
[2024-12-02T10:42:42.174+0000] {processor.py:208} INFO - Processing /home/airflow/.local/lib/python3.12/site-packages/airflow/example_dags/example_branch_python_dop_operator_3.py took 0.206 seconds
[2024-12-02T10:43:12.414+0000] {processor.py:186} INFO - Started process (PID=204) to work on /home/airflow/.local/lib/python3.12/site-packages/airflow/example_dags/example_branch_python_dop_operator_3.py
[2024-12-02T10:43:12.415+0000] {processor.py:914} INFO - Processing file /home/airflow/.local/lib/python3.12/site-packages/airflow/example_dags/example_branch_python_dop_operator_3.py for tasks to queue
[2024-12-02T10:43:12.417+0000] {logging_mixin.py:190} INFO - [2024-12-02T10:43:12.417+0000] {dagbag.py:588} INFO - Filling up the DagBag from /home/airflow/.local/lib/python3.12/site-packages/airflow/example_dags/example_branch_python_dop_operator_3.py
[2024-12-02T10:43:12.426+0000] {processor.py:925} INFO - DAG(s) 'example_branch_dop_operator_v3' retrieved from /home/airflow/.local/lib/python3.12/site-packages/airflow/example_dags/example_branch_python_dop_operator_3.py
[2024-12-02T10:43:12.450+0000] {logging_mixin.py:190} INFO - [2024-12-02T10:43:12.450+0000] {dag.py:3239} INFO - Sync 1 DAGs
[2024-12-02T10:43:12.468+0000] {logging_mixin.py:190} INFO - [2024-12-02T10:43:12.468+0000] {dag.py:4180} INFO - Setting next_dagrun for example_branch_dop_operator_v3 to 2024-12-02 10:42:00+00:00, run_after=2024-12-02 10:43:00+00:00
[2024-12-02T10:43:12.488+0000] {processor.py:208} INFO - Processing /home/airflow/.local/lib/python3.12/site-packages/airflow/example_dags/example_branch_python_dop_operator_3.py took 0.079 seconds
[2024-12-02T10:43:43.357+0000] {processor.py:186} INFO - Started process (PID=267) to work on /home/airflow/.local/lib/python3.12/site-packages/airflow/example_dags/example_branch_python_dop_operator_3.py
[2024-12-02T10:43:43.359+0000] {processor.py:914} INFO - Processing file /home/airflow/.local/lib/python3.12/site-packages/airflow/example_dags/example_branch_python_dop_operator_3.py for tasks to queue
[2024-12-02T10:43:43.362+0000] {logging_mixin.py:190} INFO - [2024-12-02T10:43:43.362+0000] {dagbag.py:588} INFO - Filling up the DagBag from /home/airflow/.local/lib/python3.12/site-packages/airflow/example_dags/example_branch_python_dop_operator_3.py
[2024-12-02T10:43:43.370+0000] {processor.py:925} INFO - DAG(s) 'example_branch_dop_operator_v3' retrieved from /home/airflow/.local/lib/python3.12/site-packages/airflow/example_dags/example_branch_python_dop_operator_3.py
[2024-12-02T10:43:43.385+0000] {logging_mixin.py:190} INFO - [2024-12-02T10:43:43.385+0000] {dag.py:3239} INFO - Sync 1 DAGs
[2024-12-02T10:43:43.412+0000] {logging_mixin.py:190} INFO - [2024-12-02T10:43:43.412+0000] {dag.py:4180} INFO - Setting next_dagrun for example_branch_dop_operator_v3 to 2024-12-02 10:42:00+00:00, run_after=2024-12-02 10:43:00+00:00
[2024-12-02T10:43:43.424+0000] {processor.py:208} INFO - Processing /home/airflow/.local/lib/python3.12/site-packages/airflow/example_dags/example_branch_python_dop_operator_3.py took 0.072 seconds
[2024-12-02T10:44:13.764+0000] {processor.py:186} INFO - Started process (PID=331) to work on /home/airflow/.local/lib/python3.12/site-packages/airflow/example_dags/example_branch_python_dop_operator_3.py
[2024-12-02T10:44:13.765+0000] {processor.py:914} INFO - Processing file /home/airflow/.local/lib/python3.12/site-packages/airflow/example_dags/example_branch_python_dop_operator_3.py for tasks to queue
[2024-12-02T10:44:13.767+0000] {logging_mixin.py:190} INFO - [2024-12-02T10:44:13.767+0000] {dagbag.py:588} INFO - Filling up the DagBag from /home/airflow/.local/lib/python3.12/site-packages/airflow/example_dags/example_branch_python_dop_operator_3.py
[2024-12-02T10:44:13.774+0000] {processor.py:925} INFO - DAG(s) 'example_branch_dop_operator_v3' retrieved from /home/airflow/.local/lib/python3.12/site-packages/airflow/example_dags/example_branch_python_dop_operator_3.py
[2024-12-02T10:44:13.789+0000] {logging_mixin.py:190} INFO - [2024-12-02T10:44:13.789+0000] {dag.py:3239} INFO - Sync 1 DAGs
[2024-12-02T10:44:13.810+0000] {logging_mixin.py:190} INFO - [2024-12-02T10:44:13.810+0000] {dag.py:4180} INFO - Setting next_dagrun for example_branch_dop_operator_v3 to 2024-12-02 10:43:00+00:00, run_after=2024-12-02 10:44:00+00:00
[2024-12-02T10:44:13.827+0000] {processor.py:208} INFO - Processing /home/airflow/.local/lib/python3.12/site-packages/airflow/example_dags/example_branch_python_dop_operator_3.py took 0.067 seconds
[2024-12-02T10:44:43.944+0000] {processor.py:186} INFO - Started process (PID=389) to work on /home/airflow/.local/lib/python3.12/site-packages/airflow/example_dags/example_branch_python_dop_operator_3.py
[2024-12-02T10:44:43.947+0000] {processor.py:914} INFO - Processing file /home/airflow/.local/lib/python3.12/site-packages/airflow/example_dags/example_branch_python_dop_operator_3.py for tasks to queue
[2024-12-02T10:44:43.949+0000] {logging_mixin.py:190} INFO - [2024-12-02T10:44:43.948+0000] {dagbag.py:588} INFO - Filling up the DagBag from /home/airflow/.local/lib/python3.12/site-packages/airflow/example_dags/example_branch_python_dop_operator_3.py
[2024-12-02T10:44:43.956+0000] {processor.py:925} INFO - DAG(s) 'example_branch_dop_operator_v3' retrieved from /home/airflow/.local/lib/python3.12/site-packages/airflow/example_dags/example_branch_python_dop_operator_3.py
[2024-12-02T10:44:43.971+0000] {logging_mixin.py:190} INFO - [2024-12-02T10:44:43.970+0000] {dag.py:3239} INFO - Sync 1 DAGs
[2024-12-02T10:44:43.988+0000] {logging_mixin.py:190} INFO - [2024-12-02T10:44:43.988+0000] {dag.py:4180} INFO - Setting next_dagrun for example_branch_dop_operator_v3 to 2024-12-02 10:43:00+00:00, run_after=2024-12-02 10:44:00+00:00
[2024-12-02T10:44:44.002+0000] {processor.py:208} INFO - Processing /home/airflow/.local/lib/python3.12/site-packages/airflow/example_dags/example_branch_python_dop_operator_3.py took 0.062 seconds
[2024-12-02T10:45:14.358+0000] {processor.py:186} INFO - Started process (PID=454) to work on /home/airflow/.local/lib/python3.12/site-packages/airflow/example_dags/example_branch_python_dop_operator_3.py
[2024-12-02T10:45:14.359+0000] {processor.py:914} INFO - Processing file /home/airflow/.local/lib/python3.12/site-packages/airflow/example_dags/example_branch_python_dop_operator_3.py for tasks to queue
[2024-12-02T10:45:14.361+0000] {logging_mixin.py:190} INFO - [2024-12-02T10:45:14.361+0000] {dagbag.py:588} INFO - Filling up the DagBag from /home/airflow/.local/lib/python3.12/site-packages/airflow/example_dags/example_branch_python_dop_operator_3.py
[2024-12-02T10:45:14.370+0000] {processor.py:925} INFO - DAG(s) 'example_branch_dop_operator_v3' retrieved from /home/airflow/.local/lib/python3.12/site-packages/airflow/example_dags/example_branch_python_dop_operator_3.py
[2024-12-02T10:45:14.384+0000] {logging_mixin.py:190} INFO - [2024-12-02T10:45:14.384+0000] {dag.py:3239} INFO - Sync 1 DAGs
[2024-12-02T10:45:14.401+0000] {logging_mixin.py:190} INFO - [2024-12-02T10:45:14.401+0000] {dag.py:4180} INFO - Setting next_dagrun for example_branch_dop_operator_v3 to 2024-12-02 10:44:00+00:00, run_after=2024-12-02 10:45:00+00:00
[2024-12-02T10:45:14.415+0000] {processor.py:208} INFO - Processing /home/airflow/.local/lib/python3.12/site-packages/airflow/example_dags/example_branch_python_dop_operator_3.py took 0.061 seconds
[2024-12-02T10:45:44.712+0000] {processor.py:186} INFO - Started process (PID=518) to work on /home/airflow/.local/lib/python3.12/site-packages/airflow/example_dags/example_branch_python_dop_operator_3.py
[2024-12-02T10:45:44.715+0000] {processor.py:914} INFO - Processing file /home/airflow/.local/lib/python3.12/site-packages/airflow/example_dags/example_branch_python_dop_operator_3.py for tasks to queue
[2024-12-02T10:45:44.718+0000] {logging_mixin.py:190} INFO - [2024-12-02T10:45:44.718+0000] {dagbag.py:588} INFO - Filling up the DagBag from /home/airflow/.local/lib/python3.12/site-packages/airflow/example_dags/example_branch_python_dop_operator_3.py
[2024-12-02T10:45:44.727+0000] {processor.py:925} INFO - DAG(s) 'example_branch_dop_operator_v3' retrieved from /home/airflow/.local/lib/python3.12/site-packages/airflow/example_dags/example_branch_python_dop_operator_3.py
[2024-12-02T10:45:44.755+0000] {logging_mixin.py:190} INFO - [2024-12-02T10:45:44.749+0000] {dag.py:3239} INFO - Sync 1 DAGs
[2024-12-02T10:45:44.796+0000] {logging_mixin.py:190} INFO - [2024-12-02T10:45:44.796+0000] {dag.py:4180} INFO - Setting next_dagrun for example_branch_dop_operator_v3 to 2024-12-02 10:44:00+00:00, run_after=2024-12-02 10:45:00+00:00
[2024-12-02T10:45:44.829+0000] {processor.py:208} INFO - Processing /home/airflow/.local/lib/python3.12/site-packages/airflow/example_dags/example_branch_python_dop_operator_3.py took 0.122 seconds
[2024-12-02T10:46:16.034+0000] {processor.py:186} INFO - Started process (PID=582) to work on /home/airflow/.local/lib/python3.12/site-packages/airflow/example_dags/example_branch_python_dop_operator_3.py
[2024-12-02T10:46:16.055+0000] {processor.py:914} INFO - Processing file /home/airflow/.local/lib/python3.12/site-packages/airflow/example_dags/example_branch_python_dop_operator_3.py for tasks to queue
[2024-12-02T10:46:16.057+0000] {logging_mixin.py:190} INFO - [2024-12-02T10:46:16.057+0000] {dagbag.py:588} INFO - Filling up the DagBag from /home/airflow/.local/lib/python3.12/site-packages/airflow/example_dags/example_branch_python_dop_operator_3.py
[2024-12-02T10:46:16.073+0000] {processor.py:925} INFO - DAG(s) 'example_branch_dop_operator_v3' retrieved from /home/airflow/.local/lib/python3.12/site-packages/airflow/example_dags/example_branch_python_dop_operator_3.py
[2024-12-02T10:46:16.124+0000] {logging_mixin.py:190} INFO - [2024-12-02T10:46:16.124+0000] {dag.py:3239} INFO - Sync 1 DAGs
[2024-12-02T10:46:16.167+0000] {logging_mixin.py:190} INFO - [2024-12-02T10:46:16.167+0000] {dag.py:4180} INFO - Setting next_dagrun for example_branch_dop_operator_v3 to 2024-12-02 10:45:00+00:00, run_after=2024-12-02 10:46:00+00:00
[2024-12-02T10:46:16.202+0000] {processor.py:208} INFO - Processing /home/airflow/.local/lib/python3.12/site-packages/airflow/example_dags/example_branch_python_dop_operator_3.py took 0.174 seconds
[2024-12-02T10:46:49.761+0000] {processor.py:186} INFO - Started process (PID=634) to work on /home/airflow/.local/lib/python3.12/site-packages/airflow/example_dags/example_branch_python_dop_operator_3.py
[2024-12-02T10:46:49.764+0000] {processor.py:914} INFO - Processing file /home/airflow/.local/lib/python3.12/site-packages/airflow/example_dags/example_branch_python_dop_operator_3.py for tasks to queue
[2024-12-02T10:46:49.767+0000] {logging_mixin.py:190} INFO - [2024-12-02T10:46:49.766+0000] {dagbag.py:588} INFO - Filling up the DagBag from /home/airflow/.local/lib/python3.12/site-packages/airflow/example_dags/example_branch_python_dop_operator_3.py
[2024-12-02T10:46:49.836+0000] {processor.py:925} INFO - DAG(s) 'example_branch_dop_operator_v3' retrieved from /home/airflow/.local/lib/python3.12/site-packages/airflow/example_dags/example_branch_python_dop_operator_3.py
[2024-12-02T10:46:49.928+0000] {logging_mixin.py:190} INFO - [2024-12-02T10:46:49.927+0000] {dag.py:3239} INFO - Sync 1 DAGs
[2024-12-02T10:46:50.010+0000] {logging_mixin.py:190} INFO - [2024-12-02T10:46:50.009+0000] {dag.py:4180} INFO - Setting next_dagrun for example_branch_dop_operator_v3 to 2024-12-02 10:45:00+00:00, run_after=2024-12-02 10:46:00+00:00
[2024-12-02T10:46:50.046+0000] {processor.py:208} INFO - Processing /home/airflow/.local/lib/python3.12/site-packages/airflow/example_dags/example_branch_python_dop_operator_3.py took 0.305 seconds
[2024-12-02T10:58:14.440+0000] {processor.py:186} INFO - Started process (PID=84) to work on /home/airflow/.local/lib/python3.12/site-packages/airflow/example_dags/example_branch_python_dop_operator_3.py
[2024-12-02T10:58:14.469+0000] {processor.py:914} INFO - Processing file /home/airflow/.local/lib/python3.12/site-packages/airflow/example_dags/example_branch_python_dop_operator_3.py for tasks to queue
[2024-12-02T10:58:14.471+0000] {logging_mixin.py:190} INFO - [2024-12-02T10:58:14.471+0000] {dagbag.py:588} INFO - Filling up the DagBag from /home/airflow/.local/lib/python3.12/site-packages/airflow/example_dags/example_branch_python_dop_operator_3.py
[2024-12-02T10:58:14.525+0000] {processor.py:925} INFO - DAG(s) 'example_branch_dop_operator_v3' retrieved from /home/airflow/.local/lib/python3.12/site-packages/airflow/example_dags/example_branch_python_dop_operator_3.py
[2024-12-02T10:58:14.686+0000] {logging_mixin.py:190} INFO - [2024-12-02T10:58:14.686+0000] {dag.py:3239} INFO - Sync 1 DAGs
[2024-12-02T10:58:14.817+0000] {logging_mixin.py:190} INFO - [2024-12-02T10:58:14.817+0000] {dag.py:4180} INFO - Setting next_dagrun for example_branch_dop_operator_v3 to 2024-12-02 10:57:00+00:00, run_after=2024-12-02 10:58:00+00:00
[2024-12-02T10:58:14.913+0000] {processor.py:208} INFO - Processing /home/airflow/.local/lib/python3.12/site-packages/airflow/example_dags/example_branch_python_dop_operator_3.py took 0.487 seconds
[2024-12-02T10:58:45.003+0000] {processor.py:186} INFO - Started process (PID=147) to work on /home/airflow/.local/lib/python3.12/site-packages/airflow/example_dags/example_branch_python_dop_operator_3.py
[2024-12-02T10:58:45.004+0000] {processor.py:914} INFO - Processing file /home/airflow/.local/lib/python3.12/site-packages/airflow/example_dags/example_branch_python_dop_operator_3.py for tasks to queue
[2024-12-02T10:58:45.008+0000] {logging_mixin.py:190} INFO - [2024-12-02T10:58:45.008+0000] {dagbag.py:588} INFO - Filling up the DagBag from /home/airflow/.local/lib/python3.12/site-packages/airflow/example_dags/example_branch_python_dop_operator_3.py
[2024-12-02T10:58:45.016+0000] {processor.py:925} INFO - DAG(s) 'example_branch_dop_operator_v3' retrieved from /home/airflow/.local/lib/python3.12/site-packages/airflow/example_dags/example_branch_python_dop_operator_3.py
[2024-12-02T10:58:45.030+0000] {logging_mixin.py:190} INFO - [2024-12-02T10:58:45.030+0000] {dag.py:3239} INFO - Sync 1 DAGs
[2024-12-02T10:58:45.050+0000] {logging_mixin.py:190} INFO - [2024-12-02T10:58:45.050+0000] {dag.py:4180} INFO - Setting next_dagrun for example_branch_dop_operator_v3 to 2024-12-02 10:57:00+00:00, run_after=2024-12-02 10:58:00+00:00
[2024-12-02T10:58:45.070+0000] {processor.py:208} INFO - Processing /home/airflow/.local/lib/python3.12/site-packages/airflow/example_dags/example_branch_python_dop_operator_3.py took 0.072 seconds
[2024-12-02T10:59:15.155+0000] {processor.py:186} INFO - Started process (PID=211) to work on /home/airflow/.local/lib/python3.12/site-packages/airflow/example_dags/example_branch_python_dop_operator_3.py
[2024-12-02T10:59:15.157+0000] {processor.py:914} INFO - Processing file /home/airflow/.local/lib/python3.12/site-packages/airflow/example_dags/example_branch_python_dop_operator_3.py for tasks to queue
[2024-12-02T10:59:15.159+0000] {logging_mixin.py:190} INFO - [2024-12-02T10:59:15.159+0000] {dagbag.py:588} INFO - Filling up the DagBag from /home/airflow/.local/lib/python3.12/site-packages/airflow/example_dags/example_branch_python_dop_operator_3.py
[2024-12-02T10:59:15.166+0000] {processor.py:925} INFO - DAG(s) 'example_branch_dop_operator_v3' retrieved from /home/airflow/.local/lib/python3.12/site-packages/airflow/example_dags/example_branch_python_dop_operator_3.py
[2024-12-02T10:59:15.183+0000] {logging_mixin.py:190} INFO - [2024-12-02T10:59:15.183+0000] {dag.py:3239} INFO - Sync 1 DAGs
[2024-12-02T10:59:15.202+0000] {logging_mixin.py:190} INFO - [2024-12-02T10:59:15.201+0000] {dag.py:4180} INFO - Setting next_dagrun for example_branch_dop_operator_v3 to 2024-12-02 10:58:00+00:00, run_after=2024-12-02 10:59:00+00:00
[2024-12-02T10:59:15.225+0000] {processor.py:208} INFO - Processing /home/airflow/.local/lib/python3.12/site-packages/airflow/example_dags/example_branch_python_dop_operator_3.py took 0.074 seconds
[2024-12-02T10:59:47.306+0000] {processor.py:186} INFO - Started process (PID=275) to work on /home/airflow/.local/lib/python3.12/site-packages/airflow/example_dags/example_branch_python_dop_operator_3.py
[2024-12-02T10:59:47.307+0000] {processor.py:914} INFO - Processing file /home/airflow/.local/lib/python3.12/site-packages/airflow/example_dags/example_branch_python_dop_operator_3.py for tasks to queue
[2024-12-02T10:59:47.309+0000] {logging_mixin.py:190} INFO - [2024-12-02T10:59:47.309+0000] {dagbag.py:588} INFO - Filling up the DagBag from /home/airflow/.local/lib/python3.12/site-packages/airflow/example_dags/example_branch_python_dop_operator_3.py
[2024-12-02T10:59:47.324+0000] {processor.py:925} INFO - DAG(s) 'example_branch_dop_operator_v3' retrieved from /home/airflow/.local/lib/python3.12/site-packages/airflow/example_dags/example_branch_python_dop_operator_3.py
[2024-12-02T10:59:47.354+0000] {logging_mixin.py:190} INFO - [2024-12-02T10:59:47.354+0000] {dag.py:3239} INFO - Sync 1 DAGs
[2024-12-02T10:59:47.404+0000] {logging_mixin.py:190} INFO - [2024-12-02T10:59:47.404+0000] {dag.py:4180} INFO - Setting next_dagrun for example_branch_dop_operator_v3 to 2024-12-02 10:58:00+00:00, run_after=2024-12-02 10:59:00+00:00
[2024-12-02T10:59:47.433+0000] {processor.py:208} INFO - Processing /home/airflow/.local/lib/python3.12/site-packages/airflow/example_dags/example_branch_python_dop_operator_3.py took 0.156 seconds
[2024-12-02T11:00:17.937+0000] {processor.py:186} INFO - Started process (PID=338) to work on /home/airflow/.local/lib/python3.12/site-packages/airflow/example_dags/example_branch_python_dop_operator_3.py
[2024-12-02T11:00:17.937+0000] {processor.py:914} INFO - Processing file /home/airflow/.local/lib/python3.12/site-packages/airflow/example_dags/example_branch_python_dop_operator_3.py for tasks to queue
[2024-12-02T11:00:17.939+0000] {logging_mixin.py:190} INFO - [2024-12-02T11:00:17.939+0000] {dagbag.py:588} INFO - Filling up the DagBag from /home/airflow/.local/lib/python3.12/site-packages/airflow/example_dags/example_branch_python_dop_operator_3.py
[2024-12-02T11:00:17.947+0000] {processor.py:925} INFO - DAG(s) 'example_branch_dop_operator_v3' retrieved from /home/airflow/.local/lib/python3.12/site-packages/airflow/example_dags/example_branch_python_dop_operator_3.py
[2024-12-02T11:00:17.959+0000] {logging_mixin.py:190} INFO - [2024-12-02T11:00:17.959+0000] {dag.py:3239} INFO - Sync 1 DAGs
[2024-12-02T11:00:17.977+0000] {logging_mixin.py:190} INFO - [2024-12-02T11:00:17.977+0000] {dag.py:4180} INFO - Setting next_dagrun for example_branch_dop_operator_v3 to 2024-12-02 10:59:00+00:00, run_after=2024-12-02 11:00:00+00:00
[2024-12-02T11:00:17.991+0000] {processor.py:208} INFO - Processing /home/airflow/.local/lib/python3.12/site-packages/airflow/example_dags/example_branch_python_dop_operator_3.py took 0.058 seconds
[2024-12-02T11:00:51.150+0000] {processor.py:186} INFO - Started process (PID=402) to work on /home/airflow/.local/lib/python3.12/site-packages/airflow/example_dags/example_branch_python_dop_operator_3.py
[2024-12-02T11:00:51.157+0000] {processor.py:914} INFO - Processing file /home/airflow/.local/lib/python3.12/site-packages/airflow/example_dags/example_branch_python_dop_operator_3.py for tasks to queue
[2024-12-02T11:00:51.160+0000] {logging_mixin.py:190} INFO - [2024-12-02T11:00:51.159+0000] {dagbag.py:588} INFO - Filling up the DagBag from /home/airflow/.local/lib/python3.12/site-packages/airflow/example_dags/example_branch_python_dop_operator_3.py
[2024-12-02T11:00:51.183+0000] {processor.py:925} INFO - DAG(s) 'example_branch_dop_operator_v3' retrieved from /home/airflow/.local/lib/python3.12/site-packages/airflow/example_dags/example_branch_python_dop_operator_3.py
[2024-12-02T11:00:51.213+0000] {logging_mixin.py:190} INFO - [2024-12-02T11:00:51.213+0000] {dag.py:3239} INFO - Sync 1 DAGs
[2024-12-02T11:00:51.247+0000] {logging_mixin.py:190} INFO - [2024-12-02T11:00:51.247+0000] {dag.py:4180} INFO - Setting next_dagrun for example_branch_dop_operator_v3 to 2024-12-02 10:59:00+00:00, run_after=2024-12-02 11:00:00+00:00
[2024-12-02T11:00:51.291+0000] {processor.py:208} INFO - Processing /home/airflow/.local/lib/python3.12/site-packages/airflow/example_dags/example_branch_python_dop_operator_3.py took 0.147 seconds
[2024-12-02T11:01:21.693+0000] {processor.py:186} INFO - Started process (PID=466) to work on /home/airflow/.local/lib/python3.12/site-packages/airflow/example_dags/example_branch_python_dop_operator_3.py
[2024-12-02T11:01:21.693+0000] {processor.py:914} INFO - Processing file /home/airflow/.local/lib/python3.12/site-packages/airflow/example_dags/example_branch_python_dop_operator_3.py for tasks to queue
[2024-12-02T11:01:21.695+0000] {logging_mixin.py:190} INFO - [2024-12-02T11:01:21.695+0000] {dagbag.py:588} INFO - Filling up the DagBag from /home/airflow/.local/lib/python3.12/site-packages/airflow/example_dags/example_branch_python_dop_operator_3.py
[2024-12-02T11:01:21.708+0000] {processor.py:925} INFO - DAG(s) 'example_branch_dop_operator_v3' retrieved from /home/airflow/.local/lib/python3.12/site-packages/airflow/example_dags/example_branch_python_dop_operator_3.py
[2024-12-02T11:01:21.743+0000] {logging_mixin.py:190} INFO - [2024-12-02T11:01:21.743+0000] {dag.py:3239} INFO - Sync 1 DAGs
[2024-12-02T11:01:21.781+0000] {logging_mixin.py:190} INFO - [2024-12-02T11:01:21.781+0000] {dag.py:4180} INFO - Setting next_dagrun for example_branch_dop_operator_v3 to 2024-12-02 11:00:00+00:00, run_after=2024-12-02 11:01:00+00:00
[2024-12-02T11:01:21.814+0000] {processor.py:208} INFO - Processing /home/airflow/.local/lib/python3.12/site-packages/airflow/example_dags/example_branch_python_dop_operator_3.py took 0.135 seconds
[2024-12-02T11:01:52.349+0000] {processor.py:186} INFO - Started process (PID=530) to work on /home/airflow/.local/lib/python3.12/site-packages/airflow/example_dags/example_branch_python_dop_operator_3.py
[2024-12-02T11:01:52.352+0000] {processor.py:914} INFO - Processing file /home/airflow/.local/lib/python3.12/site-packages/airflow/example_dags/example_branch_python_dop_operator_3.py for tasks to queue
[2024-12-02T11:01:52.353+0000] {logging_mixin.py:190} INFO - [2024-12-02T11:01:52.353+0000] {dagbag.py:588} INFO - Filling up the DagBag from /home/airflow/.local/lib/python3.12/site-packages/airflow/example_dags/example_branch_python_dop_operator_3.py
[2024-12-02T11:01:52.361+0000] {processor.py:925} INFO - DAG(s) 'example_branch_dop_operator_v3' retrieved from /home/airflow/.local/lib/python3.12/site-packages/airflow/example_dags/example_branch_python_dop_operator_3.py
[2024-12-02T11:01:52.374+0000] {logging_mixin.py:190} INFO - [2024-12-02T11:01:52.374+0000] {dag.py:3239} INFO - Sync 1 DAGs
[2024-12-02T11:01:52.392+0000] {logging_mixin.py:190} INFO - [2024-12-02T11:01:52.392+0000] {dag.py:4180} INFO - Setting next_dagrun for example_branch_dop_operator_v3 to 2024-12-02 11:00:00+00:00, run_after=2024-12-02 11:01:00+00:00
[2024-12-02T11:01:52.407+0000] {processor.py:208} INFO - Processing /home/airflow/.local/lib/python3.12/site-packages/airflow/example_dags/example_branch_python_dop_operator_3.py took 0.062 seconds
[2024-12-02T11:02:22.588+0000] {processor.py:186} INFO - Started process (PID=592) to work on /home/airflow/.local/lib/python3.12/site-packages/airflow/example_dags/example_branch_python_dop_operator_3.py
[2024-12-02T11:02:22.589+0000] {processor.py:914} INFO - Processing file /home/airflow/.local/lib/python3.12/site-packages/airflow/example_dags/example_branch_python_dop_operator_3.py for tasks to queue
[2024-12-02T11:02:22.606+0000] {logging_mixin.py:190} INFO - [2024-12-02T11:02:22.606+0000] {dagbag.py:588} INFO - Filling up the DagBag from /home/airflow/.local/lib/python3.12/site-packages/airflow/example_dags/example_branch_python_dop_operator_3.py
[2024-12-02T11:02:22.622+0000] {processor.py:925} INFO - DAG(s) 'example_branch_dop_operator_v3' retrieved from /home/airflow/.local/lib/python3.12/site-packages/airflow/example_dags/example_branch_python_dop_operator_3.py
[2024-12-02T11:02:22.665+0000] {logging_mixin.py:190} INFO - [2024-12-02T11:02:22.665+0000] {dag.py:3239} INFO - Sync 1 DAGs
[2024-12-02T11:02:22.703+0000] {logging_mixin.py:190} INFO - [2024-12-02T11:02:22.703+0000] {dag.py:4180} INFO - Setting next_dagrun for example_branch_dop_operator_v3 to 2024-12-02 11:01:00+00:00, run_after=2024-12-02 11:02:00+00:00
[2024-12-02T11:02:22.734+0000] {processor.py:208} INFO - Processing /home/airflow/.local/lib/python3.12/site-packages/airflow/example_dags/example_branch_python_dop_operator_3.py took 0.150 seconds
[2024-12-02T11:02:52.996+0000] {processor.py:186} INFO - Started process (PID=655) to work on /home/airflow/.local/lib/python3.12/site-packages/airflow/example_dags/example_branch_python_dop_operator_3.py
[2024-12-02T11:02:52.998+0000] {processor.py:914} INFO - Processing file /home/airflow/.local/lib/python3.12/site-packages/airflow/example_dags/example_branch_python_dop_operator_3.py for tasks to queue
[2024-12-02T11:02:53.000+0000] {logging_mixin.py:190} INFO - [2024-12-02T11:02:53.000+0000] {dagbag.py:588} INFO - Filling up the DagBag from /home/airflow/.local/lib/python3.12/site-packages/airflow/example_dags/example_branch_python_dop_operator_3.py
[2024-12-02T11:02:53.007+0000] {processor.py:925} INFO - DAG(s) 'example_branch_dop_operator_v3' retrieved from /home/airflow/.local/lib/python3.12/site-packages/airflow/example_dags/example_branch_python_dop_operator_3.py
[2024-12-02T11:02:53.021+0000] {logging_mixin.py:190} INFO - [2024-12-02T11:02:53.021+0000] {dag.py:3239} INFO - Sync 1 DAGs
[2024-12-02T11:02:53.040+0000] {logging_mixin.py:190} INFO - [2024-12-02T11:02:53.040+0000] {dag.py:4180} INFO - Setting next_dagrun for example_branch_dop_operator_v3 to 2024-12-02 11:01:00+00:00, run_after=2024-12-02 11:02:00+00:00
[2024-12-02T11:02:53.054+0000] {processor.py:208} INFO - Processing /home/airflow/.local/lib/python3.12/site-packages/airflow/example_dags/example_branch_python_dop_operator_3.py took 0.062 seconds
[2024-12-02T11:03:24.457+0000] {processor.py:186} INFO - Started process (PID=720) to work on /home/airflow/.local/lib/python3.12/site-packages/airflow/example_dags/example_branch_python_dop_operator_3.py
[2024-12-02T11:03:24.465+0000] {processor.py:914} INFO - Processing file /home/airflow/.local/lib/python3.12/site-packages/airflow/example_dags/example_branch_python_dop_operator_3.py for tasks to queue
[2024-12-02T11:03:24.468+0000] {logging_mixin.py:190} INFO - [2024-12-02T11:03:24.467+0000] {dagbag.py:588} INFO - Filling up the DagBag from /home/airflow/.local/lib/python3.12/site-packages/airflow/example_dags/example_branch_python_dop_operator_3.py
[2024-12-02T11:03:24.557+0000] {processor.py:925} INFO - DAG(s) 'example_branch_dop_operator_v3' retrieved from /home/airflow/.local/lib/python3.12/site-packages/airflow/example_dags/example_branch_python_dop_operator_3.py
[2024-12-02T11:03:24.666+0000] {logging_mixin.py:190} INFO - [2024-12-02T11:03:24.666+0000] {dag.py:3239} INFO - Sync 1 DAGs
[2024-12-02T11:03:24.739+0000] {logging_mixin.py:190} INFO - [2024-12-02T11:03:24.739+0000] {dag.py:4180} INFO - Setting next_dagrun for example_branch_dop_operator_v3 to 2024-12-02 11:02:00+00:00, run_after=2024-12-02 11:03:00+00:00
[2024-12-02T11:03:24.884+0000] {processor.py:208} INFO - Processing /home/airflow/.local/lib/python3.12/site-packages/airflow/example_dags/example_branch_python_dop_operator_3.py took 0.483 seconds
[2024-12-02T11:03:55.665+0000] {processor.py:186} INFO - Started process (PID=777) to work on /home/airflow/.local/lib/python3.12/site-packages/airflow/example_dags/example_branch_python_dop_operator_3.py
[2024-12-02T11:03:55.666+0000] {processor.py:914} INFO - Processing file /home/airflow/.local/lib/python3.12/site-packages/airflow/example_dags/example_branch_python_dop_operator_3.py for tasks to queue
[2024-12-02T11:03:55.667+0000] {logging_mixin.py:190} INFO - [2024-12-02T11:03:55.667+0000] {dagbag.py:588} INFO - Filling up the DagBag from /home/airflow/.local/lib/python3.12/site-packages/airflow/example_dags/example_branch_python_dop_operator_3.py
[2024-12-02T11:03:55.675+0000] {processor.py:925} INFO - DAG(s) 'example_branch_dop_operator_v3' retrieved from /home/airflow/.local/lib/python3.12/site-packages/airflow/example_dags/example_branch_python_dop_operator_3.py
[2024-12-02T11:03:55.691+0000] {logging_mixin.py:190} INFO - [2024-12-02T11:03:55.690+0000] {dag.py:3239} INFO - Sync 1 DAGs
[2024-12-02T11:03:55.709+0000] {logging_mixin.py:190} INFO - [2024-12-02T11:03:55.709+0000] {dag.py:4180} INFO - Setting next_dagrun for example_branch_dop_operator_v3 to 2024-12-02 11:02:00+00:00, run_after=2024-12-02 11:03:00+00:00
[2024-12-02T11:03:55.727+0000] {processor.py:208} INFO - Processing /home/airflow/.local/lib/python3.12/site-packages/airflow/example_dags/example_branch_python_dop_operator_3.py took 0.067 seconds
[2024-12-02T11:04:26.388+0000] {processor.py:186} INFO - Started process (PID=819) to work on /home/airflow/.local/lib/python3.12/site-packages/airflow/example_dags/example_branch_python_dop_operator_3.py
[2024-12-02T11:04:26.388+0000] {processor.py:914} INFO - Processing file /home/airflow/.local/lib/python3.12/site-packages/airflow/example_dags/example_branch_python_dop_operator_3.py for tasks to queue
[2024-12-02T11:04:26.390+0000] {logging_mixin.py:190} INFO - [2024-12-02T11:04:26.390+0000] {dagbag.py:588} INFO - Filling up the DagBag from /home/airflow/.local/lib/python3.12/site-packages/airflow/example_dags/example_branch_python_dop_operator_3.py
[2024-12-02T11:04:26.397+0000] {processor.py:925} INFO - DAG(s) 'example_branch_dop_operator_v3' retrieved from /home/airflow/.local/lib/python3.12/site-packages/airflow/example_dags/example_branch_python_dop_operator_3.py
[2024-12-02T11:04:26.409+0000] {logging_mixin.py:190} INFO - [2024-12-02T11:04:26.409+0000] {dag.py:3239} INFO - Sync 1 DAGs
[2024-12-02T11:04:26.427+0000] {logging_mixin.py:190} INFO - [2024-12-02T11:04:26.427+0000] {dag.py:4180} INFO - Setting next_dagrun for example_branch_dop_operator_v3 to 2024-12-02 11:03:00+00:00, run_after=2024-12-02 11:04:00+00:00
[2024-12-02T11:04:26.446+0000] {processor.py:208} INFO - Processing /home/airflow/.local/lib/python3.12/site-packages/airflow/example_dags/example_branch_python_dop_operator_3.py took 0.066 seconds
[2024-12-02T11:04:56.693+0000] {processor.py:186} INFO - Started process (PID=883) to work on /home/airflow/.local/lib/python3.12/site-packages/airflow/example_dags/example_branch_python_dop_operator_3.py
[2024-12-02T11:04:56.706+0000] {processor.py:914} INFO - Processing file /home/airflow/.local/lib/python3.12/site-packages/airflow/example_dags/example_branch_python_dop_operator_3.py for tasks to queue
[2024-12-02T11:04:56.707+0000] {logging_mixin.py:190} INFO - [2024-12-02T11:04:56.707+0000] {dagbag.py:588} INFO - Filling up the DagBag from /home/airflow/.local/lib/python3.12/site-packages/airflow/example_dags/example_branch_python_dop_operator_3.py
[2024-12-02T11:04:56.715+0000] {processor.py:925} INFO - DAG(s) 'example_branch_dop_operator_v3' retrieved from /home/airflow/.local/lib/python3.12/site-packages/airflow/example_dags/example_branch_python_dop_operator_3.py
[2024-12-02T11:04:56.747+0000] {logging_mixin.py:190} INFO - [2024-12-02T11:04:56.747+0000] {dag.py:3239} INFO - Sync 1 DAGs
[2024-12-02T11:04:56.767+0000] {logging_mixin.py:190} INFO - [2024-12-02T11:04:56.766+0000] {dag.py:4180} INFO - Setting next_dagrun for example_branch_dop_operator_v3 to 2024-12-02 11:03:00+00:00, run_after=2024-12-02 11:04:00+00:00
[2024-12-02T11:04:56.796+0000] {processor.py:208} INFO - Processing /home/airflow/.local/lib/python3.12/site-packages/airflow/example_dags/example_branch_python_dop_operator_3.py took 0.107 seconds
[2024-12-02T11:05:27.439+0000] {processor.py:186} INFO - Started process (PID=947) to work on /home/airflow/.local/lib/python3.12/site-packages/airflow/example_dags/example_branch_python_dop_operator_3.py
[2024-12-02T11:05:27.440+0000] {processor.py:914} INFO - Processing file /home/airflow/.local/lib/python3.12/site-packages/airflow/example_dags/example_branch_python_dop_operator_3.py for tasks to queue
[2024-12-02T11:05:27.441+0000] {logging_mixin.py:190} INFO - [2024-12-02T11:05:27.441+0000] {dagbag.py:588} INFO - Filling up the DagBag from /home/airflow/.local/lib/python3.12/site-packages/airflow/example_dags/example_branch_python_dop_operator_3.py
[2024-12-02T11:05:27.448+0000] {processor.py:925} INFO - DAG(s) 'example_branch_dop_operator_v3' retrieved from /home/airflow/.local/lib/python3.12/site-packages/airflow/example_dags/example_branch_python_dop_operator_3.py
[2024-12-02T11:05:27.469+0000] {logging_mixin.py:190} INFO - [2024-12-02T11:05:27.469+0000] {dag.py:3239} INFO - Sync 1 DAGs
[2024-12-02T11:05:27.488+0000] {logging_mixin.py:190} INFO - [2024-12-02T11:05:27.488+0000] {dag.py:4180} INFO - Setting next_dagrun for example_branch_dop_operator_v3 to 2024-12-02 11:04:00+00:00, run_after=2024-12-02 11:05:00+00:00
[2024-12-02T11:05:27.504+0000] {processor.py:208} INFO - Processing /home/airflow/.local/lib/python3.12/site-packages/airflow/example_dags/example_branch_python_dop_operator_3.py took 0.069 seconds
[2024-12-02T11:05:57.848+0000] {processor.py:186} INFO - Started process (PID=1011) to work on /home/airflow/.local/lib/python3.12/site-packages/airflow/example_dags/example_branch_python_dop_operator_3.py
[2024-12-02T11:05:57.850+0000] {processor.py:914} INFO - Processing file /home/airflow/.local/lib/python3.12/site-packages/airflow/example_dags/example_branch_python_dop_operator_3.py for tasks to queue
[2024-12-02T11:05:57.851+0000] {logging_mixin.py:190} INFO - [2024-12-02T11:05:57.851+0000] {dagbag.py:588} INFO - Filling up the DagBag from /home/airflow/.local/lib/python3.12/site-packages/airflow/example_dags/example_branch_python_dop_operator_3.py
[2024-12-02T11:05:57.859+0000] {processor.py:925} INFO - DAG(s) 'example_branch_dop_operator_v3' retrieved from /home/airflow/.local/lib/python3.12/site-packages/airflow/example_dags/example_branch_python_dop_operator_3.py
[2024-12-02T11:05:57.873+0000] {logging_mixin.py:190} INFO - [2024-12-02T11:05:57.873+0000] {dag.py:3239} INFO - Sync 1 DAGs
[2024-12-02T11:05:57.890+0000] {logging_mixin.py:190} INFO - [2024-12-02T11:05:57.890+0000] {dag.py:4180} INFO - Setting next_dagrun for example_branch_dop_operator_v3 to 2024-12-02 11:04:00+00:00, run_after=2024-12-02 11:05:00+00:00
[2024-12-02T11:05:57.904+0000] {processor.py:208} INFO - Processing /home/airflow/.local/lib/python3.12/site-packages/airflow/example_dags/example_branch_python_dop_operator_3.py took 0.060 seconds
[2024-12-02T11:06:28.899+0000] {processor.py:186} INFO - Started process (PID=1076) to work on /home/airflow/.local/lib/python3.12/site-packages/airflow/example_dags/example_branch_python_dop_operator_3.py
[2024-12-02T11:06:28.899+0000] {processor.py:914} INFO - Processing file /home/airflow/.local/lib/python3.12/site-packages/airflow/example_dags/example_branch_python_dop_operator_3.py for tasks to queue
[2024-12-02T11:06:28.913+0000] {logging_mixin.py:190} INFO - [2024-12-02T11:06:28.901+0000] {dagbag.py:588} INFO - Filling up the DagBag from /home/airflow/.local/lib/python3.12/site-packages/airflow/example_dags/example_branch_python_dop_operator_3.py
[2024-12-02T11:06:28.925+0000] {processor.py:925} INFO - DAG(s) 'example_branch_dop_operator_v3' retrieved from /home/airflow/.local/lib/python3.12/site-packages/airflow/example_dags/example_branch_python_dop_operator_3.py
[2024-12-02T11:06:29.009+0000] {logging_mixin.py:190} INFO - [2024-12-02T11:06:29.008+0000] {dag.py:3239} INFO - Sync 1 DAGs
[2024-12-02T11:06:29.053+0000] {logging_mixin.py:190} INFO - [2024-12-02T11:06:29.053+0000] {dag.py:4180} INFO - Setting next_dagrun for example_branch_dop_operator_v3 to 2024-12-02 11:05:00+00:00, run_after=2024-12-02 11:06:00+00:00
[2024-12-02T11:06:29.108+0000] {processor.py:208} INFO - Processing /home/airflow/.local/lib/python3.12/site-packages/airflow/example_dags/example_branch_python_dop_operator_3.py took 0.221 seconds
[2024-12-02T11:06:59.862+0000] {processor.py:186} INFO - Started process (PID=1139) to work on /home/airflow/.local/lib/python3.12/site-packages/airflow/example_dags/example_branch_python_dop_operator_3.py
[2024-12-02T11:06:59.871+0000] {processor.py:914} INFO - Processing file /home/airflow/.local/lib/python3.12/site-packages/airflow/example_dags/example_branch_python_dop_operator_3.py for tasks to queue
[2024-12-02T11:06:59.876+0000] {logging_mixin.py:190} INFO - [2024-12-02T11:06:59.875+0000] {dagbag.py:588} INFO - Filling up the DagBag from /home/airflow/.local/lib/python3.12/site-packages/airflow/example_dags/example_branch_python_dop_operator_3.py
[2024-12-02T11:06:59.896+0000] {processor.py:925} INFO - DAG(s) 'example_branch_dop_operator_v3' retrieved from /home/airflow/.local/lib/python3.12/site-packages/airflow/example_dags/example_branch_python_dop_operator_3.py
[2024-12-02T11:06:59.935+0000] {logging_mixin.py:190} INFO - [2024-12-02T11:06:59.935+0000] {dag.py:3239} INFO - Sync 1 DAGs
[2024-12-02T11:06:59.985+0000] {logging_mixin.py:190} INFO - [2024-12-02T11:06:59.985+0000] {dag.py:4180} INFO - Setting next_dagrun for example_branch_dop_operator_v3 to 2024-12-02 11:05:00+00:00, run_after=2024-12-02 11:06:00+00:00
[2024-12-02T11:07:00.026+0000] {processor.py:208} INFO - Processing /home/airflow/.local/lib/python3.12/site-packages/airflow/example_dags/example_branch_python_dop_operator_3.py took 0.168 seconds
[2024-12-02T11:07:30.750+0000] {processor.py:186} INFO - Started process (PID=1203) to work on /home/airflow/.local/lib/python3.12/site-packages/airflow/example_dags/example_branch_python_dop_operator_3.py
[2024-12-02T11:07:30.752+0000] {processor.py:914} INFO - Processing file /home/airflow/.local/lib/python3.12/site-packages/airflow/example_dags/example_branch_python_dop_operator_3.py for tasks to queue
[2024-12-02T11:07:30.754+0000] {logging_mixin.py:190} INFO - [2024-12-02T11:07:30.754+0000] {dagbag.py:588} INFO - Filling up the DagBag from /home/airflow/.local/lib/python3.12/site-packages/airflow/example_dags/example_branch_python_dop_operator_3.py
[2024-12-02T11:07:30.761+0000] {processor.py:925} INFO - DAG(s) 'example_branch_dop_operator_v3' retrieved from /home/airflow/.local/lib/python3.12/site-packages/airflow/example_dags/example_branch_python_dop_operator_3.py
[2024-12-02T11:07:30.776+0000] {logging_mixin.py:190} INFO - [2024-12-02T11:07:30.776+0000] {dag.py:3239} INFO - Sync 1 DAGs
[2024-12-02T11:07:30.794+0000] {logging_mixin.py:190} INFO - [2024-12-02T11:07:30.794+0000] {dag.py:4180} INFO - Setting next_dagrun for example_branch_dop_operator_v3 to 2024-12-02 11:06:00+00:00, run_after=2024-12-02 11:07:00+00:00
[2024-12-02T11:07:30.811+0000] {processor.py:208} INFO - Processing /home/airflow/.local/lib/python3.12/site-packages/airflow/example_dags/example_branch_python_dop_operator_3.py took 0.066 seconds
[2024-12-02T11:08:01.191+0000] {processor.py:186} INFO - Started process (PID=1266) to work on /home/airflow/.local/lib/python3.12/site-packages/airflow/example_dags/example_branch_python_dop_operator_3.py
[2024-12-02T11:08:01.192+0000] {processor.py:914} INFO - Processing file /home/airflow/.local/lib/python3.12/site-packages/airflow/example_dags/example_branch_python_dop_operator_3.py for tasks to queue
[2024-12-02T11:08:01.194+0000] {logging_mixin.py:190} INFO - [2024-12-02T11:08:01.193+0000] {dagbag.py:588} INFO - Filling up the DagBag from /home/airflow/.local/lib/python3.12/site-packages/airflow/example_dags/example_branch_python_dop_operator_3.py
[2024-12-02T11:08:01.201+0000] {processor.py:925} INFO - DAG(s) 'example_branch_dop_operator_v3' retrieved from /home/airflow/.local/lib/python3.12/site-packages/airflow/example_dags/example_branch_python_dop_operator_3.py
[2024-12-02T11:08:01.239+0000] {logging_mixin.py:190} INFO - [2024-12-02T11:08:01.239+0000] {dag.py:3239} INFO - Sync 1 DAGs
[2024-12-02T11:08:01.264+0000] {logging_mixin.py:190} INFO - [2024-12-02T11:08:01.264+0000] {dag.py:4180} INFO - Setting next_dagrun for example_branch_dop_operator_v3 to 2024-12-02 11:07:00+00:00, run_after=2024-12-02 11:08:00+00:00
[2024-12-02T11:08:01.302+0000] {processor.py:208} INFO - Processing /home/airflow/.local/lib/python3.12/site-packages/airflow/example_dags/example_branch_python_dop_operator_3.py took 0.117 seconds
[2024-12-02T11:08:31.444+0000] {processor.py:186} INFO - Started process (PID=1330) to work on /home/airflow/.local/lib/python3.12/site-packages/airflow/example_dags/example_branch_python_dop_operator_3.py
[2024-12-02T11:08:31.445+0000] {processor.py:914} INFO - Processing file /home/airflow/.local/lib/python3.12/site-packages/airflow/example_dags/example_branch_python_dop_operator_3.py for tasks to queue
[2024-12-02T11:08:31.448+0000] {logging_mixin.py:190} INFO - [2024-12-02T11:08:31.447+0000] {dagbag.py:588} INFO - Filling up the DagBag from /home/airflow/.local/lib/python3.12/site-packages/airflow/example_dags/example_branch_python_dop_operator_3.py
[2024-12-02T11:08:31.461+0000] {processor.py:925} INFO - DAG(s) 'example_branch_dop_operator_v3' retrieved from /home/airflow/.local/lib/python3.12/site-packages/airflow/example_dags/example_branch_python_dop_operator_3.py
[2024-12-02T11:08:31.478+0000] {logging_mixin.py:190} INFO - [2024-12-02T11:08:31.478+0000] {dag.py:3239} INFO - Sync 1 DAGs
[2024-12-02T11:08:31.496+0000] {logging_mixin.py:190} INFO - [2024-12-02T11:08:31.496+0000] {dag.py:4180} INFO - Setting next_dagrun for example_branch_dop_operator_v3 to 2024-12-02 11:07:00+00:00, run_after=2024-12-02 11:08:00+00:00
[2024-12-02T11:08:31.516+0000] {processor.py:208} INFO - Processing /home/airflow/.local/lib/python3.12/site-packages/airflow/example_dags/example_branch_python_dop_operator_3.py took 0.078 seconds
[2024-12-02T11:09:02.318+0000] {processor.py:186} INFO - Started process (PID=1394) to work on /home/airflow/.local/lib/python3.12/site-packages/airflow/example_dags/example_branch_python_dop_operator_3.py
[2024-12-02T11:09:02.321+0000] {processor.py:914} INFO - Processing file /home/airflow/.local/lib/python3.12/site-packages/airflow/example_dags/example_branch_python_dop_operator_3.py for tasks to queue
[2024-12-02T11:09:02.323+0000] {logging_mixin.py:190} INFO - [2024-12-02T11:09:02.323+0000] {dagbag.py:588} INFO - Filling up the DagBag from /home/airflow/.local/lib/python3.12/site-packages/airflow/example_dags/example_branch_python_dop_operator_3.py
[2024-12-02T11:09:02.332+0000] {processor.py:925} INFO - DAG(s) 'example_branch_dop_operator_v3' retrieved from /home/airflow/.local/lib/python3.12/site-packages/airflow/example_dags/example_branch_python_dop_operator_3.py
[2024-12-02T11:09:02.355+0000] {logging_mixin.py:190} INFO - [2024-12-02T11:09:02.354+0000] {dag.py:3239} INFO - Sync 1 DAGs
[2024-12-02T11:09:02.379+0000] {logging_mixin.py:190} INFO - [2024-12-02T11:09:02.378+0000] {dag.py:4180} INFO - Setting next_dagrun for example_branch_dop_operator_v3 to 2024-12-02 11:08:00+00:00, run_after=2024-12-02 11:09:00+00:00
[2024-12-02T11:09:02.394+0000] {processor.py:208} INFO - Processing /home/airflow/.local/lib/python3.12/site-packages/airflow/example_dags/example_branch_python_dop_operator_3.py took 0.084 seconds
[2024-12-02T11:09:33.469+0000] {processor.py:186} INFO - Started process (PID=1458) to work on /home/airflow/.local/lib/python3.12/site-packages/airflow/example_dags/example_branch_python_dop_operator_3.py
[2024-12-02T11:09:33.470+0000] {processor.py:914} INFO - Processing file /home/airflow/.local/lib/python3.12/site-packages/airflow/example_dags/example_branch_python_dop_operator_3.py for tasks to queue
[2024-12-02T11:09:33.473+0000] {logging_mixin.py:190} INFO - [2024-12-02T11:09:33.472+0000] {dagbag.py:588} INFO - Filling up the DagBag from /home/airflow/.local/lib/python3.12/site-packages/airflow/example_dags/example_branch_python_dop_operator_3.py
[2024-12-02T11:09:33.502+0000] {processor.py:925} INFO - DAG(s) 'example_branch_dop_operator_v3' retrieved from /home/airflow/.local/lib/python3.12/site-packages/airflow/example_dags/example_branch_python_dop_operator_3.py
[2024-12-02T11:09:33.596+0000] {logging_mixin.py:190} INFO - [2024-12-02T11:09:33.596+0000] {dag.py:3239} INFO - Sync 1 DAGs
[2024-12-02T11:09:33.651+0000] {logging_mixin.py:190} INFO - [2024-12-02T11:09:33.650+0000] {dag.py:4180} INFO - Setting next_dagrun for example_branch_dop_operator_v3 to 2024-12-02 11:08:00+00:00, run_after=2024-12-02 11:09:00+00:00
[2024-12-02T11:09:33.721+0000] {processor.py:208} INFO - Processing /home/airflow/.local/lib/python3.12/site-packages/airflow/example_dags/example_branch_python_dop_operator_3.py took 0.276 seconds
[2024-12-02T11:10:04.633+0000] {processor.py:186} INFO - Started process (PID=1521) to work on /home/airflow/.local/lib/python3.12/site-packages/airflow/example_dags/example_branch_python_dop_operator_3.py
[2024-12-02T11:10:04.636+0000] {processor.py:914} INFO - Processing file /home/airflow/.local/lib/python3.12/site-packages/airflow/example_dags/example_branch_python_dop_operator_3.py for tasks to queue
[2024-12-02T11:10:04.639+0000] {logging_mixin.py:190} INFO - [2024-12-02T11:10:04.639+0000] {dagbag.py:588} INFO - Filling up the DagBag from /home/airflow/.local/lib/python3.12/site-packages/airflow/example_dags/example_branch_python_dop_operator_3.py
[2024-12-02T11:10:04.647+0000] {processor.py:925} INFO - DAG(s) 'example_branch_dop_operator_v3' retrieved from /home/airflow/.local/lib/python3.12/site-packages/airflow/example_dags/example_branch_python_dop_operator_3.py
[2024-12-02T11:10:04.661+0000] {logging_mixin.py:190} INFO - [2024-12-02T11:10:04.661+0000] {dag.py:3239} INFO - Sync 1 DAGs
[2024-12-02T11:10:04.683+0000] {logging_mixin.py:190} INFO - [2024-12-02T11:10:04.682+0000] {dag.py:4180} INFO - Setting next_dagrun for example_branch_dop_operator_v3 to 2024-12-02 11:09:00+00:00, run_after=2024-12-02 11:10:00+00:00
[2024-12-02T11:10:04.701+0000] {processor.py:208} INFO - Processing /home/airflow/.local/lib/python3.12/site-packages/airflow/example_dags/example_branch_python_dop_operator_3.py took 0.071 seconds
[2024-12-02T11:10:35.624+0000] {processor.py:186} INFO - Started process (PID=1585) to work on /home/airflow/.local/lib/python3.12/site-packages/airflow/example_dags/example_branch_python_dop_operator_3.py
[2024-12-02T11:10:35.625+0000] {processor.py:914} INFO - Processing file /home/airflow/.local/lib/python3.12/site-packages/airflow/example_dags/example_branch_python_dop_operator_3.py for tasks to queue
[2024-12-02T11:10:35.627+0000] {logging_mixin.py:190} INFO - [2024-12-02T11:10:35.626+0000] {dagbag.py:588} INFO - Filling up the DagBag from /home/airflow/.local/lib/python3.12/site-packages/airflow/example_dags/example_branch_python_dop_operator_3.py
[2024-12-02T11:10:35.634+0000] {processor.py:925} INFO - DAG(s) 'example_branch_dop_operator_v3' retrieved from /home/airflow/.local/lib/python3.12/site-packages/airflow/example_dags/example_branch_python_dop_operator_3.py
[2024-12-02T11:10:35.649+0000] {logging_mixin.py:190} INFO - [2024-12-02T11:10:35.649+0000] {dag.py:3239} INFO - Sync 1 DAGs
[2024-12-02T11:10:35.666+0000] {logging_mixin.py:190} INFO - [2024-12-02T11:10:35.666+0000] {dag.py:4180} INFO - Setting next_dagrun for example_branch_dop_operator_v3 to 2024-12-02 11:09:00+00:00, run_after=2024-12-02 11:10:00+00:00
[2024-12-02T11:10:35.682+0000] {processor.py:208} INFO - Processing /home/airflow/.local/lib/python3.12/site-packages/airflow/example_dags/example_branch_python_dop_operator_3.py took 0.062 seconds
[2024-12-02T11:11:06.015+0000] {processor.py:186} INFO - Started process (PID=1649) to work on /home/airflow/.local/lib/python3.12/site-packages/airflow/example_dags/example_branch_python_dop_operator_3.py
[2024-12-02T11:11:06.017+0000] {processor.py:914} INFO - Processing file /home/airflow/.local/lib/python3.12/site-packages/airflow/example_dags/example_branch_python_dop_operator_3.py for tasks to queue
[2024-12-02T11:11:06.019+0000] {logging_mixin.py:190} INFO - [2024-12-02T11:11:06.019+0000] {dagbag.py:588} INFO - Filling up the DagBag from /home/airflow/.local/lib/python3.12/site-packages/airflow/example_dags/example_branch_python_dop_operator_3.py
[2024-12-02T11:11:06.027+0000] {processor.py:925} INFO - DAG(s) 'example_branch_dop_operator_v3' retrieved from /home/airflow/.local/lib/python3.12/site-packages/airflow/example_dags/example_branch_python_dop_operator_3.py
[2024-12-02T11:11:06.041+0000] {logging_mixin.py:190} INFO - [2024-12-02T11:11:06.041+0000] {dag.py:3239} INFO - Sync 1 DAGs
[2024-12-02T11:11:06.059+0000] {logging_mixin.py:190} INFO - [2024-12-02T11:11:06.059+0000] {dag.py:4180} INFO - Setting next_dagrun for example_branch_dop_operator_v3 to 2024-12-02 11:10:00+00:00, run_after=2024-12-02 11:11:00+00:00
[2024-12-02T11:11:06.073+0000] {processor.py:208} INFO - Processing /home/airflow/.local/lib/python3.12/site-packages/airflow/example_dags/example_branch_python_dop_operator_3.py took 0.063 seconds
[2024-12-02T11:11:36.524+0000] {processor.py:186} INFO - Started process (PID=1714) to work on /home/airflow/.local/lib/python3.12/site-packages/airflow/example_dags/example_branch_python_dop_operator_3.py
[2024-12-02T11:11:36.527+0000] {processor.py:914} INFO - Processing file /home/airflow/.local/lib/python3.12/site-packages/airflow/example_dags/example_branch_python_dop_operator_3.py for tasks to queue
[2024-12-02T11:11:36.532+0000] {logging_mixin.py:190} INFO - [2024-12-02T11:11:36.531+0000] {dagbag.py:588} INFO - Filling up the DagBag from /home/airflow/.local/lib/python3.12/site-packages/airflow/example_dags/example_branch_python_dop_operator_3.py
[2024-12-02T11:11:36.547+0000] {processor.py:925} INFO - DAG(s) 'example_branch_dop_operator_v3' retrieved from /home/airflow/.local/lib/python3.12/site-packages/airflow/example_dags/example_branch_python_dop_operator_3.py
[2024-12-02T11:11:36.569+0000] {logging_mixin.py:190} INFO - [2024-12-02T11:11:36.569+0000] {dag.py:3239} INFO - Sync 1 DAGs
[2024-12-02T11:11:36.602+0000] {logging_mixin.py:190} INFO - [2024-12-02T11:11:36.602+0000] {dag.py:4180} INFO - Setting next_dagrun for example_branch_dop_operator_v3 to 2024-12-02 11:10:00+00:00, run_after=2024-12-02 11:11:00+00:00
[2024-12-02T11:11:36.627+0000] {processor.py:208} INFO - Processing /home/airflow/.local/lib/python3.12/site-packages/airflow/example_dags/example_branch_python_dop_operator_3.py took 0.114 seconds
[2024-12-02T11:12:07.050+0000] {processor.py:186} INFO - Started process (PID=1778) to work on /home/airflow/.local/lib/python3.12/site-packages/airflow/example_dags/example_branch_python_dop_operator_3.py
[2024-12-02T11:12:07.052+0000] {processor.py:914} INFO - Processing file /home/airflow/.local/lib/python3.12/site-packages/airflow/example_dags/example_branch_python_dop_operator_3.py for tasks to queue
[2024-12-02T11:12:07.054+0000] {logging_mixin.py:190} INFO - [2024-12-02T11:12:07.053+0000] {dagbag.py:588} INFO - Filling up the DagBag from /home/airflow/.local/lib/python3.12/site-packages/airflow/example_dags/example_branch_python_dop_operator_3.py
[2024-12-02T11:12:07.063+0000] {processor.py:925} INFO - DAG(s) 'example_branch_dop_operator_v3' retrieved from /home/airflow/.local/lib/python3.12/site-packages/airflow/example_dags/example_branch_python_dop_operator_3.py
[2024-12-02T11:12:07.079+0000] {logging_mixin.py:190} INFO - [2024-12-02T11:12:07.079+0000] {dag.py:3239} INFO - Sync 1 DAGs
[2024-12-02T11:12:07.112+0000] {logging_mixin.py:190} INFO - [2024-12-02T11:12:07.112+0000] {dag.py:4180} INFO - Setting next_dagrun for example_branch_dop_operator_v3 to 2024-12-02 11:11:00+00:00, run_after=2024-12-02 11:12:00+00:00
[2024-12-02T11:12:07.129+0000] {processor.py:208} INFO - Processing /home/airflow/.local/lib/python3.12/site-packages/airflow/example_dags/example_branch_python_dop_operator_3.py took 0.083 seconds
[2024-12-02T11:12:37.350+0000] {processor.py:186} INFO - Started process (PID=1836) to work on /home/airflow/.local/lib/python3.12/site-packages/airflow/example_dags/example_branch_python_dop_operator_3.py
[2024-12-02T11:12:37.352+0000] {processor.py:914} INFO - Processing file /home/airflow/.local/lib/python3.12/site-packages/airflow/example_dags/example_branch_python_dop_operator_3.py for tasks to queue
[2024-12-02T11:12:37.354+0000] {logging_mixin.py:190} INFO - [2024-12-02T11:12:37.354+0000] {dagbag.py:588} INFO - Filling up the DagBag from /home/airflow/.local/lib/python3.12/site-packages/airflow/example_dags/example_branch_python_dop_operator_3.py
[2024-12-02T11:12:37.363+0000] {processor.py:925} INFO - DAG(s) 'example_branch_dop_operator_v3' retrieved from /home/airflow/.local/lib/python3.12/site-packages/airflow/example_dags/example_branch_python_dop_operator_3.py
[2024-12-02T11:12:37.382+0000] {logging_mixin.py:190} INFO - [2024-12-02T11:12:37.380+0000] {dag.py:3239} INFO - Sync 1 DAGs
[2024-12-02T11:12:37.407+0000] {logging_mixin.py:190} INFO - [2024-12-02T11:12:37.407+0000] {dag.py:4180} INFO - Setting next_dagrun for example_branch_dop_operator_v3 to 2024-12-02 11:11:00+00:00, run_after=2024-12-02 11:12:00+00:00
[2024-12-02T11:12:37.424+0000] {processor.py:208} INFO - Processing /home/airflow/.local/lib/python3.12/site-packages/airflow/example_dags/example_branch_python_dop_operator_3.py took 0.079 seconds
[2024-12-02T11:13:07.611+0000] {processor.py:186} INFO - Started process (PID=1901) to work on /home/airflow/.local/lib/python3.12/site-packages/airflow/example_dags/example_branch_python_dop_operator_3.py
[2024-12-02T11:13:07.629+0000] {processor.py:914} INFO - Processing file /home/airflow/.local/lib/python3.12/site-packages/airflow/example_dags/example_branch_python_dop_operator_3.py for tasks to queue
[2024-12-02T11:13:07.633+0000] {logging_mixin.py:190} INFO - [2024-12-02T11:13:07.633+0000] {dagbag.py:588} INFO - Filling up the DagBag from /home/airflow/.local/lib/python3.12/site-packages/airflow/example_dags/example_branch_python_dop_operator_3.py
[2024-12-02T11:13:07.646+0000] {processor.py:925} INFO - DAG(s) 'example_branch_dop_operator_v3' retrieved from /home/airflow/.local/lib/python3.12/site-packages/airflow/example_dags/example_branch_python_dop_operator_3.py
[2024-12-02T11:13:07.662+0000] {logging_mixin.py:190} INFO - [2024-12-02T11:13:07.662+0000] {dag.py:3239} INFO - Sync 1 DAGs
[2024-12-02T11:13:07.681+0000] {logging_mixin.py:190} INFO - [2024-12-02T11:13:07.681+0000] {dag.py:4180} INFO - Setting next_dagrun for example_branch_dop_operator_v3 to 2024-12-02 11:12:00+00:00, run_after=2024-12-02 11:13:00+00:00
[2024-12-02T11:13:07.695+0000] {processor.py:208} INFO - Processing /home/airflow/.local/lib/python3.12/site-packages/airflow/example_dags/example_branch_python_dop_operator_3.py took 0.097 seconds
[2024-12-02T11:13:37.908+0000] {processor.py:186} INFO - Started process (PID=1966) to work on /home/airflow/.local/lib/python3.12/site-packages/airflow/example_dags/example_branch_python_dop_operator_3.py
[2024-12-02T11:13:37.911+0000] {processor.py:914} INFO - Processing file /home/airflow/.local/lib/python3.12/site-packages/airflow/example_dags/example_branch_python_dop_operator_3.py for tasks to queue
[2024-12-02T11:13:37.915+0000] {logging_mixin.py:190} INFO - [2024-12-02T11:13:37.914+0000] {dagbag.py:588} INFO - Filling up the DagBag from /home/airflow/.local/lib/python3.12/site-packages/airflow/example_dags/example_branch_python_dop_operator_3.py
[2024-12-02T11:13:37.928+0000] {processor.py:925} INFO - DAG(s) 'example_branch_dop_operator_v3' retrieved from /home/airflow/.local/lib/python3.12/site-packages/airflow/example_dags/example_branch_python_dop_operator_3.py
[2024-12-02T11:13:37.968+0000] {logging_mixin.py:190} INFO - [2024-12-02T11:13:37.967+0000] {dag.py:3239} INFO - Sync 1 DAGs
[2024-12-02T11:13:38.007+0000] {logging_mixin.py:190} INFO - [2024-12-02T11:13:38.007+0000] {dag.py:4180} INFO - Setting next_dagrun for example_branch_dop_operator_v3 to 2024-12-02 11:12:00+00:00, run_after=2024-12-02 11:13:00+00:00
[2024-12-02T11:13:38.042+0000] {processor.py:208} INFO - Processing /home/airflow/.local/lib/python3.12/site-packages/airflow/example_dags/example_branch_python_dop_operator_3.py took 0.145 seconds
[2024-12-02T11:14:09.153+0000] {processor.py:186} INFO - Started process (PID=2032) to work on /home/airflow/.local/lib/python3.12/site-packages/airflow/example_dags/example_branch_python_dop_operator_3.py
[2024-12-02T11:14:09.163+0000] {processor.py:914} INFO - Processing file /home/airflow/.local/lib/python3.12/site-packages/airflow/example_dags/example_branch_python_dop_operator_3.py for tasks to queue
[2024-12-02T11:14:09.168+0000] {logging_mixin.py:190} INFO - [2024-12-02T11:14:09.168+0000] {dagbag.py:588} INFO - Filling up the DagBag from /home/airflow/.local/lib/python3.12/site-packages/airflow/example_dags/example_branch_python_dop_operator_3.py
[2024-12-02T11:14:09.204+0000] {processor.py:925} INFO - DAG(s) 'example_branch_dop_operator_v3' retrieved from /home/airflow/.local/lib/python3.12/site-packages/airflow/example_dags/example_branch_python_dop_operator_3.py
[2024-12-02T11:14:09.255+0000] {logging_mixin.py:190} INFO - [2024-12-02T11:14:09.254+0000] {dag.py:3239} INFO - Sync 1 DAGs
[2024-12-02T11:14:09.331+0000] {logging_mixin.py:190} INFO - [2024-12-02T11:14:09.330+0000] {dag.py:4180} INFO - Setting next_dagrun for example_branch_dop_operator_v3 to 2024-12-02 11:13:00+00:00, run_after=2024-12-02 11:14:00+00:00
[2024-12-02T11:14:09.482+0000] {processor.py:208} INFO - Processing /home/airflow/.local/lib/python3.12/site-packages/airflow/example_dags/example_branch_python_dop_operator_3.py took 0.342 seconds
[2024-12-02T11:14:41.727+0000] {processor.py:186} INFO - Started process (PID=2095) to work on /home/airflow/.local/lib/python3.12/site-packages/airflow/example_dags/example_branch_python_dop_operator_3.py
[2024-12-02T11:14:41.733+0000] {processor.py:914} INFO - Processing file /home/airflow/.local/lib/python3.12/site-packages/airflow/example_dags/example_branch_python_dop_operator_3.py for tasks to queue
[2024-12-02T11:14:41.737+0000] {logging_mixin.py:190} INFO - [2024-12-02T11:14:41.737+0000] {dagbag.py:588} INFO - Filling up the DagBag from /home/airflow/.local/lib/python3.12/site-packages/airflow/example_dags/example_branch_python_dop_operator_3.py
[2024-12-02T11:14:41.753+0000] {processor.py:925} INFO - DAG(s) 'example_branch_dop_operator_v3' retrieved from /home/airflow/.local/lib/python3.12/site-packages/airflow/example_dags/example_branch_python_dop_operator_3.py
[2024-12-02T11:14:41.795+0000] {logging_mixin.py:190} INFO - [2024-12-02T11:14:41.795+0000] {dag.py:3239} INFO - Sync 1 DAGs
[2024-12-02T11:14:41.844+0000] {logging_mixin.py:190} INFO - [2024-12-02T11:14:41.844+0000] {dag.py:4180} INFO - Setting next_dagrun for example_branch_dop_operator_v3 to 2024-12-02 11:13:00+00:00, run_after=2024-12-02 11:14:00+00:00
[2024-12-02T11:14:41.884+0000] {processor.py:208} INFO - Processing /home/airflow/.local/lib/python3.12/site-packages/airflow/example_dags/example_branch_python_dop_operator_3.py took 0.169 seconds
[2024-12-02T11:15:15.791+0000] {processor.py:186} INFO - Started process (PID=2160) to work on /home/airflow/.local/lib/python3.12/site-packages/airflow/example_dags/example_branch_python_dop_operator_3.py
[2024-12-02T11:15:15.793+0000] {processor.py:914} INFO - Processing file /home/airflow/.local/lib/python3.12/site-packages/airflow/example_dags/example_branch_python_dop_operator_3.py for tasks to queue
[2024-12-02T11:15:15.795+0000] {logging_mixin.py:190} INFO - [2024-12-02T11:15:15.795+0000] {dagbag.py:588} INFO - Filling up the DagBag from /home/airflow/.local/lib/python3.12/site-packages/airflow/example_dags/example_branch_python_dop_operator_3.py
[2024-12-02T11:15:15.805+0000] {processor.py:925} INFO - DAG(s) 'example_branch_dop_operator_v3' retrieved from /home/airflow/.local/lib/python3.12/site-packages/airflow/example_dags/example_branch_python_dop_operator_3.py
[2024-12-02T11:15:15.818+0000] {logging_mixin.py:190} INFO - [2024-12-02T11:15:15.817+0000] {dag.py:3239} INFO - Sync 1 DAGs
[2024-12-02T11:15:15.835+0000] {logging_mixin.py:190} INFO - [2024-12-02T11:15:15.835+0000] {dag.py:4180} INFO - Setting next_dagrun for example_branch_dop_operator_v3 to 2024-12-02 11:14:00+00:00, run_after=2024-12-02 11:15:00+00:00
[2024-12-02T11:15:15.851+0000] {processor.py:208} INFO - Processing /home/airflow/.local/lib/python3.12/site-packages/airflow/example_dags/example_branch_python_dop_operator_3.py took 0.064 seconds
[2024-12-02T11:15:46.465+0000] {processor.py:186} INFO - Started process (PID=2224) to work on /home/airflow/.local/lib/python3.12/site-packages/airflow/example_dags/example_branch_python_dop_operator_3.py
[2024-12-02T11:15:46.466+0000] {processor.py:914} INFO - Processing file /home/airflow/.local/lib/python3.12/site-packages/airflow/example_dags/example_branch_python_dop_operator_3.py for tasks to queue
[2024-12-02T11:15:46.467+0000] {logging_mixin.py:190} INFO - [2024-12-02T11:15:46.466+0000] {dagbag.py:588} INFO - Filling up the DagBag from /home/airflow/.local/lib/python3.12/site-packages/airflow/example_dags/example_branch_python_dop_operator_3.py
[2024-12-02T11:15:46.474+0000] {processor.py:925} INFO - DAG(s) 'example_branch_dop_operator_v3' retrieved from /home/airflow/.local/lib/python3.12/site-packages/airflow/example_dags/example_branch_python_dop_operator_3.py
[2024-12-02T11:15:46.490+0000] {logging_mixin.py:190} INFO - [2024-12-02T11:15:46.490+0000] {dag.py:3239} INFO - Sync 1 DAGs
[2024-12-02T11:15:46.508+0000] {logging_mixin.py:190} INFO - [2024-12-02T11:15:46.508+0000] {dag.py:4180} INFO - Setting next_dagrun for example_branch_dop_operator_v3 to 2024-12-02 11:14:00+00:00, run_after=2024-12-02 11:15:00+00:00
[2024-12-02T11:15:46.523+0000] {processor.py:208} INFO - Processing /home/airflow/.local/lib/python3.12/site-packages/airflow/example_dags/example_branch_python_dop_operator_3.py took 0.062 seconds
[2024-12-02T11:16:16.604+0000] {processor.py:186} INFO - Started process (PID=2289) to work on /home/airflow/.local/lib/python3.12/site-packages/airflow/example_dags/example_branch_python_dop_operator_3.py
[2024-12-02T11:16:16.606+0000] {processor.py:914} INFO - Processing file /home/airflow/.local/lib/python3.12/site-packages/airflow/example_dags/example_branch_python_dop_operator_3.py for tasks to queue
[2024-12-02T11:16:16.607+0000] {logging_mixin.py:190} INFO - [2024-12-02T11:16:16.607+0000] {dagbag.py:588} INFO - Filling up the DagBag from /home/airflow/.local/lib/python3.12/site-packages/airflow/example_dags/example_branch_python_dop_operator_3.py
[2024-12-02T11:16:16.619+0000] {processor.py:925} INFO - DAG(s) 'example_branch_dop_operator_v3' retrieved from /home/airflow/.local/lib/python3.12/site-packages/airflow/example_dags/example_branch_python_dop_operator_3.py
[2024-12-02T11:16:16.635+0000] {logging_mixin.py:190} INFO - [2024-12-02T11:16:16.635+0000] {dag.py:3239} INFO - Sync 1 DAGs
[2024-12-02T11:16:16.654+0000] {logging_mixin.py:190} INFO - [2024-12-02T11:16:16.654+0000] {dag.py:4180} INFO - Setting next_dagrun for example_branch_dop_operator_v3 to 2024-12-02 11:15:00+00:00, run_after=2024-12-02 11:16:00+00:00
[2024-12-02T11:16:16.668+0000] {processor.py:208} INFO - Processing /home/airflow/.local/lib/python3.12/site-packages/airflow/example_dags/example_branch_python_dop_operator_3.py took 0.068 seconds
[2024-12-02T11:16:47.552+0000] {processor.py:186} INFO - Started process (PID=2353) to work on /home/airflow/.local/lib/python3.12/site-packages/airflow/example_dags/example_branch_python_dop_operator_3.py
[2024-12-02T11:16:47.555+0000] {processor.py:914} INFO - Processing file /home/airflow/.local/lib/python3.12/site-packages/airflow/example_dags/example_branch_python_dop_operator_3.py for tasks to queue
[2024-12-02T11:16:47.558+0000] {logging_mixin.py:190} INFO - [2024-12-02T11:16:47.556+0000] {dagbag.py:588} INFO - Filling up the DagBag from /home/airflow/.local/lib/python3.12/site-packages/airflow/example_dags/example_branch_python_dop_operator_3.py
[2024-12-02T11:16:47.572+0000] {processor.py:925} INFO - DAG(s) 'example_branch_dop_operator_v3' retrieved from /home/airflow/.local/lib/python3.12/site-packages/airflow/example_dags/example_branch_python_dop_operator_3.py
[2024-12-02T11:16:47.609+0000] {logging_mixin.py:190} INFO - [2024-12-02T11:16:47.609+0000] {dag.py:3239} INFO - Sync 1 DAGs
[2024-12-02T11:16:47.688+0000] {logging_mixin.py:190} INFO - [2024-12-02T11:16:47.688+0000] {dag.py:4180} INFO - Setting next_dagrun for example_branch_dop_operator_v3 to 2024-12-02 11:15:00+00:00, run_after=2024-12-02 11:16:00+00:00
[2024-12-02T11:16:47.733+0000] {processor.py:208} INFO - Processing /home/airflow/.local/lib/python3.12/site-packages/airflow/example_dags/example_branch_python_dop_operator_3.py took 0.190 seconds
[2024-12-02T11:17:17.795+0000] {processor.py:186} INFO - Started process (PID=2418) to work on /home/airflow/.local/lib/python3.12/site-packages/airflow/example_dags/example_branch_python_dop_operator_3.py
[2024-12-02T11:17:17.798+0000] {processor.py:914} INFO - Processing file /home/airflow/.local/lib/python3.12/site-packages/airflow/example_dags/example_branch_python_dop_operator_3.py for tasks to queue
[2024-12-02T11:17:17.799+0000] {logging_mixin.py:190} INFO - [2024-12-02T11:17:17.798+0000] {dagbag.py:588} INFO - Filling up the DagBag from /home/airflow/.local/lib/python3.12/site-packages/airflow/example_dags/example_branch_python_dop_operator_3.py
[2024-12-02T11:17:17.807+0000] {processor.py:925} INFO - DAG(s) 'example_branch_dop_operator_v3' retrieved from /home/airflow/.local/lib/python3.12/site-packages/airflow/example_dags/example_branch_python_dop_operator_3.py
[2024-12-02T11:17:17.826+0000] {logging_mixin.py:190} INFO - [2024-12-02T11:17:17.826+0000] {dag.py:3239} INFO - Sync 1 DAGs
[2024-12-02T11:17:17.847+0000] {logging_mixin.py:190} INFO - [2024-12-02T11:17:17.847+0000] {dag.py:4180} INFO - Setting next_dagrun for example_branch_dop_operator_v3 to 2024-12-02 11:16:00+00:00, run_after=2024-12-02 11:17:00+00:00
[2024-12-02T11:17:17.869+0000] {processor.py:208} INFO - Processing /home/airflow/.local/lib/python3.12/site-packages/airflow/example_dags/example_branch_python_dop_operator_3.py took 0.078 seconds
[2024-12-02T11:17:47.905+0000] {processor.py:186} INFO - Started process (PID=2482) to work on /home/airflow/.local/lib/python3.12/site-packages/airflow/example_dags/example_branch_python_dop_operator_3.py
[2024-12-02T11:17:47.906+0000] {processor.py:914} INFO - Processing file /home/airflow/.local/lib/python3.12/site-packages/airflow/example_dags/example_branch_python_dop_operator_3.py for tasks to queue
[2024-12-02T11:17:47.907+0000] {logging_mixin.py:190} INFO - [2024-12-02T11:17:47.906+0000] {dagbag.py:588} INFO - Filling up the DagBag from /home/airflow/.local/lib/python3.12/site-packages/airflow/example_dags/example_branch_python_dop_operator_3.py
[2024-12-02T11:17:47.915+0000] {processor.py:925} INFO - DAG(s) 'example_branch_dop_operator_v3' retrieved from /home/airflow/.local/lib/python3.12/site-packages/airflow/example_dags/example_branch_python_dop_operator_3.py
[2024-12-02T11:17:47.930+0000] {logging_mixin.py:190} INFO - [2024-12-02T11:17:47.930+0000] {dag.py:3239} INFO - Sync 1 DAGs
[2024-12-02T11:17:47.952+0000] {logging_mixin.py:190} INFO - [2024-12-02T11:17:47.952+0000] {dag.py:4180} INFO - Setting next_dagrun for example_branch_dop_operator_v3 to 2024-12-02 11:16:00+00:00, run_after=2024-12-02 11:17:00+00:00
[2024-12-02T11:17:47.970+0000] {processor.py:208} INFO - Processing /home/airflow/.local/lib/python3.12/site-packages/airflow/example_dags/example_branch_python_dop_operator_3.py took 0.069 seconds
[2024-12-02T11:18:18.206+0000] {processor.py:186} INFO - Started process (PID=2546) to work on /home/airflow/.local/lib/python3.12/site-packages/airflow/example_dags/example_branch_python_dop_operator_3.py
[2024-12-02T11:18:18.208+0000] {processor.py:914} INFO - Processing file /home/airflow/.local/lib/python3.12/site-packages/airflow/example_dags/example_branch_python_dop_operator_3.py for tasks to queue
[2024-12-02T11:18:18.210+0000] {logging_mixin.py:190} INFO - [2024-12-02T11:18:18.210+0000] {dagbag.py:588} INFO - Filling up the DagBag from /home/airflow/.local/lib/python3.12/site-packages/airflow/example_dags/example_branch_python_dop_operator_3.py
[2024-12-02T11:18:18.218+0000] {processor.py:925} INFO - DAG(s) 'example_branch_dop_operator_v3' retrieved from /home/airflow/.local/lib/python3.12/site-packages/airflow/example_dags/example_branch_python_dop_operator_3.py
[2024-12-02T11:18:18.234+0000] {logging_mixin.py:190} INFO - [2024-12-02T11:18:18.234+0000] {dag.py:3239} INFO - Sync 1 DAGs
[2024-12-02T11:18:18.257+0000] {logging_mixin.py:190} INFO - [2024-12-02T11:18:18.257+0000] {dag.py:4180} INFO - Setting next_dagrun for example_branch_dop_operator_v3 to 2024-12-02 11:17:00+00:00, run_after=2024-12-02 11:18:00+00:00
[2024-12-02T11:18:18.272+0000] {processor.py:208} INFO - Processing /home/airflow/.local/lib/python3.12/site-packages/airflow/example_dags/example_branch_python_dop_operator_3.py took 0.071 seconds
[2024-12-02T11:18:49.073+0000] {processor.py:186} INFO - Started process (PID=2611) to work on /home/airflow/.local/lib/python3.12/site-packages/airflow/example_dags/example_branch_python_dop_operator_3.py
[2024-12-02T11:18:49.074+0000] {processor.py:914} INFO - Processing file /home/airflow/.local/lib/python3.12/site-packages/airflow/example_dags/example_branch_python_dop_operator_3.py for tasks to queue
[2024-12-02T11:18:49.075+0000] {logging_mixin.py:190} INFO - [2024-12-02T11:18:49.075+0000] {dagbag.py:588} INFO - Filling up the DagBag from /home/airflow/.local/lib/python3.12/site-packages/airflow/example_dags/example_branch_python_dop_operator_3.py
[2024-12-02T11:18:49.083+0000] {processor.py:925} INFO - DAG(s) 'example_branch_dop_operator_v3' retrieved from /home/airflow/.local/lib/python3.12/site-packages/airflow/example_dags/example_branch_python_dop_operator_3.py
[2024-12-02T11:18:49.097+0000] {logging_mixin.py:190} INFO - [2024-12-02T11:18:49.097+0000] {dag.py:3239} INFO - Sync 1 DAGs
[2024-12-02T11:18:49.115+0000] {logging_mixin.py:190} INFO - [2024-12-02T11:18:49.115+0000] {dag.py:4180} INFO - Setting next_dagrun for example_branch_dop_operator_v3 to 2024-12-02 11:17:00+00:00, run_after=2024-12-02 11:18:00+00:00
[2024-12-02T11:18:49.129+0000] {processor.py:208} INFO - Processing /home/airflow/.local/lib/python3.12/site-packages/airflow/example_dags/example_branch_python_dop_operator_3.py took 0.062 seconds
[2024-12-02T11:19:22.272+0000] {processor.py:186} INFO - Started process (PID=2676) to work on /home/airflow/.local/lib/python3.12/site-packages/airflow/example_dags/example_branch_python_dop_operator_3.py
[2024-12-02T11:19:22.275+0000] {processor.py:914} INFO - Processing file /home/airflow/.local/lib/python3.12/site-packages/airflow/example_dags/example_branch_python_dop_operator_3.py for tasks to queue
[2024-12-02T11:19:22.277+0000] {logging_mixin.py:190} INFO - [2024-12-02T11:19:22.277+0000] {dagbag.py:588} INFO - Filling up the DagBag from /home/airflow/.local/lib/python3.12/site-packages/airflow/example_dags/example_branch_python_dop_operator_3.py
[2024-12-02T11:19:22.293+0000] {processor.py:925} INFO - DAG(s) 'example_branch_dop_operator_v3' retrieved from /home/airflow/.local/lib/python3.12/site-packages/airflow/example_dags/example_branch_python_dop_operator_3.py
[2024-12-02T11:19:22.320+0000] {logging_mixin.py:190} INFO - [2024-12-02T11:19:22.320+0000] {dag.py:3239} INFO - Sync 1 DAGs
[2024-12-02T11:19:22.354+0000] {logging_mixin.py:190} INFO - [2024-12-02T11:19:22.354+0000] {dag.py:4180} INFO - Setting next_dagrun for example_branch_dop_operator_v3 to 2024-12-02 11:18:00+00:00, run_after=2024-12-02 11:19:00+00:00
[2024-12-02T11:19:22.386+0000] {processor.py:208} INFO - Processing /home/airflow/.local/lib/python3.12/site-packages/airflow/example_dags/example_branch_python_dop_operator_3.py took 0.122 seconds
[2024-12-02T11:19:52.440+0000] {processor.py:186} INFO - Started process (PID=2737) to work on /home/airflow/.local/lib/python3.12/site-packages/airflow/example_dags/example_branch_python_dop_operator_3.py
[2024-12-02T11:19:52.441+0000] {processor.py:914} INFO - Processing file /home/airflow/.local/lib/python3.12/site-packages/airflow/example_dags/example_branch_python_dop_operator_3.py for tasks to queue
[2024-12-02T11:19:52.442+0000] {logging_mixin.py:190} INFO - [2024-12-02T11:19:52.441+0000] {dagbag.py:588} INFO - Filling up the DagBag from /home/airflow/.local/lib/python3.12/site-packages/airflow/example_dags/example_branch_python_dop_operator_3.py
[2024-12-02T11:19:52.463+0000] {processor.py:925} INFO - DAG(s) 'example_branch_dop_operator_v3' retrieved from /home/airflow/.local/lib/python3.12/site-packages/airflow/example_dags/example_branch_python_dop_operator_3.py
[2024-12-02T11:19:52.493+0000] {logging_mixin.py:190} INFO - [2024-12-02T11:19:52.493+0000] {dag.py:3239} INFO - Sync 1 DAGs
[2024-12-02T11:19:52.554+0000] {logging_mixin.py:190} INFO - [2024-12-02T11:19:52.554+0000] {dag.py:4180} INFO - Setting next_dagrun for example_branch_dop_operator_v3 to 2024-12-02 11:18:00+00:00, run_after=2024-12-02 11:19:00+00:00
[2024-12-02T11:19:52.590+0000] {processor.py:208} INFO - Processing /home/airflow/.local/lib/python3.12/site-packages/airflow/example_dags/example_branch_python_dop_operator_3.py took 0.161 seconds
