[2024-12-02T10:38:32.416+0000] {processor.py:186} INFO - Started process (PID=111) to work on /home/airflow/.local/lib/python3.12/site-packages/airflow/example_dags/example_sla_dag.py
[2024-12-02T10:38:32.442+0000] {processor.py:914} INFO - Processing file /home/airflow/.local/lib/python3.12/site-packages/airflow/example_dags/example_sla_dag.py for tasks to queue
[2024-12-02T10:38:32.445+0000] {logging_mixin.py:190} INFO - [2024-12-02T10:38:32.444+0000] {dagbag.py:588} INFO - Filling up the DagBag from /home/airflow/.local/lib/python3.12/site-packages/airflow/example_dags/example_sla_dag.py
[2024-12-02T10:38:32.499+0000] {processor.py:925} INFO - DAG(s) 'example_sla_dag' retrieved from /home/airflow/.local/lib/python3.12/site-packages/airflow/example_dags/example_sla_dag.py
[2024-12-02T10:38:32.932+0000] {logging_mixin.py:190} INFO - [2024-12-02T10:38:32.930+0000] {override.py:1911} INFO - Created Permission View: can edit on DAG:example_sla_dag
[2024-12-02T10:38:32.953+0000] {logging_mixin.py:190} INFO - [2024-12-02T10:38:32.952+0000] {override.py:1911} INFO - Created Permission View: can read on DAG:example_sla_dag
[2024-12-02T10:38:32.980+0000] {logging_mixin.py:190} INFO - [2024-12-02T10:38:32.979+0000] {override.py:1911} INFO - Created Permission View: can delete on DAG:example_sla_dag
[2024-12-02T10:38:32.987+0000] {logging_mixin.py:190} INFO - [2024-12-02T10:38:32.986+0000] {override.py:1911} INFO - Created Permission View: menu access on DAG Run:example_sla_dag
[2024-12-02T10:38:33.022+0000] {logging_mixin.py:190} INFO - [2024-12-02T10:38:33.021+0000] {override.py:1911} INFO - Created Permission View: can read on DAG Run:example_sla_dag
[2024-12-02T10:38:33.050+0000] {logging_mixin.py:190} INFO - [2024-12-02T10:38:33.049+0000] {override.py:1911} INFO - Created Permission View: can delete on DAG Run:example_sla_dag
[2024-12-02T10:38:33.088+0000] {logging_mixin.py:190} INFO - [2024-12-02T10:38:33.087+0000] {override.py:1911} INFO - Created Permission View: can create on DAG Run:example_sla_dag
[2024-12-02T10:38:33.092+0000] {logging_mixin.py:190} INFO - [2024-12-02T10:38:33.092+0000] {dag.py:3239} INFO - Sync 1 DAGs
[2024-12-02T10:38:33.160+0000] {logging_mixin.py:190} INFO - [2024-12-02T10:38:33.160+0000] {dag.py:3262} INFO - Creating ORM DAG for example_sla_dag
[2024-12-02T10:38:33.198+0000] {logging_mixin.py:190} INFO - [2024-12-02T10:38:33.198+0000] {dag.py:4180} INFO - Setting next_dagrun for example_sla_dag to 2024-12-02 10:36:00+00:00, run_after=2024-12-02 10:38:00+00:00
[2024-12-02T10:38:33.285+0000] {processor.py:208} INFO - Processing /home/airflow/.local/lib/python3.12/site-packages/airflow/example_dags/example_sla_dag.py took 0.881 seconds
[2024-12-02T10:39:10.526+0000] {processor.py:186} INFO - Started process (PID=175) to work on /home/airflow/.local/lib/python3.12/site-packages/airflow/example_dags/example_sla_dag.py
[2024-12-02T10:39:10.527+0000] {processor.py:914} INFO - Processing file /home/airflow/.local/lib/python3.12/site-packages/airflow/example_dags/example_sla_dag.py for tasks to queue
[2024-12-02T10:39:10.571+0000] {logging_mixin.py:190} INFO - [2024-12-02T10:39:10.570+0000] {dagbag.py:588} INFO - Filling up the DagBag from /home/airflow/.local/lib/python3.12/site-packages/airflow/example_dags/example_sla_dag.py
[2024-12-02T10:39:10.681+0000] {processor.py:925} INFO - DAG(s) 'example_sla_dag' retrieved from /home/airflow/.local/lib/python3.12/site-packages/airflow/example_dags/example_sla_dag.py
[2024-12-02T10:39:10.798+0000] {logging_mixin.py:190} INFO - [2024-12-02T10:39:10.797+0000] {dag.py:3239} INFO - Sync 1 DAGs
[2024-12-02T10:39:10.936+0000] {logging_mixin.py:190} INFO - [2024-12-02T10:39:10.936+0000] {dag.py:4180} INFO - Setting next_dagrun for example_sla_dag to 2024-12-02 10:36:00+00:00, run_after=2024-12-02 10:38:00+00:00
[2024-12-02T10:39:11.071+0000] {processor.py:208} INFO - Processing /home/airflow/.local/lib/python3.12/site-packages/airflow/example_dags/example_sla_dag.py took 0.609 seconds
[2024-12-02T10:39:41.572+0000] {processor.py:186} INFO - Started process (PID=238) to work on /home/airflow/.local/lib/python3.12/site-packages/airflow/example_dags/example_sla_dag.py
[2024-12-02T10:39:41.584+0000] {processor.py:914} INFO - Processing file /home/airflow/.local/lib/python3.12/site-packages/airflow/example_dags/example_sla_dag.py for tasks to queue
[2024-12-02T10:39:41.593+0000] {logging_mixin.py:190} INFO - [2024-12-02T10:39:41.592+0000] {dagbag.py:588} INFO - Filling up the DagBag from /home/airflow/.local/lib/python3.12/site-packages/airflow/example_dags/example_sla_dag.py
[2024-12-02T10:39:41.656+0000] {processor.py:925} INFO - DAG(s) 'example_sla_dag' retrieved from /home/airflow/.local/lib/python3.12/site-packages/airflow/example_dags/example_sla_dag.py
[2024-12-02T10:39:41.852+0000] {logging_mixin.py:190} INFO - [2024-12-02T10:39:41.852+0000] {dag.py:3239} INFO - Sync 1 DAGs
[2024-12-02T10:39:42.079+0000] {logging_mixin.py:190} INFO - [2024-12-02T10:39:42.079+0000] {dag.py:4180} INFO - Setting next_dagrun for example_sla_dag to 2024-12-02 10:36:00+00:00, run_after=2024-12-02 10:38:00+00:00
[2024-12-02T10:39:42.267+0000] {processor.py:208} INFO - Processing /home/airflow/.local/lib/python3.12/site-packages/airflow/example_dags/example_sla_dag.py took 0.726 seconds
[2024-12-02T10:40:13.062+0000] {processor.py:186} INFO - Started process (PID=301) to work on /home/airflow/.local/lib/python3.12/site-packages/airflow/example_dags/example_sla_dag.py
[2024-12-02T10:40:13.063+0000] {processor.py:914} INFO - Processing file /home/airflow/.local/lib/python3.12/site-packages/airflow/example_dags/example_sla_dag.py for tasks to queue
[2024-12-02T10:40:13.064+0000] {logging_mixin.py:190} INFO - [2024-12-02T10:40:13.064+0000] {dagbag.py:588} INFO - Filling up the DagBag from /home/airflow/.local/lib/python3.12/site-packages/airflow/example_dags/example_sla_dag.py
[2024-12-02T10:40:13.073+0000] {processor.py:925} INFO - DAG(s) 'example_sla_dag' retrieved from /home/airflow/.local/lib/python3.12/site-packages/airflow/example_dags/example_sla_dag.py
[2024-12-02T10:40:13.090+0000] {logging_mixin.py:190} INFO - [2024-12-02T10:40:13.090+0000] {dag.py:3239} INFO - Sync 1 DAGs
[2024-12-02T10:40:13.109+0000] {logging_mixin.py:190} INFO - [2024-12-02T10:40:13.108+0000] {dag.py:4180} INFO - Setting next_dagrun for example_sla_dag to 2024-12-02 10:38:00+00:00, run_after=2024-12-02 10:40:00+00:00
[2024-12-02T10:40:13.153+0000] {processor.py:208} INFO - Processing /home/airflow/.local/lib/python3.12/site-packages/airflow/example_dags/example_sla_dag.py took 0.096 seconds
[2024-12-02T10:40:43.753+0000] {processor.py:186} INFO - Started process (PID=365) to work on /home/airflow/.local/lib/python3.12/site-packages/airflow/example_dags/example_sla_dag.py
[2024-12-02T10:40:43.760+0000] {processor.py:914} INFO - Processing file /home/airflow/.local/lib/python3.12/site-packages/airflow/example_dags/example_sla_dag.py for tasks to queue
[2024-12-02T10:40:43.762+0000] {logging_mixin.py:190} INFO - [2024-12-02T10:40:43.762+0000] {dagbag.py:588} INFO - Filling up the DagBag from /home/airflow/.local/lib/python3.12/site-packages/airflow/example_dags/example_sla_dag.py
[2024-12-02T10:40:43.800+0000] {processor.py:925} INFO - DAG(s) 'example_sla_dag' retrieved from /home/airflow/.local/lib/python3.12/site-packages/airflow/example_dags/example_sla_dag.py
[2024-12-02T10:40:43.840+0000] {logging_mixin.py:190} INFO - [2024-12-02T10:40:43.840+0000] {dag.py:3239} INFO - Sync 1 DAGs
[2024-12-02T10:40:43.868+0000] {logging_mixin.py:190} INFO - [2024-12-02T10:40:43.868+0000] {dag.py:4180} INFO - Setting next_dagrun for example_sla_dag to 2024-12-02 10:38:00+00:00, run_after=2024-12-02 10:40:00+00:00
[2024-12-02T10:40:43.894+0000] {processor.py:208} INFO - Processing /home/airflow/.local/lib/python3.12/site-packages/airflow/example_dags/example_sla_dag.py took 0.156 seconds
[2024-12-02T10:42:24.472+0000] {processor.py:186} INFO - Started process (PID=105) to work on /home/airflow/.local/lib/python3.12/site-packages/airflow/example_dags/example_sla_dag.py
[2024-12-02T10:42:24.475+0000] {processor.py:914} INFO - Processing file /home/airflow/.local/lib/python3.12/site-packages/airflow/example_dags/example_sla_dag.py for tasks to queue
[2024-12-02T10:42:24.489+0000] {logging_mixin.py:190} INFO - [2024-12-02T10:42:24.489+0000] {dagbag.py:588} INFO - Filling up the DagBag from /home/airflow/.local/lib/python3.12/site-packages/airflow/example_dags/example_sla_dag.py
[2024-12-02T10:42:24.535+0000] {processor.py:925} INFO - DAG(s) 'example_sla_dag' retrieved from /home/airflow/.local/lib/python3.12/site-packages/airflow/example_dags/example_sla_dag.py
[2024-12-02T10:42:24.587+0000] {logging_mixin.py:190} INFO - [2024-12-02T10:42:24.586+0000] {dag.py:3239} INFO - Sync 1 DAGs
[2024-12-02T10:42:24.645+0000] {logging_mixin.py:190} INFO - [2024-12-02T10:42:24.645+0000] {dag.py:4180} INFO - Setting next_dagrun for example_sla_dag to 2024-12-02 10:40:00+00:00, run_after=2024-12-02 10:42:00+00:00
[2024-12-02T10:42:24.698+0000] {processor.py:208} INFO - Processing /home/airflow/.local/lib/python3.12/site-packages/airflow/example_dags/example_sla_dag.py took 0.248 seconds
[2024-12-02T10:42:55.509+0000] {processor.py:186} INFO - Started process (PID=167) to work on /home/airflow/.local/lib/python3.12/site-packages/airflow/example_dags/example_sla_dag.py
[2024-12-02T10:42:55.511+0000] {processor.py:914} INFO - Processing file /home/airflow/.local/lib/python3.12/site-packages/airflow/example_dags/example_sla_dag.py for tasks to queue
[2024-12-02T10:42:55.513+0000] {logging_mixin.py:190} INFO - [2024-12-02T10:42:55.513+0000] {dagbag.py:588} INFO - Filling up the DagBag from /home/airflow/.local/lib/python3.12/site-packages/airflow/example_dags/example_sla_dag.py
[2024-12-02T10:42:55.549+0000] {processor.py:925} INFO - DAG(s) 'example_sla_dag' retrieved from /home/airflow/.local/lib/python3.12/site-packages/airflow/example_dags/example_sla_dag.py
[2024-12-02T10:42:55.587+0000] {logging_mixin.py:190} INFO - [2024-12-02T10:42:55.587+0000] {dag.py:3239} INFO - Sync 1 DAGs
[2024-12-02T10:42:55.616+0000] {logging_mixin.py:190} INFO - [2024-12-02T10:42:55.616+0000] {dag.py:4180} INFO - Setting next_dagrun for example_sla_dag to 2024-12-02 10:40:00+00:00, run_after=2024-12-02 10:42:00+00:00
[2024-12-02T10:42:55.642+0000] {processor.py:208} INFO - Processing /home/airflow/.local/lib/python3.12/site-packages/airflow/example_dags/example_sla_dag.py took 0.143 seconds
[2024-12-02T10:43:25.789+0000] {processor.py:186} INFO - Started process (PID=231) to work on /home/airflow/.local/lib/python3.12/site-packages/airflow/example_dags/example_sla_dag.py
[2024-12-02T10:43:25.789+0000] {processor.py:914} INFO - Processing file /home/airflow/.local/lib/python3.12/site-packages/airflow/example_dags/example_sla_dag.py for tasks to queue
[2024-12-02T10:43:25.791+0000] {logging_mixin.py:190} INFO - [2024-12-02T10:43:25.791+0000] {dagbag.py:588} INFO - Filling up the DagBag from /home/airflow/.local/lib/python3.12/site-packages/airflow/example_dags/example_sla_dag.py
[2024-12-02T10:43:25.799+0000] {processor.py:925} INFO - DAG(s) 'example_sla_dag' retrieved from /home/airflow/.local/lib/python3.12/site-packages/airflow/example_dags/example_sla_dag.py
[2024-12-02T10:43:25.811+0000] {logging_mixin.py:190} INFO - [2024-12-02T10:43:25.811+0000] {dag.py:3239} INFO - Sync 1 DAGs
[2024-12-02T10:43:25.831+0000] {logging_mixin.py:190} INFO - [2024-12-02T10:43:25.831+0000] {dag.py:4180} INFO - Setting next_dagrun for example_sla_dag to 2024-12-02 10:40:00+00:00, run_after=2024-12-02 10:42:00+00:00
[2024-12-02T10:43:25.845+0000] {processor.py:208} INFO - Processing /home/airflow/.local/lib/python3.12/site-packages/airflow/example_dags/example_sla_dag.py took 0.061 seconds
[2024-12-02T10:43:55.973+0000] {processor.py:186} INFO - Started process (PID=294) to work on /home/airflow/.local/lib/python3.12/site-packages/airflow/example_dags/example_sla_dag.py
[2024-12-02T10:43:55.975+0000] {processor.py:914} INFO - Processing file /home/airflow/.local/lib/python3.12/site-packages/airflow/example_dags/example_sla_dag.py for tasks to queue
[2024-12-02T10:43:55.977+0000] {logging_mixin.py:190} INFO - [2024-12-02T10:43:55.976+0000] {dagbag.py:588} INFO - Filling up the DagBag from /home/airflow/.local/lib/python3.12/site-packages/airflow/example_dags/example_sla_dag.py
[2024-12-02T10:43:55.984+0000] {processor.py:925} INFO - DAG(s) 'example_sla_dag' retrieved from /home/airflow/.local/lib/python3.12/site-packages/airflow/example_dags/example_sla_dag.py
[2024-12-02T10:43:56.004+0000] {logging_mixin.py:190} INFO - [2024-12-02T10:43:56.004+0000] {dag.py:3239} INFO - Sync 1 DAGs
[2024-12-02T10:43:56.023+0000] {logging_mixin.py:190} INFO - [2024-12-02T10:43:56.023+0000] {dag.py:4180} INFO - Setting next_dagrun for example_sla_dag to 2024-12-02 10:40:00+00:00, run_after=2024-12-02 10:42:00+00:00
[2024-12-02T10:43:56.036+0000] {processor.py:208} INFO - Processing /home/airflow/.local/lib/python3.12/site-packages/airflow/example_dags/example_sla_dag.py took 0.069 seconds
[2024-12-02T10:44:29.629+0000] {processor.py:186} INFO - Started process (PID=358) to work on /home/airflow/.local/lib/python3.12/site-packages/airflow/example_dags/example_sla_dag.py
[2024-12-02T10:44:29.641+0000] {processor.py:914} INFO - Processing file /home/airflow/.local/lib/python3.12/site-packages/airflow/example_dags/example_sla_dag.py for tasks to queue
[2024-12-02T10:44:29.658+0000] {logging_mixin.py:190} INFO - [2024-12-02T10:44:29.657+0000] {dagbag.py:588} INFO - Filling up the DagBag from /home/airflow/.local/lib/python3.12/site-packages/airflow/example_dags/example_sla_dag.py
[2024-12-02T10:44:29.684+0000] {processor.py:925} INFO - DAG(s) 'example_sla_dag' retrieved from /home/airflow/.local/lib/python3.12/site-packages/airflow/example_dags/example_sla_dag.py
[2024-12-02T10:44:29.713+0000] {logging_mixin.py:190} INFO - [2024-12-02T10:44:29.712+0000] {dag.py:3239} INFO - Sync 1 DAGs
[2024-12-02T10:44:29.765+0000] {logging_mixin.py:190} INFO - [2024-12-02T10:44:29.765+0000] {dag.py:4180} INFO - Setting next_dagrun for example_sla_dag to 2024-12-02 10:42:00+00:00, run_after=2024-12-02 10:44:00+00:00
[2024-12-02T10:44:29.791+0000] {processor.py:208} INFO - Processing /home/airflow/.local/lib/python3.12/site-packages/airflow/example_dags/example_sla_dag.py took 0.167 seconds
[2024-12-02T10:45:05.911+0000] {processor.py:186} INFO - Started process (PID=424) to work on /home/airflow/.local/lib/python3.12/site-packages/airflow/example_dags/example_sla_dag.py
[2024-12-02T10:45:05.943+0000] {processor.py:914} INFO - Processing file /home/airflow/.local/lib/python3.12/site-packages/airflow/example_dags/example_sla_dag.py for tasks to queue
[2024-12-02T10:45:05.945+0000] {logging_mixin.py:190} INFO - [2024-12-02T10:45:05.945+0000] {dagbag.py:588} INFO - Filling up the DagBag from /home/airflow/.local/lib/python3.12/site-packages/airflow/example_dags/example_sla_dag.py
[2024-12-02T10:45:06.001+0000] {processor.py:925} INFO - DAG(s) 'example_sla_dag' retrieved from /home/airflow/.local/lib/python3.12/site-packages/airflow/example_dags/example_sla_dag.py
[2024-12-02T10:45:06.110+0000] {logging_mixin.py:190} INFO - [2024-12-02T10:45:06.097+0000] {dag.py:3239} INFO - Sync 1 DAGs
[2024-12-02T10:45:06.230+0000] {logging_mixin.py:190} INFO - [2024-12-02T10:45:06.230+0000] {dag.py:4180} INFO - Setting next_dagrun for example_sla_dag to 2024-12-02 10:42:00+00:00, run_after=2024-12-02 10:44:00+00:00
[2024-12-02T10:45:06.276+0000] {processor.py:208} INFO - Processing /home/airflow/.local/lib/python3.12/site-packages/airflow/example_dags/example_sla_dag.py took 0.371 seconds
[2024-12-02T10:45:37.706+0000] {processor.py:186} INFO - Started process (PID=488) to work on /home/airflow/.local/lib/python3.12/site-packages/airflow/example_dags/example_sla_dag.py
[2024-12-02T10:45:37.707+0000] {processor.py:914} INFO - Processing file /home/airflow/.local/lib/python3.12/site-packages/airflow/example_dags/example_sla_dag.py for tasks to queue
[2024-12-02T10:45:37.709+0000] {logging_mixin.py:190} INFO - [2024-12-02T10:45:37.708+0000] {dagbag.py:588} INFO - Filling up the DagBag from /home/airflow/.local/lib/python3.12/site-packages/airflow/example_dags/example_sla_dag.py
[2024-12-02T10:45:37.717+0000] {processor.py:925} INFO - DAG(s) 'example_sla_dag' retrieved from /home/airflow/.local/lib/python3.12/site-packages/airflow/example_dags/example_sla_dag.py
[2024-12-02T10:45:37.730+0000] {logging_mixin.py:190} INFO - [2024-12-02T10:45:37.730+0000] {dag.py:3239} INFO - Sync 1 DAGs
[2024-12-02T10:45:37.750+0000] {logging_mixin.py:190} INFO - [2024-12-02T10:45:37.750+0000] {dag.py:4180} INFO - Setting next_dagrun for example_sla_dag to 2024-12-02 10:42:00+00:00, run_after=2024-12-02 10:44:00+00:00
[2024-12-02T10:45:37.805+0000] {processor.py:208} INFO - Processing /home/airflow/.local/lib/python3.12/site-packages/airflow/example_dags/example_sla_dag.py took 0.104 seconds
[2024-12-02T10:46:08.440+0000] {processor.py:186} INFO - Started process (PID=551) to work on /home/airflow/.local/lib/python3.12/site-packages/airflow/example_dags/example_sla_dag.py
[2024-12-02T10:46:08.442+0000] {processor.py:914} INFO - Processing file /home/airflow/.local/lib/python3.12/site-packages/airflow/example_dags/example_sla_dag.py for tasks to queue
[2024-12-02T10:46:08.450+0000] {logging_mixin.py:190} INFO - [2024-12-02T10:46:08.450+0000] {dagbag.py:588} INFO - Filling up the DagBag from /home/airflow/.local/lib/python3.12/site-packages/airflow/example_dags/example_sla_dag.py
[2024-12-02T10:46:08.458+0000] {processor.py:925} INFO - DAG(s) 'example_sla_dag' retrieved from /home/airflow/.local/lib/python3.12/site-packages/airflow/example_dags/example_sla_dag.py
[2024-12-02T10:46:08.471+0000] {logging_mixin.py:190} INFO - [2024-12-02T10:46:08.471+0000] {dag.py:3239} INFO - Sync 1 DAGs
[2024-12-02T10:46:08.488+0000] {logging_mixin.py:190} INFO - [2024-12-02T10:46:08.488+0000] {dag.py:4180} INFO - Setting next_dagrun for example_sla_dag to 2024-12-02 10:44:00+00:00, run_after=2024-12-02 10:46:00+00:00
[2024-12-02T10:46:08.527+0000] {processor.py:208} INFO - Processing /home/airflow/.local/lib/python3.12/site-packages/airflow/example_dags/example_sla_dag.py took 0.091 seconds
[2024-12-02T10:46:39.597+0000] {processor.py:186} INFO - Started process (PID=615) to work on /home/airflow/.local/lib/python3.12/site-packages/airflow/example_dags/example_sla_dag.py
[2024-12-02T10:46:39.601+0000] {processor.py:914} INFO - Processing file /home/airflow/.local/lib/python3.12/site-packages/airflow/example_dags/example_sla_dag.py for tasks to queue
[2024-12-02T10:46:39.604+0000] {logging_mixin.py:190} INFO - [2024-12-02T10:46:39.604+0000] {dagbag.py:588} INFO - Filling up the DagBag from /home/airflow/.local/lib/python3.12/site-packages/airflow/example_dags/example_sla_dag.py
[2024-12-02T10:46:39.631+0000] {processor.py:925} INFO - DAG(s) 'example_sla_dag' retrieved from /home/airflow/.local/lib/python3.12/site-packages/airflow/example_dags/example_sla_dag.py
[2024-12-02T10:46:39.725+0000] {logging_mixin.py:190} INFO - [2024-12-02T10:46:39.725+0000] {dag.py:3239} INFO - Sync 1 DAGs
[2024-12-02T10:46:39.780+0000] {logging_mixin.py:190} INFO - [2024-12-02T10:46:39.779+0000] {dag.py:4180} INFO - Setting next_dagrun for example_sla_dag to 2024-12-02 10:44:00+00:00, run_after=2024-12-02 10:46:00+00:00
[2024-12-02T10:46:39.847+0000] {processor.py:208} INFO - Processing /home/airflow/.local/lib/python3.12/site-packages/airflow/example_dags/example_sla_dag.py took 0.271 seconds
[2024-12-02T10:58:24.220+0000] {processor.py:186} INFO - Started process (PID=111) to work on /home/airflow/.local/lib/python3.12/site-packages/airflow/example_dags/example_sla_dag.py
[2024-12-02T10:58:24.239+0000] {processor.py:914} INFO - Processing file /home/airflow/.local/lib/python3.12/site-packages/airflow/example_dags/example_sla_dag.py for tasks to queue
[2024-12-02T10:58:24.285+0000] {logging_mixin.py:190} INFO - [2024-12-02T10:58:24.249+0000] {dagbag.py:588} INFO - Filling up the DagBag from /home/airflow/.local/lib/python3.12/site-packages/airflow/example_dags/example_sla_dag.py
[2024-12-02T10:58:24.467+0000] {processor.py:925} INFO - DAG(s) 'example_sla_dag' retrieved from /home/airflow/.local/lib/python3.12/site-packages/airflow/example_dags/example_sla_dag.py
[2024-12-02T10:58:24.571+0000] {logging_mixin.py:190} INFO - [2024-12-02T10:58:24.571+0000] {dag.py:3239} INFO - Sync 1 DAGs
[2024-12-02T10:58:24.720+0000] {logging_mixin.py:190} INFO - [2024-12-02T10:58:24.719+0000] {dag.py:4180} INFO - Setting next_dagrun for example_sla_dag to 2024-12-02 10:56:00+00:00, run_after=2024-12-02 10:58:00+00:00
[2024-12-02T10:58:24.816+0000] {processor.py:208} INFO - Processing /home/airflow/.local/lib/python3.12/site-packages/airflow/example_dags/example_sla_dag.py took 0.766 seconds
[2024-12-02T10:58:56.992+0000] {processor.py:186} INFO - Started process (PID=175) to work on /home/airflow/.local/lib/python3.12/site-packages/airflow/example_dags/example_sla_dag.py
[2024-12-02T10:58:57.030+0000] {processor.py:914} INFO - Processing file /home/airflow/.local/lib/python3.12/site-packages/airflow/example_dags/example_sla_dag.py for tasks to queue
[2024-12-02T10:58:57.036+0000] {logging_mixin.py:190} INFO - [2024-12-02T10:58:57.036+0000] {dagbag.py:588} INFO - Filling up the DagBag from /home/airflow/.local/lib/python3.12/site-packages/airflow/example_dags/example_sla_dag.py
[2024-12-02T10:58:57.067+0000] {processor.py:925} INFO - DAG(s) 'example_sla_dag' retrieved from /home/airflow/.local/lib/python3.12/site-packages/airflow/example_dags/example_sla_dag.py
[2024-12-02T10:58:57.114+0000] {logging_mixin.py:190} INFO - [2024-12-02T10:58:57.113+0000] {dag.py:3239} INFO - Sync 1 DAGs
[2024-12-02T10:58:57.193+0000] {logging_mixin.py:190} INFO - [2024-12-02T10:58:57.193+0000] {dag.py:4180} INFO - Setting next_dagrun for example_sla_dag to 2024-12-02 10:56:00+00:00, run_after=2024-12-02 10:58:00+00:00
[2024-12-02T10:58:57.254+0000] {processor.py:208} INFO - Processing /home/airflow/.local/lib/python3.12/site-packages/airflow/example_dags/example_sla_dag.py took 0.266 seconds
[2024-12-02T10:59:27.937+0000] {processor.py:186} INFO - Started process (PID=238) to work on /home/airflow/.local/lib/python3.12/site-packages/airflow/example_dags/example_sla_dag.py
[2024-12-02T10:59:27.938+0000] {processor.py:914} INFO - Processing file /home/airflow/.local/lib/python3.12/site-packages/airflow/example_dags/example_sla_dag.py for tasks to queue
[2024-12-02T10:59:27.940+0000] {logging_mixin.py:190} INFO - [2024-12-02T10:59:27.939+0000] {dagbag.py:588} INFO - Filling up the DagBag from /home/airflow/.local/lib/python3.12/site-packages/airflow/example_dags/example_sla_dag.py
[2024-12-02T10:59:28.117+0000] {processor.py:925} INFO - DAG(s) 'example_sla_dag' retrieved from /home/airflow/.local/lib/python3.12/site-packages/airflow/example_dags/example_sla_dag.py
[2024-12-02T10:59:28.204+0000] {logging_mixin.py:190} INFO - [2024-12-02T10:59:28.204+0000] {dag.py:3239} INFO - Sync 1 DAGs
[2024-12-02T10:59:28.390+0000] {logging_mixin.py:190} INFO - [2024-12-02T10:59:28.390+0000] {dag.py:4180} INFO - Setting next_dagrun for example_sla_dag to 2024-12-02 10:56:00+00:00, run_after=2024-12-02 10:58:00+00:00
[2024-12-02T10:59:28.524+0000] {processor.py:208} INFO - Processing /home/airflow/.local/lib/python3.12/site-packages/airflow/example_dags/example_sla_dag.py took 0.591 seconds
[2024-12-02T10:59:59.514+0000] {processor.py:186} INFO - Started process (PID=302) to work on /home/airflow/.local/lib/python3.12/site-packages/airflow/example_dags/example_sla_dag.py
[2024-12-02T10:59:59.515+0000] {processor.py:914} INFO - Processing file /home/airflow/.local/lib/python3.12/site-packages/airflow/example_dags/example_sla_dag.py for tasks to queue
[2024-12-02T10:59:59.517+0000] {logging_mixin.py:190} INFO - [2024-12-02T10:59:59.516+0000] {dagbag.py:588} INFO - Filling up the DagBag from /home/airflow/.local/lib/python3.12/site-packages/airflow/example_dags/example_sla_dag.py
[2024-12-02T10:59:59.525+0000] {processor.py:925} INFO - DAG(s) 'example_sla_dag' retrieved from /home/airflow/.local/lib/python3.12/site-packages/airflow/example_dags/example_sla_dag.py
[2024-12-02T10:59:59.539+0000] {logging_mixin.py:190} INFO - [2024-12-02T10:59:59.538+0000] {dag.py:3239} INFO - Sync 1 DAGs
[2024-12-02T10:59:59.558+0000] {logging_mixin.py:190} INFO - [2024-12-02T10:59:59.558+0000] {dag.py:4180} INFO - Setting next_dagrun for example_sla_dag to 2024-12-02 10:56:00+00:00, run_after=2024-12-02 10:58:00+00:00
[2024-12-02T10:59:59.575+0000] {processor.py:208} INFO - Processing /home/airflow/.local/lib/python3.12/site-packages/airflow/example_dags/example_sla_dag.py took 0.065 seconds
[2024-12-02T11:00:30.244+0000] {processor.py:186} INFO - Started process (PID=365) to work on /home/airflow/.local/lib/python3.12/site-packages/airflow/example_dags/example_sla_dag.py
[2024-12-02T11:00:30.244+0000] {processor.py:914} INFO - Processing file /home/airflow/.local/lib/python3.12/site-packages/airflow/example_dags/example_sla_dag.py for tasks to queue
[2024-12-02T11:00:30.246+0000] {logging_mixin.py:190} INFO - [2024-12-02T11:00:30.246+0000] {dagbag.py:588} INFO - Filling up the DagBag from /home/airflow/.local/lib/python3.12/site-packages/airflow/example_dags/example_sla_dag.py
[2024-12-02T11:00:30.253+0000] {processor.py:925} INFO - DAG(s) 'example_sla_dag' retrieved from /home/airflow/.local/lib/python3.12/site-packages/airflow/example_dags/example_sla_dag.py
[2024-12-02T11:00:30.278+0000] {logging_mixin.py:190} INFO - [2024-12-02T11:00:30.278+0000] {dag.py:3239} INFO - Sync 1 DAGs
[2024-12-02T11:00:30.299+0000] {logging_mixin.py:190} INFO - [2024-12-02T11:00:30.298+0000] {dag.py:4180} INFO - Setting next_dagrun for example_sla_dag to 2024-12-02 10:58:00+00:00, run_after=2024-12-02 11:00:00+00:00
[2024-12-02T11:00:30.317+0000] {processor.py:208} INFO - Processing /home/airflow/.local/lib/python3.12/site-packages/airflow/example_dags/example_sla_dag.py took 0.077 seconds
[2024-12-02T11:01:00.685+0000] {processor.py:186} INFO - Started process (PID=429) to work on /home/airflow/.local/lib/python3.12/site-packages/airflow/example_dags/example_sla_dag.py
[2024-12-02T11:01:00.697+0000] {processor.py:914} INFO - Processing file /home/airflow/.local/lib/python3.12/site-packages/airflow/example_dags/example_sla_dag.py for tasks to queue
[2024-12-02T11:01:00.698+0000] {logging_mixin.py:190} INFO - [2024-12-02T11:01:00.698+0000] {dagbag.py:588} INFO - Filling up the DagBag from /home/airflow/.local/lib/python3.12/site-packages/airflow/example_dags/example_sla_dag.py
[2024-12-02T11:01:00.711+0000] {processor.py:925} INFO - DAG(s) 'example_sla_dag' retrieved from /home/airflow/.local/lib/python3.12/site-packages/airflow/example_dags/example_sla_dag.py
[2024-12-02T11:01:00.729+0000] {logging_mixin.py:190} INFO - [2024-12-02T11:01:00.728+0000] {dag.py:3239} INFO - Sync 1 DAGs
[2024-12-02T11:01:00.751+0000] {logging_mixin.py:190} INFO - [2024-12-02T11:01:00.751+0000] {dag.py:4180} INFO - Setting next_dagrun for example_sla_dag to 2024-12-02 10:58:00+00:00, run_after=2024-12-02 11:00:00+00:00
[2024-12-02T11:01:00.762+0000] {processor.py:208} INFO - Processing /home/airflow/.local/lib/python3.12/site-packages/airflow/example_dags/example_sla_dag.py took 0.081 seconds
[2024-12-02T11:01:33.191+0000] {processor.py:186} INFO - Started process (PID=493) to work on /home/airflow/.local/lib/python3.12/site-packages/airflow/example_dags/example_sla_dag.py
[2024-12-02T11:01:33.191+0000] {processor.py:914} INFO - Processing file /home/airflow/.local/lib/python3.12/site-packages/airflow/example_dags/example_sla_dag.py for tasks to queue
[2024-12-02T11:01:33.193+0000] {logging_mixin.py:190} INFO - [2024-12-02T11:01:33.193+0000] {dagbag.py:588} INFO - Filling up the DagBag from /home/airflow/.local/lib/python3.12/site-packages/airflow/example_dags/example_sla_dag.py
[2024-12-02T11:01:33.201+0000] {processor.py:925} INFO - DAG(s) 'example_sla_dag' retrieved from /home/airflow/.local/lib/python3.12/site-packages/airflow/example_dags/example_sla_dag.py
[2024-12-02T11:01:33.214+0000] {logging_mixin.py:190} INFO - [2024-12-02T11:01:33.214+0000] {dag.py:3239} INFO - Sync 1 DAGs
[2024-12-02T11:01:33.237+0000] {logging_mixin.py:190} INFO - [2024-12-02T11:01:33.237+0000] {dag.py:4180} INFO - Setting next_dagrun for example_sla_dag to 2024-12-02 10:58:00+00:00, run_after=2024-12-02 11:00:00+00:00
[2024-12-02T11:01:33.254+0000] {processor.py:208} INFO - Processing /home/airflow/.local/lib/python3.12/site-packages/airflow/example_dags/example_sla_dag.py took 0.068 seconds
[2024-12-02T11:02:09.191+0000] {processor.py:186} INFO - Started process (PID=557) to work on /home/airflow/.local/lib/python3.12/site-packages/airflow/example_dags/example_sla_dag.py
[2024-12-02T11:02:09.194+0000] {processor.py:914} INFO - Processing file /home/airflow/.local/lib/python3.12/site-packages/airflow/example_dags/example_sla_dag.py for tasks to queue
[2024-12-02T11:02:09.197+0000] {logging_mixin.py:190} INFO - [2024-12-02T11:02:09.197+0000] {dagbag.py:588} INFO - Filling up the DagBag from /home/airflow/.local/lib/python3.12/site-packages/airflow/example_dags/example_sla_dag.py
[2024-12-02T11:02:09.204+0000] {processor.py:925} INFO - DAG(s) 'example_sla_dag' retrieved from /home/airflow/.local/lib/python3.12/site-packages/airflow/example_dags/example_sla_dag.py
[2024-12-02T11:02:09.232+0000] {logging_mixin.py:190} INFO - [2024-12-02T11:02:09.232+0000] {dag.py:3239} INFO - Sync 1 DAGs
[2024-12-02T11:02:09.259+0000] {logging_mixin.py:190} INFO - [2024-12-02T11:02:09.259+0000] {dag.py:4180} INFO - Setting next_dagrun for example_sla_dag to 2024-12-02 11:00:00+00:00, run_after=2024-12-02 11:02:00+00:00
[2024-12-02T11:02:09.275+0000] {processor.py:208} INFO - Processing /home/airflow/.local/lib/python3.12/site-packages/airflow/example_dags/example_sla_dag.py took 0.087 seconds
[2024-12-02T11:02:44.192+0000] {processor.py:186} INFO - Started process (PID=620) to work on /home/airflow/.local/lib/python3.12/site-packages/airflow/example_dags/example_sla_dag.py
[2024-12-02T11:02:44.224+0000] {processor.py:914} INFO - Processing file /home/airflow/.local/lib/python3.12/site-packages/airflow/example_dags/example_sla_dag.py for tasks to queue
[2024-12-02T11:02:44.225+0000] {logging_mixin.py:190} INFO - [2024-12-02T11:02:44.225+0000] {dagbag.py:588} INFO - Filling up the DagBag from /home/airflow/.local/lib/python3.12/site-packages/airflow/example_dags/example_sla_dag.py
[2024-12-02T11:02:44.282+0000] {processor.py:925} INFO - DAG(s) 'example_sla_dag' retrieved from /home/airflow/.local/lib/python3.12/site-packages/airflow/example_dags/example_sla_dag.py
[2024-12-02T11:02:44.343+0000] {logging_mixin.py:190} INFO - [2024-12-02T11:02:44.343+0000] {dag.py:3239} INFO - Sync 1 DAGs
[2024-12-02T11:02:44.503+0000] {logging_mixin.py:190} INFO - [2024-12-02T11:02:44.502+0000] {dag.py:4180} INFO - Setting next_dagrun for example_sla_dag to 2024-12-02 11:00:00+00:00, run_after=2024-12-02 11:02:00+00:00
[2024-12-02T11:02:44.632+0000] {processor.py:208} INFO - Processing /home/airflow/.local/lib/python3.12/site-packages/airflow/example_dags/example_sla_dag.py took 0.444 seconds
[2024-12-02T11:03:19.064+0000] {processor.py:186} INFO - Started process (PID=684) to work on /home/airflow/.local/lib/python3.12/site-packages/airflow/example_dags/example_sla_dag.py
[2024-12-02T11:03:19.074+0000] {processor.py:914} INFO - Processing file /home/airflow/.local/lib/python3.12/site-packages/airflow/example_dags/example_sla_dag.py for tasks to queue
[2024-12-02T11:03:19.079+0000] {logging_mixin.py:190} INFO - [2024-12-02T11:03:19.076+0000] {dagbag.py:588} INFO - Filling up the DagBag from /home/airflow/.local/lib/python3.12/site-packages/airflow/example_dags/example_sla_dag.py
[2024-12-02T11:03:19.098+0000] {processor.py:925} INFO - DAG(s) 'example_sla_dag' retrieved from /home/airflow/.local/lib/python3.12/site-packages/airflow/example_dags/example_sla_dag.py
[2024-12-02T11:03:19.141+0000] {logging_mixin.py:190} INFO - [2024-12-02T11:03:19.140+0000] {dag.py:3239} INFO - Sync 1 DAGs
[2024-12-02T11:03:19.216+0000] {logging_mixin.py:190} INFO - [2024-12-02T11:03:19.216+0000] {dag.py:4180} INFO - Setting next_dagrun for example_sla_dag to 2024-12-02 11:00:00+00:00, run_after=2024-12-02 11:02:00+00:00
[2024-12-02T11:03:19.253+0000] {processor.py:208} INFO - Processing /home/airflow/.local/lib/python3.12/site-packages/airflow/example_dags/example_sla_dag.py took 0.196 seconds
[2024-12-02T11:03:52.546+0000] {processor.py:186} INFO - Started process (PID=756) to work on /home/airflow/.local/lib/python3.12/site-packages/airflow/example_dags/example_sla_dag.py
[2024-12-02T11:03:52.547+0000] {processor.py:914} INFO - Processing file /home/airflow/.local/lib/python3.12/site-packages/airflow/example_dags/example_sla_dag.py for tasks to queue
[2024-12-02T11:03:52.550+0000] {logging_mixin.py:190} INFO - [2024-12-02T11:03:52.549+0000] {dagbag.py:588} INFO - Filling up the DagBag from /home/airflow/.local/lib/python3.12/site-packages/airflow/example_dags/example_sla_dag.py
[2024-12-02T11:03:52.561+0000] {processor.py:925} INFO - DAG(s) 'example_sla_dag' retrieved from /home/airflow/.local/lib/python3.12/site-packages/airflow/example_dags/example_sla_dag.py
[2024-12-02T11:03:52.577+0000] {logging_mixin.py:190} INFO - [2024-12-02T11:03:52.577+0000] {dag.py:3239} INFO - Sync 1 DAGs
[2024-12-02T11:03:52.594+0000] {logging_mixin.py:190} INFO - [2024-12-02T11:03:52.593+0000] {dag.py:4180} INFO - Setting next_dagrun for example_sla_dag to 2024-12-02 11:00:00+00:00, run_after=2024-12-02 11:02:00+00:00
[2024-12-02T11:03:52.607+0000] {processor.py:208} INFO - Processing /home/airflow/.local/lib/python3.12/site-packages/airflow/example_dags/example_sla_dag.py took 0.066 seconds
[2024-12-02T11:04:27.273+0000] {processor.py:186} INFO - Started process (PID=828) to work on /home/airflow/.local/lib/python3.12/site-packages/airflow/example_dags/example_sla_dag.py
[2024-12-02T11:04:27.275+0000] {processor.py:914} INFO - Processing file /home/airflow/.local/lib/python3.12/site-packages/airflow/example_dags/example_sla_dag.py for tasks to queue
[2024-12-02T11:04:27.277+0000] {logging_mixin.py:190} INFO - [2024-12-02T11:04:27.276+0000] {dagbag.py:588} INFO - Filling up the DagBag from /home/airflow/.local/lib/python3.12/site-packages/airflow/example_dags/example_sla_dag.py
[2024-12-02T11:04:27.284+0000] {processor.py:925} INFO - DAG(s) 'example_sla_dag' retrieved from /home/airflow/.local/lib/python3.12/site-packages/airflow/example_dags/example_sla_dag.py
[2024-12-02T11:04:27.296+0000] {logging_mixin.py:190} INFO - [2024-12-02T11:04:27.296+0000] {dag.py:3239} INFO - Sync 1 DAGs
[2024-12-02T11:04:27.315+0000] {logging_mixin.py:190} INFO - [2024-12-02T11:04:27.315+0000] {dag.py:4180} INFO - Setting next_dagrun for example_sla_dag to 2024-12-02 11:02:00+00:00, run_after=2024-12-02 11:04:00+00:00
[2024-12-02T11:04:27.327+0000] {processor.py:208} INFO - Processing /home/airflow/.local/lib/python3.12/site-packages/airflow/example_dags/example_sla_dag.py took 0.058 seconds
[2024-12-02T11:05:02.293+0000] {processor.py:186} INFO - Started process (PID=905) to work on /home/airflow/.local/lib/python3.12/site-packages/airflow/example_dags/example_sla_dag.py
[2024-12-02T11:05:02.293+0000] {processor.py:914} INFO - Processing file /home/airflow/.local/lib/python3.12/site-packages/airflow/example_dags/example_sla_dag.py for tasks to queue
[2024-12-02T11:05:02.295+0000] {logging_mixin.py:190} INFO - [2024-12-02T11:05:02.295+0000] {dagbag.py:588} INFO - Filling up the DagBag from /home/airflow/.local/lib/python3.12/site-packages/airflow/example_dags/example_sla_dag.py
[2024-12-02T11:05:02.302+0000] {processor.py:925} INFO - DAG(s) 'example_sla_dag' retrieved from /home/airflow/.local/lib/python3.12/site-packages/airflow/example_dags/example_sla_dag.py
[2024-12-02T11:05:02.315+0000] {logging_mixin.py:190} INFO - [2024-12-02T11:05:02.314+0000] {dag.py:3239} INFO - Sync 1 DAGs
[2024-12-02T11:05:02.332+0000] {logging_mixin.py:190} INFO - [2024-12-02T11:05:02.332+0000] {dag.py:4180} INFO - Setting next_dagrun for example_sla_dag to 2024-12-02 11:02:00+00:00, run_after=2024-12-02 11:04:00+00:00
[2024-12-02T11:05:02.352+0000] {processor.py:208} INFO - Processing /home/airflow/.local/lib/python3.12/site-packages/airflow/example_dags/example_sla_dag.py took 0.063 seconds
[2024-12-02T11:05:32.617+0000] {processor.py:186} INFO - Started process (PID=968) to work on /home/airflow/.local/lib/python3.12/site-packages/airflow/example_dags/example_sla_dag.py
[2024-12-02T11:05:32.619+0000] {processor.py:914} INFO - Processing file /home/airflow/.local/lib/python3.12/site-packages/airflow/example_dags/example_sla_dag.py for tasks to queue
[2024-12-02T11:05:32.621+0000] {logging_mixin.py:190} INFO - [2024-12-02T11:05:32.621+0000] {dagbag.py:588} INFO - Filling up the DagBag from /home/airflow/.local/lib/python3.12/site-packages/airflow/example_dags/example_sla_dag.py
[2024-12-02T11:05:32.634+0000] {processor.py:925} INFO - DAG(s) 'example_sla_dag' retrieved from /home/airflow/.local/lib/python3.12/site-packages/airflow/example_dags/example_sla_dag.py
[2024-12-02T11:05:32.646+0000] {logging_mixin.py:190} INFO - [2024-12-02T11:05:32.646+0000] {dag.py:3239} INFO - Sync 1 DAGs
[2024-12-02T11:05:32.667+0000] {logging_mixin.py:190} INFO - [2024-12-02T11:05:32.667+0000] {dag.py:4180} INFO - Setting next_dagrun for example_sla_dag to 2024-12-02 11:02:00+00:00, run_after=2024-12-02 11:04:00+00:00
[2024-12-02T11:05:32.682+0000] {processor.py:208} INFO - Processing /home/airflow/.local/lib/python3.12/site-packages/airflow/example_dags/example_sla_dag.py took 0.069 seconds
[2024-12-02T11:06:03.212+0000] {processor.py:186} INFO - Started process (PID=1026) to work on /home/airflow/.local/lib/python3.12/site-packages/airflow/example_dags/example_sla_dag.py
[2024-12-02T11:06:03.213+0000] {processor.py:914} INFO - Processing file /home/airflow/.local/lib/python3.12/site-packages/airflow/example_dags/example_sla_dag.py for tasks to queue
[2024-12-02T11:06:03.214+0000] {logging_mixin.py:190} INFO - [2024-12-02T11:06:03.214+0000] {dagbag.py:588} INFO - Filling up the DagBag from /home/airflow/.local/lib/python3.12/site-packages/airflow/example_dags/example_sla_dag.py
[2024-12-02T11:06:03.222+0000] {processor.py:925} INFO - DAG(s) 'example_sla_dag' retrieved from /home/airflow/.local/lib/python3.12/site-packages/airflow/example_dags/example_sla_dag.py
[2024-12-02T11:06:03.235+0000] {logging_mixin.py:190} INFO - [2024-12-02T11:06:03.234+0000] {dag.py:3239} INFO - Sync 1 DAGs
[2024-12-02T11:06:03.260+0000] {logging_mixin.py:190} INFO - [2024-12-02T11:06:03.259+0000] {dag.py:4180} INFO - Setting next_dagrun for example_sla_dag to 2024-12-02 11:04:00+00:00, run_after=2024-12-02 11:06:00+00:00
[2024-12-02T11:06:03.273+0000] {processor.py:208} INFO - Processing /home/airflow/.local/lib/python3.12/site-packages/airflow/example_dags/example_sla_dag.py took 0.065 seconds
[2024-12-02T11:06:33.897+0000] {processor.py:186} INFO - Started process (PID=1090) to work on /home/airflow/.local/lib/python3.12/site-packages/airflow/example_dags/example_sla_dag.py
[2024-12-02T11:06:33.899+0000] {processor.py:914} INFO - Processing file /home/airflow/.local/lib/python3.12/site-packages/airflow/example_dags/example_sla_dag.py for tasks to queue
[2024-12-02T11:06:33.901+0000] {logging_mixin.py:190} INFO - [2024-12-02T11:06:33.901+0000] {dagbag.py:588} INFO - Filling up the DagBag from /home/airflow/.local/lib/python3.12/site-packages/airflow/example_dags/example_sla_dag.py
[2024-12-02T11:06:33.908+0000] {processor.py:925} INFO - DAG(s) 'example_sla_dag' retrieved from /home/airflow/.local/lib/python3.12/site-packages/airflow/example_dags/example_sla_dag.py
[2024-12-02T11:06:33.920+0000] {logging_mixin.py:190} INFO - [2024-12-02T11:06:33.920+0000] {dag.py:3239} INFO - Sync 1 DAGs
[2024-12-02T11:06:33.938+0000] {logging_mixin.py:190} INFO - [2024-12-02T11:06:33.938+0000] {dag.py:4180} INFO - Setting next_dagrun for example_sla_dag to 2024-12-02 11:04:00+00:00, run_after=2024-12-02 11:06:00+00:00
[2024-12-02T11:06:33.952+0000] {processor.py:208} INFO - Processing /home/airflow/.local/lib/python3.12/site-packages/airflow/example_dags/example_sla_dag.py took 0.059 seconds
[2024-12-02T11:07:07.700+0000] {processor.py:186} INFO - Started process (PID=1153) to work on /home/airflow/.local/lib/python3.12/site-packages/airflow/example_dags/example_sla_dag.py
[2024-12-02T11:07:08.191+0000] {processor.py:914} INFO - Processing file /home/airflow/.local/lib/python3.12/site-packages/airflow/example_dags/example_sla_dag.py for tasks to queue
[2024-12-02T11:07:08.257+0000] {logging_mixin.py:190} INFO - [2024-12-02T11:07:08.257+0000] {dagbag.py:588} INFO - Filling up the DagBag from /home/airflow/.local/lib/python3.12/site-packages/airflow/example_dags/example_sla_dag.py
[2024-12-02T11:07:08.284+0000] {processor.py:925} INFO - DAG(s) 'example_sla_dag' retrieved from /home/airflow/.local/lib/python3.12/site-packages/airflow/example_dags/example_sla_dag.py
[2024-12-02T11:07:08.359+0000] {logging_mixin.py:190} INFO - [2024-12-02T11:07:08.358+0000] {dag.py:3239} INFO - Sync 1 DAGs
[2024-12-02T11:07:08.438+0000] {logging_mixin.py:190} INFO - [2024-12-02T11:07:08.437+0000] {dag.py:4180} INFO - Setting next_dagrun for example_sla_dag to 2024-12-02 11:04:00+00:00, run_after=2024-12-02 11:06:00+00:00
[2024-12-02T11:07:08.471+0000] {processor.py:208} INFO - Processing /home/airflow/.local/lib/python3.12/site-packages/airflow/example_dags/example_sla_dag.py took 0.783 seconds
[2024-12-02T11:07:39.310+0000] {processor.py:186} INFO - Started process (PID=1216) to work on /home/airflow/.local/lib/python3.12/site-packages/airflow/example_dags/example_sla_dag.py
[2024-12-02T11:07:39.310+0000] {processor.py:914} INFO - Processing file /home/airflow/.local/lib/python3.12/site-packages/airflow/example_dags/example_sla_dag.py for tasks to queue
[2024-12-02T11:07:39.312+0000] {logging_mixin.py:190} INFO - [2024-12-02T11:07:39.312+0000] {dagbag.py:588} INFO - Filling up the DagBag from /home/airflow/.local/lib/python3.12/site-packages/airflow/example_dags/example_sla_dag.py
[2024-12-02T11:07:39.320+0000] {processor.py:925} INFO - DAG(s) 'example_sla_dag' retrieved from /home/airflow/.local/lib/python3.12/site-packages/airflow/example_dags/example_sla_dag.py
[2024-12-02T11:07:39.337+0000] {logging_mixin.py:190} INFO - [2024-12-02T11:07:39.337+0000] {dag.py:3239} INFO - Sync 1 DAGs
[2024-12-02T11:07:39.365+0000] {logging_mixin.py:190} INFO - [2024-12-02T11:07:39.365+0000] {dag.py:4180} INFO - Setting next_dagrun for example_sla_dag to 2024-12-02 11:04:00+00:00, run_after=2024-12-02 11:06:00+00:00
[2024-12-02T11:07:39.379+0000] {processor.py:208} INFO - Processing /home/airflow/.local/lib/python3.12/site-packages/airflow/example_dags/example_sla_dag.py took 0.073 seconds
[2024-12-02T11:08:14.104+0000] {processor.py:186} INFO - Started process (PID=1286) to work on /home/airflow/.local/lib/python3.12/site-packages/airflow/example_dags/example_sla_dag.py
[2024-12-02T11:08:14.106+0000] {processor.py:914} INFO - Processing file /home/airflow/.local/lib/python3.12/site-packages/airflow/example_dags/example_sla_dag.py for tasks to queue
[2024-12-02T11:08:14.109+0000] {logging_mixin.py:190} INFO - [2024-12-02T11:08:14.109+0000] {dagbag.py:588} INFO - Filling up the DagBag from /home/airflow/.local/lib/python3.12/site-packages/airflow/example_dags/example_sla_dag.py
[2024-12-02T11:08:14.118+0000] {processor.py:925} INFO - DAG(s) 'example_sla_dag' retrieved from /home/airflow/.local/lib/python3.12/site-packages/airflow/example_dags/example_sla_dag.py
[2024-12-02T11:08:14.134+0000] {logging_mixin.py:190} INFO - [2024-12-02T11:08:14.134+0000] {dag.py:3239} INFO - Sync 1 DAGs
[2024-12-02T11:08:14.152+0000] {logging_mixin.py:190} INFO - [2024-12-02T11:08:14.152+0000] {dag.py:4180} INFO - Setting next_dagrun for example_sla_dag to 2024-12-02 11:06:00+00:00, run_after=2024-12-02 11:08:00+00:00
[2024-12-02T11:08:14.166+0000] {processor.py:208} INFO - Processing /home/airflow/.local/lib/python3.12/site-packages/airflow/example_dags/example_sla_dag.py took 0.067 seconds
[2024-12-02T11:08:44.877+0000] {processor.py:186} INFO - Started process (PID=1350) to work on /home/airflow/.local/lib/python3.12/site-packages/airflow/example_dags/example_sla_dag.py
[2024-12-02T11:08:44.878+0000] {processor.py:914} INFO - Processing file /home/airflow/.local/lib/python3.12/site-packages/airflow/example_dags/example_sla_dag.py for tasks to queue
[2024-12-02T11:08:44.880+0000] {logging_mixin.py:190} INFO - [2024-12-02T11:08:44.880+0000] {dagbag.py:588} INFO - Filling up the DagBag from /home/airflow/.local/lib/python3.12/site-packages/airflow/example_dags/example_sla_dag.py
[2024-12-02T11:08:44.888+0000] {processor.py:925} INFO - DAG(s) 'example_sla_dag' retrieved from /home/airflow/.local/lib/python3.12/site-packages/airflow/example_dags/example_sla_dag.py
[2024-12-02T11:08:44.902+0000] {logging_mixin.py:190} INFO - [2024-12-02T11:08:44.902+0000] {dag.py:3239} INFO - Sync 1 DAGs
[2024-12-02T11:08:44.920+0000] {logging_mixin.py:190} INFO - [2024-12-02T11:08:44.919+0000] {dag.py:4180} INFO - Setting next_dagrun for example_sla_dag to 2024-12-02 11:06:00+00:00, run_after=2024-12-02 11:08:00+00:00
[2024-12-02T11:08:44.933+0000] {processor.py:208} INFO - Processing /home/airflow/.local/lib/python3.12/site-packages/airflow/example_dags/example_sla_dag.py took 0.060 seconds
[2024-12-02T11:09:15.644+0000] {processor.py:186} INFO - Started process (PID=1413) to work on /home/airflow/.local/lib/python3.12/site-packages/airflow/example_dags/example_sla_dag.py
[2024-12-02T11:09:15.646+0000] {processor.py:914} INFO - Processing file /home/airflow/.local/lib/python3.12/site-packages/airflow/example_dags/example_sla_dag.py for tasks to queue
[2024-12-02T11:09:15.647+0000] {logging_mixin.py:190} INFO - [2024-12-02T11:09:15.647+0000] {dagbag.py:588} INFO - Filling up the DagBag from /home/airflow/.local/lib/python3.12/site-packages/airflow/example_dags/example_sla_dag.py
[2024-12-02T11:09:15.656+0000] {processor.py:925} INFO - DAG(s) 'example_sla_dag' retrieved from /home/airflow/.local/lib/python3.12/site-packages/airflow/example_dags/example_sla_dag.py
[2024-12-02T11:09:15.669+0000] {logging_mixin.py:190} INFO - [2024-12-02T11:09:15.669+0000] {dag.py:3239} INFO - Sync 1 DAGs
[2024-12-02T11:09:15.687+0000] {logging_mixin.py:190} INFO - [2024-12-02T11:09:15.687+0000] {dag.py:4180} INFO - Setting next_dagrun for example_sla_dag to 2024-12-02 11:06:00+00:00, run_after=2024-12-02 11:08:00+00:00
[2024-12-02T11:09:15.701+0000] {processor.py:208} INFO - Processing /home/airflow/.local/lib/python3.12/site-packages/airflow/example_dags/example_sla_dag.py took 0.062 seconds
[2024-12-02T11:09:47.102+0000] {processor.py:186} INFO - Started process (PID=1478) to work on /home/airflow/.local/lib/python3.12/site-packages/airflow/example_dags/example_sla_dag.py
[2024-12-02T11:09:47.102+0000] {processor.py:914} INFO - Processing file /home/airflow/.local/lib/python3.12/site-packages/airflow/example_dags/example_sla_dag.py for tasks to queue
[2024-12-02T11:09:47.104+0000] {logging_mixin.py:190} INFO - [2024-12-02T11:09:47.104+0000] {dagbag.py:588} INFO - Filling up the DagBag from /home/airflow/.local/lib/python3.12/site-packages/airflow/example_dags/example_sla_dag.py
[2024-12-02T11:09:47.112+0000] {processor.py:925} INFO - DAG(s) 'example_sla_dag' retrieved from /home/airflow/.local/lib/python3.12/site-packages/airflow/example_dags/example_sla_dag.py
[2024-12-02T11:09:47.124+0000] {logging_mixin.py:190} INFO - [2024-12-02T11:09:47.124+0000] {dag.py:3239} INFO - Sync 1 DAGs
[2024-12-02T11:09:47.141+0000] {logging_mixin.py:190} INFO - [2024-12-02T11:09:47.141+0000] {dag.py:4180} INFO - Setting next_dagrun for example_sla_dag to 2024-12-02 11:06:00+00:00, run_after=2024-12-02 11:08:00+00:00
[2024-12-02T11:09:47.153+0000] {processor.py:208} INFO - Processing /home/airflow/.local/lib/python3.12/site-packages/airflow/example_dags/example_sla_dag.py took 0.056 seconds
[2024-12-02T11:10:19.014+0000] {processor.py:186} INFO - Started process (PID=1541) to work on /home/airflow/.local/lib/python3.12/site-packages/airflow/example_dags/example_sla_dag.py
[2024-12-02T11:10:19.018+0000] {processor.py:914} INFO - Processing file /home/airflow/.local/lib/python3.12/site-packages/airflow/example_dags/example_sla_dag.py for tasks to queue
[2024-12-02T11:10:19.020+0000] {logging_mixin.py:190} INFO - [2024-12-02T11:10:19.020+0000] {dagbag.py:588} INFO - Filling up the DagBag from /home/airflow/.local/lib/python3.12/site-packages/airflow/example_dags/example_sla_dag.py
[2024-12-02T11:10:19.036+0000] {processor.py:925} INFO - DAG(s) 'example_sla_dag' retrieved from /home/airflow/.local/lib/python3.12/site-packages/airflow/example_dags/example_sla_dag.py
[2024-12-02T11:10:19.049+0000] {logging_mixin.py:190} INFO - [2024-12-02T11:10:19.049+0000] {dag.py:3239} INFO - Sync 1 DAGs
[2024-12-02T11:10:19.066+0000] {logging_mixin.py:190} INFO - [2024-12-02T11:10:19.066+0000] {dag.py:4180} INFO - Setting next_dagrun for example_sla_dag to 2024-12-02 11:08:00+00:00, run_after=2024-12-02 11:10:00+00:00
[2024-12-02T11:10:19.079+0000] {processor.py:208} INFO - Processing /home/airflow/.local/lib/python3.12/site-packages/airflow/example_dags/example_sla_dag.py took 0.090 seconds
[2024-12-02T11:10:49.843+0000] {processor.py:186} INFO - Started process (PID=1604) to work on /home/airflow/.local/lib/python3.12/site-packages/airflow/example_dags/example_sla_dag.py
[2024-12-02T11:10:49.844+0000] {processor.py:914} INFO - Processing file /home/airflow/.local/lib/python3.12/site-packages/airflow/example_dags/example_sla_dag.py for tasks to queue
[2024-12-02T11:10:49.845+0000] {logging_mixin.py:190} INFO - [2024-12-02T11:10:49.845+0000] {dagbag.py:588} INFO - Filling up the DagBag from /home/airflow/.local/lib/python3.12/site-packages/airflow/example_dags/example_sla_dag.py
[2024-12-02T11:10:49.855+0000] {processor.py:925} INFO - DAG(s) 'example_sla_dag' retrieved from /home/airflow/.local/lib/python3.12/site-packages/airflow/example_dags/example_sla_dag.py
[2024-12-02T11:10:49.866+0000] {logging_mixin.py:190} INFO - [2024-12-02T11:10:49.866+0000] {dag.py:3239} INFO - Sync 1 DAGs
[2024-12-02T11:10:49.883+0000] {logging_mixin.py:190} INFO - [2024-12-02T11:10:49.883+0000] {dag.py:4180} INFO - Setting next_dagrun for example_sla_dag to 2024-12-02 11:08:00+00:00, run_after=2024-12-02 11:10:00+00:00
[2024-12-02T11:10:49.896+0000] {processor.py:208} INFO - Processing /home/airflow/.local/lib/python3.12/site-packages/airflow/example_dags/example_sla_dag.py took 0.057 seconds
[2024-12-02T11:11:22.041+0000] {processor.py:186} INFO - Started process (PID=1669) to work on /home/airflow/.local/lib/python3.12/site-packages/airflow/example_dags/example_sla_dag.py
[2024-12-02T11:11:22.052+0000] {processor.py:914} INFO - Processing file /home/airflow/.local/lib/python3.12/site-packages/airflow/example_dags/example_sla_dag.py for tasks to queue
[2024-12-02T11:11:22.055+0000] {logging_mixin.py:190} INFO - [2024-12-02T11:11:22.055+0000] {dagbag.py:588} INFO - Filling up the DagBag from /home/airflow/.local/lib/python3.12/site-packages/airflow/example_dags/example_sla_dag.py
[2024-12-02T11:11:22.072+0000] {processor.py:925} INFO - DAG(s) 'example_sla_dag' retrieved from /home/airflow/.local/lib/python3.12/site-packages/airflow/example_dags/example_sla_dag.py
[2024-12-02T11:11:22.119+0000] {logging_mixin.py:190} INFO - [2024-12-02T11:11:22.119+0000] {dag.py:3239} INFO - Sync 1 DAGs
[2024-12-02T11:11:22.173+0000] {logging_mixin.py:190} INFO - [2024-12-02T11:11:22.173+0000] {dag.py:4180} INFO - Setting next_dagrun for example_sla_dag to 2024-12-02 11:08:00+00:00, run_after=2024-12-02 11:10:00+00:00
[2024-12-02T11:11:22.209+0000] {processor.py:208} INFO - Processing /home/airflow/.local/lib/python3.12/site-packages/airflow/example_dags/example_sla_dag.py took 0.173 seconds
[2024-12-02T11:11:52.923+0000] {processor.py:186} INFO - Started process (PID=1733) to work on /home/airflow/.local/lib/python3.12/site-packages/airflow/example_dags/example_sla_dag.py
[2024-12-02T11:11:52.924+0000] {processor.py:914} INFO - Processing file /home/airflow/.local/lib/python3.12/site-packages/airflow/example_dags/example_sla_dag.py for tasks to queue
[2024-12-02T11:11:52.926+0000] {logging_mixin.py:190} INFO - [2024-12-02T11:11:52.925+0000] {dagbag.py:588} INFO - Filling up the DagBag from /home/airflow/.local/lib/python3.12/site-packages/airflow/example_dags/example_sla_dag.py
[2024-12-02T11:11:52.933+0000] {processor.py:925} INFO - DAG(s) 'example_sla_dag' retrieved from /home/airflow/.local/lib/python3.12/site-packages/airflow/example_dags/example_sla_dag.py
[2024-12-02T11:11:52.948+0000] {logging_mixin.py:190} INFO - [2024-12-02T11:11:52.947+0000] {dag.py:3239} INFO - Sync 1 DAGs
[2024-12-02T11:11:52.965+0000] {logging_mixin.py:190} INFO - [2024-12-02T11:11:52.964+0000] {dag.py:4180} INFO - Setting next_dagrun for example_sla_dag to 2024-12-02 11:08:00+00:00, run_after=2024-12-02 11:10:00+00:00
[2024-12-02T11:11:52.980+0000] {processor.py:208} INFO - Processing /home/airflow/.local/lib/python3.12/site-packages/airflow/example_dags/example_sla_dag.py took 0.061 seconds
[2024-12-02T11:12:23.456+0000] {processor.py:186} INFO - Started process (PID=1797) to work on /home/airflow/.local/lib/python3.12/site-packages/airflow/example_dags/example_sla_dag.py
[2024-12-02T11:12:23.459+0000] {processor.py:914} INFO - Processing file /home/airflow/.local/lib/python3.12/site-packages/airflow/example_dags/example_sla_dag.py for tasks to queue
[2024-12-02T11:12:23.461+0000] {logging_mixin.py:190} INFO - [2024-12-02T11:12:23.461+0000] {dagbag.py:588} INFO - Filling up the DagBag from /home/airflow/.local/lib/python3.12/site-packages/airflow/example_dags/example_sla_dag.py
[2024-12-02T11:12:23.469+0000] {processor.py:925} INFO - DAG(s) 'example_sla_dag' retrieved from /home/airflow/.local/lib/python3.12/site-packages/airflow/example_dags/example_sla_dag.py
[2024-12-02T11:12:23.484+0000] {logging_mixin.py:190} INFO - [2024-12-02T11:12:23.484+0000] {dag.py:3239} INFO - Sync 1 DAGs
[2024-12-02T11:12:23.501+0000] {logging_mixin.py:190} INFO - [2024-12-02T11:12:23.501+0000] {dag.py:4180} INFO - Setting next_dagrun for example_sla_dag to 2024-12-02 11:10:00+00:00, run_after=2024-12-02 11:12:00+00:00
[2024-12-02T11:12:23.516+0000] {processor.py:208} INFO - Processing /home/airflow/.local/lib/python3.12/site-packages/airflow/example_dags/example_sla_dag.py took 0.064 seconds
[2024-12-02T11:12:55.927+0000] {processor.py:186} INFO - Started process (PID=1862) to work on /home/airflow/.local/lib/python3.12/site-packages/airflow/example_dags/example_sla_dag.py
[2024-12-02T11:12:55.928+0000] {processor.py:914} INFO - Processing file /home/airflow/.local/lib/python3.12/site-packages/airflow/example_dags/example_sla_dag.py for tasks to queue
[2024-12-02T11:12:55.930+0000] {logging_mixin.py:190} INFO - [2024-12-02T11:12:55.929+0000] {dagbag.py:588} INFO - Filling up the DagBag from /home/airflow/.local/lib/python3.12/site-packages/airflow/example_dags/example_sla_dag.py
[2024-12-02T11:12:55.938+0000] {processor.py:925} INFO - DAG(s) 'example_sla_dag' retrieved from /home/airflow/.local/lib/python3.12/site-packages/airflow/example_dags/example_sla_dag.py
[2024-12-02T11:12:55.953+0000] {logging_mixin.py:190} INFO - [2024-12-02T11:12:55.953+0000] {dag.py:3239} INFO - Sync 1 DAGs
[2024-12-02T11:12:55.972+0000] {logging_mixin.py:190} INFO - [2024-12-02T11:12:55.972+0000] {dag.py:4180} INFO - Setting next_dagrun for example_sla_dag to 2024-12-02 11:10:00+00:00, run_after=2024-12-02 11:12:00+00:00
[2024-12-02T11:12:55.990+0000] {processor.py:208} INFO - Processing /home/airflow/.local/lib/python3.12/site-packages/airflow/example_dags/example_sla_dag.py took 0.067 seconds
[2024-12-02T11:13:26.678+0000] {processor.py:186} INFO - Started process (PID=1926) to work on /home/airflow/.local/lib/python3.12/site-packages/airflow/example_dags/example_sla_dag.py
[2024-12-02T11:13:26.680+0000] {processor.py:914} INFO - Processing file /home/airflow/.local/lib/python3.12/site-packages/airflow/example_dags/example_sla_dag.py for tasks to queue
[2024-12-02T11:13:26.682+0000] {logging_mixin.py:190} INFO - [2024-12-02T11:13:26.681+0000] {dagbag.py:588} INFO - Filling up the DagBag from /home/airflow/.local/lib/python3.12/site-packages/airflow/example_dags/example_sla_dag.py
[2024-12-02T11:13:26.689+0000] {processor.py:925} INFO - DAG(s) 'example_sla_dag' retrieved from /home/airflow/.local/lib/python3.12/site-packages/airflow/example_dags/example_sla_dag.py
[2024-12-02T11:13:26.709+0000] {logging_mixin.py:190} INFO - [2024-12-02T11:13:26.709+0000] {dag.py:3239} INFO - Sync 1 DAGs
[2024-12-02T11:13:26.729+0000] {logging_mixin.py:190} INFO - [2024-12-02T11:13:26.729+0000] {dag.py:4180} INFO - Setting next_dagrun for example_sla_dag to 2024-12-02 11:10:00+00:00, run_after=2024-12-02 11:12:00+00:00
[2024-12-02T11:13:26.745+0000] {processor.py:208} INFO - Processing /home/airflow/.local/lib/python3.12/site-packages/airflow/example_dags/example_sla_dag.py took 0.071 seconds
[2024-12-02T11:13:57.695+0000] {processor.py:186} INFO - Started process (PID=1992) to work on /home/airflow/.local/lib/python3.12/site-packages/airflow/example_dags/example_sla_dag.py
[2024-12-02T11:13:57.696+0000] {processor.py:914} INFO - Processing file /home/airflow/.local/lib/python3.12/site-packages/airflow/example_dags/example_sla_dag.py for tasks to queue
[2024-12-02T11:13:57.697+0000] {logging_mixin.py:190} INFO - [2024-12-02T11:13:57.697+0000] {dagbag.py:588} INFO - Filling up the DagBag from /home/airflow/.local/lib/python3.12/site-packages/airflow/example_dags/example_sla_dag.py
[2024-12-02T11:13:57.705+0000] {processor.py:925} INFO - DAG(s) 'example_sla_dag' retrieved from /home/airflow/.local/lib/python3.12/site-packages/airflow/example_dags/example_sla_dag.py
[2024-12-02T11:13:57.719+0000] {logging_mixin.py:190} INFO - [2024-12-02T11:13:57.719+0000] {dag.py:3239} INFO - Sync 1 DAGs
[2024-12-02T11:13:57.740+0000] {logging_mixin.py:190} INFO - [2024-12-02T11:13:57.739+0000] {dag.py:4180} INFO - Setting next_dagrun for example_sla_dag to 2024-12-02 11:10:00+00:00, run_after=2024-12-02 11:12:00+00:00
[2024-12-02T11:13:57.760+0000] {processor.py:208} INFO - Processing /home/airflow/.local/lib/python3.12/site-packages/airflow/example_dags/example_sla_dag.py took 0.069 seconds
[2024-12-02T11:14:29.078+0000] {processor.py:186} INFO - Started process (PID=2057) to work on /home/airflow/.local/lib/python3.12/site-packages/airflow/example_dags/example_sla_dag.py
[2024-12-02T11:14:29.080+0000] {processor.py:914} INFO - Processing file /home/airflow/.local/lib/python3.12/site-packages/airflow/example_dags/example_sla_dag.py for tasks to queue
[2024-12-02T11:14:29.083+0000] {logging_mixin.py:190} INFO - [2024-12-02T11:14:29.083+0000] {dagbag.py:588} INFO - Filling up the DagBag from /home/airflow/.local/lib/python3.12/site-packages/airflow/example_dags/example_sla_dag.py
[2024-12-02T11:14:29.094+0000] {processor.py:925} INFO - DAG(s) 'example_sla_dag' retrieved from /home/airflow/.local/lib/python3.12/site-packages/airflow/example_dags/example_sla_dag.py
[2024-12-02T11:14:29.108+0000] {logging_mixin.py:190} INFO - [2024-12-02T11:14:29.108+0000] {dag.py:3239} INFO - Sync 1 DAGs
[2024-12-02T11:14:29.131+0000] {logging_mixin.py:190} INFO - [2024-12-02T11:14:29.131+0000] {dag.py:4180} INFO - Setting next_dagrun for example_sla_dag to 2024-12-02 11:12:00+00:00, run_after=2024-12-02 11:14:00+00:00
[2024-12-02T11:14:29.148+0000] {processor.py:208} INFO - Processing /home/airflow/.local/lib/python3.12/site-packages/airflow/example_dags/example_sla_dag.py took 0.075 seconds
[2024-12-02T11:15:02.132+0000] {processor.py:186} INFO - Started process (PID=2122) to work on /home/airflow/.local/lib/python3.12/site-packages/airflow/example_dags/example_sla_dag.py
[2024-12-02T11:15:02.133+0000] {processor.py:914} INFO - Processing file /home/airflow/.local/lib/python3.12/site-packages/airflow/example_dags/example_sla_dag.py for tasks to queue
[2024-12-02T11:15:02.135+0000] {logging_mixin.py:190} INFO - [2024-12-02T11:15:02.135+0000] {dagbag.py:588} INFO - Filling up the DagBag from /home/airflow/.local/lib/python3.12/site-packages/airflow/example_dags/example_sla_dag.py
[2024-12-02T11:15:02.157+0000] {processor.py:925} INFO - DAG(s) 'example_sla_dag' retrieved from /home/airflow/.local/lib/python3.12/site-packages/airflow/example_dags/example_sla_dag.py
[2024-12-02T11:15:02.202+0000] {logging_mixin.py:190} INFO - [2024-12-02T11:15:02.202+0000] {dag.py:3239} INFO - Sync 1 DAGs
[2024-12-02T11:15:02.269+0000] {logging_mixin.py:190} INFO - [2024-12-02T11:15:02.268+0000] {dag.py:4180} INFO - Setting next_dagrun for example_sla_dag to 2024-12-02 11:12:00+00:00, run_after=2024-12-02 11:14:00+00:00
[2024-12-02T11:15:02.342+0000] {processor.py:208} INFO - Processing /home/airflow/.local/lib/python3.12/site-packages/airflow/example_dags/example_sla_dag.py took 0.226 seconds
[2024-12-02T11:15:32.451+0000] {processor.py:186} INFO - Started process (PID=2187) to work on /home/airflow/.local/lib/python3.12/site-packages/airflow/example_dags/example_sla_dag.py
[2024-12-02T11:15:32.453+0000] {processor.py:914} INFO - Processing file /home/airflow/.local/lib/python3.12/site-packages/airflow/example_dags/example_sla_dag.py for tasks to queue
[2024-12-02T11:15:32.454+0000] {logging_mixin.py:190} INFO - [2024-12-02T11:15:32.454+0000] {dagbag.py:588} INFO - Filling up the DagBag from /home/airflow/.local/lib/python3.12/site-packages/airflow/example_dags/example_sla_dag.py
[2024-12-02T11:15:32.461+0000] {processor.py:925} INFO - DAG(s) 'example_sla_dag' retrieved from /home/airflow/.local/lib/python3.12/site-packages/airflow/example_dags/example_sla_dag.py
[2024-12-02T11:15:32.474+0000] {logging_mixin.py:190} INFO - [2024-12-02T11:15:32.474+0000] {dag.py:3239} INFO - Sync 1 DAGs
[2024-12-02T11:15:32.491+0000] {logging_mixin.py:190} INFO - [2024-12-02T11:15:32.491+0000] {dag.py:4180} INFO - Setting next_dagrun for example_sla_dag to 2024-12-02 11:12:00+00:00, run_after=2024-12-02 11:14:00+00:00
[2024-12-02T11:15:32.504+0000] {processor.py:208} INFO - Processing /home/airflow/.local/lib/python3.12/site-packages/airflow/example_dags/example_sla_dag.py took 0.057 seconds
[2024-12-02T11:16:03.179+0000] {processor.py:186} INFO - Started process (PID=2253) to work on /home/airflow/.local/lib/python3.12/site-packages/airflow/example_dags/example_sla_dag.py
[2024-12-02T11:16:03.180+0000] {processor.py:914} INFO - Processing file /home/airflow/.local/lib/python3.12/site-packages/airflow/example_dags/example_sla_dag.py for tasks to queue
[2024-12-02T11:16:03.181+0000] {logging_mixin.py:190} INFO - [2024-12-02T11:16:03.181+0000] {dagbag.py:588} INFO - Filling up the DagBag from /home/airflow/.local/lib/python3.12/site-packages/airflow/example_dags/example_sla_dag.py
[2024-12-02T11:16:03.210+0000] {processor.py:925} INFO - DAG(s) 'example_sla_dag' retrieved from /home/airflow/.local/lib/python3.12/site-packages/airflow/example_dags/example_sla_dag.py
[2024-12-02T11:16:03.270+0000] {logging_mixin.py:190} INFO - [2024-12-02T11:16:03.270+0000] {dag.py:3239} INFO - Sync 1 DAGs
[2024-12-02T11:16:03.330+0000] {logging_mixin.py:190} INFO - [2024-12-02T11:16:03.330+0000] {dag.py:4180} INFO - Setting next_dagrun for example_sla_dag to 2024-12-02 11:14:00+00:00, run_after=2024-12-02 11:16:00+00:00
[2024-12-02T11:16:03.383+0000] {processor.py:208} INFO - Processing /home/airflow/.local/lib/python3.12/site-packages/airflow/example_dags/example_sla_dag.py took 0.229 seconds
[2024-12-02T11:16:34.485+0000] {processor.py:186} INFO - Started process (PID=2317) to work on /home/airflow/.local/lib/python3.12/site-packages/airflow/example_dags/example_sla_dag.py
[2024-12-02T11:16:34.486+0000] {processor.py:914} INFO - Processing file /home/airflow/.local/lib/python3.12/site-packages/airflow/example_dags/example_sla_dag.py for tasks to queue
[2024-12-02T11:16:34.489+0000] {logging_mixin.py:190} INFO - [2024-12-02T11:16:34.488+0000] {dagbag.py:588} INFO - Filling up the DagBag from /home/airflow/.local/lib/python3.12/site-packages/airflow/example_dags/example_sla_dag.py
[2024-12-02T11:16:34.502+0000] {processor.py:925} INFO - DAG(s) 'example_sla_dag' retrieved from /home/airflow/.local/lib/python3.12/site-packages/airflow/example_dags/example_sla_dag.py
[2024-12-02T11:16:34.517+0000] {logging_mixin.py:190} INFO - [2024-12-02T11:16:34.517+0000] {dag.py:3239} INFO - Sync 1 DAGs
[2024-12-02T11:16:34.552+0000] {logging_mixin.py:190} INFO - [2024-12-02T11:16:34.552+0000] {dag.py:4180} INFO - Setting next_dagrun for example_sla_dag to 2024-12-02 11:14:00+00:00, run_after=2024-12-02 11:16:00+00:00
[2024-12-02T11:16:34.570+0000] {processor.py:208} INFO - Processing /home/airflow/.local/lib/python3.12/site-packages/airflow/example_dags/example_sla_dag.py took 0.090 seconds
[2024-12-02T11:17:05.999+0000] {processor.py:186} INFO - Started process (PID=2381) to work on /home/airflow/.local/lib/python3.12/site-packages/airflow/example_dags/example_sla_dag.py
[2024-12-02T11:17:06.001+0000] {processor.py:914} INFO - Processing file /home/airflow/.local/lib/python3.12/site-packages/airflow/example_dags/example_sla_dag.py for tasks to queue
[2024-12-02T11:17:06.002+0000] {logging_mixin.py:190} INFO - [2024-12-02T11:17:06.002+0000] {dagbag.py:588} INFO - Filling up the DagBag from /home/airflow/.local/lib/python3.12/site-packages/airflow/example_dags/example_sla_dag.py
[2024-12-02T11:17:06.010+0000] {processor.py:925} INFO - DAG(s) 'example_sla_dag' retrieved from /home/airflow/.local/lib/python3.12/site-packages/airflow/example_dags/example_sla_dag.py
[2024-12-02T11:17:06.022+0000] {logging_mixin.py:190} INFO - [2024-12-02T11:17:06.022+0000] {dag.py:3239} INFO - Sync 1 DAGs
[2024-12-02T11:17:06.044+0000] {logging_mixin.py:190} INFO - [2024-12-02T11:17:06.043+0000] {dag.py:4180} INFO - Setting next_dagrun for example_sla_dag to 2024-12-02 11:14:00+00:00, run_after=2024-12-02 11:16:00+00:00
[2024-12-02T11:17:06.057+0000] {processor.py:208} INFO - Processing /home/airflow/.local/lib/python3.12/site-packages/airflow/example_dags/example_sla_dag.py took 0.063 seconds
[2024-12-02T11:17:38.151+0000] {processor.py:186} INFO - Started process (PID=2453) to work on /home/airflow/.local/lib/python3.12/site-packages/airflow/example_dags/example_sla_dag.py
[2024-12-02T11:17:38.152+0000] {processor.py:914} INFO - Processing file /home/airflow/.local/lib/python3.12/site-packages/airflow/example_dags/example_sla_dag.py for tasks to queue
[2024-12-02T11:17:38.153+0000] {logging_mixin.py:190} INFO - [2024-12-02T11:17:38.152+0000] {dagbag.py:588} INFO - Filling up the DagBag from /home/airflow/.local/lib/python3.12/site-packages/airflow/example_dags/example_sla_dag.py
[2024-12-02T11:17:38.161+0000] {processor.py:925} INFO - DAG(s) 'example_sla_dag' retrieved from /home/airflow/.local/lib/python3.12/site-packages/airflow/example_dags/example_sla_dag.py
[2024-12-02T11:17:38.178+0000] {logging_mixin.py:190} INFO - [2024-12-02T11:17:38.177+0000] {dag.py:3239} INFO - Sync 1 DAGs
[2024-12-02T11:17:38.198+0000] {logging_mixin.py:190} INFO - [2024-12-02T11:17:38.198+0000] {dag.py:4180} INFO - Setting next_dagrun for example_sla_dag to 2024-12-02 11:14:00+00:00, run_after=2024-12-02 11:16:00+00:00
[2024-12-02T11:17:38.216+0000] {processor.py:208} INFO - Processing /home/airflow/.local/lib/python3.12/site-packages/airflow/example_dags/example_sla_dag.py took 0.080 seconds
[2024-12-02T11:18:12.512+0000] {processor.py:186} INFO - Started process (PID=2518) to work on /home/airflow/.local/lib/python3.12/site-packages/airflow/example_dags/example_sla_dag.py
[2024-12-02T11:18:12.515+0000] {processor.py:914} INFO - Processing file /home/airflow/.local/lib/python3.12/site-packages/airflow/example_dags/example_sla_dag.py for tasks to queue
[2024-12-02T11:18:12.515+0000] {logging_mixin.py:190} INFO - [2024-12-02T11:18:12.515+0000] {dagbag.py:588} INFO - Filling up the DagBag from /home/airflow/.local/lib/python3.12/site-packages/airflow/example_dags/example_sla_dag.py
[2024-12-02T11:18:12.525+0000] {processor.py:925} INFO - DAG(s) 'example_sla_dag' retrieved from /home/airflow/.local/lib/python3.12/site-packages/airflow/example_dags/example_sla_dag.py
[2024-12-02T11:18:12.541+0000] {logging_mixin.py:190} INFO - [2024-12-02T11:18:12.540+0000] {dag.py:3239} INFO - Sync 1 DAGs
[2024-12-02T11:18:12.565+0000] {logging_mixin.py:190} INFO - [2024-12-02T11:18:12.565+0000] {dag.py:4180} INFO - Setting next_dagrun for example_sla_dag to 2024-12-02 11:16:00+00:00, run_after=2024-12-02 11:18:00+00:00
[2024-12-02T11:18:12.578+0000] {processor.py:208} INFO - Processing /home/airflow/.local/lib/python3.12/site-packages/airflow/example_dags/example_sla_dag.py took 0.072 seconds
[2024-12-02T11:18:46.677+0000] {processor.py:186} INFO - Started process (PID=2590) to work on /home/airflow/.local/lib/python3.12/site-packages/airflow/example_dags/example_sla_dag.py
[2024-12-02T11:18:46.677+0000] {processor.py:914} INFO - Processing file /home/airflow/.local/lib/python3.12/site-packages/airflow/example_dags/example_sla_dag.py for tasks to queue
[2024-12-02T11:18:46.678+0000] {logging_mixin.py:190} INFO - [2024-12-02T11:18:46.678+0000] {dagbag.py:588} INFO - Filling up the DagBag from /home/airflow/.local/lib/python3.12/site-packages/airflow/example_dags/example_sla_dag.py
[2024-12-02T11:18:46.686+0000] {processor.py:925} INFO - DAG(s) 'example_sla_dag' retrieved from /home/airflow/.local/lib/python3.12/site-packages/airflow/example_dags/example_sla_dag.py
[2024-12-02T11:18:46.698+0000] {logging_mixin.py:190} INFO - [2024-12-02T11:18:46.698+0000] {dag.py:3239} INFO - Sync 1 DAGs
[2024-12-02T11:18:46.721+0000] {logging_mixin.py:190} INFO - [2024-12-02T11:18:46.720+0000] {dag.py:4180} INFO - Setting next_dagrun for example_sla_dag to 2024-12-02 11:16:00+00:00, run_after=2024-12-02 11:18:00+00:00
[2024-12-02T11:18:46.735+0000] {processor.py:208} INFO - Processing /home/airflow/.local/lib/python3.12/site-packages/airflow/example_dags/example_sla_dag.py took 0.063 seconds
[2024-12-02T11:19:17.008+0000] {processor.py:186} INFO - Started process (PID=2655) to work on /home/airflow/.local/lib/python3.12/site-packages/airflow/example_dags/example_sla_dag.py
[2024-12-02T11:19:17.010+0000] {processor.py:914} INFO - Processing file /home/airflow/.local/lib/python3.12/site-packages/airflow/example_dags/example_sla_dag.py for tasks to queue
[2024-12-02T11:19:17.010+0000] {logging_mixin.py:190} INFO - [2024-12-02T11:19:17.010+0000] {dagbag.py:588} INFO - Filling up the DagBag from /home/airflow/.local/lib/python3.12/site-packages/airflow/example_dags/example_sla_dag.py
[2024-12-02T11:19:17.018+0000] {processor.py:925} INFO - DAG(s) 'example_sla_dag' retrieved from /home/airflow/.local/lib/python3.12/site-packages/airflow/example_dags/example_sla_dag.py
[2024-12-02T11:19:17.031+0000] {logging_mixin.py:190} INFO - [2024-12-02T11:19:17.031+0000] {dag.py:3239} INFO - Sync 1 DAGs
[2024-12-02T11:19:17.048+0000] {logging_mixin.py:190} INFO - [2024-12-02T11:19:17.048+0000] {dag.py:4180} INFO - Setting next_dagrun for example_sla_dag to 2024-12-02 11:16:00+00:00, run_after=2024-12-02 11:18:00+00:00
[2024-12-02T11:19:17.060+0000] {processor.py:208} INFO - Processing /home/airflow/.local/lib/python3.12/site-packages/airflow/example_dags/example_sla_dag.py took 0.056 seconds
[2024-12-02T11:19:49.936+0000] {processor.py:186} INFO - Started process (PID=2725) to work on /home/airflow/.local/lib/python3.12/site-packages/airflow/example_dags/example_sla_dag.py
[2024-12-02T11:19:49.950+0000] {processor.py:914} INFO - Processing file /home/airflow/.local/lib/python3.12/site-packages/airflow/example_dags/example_sla_dag.py for tasks to queue
[2024-12-02T11:19:49.951+0000] {logging_mixin.py:190} INFO - [2024-12-02T11:19:49.951+0000] {dagbag.py:588} INFO - Filling up the DagBag from /home/airflow/.local/lib/python3.12/site-packages/airflow/example_dags/example_sla_dag.py
[2024-12-02T11:19:50.043+0000] {processor.py:925} INFO - DAG(s) 'example_sla_dag' retrieved from /home/airflow/.local/lib/python3.12/site-packages/airflow/example_dags/example_sla_dag.py
[2024-12-02T11:19:50.273+0000] {logging_mixin.py:190} INFO - [2024-12-02T11:19:50.272+0000] {dag.py:3239} INFO - Sync 1 DAGs
[2024-12-02T11:19:50.394+0000] {logging_mixin.py:190} INFO - [2024-12-02T11:19:50.393+0000] {dag.py:4180} INFO - Setting next_dagrun for example_sla_dag to 2024-12-02 11:16:00+00:00, run_after=2024-12-02 11:18:00+00:00
[2024-12-02T11:19:50.488+0000] {processor.py:208} INFO - Processing /home/airflow/.local/lib/python3.12/site-packages/airflow/example_dags/example_sla_dag.py took 0.556 seconds
