[2024-12-02T10:21:58.673+0000] {processor.py:186} INFO - Started process (PID=137) to work on /home/airflow/.local/lib/python3.12/site-packages/airflow/example_dags/example_latest_only.py
[2024-12-02T10:21:58.709+0000] {processor.py:914} INFO - Processing file /home/airflow/.local/lib/python3.12/site-packages/airflow/example_dags/example_latest_only.py for tasks to queue
[2024-12-02T10:21:58.745+0000] {logging_mixin.py:190} INFO - [2024-12-02T10:21:58.745+0000] {dagbag.py:588} INFO - Filling up the DagBag from /home/airflow/.local/lib/python3.12/site-packages/airflow/example_dags/example_latest_only.py
[2024-12-02T10:21:58.812+0000] {processor.py:925} INFO - DAG(s) 'latest_only' retrieved from /home/airflow/.local/lib/python3.12/site-packages/airflow/example_dags/example_latest_only.py
[2024-12-02T10:21:59.743+0000] {logging_mixin.py:190} INFO - [2024-12-02T10:21:59.743+0000] {override.py:1911} INFO - Created Permission View: can delete on DAG:latest_only
[2024-12-02T10:21:59.834+0000] {logging_mixin.py:190} INFO - [2024-12-02T10:21:59.832+0000] {override.py:1911} INFO - Created Permission View: can edit on DAG:latest_only
[2024-12-02T10:21:59.949+0000] {logging_mixin.py:190} INFO - [2024-12-02T10:21:59.948+0000] {override.py:1911} INFO - Created Permission View: can read on DAG:latest_only
[2024-12-02T10:22:00.050+0000] {logging_mixin.py:190} INFO - [2024-12-02T10:22:00.050+0000] {override.py:1911} INFO - Created Permission View: menu access on DAG Run:latest_only
[2024-12-02T10:22:00.147+0000] {logging_mixin.py:190} INFO - [2024-12-02T10:22:00.146+0000] {override.py:1911} INFO - Created Permission View: can create on DAG Run:latest_only
[2024-12-02T10:22:00.248+0000] {logging_mixin.py:190} INFO - [2024-12-02T10:22:00.248+0000] {override.py:1911} INFO - Created Permission View: can delete on DAG Run:latest_only
[2024-12-02T10:22:00.406+0000] {logging_mixin.py:190} INFO - [2024-12-02T10:22:00.406+0000] {override.py:1911} INFO - Created Permission View: can read on DAG Run:latest_only
[2024-12-02T10:22:00.407+0000] {logging_mixin.py:190} INFO - [2024-12-02T10:22:00.406+0000] {dag.py:3239} INFO - Sync 1 DAGs
[2024-12-02T10:22:00.546+0000] {logging_mixin.py:190} INFO - [2024-12-02T10:22:00.546+0000] {dag.py:3262} INFO - Creating ORM DAG for latest_only
[2024-12-02T10:22:00.709+0000] {logging_mixin.py:190} INFO - [2024-12-02T10:22:00.709+0000] {dag.py:4180} INFO - Setting next_dagrun for latest_only to 2024-12-02 04:00:00+00:00, run_after=2024-12-02 08:00:00+00:00
[2024-12-02T10:22:00.911+0000] {processor.py:208} INFO - Processing /home/airflow/.local/lib/python3.12/site-packages/airflow/example_dags/example_latest_only.py took 2.245 seconds
[2024-12-02T10:36:29.125+0000] {processor.py:186} INFO - Started process (PID=82) to work on /home/airflow/.local/lib/python3.12/site-packages/airflow/example_dags/example_latest_only.py
[2024-12-02T10:36:29.138+0000] {processor.py:914} INFO - Processing file /home/airflow/.local/lib/python3.12/site-packages/airflow/example_dags/example_latest_only.py for tasks to queue
[2024-12-02T10:36:29.150+0000] {logging_mixin.py:190} INFO - [2024-12-02T10:36:29.141+0000] {dagbag.py:588} INFO - Filling up the DagBag from /home/airflow/.local/lib/python3.12/site-packages/airflow/example_dags/example_latest_only.py
[2024-12-02T10:36:29.157+0000] {processor.py:925} INFO - DAG(s) 'latest_only' retrieved from /home/airflow/.local/lib/python3.12/site-packages/airflow/example_dags/example_latest_only.py
[2024-12-02T10:36:29.256+0000] {logging_mixin.py:190} INFO - [2024-12-02T10:36:29.256+0000] {dag.py:3239} INFO - Sync 1 DAGs
[2024-12-02T10:36:29.313+0000] {logging_mixin.py:190} INFO - [2024-12-02T10:36:29.313+0000] {dag.py:4180} INFO - Setting next_dagrun for latest_only to 2024-12-02 04:00:00+00:00, run_after=2024-12-02 08:00:00+00:00
[2024-12-02T10:36:29.400+0000] {processor.py:208} INFO - Processing /home/airflow/.local/lib/python3.12/site-packages/airflow/example_dags/example_latest_only.py took 0.281 seconds
[2024-12-02T10:38:21.761+0000] {processor.py:186} INFO - Started process (PID=89) to work on /home/airflow/.local/lib/python3.12/site-packages/airflow/example_dags/example_latest_only.py
[2024-12-02T10:38:21.780+0000] {processor.py:914} INFO - Processing file /home/airflow/.local/lib/python3.12/site-packages/airflow/example_dags/example_latest_only.py for tasks to queue
[2024-12-02T10:38:21.798+0000] {logging_mixin.py:190} INFO - [2024-12-02T10:38:21.783+0000] {dagbag.py:588} INFO - Filling up the DagBag from /home/airflow/.local/lib/python3.12/site-packages/airflow/example_dags/example_latest_only.py
[2024-12-02T10:38:21.856+0000] {processor.py:925} INFO - DAG(s) 'latest_only' retrieved from /home/airflow/.local/lib/python3.12/site-packages/airflow/example_dags/example_latest_only.py
[2024-12-02T10:38:21.946+0000] {logging_mixin.py:190} INFO - [2024-12-02T10:38:21.946+0000] {dag.py:3239} INFO - Sync 1 DAGs
[2024-12-02T10:38:22.045+0000] {logging_mixin.py:190} INFO - [2024-12-02T10:38:22.045+0000] {dag.py:4180} INFO - Setting next_dagrun for latest_only to 2024-12-02 04:00:00+00:00, run_after=2024-12-02 08:00:00+00:00
[2024-12-02T10:38:22.185+0000] {processor.py:208} INFO - Processing /home/airflow/.local/lib/python3.12/site-packages/airflow/example_dags/example_latest_only.py took 0.453 seconds
[2024-12-02T10:38:52.562+0000] {processor.py:186} INFO - Started process (PID=153) to work on /home/airflow/.local/lib/python3.12/site-packages/airflow/example_dags/example_latest_only.py
[2024-12-02T10:38:52.564+0000] {processor.py:914} INFO - Processing file /home/airflow/.local/lib/python3.12/site-packages/airflow/example_dags/example_latest_only.py for tasks to queue
[2024-12-02T10:38:52.566+0000] {logging_mixin.py:190} INFO - [2024-12-02T10:38:52.565+0000] {dagbag.py:588} INFO - Filling up the DagBag from /home/airflow/.local/lib/python3.12/site-packages/airflow/example_dags/example_latest_only.py
[2024-12-02T10:38:52.572+0000] {processor.py:925} INFO - DAG(s) 'latest_only' retrieved from /home/airflow/.local/lib/python3.12/site-packages/airflow/example_dags/example_latest_only.py
[2024-12-02T10:38:52.587+0000] {logging_mixin.py:190} INFO - [2024-12-02T10:38:52.587+0000] {dag.py:3239} INFO - Sync 1 DAGs
[2024-12-02T10:38:52.604+0000] {logging_mixin.py:190} INFO - [2024-12-02T10:38:52.604+0000] {dag.py:4180} INFO - Setting next_dagrun for latest_only to 2024-12-02 04:00:00+00:00, run_after=2024-12-02 08:00:00+00:00
[2024-12-02T10:38:52.618+0000] {processor.py:208} INFO - Processing /home/airflow/.local/lib/python3.12/site-packages/airflow/example_dags/example_latest_only.py took 0.061 seconds
[2024-12-02T10:39:22.985+0000] {processor.py:186} INFO - Started process (PID=217) to work on /home/airflow/.local/lib/python3.12/site-packages/airflow/example_dags/example_latest_only.py
[2024-12-02T10:39:22.987+0000] {processor.py:914} INFO - Processing file /home/airflow/.local/lib/python3.12/site-packages/airflow/example_dags/example_latest_only.py for tasks to queue
[2024-12-02T10:39:22.991+0000] {logging_mixin.py:190} INFO - [2024-12-02T10:39:22.990+0000] {dagbag.py:588} INFO - Filling up the DagBag from /home/airflow/.local/lib/python3.12/site-packages/airflow/example_dags/example_latest_only.py
[2024-12-02T10:39:22.999+0000] {processor.py:925} INFO - DAG(s) 'latest_only' retrieved from /home/airflow/.local/lib/python3.12/site-packages/airflow/example_dags/example_latest_only.py
[2024-12-02T10:39:23.021+0000] {logging_mixin.py:190} INFO - [2024-12-02T10:39:23.021+0000] {dag.py:3239} INFO - Sync 1 DAGs
[2024-12-02T10:39:23.049+0000] {logging_mixin.py:190} INFO - [2024-12-02T10:39:23.049+0000] {dag.py:4180} INFO - Setting next_dagrun for latest_only to 2024-12-02 04:00:00+00:00, run_after=2024-12-02 08:00:00+00:00
[2024-12-02T10:39:23.064+0000] {processor.py:208} INFO - Processing /home/airflow/.local/lib/python3.12/site-packages/airflow/example_dags/example_latest_only.py took 0.084 seconds
[2024-12-02T10:39:55.450+0000] {processor.py:186} INFO - Started process (PID=281) to work on /home/airflow/.local/lib/python3.12/site-packages/airflow/example_dags/example_latest_only.py
[2024-12-02T10:39:55.456+0000] {processor.py:914} INFO - Processing file /home/airflow/.local/lib/python3.12/site-packages/airflow/example_dags/example_latest_only.py for tasks to queue
[2024-12-02T10:39:55.466+0000] {logging_mixin.py:190} INFO - [2024-12-02T10:39:55.466+0000] {dagbag.py:588} INFO - Filling up the DagBag from /home/airflow/.local/lib/python3.12/site-packages/airflow/example_dags/example_latest_only.py
[2024-12-02T10:39:55.475+0000] {processor.py:925} INFO - DAG(s) 'latest_only' retrieved from /home/airflow/.local/lib/python3.12/site-packages/airflow/example_dags/example_latest_only.py
[2024-12-02T10:39:55.535+0000] {logging_mixin.py:190} INFO - [2024-12-02T10:39:55.531+0000] {dag.py:3239} INFO - Sync 1 DAGs
[2024-12-02T10:39:55.574+0000] {logging_mixin.py:190} INFO - [2024-12-02T10:39:55.574+0000] {dag.py:4180} INFO - Setting next_dagrun for latest_only to 2024-12-02 04:00:00+00:00, run_after=2024-12-02 08:00:00+00:00
[2024-12-02T10:39:55.660+0000] {processor.py:208} INFO - Processing /home/airflow/.local/lib/python3.12/site-packages/airflow/example_dags/example_latest_only.py took 0.217 seconds
[2024-12-02T10:40:32.715+0000] {processor.py:186} INFO - Started process (PID=345) to work on /home/airflow/.local/lib/python3.12/site-packages/airflow/example_dags/example_latest_only.py
[2024-12-02T10:40:32.720+0000] {processor.py:914} INFO - Processing file /home/airflow/.local/lib/python3.12/site-packages/airflow/example_dags/example_latest_only.py for tasks to queue
[2024-12-02T10:40:32.722+0000] {logging_mixin.py:190} INFO - [2024-12-02T10:40:32.722+0000] {dagbag.py:588} INFO - Filling up the DagBag from /home/airflow/.local/lib/python3.12/site-packages/airflow/example_dags/example_latest_only.py
[2024-12-02T10:40:32.737+0000] {processor.py:925} INFO - DAG(s) 'latest_only' retrieved from /home/airflow/.local/lib/python3.12/site-packages/airflow/example_dags/example_latest_only.py
[2024-12-02T10:40:32.773+0000] {logging_mixin.py:190} INFO - [2024-12-02T10:40:32.773+0000] {dag.py:3239} INFO - Sync 1 DAGs
[2024-12-02T10:40:32.801+0000] {logging_mixin.py:190} INFO - [2024-12-02T10:40:32.801+0000] {dag.py:4180} INFO - Setting next_dagrun for latest_only to 2024-12-02 04:00:00+00:00, run_after=2024-12-02 08:00:00+00:00
[2024-12-02T10:40:32.837+0000] {processor.py:208} INFO - Processing /home/airflow/.local/lib/python3.12/site-packages/airflow/example_dags/example_latest_only.py took 0.132 seconds
[2024-12-02T10:42:09.161+0000] {processor.py:186} INFO - Started process (PID=83) to work on /home/airflow/.local/lib/python3.12/site-packages/airflow/example_dags/example_latest_only.py
[2024-12-02T10:42:09.162+0000] {processor.py:914} INFO - Processing file /home/airflow/.local/lib/python3.12/site-packages/airflow/example_dags/example_latest_only.py for tasks to queue
[2024-12-02T10:42:09.164+0000] {logging_mixin.py:190} INFO - [2024-12-02T10:42:09.164+0000] {dagbag.py:588} INFO - Filling up the DagBag from /home/airflow/.local/lib/python3.12/site-packages/airflow/example_dags/example_latest_only.py
[2024-12-02T10:42:09.170+0000] {processor.py:925} INFO - DAG(s) 'latest_only' retrieved from /home/airflow/.local/lib/python3.12/site-packages/airflow/example_dags/example_latest_only.py
[2024-12-02T10:42:09.206+0000] {logging_mixin.py:190} INFO - [2024-12-02T10:42:09.205+0000] {dag.py:3239} INFO - Sync 1 DAGs
[2024-12-02T10:42:09.230+0000] {logging_mixin.py:190} INFO - [2024-12-02T10:42:09.229+0000] {dag.py:4180} INFO - Setting next_dagrun for latest_only to 2024-12-02 04:00:00+00:00, run_after=2024-12-02 08:00:00+00:00
[2024-12-02T10:42:09.249+0000] {processor.py:208} INFO - Processing /home/airflow/.local/lib/python3.12/site-packages/airflow/example_dags/example_latest_only.py took 0.093 seconds
[2024-12-02T10:42:43.174+0000] {processor.py:186} INFO - Started process (PID=146) to work on /home/airflow/.local/lib/python3.12/site-packages/airflow/example_dags/example_latest_only.py
[2024-12-02T10:42:43.176+0000] {processor.py:914} INFO - Processing file /home/airflow/.local/lib/python3.12/site-packages/airflow/example_dags/example_latest_only.py for tasks to queue
[2024-12-02T10:42:43.178+0000] {logging_mixin.py:190} INFO - [2024-12-02T10:42:43.178+0000] {dagbag.py:588} INFO - Filling up the DagBag from /home/airflow/.local/lib/python3.12/site-packages/airflow/example_dags/example_latest_only.py
[2024-12-02T10:42:43.184+0000] {processor.py:925} INFO - DAG(s) 'latest_only' retrieved from /home/airflow/.local/lib/python3.12/site-packages/airflow/example_dags/example_latest_only.py
[2024-12-02T10:42:43.198+0000] {logging_mixin.py:190} INFO - [2024-12-02T10:42:43.198+0000] {dag.py:3239} INFO - Sync 1 DAGs
[2024-12-02T10:42:43.216+0000] {logging_mixin.py:190} INFO - [2024-12-02T10:42:43.215+0000] {dag.py:4180} INFO - Setting next_dagrun for latest_only to 2024-12-02 04:00:00+00:00, run_after=2024-12-02 08:00:00+00:00
[2024-12-02T10:42:43.230+0000] {processor.py:208} INFO - Processing /home/airflow/.local/lib/python3.12/site-packages/airflow/example_dags/example_latest_only.py took 0.060 seconds
[2024-12-02T10:43:16.942+0000] {processor.py:186} INFO - Started process (PID=210) to work on /home/airflow/.local/lib/python3.12/site-packages/airflow/example_dags/example_latest_only.py
[2024-12-02T10:43:16.944+0000] {processor.py:914} INFO - Processing file /home/airflow/.local/lib/python3.12/site-packages/airflow/example_dags/example_latest_only.py for tasks to queue
[2024-12-02T10:43:16.950+0000] {logging_mixin.py:190} INFO - [2024-12-02T10:43:16.949+0000] {dagbag.py:588} INFO - Filling up the DagBag from /home/airflow/.local/lib/python3.12/site-packages/airflow/example_dags/example_latest_only.py
[2024-12-02T10:43:16.970+0000] {processor.py:925} INFO - DAG(s) 'latest_only' retrieved from /home/airflow/.local/lib/python3.12/site-packages/airflow/example_dags/example_latest_only.py
[2024-12-02T10:43:17.010+0000] {logging_mixin.py:190} INFO - [2024-12-02T10:43:17.010+0000] {dag.py:3239} INFO - Sync 1 DAGs
[2024-12-02T10:43:17.027+0000] {logging_mixin.py:190} INFO - [2024-12-02T10:43:17.026+0000] {dag.py:4180} INFO - Setting next_dagrun for latest_only to 2024-12-02 04:00:00+00:00, run_after=2024-12-02 08:00:00+00:00
[2024-12-02T10:43:17.044+0000] {processor.py:208} INFO - Processing /home/airflow/.local/lib/python3.12/site-packages/airflow/example_dags/example_latest_only.py took 0.116 seconds
[2024-12-02T10:43:48.102+0000] {processor.py:186} INFO - Started process (PID=273) to work on /home/airflow/.local/lib/python3.12/site-packages/airflow/example_dags/example_latest_only.py
[2024-12-02T10:43:48.115+0000] {processor.py:914} INFO - Processing file /home/airflow/.local/lib/python3.12/site-packages/airflow/example_dags/example_latest_only.py for tasks to queue
[2024-12-02T10:43:48.116+0000] {logging_mixin.py:190} INFO - [2024-12-02T10:43:48.116+0000] {dagbag.py:588} INFO - Filling up the DagBag from /home/airflow/.local/lib/python3.12/site-packages/airflow/example_dags/example_latest_only.py
[2024-12-02T10:43:48.122+0000] {processor.py:925} INFO - DAG(s) 'latest_only' retrieved from /home/airflow/.local/lib/python3.12/site-packages/airflow/example_dags/example_latest_only.py
[2024-12-02T10:43:48.156+0000] {logging_mixin.py:190} INFO - [2024-12-02T10:43:48.155+0000] {dag.py:3239} INFO - Sync 1 DAGs
[2024-12-02T10:43:48.188+0000] {logging_mixin.py:190} INFO - [2024-12-02T10:43:48.187+0000] {dag.py:4180} INFO - Setting next_dagrun for latest_only to 2024-12-02 04:00:00+00:00, run_after=2024-12-02 08:00:00+00:00
[2024-12-02T10:43:48.224+0000] {processor.py:208} INFO - Processing /home/airflow/.local/lib/python3.12/site-packages/airflow/example_dags/example_latest_only.py took 0.126 seconds
[2024-12-02T10:44:19.110+0000] {processor.py:186} INFO - Started process (PID=336) to work on /home/airflow/.local/lib/python3.12/site-packages/airflow/example_dags/example_latest_only.py
[2024-12-02T10:44:19.113+0000] {processor.py:914} INFO - Processing file /home/airflow/.local/lib/python3.12/site-packages/airflow/example_dags/example_latest_only.py for tasks to queue
[2024-12-02T10:44:19.115+0000] {logging_mixin.py:190} INFO - [2024-12-02T10:44:19.114+0000] {dagbag.py:588} INFO - Filling up the DagBag from /home/airflow/.local/lib/python3.12/site-packages/airflow/example_dags/example_latest_only.py
[2024-12-02T10:44:19.121+0000] {processor.py:925} INFO - DAG(s) 'latest_only' retrieved from /home/airflow/.local/lib/python3.12/site-packages/airflow/example_dags/example_latest_only.py
[2024-12-02T10:44:19.135+0000] {logging_mixin.py:190} INFO - [2024-12-02T10:44:19.135+0000] {dag.py:3239} INFO - Sync 1 DAGs
[2024-12-02T10:44:19.151+0000] {logging_mixin.py:190} INFO - [2024-12-02T10:44:19.151+0000] {dag.py:4180} INFO - Setting next_dagrun for latest_only to 2024-12-02 04:00:00+00:00, run_after=2024-12-02 08:00:00+00:00
[2024-12-02T10:44:19.221+0000] {processor.py:208} INFO - Processing /home/airflow/.local/lib/python3.12/site-packages/airflow/example_dags/example_latest_only.py took 0.115 seconds
[2024-12-02T10:44:49.279+0000] {processor.py:186} INFO - Started process (PID=401) to work on /home/airflow/.local/lib/python3.12/site-packages/airflow/example_dags/example_latest_only.py
[2024-12-02T10:44:49.282+0000] {processor.py:914} INFO - Processing file /home/airflow/.local/lib/python3.12/site-packages/airflow/example_dags/example_latest_only.py for tasks to queue
[2024-12-02T10:44:49.286+0000] {logging_mixin.py:190} INFO - [2024-12-02T10:44:49.285+0000] {dagbag.py:588} INFO - Filling up the DagBag from /home/airflow/.local/lib/python3.12/site-packages/airflow/example_dags/example_latest_only.py
[2024-12-02T10:44:49.296+0000] {processor.py:925} INFO - DAG(s) 'latest_only' retrieved from /home/airflow/.local/lib/python3.12/site-packages/airflow/example_dags/example_latest_only.py
[2024-12-02T10:44:49.309+0000] {logging_mixin.py:190} INFO - [2024-12-02T10:44:49.309+0000] {dag.py:3239} INFO - Sync 1 DAGs
[2024-12-02T10:44:49.334+0000] {logging_mixin.py:190} INFO - [2024-12-02T10:44:49.332+0000] {dag.py:4180} INFO - Setting next_dagrun for latest_only to 2024-12-02 04:00:00+00:00, run_after=2024-12-02 08:00:00+00:00
[2024-12-02T10:44:49.355+0000] {processor.py:208} INFO - Processing /home/airflow/.local/lib/python3.12/site-packages/airflow/example_dags/example_latest_only.py took 0.080 seconds
[2024-12-02T10:45:19.579+0000] {processor.py:186} INFO - Started process (PID=465) to work on /home/airflow/.local/lib/python3.12/site-packages/airflow/example_dags/example_latest_only.py
[2024-12-02T10:45:19.581+0000] {processor.py:914} INFO - Processing file /home/airflow/.local/lib/python3.12/site-packages/airflow/example_dags/example_latest_only.py for tasks to queue
[2024-12-02T10:45:19.582+0000] {logging_mixin.py:190} INFO - [2024-12-02T10:45:19.582+0000] {dagbag.py:588} INFO - Filling up the DagBag from /home/airflow/.local/lib/python3.12/site-packages/airflow/example_dags/example_latest_only.py
[2024-12-02T10:45:19.588+0000] {processor.py:925} INFO - DAG(s) 'latest_only' retrieved from /home/airflow/.local/lib/python3.12/site-packages/airflow/example_dags/example_latest_only.py
[2024-12-02T10:45:19.601+0000] {logging_mixin.py:190} INFO - [2024-12-02T10:45:19.601+0000] {dag.py:3239} INFO - Sync 1 DAGs
[2024-12-02T10:45:19.623+0000] {logging_mixin.py:190} INFO - [2024-12-02T10:45:19.623+0000] {dag.py:4180} INFO - Setting next_dagrun for latest_only to 2024-12-02 04:00:00+00:00, run_after=2024-12-02 08:00:00+00:00
[2024-12-02T10:45:19.636+0000] {processor.py:208} INFO - Processing /home/airflow/.local/lib/python3.12/site-packages/airflow/example_dags/example_latest_only.py took 0.061 seconds
[2024-12-02T10:45:50.013+0000] {processor.py:186} INFO - Started process (PID=523) to work on /home/airflow/.local/lib/python3.12/site-packages/airflow/example_dags/example_latest_only.py
[2024-12-02T10:45:50.016+0000] {processor.py:914} INFO - Processing file /home/airflow/.local/lib/python3.12/site-packages/airflow/example_dags/example_latest_only.py for tasks to queue
[2024-12-02T10:45:50.018+0000] {logging_mixin.py:190} INFO - [2024-12-02T10:45:50.017+0000] {dagbag.py:588} INFO - Filling up the DagBag from /home/airflow/.local/lib/python3.12/site-packages/airflow/example_dags/example_latest_only.py
[2024-12-02T10:45:50.024+0000] {processor.py:925} INFO - DAG(s) 'latest_only' retrieved from /home/airflow/.local/lib/python3.12/site-packages/airflow/example_dags/example_latest_only.py
[2024-12-02T10:45:50.037+0000] {logging_mixin.py:190} INFO - [2024-12-02T10:45:50.037+0000] {dag.py:3239} INFO - Sync 1 DAGs
[2024-12-02T10:45:50.056+0000] {logging_mixin.py:190} INFO - [2024-12-02T10:45:50.056+0000] {dag.py:4180} INFO - Setting next_dagrun for latest_only to 2024-12-02 04:00:00+00:00, run_after=2024-12-02 08:00:00+00:00
[2024-12-02T10:45:50.070+0000] {processor.py:208} INFO - Processing /home/airflow/.local/lib/python3.12/site-packages/airflow/example_dags/example_latest_only.py took 0.063 seconds
[2024-12-02T10:46:20.673+0000] {processor.py:186} INFO - Started process (PID=587) to work on /home/airflow/.local/lib/python3.12/site-packages/airflow/example_dags/example_latest_only.py
[2024-12-02T10:46:20.714+0000] {processor.py:914} INFO - Processing file /home/airflow/.local/lib/python3.12/site-packages/airflow/example_dags/example_latest_only.py for tasks to queue
[2024-12-02T10:46:20.716+0000] {logging_mixin.py:190} INFO - [2024-12-02T10:46:20.716+0000] {dagbag.py:588} INFO - Filling up the DagBag from /home/airflow/.local/lib/python3.12/site-packages/airflow/example_dags/example_latest_only.py
[2024-12-02T10:46:20.755+0000] {processor.py:925} INFO - DAG(s) 'latest_only' retrieved from /home/airflow/.local/lib/python3.12/site-packages/airflow/example_dags/example_latest_only.py
[2024-12-02T10:46:20.844+0000] {logging_mixin.py:190} INFO - [2024-12-02T10:46:20.844+0000] {dag.py:3239} INFO - Sync 1 DAGs
[2024-12-02T10:46:20.964+0000] {logging_mixin.py:190} INFO - [2024-12-02T10:46:20.964+0000] {dag.py:4180} INFO - Setting next_dagrun for latest_only to 2024-12-02 04:00:00+00:00, run_after=2024-12-02 08:00:00+00:00
[2024-12-02T10:46:21.051+0000] {processor.py:208} INFO - Processing /home/airflow/.local/lib/python3.12/site-packages/airflow/example_dags/example_latest_only.py took 0.399 seconds
[2024-12-02T10:46:52.827+0000] {processor.py:186} INFO - Started process (PID=650) to work on /home/airflow/.local/lib/python3.12/site-packages/airflow/example_dags/example_latest_only.py
[2024-12-02T10:46:52.834+0000] {processor.py:914} INFO - Processing file /home/airflow/.local/lib/python3.12/site-packages/airflow/example_dags/example_latest_only.py for tasks to queue
[2024-12-02T10:46:52.837+0000] {logging_mixin.py:190} INFO - [2024-12-02T10:46:52.837+0000] {dagbag.py:588} INFO - Filling up the DagBag from /home/airflow/.local/lib/python3.12/site-packages/airflow/example_dags/example_latest_only.py
[2024-12-02T10:46:52.849+0000] {processor.py:925} INFO - DAG(s) 'latest_only' retrieved from /home/airflow/.local/lib/python3.12/site-packages/airflow/example_dags/example_latest_only.py
[2024-12-02T10:46:52.879+0000] {logging_mixin.py:190} INFO - [2024-12-02T10:46:52.878+0000] {dag.py:3239} INFO - Sync 1 DAGs
[2024-12-02T10:46:52.913+0000] {logging_mixin.py:190} INFO - [2024-12-02T10:46:52.913+0000] {dag.py:4180} INFO - Setting next_dagrun for latest_only to 2024-12-02 04:00:00+00:00, run_after=2024-12-02 08:00:00+00:00
[2024-12-02T10:46:52.943+0000] {processor.py:208} INFO - Processing /home/airflow/.local/lib/python3.12/site-packages/airflow/example_dags/example_latest_only.py took 0.121 seconds
[2024-12-02T10:58:16.290+0000] {processor.py:186} INFO - Started process (PID=89) to work on /home/airflow/.local/lib/python3.12/site-packages/airflow/example_dags/example_latest_only.py
[2024-12-02T10:58:16.292+0000] {processor.py:914} INFO - Processing file /home/airflow/.local/lib/python3.12/site-packages/airflow/example_dags/example_latest_only.py for tasks to queue
[2024-12-02T10:58:16.297+0000] {logging_mixin.py:190} INFO - [2024-12-02T10:58:16.297+0000] {dagbag.py:588} INFO - Filling up the DagBag from /home/airflow/.local/lib/python3.12/site-packages/airflow/example_dags/example_latest_only.py
[2024-12-02T10:58:16.323+0000] {processor.py:925} INFO - DAG(s) 'latest_only' retrieved from /home/airflow/.local/lib/python3.12/site-packages/airflow/example_dags/example_latest_only.py
[2024-12-02T10:58:16.464+0000] {logging_mixin.py:190} INFO - [2024-12-02T10:58:16.464+0000] {dag.py:3239} INFO - Sync 1 DAGs
[2024-12-02T10:58:16.535+0000] {logging_mixin.py:190} INFO - [2024-12-02T10:58:16.534+0000] {dag.py:4180} INFO - Setting next_dagrun for latest_only to 2024-12-02 04:00:00+00:00, run_after=2024-12-02 08:00:00+00:00
[2024-12-02T10:58:16.616+0000] {processor.py:208} INFO - Processing /home/airflow/.local/lib/python3.12/site-packages/airflow/example_dags/example_latest_only.py took 0.358 seconds
[2024-12-02T10:58:48.719+0000] {processor.py:186} INFO - Started process (PID=153) to work on /home/airflow/.local/lib/python3.12/site-packages/airflow/example_dags/example_latest_only.py
[2024-12-02T10:58:48.774+0000] {processor.py:914} INFO - Processing file /home/airflow/.local/lib/python3.12/site-packages/airflow/example_dags/example_latest_only.py for tasks to queue
[2024-12-02T10:58:48.781+0000] {logging_mixin.py:190} INFO - [2024-12-02T10:58:48.781+0000] {dagbag.py:588} INFO - Filling up the DagBag from /home/airflow/.local/lib/python3.12/site-packages/airflow/example_dags/example_latest_only.py
[2024-12-02T10:58:48.806+0000] {processor.py:925} INFO - DAG(s) 'latest_only' retrieved from /home/airflow/.local/lib/python3.12/site-packages/airflow/example_dags/example_latest_only.py
[2024-12-02T10:58:48.854+0000] {logging_mixin.py:190} INFO - [2024-12-02T10:58:48.854+0000] {dag.py:3239} INFO - Sync 1 DAGs
[2024-12-02T10:58:48.957+0000] {logging_mixin.py:190} INFO - [2024-12-02T10:58:48.956+0000] {dag.py:4180} INFO - Setting next_dagrun for latest_only to 2024-12-02 04:00:00+00:00, run_after=2024-12-02 08:00:00+00:00
[2024-12-02T10:58:49.079+0000] {processor.py:208} INFO - Processing /home/airflow/.local/lib/python3.12/site-packages/airflow/example_dags/example_latest_only.py took 0.377 seconds
[2024-12-02T10:59:19.467+0000] {processor.py:186} INFO - Started process (PID=216) to work on /home/airflow/.local/lib/python3.12/site-packages/airflow/example_dags/example_latest_only.py
[2024-12-02T10:59:19.469+0000] {processor.py:914} INFO - Processing file /home/airflow/.local/lib/python3.12/site-packages/airflow/example_dags/example_latest_only.py for tasks to queue
[2024-12-02T10:59:19.484+0000] {logging_mixin.py:190} INFO - [2024-12-02T10:59:19.483+0000] {dagbag.py:588} INFO - Filling up the DagBag from /home/airflow/.local/lib/python3.12/site-packages/airflow/example_dags/example_latest_only.py
[2024-12-02T10:59:19.525+0000] {processor.py:925} INFO - DAG(s) 'latest_only' retrieved from /home/airflow/.local/lib/python3.12/site-packages/airflow/example_dags/example_latest_only.py
[2024-12-02T10:59:19.553+0000] {logging_mixin.py:190} INFO - [2024-12-02T10:59:19.553+0000] {dag.py:3239} INFO - Sync 1 DAGs
[2024-12-02T10:59:19.582+0000] {logging_mixin.py:190} INFO - [2024-12-02T10:59:19.582+0000] {dag.py:4180} INFO - Setting next_dagrun for latest_only to 2024-12-02 04:00:00+00:00, run_after=2024-12-02 08:00:00+00:00
[2024-12-02T10:59:19.611+0000] {processor.py:208} INFO - Processing /home/airflow/.local/lib/python3.12/site-packages/airflow/example_dags/example_latest_only.py took 0.160 seconds
[2024-12-02T10:59:49.668+0000] {processor.py:186} INFO - Started process (PID=280) to work on /home/airflow/.local/lib/python3.12/site-packages/airflow/example_dags/example_latest_only.py
[2024-12-02T10:59:49.673+0000] {processor.py:914} INFO - Processing file /home/airflow/.local/lib/python3.12/site-packages/airflow/example_dags/example_latest_only.py for tasks to queue
[2024-12-02T10:59:49.674+0000] {logging_mixin.py:190} INFO - [2024-12-02T10:59:49.674+0000] {dagbag.py:588} INFO - Filling up the DagBag from /home/airflow/.local/lib/python3.12/site-packages/airflow/example_dags/example_latest_only.py
[2024-12-02T10:59:49.680+0000] {processor.py:925} INFO - DAG(s) 'latest_only' retrieved from /home/airflow/.local/lib/python3.12/site-packages/airflow/example_dags/example_latest_only.py
[2024-12-02T10:59:49.705+0000] {logging_mixin.py:190} INFO - [2024-12-02T10:59:49.704+0000] {dag.py:3239} INFO - Sync 1 DAGs
[2024-12-02T10:59:49.747+0000] {logging_mixin.py:190} INFO - [2024-12-02T10:59:49.747+0000] {dag.py:4180} INFO - Setting next_dagrun for latest_only to 2024-12-02 04:00:00+00:00, run_after=2024-12-02 08:00:00+00:00
[2024-12-02T10:59:49.782+0000] {processor.py:208} INFO - Processing /home/airflow/.local/lib/python3.12/site-packages/airflow/example_dags/example_latest_only.py took 0.121 seconds
[2024-12-02T11:00:20.180+0000] {processor.py:186} INFO - Started process (PID=343) to work on /home/airflow/.local/lib/python3.12/site-packages/airflow/example_dags/example_latest_only.py
[2024-12-02T11:00:20.181+0000] {processor.py:914} INFO - Processing file /home/airflow/.local/lib/python3.12/site-packages/airflow/example_dags/example_latest_only.py for tasks to queue
[2024-12-02T11:00:20.183+0000] {logging_mixin.py:190} INFO - [2024-12-02T11:00:20.183+0000] {dagbag.py:588} INFO - Filling up the DagBag from /home/airflow/.local/lib/python3.12/site-packages/airflow/example_dags/example_latest_only.py
[2024-12-02T11:00:20.190+0000] {processor.py:925} INFO - DAG(s) 'latest_only' retrieved from /home/airflow/.local/lib/python3.12/site-packages/airflow/example_dags/example_latest_only.py
[2024-12-02T11:00:20.206+0000] {logging_mixin.py:190} INFO - [2024-12-02T11:00:20.206+0000] {dag.py:3239} INFO - Sync 1 DAGs
[2024-12-02T11:00:20.229+0000] {logging_mixin.py:190} INFO - [2024-12-02T11:00:20.229+0000] {dag.py:4180} INFO - Setting next_dagrun for latest_only to 2024-12-02 04:00:00+00:00, run_after=2024-12-02 08:00:00+00:00
[2024-12-02T11:00:20.246+0000] {processor.py:208} INFO - Processing /home/airflow/.local/lib/python3.12/site-packages/airflow/example_dags/example_latest_only.py took 0.072 seconds
[2024-12-02T11:00:51.573+0000] {processor.py:186} INFO - Started process (PID=407) to work on /home/airflow/.local/lib/python3.12/site-packages/airflow/example_dags/example_latest_only.py
[2024-12-02T11:00:51.575+0000] {processor.py:914} INFO - Processing file /home/airflow/.local/lib/python3.12/site-packages/airflow/example_dags/example_latest_only.py for tasks to queue
[2024-12-02T11:00:51.577+0000] {logging_mixin.py:190} INFO - [2024-12-02T11:00:51.577+0000] {dagbag.py:588} INFO - Filling up the DagBag from /home/airflow/.local/lib/python3.12/site-packages/airflow/example_dags/example_latest_only.py
[2024-12-02T11:00:51.586+0000] {processor.py:925} INFO - DAG(s) 'latest_only' retrieved from /home/airflow/.local/lib/python3.12/site-packages/airflow/example_dags/example_latest_only.py
[2024-12-02T11:00:51.617+0000] {logging_mixin.py:190} INFO - [2024-12-02T11:00:51.616+0000] {dag.py:3239} INFO - Sync 1 DAGs
[2024-12-02T11:00:51.648+0000] {logging_mixin.py:190} INFO - [2024-12-02T11:00:51.647+0000] {dag.py:4180} INFO - Setting next_dagrun for latest_only to 2024-12-02 04:00:00+00:00, run_after=2024-12-02 08:00:00+00:00
[2024-12-02T11:00:51.676+0000] {processor.py:208} INFO - Processing /home/airflow/.local/lib/python3.12/site-packages/airflow/example_dags/example_latest_only.py took 0.117 seconds
[2024-12-02T11:01:22.142+0000] {processor.py:186} INFO - Started process (PID=471) to work on /home/airflow/.local/lib/python3.12/site-packages/airflow/example_dags/example_latest_only.py
[2024-12-02T11:01:22.145+0000] {processor.py:914} INFO - Processing file /home/airflow/.local/lib/python3.12/site-packages/airflow/example_dags/example_latest_only.py for tasks to queue
[2024-12-02T11:01:22.150+0000] {logging_mixin.py:190} INFO - [2024-12-02T11:01:22.150+0000] {dagbag.py:588} INFO - Filling up the DagBag from /home/airflow/.local/lib/python3.12/site-packages/airflow/example_dags/example_latest_only.py
[2024-12-02T11:01:22.160+0000] {processor.py:925} INFO - DAG(s) 'latest_only' retrieved from /home/airflow/.local/lib/python3.12/site-packages/airflow/example_dags/example_latest_only.py
[2024-12-02T11:01:22.192+0000] {logging_mixin.py:190} INFO - [2024-12-02T11:01:22.192+0000] {dag.py:3239} INFO - Sync 1 DAGs
[2024-12-02T11:01:22.210+0000] {logging_mixin.py:190} INFO - [2024-12-02T11:01:22.210+0000] {dag.py:4180} INFO - Setting next_dagrun for latest_only to 2024-12-02 04:00:00+00:00, run_after=2024-12-02 08:00:00+00:00
[2024-12-02T11:01:22.236+0000] {processor.py:208} INFO - Processing /home/airflow/.local/lib/python3.12/site-packages/airflow/example_dags/example_latest_only.py took 0.099 seconds
[2024-12-02T11:01:52.634+0000] {processor.py:186} INFO - Started process (PID=535) to work on /home/airflow/.local/lib/python3.12/site-packages/airflow/example_dags/example_latest_only.py
[2024-12-02T11:01:52.637+0000] {processor.py:914} INFO - Processing file /home/airflow/.local/lib/python3.12/site-packages/airflow/example_dags/example_latest_only.py for tasks to queue
[2024-12-02T11:01:52.639+0000] {logging_mixin.py:190} INFO - [2024-12-02T11:01:52.639+0000] {dagbag.py:588} INFO - Filling up the DagBag from /home/airflow/.local/lib/python3.12/site-packages/airflow/example_dags/example_latest_only.py
[2024-12-02T11:01:52.645+0000] {processor.py:925} INFO - DAG(s) 'latest_only' retrieved from /home/airflow/.local/lib/python3.12/site-packages/airflow/example_dags/example_latest_only.py
[2024-12-02T11:01:52.661+0000] {logging_mixin.py:190} INFO - [2024-12-02T11:01:52.661+0000] {dag.py:3239} INFO - Sync 1 DAGs
[2024-12-02T11:01:52.680+0000] {logging_mixin.py:190} INFO - [2024-12-02T11:01:52.680+0000] {dag.py:4180} INFO - Setting next_dagrun for latest_only to 2024-12-02 04:00:00+00:00, run_after=2024-12-02 08:00:00+00:00
[2024-12-02T11:01:52.700+0000] {processor.py:208} INFO - Processing /home/airflow/.local/lib/python3.12/site-packages/airflow/example_dags/example_latest_only.py took 0.070 seconds
[2024-12-02T11:02:23.521+0000] {processor.py:186} INFO - Started process (PID=598) to work on /home/airflow/.local/lib/python3.12/site-packages/airflow/example_dags/example_latest_only.py
[2024-12-02T11:02:23.522+0000] {processor.py:914} INFO - Processing file /home/airflow/.local/lib/python3.12/site-packages/airflow/example_dags/example_latest_only.py for tasks to queue
[2024-12-02T11:02:23.524+0000] {logging_mixin.py:190} INFO - [2024-12-02T11:02:23.523+0000] {dagbag.py:588} INFO - Filling up the DagBag from /home/airflow/.local/lib/python3.12/site-packages/airflow/example_dags/example_latest_only.py
[2024-12-02T11:02:23.530+0000] {processor.py:925} INFO - DAG(s) 'latest_only' retrieved from /home/airflow/.local/lib/python3.12/site-packages/airflow/example_dags/example_latest_only.py
[2024-12-02T11:02:23.556+0000] {logging_mixin.py:190} INFO - [2024-12-02T11:02:23.556+0000] {dag.py:3239} INFO - Sync 1 DAGs
[2024-12-02T11:02:23.582+0000] {logging_mixin.py:190} INFO - [2024-12-02T11:02:23.581+0000] {dag.py:4180} INFO - Setting next_dagrun for latest_only to 2024-12-02 04:00:00+00:00, run_after=2024-12-02 08:00:00+00:00
[2024-12-02T11:02:23.606+0000] {processor.py:208} INFO - Processing /home/airflow/.local/lib/python3.12/site-packages/airflow/example_dags/example_latest_only.py took 0.090 seconds
[2024-12-02T11:02:54.045+0000] {processor.py:186} INFO - Started process (PID=662) to work on /home/airflow/.local/lib/python3.12/site-packages/airflow/example_dags/example_latest_only.py
[2024-12-02T11:02:54.068+0000] {processor.py:914} INFO - Processing file /home/airflow/.local/lib/python3.12/site-packages/airflow/example_dags/example_latest_only.py for tasks to queue
[2024-12-02T11:02:54.070+0000] {logging_mixin.py:190} INFO - [2024-12-02T11:02:54.070+0000] {dagbag.py:588} INFO - Filling up the DagBag from /home/airflow/.local/lib/python3.12/site-packages/airflow/example_dags/example_latest_only.py
[2024-12-02T11:02:54.075+0000] {processor.py:925} INFO - DAG(s) 'latest_only' retrieved from /home/airflow/.local/lib/python3.12/site-packages/airflow/example_dags/example_latest_only.py
[2024-12-02T11:02:54.151+0000] {logging_mixin.py:190} INFO - [2024-12-02T11:02:54.151+0000] {dag.py:3239} INFO - Sync 1 DAGs
[2024-12-02T11:02:54.199+0000] {logging_mixin.py:190} INFO - [2024-12-02T11:02:54.199+0000] {dag.py:4180} INFO - Setting next_dagrun for latest_only to 2024-12-02 04:00:00+00:00, run_after=2024-12-02 08:00:00+00:00
[2024-12-02T11:02:54.224+0000] {processor.py:208} INFO - Processing /home/airflow/.local/lib/python3.12/site-packages/airflow/example_dags/example_latest_only.py took 0.183 seconds
[2024-12-02T11:03:27.992+0000] {processor.py:186} INFO - Started process (PID=725) to work on /home/airflow/.local/lib/python3.12/site-packages/airflow/example_dags/example_latest_only.py
[2024-12-02T11:03:28.015+0000] {processor.py:914} INFO - Processing file /home/airflow/.local/lib/python3.12/site-packages/airflow/example_dags/example_latest_only.py for tasks to queue
[2024-12-02T11:03:28.018+0000] {logging_mixin.py:190} INFO - [2024-12-02T11:03:28.017+0000] {dagbag.py:588} INFO - Filling up the DagBag from /home/airflow/.local/lib/python3.12/site-packages/airflow/example_dags/example_latest_only.py
[2024-12-02T11:03:28.024+0000] {processor.py:925} INFO - DAG(s) 'latest_only' retrieved from /home/airflow/.local/lib/python3.12/site-packages/airflow/example_dags/example_latest_only.py
[2024-12-02T11:03:28.145+0000] {logging_mixin.py:190} INFO - [2024-12-02T11:03:28.145+0000] {dag.py:3239} INFO - Sync 1 DAGs
[2024-12-02T11:03:28.256+0000] {logging_mixin.py:190} INFO - [2024-12-02T11:03:28.256+0000] {dag.py:4180} INFO - Setting next_dagrun for latest_only to 2024-12-02 04:00:00+00:00, run_after=2024-12-02 08:00:00+00:00
[2024-12-02T11:03:28.401+0000] {processor.py:208} INFO - Processing /home/airflow/.local/lib/python3.12/site-packages/airflow/example_dags/example_latest_only.py took 0.414 seconds
[2024-12-02T11:03:58.945+0000] {processor.py:186} INFO - Started process (PID=790) to work on /home/airflow/.local/lib/python3.12/site-packages/airflow/example_dags/example_latest_only.py
[2024-12-02T11:03:58.946+0000] {processor.py:914} INFO - Processing file /home/airflow/.local/lib/python3.12/site-packages/airflow/example_dags/example_latest_only.py for tasks to queue
[2024-12-02T11:03:58.948+0000] {logging_mixin.py:190} INFO - [2024-12-02T11:03:58.948+0000] {dagbag.py:588} INFO - Filling up the DagBag from /home/airflow/.local/lib/python3.12/site-packages/airflow/example_dags/example_latest_only.py
[2024-12-02T11:03:58.953+0000] {processor.py:925} INFO - DAG(s) 'latest_only' retrieved from /home/airflow/.local/lib/python3.12/site-packages/airflow/example_dags/example_latest_only.py
[2024-12-02T11:03:58.966+0000] {logging_mixin.py:190} INFO - [2024-12-02T11:03:58.966+0000] {dag.py:3239} INFO - Sync 1 DAGs
[2024-12-02T11:03:58.983+0000] {logging_mixin.py:190} INFO - [2024-12-02T11:03:58.982+0000] {dag.py:4180} INFO - Setting next_dagrun for latest_only to 2024-12-02 04:00:00+00:00, run_after=2024-12-02 08:00:00+00:00
[2024-12-02T11:03:58.996+0000] {processor.py:208} INFO - Processing /home/airflow/.local/lib/python3.12/site-packages/airflow/example_dags/example_latest_only.py took 0.056 seconds
[2024-12-02T11:04:29.102+0000] {processor.py:186} INFO - Started process (PID=853) to work on /home/airflow/.local/lib/python3.12/site-packages/airflow/example_dags/example_latest_only.py
[2024-12-02T11:04:29.114+0000] {processor.py:914} INFO - Processing file /home/airflow/.local/lib/python3.12/site-packages/airflow/example_dags/example_latest_only.py for tasks to queue
[2024-12-02T11:04:29.117+0000] {logging_mixin.py:190} INFO - [2024-12-02T11:04:29.117+0000] {dagbag.py:588} INFO - Filling up the DagBag from /home/airflow/.local/lib/python3.12/site-packages/airflow/example_dags/example_latest_only.py
[2024-12-02T11:04:29.122+0000] {processor.py:925} INFO - DAG(s) 'latest_only' retrieved from /home/airflow/.local/lib/python3.12/site-packages/airflow/example_dags/example_latest_only.py
[2024-12-02T11:04:29.145+0000] {logging_mixin.py:190} INFO - [2024-12-02T11:04:29.145+0000] {dag.py:3239} INFO - Sync 1 DAGs
[2024-12-02T11:04:29.178+0000] {logging_mixin.py:190} INFO - [2024-12-02T11:04:29.178+0000] {dag.py:4180} INFO - Setting next_dagrun for latest_only to 2024-12-02 04:00:00+00:00, run_after=2024-12-02 08:00:00+00:00
[2024-12-02T11:04:29.203+0000] {processor.py:208} INFO - Processing /home/airflow/.local/lib/python3.12/site-packages/airflow/example_dags/example_latest_only.py took 0.105 seconds
[2024-12-02T11:05:01.018+0000] {processor.py:186} INFO - Started process (PID=889) to work on /home/airflow/.local/lib/python3.12/site-packages/airflow/example_dags/example_latest_only.py
[2024-12-02T11:05:01.020+0000] {processor.py:914} INFO - Processing file /home/airflow/.local/lib/python3.12/site-packages/airflow/example_dags/example_latest_only.py for tasks to queue
[2024-12-02T11:05:01.023+0000] {logging_mixin.py:190} INFO - [2024-12-02T11:05:01.023+0000] {dagbag.py:588} INFO - Filling up the DagBag from /home/airflow/.local/lib/python3.12/site-packages/airflow/example_dags/example_latest_only.py
[2024-12-02T11:05:01.031+0000] {processor.py:925} INFO - DAG(s) 'latest_only' retrieved from /home/airflow/.local/lib/python3.12/site-packages/airflow/example_dags/example_latest_only.py
[2024-12-02T11:05:01.045+0000] {logging_mixin.py:190} INFO - [2024-12-02T11:05:01.045+0000] {dag.py:3239} INFO - Sync 1 DAGs
[2024-12-02T11:05:01.061+0000] {logging_mixin.py:190} INFO - [2024-12-02T11:05:01.061+0000] {dag.py:4180} INFO - Setting next_dagrun for latest_only to 2024-12-02 04:00:00+00:00, run_after=2024-12-02 08:00:00+00:00
[2024-12-02T11:05:01.076+0000] {processor.py:208} INFO - Processing /home/airflow/.local/lib/python3.12/site-packages/airflow/example_dags/example_latest_only.py took 0.062 seconds
[2024-12-02T11:05:31.816+0000] {processor.py:186} INFO - Started process (PID=953) to work on /home/airflow/.local/lib/python3.12/site-packages/airflow/example_dags/example_latest_only.py
[2024-12-02T11:05:31.816+0000] {processor.py:914} INFO - Processing file /home/airflow/.local/lib/python3.12/site-packages/airflow/example_dags/example_latest_only.py for tasks to queue
[2024-12-02T11:05:31.823+0000] {logging_mixin.py:190} INFO - [2024-12-02T11:05:31.823+0000] {dagbag.py:588} INFO - Filling up the DagBag from /home/airflow/.local/lib/python3.12/site-packages/airflow/example_dags/example_latest_only.py
[2024-12-02T11:05:31.828+0000] {processor.py:925} INFO - DAG(s) 'latest_only' retrieved from /home/airflow/.local/lib/python3.12/site-packages/airflow/example_dags/example_latest_only.py
[2024-12-02T11:05:31.852+0000] {logging_mixin.py:190} INFO - [2024-12-02T11:05:31.852+0000] {dag.py:3239} INFO - Sync 1 DAGs
[2024-12-02T11:05:31.872+0000] {logging_mixin.py:190} INFO - [2024-12-02T11:05:31.871+0000] {dag.py:4180} INFO - Setting next_dagrun for latest_only to 2024-12-02 04:00:00+00:00, run_after=2024-12-02 08:00:00+00:00
[2024-12-02T11:05:31.944+0000] {processor.py:208} INFO - Processing /home/airflow/.local/lib/python3.12/site-packages/airflow/example_dags/example_latest_only.py took 0.133 seconds
[2024-12-02T11:06:02.046+0000] {processor.py:186} INFO - Started process (PID=1016) to work on /home/airflow/.local/lib/python3.12/site-packages/airflow/example_dags/example_latest_only.py
[2024-12-02T11:06:02.047+0000] {processor.py:914} INFO - Processing file /home/airflow/.local/lib/python3.12/site-packages/airflow/example_dags/example_latest_only.py for tasks to queue
[2024-12-02T11:06:02.050+0000] {logging_mixin.py:190} INFO - [2024-12-02T11:06:02.049+0000] {dagbag.py:588} INFO - Filling up the DagBag from /home/airflow/.local/lib/python3.12/site-packages/airflow/example_dags/example_latest_only.py
[2024-12-02T11:06:02.058+0000] {processor.py:925} INFO - DAG(s) 'latest_only' retrieved from /home/airflow/.local/lib/python3.12/site-packages/airflow/example_dags/example_latest_only.py
[2024-12-02T11:06:02.070+0000] {logging_mixin.py:190} INFO - [2024-12-02T11:06:02.070+0000] {dag.py:3239} INFO - Sync 1 DAGs
[2024-12-02T11:06:02.086+0000] {logging_mixin.py:190} INFO - [2024-12-02T11:06:02.086+0000] {dag.py:4180} INFO - Setting next_dagrun for latest_only to 2024-12-02 04:00:00+00:00, run_after=2024-12-02 08:00:00+00:00
[2024-12-02T11:06:02.100+0000] {processor.py:208} INFO - Processing /home/airflow/.local/lib/python3.12/site-packages/airflow/example_dags/example_latest_only.py took 0.059 seconds
[2024-12-02T11:06:32.260+0000] {processor.py:186} INFO - Started process (PID=1081) to work on /home/airflow/.local/lib/python3.12/site-packages/airflow/example_dags/example_latest_only.py
[2024-12-02T11:06:32.261+0000] {processor.py:914} INFO - Processing file /home/airflow/.local/lib/python3.12/site-packages/airflow/example_dags/example_latest_only.py for tasks to queue
[2024-12-02T11:06:32.262+0000] {logging_mixin.py:190} INFO - [2024-12-02T11:06:32.262+0000] {dagbag.py:588} INFO - Filling up the DagBag from /home/airflow/.local/lib/python3.12/site-packages/airflow/example_dags/example_latest_only.py
[2024-12-02T11:06:32.267+0000] {processor.py:925} INFO - DAG(s) 'latest_only' retrieved from /home/airflow/.local/lib/python3.12/site-packages/airflow/example_dags/example_latest_only.py
[2024-12-02T11:06:32.282+0000] {logging_mixin.py:190} INFO - [2024-12-02T11:06:32.282+0000] {dag.py:3239} INFO - Sync 1 DAGs
[2024-12-02T11:06:32.298+0000] {logging_mixin.py:190} INFO - [2024-12-02T11:06:32.298+0000] {dag.py:4180} INFO - Setting next_dagrun for latest_only to 2024-12-02 04:00:00+00:00, run_after=2024-12-02 08:00:00+00:00
[2024-12-02T11:06:32.311+0000] {processor.py:208} INFO - Processing /home/airflow/.local/lib/python3.12/site-packages/airflow/example_dags/example_latest_only.py took 0.056 seconds
[2024-12-02T11:07:03.265+0000] {processor.py:186} INFO - Started process (PID=1144) to work on /home/airflow/.local/lib/python3.12/site-packages/airflow/example_dags/example_latest_only.py
[2024-12-02T11:07:03.268+0000] {processor.py:914} INFO - Processing file /home/airflow/.local/lib/python3.12/site-packages/airflow/example_dags/example_latest_only.py for tasks to queue
[2024-12-02T11:07:03.270+0000] {logging_mixin.py:190} INFO - [2024-12-02T11:07:03.269+0000] {dagbag.py:588} INFO - Filling up the DagBag from /home/airflow/.local/lib/python3.12/site-packages/airflow/example_dags/example_latest_only.py
[2024-12-02T11:07:03.275+0000] {processor.py:925} INFO - DAG(s) 'latest_only' retrieved from /home/airflow/.local/lib/python3.12/site-packages/airflow/example_dags/example_latest_only.py
[2024-12-02T11:07:03.342+0000] {logging_mixin.py:190} INFO - [2024-12-02T11:07:03.342+0000] {dag.py:3239} INFO - Sync 1 DAGs
[2024-12-02T11:07:03.391+0000] {logging_mixin.py:190} INFO - [2024-12-02T11:07:03.391+0000] {dag.py:4180} INFO - Setting next_dagrun for latest_only to 2024-12-02 04:00:00+00:00, run_after=2024-12-02 08:00:00+00:00
[2024-12-02T11:07:03.440+0000] {processor.py:208} INFO - Processing /home/airflow/.local/lib/python3.12/site-packages/airflow/example_dags/example_latest_only.py took 0.192 seconds
[2024-12-02T11:07:33.956+0000] {processor.py:186} INFO - Started process (PID=1208) to work on /home/airflow/.local/lib/python3.12/site-packages/airflow/example_dags/example_latest_only.py
[2024-12-02T11:07:33.959+0000] {processor.py:914} INFO - Processing file /home/airflow/.local/lib/python3.12/site-packages/airflow/example_dags/example_latest_only.py for tasks to queue
[2024-12-02T11:07:33.961+0000] {logging_mixin.py:190} INFO - [2024-12-02T11:07:33.961+0000] {dagbag.py:588} INFO - Filling up the DagBag from /home/airflow/.local/lib/python3.12/site-packages/airflow/example_dags/example_latest_only.py
[2024-12-02T11:07:33.967+0000] {processor.py:925} INFO - DAG(s) 'latest_only' retrieved from /home/airflow/.local/lib/python3.12/site-packages/airflow/example_dags/example_latest_only.py
[2024-12-02T11:07:33.979+0000] {logging_mixin.py:190} INFO - [2024-12-02T11:07:33.979+0000] {dag.py:3239} INFO - Sync 1 DAGs
[2024-12-02T11:07:33.995+0000] {logging_mixin.py:190} INFO - [2024-12-02T11:07:33.995+0000] {dag.py:4180} INFO - Setting next_dagrun for latest_only to 2024-12-02 04:00:00+00:00, run_after=2024-12-02 08:00:00+00:00
[2024-12-02T11:07:34.008+0000] {processor.py:208} INFO - Processing /home/airflow/.local/lib/python3.12/site-packages/airflow/example_dags/example_latest_only.py took 0.055 seconds
[2024-12-02T11:08:04.530+0000] {processor.py:186} INFO - Started process (PID=1271) to work on /home/airflow/.local/lib/python3.12/site-packages/airflow/example_dags/example_latest_only.py
[2024-12-02T11:08:04.530+0000] {processor.py:914} INFO - Processing file /home/airflow/.local/lib/python3.12/site-packages/airflow/example_dags/example_latest_only.py for tasks to queue
[2024-12-02T11:08:04.532+0000] {logging_mixin.py:190} INFO - [2024-12-02T11:08:04.532+0000] {dagbag.py:588} INFO - Filling up the DagBag from /home/airflow/.local/lib/python3.12/site-packages/airflow/example_dags/example_latest_only.py
[2024-12-02T11:08:04.537+0000] {processor.py:925} INFO - DAG(s) 'latest_only' retrieved from /home/airflow/.local/lib/python3.12/site-packages/airflow/example_dags/example_latest_only.py
[2024-12-02T11:08:04.551+0000] {logging_mixin.py:190} INFO - [2024-12-02T11:08:04.551+0000] {dag.py:3239} INFO - Sync 1 DAGs
[2024-12-02T11:08:04.567+0000] {logging_mixin.py:190} INFO - [2024-12-02T11:08:04.566+0000] {dag.py:4180} INFO - Setting next_dagrun for latest_only to 2024-12-02 04:00:00+00:00, run_after=2024-12-02 08:00:00+00:00
[2024-12-02T11:08:04.579+0000] {processor.py:208} INFO - Processing /home/airflow/.local/lib/python3.12/site-packages/airflow/example_dags/example_latest_only.py took 0.053 seconds
[2024-12-02T11:08:34.651+0000] {processor.py:186} INFO - Started process (PID=1335) to work on /home/airflow/.local/lib/python3.12/site-packages/airflow/example_dags/example_latest_only.py
[2024-12-02T11:08:34.653+0000] {processor.py:914} INFO - Processing file /home/airflow/.local/lib/python3.12/site-packages/airflow/example_dags/example_latest_only.py for tasks to queue
[2024-12-02T11:08:34.655+0000] {logging_mixin.py:190} INFO - [2024-12-02T11:08:34.654+0000] {dagbag.py:588} INFO - Filling up the DagBag from /home/airflow/.local/lib/python3.12/site-packages/airflow/example_dags/example_latest_only.py
[2024-12-02T11:08:34.660+0000] {processor.py:925} INFO - DAG(s) 'latest_only' retrieved from /home/airflow/.local/lib/python3.12/site-packages/airflow/example_dags/example_latest_only.py
[2024-12-02T11:08:34.673+0000] {logging_mixin.py:190} INFO - [2024-12-02T11:08:34.673+0000] {dag.py:3239} INFO - Sync 1 DAGs
[2024-12-02T11:08:34.689+0000] {logging_mixin.py:190} INFO - [2024-12-02T11:08:34.689+0000] {dag.py:4180} INFO - Setting next_dagrun for latest_only to 2024-12-02 04:00:00+00:00, run_after=2024-12-02 08:00:00+00:00
[2024-12-02T11:08:34.702+0000] {processor.py:208} INFO - Processing /home/airflow/.local/lib/python3.12/site-packages/airflow/example_dags/example_latest_only.py took 0.056 seconds
[2024-12-02T11:09:05.619+0000] {processor.py:186} INFO - Started process (PID=1399) to work on /home/airflow/.local/lib/python3.12/site-packages/airflow/example_dags/example_latest_only.py
[2024-12-02T11:09:05.620+0000] {processor.py:914} INFO - Processing file /home/airflow/.local/lib/python3.12/site-packages/airflow/example_dags/example_latest_only.py for tasks to queue
[2024-12-02T11:09:05.624+0000] {logging_mixin.py:190} INFO - [2024-12-02T11:09:05.623+0000] {dagbag.py:588} INFO - Filling up the DagBag from /home/airflow/.local/lib/python3.12/site-packages/airflow/example_dags/example_latest_only.py
[2024-12-02T11:09:05.629+0000] {processor.py:925} INFO - DAG(s) 'latest_only' retrieved from /home/airflow/.local/lib/python3.12/site-packages/airflow/example_dags/example_latest_only.py
[2024-12-02T11:09:05.651+0000] {logging_mixin.py:190} INFO - [2024-12-02T11:09:05.651+0000] {dag.py:3239} INFO - Sync 1 DAGs
[2024-12-02T11:09:05.688+0000] {logging_mixin.py:190} INFO - [2024-12-02T11:09:05.688+0000] {dag.py:4180} INFO - Setting next_dagrun for latest_only to 2024-12-02 04:00:00+00:00, run_after=2024-12-02 08:00:00+00:00
[2024-12-02T11:09:05.709+0000] {processor.py:208} INFO - Processing /home/airflow/.local/lib/python3.12/site-packages/airflow/example_dags/example_latest_only.py took 0.094 seconds
[2024-12-02T11:09:35.922+0000] {processor.py:186} INFO - Started process (PID=1463) to work on /home/airflow/.local/lib/python3.12/site-packages/airflow/example_dags/example_latest_only.py
[2024-12-02T11:09:35.928+0000] {processor.py:914} INFO - Processing file /home/airflow/.local/lib/python3.12/site-packages/airflow/example_dags/example_latest_only.py for tasks to queue
[2024-12-02T11:09:35.930+0000] {logging_mixin.py:190} INFO - [2024-12-02T11:09:35.930+0000] {dagbag.py:588} INFO - Filling up the DagBag from /home/airflow/.local/lib/python3.12/site-packages/airflow/example_dags/example_latest_only.py
[2024-12-02T11:09:35.935+0000] {processor.py:925} INFO - DAG(s) 'latest_only' retrieved from /home/airflow/.local/lib/python3.12/site-packages/airflow/example_dags/example_latest_only.py
[2024-12-02T11:09:35.960+0000] {logging_mixin.py:190} INFO - [2024-12-02T11:09:35.960+0000] {dag.py:3239} INFO - Sync 1 DAGs
[2024-12-02T11:09:35.996+0000] {logging_mixin.py:190} INFO - [2024-12-02T11:09:35.996+0000] {dag.py:4180} INFO - Setting next_dagrun for latest_only to 2024-12-02 04:00:00+00:00, run_after=2024-12-02 08:00:00+00:00
[2024-12-02T11:09:36.034+0000] {processor.py:208} INFO - Processing /home/airflow/.local/lib/python3.12/site-packages/airflow/example_dags/example_latest_only.py took 0.115 seconds
[2024-12-02T11:10:06.932+0000] {processor.py:186} INFO - Started process (PID=1526) to work on /home/airflow/.local/lib/python3.12/site-packages/airflow/example_dags/example_latest_only.py
[2024-12-02T11:10:06.932+0000] {processor.py:914} INFO - Processing file /home/airflow/.local/lib/python3.12/site-packages/airflow/example_dags/example_latest_only.py for tasks to queue
[2024-12-02T11:10:06.934+0000] {logging_mixin.py:190} INFO - [2024-12-02T11:10:06.934+0000] {dagbag.py:588} INFO - Filling up the DagBag from /home/airflow/.local/lib/python3.12/site-packages/airflow/example_dags/example_latest_only.py
[2024-12-02T11:10:06.940+0000] {processor.py:925} INFO - DAG(s) 'latest_only' retrieved from /home/airflow/.local/lib/python3.12/site-packages/airflow/example_dags/example_latest_only.py
[2024-12-02T11:10:06.958+0000] {logging_mixin.py:190} INFO - [2024-12-02T11:10:06.958+0000] {dag.py:3239} INFO - Sync 1 DAGs
[2024-12-02T11:10:06.977+0000] {logging_mixin.py:190} INFO - [2024-12-02T11:10:06.977+0000] {dag.py:4180} INFO - Setting next_dagrun for latest_only to 2024-12-02 04:00:00+00:00, run_after=2024-12-02 08:00:00+00:00
[2024-12-02T11:10:06.991+0000] {processor.py:208} INFO - Processing /home/airflow/.local/lib/python3.12/site-packages/airflow/example_dags/example_latest_only.py took 0.065 seconds
[2024-12-02T11:10:37.771+0000] {processor.py:186} INFO - Started process (PID=1590) to work on /home/airflow/.local/lib/python3.12/site-packages/airflow/example_dags/example_latest_only.py
[2024-12-02T11:10:37.772+0000] {processor.py:914} INFO - Processing file /home/airflow/.local/lib/python3.12/site-packages/airflow/example_dags/example_latest_only.py for tasks to queue
[2024-12-02T11:10:37.774+0000] {logging_mixin.py:190} INFO - [2024-12-02T11:10:37.774+0000] {dagbag.py:588} INFO - Filling up the DagBag from /home/airflow/.local/lib/python3.12/site-packages/airflow/example_dags/example_latest_only.py
[2024-12-02T11:10:37.779+0000] {processor.py:925} INFO - DAG(s) 'latest_only' retrieved from /home/airflow/.local/lib/python3.12/site-packages/airflow/example_dags/example_latest_only.py
[2024-12-02T11:10:37.793+0000] {logging_mixin.py:190} INFO - [2024-12-02T11:10:37.792+0000] {dag.py:3239} INFO - Sync 1 DAGs
[2024-12-02T11:10:37.808+0000] {logging_mixin.py:190} INFO - [2024-12-02T11:10:37.808+0000] {dag.py:4180} INFO - Setting next_dagrun for latest_only to 2024-12-02 04:00:00+00:00, run_after=2024-12-02 08:00:00+00:00
[2024-12-02T11:10:37.821+0000] {processor.py:208} INFO - Processing /home/airflow/.local/lib/python3.12/site-packages/airflow/example_dags/example_latest_only.py took 0.055 seconds
[2024-12-02T11:11:10.085+0000] {processor.py:186} INFO - Started process (PID=1654) to work on /home/airflow/.local/lib/python3.12/site-packages/airflow/example_dags/example_latest_only.py
[2024-12-02T11:11:10.086+0000] {processor.py:914} INFO - Processing file /home/airflow/.local/lib/python3.12/site-packages/airflow/example_dags/example_latest_only.py for tasks to queue
[2024-12-02T11:11:10.088+0000] {logging_mixin.py:190} INFO - [2024-12-02T11:11:10.088+0000] {dagbag.py:588} INFO - Filling up the DagBag from /home/airflow/.local/lib/python3.12/site-packages/airflow/example_dags/example_latest_only.py
[2024-12-02T11:11:10.093+0000] {processor.py:925} INFO - DAG(s) 'latest_only' retrieved from /home/airflow/.local/lib/python3.12/site-packages/airflow/example_dags/example_latest_only.py
[2024-12-02T11:11:10.106+0000] {logging_mixin.py:190} INFO - [2024-12-02T11:11:10.106+0000] {dag.py:3239} INFO - Sync 1 DAGs
[2024-12-02T11:11:10.122+0000] {logging_mixin.py:190} INFO - [2024-12-02T11:11:10.122+0000] {dag.py:4180} INFO - Setting next_dagrun for latest_only to 2024-12-02 04:00:00+00:00, run_after=2024-12-02 08:00:00+00:00
[2024-12-02T11:11:10.134+0000] {processor.py:208} INFO - Processing /home/airflow/.local/lib/python3.12/site-packages/airflow/example_dags/example_latest_only.py took 0.054 seconds
[2024-12-02T11:11:40.865+0000] {processor.py:186} INFO - Started process (PID=1719) to work on /home/airflow/.local/lib/python3.12/site-packages/airflow/example_dags/example_latest_only.py
[2024-12-02T11:11:40.878+0000] {processor.py:914} INFO - Processing file /home/airflow/.local/lib/python3.12/site-packages/airflow/example_dags/example_latest_only.py for tasks to queue
[2024-12-02T11:11:40.880+0000] {logging_mixin.py:190} INFO - [2024-12-02T11:11:40.879+0000] {dagbag.py:588} INFO - Filling up the DagBag from /home/airflow/.local/lib/python3.12/site-packages/airflow/example_dags/example_latest_only.py
[2024-12-02T11:11:40.885+0000] {processor.py:925} INFO - DAG(s) 'latest_only' retrieved from /home/airflow/.local/lib/python3.12/site-packages/airflow/example_dags/example_latest_only.py
[2024-12-02T11:11:40.914+0000] {logging_mixin.py:190} INFO - [2024-12-02T11:11:40.914+0000] {dag.py:3239} INFO - Sync 1 DAGs
[2024-12-02T11:11:40.933+0000] {logging_mixin.py:190} INFO - [2024-12-02T11:11:40.933+0000] {dag.py:4180} INFO - Setting next_dagrun for latest_only to 2024-12-02 04:00:00+00:00, run_after=2024-12-02 08:00:00+00:00
[2024-12-02T11:11:40.960+0000] {processor.py:208} INFO - Processing /home/airflow/.local/lib/python3.12/site-packages/airflow/example_dags/example_latest_only.py took 0.099 seconds
[2024-12-02T11:12:11.256+0000] {processor.py:186} INFO - Started process (PID=1783) to work on /home/airflow/.local/lib/python3.12/site-packages/airflow/example_dags/example_latest_only.py
[2024-12-02T11:12:11.256+0000] {processor.py:914} INFO - Processing file /home/airflow/.local/lib/python3.12/site-packages/airflow/example_dags/example_latest_only.py for tasks to queue
[2024-12-02T11:12:11.258+0000] {logging_mixin.py:190} INFO - [2024-12-02T11:12:11.258+0000] {dagbag.py:588} INFO - Filling up the DagBag from /home/airflow/.local/lib/python3.12/site-packages/airflow/example_dags/example_latest_only.py
[2024-12-02T11:12:11.263+0000] {processor.py:925} INFO - DAG(s) 'latest_only' retrieved from /home/airflow/.local/lib/python3.12/site-packages/airflow/example_dags/example_latest_only.py
[2024-12-02T11:12:11.276+0000] {logging_mixin.py:190} INFO - [2024-12-02T11:12:11.275+0000] {dag.py:3239} INFO - Sync 1 DAGs
[2024-12-02T11:12:11.292+0000] {logging_mixin.py:190} INFO - [2024-12-02T11:12:11.292+0000] {dag.py:4180} INFO - Setting next_dagrun for latest_only to 2024-12-02 04:00:00+00:00, run_after=2024-12-02 08:00:00+00:00
[2024-12-02T11:12:11.305+0000] {processor.py:208} INFO - Processing /home/airflow/.local/lib/python3.12/site-packages/airflow/example_dags/example_latest_only.py took 0.055 seconds
[2024-12-02T11:12:41.568+0000] {processor.py:186} INFO - Started process (PID=1847) to work on /home/airflow/.local/lib/python3.12/site-packages/airflow/example_dags/example_latest_only.py
[2024-12-02T11:12:41.570+0000] {processor.py:914} INFO - Processing file /home/airflow/.local/lib/python3.12/site-packages/airflow/example_dags/example_latest_only.py for tasks to queue
[2024-12-02T11:12:41.572+0000] {logging_mixin.py:190} INFO - [2024-12-02T11:12:41.572+0000] {dagbag.py:588} INFO - Filling up the DagBag from /home/airflow/.local/lib/python3.12/site-packages/airflow/example_dags/example_latest_only.py
[2024-12-02T11:12:41.577+0000] {processor.py:925} INFO - DAG(s) 'latest_only' retrieved from /home/airflow/.local/lib/python3.12/site-packages/airflow/example_dags/example_latest_only.py
[2024-12-02T11:12:41.589+0000] {logging_mixin.py:190} INFO - [2024-12-02T11:12:41.589+0000] {dag.py:3239} INFO - Sync 1 DAGs
[2024-12-02T11:12:41.605+0000] {logging_mixin.py:190} INFO - [2024-12-02T11:12:41.604+0000] {dag.py:4180} INFO - Setting next_dagrun for latest_only to 2024-12-02 04:00:00+00:00, run_after=2024-12-02 08:00:00+00:00
[2024-12-02T11:12:41.616+0000] {processor.py:208} INFO - Processing /home/airflow/.local/lib/python3.12/site-packages/airflow/example_dags/example_latest_only.py took 0.052 seconds
[2024-12-02T11:13:12.183+0000] {processor.py:186} INFO - Started process (PID=1906) to work on /home/airflow/.local/lib/python3.12/site-packages/airflow/example_dags/example_latest_only.py
[2024-12-02T11:13:12.197+0000] {processor.py:914} INFO - Processing file /home/airflow/.local/lib/python3.12/site-packages/airflow/example_dags/example_latest_only.py for tasks to queue
[2024-12-02T11:13:12.199+0000] {logging_mixin.py:190} INFO - [2024-12-02T11:13:12.199+0000] {dagbag.py:588} INFO - Filling up the DagBag from /home/airflow/.local/lib/python3.12/site-packages/airflow/example_dags/example_latest_only.py
[2024-12-02T11:13:12.205+0000] {processor.py:925} INFO - DAG(s) 'latest_only' retrieved from /home/airflow/.local/lib/python3.12/site-packages/airflow/example_dags/example_latest_only.py
[2024-12-02T11:13:12.287+0000] {logging_mixin.py:190} INFO - [2024-12-02T11:13:12.287+0000] {dag.py:3239} INFO - Sync 1 DAGs
[2024-12-02T11:13:12.391+0000] {logging_mixin.py:190} INFO - [2024-12-02T11:13:12.391+0000] {dag.py:4180} INFO - Setting next_dagrun for latest_only to 2024-12-02 04:00:00+00:00, run_after=2024-12-02 08:00:00+00:00
[2024-12-02T11:13:12.472+0000] {processor.py:208} INFO - Processing /home/airflow/.local/lib/python3.12/site-packages/airflow/example_dags/example_latest_only.py took 0.305 seconds
[2024-12-02T11:13:43.203+0000] {processor.py:186} INFO - Started process (PID=1971) to work on /home/airflow/.local/lib/python3.12/site-packages/airflow/example_dags/example_latest_only.py
[2024-12-02T11:13:43.217+0000] {processor.py:914} INFO - Processing file /home/airflow/.local/lib/python3.12/site-packages/airflow/example_dags/example_latest_only.py for tasks to queue
[2024-12-02T11:13:43.219+0000] {logging_mixin.py:190} INFO - [2024-12-02T11:13:43.219+0000] {dagbag.py:588} INFO - Filling up the DagBag from /home/airflow/.local/lib/python3.12/site-packages/airflow/example_dags/example_latest_only.py
[2024-12-02T11:13:43.224+0000] {processor.py:925} INFO - DAG(s) 'latest_only' retrieved from /home/airflow/.local/lib/python3.12/site-packages/airflow/example_dags/example_latest_only.py
[2024-12-02T11:13:43.241+0000] {logging_mixin.py:190} INFO - [2024-12-02T11:13:43.240+0000] {dag.py:3239} INFO - Sync 1 DAGs
[2024-12-02T11:13:43.281+0000] {logging_mixin.py:190} INFO - [2024-12-02T11:13:43.281+0000] {dag.py:4180} INFO - Setting next_dagrun for latest_only to 2024-12-02 04:00:00+00:00, run_after=2024-12-02 08:00:00+00:00
[2024-12-02T11:13:43.317+0000] {processor.py:208} INFO - Processing /home/airflow/.local/lib/python3.12/site-packages/airflow/example_dags/example_latest_only.py took 0.117 seconds
[2024-12-02T11:14:14.001+0000] {processor.py:186} INFO - Started process (PID=2037) to work on /home/airflow/.local/lib/python3.12/site-packages/airflow/example_dags/example_latest_only.py
[2024-12-02T11:14:14.001+0000] {processor.py:914} INFO - Processing file /home/airflow/.local/lib/python3.12/site-packages/airflow/example_dags/example_latest_only.py for tasks to queue
[2024-12-02T11:14:14.003+0000] {logging_mixin.py:190} INFO - [2024-12-02T11:14:14.002+0000] {dagbag.py:588} INFO - Filling up the DagBag from /home/airflow/.local/lib/python3.12/site-packages/airflow/example_dags/example_latest_only.py
[2024-12-02T11:14:14.007+0000] {processor.py:925} INFO - DAG(s) 'latest_only' retrieved from /home/airflow/.local/lib/python3.12/site-packages/airflow/example_dags/example_latest_only.py
[2024-12-02T11:14:14.019+0000] {logging_mixin.py:190} INFO - [2024-12-02T11:14:14.018+0000] {dag.py:3239} INFO - Sync 1 DAGs
[2024-12-02T11:14:14.034+0000] {logging_mixin.py:190} INFO - [2024-12-02T11:14:14.033+0000] {dag.py:4180} INFO - Setting next_dagrun for latest_only to 2024-12-02 04:00:00+00:00, run_after=2024-12-02 08:00:00+00:00
[2024-12-02T11:14:14.048+0000] {processor.py:208} INFO - Processing /home/airflow/.local/lib/python3.12/site-packages/airflow/example_dags/example_latest_only.py took 0.052 seconds
[2024-12-02T11:14:44.353+0000] {processor.py:186} INFO - Started process (PID=2102) to work on /home/airflow/.local/lib/python3.12/site-packages/airflow/example_dags/example_latest_only.py
[2024-12-02T11:14:44.354+0000] {processor.py:914} INFO - Processing file /home/airflow/.local/lib/python3.12/site-packages/airflow/example_dags/example_latest_only.py for tasks to queue
[2024-12-02T11:14:44.356+0000] {logging_mixin.py:190} INFO - [2024-12-02T11:14:44.355+0000] {dagbag.py:588} INFO - Filling up the DagBag from /home/airflow/.local/lib/python3.12/site-packages/airflow/example_dags/example_latest_only.py
[2024-12-02T11:14:44.360+0000] {processor.py:925} INFO - DAG(s) 'latest_only' retrieved from /home/airflow/.local/lib/python3.12/site-packages/airflow/example_dags/example_latest_only.py
[2024-12-02T11:14:44.372+0000] {logging_mixin.py:190} INFO - [2024-12-02T11:14:44.372+0000] {dag.py:3239} INFO - Sync 1 DAGs
[2024-12-02T11:14:44.389+0000] {logging_mixin.py:190} INFO - [2024-12-02T11:14:44.388+0000] {dag.py:4180} INFO - Setting next_dagrun for latest_only to 2024-12-02 04:00:00+00:00, run_after=2024-12-02 08:00:00+00:00
[2024-12-02T11:14:44.403+0000] {processor.py:208} INFO - Processing /home/airflow/.local/lib/python3.12/site-packages/airflow/example_dags/example_latest_only.py took 0.054 seconds
[2024-12-02T11:15:16.521+0000] {processor.py:186} INFO - Started process (PID=2165) to work on /home/airflow/.local/lib/python3.12/site-packages/airflow/example_dags/example_latest_only.py
[2024-12-02T11:15:16.522+0000] {processor.py:914} INFO - Processing file /home/airflow/.local/lib/python3.12/site-packages/airflow/example_dags/example_latest_only.py for tasks to queue
[2024-12-02T11:15:16.532+0000] {logging_mixin.py:190} INFO - [2024-12-02T11:15:16.531+0000] {dagbag.py:588} INFO - Filling up the DagBag from /home/airflow/.local/lib/python3.12/site-packages/airflow/example_dags/example_latest_only.py
[2024-12-02T11:15:16.537+0000] {processor.py:925} INFO - DAG(s) 'latest_only' retrieved from /home/airflow/.local/lib/python3.12/site-packages/airflow/example_dags/example_latest_only.py
[2024-12-02T11:15:16.562+0000] {logging_mixin.py:190} INFO - [2024-12-02T11:15:16.562+0000] {dag.py:3239} INFO - Sync 1 DAGs
[2024-12-02T11:15:16.589+0000] {logging_mixin.py:190} INFO - [2024-12-02T11:15:16.588+0000] {dag.py:4180} INFO - Setting next_dagrun for latest_only to 2024-12-02 04:00:00+00:00, run_after=2024-12-02 08:00:00+00:00
[2024-12-02T11:15:16.620+0000] {processor.py:208} INFO - Processing /home/airflow/.local/lib/python3.12/site-packages/airflow/example_dags/example_latest_only.py took 0.104 seconds
[2024-12-02T11:15:46.688+0000] {processor.py:186} INFO - Started process (PID=2230) to work on /home/airflow/.local/lib/python3.12/site-packages/airflow/example_dags/example_latest_only.py
[2024-12-02T11:15:46.689+0000] {processor.py:914} INFO - Processing file /home/airflow/.local/lib/python3.12/site-packages/airflow/example_dags/example_latest_only.py for tasks to queue
[2024-12-02T11:15:46.691+0000] {logging_mixin.py:190} INFO - [2024-12-02T11:15:46.690+0000] {dagbag.py:588} INFO - Filling up the DagBag from /home/airflow/.local/lib/python3.12/site-packages/airflow/example_dags/example_latest_only.py
[2024-12-02T11:15:46.698+0000] {processor.py:925} INFO - DAG(s) 'latest_only' retrieved from /home/airflow/.local/lib/python3.12/site-packages/airflow/example_dags/example_latest_only.py
[2024-12-02T11:15:46.710+0000] {logging_mixin.py:190} INFO - [2024-12-02T11:15:46.710+0000] {dag.py:3239} INFO - Sync 1 DAGs
[2024-12-02T11:15:46.727+0000] {logging_mixin.py:190} INFO - [2024-12-02T11:15:46.727+0000] {dag.py:4180} INFO - Setting next_dagrun for latest_only to 2024-12-02 04:00:00+00:00, run_after=2024-12-02 08:00:00+00:00
[2024-12-02T11:15:46.742+0000] {processor.py:208} INFO - Processing /home/airflow/.local/lib/python3.12/site-packages/airflow/example_dags/example_latest_only.py took 0.058 seconds
[2024-12-02T11:16:16.850+0000] {processor.py:186} INFO - Started process (PID=2294) to work on /home/airflow/.local/lib/python3.12/site-packages/airflow/example_dags/example_latest_only.py
[2024-12-02T11:16:16.851+0000] {processor.py:914} INFO - Processing file /home/airflow/.local/lib/python3.12/site-packages/airflow/example_dags/example_latest_only.py for tasks to queue
[2024-12-02T11:16:16.852+0000] {logging_mixin.py:190} INFO - [2024-12-02T11:16:16.851+0000] {dagbag.py:588} INFO - Filling up the DagBag from /home/airflow/.local/lib/python3.12/site-packages/airflow/example_dags/example_latest_only.py
[2024-12-02T11:16:16.858+0000] {processor.py:925} INFO - DAG(s) 'latest_only' retrieved from /home/airflow/.local/lib/python3.12/site-packages/airflow/example_dags/example_latest_only.py
[2024-12-02T11:16:16.871+0000] {logging_mixin.py:190} INFO - [2024-12-02T11:16:16.871+0000] {dag.py:3239} INFO - Sync 1 DAGs
[2024-12-02T11:16:16.888+0000] {logging_mixin.py:190} INFO - [2024-12-02T11:16:16.888+0000] {dag.py:4180} INFO - Setting next_dagrun for latest_only to 2024-12-02 04:00:00+00:00, run_after=2024-12-02 08:00:00+00:00
[2024-12-02T11:16:16.903+0000] {processor.py:208} INFO - Processing /home/airflow/.local/lib/python3.12/site-packages/airflow/example_dags/example_latest_only.py took 0.057 seconds
[2024-12-02T11:16:47.931+0000] {processor.py:186} INFO - Started process (PID=2358) to work on /home/airflow/.local/lib/python3.12/site-packages/airflow/example_dags/example_latest_only.py
[2024-12-02T11:16:47.935+0000] {processor.py:914} INFO - Processing file /home/airflow/.local/lib/python3.12/site-packages/airflow/example_dags/example_latest_only.py for tasks to queue
[2024-12-02T11:16:47.936+0000] {logging_mixin.py:190} INFO - [2024-12-02T11:16:47.936+0000] {dagbag.py:588} INFO - Filling up the DagBag from /home/airflow/.local/lib/python3.12/site-packages/airflow/example_dags/example_latest_only.py
[2024-12-02T11:16:47.955+0000] {processor.py:925} INFO - DAG(s) 'latest_only' retrieved from /home/airflow/.local/lib/python3.12/site-packages/airflow/example_dags/example_latest_only.py
[2024-12-02T11:16:48.002+0000] {logging_mixin.py:190} INFO - [2024-12-02T11:16:48.002+0000] {dag.py:3239} INFO - Sync 1 DAGs
[2024-12-02T11:16:48.030+0000] {logging_mixin.py:190} INFO - [2024-12-02T11:16:48.030+0000] {dag.py:4180} INFO - Setting next_dagrun for latest_only to 2024-12-02 04:00:00+00:00, run_after=2024-12-02 08:00:00+00:00
[2024-12-02T11:16:48.059+0000] {processor.py:208} INFO - Processing /home/airflow/.local/lib/python3.12/site-packages/airflow/example_dags/example_latest_only.py took 0.132 seconds
[2024-12-02T11:17:18.141+0000] {processor.py:186} INFO - Started process (PID=2422) to work on /home/airflow/.local/lib/python3.12/site-packages/airflow/example_dags/example_latest_only.py
[2024-12-02T11:17:18.143+0000] {processor.py:914} INFO - Processing file /home/airflow/.local/lib/python3.12/site-packages/airflow/example_dags/example_latest_only.py for tasks to queue
[2024-12-02T11:17:18.144+0000] {logging_mixin.py:190} INFO - [2024-12-02T11:17:18.144+0000] {dagbag.py:588} INFO - Filling up the DagBag from /home/airflow/.local/lib/python3.12/site-packages/airflow/example_dags/example_latest_only.py
[2024-12-02T11:17:18.150+0000] {processor.py:925} INFO - DAG(s) 'latest_only' retrieved from /home/airflow/.local/lib/python3.12/site-packages/airflow/example_dags/example_latest_only.py
[2024-12-02T11:17:18.166+0000] {logging_mixin.py:190} INFO - [2024-12-02T11:17:18.165+0000] {dag.py:3239} INFO - Sync 1 DAGs
[2024-12-02T11:17:18.197+0000] {logging_mixin.py:190} INFO - [2024-12-02T11:17:18.197+0000] {dag.py:4180} INFO - Setting next_dagrun for latest_only to 2024-12-02 04:00:00+00:00, run_after=2024-12-02 08:00:00+00:00
[2024-12-02T11:17:18.218+0000] {processor.py:208} INFO - Processing /home/airflow/.local/lib/python3.12/site-packages/airflow/example_dags/example_latest_only.py took 0.081 seconds
[2024-12-02T11:17:49.160+0000] {processor.py:186} INFO - Started process (PID=2486) to work on /home/airflow/.local/lib/python3.12/site-packages/airflow/example_dags/example_latest_only.py
[2024-12-02T11:17:49.198+0000] {processor.py:914} INFO - Processing file /home/airflow/.local/lib/python3.12/site-packages/airflow/example_dags/example_latest_only.py for tasks to queue
[2024-12-02T11:17:49.200+0000] {logging_mixin.py:190} INFO - [2024-12-02T11:17:49.200+0000] {dagbag.py:588} INFO - Filling up the DagBag from /home/airflow/.local/lib/python3.12/site-packages/airflow/example_dags/example_latest_only.py
[2024-12-02T11:17:49.210+0000] {processor.py:925} INFO - DAG(s) 'latest_only' retrieved from /home/airflow/.local/lib/python3.12/site-packages/airflow/example_dags/example_latest_only.py
[2024-12-02T11:17:49.260+0000] {logging_mixin.py:190} INFO - [2024-12-02T11:17:49.260+0000] {dag.py:3239} INFO - Sync 1 DAGs
[2024-12-02T11:17:49.312+0000] {logging_mixin.py:190} INFO - [2024-12-02T11:17:49.312+0000] {dag.py:4180} INFO - Setting next_dagrun for latest_only to 2024-12-02 04:00:00+00:00, run_after=2024-12-02 08:00:00+00:00
[2024-12-02T11:17:49.377+0000] {processor.py:208} INFO - Processing /home/airflow/.local/lib/python3.12/site-packages/airflow/example_dags/example_latest_only.py took 0.221 seconds
[2024-12-02T11:18:19.405+0000] {processor.py:186} INFO - Started process (PID=2551) to work on /home/airflow/.local/lib/python3.12/site-packages/airflow/example_dags/example_latest_only.py
[2024-12-02T11:18:19.407+0000] {processor.py:914} INFO - Processing file /home/airflow/.local/lib/python3.12/site-packages/airflow/example_dags/example_latest_only.py for tasks to queue
[2024-12-02T11:18:19.407+0000] {logging_mixin.py:190} INFO - [2024-12-02T11:18:19.407+0000] {dagbag.py:588} INFO - Filling up the DagBag from /home/airflow/.local/lib/python3.12/site-packages/airflow/example_dags/example_latest_only.py
[2024-12-02T11:18:19.413+0000] {processor.py:925} INFO - DAG(s) 'latest_only' retrieved from /home/airflow/.local/lib/python3.12/site-packages/airflow/example_dags/example_latest_only.py
[2024-12-02T11:18:19.427+0000] {logging_mixin.py:190} INFO - [2024-12-02T11:18:19.427+0000] {dag.py:3239} INFO - Sync 1 DAGs
[2024-12-02T11:18:19.443+0000] {logging_mixin.py:190} INFO - [2024-12-02T11:18:19.443+0000] {dag.py:4180} INFO - Setting next_dagrun for latest_only to 2024-12-02 04:00:00+00:00, run_after=2024-12-02 08:00:00+00:00
[2024-12-02T11:18:19.457+0000] {processor.py:208} INFO - Processing /home/airflow/.local/lib/python3.12/site-packages/airflow/example_dags/example_latest_only.py took 0.057 seconds
[2024-12-02T11:18:50.266+0000] {processor.py:186} INFO - Started process (PID=2616) to work on /home/airflow/.local/lib/python3.12/site-packages/airflow/example_dags/example_latest_only.py
[2024-12-02T11:18:50.267+0000] {processor.py:914} INFO - Processing file /home/airflow/.local/lib/python3.12/site-packages/airflow/example_dags/example_latest_only.py for tasks to queue
[2024-12-02T11:18:50.267+0000] {logging_mixin.py:190} INFO - [2024-12-02T11:18:50.267+0000] {dagbag.py:588} INFO - Filling up the DagBag from /home/airflow/.local/lib/python3.12/site-packages/airflow/example_dags/example_latest_only.py
[2024-12-02T11:18:50.274+0000] {processor.py:925} INFO - DAG(s) 'latest_only' retrieved from /home/airflow/.local/lib/python3.12/site-packages/airflow/example_dags/example_latest_only.py
[2024-12-02T11:18:50.289+0000] {logging_mixin.py:190} INFO - [2024-12-02T11:18:50.288+0000] {dag.py:3239} INFO - Sync 1 DAGs
[2024-12-02T11:18:50.309+0000] {logging_mixin.py:190} INFO - [2024-12-02T11:18:50.308+0000] {dag.py:4180} INFO - Setting next_dagrun for latest_only to 2024-12-02 04:00:00+00:00, run_after=2024-12-02 08:00:00+00:00
[2024-12-02T11:18:50.323+0000] {processor.py:208} INFO - Processing /home/airflow/.local/lib/python3.12/site-packages/airflow/example_dags/example_latest_only.py took 0.062 seconds
[2024-12-02T11:19:22.658+0000] {processor.py:186} INFO - Started process (PID=2681) to work on /home/airflow/.local/lib/python3.12/site-packages/airflow/example_dags/example_latest_only.py
[2024-12-02T11:19:22.661+0000] {processor.py:914} INFO - Processing file /home/airflow/.local/lib/python3.12/site-packages/airflow/example_dags/example_latest_only.py for tasks to queue
[2024-12-02T11:19:22.666+0000] {logging_mixin.py:190} INFO - [2024-12-02T11:19:22.665+0000] {dagbag.py:588} INFO - Filling up the DagBag from /home/airflow/.local/lib/python3.12/site-packages/airflow/example_dags/example_latest_only.py
[2024-12-02T11:19:22.677+0000] {processor.py:925} INFO - DAG(s) 'latest_only' retrieved from /home/airflow/.local/lib/python3.12/site-packages/airflow/example_dags/example_latest_only.py
[2024-12-02T11:19:22.714+0000] {logging_mixin.py:190} INFO - [2024-12-02T11:19:22.714+0000] {dag.py:3239} INFO - Sync 1 DAGs
[2024-12-02T11:19:22.790+0000] {logging_mixin.py:190} INFO - [2024-12-02T11:19:22.790+0000] {dag.py:4180} INFO - Setting next_dagrun for latest_only to 2024-12-02 04:00:00+00:00, run_after=2024-12-02 08:00:00+00:00
[2024-12-02T11:19:22.814+0000] {processor.py:208} INFO - Processing /home/airflow/.local/lib/python3.12/site-packages/airflow/example_dags/example_latest_only.py took 0.160 seconds
[2024-12-02T11:19:57.125+0000] {processor.py:186} INFO - Started process (PID=2746) to work on /home/airflow/.local/lib/python3.12/site-packages/airflow/example_dags/example_latest_only.py
[2024-12-02T11:19:57.129+0000] {processor.py:914} INFO - Processing file /home/airflow/.local/lib/python3.12/site-packages/airflow/example_dags/example_latest_only.py for tasks to queue
[2024-12-02T11:19:57.131+0000] {logging_mixin.py:190} INFO - [2024-12-02T11:19:57.130+0000] {dagbag.py:588} INFO - Filling up the DagBag from /home/airflow/.local/lib/python3.12/site-packages/airflow/example_dags/example_latest_only.py
[2024-12-02T11:19:57.148+0000] {processor.py:925} INFO - DAG(s) 'latest_only' retrieved from /home/airflow/.local/lib/python3.12/site-packages/airflow/example_dags/example_latest_only.py
[2024-12-02T11:19:57.183+0000] {logging_mixin.py:190} INFO - [2024-12-02T11:19:57.183+0000] {dag.py:3239} INFO - Sync 1 DAGs
[2024-12-02T11:19:57.214+0000] {logging_mixin.py:190} INFO - [2024-12-02T11:19:57.214+0000] {dag.py:4180} INFO - Setting next_dagrun for latest_only to 2024-12-02 04:00:00+00:00, run_after=2024-12-02 08:00:00+00:00
[2024-12-02T11:19:57.259+0000] {processor.py:208} INFO - Processing /home/airflow/.local/lib/python3.12/site-packages/airflow/example_dags/example_latest_only.py took 0.138 seconds
