[2024-12-02T10:36:37.477+0000] {processor.py:186} INFO - Started process (PID=98) to work on /home/airflow/.local/lib/python3.12/site-packages/airflow/example_dags/example_time_delta_sensor_async.py
[2024-12-02T10:36:37.477+0000] {processor.py:914} INFO - Processing file /home/airflow/.local/lib/python3.12/site-packages/airflow/example_dags/example_time_delta_sensor_async.py for tasks to queue
[2024-12-02T10:36:37.523+0000] {logging_mixin.py:190} INFO - [2024-12-02T10:36:37.479+0000] {dagbag.py:588} INFO - Filling up the DagBag from /home/airflow/.local/lib/python3.12/site-packages/airflow/example_dags/example_time_delta_sensor_async.py
[2024-12-02T10:36:37.583+0000] {processor.py:925} INFO - DAG(s) 'example_time_delta_sensor_async' retrieved from /home/airflow/.local/lib/python3.12/site-packages/airflow/example_dags/example_time_delta_sensor_async.py
[2024-12-02T10:36:38.226+0000] {logging_mixin.py:190} INFO - [2024-12-02T10:36:38.225+0000] {override.py:1911} INFO - Created Permission View: can read on DAG:example_time_delta_sensor_async
[2024-12-02T10:36:38.277+0000] {logging_mixin.py:190} INFO - [2024-12-02T10:36:38.276+0000] {override.py:1911} INFO - Created Permission View: can edit on DAG:example_time_delta_sensor_async
[2024-12-02T10:36:38.335+0000] {logging_mixin.py:190} INFO - [2024-12-02T10:36:38.335+0000] {override.py:1911} INFO - Created Permission View: can delete on DAG:example_time_delta_sensor_async
[2024-12-02T10:36:38.350+0000] {logging_mixin.py:190} INFO - [2024-12-02T10:36:38.349+0000] {override.py:1911} INFO - Created Permission View: can read on DAG Run:example_time_delta_sensor_async
[2024-12-02T10:36:38.400+0000] {logging_mixin.py:190} INFO - [2024-12-02T10:36:38.399+0000] {override.py:1911} INFO - Created Permission View: menu access on DAG Run:example_time_delta_sensor_async
[2024-12-02T10:36:38.454+0000] {logging_mixin.py:190} INFO - [2024-12-02T10:36:38.454+0000] {override.py:1911} INFO - Created Permission View: can create on DAG Run:example_time_delta_sensor_async
[2024-12-02T10:36:38.471+0000] {logging_mixin.py:190} INFO - [2024-12-02T10:36:38.471+0000] {override.py:1911} INFO - Created Permission View: can delete on DAG Run:example_time_delta_sensor_async
[2024-12-02T10:36:38.472+0000] {logging_mixin.py:190} INFO - [2024-12-02T10:36:38.472+0000] {dag.py:3239} INFO - Sync 1 DAGs
[2024-12-02T10:36:38.504+0000] {logging_mixin.py:190} INFO - [2024-12-02T10:36:38.504+0000] {dag.py:3262} INFO - Creating ORM DAG for example_time_delta_sensor_async
[2024-12-02T10:36:38.505+0000] {logging_mixin.py:190} INFO - [2024-12-02T10:36:38.505+0000] {dag.py:4180} INFO - Setting next_dagrun for example_time_delta_sensor_async to None, run_after=None
[2024-12-02T10:36:38.575+0000] {processor.py:208} INFO - Processing /home/airflow/.local/lib/python3.12/site-packages/airflow/example_dags/example_time_delta_sensor_async.py took 1.105 seconds
[2024-12-02T10:38:26.463+0000] {processor.py:186} INFO - Started process (PID=99) to work on /home/airflow/.local/lib/python3.12/site-packages/airflow/example_dags/example_time_delta_sensor_async.py
[2024-12-02T10:38:26.466+0000] {processor.py:914} INFO - Processing file /home/airflow/.local/lib/python3.12/site-packages/airflow/example_dags/example_time_delta_sensor_async.py for tasks to queue
[2024-12-02T10:38:26.471+0000] {logging_mixin.py:190} INFO - [2024-12-02T10:38:26.470+0000] {dagbag.py:588} INFO - Filling up the DagBag from /home/airflow/.local/lib/python3.12/site-packages/airflow/example_dags/example_time_delta_sensor_async.py
[2024-12-02T10:38:26.495+0000] {processor.py:925} INFO - DAG(s) 'example_time_delta_sensor_async' retrieved from /home/airflow/.local/lib/python3.12/site-packages/airflow/example_dags/example_time_delta_sensor_async.py
[2024-12-02T10:38:26.611+0000] {logging_mixin.py:190} INFO - [2024-12-02T10:38:26.611+0000] {dag.py:3239} INFO - Sync 1 DAGs
[2024-12-02T10:38:26.671+0000] {logging_mixin.py:190} INFO - [2024-12-02T10:38:26.671+0000] {dag.py:4180} INFO - Setting next_dagrun for example_time_delta_sensor_async to None, run_after=None
[2024-12-02T10:38:26.811+0000] {processor.py:208} INFO - Processing /home/airflow/.local/lib/python3.12/site-packages/airflow/example_dags/example_time_delta_sensor_async.py took 0.375 seconds
[2024-12-02T10:38:57.246+0000] {processor.py:186} INFO - Started process (PID=162) to work on /home/airflow/.local/lib/python3.12/site-packages/airflow/example_dags/example_time_delta_sensor_async.py
[2024-12-02T10:38:57.250+0000] {processor.py:914} INFO - Processing file /home/airflow/.local/lib/python3.12/site-packages/airflow/example_dags/example_time_delta_sensor_async.py for tasks to queue
[2024-12-02T10:38:57.258+0000] {logging_mixin.py:190} INFO - [2024-12-02T10:38:57.257+0000] {dagbag.py:588} INFO - Filling up the DagBag from /home/airflow/.local/lib/python3.12/site-packages/airflow/example_dags/example_time_delta_sensor_async.py
[2024-12-02T10:38:57.275+0000] {processor.py:925} INFO - DAG(s) 'example_time_delta_sensor_async' retrieved from /home/airflow/.local/lib/python3.12/site-packages/airflow/example_dags/example_time_delta_sensor_async.py
[2024-12-02T10:38:57.373+0000] {logging_mixin.py:190} INFO - [2024-12-02T10:38:57.373+0000] {dag.py:3239} INFO - Sync 1 DAGs
[2024-12-02T10:38:57.467+0000] {logging_mixin.py:190} INFO - [2024-12-02T10:38:57.465+0000] {dag.py:4180} INFO - Setting next_dagrun for example_time_delta_sensor_async to None, run_after=None
[2024-12-02T10:38:57.544+0000] {processor.py:208} INFO - Processing /home/airflow/.local/lib/python3.12/site-packages/airflow/example_dags/example_time_delta_sensor_async.py took 0.314 seconds
[2024-12-02T10:39:28.475+0000] {processor.py:186} INFO - Started process (PID=226) to work on /home/airflow/.local/lib/python3.12/site-packages/airflow/example_dags/example_time_delta_sensor_async.py
[2024-12-02T10:39:28.476+0000] {processor.py:914} INFO - Processing file /home/airflow/.local/lib/python3.12/site-packages/airflow/example_dags/example_time_delta_sensor_async.py for tasks to queue
[2024-12-02T10:39:28.479+0000] {logging_mixin.py:190} INFO - [2024-12-02T10:39:28.478+0000] {dagbag.py:588} INFO - Filling up the DagBag from /home/airflow/.local/lib/python3.12/site-packages/airflow/example_dags/example_time_delta_sensor_async.py
[2024-12-02T10:39:28.485+0000] {processor.py:925} INFO - DAG(s) 'example_time_delta_sensor_async' retrieved from /home/airflow/.local/lib/python3.12/site-packages/airflow/example_dags/example_time_delta_sensor_async.py
[2024-12-02T10:39:28.501+0000] {logging_mixin.py:190} INFO - [2024-12-02T10:39:28.501+0000] {dag.py:3239} INFO - Sync 1 DAGs
[2024-12-02T10:39:28.512+0000] {logging_mixin.py:190} INFO - [2024-12-02T10:39:28.512+0000] {dag.py:4180} INFO - Setting next_dagrun for example_time_delta_sensor_async to None, run_after=None
[2024-12-02T10:39:28.531+0000] {processor.py:208} INFO - Processing /home/airflow/.local/lib/python3.12/site-packages/airflow/example_dags/example_time_delta_sensor_async.py took 0.061 seconds
[2024-12-02T10:39:59.390+0000] {processor.py:186} INFO - Started process (PID=290) to work on /home/airflow/.local/lib/python3.12/site-packages/airflow/example_dags/example_time_delta_sensor_async.py
[2024-12-02T10:39:59.392+0000] {processor.py:914} INFO - Processing file /home/airflow/.local/lib/python3.12/site-packages/airflow/example_dags/example_time_delta_sensor_async.py for tasks to queue
[2024-12-02T10:39:59.394+0000] {logging_mixin.py:190} INFO - [2024-12-02T10:39:59.394+0000] {dagbag.py:588} INFO - Filling up the DagBag from /home/airflow/.local/lib/python3.12/site-packages/airflow/example_dags/example_time_delta_sensor_async.py
[2024-12-02T10:39:59.400+0000] {processor.py:925} INFO - DAG(s) 'example_time_delta_sensor_async' retrieved from /home/airflow/.local/lib/python3.12/site-packages/airflow/example_dags/example_time_delta_sensor_async.py
[2024-12-02T10:39:59.417+0000] {logging_mixin.py:190} INFO - [2024-12-02T10:39:59.417+0000] {dag.py:3239} INFO - Sync 1 DAGs
[2024-12-02T10:39:59.428+0000] {logging_mixin.py:190} INFO - [2024-12-02T10:39:59.427+0000] {dag.py:4180} INFO - Setting next_dagrun for example_time_delta_sensor_async to None, run_after=None
[2024-12-02T10:39:59.445+0000] {processor.py:208} INFO - Processing /home/airflow/.local/lib/python3.12/site-packages/airflow/example_dags/example_time_delta_sensor_async.py took 0.060 seconds
[2024-12-02T10:40:33.868+0000] {processor.py:186} INFO - Started process (PID=354) to work on /home/airflow/.local/lib/python3.12/site-packages/airflow/example_dags/example_time_delta_sensor_async.py
[2024-12-02T10:40:33.889+0000] {processor.py:914} INFO - Processing file /home/airflow/.local/lib/python3.12/site-packages/airflow/example_dags/example_time_delta_sensor_async.py for tasks to queue
[2024-12-02T10:40:33.891+0000] {logging_mixin.py:190} INFO - [2024-12-02T10:40:33.891+0000] {dagbag.py:588} INFO - Filling up the DagBag from /home/airflow/.local/lib/python3.12/site-packages/airflow/example_dags/example_time_delta_sensor_async.py
[2024-12-02T10:40:33.915+0000] {processor.py:925} INFO - DAG(s) 'example_time_delta_sensor_async' retrieved from /home/airflow/.local/lib/python3.12/site-packages/airflow/example_dags/example_time_delta_sensor_async.py
[2024-12-02T10:40:33.956+0000] {logging_mixin.py:190} INFO - [2024-12-02T10:40:33.956+0000] {dag.py:3239} INFO - Sync 1 DAGs
[2024-12-02T10:40:33.976+0000] {logging_mixin.py:190} INFO - [2024-12-02T10:40:33.976+0000] {dag.py:4180} INFO - Setting next_dagrun for example_time_delta_sensor_async to None, run_after=None
[2024-12-02T10:40:34.013+0000] {processor.py:208} INFO - Processing /home/airflow/.local/lib/python3.12/site-packages/airflow/example_dags/example_time_delta_sensor_async.py took 0.151 seconds
[2024-12-02T10:42:13.573+0000] {processor.py:186} INFO - Started process (PID=93) to work on /home/airflow/.local/lib/python3.12/site-packages/airflow/example_dags/example_time_delta_sensor_async.py
[2024-12-02T10:42:13.579+0000] {processor.py:914} INFO - Processing file /home/airflow/.local/lib/python3.12/site-packages/airflow/example_dags/example_time_delta_sensor_async.py for tasks to queue
[2024-12-02T10:42:13.585+0000] {logging_mixin.py:190} INFO - [2024-12-02T10:42:13.584+0000] {dagbag.py:588} INFO - Filling up the DagBag from /home/airflow/.local/lib/python3.12/site-packages/airflow/example_dags/example_time_delta_sensor_async.py
[2024-12-02T10:42:13.594+0000] {processor.py:925} INFO - DAG(s) 'example_time_delta_sensor_async' retrieved from /home/airflow/.local/lib/python3.12/site-packages/airflow/example_dags/example_time_delta_sensor_async.py
[2024-12-02T10:42:13.638+0000] {logging_mixin.py:190} INFO - [2024-12-02T10:42:13.638+0000] {dag.py:3239} INFO - Sync 1 DAGs
[2024-12-02T10:42:13.667+0000] {logging_mixin.py:190} INFO - [2024-12-02T10:42:13.667+0000] {dag.py:4180} INFO - Setting next_dagrun for example_time_delta_sensor_async to None, run_after=None
[2024-12-02T10:42:13.715+0000] {processor.py:208} INFO - Processing /home/airflow/.local/lib/python3.12/site-packages/airflow/example_dags/example_time_delta_sensor_async.py took 0.153 seconds
[2024-12-02T10:42:43.902+0000] {processor.py:186} INFO - Started process (PID=156) to work on /home/airflow/.local/lib/python3.12/site-packages/airflow/example_dags/example_time_delta_sensor_async.py
[2024-12-02T10:42:43.904+0000] {processor.py:914} INFO - Processing file /home/airflow/.local/lib/python3.12/site-packages/airflow/example_dags/example_time_delta_sensor_async.py for tasks to queue
[2024-12-02T10:42:43.906+0000] {logging_mixin.py:190} INFO - [2024-12-02T10:42:43.906+0000] {dagbag.py:588} INFO - Filling up the DagBag from /home/airflow/.local/lib/python3.12/site-packages/airflow/example_dags/example_time_delta_sensor_async.py
[2024-12-02T10:42:43.913+0000] {processor.py:925} INFO - DAG(s) 'example_time_delta_sensor_async' retrieved from /home/airflow/.local/lib/python3.12/site-packages/airflow/example_dags/example_time_delta_sensor_async.py
[2024-12-02T10:42:43.932+0000] {logging_mixin.py:190} INFO - [2024-12-02T10:42:43.932+0000] {dag.py:3239} INFO - Sync 1 DAGs
[2024-12-02T10:42:43.949+0000] {logging_mixin.py:190} INFO - [2024-12-02T10:42:43.949+0000] {dag.py:4180} INFO - Setting next_dagrun for example_time_delta_sensor_async to None, run_after=None
[2024-12-02T10:42:43.972+0000] {processor.py:208} INFO - Processing /home/airflow/.local/lib/python3.12/site-packages/airflow/example_dags/example_time_delta_sensor_async.py took 0.076 seconds
[2024-12-02T10:43:18.088+0000] {processor.py:186} INFO - Started process (PID=220) to work on /home/airflow/.local/lib/python3.12/site-packages/airflow/example_dags/example_time_delta_sensor_async.py
[2024-12-02T10:43:18.089+0000] {processor.py:914} INFO - Processing file /home/airflow/.local/lib/python3.12/site-packages/airflow/example_dags/example_time_delta_sensor_async.py for tasks to queue
[2024-12-02T10:43:18.090+0000] {logging_mixin.py:190} INFO - [2024-12-02T10:43:18.090+0000] {dagbag.py:588} INFO - Filling up the DagBag from /home/airflow/.local/lib/python3.12/site-packages/airflow/example_dags/example_time_delta_sensor_async.py
[2024-12-02T10:43:18.095+0000] {processor.py:925} INFO - DAG(s) 'example_time_delta_sensor_async' retrieved from /home/airflow/.local/lib/python3.12/site-packages/airflow/example_dags/example_time_delta_sensor_async.py
[2024-12-02T10:43:18.109+0000] {logging_mixin.py:190} INFO - [2024-12-02T10:43:18.109+0000] {dag.py:3239} INFO - Sync 1 DAGs
[2024-12-02T10:43:18.119+0000] {logging_mixin.py:190} INFO - [2024-12-02T10:43:18.119+0000] {dag.py:4180} INFO - Setting next_dagrun for example_time_delta_sensor_async to None, run_after=None
[2024-12-02T10:43:18.133+0000] {processor.py:208} INFO - Processing /home/airflow/.local/lib/python3.12/site-packages/airflow/example_dags/example_time_delta_sensor_async.py took 0.048 seconds
[2024-12-02T10:43:52.494+0000] {processor.py:186} INFO - Started process (PID=283) to work on /home/airflow/.local/lib/python3.12/site-packages/airflow/example_dags/example_time_delta_sensor_async.py
[2024-12-02T10:43:52.524+0000] {processor.py:914} INFO - Processing file /home/airflow/.local/lib/python3.12/site-packages/airflow/example_dags/example_time_delta_sensor_async.py for tasks to queue
[2024-12-02T10:43:52.526+0000] {logging_mixin.py:190} INFO - [2024-12-02T10:43:52.526+0000] {dagbag.py:588} INFO - Filling up the DagBag from /home/airflow/.local/lib/python3.12/site-packages/airflow/example_dags/example_time_delta_sensor_async.py
[2024-12-02T10:43:52.534+0000] {processor.py:925} INFO - DAG(s) 'example_time_delta_sensor_async' retrieved from /home/airflow/.local/lib/python3.12/site-packages/airflow/example_dags/example_time_delta_sensor_async.py
[2024-12-02T10:43:52.554+0000] {logging_mixin.py:190} INFO - [2024-12-02T10:43:52.553+0000] {dag.py:3239} INFO - Sync 1 DAGs
[2024-12-02T10:43:52.564+0000] {logging_mixin.py:190} INFO - [2024-12-02T10:43:52.563+0000] {dag.py:4180} INFO - Setting next_dagrun for example_time_delta_sensor_async to None, run_after=None
[2024-12-02T10:43:52.578+0000] {processor.py:208} INFO - Processing /home/airflow/.local/lib/python3.12/site-packages/airflow/example_dags/example_time_delta_sensor_async.py took 0.087 seconds
[2024-12-02T10:44:27.786+0000] {processor.py:186} INFO - Started process (PID=347) to work on /home/airflow/.local/lib/python3.12/site-packages/airflow/example_dags/example_time_delta_sensor_async.py
[2024-12-02T10:44:27.788+0000] {processor.py:914} INFO - Processing file /home/airflow/.local/lib/python3.12/site-packages/airflow/example_dags/example_time_delta_sensor_async.py for tasks to queue
[2024-12-02T10:44:27.790+0000] {logging_mixin.py:190} INFO - [2024-12-02T10:44:27.789+0000] {dagbag.py:588} INFO - Filling up the DagBag from /home/airflow/.local/lib/python3.12/site-packages/airflow/example_dags/example_time_delta_sensor_async.py
[2024-12-02T10:44:27.819+0000] {processor.py:925} INFO - DAG(s) 'example_time_delta_sensor_async' retrieved from /home/airflow/.local/lib/python3.12/site-packages/airflow/example_dags/example_time_delta_sensor_async.py
[2024-12-02T10:44:27.861+0000] {logging_mixin.py:190} INFO - [2024-12-02T10:44:27.861+0000] {dag.py:3239} INFO - Sync 1 DAGs
[2024-12-02T10:44:27.956+0000] {logging_mixin.py:190} INFO - [2024-12-02T10:44:27.956+0000] {dag.py:4180} INFO - Setting next_dagrun for example_time_delta_sensor_async to None, run_after=None
[2024-12-02T10:44:28.035+0000] {processor.py:208} INFO - Processing /home/airflow/.local/lib/python3.12/site-packages/airflow/example_dags/example_time_delta_sensor_async.py took 0.279 seconds
[2024-12-02T10:44:58.530+0000] {processor.py:186} INFO - Started process (PID=411) to work on /home/airflow/.local/lib/python3.12/site-packages/airflow/example_dags/example_time_delta_sensor_async.py
[2024-12-02T10:44:58.541+0000] {processor.py:914} INFO - Processing file /home/airflow/.local/lib/python3.12/site-packages/airflow/example_dags/example_time_delta_sensor_async.py for tasks to queue
[2024-12-02T10:44:58.549+0000] {logging_mixin.py:190} INFO - [2024-12-02T10:44:58.549+0000] {dagbag.py:588} INFO - Filling up the DagBag from /home/airflow/.local/lib/python3.12/site-packages/airflow/example_dags/example_time_delta_sensor_async.py
[2024-12-02T10:44:58.561+0000] {processor.py:925} INFO - DAG(s) 'example_time_delta_sensor_async' retrieved from /home/airflow/.local/lib/python3.12/site-packages/airflow/example_dags/example_time_delta_sensor_async.py
[2024-12-02T10:44:58.623+0000] {logging_mixin.py:190} INFO - [2024-12-02T10:44:58.620+0000] {dag.py:3239} INFO - Sync 1 DAGs
[2024-12-02T10:44:58.684+0000] {logging_mixin.py:190} INFO - [2024-12-02T10:44:58.683+0000] {dag.py:4180} INFO - Setting next_dagrun for example_time_delta_sensor_async to None, run_after=None
[2024-12-02T10:44:58.734+0000] {processor.py:208} INFO - Processing /home/airflow/.local/lib/python3.12/site-packages/airflow/example_dags/example_time_delta_sensor_async.py took 0.208 seconds
[2024-12-02T10:45:29.024+0000] {processor.py:186} INFO - Started process (PID=474) to work on /home/airflow/.local/lib/python3.12/site-packages/airflow/example_dags/example_time_delta_sensor_async.py
[2024-12-02T10:45:29.026+0000] {processor.py:914} INFO - Processing file /home/airflow/.local/lib/python3.12/site-packages/airflow/example_dags/example_time_delta_sensor_async.py for tasks to queue
[2024-12-02T10:45:29.029+0000] {logging_mixin.py:190} INFO - [2024-12-02T10:45:29.029+0000] {dagbag.py:588} INFO - Filling up the DagBag from /home/airflow/.local/lib/python3.12/site-packages/airflow/example_dags/example_time_delta_sensor_async.py
[2024-12-02T10:45:29.034+0000] {processor.py:925} INFO - DAG(s) 'example_time_delta_sensor_async' retrieved from /home/airflow/.local/lib/python3.12/site-packages/airflow/example_dags/example_time_delta_sensor_async.py
[2024-12-02T10:45:29.048+0000] {logging_mixin.py:190} INFO - [2024-12-02T10:45:29.048+0000] {dag.py:3239} INFO - Sync 1 DAGs
[2024-12-02T10:45:29.059+0000] {logging_mixin.py:190} INFO - [2024-12-02T10:45:29.059+0000] {dag.py:4180} INFO - Setting next_dagrun for example_time_delta_sensor_async to None, run_after=None
[2024-12-02T10:45:29.073+0000] {processor.py:208} INFO - Processing /home/airflow/.local/lib/python3.12/site-packages/airflow/example_dags/example_time_delta_sensor_async.py took 0.053 seconds
[2024-12-02T10:45:59.387+0000] {processor.py:186} INFO - Started process (PID=538) to work on /home/airflow/.local/lib/python3.12/site-packages/airflow/example_dags/example_time_delta_sensor_async.py
[2024-12-02T10:45:59.388+0000] {processor.py:914} INFO - Processing file /home/airflow/.local/lib/python3.12/site-packages/airflow/example_dags/example_time_delta_sensor_async.py for tasks to queue
[2024-12-02T10:45:59.390+0000] {logging_mixin.py:190} INFO - [2024-12-02T10:45:59.390+0000] {dagbag.py:588} INFO - Filling up the DagBag from /home/airflow/.local/lib/python3.12/site-packages/airflow/example_dags/example_time_delta_sensor_async.py
[2024-12-02T10:45:59.395+0000] {processor.py:925} INFO - DAG(s) 'example_time_delta_sensor_async' retrieved from /home/airflow/.local/lib/python3.12/site-packages/airflow/example_dags/example_time_delta_sensor_async.py
[2024-12-02T10:45:59.408+0000] {logging_mixin.py:190} INFO - [2024-12-02T10:45:59.408+0000] {dag.py:3239} INFO - Sync 1 DAGs
[2024-12-02T10:45:59.418+0000] {logging_mixin.py:190} INFO - [2024-12-02T10:45:59.417+0000] {dag.py:4180} INFO - Setting next_dagrun for example_time_delta_sensor_async to None, run_after=None
[2024-12-02T10:45:59.431+0000] {processor.py:208} INFO - Processing /home/airflow/.local/lib/python3.12/site-packages/airflow/example_dags/example_time_delta_sensor_async.py took 0.048 seconds
[2024-12-02T10:46:29.622+0000] {processor.py:186} INFO - Started process (PID=601) to work on /home/airflow/.local/lib/python3.12/site-packages/airflow/example_dags/example_time_delta_sensor_async.py
[2024-12-02T10:46:29.634+0000] {processor.py:914} INFO - Processing file /home/airflow/.local/lib/python3.12/site-packages/airflow/example_dags/example_time_delta_sensor_async.py for tasks to queue
[2024-12-02T10:46:29.636+0000] {logging_mixin.py:190} INFO - [2024-12-02T10:46:29.636+0000] {dagbag.py:588} INFO - Filling up the DagBag from /home/airflow/.local/lib/python3.12/site-packages/airflow/example_dags/example_time_delta_sensor_async.py
[2024-12-02T10:46:29.647+0000] {processor.py:925} INFO - DAG(s) 'example_time_delta_sensor_async' retrieved from /home/airflow/.local/lib/python3.12/site-packages/airflow/example_dags/example_time_delta_sensor_async.py
[2024-12-02T10:46:29.661+0000] {logging_mixin.py:190} INFO - [2024-12-02T10:46:29.661+0000] {dag.py:3239} INFO - Sync 1 DAGs
[2024-12-02T10:46:29.672+0000] {logging_mixin.py:190} INFO - [2024-12-02T10:46:29.672+0000] {dag.py:4180} INFO - Setting next_dagrun for example_time_delta_sensor_async to None, run_after=None
[2024-12-02T10:46:29.688+0000] {processor.py:208} INFO - Processing /home/airflow/.local/lib/python3.12/site-packages/airflow/example_dags/example_time_delta_sensor_async.py took 0.070 seconds
[2024-12-02T10:47:01.244+0000] {processor.py:186} INFO - Started process (PID=664) to work on /home/airflow/.local/lib/python3.12/site-packages/airflow/example_dags/example_time_delta_sensor_async.py
[2024-12-02T10:47:01.250+0000] {processor.py:914} INFO - Processing file /home/airflow/.local/lib/python3.12/site-packages/airflow/example_dags/example_time_delta_sensor_async.py for tasks to queue
[2024-12-02T10:47:01.255+0000] {logging_mixin.py:190} INFO - [2024-12-02T10:47:01.254+0000] {dagbag.py:588} INFO - Filling up the DagBag from /home/airflow/.local/lib/python3.12/site-packages/airflow/example_dags/example_time_delta_sensor_async.py
[2024-12-02T10:47:01.277+0000] {processor.py:925} INFO - DAG(s) 'example_time_delta_sensor_async' retrieved from /home/airflow/.local/lib/python3.12/site-packages/airflow/example_dags/example_time_delta_sensor_async.py
[2024-12-02T10:47:01.362+0000] {logging_mixin.py:190} INFO - [2024-12-02T10:47:01.362+0000] {dag.py:3239} INFO - Sync 1 DAGs
[2024-12-02T10:47:01.387+0000] {logging_mixin.py:190} INFO - [2024-12-02T10:47:01.386+0000] {dag.py:4180} INFO - Setting next_dagrun for example_time_delta_sensor_async to None, run_after=None
[2024-12-02T10:47:01.429+0000] {processor.py:208} INFO - Processing /home/airflow/.local/lib/python3.12/site-packages/airflow/example_dags/example_time_delta_sensor_async.py took 0.198 seconds
[2024-12-02T10:58:19.553+0000] {processor.py:186} INFO - Started process (PID=99) to work on /home/airflow/.local/lib/python3.12/site-packages/airflow/example_dags/example_time_delta_sensor_async.py
[2024-12-02T10:58:19.557+0000] {processor.py:914} INFO - Processing file /home/airflow/.local/lib/python3.12/site-packages/airflow/example_dags/example_time_delta_sensor_async.py for tasks to queue
[2024-12-02T10:58:19.559+0000] {logging_mixin.py:190} INFO - [2024-12-02T10:58:19.559+0000] {dagbag.py:588} INFO - Filling up the DagBag from /home/airflow/.local/lib/python3.12/site-packages/airflow/example_dags/example_time_delta_sensor_async.py
[2024-12-02T10:58:19.571+0000] {processor.py:925} INFO - DAG(s) 'example_time_delta_sensor_async' retrieved from /home/airflow/.local/lib/python3.12/site-packages/airflow/example_dags/example_time_delta_sensor_async.py
[2024-12-02T10:58:19.641+0000] {logging_mixin.py:190} INFO - [2024-12-02T10:58:19.641+0000] {dag.py:3239} INFO - Sync 1 DAGs
[2024-12-02T10:58:19.692+0000] {logging_mixin.py:190} INFO - [2024-12-02T10:58:19.692+0000] {dag.py:4180} INFO - Setting next_dagrun for example_time_delta_sensor_async to None, run_after=None
[2024-12-02T10:58:19.772+0000] {processor.py:208} INFO - Processing /home/airflow/.local/lib/python3.12/site-packages/airflow/example_dags/example_time_delta_sensor_async.py took 0.228 seconds
[2024-12-02T10:58:52.369+0000] {processor.py:186} INFO - Started process (PID=163) to work on /home/airflow/.local/lib/python3.12/site-packages/airflow/example_dags/example_time_delta_sensor_async.py
[2024-12-02T10:58:52.378+0000] {processor.py:914} INFO - Processing file /home/airflow/.local/lib/python3.12/site-packages/airflow/example_dags/example_time_delta_sensor_async.py for tasks to queue
[2024-12-02T10:58:52.380+0000] {logging_mixin.py:190} INFO - [2024-12-02T10:58:52.379+0000] {dagbag.py:588} INFO - Filling up the DagBag from /home/airflow/.local/lib/python3.12/site-packages/airflow/example_dags/example_time_delta_sensor_async.py
[2024-12-02T10:58:52.416+0000] {processor.py:925} INFO - DAG(s) 'example_time_delta_sensor_async' retrieved from /home/airflow/.local/lib/python3.12/site-packages/airflow/example_dags/example_time_delta_sensor_async.py
[2024-12-02T10:58:52.430+0000] {logging_mixin.py:190} INFO - [2024-12-02T10:58:52.430+0000] {dag.py:3239} INFO - Sync 1 DAGs
[2024-12-02T10:58:52.442+0000] {logging_mixin.py:190} INFO - [2024-12-02T10:58:52.441+0000] {dag.py:4180} INFO - Setting next_dagrun for example_time_delta_sensor_async to None, run_after=None
[2024-12-02T10:58:52.502+0000] {processor.py:208} INFO - Processing /home/airflow/.local/lib/python3.12/site-packages/airflow/example_dags/example_time_delta_sensor_async.py took 0.170 seconds
[2024-12-02T10:59:23.135+0000] {processor.py:186} INFO - Started process (PID=227) to work on /home/airflow/.local/lib/python3.12/site-packages/airflow/example_dags/example_time_delta_sensor_async.py
[2024-12-02T10:59:23.136+0000] {processor.py:914} INFO - Processing file /home/airflow/.local/lib/python3.12/site-packages/airflow/example_dags/example_time_delta_sensor_async.py for tasks to queue
[2024-12-02T10:59:23.139+0000] {logging_mixin.py:190} INFO - [2024-12-02T10:59:23.139+0000] {dagbag.py:588} INFO - Filling up the DagBag from /home/airflow/.local/lib/python3.12/site-packages/airflow/example_dags/example_time_delta_sensor_async.py
[2024-12-02T10:59:23.156+0000] {processor.py:925} INFO - DAG(s) 'example_time_delta_sensor_async' retrieved from /home/airflow/.local/lib/python3.12/site-packages/airflow/example_dags/example_time_delta_sensor_async.py
[2024-12-02T10:59:23.227+0000] {logging_mixin.py:190} INFO - [2024-12-02T10:59:23.227+0000] {dag.py:3239} INFO - Sync 1 DAGs
[2024-12-02T10:59:23.284+0000] {logging_mixin.py:190} INFO - [2024-12-02T10:59:23.283+0000] {dag.py:4180} INFO - Setting next_dagrun for example_time_delta_sensor_async to None, run_after=None
[2024-12-02T10:59:23.332+0000] {processor.py:208} INFO - Processing /home/airflow/.local/lib/python3.12/site-packages/airflow/example_dags/example_time_delta_sensor_async.py took 0.217 seconds
[2024-12-02T10:59:53.612+0000] {processor.py:186} INFO - Started process (PID=290) to work on /home/airflow/.local/lib/python3.12/site-packages/airflow/example_dags/example_time_delta_sensor_async.py
[2024-12-02T10:59:53.619+0000] {processor.py:914} INFO - Processing file /home/airflow/.local/lib/python3.12/site-packages/airflow/example_dags/example_time_delta_sensor_async.py for tasks to queue
[2024-12-02T10:59:53.621+0000] {logging_mixin.py:190} INFO - [2024-12-02T10:59:53.621+0000] {dagbag.py:588} INFO - Filling up the DagBag from /home/airflow/.local/lib/python3.12/site-packages/airflow/example_dags/example_time_delta_sensor_async.py
[2024-12-02T10:59:53.627+0000] {processor.py:925} INFO - DAG(s) 'example_time_delta_sensor_async' retrieved from /home/airflow/.local/lib/python3.12/site-packages/airflow/example_dags/example_time_delta_sensor_async.py
[2024-12-02T10:59:53.640+0000] {logging_mixin.py:190} INFO - [2024-12-02T10:59:53.640+0000] {dag.py:3239} INFO - Sync 1 DAGs
[2024-12-02T10:59:53.650+0000] {logging_mixin.py:190} INFO - [2024-12-02T10:59:53.650+0000] {dag.py:4180} INFO - Setting next_dagrun for example_time_delta_sensor_async to None, run_after=None
[2024-12-02T10:59:53.663+0000] {processor.py:208} INFO - Processing /home/airflow/.local/lib/python3.12/site-packages/airflow/example_dags/example_time_delta_sensor_async.py took 0.056 seconds
[2024-12-02T11:00:24.270+0000] {processor.py:186} INFO - Started process (PID=353) to work on /home/airflow/.local/lib/python3.12/site-packages/airflow/example_dags/example_time_delta_sensor_async.py
[2024-12-02T11:00:24.271+0000] {processor.py:914} INFO - Processing file /home/airflow/.local/lib/python3.12/site-packages/airflow/example_dags/example_time_delta_sensor_async.py for tasks to queue
[2024-12-02T11:00:24.272+0000] {logging_mixin.py:190} INFO - [2024-12-02T11:00:24.272+0000] {dagbag.py:588} INFO - Filling up the DagBag from /home/airflow/.local/lib/python3.12/site-packages/airflow/example_dags/example_time_delta_sensor_async.py
[2024-12-02T11:00:24.278+0000] {processor.py:925} INFO - DAG(s) 'example_time_delta_sensor_async' retrieved from /home/airflow/.local/lib/python3.12/site-packages/airflow/example_dags/example_time_delta_sensor_async.py
[2024-12-02T11:00:24.290+0000] {logging_mixin.py:190} INFO - [2024-12-02T11:00:24.290+0000] {dag.py:3239} INFO - Sync 1 DAGs
[2024-12-02T11:00:24.299+0000] {logging_mixin.py:190} INFO - [2024-12-02T11:00:24.299+0000] {dag.py:4180} INFO - Setting next_dagrun for example_time_delta_sensor_async to None, run_after=None
[2024-12-02T11:00:24.313+0000] {processor.py:208} INFO - Processing /home/airflow/.local/lib/python3.12/site-packages/airflow/example_dags/example_time_delta_sensor_async.py took 0.048 seconds
[2024-12-02T11:00:58.819+0000] {processor.py:186} INFO - Started process (PID=418) to work on /home/airflow/.local/lib/python3.12/site-packages/airflow/example_dags/example_time_delta_sensor_async.py
[2024-12-02T11:00:58.826+0000] {processor.py:914} INFO - Processing file /home/airflow/.local/lib/python3.12/site-packages/airflow/example_dags/example_time_delta_sensor_async.py for tasks to queue
[2024-12-02T11:00:58.831+0000] {logging_mixin.py:190} INFO - [2024-12-02T11:00:58.831+0000] {dagbag.py:588} INFO - Filling up the DagBag from /home/airflow/.local/lib/python3.12/site-packages/airflow/example_dags/example_time_delta_sensor_async.py
[2024-12-02T11:00:58.846+0000] {processor.py:925} INFO - DAG(s) 'example_time_delta_sensor_async' retrieved from /home/airflow/.local/lib/python3.12/site-packages/airflow/example_dags/example_time_delta_sensor_async.py
[2024-12-02T11:00:58.903+0000] {logging_mixin.py:190} INFO - [2024-12-02T11:00:58.903+0000] {dag.py:3239} INFO - Sync 1 DAGs
[2024-12-02T11:00:58.939+0000] {logging_mixin.py:190} INFO - [2024-12-02T11:00:58.938+0000] {dag.py:4180} INFO - Setting next_dagrun for example_time_delta_sensor_async to None, run_after=None
[2024-12-02T11:00:58.979+0000] {processor.py:208} INFO - Processing /home/airflow/.local/lib/python3.12/site-packages/airflow/example_dags/example_time_delta_sensor_async.py took 0.164 seconds
[2024-12-02T11:01:32.434+0000] {processor.py:186} INFO - Started process (PID=482) to work on /home/airflow/.local/lib/python3.12/site-packages/airflow/example_dags/example_time_delta_sensor_async.py
[2024-12-02T11:01:32.442+0000] {processor.py:914} INFO - Processing file /home/airflow/.local/lib/python3.12/site-packages/airflow/example_dags/example_time_delta_sensor_async.py for tasks to queue
[2024-12-02T11:01:32.444+0000] {logging_mixin.py:190} INFO - [2024-12-02T11:01:32.444+0000] {dagbag.py:588} INFO - Filling up the DagBag from /home/airflow/.local/lib/python3.12/site-packages/airflow/example_dags/example_time_delta_sensor_async.py
[2024-12-02T11:01:32.451+0000] {processor.py:925} INFO - DAG(s) 'example_time_delta_sensor_async' retrieved from /home/airflow/.local/lib/python3.12/site-packages/airflow/example_dags/example_time_delta_sensor_async.py
[2024-12-02T11:01:32.471+0000] {logging_mixin.py:190} INFO - [2024-12-02T11:01:32.471+0000] {dag.py:3239} INFO - Sync 1 DAGs
[2024-12-02T11:01:32.493+0000] {logging_mixin.py:190} INFO - [2024-12-02T11:01:32.492+0000] {dag.py:4180} INFO - Setting next_dagrun for example_time_delta_sensor_async to None, run_after=None
[2024-12-02T11:01:32.518+0000] {processor.py:208} INFO - Processing /home/airflow/.local/lib/python3.12/site-packages/airflow/example_dags/example_time_delta_sensor_async.py took 0.097 seconds
[2024-12-02T11:02:07.317+0000] {processor.py:186} INFO - Started process (PID=546) to work on /home/airflow/.local/lib/python3.12/site-packages/airflow/example_dags/example_time_delta_sensor_async.py
[2024-12-02T11:02:07.325+0000] {processor.py:914} INFO - Processing file /home/airflow/.local/lib/python3.12/site-packages/airflow/example_dags/example_time_delta_sensor_async.py for tasks to queue
[2024-12-02T11:02:07.328+0000] {logging_mixin.py:190} INFO - [2024-12-02T11:02:07.327+0000] {dagbag.py:588} INFO - Filling up the DagBag from /home/airflow/.local/lib/python3.12/site-packages/airflow/example_dags/example_time_delta_sensor_async.py
[2024-12-02T11:02:07.334+0000] {processor.py:925} INFO - DAG(s) 'example_time_delta_sensor_async' retrieved from /home/airflow/.local/lib/python3.12/site-packages/airflow/example_dags/example_time_delta_sensor_async.py
[2024-12-02T11:02:07.397+0000] {logging_mixin.py:190} INFO - [2024-12-02T11:02:07.397+0000] {dag.py:3239} INFO - Sync 1 DAGs
[2024-12-02T11:02:07.436+0000] {logging_mixin.py:190} INFO - [2024-12-02T11:02:07.436+0000] {dag.py:4180} INFO - Setting next_dagrun for example_time_delta_sensor_async to None, run_after=None
[2024-12-02T11:02:07.490+0000] {processor.py:208} INFO - Processing /home/airflow/.local/lib/python3.12/site-packages/airflow/example_dags/example_time_delta_sensor_async.py took 0.213 seconds
[2024-12-02T11:02:40.566+0000] {processor.py:186} INFO - Started process (PID=609) to work on /home/airflow/.local/lib/python3.12/site-packages/airflow/example_dags/example_time_delta_sensor_async.py
[2024-12-02T11:02:40.578+0000] {processor.py:914} INFO - Processing file /home/airflow/.local/lib/python3.12/site-packages/airflow/example_dags/example_time_delta_sensor_async.py for tasks to queue
[2024-12-02T11:02:40.580+0000] {logging_mixin.py:190} INFO - [2024-12-02T11:02:40.580+0000] {dagbag.py:588} INFO - Filling up the DagBag from /home/airflow/.local/lib/python3.12/site-packages/airflow/example_dags/example_time_delta_sensor_async.py
[2024-12-02T11:02:40.585+0000] {processor.py:925} INFO - DAG(s) 'example_time_delta_sensor_async' retrieved from /home/airflow/.local/lib/python3.12/site-packages/airflow/example_dags/example_time_delta_sensor_async.py
[2024-12-02T11:02:40.612+0000] {logging_mixin.py:190} INFO - [2024-12-02T11:02:40.611+0000] {dag.py:3239} INFO - Sync 1 DAGs
[2024-12-02T11:02:40.626+0000] {logging_mixin.py:190} INFO - [2024-12-02T11:02:40.626+0000] {dag.py:4180} INFO - Setting next_dagrun for example_time_delta_sensor_async to None, run_after=None
[2024-12-02T11:02:40.657+0000] {processor.py:208} INFO - Processing /home/airflow/.local/lib/python3.12/site-packages/airflow/example_dags/example_time_delta_sensor_async.py took 0.099 seconds
[2024-12-02T11:03:10.854+0000] {processor.py:186} INFO - Started process (PID=672) to work on /home/airflow/.local/lib/python3.12/site-packages/airflow/example_dags/example_time_delta_sensor_async.py
[2024-12-02T11:03:10.856+0000] {processor.py:914} INFO - Processing file /home/airflow/.local/lib/python3.12/site-packages/airflow/example_dags/example_time_delta_sensor_async.py for tasks to queue
[2024-12-02T11:03:10.859+0000] {logging_mixin.py:190} INFO - [2024-12-02T11:03:10.859+0000] {dagbag.py:588} INFO - Filling up the DagBag from /home/airflow/.local/lib/python3.12/site-packages/airflow/example_dags/example_time_delta_sensor_async.py
[2024-12-02T11:03:10.873+0000] {processor.py:925} INFO - DAG(s) 'example_time_delta_sensor_async' retrieved from /home/airflow/.local/lib/python3.12/site-packages/airflow/example_dags/example_time_delta_sensor_async.py
[2024-12-02T11:03:10.889+0000] {logging_mixin.py:190} INFO - [2024-12-02T11:03:10.889+0000] {dag.py:3239} INFO - Sync 1 DAGs
[2024-12-02T11:03:10.900+0000] {logging_mixin.py:190} INFO - [2024-12-02T11:03:10.900+0000] {dag.py:4180} INFO - Setting next_dagrun for example_time_delta_sensor_async to None, run_after=None
[2024-12-02T11:03:10.914+0000] {processor.py:208} INFO - Processing /home/airflow/.local/lib/python3.12/site-packages/airflow/example_dags/example_time_delta_sensor_async.py took 0.063 seconds
[2024-12-02T11:03:41.098+0000] {processor.py:186} INFO - Started process (PID=736) to work on /home/airflow/.local/lib/python3.12/site-packages/airflow/example_dags/example_time_delta_sensor_async.py
[2024-12-02T11:03:41.100+0000] {processor.py:914} INFO - Processing file /home/airflow/.local/lib/python3.12/site-packages/airflow/example_dags/example_time_delta_sensor_async.py for tasks to queue
[2024-12-02T11:03:41.102+0000] {logging_mixin.py:190} INFO - [2024-12-02T11:03:41.102+0000] {dagbag.py:588} INFO - Filling up the DagBag from /home/airflow/.local/lib/python3.12/site-packages/airflow/example_dags/example_time_delta_sensor_async.py
[2024-12-02T11:03:41.107+0000] {processor.py:925} INFO - DAG(s) 'example_time_delta_sensor_async' retrieved from /home/airflow/.local/lib/python3.12/site-packages/airflow/example_dags/example_time_delta_sensor_async.py
[2024-12-02T11:03:41.121+0000] {logging_mixin.py:190} INFO - [2024-12-02T11:03:41.121+0000] {dag.py:3239} INFO - Sync 1 DAGs
[2024-12-02T11:03:41.131+0000] {logging_mixin.py:190} INFO - [2024-12-02T11:03:41.131+0000] {dag.py:4180} INFO - Setting next_dagrun for example_time_delta_sensor_async to None, run_after=None
[2024-12-02T11:03:41.144+0000] {processor.py:208} INFO - Processing /home/airflow/.local/lib/python3.12/site-packages/airflow/example_dags/example_time_delta_sensor_async.py took 0.050 seconds
[2024-12-02T11:04:11.410+0000] {processor.py:186} INFO - Started process (PID=801) to work on /home/airflow/.local/lib/python3.12/site-packages/airflow/example_dags/example_time_delta_sensor_async.py
[2024-12-02T11:04:11.410+0000] {processor.py:914} INFO - Processing file /home/airflow/.local/lib/python3.12/site-packages/airflow/example_dags/example_time_delta_sensor_async.py for tasks to queue
[2024-12-02T11:04:11.412+0000] {logging_mixin.py:190} INFO - [2024-12-02T11:04:11.411+0000] {dagbag.py:588} INFO - Filling up the DagBag from /home/airflow/.local/lib/python3.12/site-packages/airflow/example_dags/example_time_delta_sensor_async.py
[2024-12-02T11:04:11.416+0000] {processor.py:925} INFO - DAG(s) 'example_time_delta_sensor_async' retrieved from /home/airflow/.local/lib/python3.12/site-packages/airflow/example_dags/example_time_delta_sensor_async.py
[2024-12-02T11:04:11.430+0000] {logging_mixin.py:190} INFO - [2024-12-02T11:04:11.430+0000] {dag.py:3239} INFO - Sync 1 DAGs
[2024-12-02T11:04:11.439+0000] {logging_mixin.py:190} INFO - [2024-12-02T11:04:11.439+0000] {dag.py:4180} INFO - Setting next_dagrun for example_time_delta_sensor_async to None, run_after=None
[2024-12-02T11:04:11.453+0000] {processor.py:208} INFO - Processing /home/airflow/.local/lib/python3.12/site-packages/airflow/example_dags/example_time_delta_sensor_async.py took 0.047 seconds
[2024-12-02T11:04:41.683+0000] {processor.py:186} INFO - Started process (PID=865) to work on /home/airflow/.local/lib/python3.12/site-packages/airflow/example_dags/example_time_delta_sensor_async.py
[2024-12-02T11:04:41.685+0000] {processor.py:914} INFO - Processing file /home/airflow/.local/lib/python3.12/site-packages/airflow/example_dags/example_time_delta_sensor_async.py for tasks to queue
[2024-12-02T11:04:41.687+0000] {logging_mixin.py:190} INFO - [2024-12-02T11:04:41.687+0000] {dagbag.py:588} INFO - Filling up the DagBag from /home/airflow/.local/lib/python3.12/site-packages/airflow/example_dags/example_time_delta_sensor_async.py
[2024-12-02T11:04:41.692+0000] {processor.py:925} INFO - DAG(s) 'example_time_delta_sensor_async' retrieved from /home/airflow/.local/lib/python3.12/site-packages/airflow/example_dags/example_time_delta_sensor_async.py
[2024-12-02T11:04:41.726+0000] {logging_mixin.py:190} INFO - [2024-12-02T11:04:41.726+0000] {dag.py:3239} INFO - Sync 1 DAGs
[2024-12-02T11:04:41.737+0000] {logging_mixin.py:190} INFO - [2024-12-02T11:04:41.737+0000] {dag.py:4180} INFO - Setting next_dagrun for example_time_delta_sensor_async to None, run_after=None
[2024-12-02T11:04:41.759+0000] {processor.py:208} INFO - Processing /home/airflow/.local/lib/python3.12/site-packages/airflow/example_dags/example_time_delta_sensor_async.py took 0.080 seconds
[2024-12-02T11:05:12.160+0000] {processor.py:186} INFO - Started process (PID=929) to work on /home/airflow/.local/lib/python3.12/site-packages/airflow/example_dags/example_time_delta_sensor_async.py
[2024-12-02T11:05:12.161+0000] {processor.py:914} INFO - Processing file /home/airflow/.local/lib/python3.12/site-packages/airflow/example_dags/example_time_delta_sensor_async.py for tasks to queue
[2024-12-02T11:05:12.163+0000] {logging_mixin.py:190} INFO - [2024-12-02T11:05:12.163+0000] {dagbag.py:588} INFO - Filling up the DagBag from /home/airflow/.local/lib/python3.12/site-packages/airflow/example_dags/example_time_delta_sensor_async.py
[2024-12-02T11:05:12.168+0000] {processor.py:925} INFO - DAG(s) 'example_time_delta_sensor_async' retrieved from /home/airflow/.local/lib/python3.12/site-packages/airflow/example_dags/example_time_delta_sensor_async.py
[2024-12-02T11:05:12.190+0000] {logging_mixin.py:190} INFO - [2024-12-02T11:05:12.190+0000] {dag.py:3239} INFO - Sync 1 DAGs
[2024-12-02T11:05:12.208+0000] {logging_mixin.py:190} INFO - [2024-12-02T11:05:12.208+0000] {dag.py:4180} INFO - Setting next_dagrun for example_time_delta_sensor_async to None, run_after=None
[2024-12-02T11:05:12.227+0000] {processor.py:208} INFO - Processing /home/airflow/.local/lib/python3.12/site-packages/airflow/example_dags/example_time_delta_sensor_async.py took 0.072 seconds
[2024-12-02T11:05:43.091+0000] {processor.py:186} INFO - Started process (PID=993) to work on /home/airflow/.local/lib/python3.12/site-packages/airflow/example_dags/example_time_delta_sensor_async.py
[2024-12-02T11:05:43.094+0000] {processor.py:914} INFO - Processing file /home/airflow/.local/lib/python3.12/site-packages/airflow/example_dags/example_time_delta_sensor_async.py for tasks to queue
[2024-12-02T11:05:43.100+0000] {logging_mixin.py:190} INFO - [2024-12-02T11:05:43.099+0000] {dagbag.py:588} INFO - Filling up the DagBag from /home/airflow/.local/lib/python3.12/site-packages/airflow/example_dags/example_time_delta_sensor_async.py
[2024-12-02T11:05:43.111+0000] {processor.py:925} INFO - DAG(s) 'example_time_delta_sensor_async' retrieved from /home/airflow/.local/lib/python3.12/site-packages/airflow/example_dags/example_time_delta_sensor_async.py
[2024-12-02T11:05:43.132+0000] {logging_mixin.py:190} INFO - [2024-12-02T11:05:43.132+0000] {dag.py:3239} INFO - Sync 1 DAGs
[2024-12-02T11:05:43.144+0000] {logging_mixin.py:190} INFO - [2024-12-02T11:05:43.144+0000] {dag.py:4180} INFO - Setting next_dagrun for example_time_delta_sensor_async to None, run_after=None
[2024-12-02T11:05:43.165+0000] {processor.py:208} INFO - Processing /home/airflow/.local/lib/python3.12/site-packages/airflow/example_dags/example_time_delta_sensor_async.py took 0.081 seconds
[2024-12-02T11:06:13.654+0000] {processor.py:186} INFO - Started process (PID=1058) to work on /home/airflow/.local/lib/python3.12/site-packages/airflow/example_dags/example_time_delta_sensor_async.py
[2024-12-02T11:06:13.654+0000] {processor.py:914} INFO - Processing file /home/airflow/.local/lib/python3.12/site-packages/airflow/example_dags/example_time_delta_sensor_async.py for tasks to queue
[2024-12-02T11:06:13.656+0000] {logging_mixin.py:190} INFO - [2024-12-02T11:06:13.656+0000] {dagbag.py:588} INFO - Filling up the DagBag from /home/airflow/.local/lib/python3.12/site-packages/airflow/example_dags/example_time_delta_sensor_async.py
[2024-12-02T11:06:13.661+0000] {processor.py:925} INFO - DAG(s) 'example_time_delta_sensor_async' retrieved from /home/airflow/.local/lib/python3.12/site-packages/airflow/example_dags/example_time_delta_sensor_async.py
[2024-12-02T11:06:13.673+0000] {logging_mixin.py:190} INFO - [2024-12-02T11:06:13.673+0000] {dag.py:3239} INFO - Sync 1 DAGs
[2024-12-02T11:06:13.683+0000] {logging_mixin.py:190} INFO - [2024-12-02T11:06:13.683+0000] {dag.py:4180} INFO - Setting next_dagrun for example_time_delta_sensor_async to None, run_after=None
[2024-12-02T11:06:13.696+0000] {processor.py:208} INFO - Processing /home/airflow/.local/lib/python3.12/site-packages/airflow/example_dags/example_time_delta_sensor_async.py took 0.047 seconds
[2024-12-02T11:06:47.011+0000] {processor.py:186} INFO - Started process (PID=1121) to work on /home/airflow/.local/lib/python3.12/site-packages/airflow/example_dags/example_time_delta_sensor_async.py
[2024-12-02T11:06:47.013+0000] {processor.py:914} INFO - Processing file /home/airflow/.local/lib/python3.12/site-packages/airflow/example_dags/example_time_delta_sensor_async.py for tasks to queue
[2024-12-02T11:06:47.015+0000] {logging_mixin.py:190} INFO - [2024-12-02T11:06:47.015+0000] {dagbag.py:588} INFO - Filling up the DagBag from /home/airflow/.local/lib/python3.12/site-packages/airflow/example_dags/example_time_delta_sensor_async.py
[2024-12-02T11:06:47.020+0000] {processor.py:925} INFO - DAG(s) 'example_time_delta_sensor_async' retrieved from /home/airflow/.local/lib/python3.12/site-packages/airflow/example_dags/example_time_delta_sensor_async.py
[2024-12-02T11:06:47.032+0000] {logging_mixin.py:190} INFO - [2024-12-02T11:06:47.032+0000] {dag.py:3239} INFO - Sync 1 DAGs
[2024-12-02T11:06:47.042+0000] {logging_mixin.py:190} INFO - [2024-12-02T11:06:47.042+0000] {dag.py:4180} INFO - Setting next_dagrun for example_time_delta_sensor_async to None, run_after=None
[2024-12-02T11:06:47.055+0000] {processor.py:208} INFO - Processing /home/airflow/.local/lib/python3.12/site-packages/airflow/example_dags/example_time_delta_sensor_async.py took 0.048 seconds
[2024-12-02T11:07:17.569+0000] {processor.py:186} INFO - Started process (PID=1185) to work on /home/airflow/.local/lib/python3.12/site-packages/airflow/example_dags/example_time_delta_sensor_async.py
[2024-12-02T11:07:17.571+0000] {processor.py:914} INFO - Processing file /home/airflow/.local/lib/python3.12/site-packages/airflow/example_dags/example_time_delta_sensor_async.py for tasks to queue
[2024-12-02T11:07:17.573+0000] {logging_mixin.py:190} INFO - [2024-12-02T11:07:17.573+0000] {dagbag.py:588} INFO - Filling up the DagBag from /home/airflow/.local/lib/python3.12/site-packages/airflow/example_dags/example_time_delta_sensor_async.py
[2024-12-02T11:07:17.578+0000] {processor.py:925} INFO - DAG(s) 'example_time_delta_sensor_async' retrieved from /home/airflow/.local/lib/python3.12/site-packages/airflow/example_dags/example_time_delta_sensor_async.py
[2024-12-02T11:07:17.591+0000] {logging_mixin.py:190} INFO - [2024-12-02T11:07:17.591+0000] {dag.py:3239} INFO - Sync 1 DAGs
[2024-12-02T11:07:17.601+0000] {logging_mixin.py:190} INFO - [2024-12-02T11:07:17.601+0000] {dag.py:4180} INFO - Setting next_dagrun for example_time_delta_sensor_async to None, run_after=None
[2024-12-02T11:07:17.639+0000] {processor.py:208} INFO - Processing /home/airflow/.local/lib/python3.12/site-packages/airflow/example_dags/example_time_delta_sensor_async.py took 0.074 seconds
[2024-12-02T11:07:48.157+0000] {processor.py:186} INFO - Started process (PID=1247) to work on /home/airflow/.local/lib/python3.12/site-packages/airflow/example_dags/example_time_delta_sensor_async.py
[2024-12-02T11:07:48.157+0000] {processor.py:914} INFO - Processing file /home/airflow/.local/lib/python3.12/site-packages/airflow/example_dags/example_time_delta_sensor_async.py for tasks to queue
[2024-12-02T11:07:48.159+0000] {logging_mixin.py:190} INFO - [2024-12-02T11:07:48.159+0000] {dagbag.py:588} INFO - Filling up the DagBag from /home/airflow/.local/lib/python3.12/site-packages/airflow/example_dags/example_time_delta_sensor_async.py
[2024-12-02T11:07:48.167+0000] {processor.py:925} INFO - DAG(s) 'example_time_delta_sensor_async' retrieved from /home/airflow/.local/lib/python3.12/site-packages/airflow/example_dags/example_time_delta_sensor_async.py
[2024-12-02T11:07:48.180+0000] {logging_mixin.py:190} INFO - [2024-12-02T11:07:48.180+0000] {dag.py:3239} INFO - Sync 1 DAGs
[2024-12-02T11:07:48.190+0000] {logging_mixin.py:190} INFO - [2024-12-02T11:07:48.190+0000] {dag.py:4180} INFO - Setting next_dagrun for example_time_delta_sensor_async to None, run_after=None
[2024-12-02T11:07:48.205+0000] {processor.py:208} INFO - Processing /home/airflow/.local/lib/python3.12/site-packages/airflow/example_dags/example_time_delta_sensor_async.py took 0.053 seconds
[2024-12-02T11:08:19.282+0000] {processor.py:186} INFO - Started process (PID=1312) to work on /home/airflow/.local/lib/python3.12/site-packages/airflow/example_dags/example_time_delta_sensor_async.py
[2024-12-02T11:08:19.284+0000] {processor.py:914} INFO - Processing file /home/airflow/.local/lib/python3.12/site-packages/airflow/example_dags/example_time_delta_sensor_async.py for tasks to queue
[2024-12-02T11:08:19.286+0000] {logging_mixin.py:190} INFO - [2024-12-02T11:08:19.286+0000] {dagbag.py:588} INFO - Filling up the DagBag from /home/airflow/.local/lib/python3.12/site-packages/airflow/example_dags/example_time_delta_sensor_async.py
[2024-12-02T11:08:19.301+0000] {processor.py:925} INFO - DAG(s) 'example_time_delta_sensor_async' retrieved from /home/airflow/.local/lib/python3.12/site-packages/airflow/example_dags/example_time_delta_sensor_async.py
[2024-12-02T11:08:19.317+0000] {logging_mixin.py:190} INFO - [2024-12-02T11:08:19.317+0000] {dag.py:3239} INFO - Sync 1 DAGs
[2024-12-02T11:08:19.330+0000] {logging_mixin.py:190} INFO - [2024-12-02T11:08:19.330+0000] {dag.py:4180} INFO - Setting next_dagrun for example_time_delta_sensor_async to None, run_after=None
[2024-12-02T11:08:19.349+0000] {processor.py:208} INFO - Processing /home/airflow/.local/lib/python3.12/site-packages/airflow/example_dags/example_time_delta_sensor_async.py took 0.072 seconds
[2024-12-02T11:08:50.319+0000] {processor.py:186} INFO - Started process (PID=1370) to work on /home/airflow/.local/lib/python3.12/site-packages/airflow/example_dags/example_time_delta_sensor_async.py
[2024-12-02T11:08:50.327+0000] {processor.py:914} INFO - Processing file /home/airflow/.local/lib/python3.12/site-packages/airflow/example_dags/example_time_delta_sensor_async.py for tasks to queue
[2024-12-02T11:08:50.329+0000] {logging_mixin.py:190} INFO - [2024-12-02T11:08:50.328+0000] {dagbag.py:588} INFO - Filling up the DagBag from /home/airflow/.local/lib/python3.12/site-packages/airflow/example_dags/example_time_delta_sensor_async.py
[2024-12-02T11:08:50.335+0000] {processor.py:925} INFO - DAG(s) 'example_time_delta_sensor_async' retrieved from /home/airflow/.local/lib/python3.12/site-packages/airflow/example_dags/example_time_delta_sensor_async.py
[2024-12-02T11:08:50.375+0000] {logging_mixin.py:190} INFO - [2024-12-02T11:08:50.366+0000] {dag.py:3239} INFO - Sync 1 DAGs
[2024-12-02T11:08:50.393+0000] {logging_mixin.py:190} INFO - [2024-12-02T11:08:50.393+0000] {dag.py:4180} INFO - Setting next_dagrun for example_time_delta_sensor_async to None, run_after=None
[2024-12-02T11:08:50.430+0000] {processor.py:208} INFO - Processing /home/airflow/.local/lib/python3.12/site-packages/airflow/example_dags/example_time_delta_sensor_async.py took 0.116 seconds
[2024-12-02T11:09:23.783+0000] {processor.py:186} INFO - Started process (PID=1433) to work on /home/airflow/.local/lib/python3.12/site-packages/airflow/example_dags/example_time_delta_sensor_async.py
[2024-12-02T11:09:23.795+0000] {processor.py:914} INFO - Processing file /home/airflow/.local/lib/python3.12/site-packages/airflow/example_dags/example_time_delta_sensor_async.py for tasks to queue
[2024-12-02T11:09:23.797+0000] {logging_mixin.py:190} INFO - [2024-12-02T11:09:23.797+0000] {dagbag.py:588} INFO - Filling up the DagBag from /home/airflow/.local/lib/python3.12/site-packages/airflow/example_dags/example_time_delta_sensor_async.py
[2024-12-02T11:09:23.804+0000] {processor.py:925} INFO - DAG(s) 'example_time_delta_sensor_async' retrieved from /home/airflow/.local/lib/python3.12/site-packages/airflow/example_dags/example_time_delta_sensor_async.py
[2024-12-02T11:09:23.866+0000] {logging_mixin.py:190} INFO - [2024-12-02T11:09:23.865+0000] {dag.py:3239} INFO - Sync 1 DAGs
[2024-12-02T11:09:23.900+0000] {logging_mixin.py:190} INFO - [2024-12-02T11:09:23.900+0000] {dag.py:4180} INFO - Setting next_dagrun for example_time_delta_sensor_async to None, run_after=None
[2024-12-02T11:09:23.938+0000] {processor.py:208} INFO - Processing /home/airflow/.local/lib/python3.12/site-packages/airflow/example_dags/example_time_delta_sensor_async.py took 0.160 seconds
[2024-12-02T11:09:54.150+0000] {processor.py:186} INFO - Started process (PID=1497) to work on /home/airflow/.local/lib/python3.12/site-packages/airflow/example_dags/example_time_delta_sensor_async.py
[2024-12-02T11:09:54.150+0000] {processor.py:914} INFO - Processing file /home/airflow/.local/lib/python3.12/site-packages/airflow/example_dags/example_time_delta_sensor_async.py for tasks to queue
[2024-12-02T11:09:54.152+0000] {logging_mixin.py:190} INFO - [2024-12-02T11:09:54.152+0000] {dagbag.py:588} INFO - Filling up the DagBag from /home/airflow/.local/lib/python3.12/site-packages/airflow/example_dags/example_time_delta_sensor_async.py
[2024-12-02T11:09:54.158+0000] {processor.py:925} INFO - DAG(s) 'example_time_delta_sensor_async' retrieved from /home/airflow/.local/lib/python3.12/site-packages/airflow/example_dags/example_time_delta_sensor_async.py
[2024-12-02T11:09:54.171+0000] {logging_mixin.py:190} INFO - [2024-12-02T11:09:54.171+0000] {dag.py:3239} INFO - Sync 1 DAGs
[2024-12-02T11:09:54.184+0000] {logging_mixin.py:190} INFO - [2024-12-02T11:09:54.183+0000] {dag.py:4180} INFO - Setting next_dagrun for example_time_delta_sensor_async to None, run_after=None
[2024-12-02T11:09:54.197+0000] {processor.py:208} INFO - Processing /home/airflow/.local/lib/python3.12/site-packages/airflow/example_dags/example_time_delta_sensor_async.py took 0.052 seconds
[2024-12-02T11:10:25.024+0000] {processor.py:186} INFO - Started process (PID=1560) to work on /home/airflow/.local/lib/python3.12/site-packages/airflow/example_dags/example_time_delta_sensor_async.py
[2024-12-02T11:10:25.026+0000] {processor.py:914} INFO - Processing file /home/airflow/.local/lib/python3.12/site-packages/airflow/example_dags/example_time_delta_sensor_async.py for tasks to queue
[2024-12-02T11:10:25.028+0000] {logging_mixin.py:190} INFO - [2024-12-02T11:10:25.028+0000] {dagbag.py:588} INFO - Filling up the DagBag from /home/airflow/.local/lib/python3.12/site-packages/airflow/example_dags/example_time_delta_sensor_async.py
[2024-12-02T11:10:25.033+0000] {processor.py:925} INFO - DAG(s) 'example_time_delta_sensor_async' retrieved from /home/airflow/.local/lib/python3.12/site-packages/airflow/example_dags/example_time_delta_sensor_async.py
[2024-12-02T11:10:25.045+0000] {logging_mixin.py:190} INFO - [2024-12-02T11:10:25.045+0000] {dag.py:3239} INFO - Sync 1 DAGs
[2024-12-02T11:10:25.055+0000] {logging_mixin.py:190} INFO - [2024-12-02T11:10:25.054+0000] {dag.py:4180} INFO - Setting next_dagrun for example_time_delta_sensor_async to None, run_after=None
[2024-12-02T11:10:25.068+0000] {processor.py:208} INFO - Processing /home/airflow/.local/lib/python3.12/site-packages/airflow/example_dags/example_time_delta_sensor_async.py took 0.048 seconds
[2024-12-02T11:10:55.927+0000] {processor.py:186} INFO - Started process (PID=1624) to work on /home/airflow/.local/lib/python3.12/site-packages/airflow/example_dags/example_time_delta_sensor_async.py
[2024-12-02T11:10:55.929+0000] {processor.py:914} INFO - Processing file /home/airflow/.local/lib/python3.12/site-packages/airflow/example_dags/example_time_delta_sensor_async.py for tasks to queue
[2024-12-02T11:10:55.931+0000] {logging_mixin.py:190} INFO - [2024-12-02T11:10:55.931+0000] {dagbag.py:588} INFO - Filling up the DagBag from /home/airflow/.local/lib/python3.12/site-packages/airflow/example_dags/example_time_delta_sensor_async.py
[2024-12-02T11:10:55.941+0000] {processor.py:925} INFO - DAG(s) 'example_time_delta_sensor_async' retrieved from /home/airflow/.local/lib/python3.12/site-packages/airflow/example_dags/example_time_delta_sensor_async.py
[2024-12-02T11:10:55.961+0000] {logging_mixin.py:190} INFO - [2024-12-02T11:10:55.960+0000] {dag.py:3239} INFO - Sync 1 DAGs
[2024-12-02T11:10:55.970+0000] {logging_mixin.py:190} INFO - [2024-12-02T11:10:55.970+0000] {dag.py:4180} INFO - Setting next_dagrun for example_time_delta_sensor_async to None, run_after=None
[2024-12-02T11:10:55.986+0000] {processor.py:208} INFO - Processing /home/airflow/.local/lib/python3.12/site-packages/airflow/example_dags/example_time_delta_sensor_async.py took 0.068 seconds
[2024-12-02T11:11:26.449+0000] {processor.py:186} INFO - Started process (PID=1688) to work on /home/airflow/.local/lib/python3.12/site-packages/airflow/example_dags/example_time_delta_sensor_async.py
[2024-12-02T11:11:26.451+0000] {processor.py:914} INFO - Processing file /home/airflow/.local/lib/python3.12/site-packages/airflow/example_dags/example_time_delta_sensor_async.py for tasks to queue
[2024-12-02T11:11:26.456+0000] {logging_mixin.py:190} INFO - [2024-12-02T11:11:26.455+0000] {dagbag.py:588} INFO - Filling up the DagBag from /home/airflow/.local/lib/python3.12/site-packages/airflow/example_dags/example_time_delta_sensor_async.py
[2024-12-02T11:11:26.471+0000] {processor.py:925} INFO - DAG(s) 'example_time_delta_sensor_async' retrieved from /home/airflow/.local/lib/python3.12/site-packages/airflow/example_dags/example_time_delta_sensor_async.py
[2024-12-02T11:11:26.499+0000] {logging_mixin.py:190} INFO - [2024-12-02T11:11:26.499+0000] {dag.py:3239} INFO - Sync 1 DAGs
[2024-12-02T11:11:26.517+0000] {logging_mixin.py:190} INFO - [2024-12-02T11:11:26.516+0000] {dag.py:4180} INFO - Setting next_dagrun for example_time_delta_sensor_async to None, run_after=None
[2024-12-02T11:11:26.547+0000] {processor.py:208} INFO - Processing /home/airflow/.local/lib/python3.12/site-packages/airflow/example_dags/example_time_delta_sensor_async.py took 0.103 seconds
[2024-12-02T11:11:57.228+0000] {processor.py:186} INFO - Started process (PID=1753) to work on /home/airflow/.local/lib/python3.12/site-packages/airflow/example_dags/example_time_delta_sensor_async.py
[2024-12-02T11:11:57.244+0000] {processor.py:914} INFO - Processing file /home/airflow/.local/lib/python3.12/site-packages/airflow/example_dags/example_time_delta_sensor_async.py for tasks to queue
[2024-12-02T11:11:57.246+0000] {logging_mixin.py:190} INFO - [2024-12-02T11:11:57.246+0000] {dagbag.py:588} INFO - Filling up the DagBag from /home/airflow/.local/lib/python3.12/site-packages/airflow/example_dags/example_time_delta_sensor_async.py
[2024-12-02T11:11:57.265+0000] {processor.py:925} INFO - DAG(s) 'example_time_delta_sensor_async' retrieved from /home/airflow/.local/lib/python3.12/site-packages/airflow/example_dags/example_time_delta_sensor_async.py
[2024-12-02T11:11:57.316+0000] {logging_mixin.py:190} INFO - [2024-12-02T11:11:57.316+0000] {dag.py:3239} INFO - Sync 1 DAGs
[2024-12-02T11:11:57.369+0000] {logging_mixin.py:190} INFO - [2024-12-02T11:11:57.369+0000] {dag.py:4180} INFO - Setting next_dagrun for example_time_delta_sensor_async to None, run_after=None
[2024-12-02T11:11:57.444+0000] {processor.py:208} INFO - Processing /home/airflow/.local/lib/python3.12/site-packages/airflow/example_dags/example_time_delta_sensor_async.py took 0.221 seconds
[2024-12-02T11:12:27.478+0000] {processor.py:186} INFO - Started process (PID=1817) to work on /home/airflow/.local/lib/python3.12/site-packages/airflow/example_dags/example_time_delta_sensor_async.py
[2024-12-02T11:12:27.480+0000] {processor.py:914} INFO - Processing file /home/airflow/.local/lib/python3.12/site-packages/airflow/example_dags/example_time_delta_sensor_async.py for tasks to queue
[2024-12-02T11:12:27.482+0000] {logging_mixin.py:190} INFO - [2024-12-02T11:12:27.481+0000] {dagbag.py:588} INFO - Filling up the DagBag from /home/airflow/.local/lib/python3.12/site-packages/airflow/example_dags/example_time_delta_sensor_async.py
[2024-12-02T11:12:27.487+0000] {processor.py:925} INFO - DAG(s) 'example_time_delta_sensor_async' retrieved from /home/airflow/.local/lib/python3.12/site-packages/airflow/example_dags/example_time_delta_sensor_async.py
[2024-12-02T11:12:27.507+0000] {logging_mixin.py:190} INFO - [2024-12-02T11:12:27.506+0000] {dag.py:3239} INFO - Sync 1 DAGs
[2024-12-02T11:12:27.520+0000] {logging_mixin.py:190} INFO - [2024-12-02T11:12:27.520+0000] {dag.py:4180} INFO - Setting next_dagrun for example_time_delta_sensor_async to None, run_after=None
[2024-12-02T11:12:27.541+0000] {processor.py:208} INFO - Processing /home/airflow/.local/lib/python3.12/site-packages/airflow/example_dags/example_time_delta_sensor_async.py took 0.067 seconds
[2024-12-02T11:12:58.026+0000] {processor.py:186} INFO - Started process (PID=1881) to work on /home/airflow/.local/lib/python3.12/site-packages/airflow/example_dags/example_time_delta_sensor_async.py
[2024-12-02T11:12:58.027+0000] {processor.py:914} INFO - Processing file /home/airflow/.local/lib/python3.12/site-packages/airflow/example_dags/example_time_delta_sensor_async.py for tasks to queue
[2024-12-02T11:12:58.039+0000] {logging_mixin.py:190} INFO - [2024-12-02T11:12:58.039+0000] {dagbag.py:588} INFO - Filling up the DagBag from /home/airflow/.local/lib/python3.12/site-packages/airflow/example_dags/example_time_delta_sensor_async.py
[2024-12-02T11:12:58.046+0000] {processor.py:925} INFO - DAG(s) 'example_time_delta_sensor_async' retrieved from /home/airflow/.local/lib/python3.12/site-packages/airflow/example_dags/example_time_delta_sensor_async.py
[2024-12-02T11:12:58.073+0000] {logging_mixin.py:190} INFO - [2024-12-02T11:12:58.073+0000] {dag.py:3239} INFO - Sync 1 DAGs
[2024-12-02T11:12:58.090+0000] {logging_mixin.py:190} INFO - [2024-12-02T11:12:58.090+0000] {dag.py:4180} INFO - Setting next_dagrun for example_time_delta_sensor_async to None, run_after=None
[2024-12-02T11:12:58.119+0000] {processor.py:208} INFO - Processing /home/airflow/.local/lib/python3.12/site-packages/airflow/example_dags/example_time_delta_sensor_async.py took 0.114 seconds
[2024-12-02T11:13:31.152+0000] {processor.py:186} INFO - Started process (PID=1939) to work on /home/airflow/.local/lib/python3.12/site-packages/airflow/example_dags/example_time_delta_sensor_async.py
[2024-12-02T11:13:31.159+0000] {processor.py:914} INFO - Processing file /home/airflow/.local/lib/python3.12/site-packages/airflow/example_dags/example_time_delta_sensor_async.py for tasks to queue
[2024-12-02T11:13:31.161+0000] {logging_mixin.py:190} INFO - [2024-12-02T11:13:31.161+0000] {dagbag.py:588} INFO - Filling up the DagBag from /home/airflow/.local/lib/python3.12/site-packages/airflow/example_dags/example_time_delta_sensor_async.py
[2024-12-02T11:13:31.166+0000] {processor.py:925} INFO - DAG(s) 'example_time_delta_sensor_async' retrieved from /home/airflow/.local/lib/python3.12/site-packages/airflow/example_dags/example_time_delta_sensor_async.py
[2024-12-02T11:13:31.201+0000] {logging_mixin.py:190} INFO - [2024-12-02T11:13:31.201+0000] {dag.py:3239} INFO - Sync 1 DAGs
[2024-12-02T11:13:31.229+0000] {logging_mixin.py:190} INFO - [2024-12-02T11:13:31.229+0000] {dag.py:4180} INFO - Setting next_dagrun for example_time_delta_sensor_async to None, run_after=None
[2024-12-02T11:13:31.257+0000] {processor.py:208} INFO - Processing /home/airflow/.local/lib/python3.12/site-packages/airflow/example_dags/example_time_delta_sensor_async.py took 0.109 seconds
[2024-12-02T11:14:01.548+0000] {processor.py:186} INFO - Started process (PID=2005) to work on /home/airflow/.local/lib/python3.12/site-packages/airflow/example_dags/example_time_delta_sensor_async.py
[2024-12-02T11:14:01.549+0000] {processor.py:914} INFO - Processing file /home/airflow/.local/lib/python3.12/site-packages/airflow/example_dags/example_time_delta_sensor_async.py for tasks to queue
[2024-12-02T11:14:01.551+0000] {logging_mixin.py:190} INFO - [2024-12-02T11:14:01.551+0000] {dagbag.py:588} INFO - Filling up the DagBag from /home/airflow/.local/lib/python3.12/site-packages/airflow/example_dags/example_time_delta_sensor_async.py
[2024-12-02T11:14:01.556+0000] {processor.py:925} INFO - DAG(s) 'example_time_delta_sensor_async' retrieved from /home/airflow/.local/lib/python3.12/site-packages/airflow/example_dags/example_time_delta_sensor_async.py
[2024-12-02T11:14:01.575+0000] {logging_mixin.py:190} INFO - [2024-12-02T11:14:01.575+0000] {dag.py:3239} INFO - Sync 1 DAGs
[2024-12-02T11:14:01.589+0000] {logging_mixin.py:190} INFO - [2024-12-02T11:14:01.588+0000] {dag.py:4180} INFO - Setting next_dagrun for example_time_delta_sensor_async to None, run_after=None
[2024-12-02T11:14:01.604+0000] {processor.py:208} INFO - Processing /home/airflow/.local/lib/python3.12/site-packages/airflow/example_dags/example_time_delta_sensor_async.py took 0.062 seconds
[2024-12-02T11:14:32.007+0000] {processor.py:186} INFO - Started process (PID=2068) to work on /home/airflow/.local/lib/python3.12/site-packages/airflow/example_dags/example_time_delta_sensor_async.py
[2024-12-02T11:14:32.010+0000] {processor.py:914} INFO - Processing file /home/airflow/.local/lib/python3.12/site-packages/airflow/example_dags/example_time_delta_sensor_async.py for tasks to queue
[2024-12-02T11:14:32.015+0000] {logging_mixin.py:190} INFO - [2024-12-02T11:14:32.014+0000] {dagbag.py:588} INFO - Filling up the DagBag from /home/airflow/.local/lib/python3.12/site-packages/airflow/example_dags/example_time_delta_sensor_async.py
[2024-12-02T11:14:32.025+0000] {processor.py:925} INFO - DAG(s) 'example_time_delta_sensor_async' retrieved from /home/airflow/.local/lib/python3.12/site-packages/airflow/example_dags/example_time_delta_sensor_async.py
[2024-12-02T11:14:32.040+0000] {logging_mixin.py:190} INFO - [2024-12-02T11:14:32.040+0000] {dag.py:3239} INFO - Sync 1 DAGs
[2024-12-02T11:14:32.051+0000] {logging_mixin.py:190} INFO - [2024-12-02T11:14:32.050+0000] {dag.py:4180} INFO - Setting next_dagrun for example_time_delta_sensor_async to None, run_after=None
[2024-12-02T11:14:32.066+0000] {processor.py:208} INFO - Processing /home/airflow/.local/lib/python3.12/site-packages/airflow/example_dags/example_time_delta_sensor_async.py took 0.074 seconds
[2024-12-02T11:15:02.864+0000] {processor.py:186} INFO - Started process (PID=2129) to work on /home/airflow/.local/lib/python3.12/site-packages/airflow/example_dags/example_time_delta_sensor_async.py
[2024-12-02T11:15:02.871+0000] {processor.py:914} INFO - Processing file /home/airflow/.local/lib/python3.12/site-packages/airflow/example_dags/example_time_delta_sensor_async.py for tasks to queue
[2024-12-02T11:15:02.892+0000] {logging_mixin.py:190} INFO - [2024-12-02T11:15:02.892+0000] {dagbag.py:588} INFO - Filling up the DagBag from /home/airflow/.local/lib/python3.12/site-packages/airflow/example_dags/example_time_delta_sensor_async.py
[2024-12-02T11:15:02.899+0000] {processor.py:925} INFO - DAG(s) 'example_time_delta_sensor_async' retrieved from /home/airflow/.local/lib/python3.12/site-packages/airflow/example_dags/example_time_delta_sensor_async.py
[2024-12-02T11:15:02.947+0000] {logging_mixin.py:190} INFO - [2024-12-02T11:15:02.947+0000] {dag.py:3239} INFO - Sync 1 DAGs
[2024-12-02T11:15:02.982+0000] {logging_mixin.py:190} INFO - [2024-12-02T11:15:02.982+0000] {dag.py:4180} INFO - Setting next_dagrun for example_time_delta_sensor_async to None, run_after=None
[2024-12-02T11:15:03.033+0000] {processor.py:208} INFO - Processing /home/airflow/.local/lib/python3.12/site-packages/airflow/example_dags/example_time_delta_sensor_async.py took 0.177 seconds
[2024-12-02T11:15:33.930+0000] {processor.py:186} INFO - Started process (PID=2193) to work on /home/airflow/.local/lib/python3.12/site-packages/airflow/example_dags/example_time_delta_sensor_async.py
[2024-12-02T11:15:33.932+0000] {processor.py:914} INFO - Processing file /home/airflow/.local/lib/python3.12/site-packages/airflow/example_dags/example_time_delta_sensor_async.py for tasks to queue
[2024-12-02T11:15:33.934+0000] {logging_mixin.py:190} INFO - [2024-12-02T11:15:33.933+0000] {dagbag.py:588} INFO - Filling up the DagBag from /home/airflow/.local/lib/python3.12/site-packages/airflow/example_dags/example_time_delta_sensor_async.py
[2024-12-02T11:15:33.944+0000] {processor.py:925} INFO - DAG(s) 'example_time_delta_sensor_async' retrieved from /home/airflow/.local/lib/python3.12/site-packages/airflow/example_dags/example_time_delta_sensor_async.py
[2024-12-02T11:15:33.966+0000] {logging_mixin.py:190} INFO - [2024-12-02T11:15:33.966+0000] {dag.py:3239} INFO - Sync 1 DAGs
[2024-12-02T11:15:33.978+0000] {logging_mixin.py:190} INFO - [2024-12-02T11:15:33.977+0000] {dag.py:4180} INFO - Setting next_dagrun for example_time_delta_sensor_async to None, run_after=None
[2024-12-02T11:15:33.997+0000] {processor.py:208} INFO - Processing /home/airflow/.local/lib/python3.12/site-packages/airflow/example_dags/example_time_delta_sensor_async.py took 0.085 seconds
[2024-12-02T11:16:04.788+0000] {processor.py:186} INFO - Started process (PID=2259) to work on /home/airflow/.local/lib/python3.12/site-packages/airflow/example_dags/example_time_delta_sensor_async.py
[2024-12-02T11:16:04.788+0000] {processor.py:914} INFO - Processing file /home/airflow/.local/lib/python3.12/site-packages/airflow/example_dags/example_time_delta_sensor_async.py for tasks to queue
[2024-12-02T11:16:04.789+0000] {logging_mixin.py:190} INFO - [2024-12-02T11:16:04.789+0000] {dagbag.py:588} INFO - Filling up the DagBag from /home/airflow/.local/lib/python3.12/site-packages/airflow/example_dags/example_time_delta_sensor_async.py
[2024-12-02T11:16:04.794+0000] {processor.py:925} INFO - DAG(s) 'example_time_delta_sensor_async' retrieved from /home/airflow/.local/lib/python3.12/site-packages/airflow/example_dags/example_time_delta_sensor_async.py
[2024-12-02T11:16:04.807+0000] {logging_mixin.py:190} INFO - [2024-12-02T11:16:04.806+0000] {dag.py:3239} INFO - Sync 1 DAGs
[2024-12-02T11:16:04.817+0000] {logging_mixin.py:190} INFO - [2024-12-02T11:16:04.817+0000] {dag.py:4180} INFO - Setting next_dagrun for example_time_delta_sensor_async to None, run_after=None
[2024-12-02T11:16:04.839+0000] {processor.py:208} INFO - Processing /home/airflow/.local/lib/python3.12/site-packages/airflow/example_dags/example_time_delta_sensor_async.py took 0.055 seconds
[2024-12-02T11:16:35.764+0000] {processor.py:186} INFO - Started process (PID=2323) to work on /home/airflow/.local/lib/python3.12/site-packages/airflow/example_dags/example_time_delta_sensor_async.py
[2024-12-02T11:16:35.766+0000] {processor.py:914} INFO - Processing file /home/airflow/.local/lib/python3.12/site-packages/airflow/example_dags/example_time_delta_sensor_async.py for tasks to queue
[2024-12-02T11:16:35.767+0000] {logging_mixin.py:190} INFO - [2024-12-02T11:16:35.767+0000] {dagbag.py:588} INFO - Filling up the DagBag from /home/airflow/.local/lib/python3.12/site-packages/airflow/example_dags/example_time_delta_sensor_async.py
[2024-12-02T11:16:35.772+0000] {processor.py:925} INFO - DAG(s) 'example_time_delta_sensor_async' retrieved from /home/airflow/.local/lib/python3.12/site-packages/airflow/example_dags/example_time_delta_sensor_async.py
[2024-12-02T11:16:35.787+0000] {logging_mixin.py:190} INFO - [2024-12-02T11:16:35.787+0000] {dag.py:3239} INFO - Sync 1 DAGs
[2024-12-02T11:16:35.797+0000] {logging_mixin.py:190} INFO - [2024-12-02T11:16:35.797+0000] {dag.py:4180} INFO - Setting next_dagrun for example_time_delta_sensor_async to None, run_after=None
[2024-12-02T11:16:35.811+0000] {processor.py:208} INFO - Processing /home/airflow/.local/lib/python3.12/site-packages/airflow/example_dags/example_time_delta_sensor_async.py took 0.051 seconds
[2024-12-02T11:17:06.253+0000] {processor.py:186} INFO - Started process (PID=2387) to work on /home/airflow/.local/lib/python3.12/site-packages/airflow/example_dags/example_time_delta_sensor_async.py
[2024-12-02T11:17:06.255+0000] {processor.py:914} INFO - Processing file /home/airflow/.local/lib/python3.12/site-packages/airflow/example_dags/example_time_delta_sensor_async.py for tasks to queue
[2024-12-02T11:17:06.255+0000] {logging_mixin.py:190} INFO - [2024-12-02T11:17:06.255+0000] {dagbag.py:588} INFO - Filling up the DagBag from /home/airflow/.local/lib/python3.12/site-packages/airflow/example_dags/example_time_delta_sensor_async.py
[2024-12-02T11:17:06.261+0000] {processor.py:925} INFO - DAG(s) 'example_time_delta_sensor_async' retrieved from /home/airflow/.local/lib/python3.12/site-packages/airflow/example_dags/example_time_delta_sensor_async.py
[2024-12-02T11:17:06.277+0000] {logging_mixin.py:190} INFO - [2024-12-02T11:17:06.277+0000] {dag.py:3239} INFO - Sync 1 DAGs
[2024-12-02T11:17:06.296+0000] {logging_mixin.py:190} INFO - [2024-12-02T11:17:06.296+0000] {dag.py:4180} INFO - Setting next_dagrun for example_time_delta_sensor_async to None, run_after=None
[2024-12-02T11:17:06.319+0000] {processor.py:208} INFO - Processing /home/airflow/.local/lib/python3.12/site-packages/airflow/example_dags/example_time_delta_sensor_async.py took 0.070 seconds
[2024-12-02T11:17:37.880+0000] {processor.py:186} INFO - Started process (PID=2447) to work on /home/airflow/.local/lib/python3.12/site-packages/airflow/example_dags/example_time_delta_sensor_async.py
[2024-12-02T11:17:37.881+0000] {processor.py:914} INFO - Processing file /home/airflow/.local/lib/python3.12/site-packages/airflow/example_dags/example_time_delta_sensor_async.py for tasks to queue
[2024-12-02T11:17:37.882+0000] {logging_mixin.py:190} INFO - [2024-12-02T11:17:37.881+0000] {dagbag.py:588} INFO - Filling up the DagBag from /home/airflow/.local/lib/python3.12/site-packages/airflow/example_dags/example_time_delta_sensor_async.py
[2024-12-02T11:17:37.887+0000] {processor.py:925} INFO - DAG(s) 'example_time_delta_sensor_async' retrieved from /home/airflow/.local/lib/python3.12/site-packages/airflow/example_dags/example_time_delta_sensor_async.py
[2024-12-02T11:17:37.900+0000] {logging_mixin.py:190} INFO - [2024-12-02T11:17:37.900+0000] {dag.py:3239} INFO - Sync 1 DAGs
[2024-12-02T11:17:37.911+0000] {logging_mixin.py:190} INFO - [2024-12-02T11:17:37.911+0000] {dag.py:4180} INFO - Setting next_dagrun for example_time_delta_sensor_async to None, run_after=None
[2024-12-02T11:17:37.924+0000] {processor.py:208} INFO - Processing /home/airflow/.local/lib/python3.12/site-packages/airflow/example_dags/example_time_delta_sensor_async.py took 0.049 seconds
[2024-12-02T11:18:12.252+0000] {processor.py:186} INFO - Started process (PID=2512) to work on /home/airflow/.local/lib/python3.12/site-packages/airflow/example_dags/example_time_delta_sensor_async.py
[2024-12-02T11:18:12.254+0000] {processor.py:914} INFO - Processing file /home/airflow/.local/lib/python3.12/site-packages/airflow/example_dags/example_time_delta_sensor_async.py for tasks to queue
[2024-12-02T11:18:12.255+0000] {logging_mixin.py:190} INFO - [2024-12-02T11:18:12.255+0000] {dagbag.py:588} INFO - Filling up the DagBag from /home/airflow/.local/lib/python3.12/site-packages/airflow/example_dags/example_time_delta_sensor_async.py
[2024-12-02T11:18:12.261+0000] {processor.py:925} INFO - DAG(s) 'example_time_delta_sensor_async' retrieved from /home/airflow/.local/lib/python3.12/site-packages/airflow/example_dags/example_time_delta_sensor_async.py
[2024-12-02T11:18:12.273+0000] {logging_mixin.py:190} INFO - [2024-12-02T11:18:12.273+0000] {dag.py:3239} INFO - Sync 1 DAGs
[2024-12-02T11:18:12.284+0000] {logging_mixin.py:190} INFO - [2024-12-02T11:18:12.284+0000] {dag.py:4180} INFO - Setting next_dagrun for example_time_delta_sensor_async to None, run_after=None
[2024-12-02T11:18:12.300+0000] {processor.py:208} INFO - Processing /home/airflow/.local/lib/python3.12/site-packages/airflow/example_dags/example_time_delta_sensor_async.py took 0.059 seconds
[2024-12-02T11:18:43.164+0000] {processor.py:186} INFO - Started process (PID=2577) to work on /home/airflow/.local/lib/python3.12/site-packages/airflow/example_dags/example_time_delta_sensor_async.py
[2024-12-02T11:18:43.165+0000] {processor.py:914} INFO - Processing file /home/airflow/.local/lib/python3.12/site-packages/airflow/example_dags/example_time_delta_sensor_async.py for tasks to queue
[2024-12-02T11:18:43.165+0000] {logging_mixin.py:190} INFO - [2024-12-02T11:18:43.165+0000] {dagbag.py:588} INFO - Filling up the DagBag from /home/airflow/.local/lib/python3.12/site-packages/airflow/example_dags/example_time_delta_sensor_async.py
[2024-12-02T11:18:43.171+0000] {processor.py:925} INFO - DAG(s) 'example_time_delta_sensor_async' retrieved from /home/airflow/.local/lib/python3.12/site-packages/airflow/example_dags/example_time_delta_sensor_async.py
[2024-12-02T11:18:43.187+0000] {logging_mixin.py:190} INFO - [2024-12-02T11:18:43.187+0000] {dag.py:3239} INFO - Sync 1 DAGs
[2024-12-02T11:18:43.202+0000] {logging_mixin.py:190} INFO - [2024-12-02T11:18:43.202+0000] {dag.py:4180} INFO - Setting next_dagrun for example_time_delta_sensor_async to None, run_after=None
[2024-12-02T11:18:43.217+0000] {processor.py:208} INFO - Processing /home/airflow/.local/lib/python3.12/site-packages/airflow/example_dags/example_time_delta_sensor_async.py took 0.057 seconds
[2024-12-02T11:19:16.777+0000] {processor.py:186} INFO - Started process (PID=2649) to work on /home/airflow/.local/lib/python3.12/site-packages/airflow/example_dags/example_time_delta_sensor_async.py
[2024-12-02T11:19:16.779+0000] {processor.py:914} INFO - Processing file /home/airflow/.local/lib/python3.12/site-packages/airflow/example_dags/example_time_delta_sensor_async.py for tasks to queue
[2024-12-02T11:19:16.780+0000] {logging_mixin.py:190} INFO - [2024-12-02T11:19:16.780+0000] {dagbag.py:588} INFO - Filling up the DagBag from /home/airflow/.local/lib/python3.12/site-packages/airflow/example_dags/example_time_delta_sensor_async.py
[2024-12-02T11:19:16.785+0000] {processor.py:925} INFO - DAG(s) 'example_time_delta_sensor_async' retrieved from /home/airflow/.local/lib/python3.12/site-packages/airflow/example_dags/example_time_delta_sensor_async.py
[2024-12-02T11:19:16.798+0000] {logging_mixin.py:190} INFO - [2024-12-02T11:19:16.798+0000] {dag.py:3239} INFO - Sync 1 DAGs
[2024-12-02T11:19:16.809+0000] {logging_mixin.py:190} INFO - [2024-12-02T11:19:16.808+0000] {dag.py:4180} INFO - Setting next_dagrun for example_time_delta_sensor_async to None, run_after=None
[2024-12-02T11:19:16.822+0000] {processor.py:208} INFO - Processing /home/airflow/.local/lib/python3.12/site-packages/airflow/example_dags/example_time_delta_sensor_async.py took 0.049 seconds
[2024-12-02T11:19:48.188+0000] {processor.py:186} INFO - Started process (PID=2714) to work on /home/airflow/.local/lib/python3.12/site-packages/airflow/example_dags/example_time_delta_sensor_async.py
[2024-12-02T11:19:48.188+0000] {processor.py:914} INFO - Processing file /home/airflow/.local/lib/python3.12/site-packages/airflow/example_dags/example_time_delta_sensor_async.py for tasks to queue
[2024-12-02T11:19:48.189+0000] {logging_mixin.py:190} INFO - [2024-12-02T11:19:48.189+0000] {dagbag.py:588} INFO - Filling up the DagBag from /home/airflow/.local/lib/python3.12/site-packages/airflow/example_dags/example_time_delta_sensor_async.py
[2024-12-02T11:19:48.195+0000] {processor.py:925} INFO - DAG(s) 'example_time_delta_sensor_async' retrieved from /home/airflow/.local/lib/python3.12/site-packages/airflow/example_dags/example_time_delta_sensor_async.py
[2024-12-02T11:19:48.214+0000] {logging_mixin.py:190} INFO - [2024-12-02T11:19:48.214+0000] {dag.py:3239} INFO - Sync 1 DAGs
[2024-12-02T11:19:48.228+0000] {logging_mixin.py:190} INFO - [2024-12-02T11:19:48.228+0000] {dag.py:4180} INFO - Setting next_dagrun for example_time_delta_sensor_async to None, run_after=None
[2024-12-02T11:19:48.251+0000] {processor.py:208} INFO - Processing /home/airflow/.local/lib/python3.12/site-packages/airflow/example_dags/example_time_delta_sensor_async.py took 0.068 seconds
