[2024-12-02T10:19:14.930+0000] {processor.py:186} INFO - Started process (PID=113) to work on /home/airflow/.local/lib/python3.12/site-packages/airflow/example_dags/example_python_operator.py
[2024-12-02T10:19:14.938+0000] {processor.py:914} INFO - Processing file /home/airflow/.local/lib/python3.12/site-packages/airflow/example_dags/example_python_operator.py for tasks to queue
[2024-12-02T10:19:14.973+0000] {logging_mixin.py:190} INFO - [2024-12-02T10:19:14.952+0000] {dagbag.py:588} INFO - Filling up the DagBag from /home/airflow/.local/lib/python3.12/site-packages/airflow/example_dags/example_python_operator.py
[2024-12-02T10:19:15.027+0000] {processor.py:925} INFO - DAG(s) 'example_python_operator' retrieved from /home/airflow/.local/lib/python3.12/site-packages/airflow/example_dags/example_python_operator.py
[2024-12-02T10:19:15.686+0000] {logging_mixin.py:190} INFO - [2024-12-02T10:19:15.685+0000] {override.py:1911} INFO - Created Permission View: can delete on DAG:example_python_operator
[2024-12-02T10:19:15.760+0000] {logging_mixin.py:190} INFO - [2024-12-02T10:19:15.760+0000] {override.py:1911} INFO - Created Permission View: can edit on DAG:example_python_operator
[2024-12-02T10:19:15.770+0000] {logging_mixin.py:190} INFO - [2024-12-02T10:19:15.770+0000] {override.py:1911} INFO - Created Permission View: can read on DAG:example_python_operator
[2024-12-02T10:19:15.821+0000] {logging_mixin.py:190} INFO - [2024-12-02T10:19:15.821+0000] {override.py:1911} INFO - Created Permission View: menu access on DAG Run:example_python_operator
[2024-12-02T10:19:15.859+0000] {logging_mixin.py:190} INFO - [2024-12-02T10:19:15.859+0000] {override.py:1911} INFO - Created Permission View: can create on DAG Run:example_python_operator
[2024-12-02T10:19:15.869+0000] {logging_mixin.py:190} INFO - [2024-12-02T10:19:15.869+0000] {override.py:1911} INFO - Created Permission View: can delete on DAG Run:example_python_operator
[2024-12-02T10:19:15.897+0000] {logging_mixin.py:190} INFO - [2024-12-02T10:19:15.897+0000] {override.py:1911} INFO - Created Permission View: can read on DAG Run:example_python_operator
[2024-12-02T10:19:15.898+0000] {logging_mixin.py:190} INFO - [2024-12-02T10:19:15.898+0000] {dag.py:3239} INFO - Sync 1 DAGs
[2024-12-02T10:19:15.965+0000] {logging_mixin.py:190} INFO - [2024-12-02T10:19:15.964+0000] {dag.py:3262} INFO - Creating ORM DAG for example_python_operator
[2024-12-02T10:19:15.966+0000] {logging_mixin.py:190} INFO - [2024-12-02T10:19:15.966+0000] {dag.py:4180} INFO - Setting next_dagrun for example_python_operator to None, run_after=None
[2024-12-02T10:19:16.062+0000] {processor.py:208} INFO - Processing /home/airflow/.local/lib/python3.12/site-packages/airflow/example_dags/example_python_operator.py took 1.136 seconds
[2024-12-02T10:36:22.650+0000] {processor.py:186} INFO - Started process (PID=69) to work on /home/airflow/.local/lib/python3.12/site-packages/airflow/example_dags/example_python_operator.py
[2024-12-02T10:36:22.672+0000] {processor.py:914} INFO - Processing file /home/airflow/.local/lib/python3.12/site-packages/airflow/example_dags/example_python_operator.py for tasks to queue
[2024-12-02T10:36:22.677+0000] {logging_mixin.py:190} INFO - [2024-12-02T10:36:22.677+0000] {dagbag.py:588} INFO - Filling up the DagBag from /home/airflow/.local/lib/python3.12/site-packages/airflow/example_dags/example_python_operator.py
[2024-12-02T10:36:22.733+0000] {processor.py:925} INFO - DAG(s) 'example_python_operator' retrieved from /home/airflow/.local/lib/python3.12/site-packages/airflow/example_dags/example_python_operator.py
[2024-12-02T10:36:23.348+0000] {logging_mixin.py:190} INFO - [2024-12-02T10:36:23.347+0000] {dag.py:3239} INFO - Sync 1 DAGs
[2024-12-02T10:36:23.405+0000] {logging_mixin.py:190} INFO - [2024-12-02T10:36:23.404+0000] {dag.py:4180} INFO - Setting next_dagrun for example_python_operator to None, run_after=None
[2024-12-02T10:36:23.520+0000] {processor.py:208} INFO - Processing /home/airflow/.local/lib/python3.12/site-packages/airflow/example_dags/example_python_operator.py took 0.886 seconds
[2024-12-02T10:38:13.582+0000] {processor.py:186} INFO - Started process (PID=70) to work on /home/airflow/.local/lib/python3.12/site-packages/airflow/example_dags/example_python_operator.py
[2024-12-02T10:38:13.601+0000] {processor.py:914} INFO - Processing file /home/airflow/.local/lib/python3.12/site-packages/airflow/example_dags/example_python_operator.py for tasks to queue
[2024-12-02T10:38:13.603+0000] {logging_mixin.py:190} INFO - [2024-12-02T10:38:13.603+0000] {dagbag.py:588} INFO - Filling up the DagBag from /home/airflow/.local/lib/python3.12/site-packages/airflow/example_dags/example_python_operator.py
[2024-12-02T10:38:13.674+0000] {processor.py:925} INFO - DAG(s) 'example_python_operator' retrieved from /home/airflow/.local/lib/python3.12/site-packages/airflow/example_dags/example_python_operator.py
[2024-12-02T10:38:14.400+0000] {logging_mixin.py:190} INFO - [2024-12-02T10:38:14.400+0000] {dag.py:3239} INFO - Sync 1 DAGs
[2024-12-02T10:38:14.483+0000] {logging_mixin.py:190} INFO - [2024-12-02T10:38:14.483+0000] {dag.py:4180} INFO - Setting next_dagrun for example_python_operator to None, run_after=None
[2024-12-02T10:38:14.583+0000] {processor.py:208} INFO - Processing /home/airflow/.local/lib/python3.12/site-packages/airflow/example_dags/example_python_operator.py took 1.042 seconds
[2024-12-02T10:38:48.346+0000] {processor.py:186} INFO - Started process (PID=140) to work on /home/airflow/.local/lib/python3.12/site-packages/airflow/example_dags/example_python_operator.py
[2024-12-02T10:38:48.348+0000] {processor.py:914} INFO - Processing file /home/airflow/.local/lib/python3.12/site-packages/airflow/example_dags/example_python_operator.py for tasks to queue
[2024-12-02T10:38:48.350+0000] {logging_mixin.py:190} INFO - [2024-12-02T10:38:48.350+0000] {dagbag.py:588} INFO - Filling up the DagBag from /home/airflow/.local/lib/python3.12/site-packages/airflow/example_dags/example_python_operator.py
[2024-12-02T10:38:48.371+0000] {processor.py:925} INFO - DAG(s) 'example_python_operator' retrieved from /home/airflow/.local/lib/python3.12/site-packages/airflow/example_dags/example_python_operator.py
[2024-12-02T10:38:48.408+0000] {logging_mixin.py:190} INFO - [2024-12-02T10:38:48.407+0000] {dag.py:3239} INFO - Sync 1 DAGs
[2024-12-02T10:38:48.444+0000] {logging_mixin.py:190} INFO - [2024-12-02T10:38:48.443+0000] {dag.py:4180} INFO - Setting next_dagrun for example_python_operator to None, run_after=None
[2024-12-02T10:38:48.490+0000] {processor.py:208} INFO - Processing /home/airflow/.local/lib/python3.12/site-packages/airflow/example_dags/example_python_operator.py took 0.151 seconds
[2024-12-02T10:39:19.112+0000] {processor.py:186} INFO - Started process (PID=203) to work on /home/airflow/.local/lib/python3.12/site-packages/airflow/example_dags/example_python_operator.py
[2024-12-02T10:39:19.115+0000] {processor.py:914} INFO - Processing file /home/airflow/.local/lib/python3.12/site-packages/airflow/example_dags/example_python_operator.py for tasks to queue
[2024-12-02T10:39:19.117+0000] {logging_mixin.py:190} INFO - [2024-12-02T10:39:19.116+0000] {dagbag.py:588} INFO - Filling up the DagBag from /home/airflow/.local/lib/python3.12/site-packages/airflow/example_dags/example_python_operator.py
[2024-12-02T10:39:19.127+0000] {processor.py:925} INFO - DAG(s) 'example_python_operator' retrieved from /home/airflow/.local/lib/python3.12/site-packages/airflow/example_dags/example_python_operator.py
[2024-12-02T10:39:19.144+0000] {logging_mixin.py:190} INFO - [2024-12-02T10:39:19.144+0000] {dag.py:3239} INFO - Sync 1 DAGs
[2024-12-02T10:39:19.156+0000] {logging_mixin.py:190} INFO - [2024-12-02T10:39:19.156+0000] {dag.py:4180} INFO - Setting next_dagrun for example_python_operator to None, run_after=None
[2024-12-02T10:39:19.174+0000] {processor.py:208} INFO - Processing /home/airflow/.local/lib/python3.12/site-packages/airflow/example_dags/example_python_operator.py took 0.066 seconds
[2024-12-02T10:39:53.004+0000] {processor.py:186} INFO - Started process (PID=268) to work on /home/airflow/.local/lib/python3.12/site-packages/airflow/example_dags/example_python_operator.py
[2024-12-02T10:39:53.009+0000] {processor.py:914} INFO - Processing file /home/airflow/.local/lib/python3.12/site-packages/airflow/example_dags/example_python_operator.py for tasks to queue
[2024-12-02T10:39:53.023+0000] {logging_mixin.py:190} INFO - [2024-12-02T10:39:53.023+0000] {dagbag.py:588} INFO - Filling up the DagBag from /home/airflow/.local/lib/python3.12/site-packages/airflow/example_dags/example_python_operator.py
[2024-12-02T10:39:53.061+0000] {processor.py:925} INFO - DAG(s) 'example_python_operator' retrieved from /home/airflow/.local/lib/python3.12/site-packages/airflow/example_dags/example_python_operator.py
[2024-12-02T10:39:53.131+0000] {logging_mixin.py:190} INFO - [2024-12-02T10:39:53.131+0000] {dag.py:3239} INFO - Sync 1 DAGs
[2024-12-02T10:39:53.181+0000] {logging_mixin.py:190} INFO - [2024-12-02T10:39:53.181+0000] {dag.py:4180} INFO - Setting next_dagrun for example_python_operator to None, run_after=None
[2024-12-02T10:39:53.244+0000] {processor.py:208} INFO - Processing /home/airflow/.local/lib/python3.12/site-packages/airflow/example_dags/example_python_operator.py took 0.246 seconds
[2024-12-02T10:40:25.177+0000] {processor.py:186} INFO - Started process (PID=331) to work on /home/airflow/.local/lib/python3.12/site-packages/airflow/example_dags/example_python_operator.py
[2024-12-02T10:40:25.191+0000] {processor.py:914} INFO - Processing file /home/airflow/.local/lib/python3.12/site-packages/airflow/example_dags/example_python_operator.py for tasks to queue
[2024-12-02T10:40:25.206+0000] {logging_mixin.py:190} INFO - [2024-12-02T10:40:25.198+0000] {dagbag.py:588} INFO - Filling up the DagBag from /home/airflow/.local/lib/python3.12/site-packages/airflow/example_dags/example_python_operator.py
[2024-12-02T10:40:25.274+0000] {processor.py:925} INFO - DAG(s) 'example_python_operator' retrieved from /home/airflow/.local/lib/python3.12/site-packages/airflow/example_dags/example_python_operator.py
[2024-12-02T10:40:25.483+0000] {logging_mixin.py:190} INFO - [2024-12-02T10:40:25.483+0000] {dag.py:3239} INFO - Sync 1 DAGs
[2024-12-02T10:40:25.507+0000] {logging_mixin.py:190} INFO - [2024-12-02T10:40:25.507+0000] {dag.py:4180} INFO - Setting next_dagrun for example_python_operator to None, run_after=None
[2024-12-02T10:40:25.639+0000] {processor.py:208} INFO - Processing /home/airflow/.local/lib/python3.12/site-packages/airflow/example_dags/example_python_operator.py took 0.497 seconds
[2024-12-02T10:42:06.290+0000] {processor.py:186} INFO - Started process (PID=70) to work on /home/airflow/.local/lib/python3.12/site-packages/airflow/example_dags/example_python_operator.py
[2024-12-02T10:42:06.304+0000] {processor.py:914} INFO - Processing file /home/airflow/.local/lib/python3.12/site-packages/airflow/example_dags/example_python_operator.py for tasks to queue
[2024-12-02T10:42:06.306+0000] {logging_mixin.py:190} INFO - [2024-12-02T10:42:06.306+0000] {dagbag.py:588} INFO - Filling up the DagBag from /home/airflow/.local/lib/python3.12/site-packages/airflow/example_dags/example_python_operator.py
[2024-12-02T10:42:06.342+0000] {processor.py:925} INFO - DAG(s) 'example_python_operator' retrieved from /home/airflow/.local/lib/python3.12/site-packages/airflow/example_dags/example_python_operator.py
[2024-12-02T10:42:06.579+0000] {logging_mixin.py:190} INFO - [2024-12-02T10:42:06.579+0000] {dag.py:3239} INFO - Sync 1 DAGs
[2024-12-02T10:42:06.596+0000] {logging_mixin.py:190} INFO - [2024-12-02T10:42:06.596+0000] {dag.py:4180} INFO - Setting next_dagrun for example_python_operator to None, run_after=None
[2024-12-02T10:42:06.626+0000] {processor.py:208} INFO - Processing /home/airflow/.local/lib/python3.12/site-packages/airflow/example_dags/example_python_operator.py took 0.341 seconds
[2024-12-02T10:42:37.208+0000] {processor.py:186} INFO - Started process (PID=133) to work on /home/airflow/.local/lib/python3.12/site-packages/airflow/example_dags/example_python_operator.py
[2024-12-02T10:42:37.213+0000] {processor.py:914} INFO - Processing file /home/airflow/.local/lib/python3.12/site-packages/airflow/example_dags/example_python_operator.py for tasks to queue
[2024-12-02T10:42:37.216+0000] {logging_mixin.py:190} INFO - [2024-12-02T10:42:37.216+0000] {dagbag.py:588} INFO - Filling up the DagBag from /home/airflow/.local/lib/python3.12/site-packages/airflow/example_dags/example_python_operator.py
[2024-12-02T10:42:37.229+0000] {processor.py:925} INFO - DAG(s) 'example_python_operator' retrieved from /home/airflow/.local/lib/python3.12/site-packages/airflow/example_dags/example_python_operator.py
[2024-12-02T10:42:37.250+0000] {logging_mixin.py:190} INFO - [2024-12-02T10:42:37.249+0000] {dag.py:3239} INFO - Sync 1 DAGs
[2024-12-02T10:42:37.264+0000] {logging_mixin.py:190} INFO - [2024-12-02T10:42:37.263+0000] {dag.py:4180} INFO - Setting next_dagrun for example_python_operator to None, run_after=None
[2024-12-02T10:42:37.281+0000] {processor.py:208} INFO - Processing /home/airflow/.local/lib/python3.12/site-packages/airflow/example_dags/example_python_operator.py took 0.078 seconds
[2024-12-02T10:43:07.802+0000] {processor.py:186} INFO - Started process (PID=196) to work on /home/airflow/.local/lib/python3.12/site-packages/airflow/example_dags/example_python_operator.py
[2024-12-02T10:43:07.803+0000] {processor.py:914} INFO - Processing file /home/airflow/.local/lib/python3.12/site-packages/airflow/example_dags/example_python_operator.py for tasks to queue
[2024-12-02T10:43:07.804+0000] {logging_mixin.py:190} INFO - [2024-12-02T10:43:07.804+0000] {dagbag.py:588} INFO - Filling up the DagBag from /home/airflow/.local/lib/python3.12/site-packages/airflow/example_dags/example_python_operator.py
[2024-12-02T10:43:07.817+0000] {processor.py:925} INFO - DAG(s) 'example_python_operator' retrieved from /home/airflow/.local/lib/python3.12/site-packages/airflow/example_dags/example_python_operator.py
[2024-12-02T10:43:07.843+0000] {logging_mixin.py:190} INFO - [2024-12-02T10:43:07.843+0000] {dag.py:3239} INFO - Sync 1 DAGs
[2024-12-02T10:43:07.859+0000] {logging_mixin.py:190} INFO - [2024-12-02T10:43:07.859+0000] {dag.py:4180} INFO - Setting next_dagrun for example_python_operator to None, run_after=None
[2024-12-02T10:43:07.875+0000] {processor.py:208} INFO - Processing /home/airflow/.local/lib/python3.12/site-packages/airflow/example_dags/example_python_operator.py took 0.077 seconds
[2024-12-02T10:43:38.159+0000] {processor.py:186} INFO - Started process (PID=254) to work on /home/airflow/.local/lib/python3.12/site-packages/airflow/example_dags/example_python_operator.py
[2024-12-02T10:43:38.161+0000] {processor.py:914} INFO - Processing file /home/airflow/.local/lib/python3.12/site-packages/airflow/example_dags/example_python_operator.py for tasks to queue
[2024-12-02T10:43:38.163+0000] {logging_mixin.py:190} INFO - [2024-12-02T10:43:38.163+0000] {dagbag.py:588} INFO - Filling up the DagBag from /home/airflow/.local/lib/python3.12/site-packages/airflow/example_dags/example_python_operator.py
[2024-12-02T10:43:38.173+0000] {processor.py:925} INFO - DAG(s) 'example_python_operator' retrieved from /home/airflow/.local/lib/python3.12/site-packages/airflow/example_dags/example_python_operator.py
[2024-12-02T10:43:38.189+0000] {logging_mixin.py:190} INFO - [2024-12-02T10:43:38.189+0000] {dag.py:3239} INFO - Sync 1 DAGs
[2024-12-02T10:43:38.203+0000] {logging_mixin.py:190} INFO - [2024-12-02T10:43:38.203+0000] {dag.py:4180} INFO - Setting next_dagrun for example_python_operator to None, run_after=None
[2024-12-02T10:43:38.278+0000] {processor.py:208} INFO - Processing /home/airflow/.local/lib/python3.12/site-packages/airflow/example_dags/example_python_operator.py took 0.123 seconds
[2024-12-02T10:44:08.798+0000] {processor.py:186} INFO - Started process (PID=317) to work on /home/airflow/.local/lib/python3.12/site-packages/airflow/example_dags/example_python_operator.py
[2024-12-02T10:44:08.799+0000] {processor.py:914} INFO - Processing file /home/airflow/.local/lib/python3.12/site-packages/airflow/example_dags/example_python_operator.py for tasks to queue
[2024-12-02T10:44:08.801+0000] {logging_mixin.py:190} INFO - [2024-12-02T10:44:08.801+0000] {dagbag.py:588} INFO - Filling up the DagBag from /home/airflow/.local/lib/python3.12/site-packages/airflow/example_dags/example_python_operator.py
[2024-12-02T10:44:08.815+0000] {processor.py:925} INFO - DAG(s) 'example_python_operator' retrieved from /home/airflow/.local/lib/python3.12/site-packages/airflow/example_dags/example_python_operator.py
[2024-12-02T10:44:08.837+0000] {logging_mixin.py:190} INFO - [2024-12-02T10:44:08.837+0000] {dag.py:3239} INFO - Sync 1 DAGs
[2024-12-02T10:44:08.847+0000] {logging_mixin.py:190} INFO - [2024-12-02T10:44:08.847+0000] {dag.py:4180} INFO - Setting next_dagrun for example_python_operator to None, run_after=None
[2024-12-02T10:44:08.893+0000] {processor.py:208} INFO - Processing /home/airflow/.local/lib/python3.12/site-packages/airflow/example_dags/example_python_operator.py took 0.099 seconds
[2024-12-02T10:44:39.089+0000] {processor.py:186} INFO - Started process (PID=381) to work on /home/airflow/.local/lib/python3.12/site-packages/airflow/example_dags/example_python_operator.py
[2024-12-02T10:44:39.091+0000] {processor.py:914} INFO - Processing file /home/airflow/.local/lib/python3.12/site-packages/airflow/example_dags/example_python_operator.py for tasks to queue
[2024-12-02T10:44:39.093+0000] {logging_mixin.py:190} INFO - [2024-12-02T10:44:39.093+0000] {dagbag.py:588} INFO - Filling up the DagBag from /home/airflow/.local/lib/python3.12/site-packages/airflow/example_dags/example_python_operator.py
[2024-12-02T10:44:39.105+0000] {processor.py:925} INFO - DAG(s) 'example_python_operator' retrieved from /home/airflow/.local/lib/python3.12/site-packages/airflow/example_dags/example_python_operator.py
[2024-12-02T10:44:39.120+0000] {logging_mixin.py:190} INFO - [2024-12-02T10:44:39.119+0000] {dag.py:3239} INFO - Sync 1 DAGs
[2024-12-02T10:44:39.129+0000] {logging_mixin.py:190} INFO - [2024-12-02T10:44:39.129+0000] {dag.py:4180} INFO - Setting next_dagrun for example_python_operator to None, run_after=None
[2024-12-02T10:44:39.145+0000] {processor.py:208} INFO - Processing /home/airflow/.local/lib/python3.12/site-packages/airflow/example_dags/example_python_operator.py took 0.060 seconds
[2024-12-02T10:45:09.375+0000] {processor.py:186} INFO - Started process (PID=446) to work on /home/airflow/.local/lib/python3.12/site-packages/airflow/example_dags/example_python_operator.py
[2024-12-02T10:45:09.376+0000] {processor.py:914} INFO - Processing file /home/airflow/.local/lib/python3.12/site-packages/airflow/example_dags/example_python_operator.py for tasks to queue
[2024-12-02T10:45:09.378+0000] {logging_mixin.py:190} INFO - [2024-12-02T10:45:09.377+0000] {dagbag.py:588} INFO - Filling up the DagBag from /home/airflow/.local/lib/python3.12/site-packages/airflow/example_dags/example_python_operator.py
[2024-12-02T10:45:09.387+0000] {processor.py:925} INFO - DAG(s) 'example_python_operator' retrieved from /home/airflow/.local/lib/python3.12/site-packages/airflow/example_dags/example_python_operator.py
[2024-12-02T10:45:09.405+0000] {logging_mixin.py:190} INFO - [2024-12-02T10:45:09.405+0000] {dag.py:3239} INFO - Sync 1 DAGs
[2024-12-02T10:45:09.421+0000] {logging_mixin.py:190} INFO - [2024-12-02T10:45:09.420+0000] {dag.py:4180} INFO - Setting next_dagrun for example_python_operator to None, run_after=None
[2024-12-02T10:45:09.446+0000] {processor.py:208} INFO - Processing /home/airflow/.local/lib/python3.12/site-packages/airflow/example_dags/example_python_operator.py took 0.077 seconds
[2024-12-02T10:45:39.647+0000] {processor.py:186} INFO - Started process (PID=508) to work on /home/airflow/.local/lib/python3.12/site-packages/airflow/example_dags/example_python_operator.py
[2024-12-02T10:45:39.660+0000] {processor.py:914} INFO - Processing file /home/airflow/.local/lib/python3.12/site-packages/airflow/example_dags/example_python_operator.py for tasks to queue
[2024-12-02T10:45:39.690+0000] {logging_mixin.py:190} INFO - [2024-12-02T10:45:39.690+0000] {dagbag.py:588} INFO - Filling up the DagBag from /home/airflow/.local/lib/python3.12/site-packages/airflow/example_dags/example_python_operator.py
[2024-12-02T10:45:39.742+0000] {processor.py:925} INFO - DAG(s) 'example_python_operator' retrieved from /home/airflow/.local/lib/python3.12/site-packages/airflow/example_dags/example_python_operator.py
[2024-12-02T10:45:39.800+0000] {logging_mixin.py:190} INFO - [2024-12-02T10:45:39.800+0000] {dag.py:3239} INFO - Sync 1 DAGs
[2024-12-02T10:45:39.855+0000] {logging_mixin.py:190} INFO - [2024-12-02T10:45:39.855+0000] {dag.py:4180} INFO - Setting next_dagrun for example_python_operator to None, run_after=None
[2024-12-02T10:45:39.950+0000] {processor.py:208} INFO - Processing /home/airflow/.local/lib/python3.12/site-packages/airflow/example_dags/example_python_operator.py took 0.309 seconds
[2024-12-02T10:46:13.207+0000] {processor.py:186} INFO - Started process (PID=563) to work on /home/airflow/.local/lib/python3.12/site-packages/airflow/example_dags/example_python_operator.py
[2024-12-02T10:46:13.210+0000] {processor.py:914} INFO - Processing file /home/airflow/.local/lib/python3.12/site-packages/airflow/example_dags/example_python_operator.py for tasks to queue
[2024-12-02T10:46:13.225+0000] {logging_mixin.py:190} INFO - [2024-12-02T10:46:13.224+0000] {dagbag.py:588} INFO - Filling up the DagBag from /home/airflow/.local/lib/python3.12/site-packages/airflow/example_dags/example_python_operator.py
[2024-12-02T10:46:13.233+0000] {processor.py:925} INFO - DAG(s) 'example_python_operator' retrieved from /home/airflow/.local/lib/python3.12/site-packages/airflow/example_dags/example_python_operator.py
[2024-12-02T10:46:13.292+0000] {logging_mixin.py:190} INFO - [2024-12-02T10:46:13.292+0000] {dag.py:3239} INFO - Sync 1 DAGs
[2024-12-02T10:46:13.313+0000] {logging_mixin.py:190} INFO - [2024-12-02T10:46:13.311+0000] {dag.py:4180} INFO - Setting next_dagrun for example_python_operator to None, run_after=None
[2024-12-02T10:46:13.359+0000] {processor.py:208} INFO - Processing /home/airflow/.local/lib/python3.12/site-packages/airflow/example_dags/example_python_operator.py took 0.156 seconds
[2024-12-02T10:46:44.468+0000] {processor.py:186} INFO - Started process (PID=626) to work on /home/airflow/.local/lib/python3.12/site-packages/airflow/example_dags/example_python_operator.py
[2024-12-02T10:46:44.483+0000] {processor.py:914} INFO - Processing file /home/airflow/.local/lib/python3.12/site-packages/airflow/example_dags/example_python_operator.py for tasks to queue
[2024-12-02T10:46:44.485+0000] {logging_mixin.py:190} INFO - [2024-12-02T10:46:44.485+0000] {dagbag.py:588} INFO - Filling up the DagBag from /home/airflow/.local/lib/python3.12/site-packages/airflow/example_dags/example_python_operator.py
[2024-12-02T10:46:44.518+0000] {processor.py:925} INFO - DAG(s) 'example_python_operator' retrieved from /home/airflow/.local/lib/python3.12/site-packages/airflow/example_dags/example_python_operator.py
[2024-12-02T10:46:47.537+0000] {logging_mixin.py:190} INFO - [2024-12-02T10:46:47.536+0000] {dag.py:3239} INFO - Sync 1 DAGs
[2024-12-02T10:46:47.626+0000] {logging_mixin.py:190} INFO - [2024-12-02T10:46:47.626+0000] {dag.py:4180} INFO - Setting next_dagrun for example_python_operator to None, run_after=None
[2024-12-02T10:46:47.717+0000] {processor.py:208} INFO - Processing /home/airflow/.local/lib/python3.12/site-packages/airflow/example_dags/example_python_operator.py took 0.340 seconds
[2024-12-02T10:49:33.928+0000] {processor.py:186} INFO - Started process (PID=687) to work on /home/airflow/.local/lib/python3.12/site-packages/airflow/example_dags/example_python_operator.py
[2024-12-02T10:49:33.943+0000] {processor.py:914} INFO - Processing file /home/airflow/.local/lib/python3.12/site-packages/airflow/example_dags/example_python_operator.py for tasks to queue
[2024-12-02T10:49:33.945+0000] {logging_mixin.py:190} INFO - [2024-12-02T10:49:33.944+0000] {dagbag.py:588} INFO - Filling up the DagBag from /home/airflow/.local/lib/python3.12/site-packages/airflow/example_dags/example_python_operator.py
[2024-12-02T10:49:33.991+0000] {processor.py:925} INFO - DAG(s) 'example_python_operator' retrieved from /home/airflow/.local/lib/python3.12/site-packages/airflow/example_dags/example_python_operator.py
[2024-12-02T10:49:34.105+0000] {logging_mixin.py:190} INFO - [2024-12-02T10:49:34.104+0000] {dag.py:3239} INFO - Sync 1 DAGs
[2024-12-02T10:49:34.169+0000] {logging_mixin.py:190} INFO - [2024-12-02T10:49:34.169+0000] {dag.py:4180} INFO - Setting next_dagrun for example_python_operator to None, run_after=None
[2024-12-02T10:49:34.250+0000] {processor.py:208} INFO - Processing /home/airflow/.local/lib/python3.12/site-packages/airflow/example_dags/example_python_operator.py took 0.337 seconds
[2024-12-02T10:58:09.545+0000] {processor.py:186} INFO - Started process (PID=76) to work on /home/airflow/.local/lib/python3.12/site-packages/airflow/example_dags/example_python_operator.py
[2024-12-02T10:58:09.559+0000] {processor.py:914} INFO - Processing file /home/airflow/.local/lib/python3.12/site-packages/airflow/example_dags/example_python_operator.py for tasks to queue
[2024-12-02T10:58:09.565+0000] {logging_mixin.py:190} INFO - [2024-12-02T10:58:09.565+0000] {dagbag.py:588} INFO - Filling up the DagBag from /home/airflow/.local/lib/python3.12/site-packages/airflow/example_dags/example_python_operator.py
[2024-12-02T10:58:09.629+0000] {processor.py:925} INFO - DAG(s) 'example_python_operator' retrieved from /home/airflow/.local/lib/python3.12/site-packages/airflow/example_dags/example_python_operator.py
[2024-12-02T10:58:10.290+0000] {logging_mixin.py:190} INFO - [2024-12-02T10:58:10.290+0000] {dag.py:3239} INFO - Sync 1 DAGs
[2024-12-02T10:58:10.336+0000] {logging_mixin.py:190} INFO - [2024-12-02T10:58:10.336+0000] {dag.py:4180} INFO - Setting next_dagrun for example_python_operator to None, run_after=None
[2024-12-02T10:58:10.411+0000] {processor.py:208} INFO - Processing /home/airflow/.local/lib/python3.12/site-packages/airflow/example_dags/example_python_operator.py took 0.873 seconds
[2024-12-02T10:58:40.759+0000] {processor.py:186} INFO - Started process (PID=140) to work on /home/airflow/.local/lib/python3.12/site-packages/airflow/example_dags/example_python_operator.py
[2024-12-02T10:58:40.761+0000] {processor.py:914} INFO - Processing file /home/airflow/.local/lib/python3.12/site-packages/airflow/example_dags/example_python_operator.py for tasks to queue
[2024-12-02T10:58:40.764+0000] {logging_mixin.py:190} INFO - [2024-12-02T10:58:40.764+0000] {dagbag.py:588} INFO - Filling up the DagBag from /home/airflow/.local/lib/python3.12/site-packages/airflow/example_dags/example_python_operator.py
[2024-12-02T10:58:40.776+0000] {processor.py:925} INFO - DAG(s) 'example_python_operator' retrieved from /home/airflow/.local/lib/python3.12/site-packages/airflow/example_dags/example_python_operator.py
[2024-12-02T10:58:40.800+0000] {logging_mixin.py:190} INFO - [2024-12-02T10:58:40.800+0000] {dag.py:3239} INFO - Sync 1 DAGs
[2024-12-02T10:58:40.810+0000] {logging_mixin.py:190} INFO - [2024-12-02T10:58:40.810+0000] {dag.py:4180} INFO - Setting next_dagrun for example_python_operator to None, run_after=None
[2024-12-02T10:58:40.829+0000] {processor.py:208} INFO - Processing /home/airflow/.local/lib/python3.12/site-packages/airflow/example_dags/example_python_operator.py took 0.075 seconds
[2024-12-02T10:59:11.336+0000] {processor.py:186} INFO - Started process (PID=204) to work on /home/airflow/.local/lib/python3.12/site-packages/airflow/example_dags/example_python_operator.py
[2024-12-02T10:59:11.337+0000] {processor.py:914} INFO - Processing file /home/airflow/.local/lib/python3.12/site-packages/airflow/example_dags/example_python_operator.py for tasks to queue
[2024-12-02T10:59:11.339+0000] {logging_mixin.py:190} INFO - [2024-12-02T10:59:11.339+0000] {dagbag.py:588} INFO - Filling up the DagBag from /home/airflow/.local/lib/python3.12/site-packages/airflow/example_dags/example_python_operator.py
[2024-12-02T10:59:11.348+0000] {processor.py:925} INFO - DAG(s) 'example_python_operator' retrieved from /home/airflow/.local/lib/python3.12/site-packages/airflow/example_dags/example_python_operator.py
[2024-12-02T10:59:11.363+0000] {logging_mixin.py:190} INFO - [2024-12-02T10:59:11.363+0000] {dag.py:3239} INFO - Sync 1 DAGs
[2024-12-02T10:59:11.374+0000] {logging_mixin.py:190} INFO - [2024-12-02T10:59:11.374+0000] {dag.py:4180} INFO - Setting next_dagrun for example_python_operator to None, run_after=None
[2024-12-02T10:59:11.391+0000] {processor.py:208} INFO - Processing /home/airflow/.local/lib/python3.12/site-packages/airflow/example_dags/example_python_operator.py took 0.059 seconds
[2024-12-02T10:59:45.882+0000] {processor.py:186} INFO - Started process (PID=268) to work on /home/airflow/.local/lib/python3.12/site-packages/airflow/example_dags/example_python_operator.py
[2024-12-02T10:59:45.889+0000] {processor.py:914} INFO - Processing file /home/airflow/.local/lib/python3.12/site-packages/airflow/example_dags/example_python_operator.py for tasks to queue
[2024-12-02T10:59:45.893+0000] {logging_mixin.py:190} INFO - [2024-12-02T10:59:45.893+0000] {dagbag.py:588} INFO - Filling up the DagBag from /home/airflow/.local/lib/python3.12/site-packages/airflow/example_dags/example_python_operator.py
[2024-12-02T10:59:45.933+0000] {processor.py:925} INFO - DAG(s) 'example_python_operator' retrieved from /home/airflow/.local/lib/python3.12/site-packages/airflow/example_dags/example_python_operator.py
[2024-12-02T10:59:45.980+0000] {logging_mixin.py:190} INFO - [2024-12-02T10:59:45.980+0000] {dag.py:3239} INFO - Sync 1 DAGs
[2024-12-02T10:59:46.025+0000] {logging_mixin.py:190} INFO - [2024-12-02T10:59:46.025+0000] {dag.py:4180} INFO - Setting next_dagrun for example_python_operator to None, run_after=None
[2024-12-02T10:59:46.141+0000] {processor.py:208} INFO - Processing /home/airflow/.local/lib/python3.12/site-packages/airflow/example_dags/example_python_operator.py took 0.276 seconds
[2024-12-02T11:00:16.605+0000] {processor.py:186} INFO - Started process (PID=331) to work on /home/airflow/.local/lib/python3.12/site-packages/airflow/example_dags/example_python_operator.py
[2024-12-02T11:00:16.605+0000] {processor.py:914} INFO - Processing file /home/airflow/.local/lib/python3.12/site-packages/airflow/example_dags/example_python_operator.py for tasks to queue
[2024-12-02T11:00:16.607+0000] {logging_mixin.py:190} INFO - [2024-12-02T11:00:16.607+0000] {dagbag.py:588} INFO - Filling up the DagBag from /home/airflow/.local/lib/python3.12/site-packages/airflow/example_dags/example_python_operator.py
[2024-12-02T11:00:16.617+0000] {processor.py:925} INFO - DAG(s) 'example_python_operator' retrieved from /home/airflow/.local/lib/python3.12/site-packages/airflow/example_dags/example_python_operator.py
[2024-12-02T11:00:16.632+0000] {logging_mixin.py:190} INFO - [2024-12-02T11:00:16.631+0000] {dag.py:3239} INFO - Sync 1 DAGs
[2024-12-02T11:00:16.642+0000] {logging_mixin.py:190} INFO - [2024-12-02T11:00:16.642+0000] {dag.py:4180} INFO - Setting next_dagrun for example_python_operator to None, run_after=None
[2024-12-02T11:00:16.655+0000] {processor.py:208} INFO - Processing /home/airflow/.local/lib/python3.12/site-packages/airflow/example_dags/example_python_operator.py took 0.055 seconds
[2024-12-02T11:00:46.936+0000] {processor.py:186} INFO - Started process (PID=394) to work on /home/airflow/.local/lib/python3.12/site-packages/airflow/example_dags/example_python_operator.py
[2024-12-02T11:00:46.951+0000] {processor.py:914} INFO - Processing file /home/airflow/.local/lib/python3.12/site-packages/airflow/example_dags/example_python_operator.py for tasks to queue
[2024-12-02T11:00:46.953+0000] {logging_mixin.py:190} INFO - [2024-12-02T11:00:46.953+0000] {dagbag.py:588} INFO - Filling up the DagBag from /home/airflow/.local/lib/python3.12/site-packages/airflow/example_dags/example_python_operator.py
[2024-12-02T11:00:47.007+0000] {processor.py:925} INFO - DAG(s) 'example_python_operator' retrieved from /home/airflow/.local/lib/python3.12/site-packages/airflow/example_dags/example_python_operator.py
[2024-12-02T11:00:47.122+0000] {logging_mixin.py:190} INFO - [2024-12-02T11:00:47.122+0000] {dag.py:3239} INFO - Sync 1 DAGs
[2024-12-02T11:00:47.164+0000] {logging_mixin.py:190} INFO - [2024-12-02T11:00:47.158+0000] {dag.py:4180} INFO - Setting next_dagrun for example_python_operator to None, run_after=None
[2024-12-02T11:00:47.241+0000] {processor.py:208} INFO - Processing /home/airflow/.local/lib/python3.12/site-packages/airflow/example_dags/example_python_operator.py took 0.310 seconds
[2024-12-02T11:01:17.320+0000] {processor.py:186} INFO - Started process (PID=457) to work on /home/airflow/.local/lib/python3.12/site-packages/airflow/example_dags/example_python_operator.py
[2024-12-02T11:01:17.321+0000] {processor.py:914} INFO - Processing file /home/airflow/.local/lib/python3.12/site-packages/airflow/example_dags/example_python_operator.py for tasks to queue
[2024-12-02T11:01:17.322+0000] {logging_mixin.py:190} INFO - [2024-12-02T11:01:17.322+0000] {dagbag.py:588} INFO - Filling up the DagBag from /home/airflow/.local/lib/python3.12/site-packages/airflow/example_dags/example_python_operator.py
[2024-12-02T11:01:17.331+0000] {processor.py:925} INFO - DAG(s) 'example_python_operator' retrieved from /home/airflow/.local/lib/python3.12/site-packages/airflow/example_dags/example_python_operator.py
[2024-12-02T11:01:17.347+0000] {logging_mixin.py:190} INFO - [2024-12-02T11:01:17.347+0000] {dag.py:3239} INFO - Sync 1 DAGs
[2024-12-02T11:01:17.359+0000] {logging_mixin.py:190} INFO - [2024-12-02T11:01:17.359+0000] {dag.py:4180} INFO - Setting next_dagrun for example_python_operator to None, run_after=None
[2024-12-02T11:01:17.376+0000] {processor.py:208} INFO - Processing /home/airflow/.local/lib/python3.12/site-packages/airflow/example_dags/example_python_operator.py took 0.060 seconds
[2024-12-02T11:01:47.557+0000] {processor.py:186} INFO - Started process (PID=521) to work on /home/airflow/.local/lib/python3.12/site-packages/airflow/example_dags/example_python_operator.py
[2024-12-02T11:01:47.558+0000] {processor.py:914} INFO - Processing file /home/airflow/.local/lib/python3.12/site-packages/airflow/example_dags/example_python_operator.py for tasks to queue
[2024-12-02T11:01:47.559+0000] {logging_mixin.py:190} INFO - [2024-12-02T11:01:47.559+0000] {dagbag.py:588} INFO - Filling up the DagBag from /home/airflow/.local/lib/python3.12/site-packages/airflow/example_dags/example_python_operator.py
[2024-12-02T11:01:47.567+0000] {processor.py:925} INFO - DAG(s) 'example_python_operator' retrieved from /home/airflow/.local/lib/python3.12/site-packages/airflow/example_dags/example_python_operator.py
[2024-12-02T11:01:47.584+0000] {logging_mixin.py:190} INFO - [2024-12-02T11:01:47.584+0000] {dag.py:3239} INFO - Sync 1 DAGs
[2024-12-02T11:01:47.596+0000] {logging_mixin.py:190} INFO - [2024-12-02T11:01:47.596+0000] {dag.py:4180} INFO - Setting next_dagrun for example_python_operator to None, run_after=None
[2024-12-02T11:01:47.612+0000] {processor.py:208} INFO - Processing /home/airflow/.local/lib/python3.12/site-packages/airflow/example_dags/example_python_operator.py took 0.059 seconds
[2024-12-02T11:02:17.965+0000] {processor.py:186} INFO - Started process (PID=584) to work on /home/airflow/.local/lib/python3.12/site-packages/airflow/example_dags/example_python_operator.py
[2024-12-02T11:02:17.966+0000] {processor.py:914} INFO - Processing file /home/airflow/.local/lib/python3.12/site-packages/airflow/example_dags/example_python_operator.py for tasks to queue
[2024-12-02T11:02:17.967+0000] {logging_mixin.py:190} INFO - [2024-12-02T11:02:17.967+0000] {dagbag.py:588} INFO - Filling up the DagBag from /home/airflow/.local/lib/python3.12/site-packages/airflow/example_dags/example_python_operator.py
[2024-12-02T11:02:17.975+0000] {processor.py:925} INFO - DAG(s) 'example_python_operator' retrieved from /home/airflow/.local/lib/python3.12/site-packages/airflow/example_dags/example_python_operator.py
[2024-12-02T11:02:17.989+0000] {logging_mixin.py:190} INFO - [2024-12-02T11:02:17.989+0000] {dag.py:3239} INFO - Sync 1 DAGs
[2024-12-02T11:02:17.999+0000] {logging_mixin.py:190} INFO - [2024-12-02T11:02:17.999+0000] {dag.py:4180} INFO - Setting next_dagrun for example_python_operator to None, run_after=None
[2024-12-02T11:02:18.011+0000] {processor.py:208} INFO - Processing /home/airflow/.local/lib/python3.12/site-packages/airflow/example_dags/example_python_operator.py took 0.050 seconds
[2024-12-02T11:02:49.295+0000] {processor.py:186} INFO - Started process (PID=642) to work on /home/airflow/.local/lib/python3.12/site-packages/airflow/example_dags/example_python_operator.py
[2024-12-02T11:02:49.331+0000] {processor.py:914} INFO - Processing file /home/airflow/.local/lib/python3.12/site-packages/airflow/example_dags/example_python_operator.py for tasks to queue
[2024-12-02T11:02:49.333+0000] {logging_mixin.py:190} INFO - [2024-12-02T11:02:49.333+0000] {dagbag.py:588} INFO - Filling up the DagBag from /home/airflow/.local/lib/python3.12/site-packages/airflow/example_dags/example_python_operator.py
[2024-12-02T11:02:49.382+0000] {processor.py:925} INFO - DAG(s) 'example_python_operator' retrieved from /home/airflow/.local/lib/python3.12/site-packages/airflow/example_dags/example_python_operator.py
[2024-12-02T11:02:49.406+0000] {logging_mixin.py:190} INFO - [2024-12-02T11:02:49.406+0000] {dag.py:3239} INFO - Sync 1 DAGs
[2024-12-02T11:02:49.429+0000] {logging_mixin.py:190} INFO - [2024-12-02T11:02:49.429+0000] {dag.py:4180} INFO - Setting next_dagrun for example_python_operator to None, run_after=None
[2024-12-02T11:02:49.510+0000] {processor.py:208} INFO - Processing /home/airflow/.local/lib/python3.12/site-packages/airflow/example_dags/example_python_operator.py took 0.233 seconds
[2024-12-02T11:03:20.707+0000] {processor.py:186} INFO - Started process (PID=695) to work on /home/airflow/.local/lib/python3.12/site-packages/airflow/example_dags/example_python_operator.py
[2024-12-02T11:03:20.711+0000] {processor.py:914} INFO - Processing file /home/airflow/.local/lib/python3.12/site-packages/airflow/example_dags/example_python_operator.py for tasks to queue
[2024-12-02T11:03:20.718+0000] {logging_mixin.py:190} INFO - [2024-12-02T11:03:20.718+0000] {dagbag.py:588} INFO - Filling up the DagBag from /home/airflow/.local/lib/python3.12/site-packages/airflow/example_dags/example_python_operator.py
[2024-12-02T11:03:20.739+0000] {processor.py:925} INFO - DAG(s) 'example_python_operator' retrieved from /home/airflow/.local/lib/python3.12/site-packages/airflow/example_dags/example_python_operator.py
[2024-12-02T11:03:20.776+0000] {logging_mixin.py:190} INFO - [2024-12-02T11:03:20.775+0000] {dag.py:3239} INFO - Sync 1 DAGs
[2024-12-02T11:03:20.787+0000] {logging_mixin.py:190} INFO - [2024-12-02T11:03:20.787+0000] {dag.py:4180} INFO - Setting next_dagrun for example_python_operator to None, run_after=None
[2024-12-02T11:03:20.812+0000] {processor.py:208} INFO - Processing /home/airflow/.local/lib/python3.12/site-packages/airflow/example_dags/example_python_operator.py took 0.111 seconds
[2024-12-02T11:03:51.655+0000] {processor.py:186} INFO - Started process (PID=747) to work on /home/airflow/.local/lib/python3.12/site-packages/airflow/example_dags/example_python_operator.py
[2024-12-02T11:03:51.659+0000] {processor.py:914} INFO - Processing file /home/airflow/.local/lib/python3.12/site-packages/airflow/example_dags/example_python_operator.py for tasks to queue
[2024-12-02T11:03:51.661+0000] {logging_mixin.py:190} INFO - [2024-12-02T11:03:51.661+0000] {dagbag.py:588} INFO - Filling up the DagBag from /home/airflow/.local/lib/python3.12/site-packages/airflow/example_dags/example_python_operator.py
[2024-12-02T11:03:51.684+0000] {processor.py:925} INFO - DAG(s) 'example_python_operator' retrieved from /home/airflow/.local/lib/python3.12/site-packages/airflow/example_dags/example_python_operator.py
[2024-12-02T11:03:51.705+0000] {logging_mixin.py:190} INFO - [2024-12-02T11:03:51.705+0000] {dag.py:3239} INFO - Sync 1 DAGs
[2024-12-02T11:03:51.717+0000] {logging_mixin.py:190} INFO - [2024-12-02T11:03:51.717+0000] {dag.py:4180} INFO - Setting next_dagrun for example_python_operator to None, run_after=None
[2024-12-02T11:03:51.775+0000] {processor.py:208} INFO - Processing /home/airflow/.local/lib/python3.12/site-packages/airflow/example_dags/example_python_operator.py took 0.126 seconds
[2024-12-02T11:04:21.931+0000] {processor.py:186} INFO - Started process (PID=812) to work on /home/airflow/.local/lib/python3.12/site-packages/airflow/example_dags/example_python_operator.py
[2024-12-02T11:04:21.931+0000] {processor.py:914} INFO - Processing file /home/airflow/.local/lib/python3.12/site-packages/airflow/example_dags/example_python_operator.py for tasks to queue
[2024-12-02T11:04:21.932+0000] {logging_mixin.py:190} INFO - [2024-12-02T11:04:21.932+0000] {dagbag.py:588} INFO - Filling up the DagBag from /home/airflow/.local/lib/python3.12/site-packages/airflow/example_dags/example_python_operator.py
[2024-12-02T11:04:21.952+0000] {processor.py:925} INFO - DAG(s) 'example_python_operator' retrieved from /home/airflow/.local/lib/python3.12/site-packages/airflow/example_dags/example_python_operator.py
[2024-12-02T11:04:22.000+0000] {logging_mixin.py:190} INFO - [2024-12-02T11:04:22.000+0000] {dag.py:3239} INFO - Sync 1 DAGs
[2024-12-02T11:04:22.017+0000] {logging_mixin.py:190} INFO - [2024-12-02T11:04:22.017+0000] {dag.py:4180} INFO - Setting next_dagrun for example_python_operator to None, run_after=None
[2024-12-02T11:04:22.050+0000] {processor.py:208} INFO - Processing /home/airflow/.local/lib/python3.12/site-packages/airflow/example_dags/example_python_operator.py took 0.126 seconds
[2024-12-02T11:04:52.239+0000] {processor.py:186} INFO - Started process (PID=876) to work on /home/airflow/.local/lib/python3.12/site-packages/airflow/example_dags/example_python_operator.py
[2024-12-02T11:04:52.242+0000] {processor.py:914} INFO - Processing file /home/airflow/.local/lib/python3.12/site-packages/airflow/example_dags/example_python_operator.py for tasks to queue
[2024-12-02T11:04:52.244+0000] {logging_mixin.py:190} INFO - [2024-12-02T11:04:52.244+0000] {dagbag.py:588} INFO - Filling up the DagBag from /home/airflow/.local/lib/python3.12/site-packages/airflow/example_dags/example_python_operator.py
[2024-12-02T11:04:52.252+0000] {processor.py:925} INFO - DAG(s) 'example_python_operator' retrieved from /home/airflow/.local/lib/python3.12/site-packages/airflow/example_dags/example_python_operator.py
[2024-12-02T11:04:52.269+0000] {logging_mixin.py:190} INFO - [2024-12-02T11:04:52.269+0000] {dag.py:3239} INFO - Sync 1 DAGs
[2024-12-02T11:04:52.281+0000] {logging_mixin.py:190} INFO - [2024-12-02T11:04:52.280+0000] {dag.py:4180} INFO - Setting next_dagrun for example_python_operator to None, run_after=None
[2024-12-02T11:04:52.299+0000] {processor.py:208} INFO - Processing /home/airflow/.local/lib/python3.12/site-packages/airflow/example_dags/example_python_operator.py took 0.064 seconds
[2024-12-02T11:05:23.027+0000] {processor.py:186} INFO - Started process (PID=940) to work on /home/airflow/.local/lib/python3.12/site-packages/airflow/example_dags/example_python_operator.py
[2024-12-02T11:05:23.028+0000] {processor.py:914} INFO - Processing file /home/airflow/.local/lib/python3.12/site-packages/airflow/example_dags/example_python_operator.py for tasks to queue
[2024-12-02T11:05:23.031+0000] {logging_mixin.py:190} INFO - [2024-12-02T11:05:23.031+0000] {dagbag.py:588} INFO - Filling up the DagBag from /home/airflow/.local/lib/python3.12/site-packages/airflow/example_dags/example_python_operator.py
[2024-12-02T11:05:23.061+0000] {processor.py:925} INFO - DAG(s) 'example_python_operator' retrieved from /home/airflow/.local/lib/python3.12/site-packages/airflow/example_dags/example_python_operator.py
[2024-12-02T11:05:23.105+0000] {logging_mixin.py:190} INFO - [2024-12-02T11:05:23.099+0000] {dag.py:3239} INFO - Sync 1 DAGs
[2024-12-02T11:05:23.132+0000] {logging_mixin.py:190} INFO - [2024-12-02T11:05:23.132+0000] {dag.py:4180} INFO - Setting next_dagrun for example_python_operator to None, run_after=None
[2024-12-02T11:05:23.161+0000] {processor.py:208} INFO - Processing /home/airflow/.local/lib/python3.12/site-packages/airflow/example_dags/example_python_operator.py took 0.143 seconds
[2024-12-02T11:05:54.272+0000] {processor.py:186} INFO - Started process (PID=1004) to work on /home/airflow/.local/lib/python3.12/site-packages/airflow/example_dags/example_python_operator.py
[2024-12-02T11:05:54.274+0000] {processor.py:914} INFO - Processing file /home/airflow/.local/lib/python3.12/site-packages/airflow/example_dags/example_python_operator.py for tasks to queue
[2024-12-02T11:05:54.276+0000] {logging_mixin.py:190} INFO - [2024-12-02T11:05:54.276+0000] {dagbag.py:588} INFO - Filling up the DagBag from /home/airflow/.local/lib/python3.12/site-packages/airflow/example_dags/example_python_operator.py
[2024-12-02T11:05:54.311+0000] {processor.py:925} INFO - DAG(s) 'example_python_operator' retrieved from /home/airflow/.local/lib/python3.12/site-packages/airflow/example_dags/example_python_operator.py
[2024-12-02T11:05:54.350+0000] {logging_mixin.py:190} INFO - [2024-12-02T11:05:54.350+0000] {dag.py:3239} INFO - Sync 1 DAGs
[2024-12-02T11:05:54.380+0000] {logging_mixin.py:190} INFO - [2024-12-02T11:05:54.380+0000] {dag.py:4180} INFO - Setting next_dagrun for example_python_operator to None, run_after=None
[2024-12-02T11:05:54.439+0000] {processor.py:208} INFO - Processing /home/airflow/.local/lib/python3.12/site-packages/airflow/example_dags/example_python_operator.py took 0.181 seconds
[2024-12-02T11:06:25.277+0000] {processor.py:186} INFO - Started process (PID=1069) to work on /home/airflow/.local/lib/python3.12/site-packages/airflow/example_dags/example_python_operator.py
[2024-12-02T11:06:25.278+0000] {processor.py:914} INFO - Processing file /home/airflow/.local/lib/python3.12/site-packages/airflow/example_dags/example_python_operator.py for tasks to queue
[2024-12-02T11:06:25.279+0000] {logging_mixin.py:190} INFO - [2024-12-02T11:06:25.279+0000] {dagbag.py:588} INFO - Filling up the DagBag from /home/airflow/.local/lib/python3.12/site-packages/airflow/example_dags/example_python_operator.py
[2024-12-02T11:06:25.288+0000] {processor.py:925} INFO - DAG(s) 'example_python_operator' retrieved from /home/airflow/.local/lib/python3.12/site-packages/airflow/example_dags/example_python_operator.py
[2024-12-02T11:06:25.304+0000] {logging_mixin.py:190} INFO - [2024-12-02T11:06:25.303+0000] {dag.py:3239} INFO - Sync 1 DAGs
[2024-12-02T11:06:25.314+0000] {logging_mixin.py:190} INFO - [2024-12-02T11:06:25.314+0000] {dag.py:4180} INFO - Setting next_dagrun for example_python_operator to None, run_after=None
[2024-12-02T11:06:25.327+0000] {processor.py:208} INFO - Processing /home/airflow/.local/lib/python3.12/site-packages/airflow/example_dags/example_python_operator.py took 0.054 seconds
[2024-12-02T11:06:55.579+0000] {processor.py:186} INFO - Started process (PID=1132) to work on /home/airflow/.local/lib/python3.12/site-packages/airflow/example_dags/example_python_operator.py
[2024-12-02T11:06:55.581+0000] {processor.py:914} INFO - Processing file /home/airflow/.local/lib/python3.12/site-packages/airflow/example_dags/example_python_operator.py for tasks to queue
[2024-12-02T11:06:55.583+0000] {logging_mixin.py:190} INFO - [2024-12-02T11:06:55.582+0000] {dagbag.py:588} INFO - Filling up the DagBag from /home/airflow/.local/lib/python3.12/site-packages/airflow/example_dags/example_python_operator.py
[2024-12-02T11:06:55.591+0000] {processor.py:925} INFO - DAG(s) 'example_python_operator' retrieved from /home/airflow/.local/lib/python3.12/site-packages/airflow/example_dags/example_python_operator.py
[2024-12-02T11:06:55.606+0000] {logging_mixin.py:190} INFO - [2024-12-02T11:06:55.606+0000] {dag.py:3239} INFO - Sync 1 DAGs
[2024-12-02T11:06:55.616+0000] {logging_mixin.py:190} INFO - [2024-12-02T11:06:55.616+0000] {dag.py:4180} INFO - Setting next_dagrun for example_python_operator to None, run_after=None
[2024-12-02T11:06:55.639+0000] {processor.py:208} INFO - Processing /home/airflow/.local/lib/python3.12/site-packages/airflow/example_dags/example_python_operator.py took 0.065 seconds
[2024-12-02T11:07:26.429+0000] {processor.py:186} INFO - Started process (PID=1196) to work on /home/airflow/.local/lib/python3.12/site-packages/airflow/example_dags/example_python_operator.py
[2024-12-02T11:07:26.430+0000] {processor.py:914} INFO - Processing file /home/airflow/.local/lib/python3.12/site-packages/airflow/example_dags/example_python_operator.py for tasks to queue
[2024-12-02T11:07:26.432+0000] {logging_mixin.py:190} INFO - [2024-12-02T11:07:26.431+0000] {dagbag.py:588} INFO - Filling up the DagBag from /home/airflow/.local/lib/python3.12/site-packages/airflow/example_dags/example_python_operator.py
[2024-12-02T11:07:26.441+0000] {processor.py:925} INFO - DAG(s) 'example_python_operator' retrieved from /home/airflow/.local/lib/python3.12/site-packages/airflow/example_dags/example_python_operator.py
[2024-12-02T11:07:26.457+0000] {logging_mixin.py:190} INFO - [2024-12-02T11:07:26.457+0000] {dag.py:3239} INFO - Sync 1 DAGs
[2024-12-02T11:07:26.467+0000] {logging_mixin.py:190} INFO - [2024-12-02T11:07:26.467+0000] {dag.py:4180} INFO - Setting next_dagrun for example_python_operator to None, run_after=None
[2024-12-02T11:07:26.483+0000] {processor.py:208} INFO - Processing /home/airflow/.local/lib/python3.12/site-packages/airflow/example_dags/example_python_operator.py took 0.058 seconds
[2024-12-02T11:07:56.733+0000] {processor.py:186} INFO - Started process (PID=1259) to work on /home/airflow/.local/lib/python3.12/site-packages/airflow/example_dags/example_python_operator.py
[2024-12-02T11:07:56.733+0000] {processor.py:914} INFO - Processing file /home/airflow/.local/lib/python3.12/site-packages/airflow/example_dags/example_python_operator.py for tasks to queue
[2024-12-02T11:07:56.737+0000] {logging_mixin.py:190} INFO - [2024-12-02T11:07:56.737+0000] {dagbag.py:588} INFO - Filling up the DagBag from /home/airflow/.local/lib/python3.12/site-packages/airflow/example_dags/example_python_operator.py
[2024-12-02T11:07:56.747+0000] {processor.py:925} INFO - DAG(s) 'example_python_operator' retrieved from /home/airflow/.local/lib/python3.12/site-packages/airflow/example_dags/example_python_operator.py
[2024-12-02T11:07:56.785+0000] {logging_mixin.py:190} INFO - [2024-12-02T11:07:56.785+0000] {dag.py:3239} INFO - Sync 1 DAGs
[2024-12-02T11:07:56.806+0000] {logging_mixin.py:190} INFO - [2024-12-02T11:07:56.806+0000] {dag.py:4180} INFO - Setting next_dagrun for example_python_operator to None, run_after=None
[2024-12-02T11:07:56.829+0000] {processor.py:208} INFO - Processing /home/airflow/.local/lib/python3.12/site-packages/airflow/example_dags/example_python_operator.py took 0.109 seconds
[2024-12-02T11:08:27.063+0000] {processor.py:186} INFO - Started process (PID=1323) to work on /home/airflow/.local/lib/python3.12/site-packages/airflow/example_dags/example_python_operator.py
[2024-12-02T11:08:27.064+0000] {processor.py:914} INFO - Processing file /home/airflow/.local/lib/python3.12/site-packages/airflow/example_dags/example_python_operator.py for tasks to queue
[2024-12-02T11:08:27.066+0000] {logging_mixin.py:190} INFO - [2024-12-02T11:08:27.065+0000] {dagbag.py:588} INFO - Filling up the DagBag from /home/airflow/.local/lib/python3.12/site-packages/airflow/example_dags/example_python_operator.py
[2024-12-02T11:08:27.076+0000] {processor.py:925} INFO - DAG(s) 'example_python_operator' retrieved from /home/airflow/.local/lib/python3.12/site-packages/airflow/example_dags/example_python_operator.py
[2024-12-02T11:08:27.096+0000] {logging_mixin.py:190} INFO - [2024-12-02T11:08:27.095+0000] {dag.py:3239} INFO - Sync 1 DAGs
[2024-12-02T11:08:27.106+0000] {logging_mixin.py:190} INFO - [2024-12-02T11:08:27.106+0000] {dag.py:4180} INFO - Setting next_dagrun for example_python_operator to None, run_after=None
[2024-12-02T11:08:27.120+0000] {processor.py:208} INFO - Processing /home/airflow/.local/lib/python3.12/site-packages/airflow/example_dags/example_python_operator.py took 0.062 seconds
[2024-12-02T11:08:57.702+0000] {processor.py:186} INFO - Started process (PID=1387) to work on /home/airflow/.local/lib/python3.12/site-packages/airflow/example_dags/example_python_operator.py
[2024-12-02T11:08:57.703+0000] {processor.py:914} INFO - Processing file /home/airflow/.local/lib/python3.12/site-packages/airflow/example_dags/example_python_operator.py for tasks to queue
[2024-12-02T11:08:57.704+0000] {logging_mixin.py:190} INFO - [2024-12-02T11:08:57.704+0000] {dagbag.py:588} INFO - Filling up the DagBag from /home/airflow/.local/lib/python3.12/site-packages/airflow/example_dags/example_python_operator.py
[2024-12-02T11:08:57.754+0000] {processor.py:925} INFO - DAG(s) 'example_python_operator' retrieved from /home/airflow/.local/lib/python3.12/site-packages/airflow/example_dags/example_python_operator.py
[2024-12-02T11:08:57.800+0000] {logging_mixin.py:190} INFO - [2024-12-02T11:08:57.790+0000] {dag.py:3239} INFO - Sync 1 DAGs
[2024-12-02T11:08:57.833+0000] {logging_mixin.py:190} INFO - [2024-12-02T11:08:57.833+0000] {dag.py:4180} INFO - Setting next_dagrun for example_python_operator to None, run_after=None
[2024-12-02T11:08:57.909+0000] {processor.py:208} INFO - Processing /home/airflow/.local/lib/python3.12/site-packages/airflow/example_dags/example_python_operator.py took 0.213 seconds
[2024-12-02T11:09:28.834+0000] {processor.py:186} INFO - Started process (PID=1451) to work on /home/airflow/.local/lib/python3.12/site-packages/airflow/example_dags/example_python_operator.py
[2024-12-02T11:09:28.837+0000] {processor.py:914} INFO - Processing file /home/airflow/.local/lib/python3.12/site-packages/airflow/example_dags/example_python_operator.py for tasks to queue
[2024-12-02T11:09:28.838+0000] {logging_mixin.py:190} INFO - [2024-12-02T11:09:28.838+0000] {dagbag.py:588} INFO - Filling up the DagBag from /home/airflow/.local/lib/python3.12/site-packages/airflow/example_dags/example_python_operator.py
[2024-12-02T11:09:28.847+0000] {processor.py:925} INFO - DAG(s) 'example_python_operator' retrieved from /home/airflow/.local/lib/python3.12/site-packages/airflow/example_dags/example_python_operator.py
[2024-12-02T11:09:28.866+0000] {logging_mixin.py:190} INFO - [2024-12-02T11:09:28.866+0000] {dag.py:3239} INFO - Sync 1 DAGs
[2024-12-02T11:09:28.876+0000] {logging_mixin.py:190} INFO - [2024-12-02T11:09:28.876+0000] {dag.py:4180} INFO - Setting next_dagrun for example_python_operator to None, run_after=None
[2024-12-02T11:09:28.891+0000] {processor.py:208} INFO - Processing /home/airflow/.local/lib/python3.12/site-packages/airflow/example_dags/example_python_operator.py took 0.061 seconds
[2024-12-02T11:09:59.346+0000] {processor.py:186} INFO - Started process (PID=1514) to work on /home/airflow/.local/lib/python3.12/site-packages/airflow/example_dags/example_python_operator.py
[2024-12-02T11:09:59.355+0000] {processor.py:914} INFO - Processing file /home/airflow/.local/lib/python3.12/site-packages/airflow/example_dags/example_python_operator.py for tasks to queue
[2024-12-02T11:09:59.359+0000] {logging_mixin.py:190} INFO - [2024-12-02T11:09:59.358+0000] {dagbag.py:588} INFO - Filling up the DagBag from /home/airflow/.local/lib/python3.12/site-packages/airflow/example_dags/example_python_operator.py
[2024-12-02T11:09:59.378+0000] {processor.py:925} INFO - DAG(s) 'example_python_operator' retrieved from /home/airflow/.local/lib/python3.12/site-packages/airflow/example_dags/example_python_operator.py
[2024-12-02T11:09:59.411+0000] {logging_mixin.py:190} INFO - [2024-12-02T11:09:59.411+0000] {dag.py:3239} INFO - Sync 1 DAGs
[2024-12-02T11:09:59.432+0000] {logging_mixin.py:190} INFO - [2024-12-02T11:09:59.432+0000] {dag.py:4180} INFO - Setting next_dagrun for example_python_operator to None, run_after=None
[2024-12-02T11:09:59.454+0000] {processor.py:208} INFO - Processing /home/airflow/.local/lib/python3.12/site-packages/airflow/example_dags/example_python_operator.py took 0.112 seconds
[2024-12-02T11:10:30.047+0000] {processor.py:186} INFO - Started process (PID=1578) to work on /home/airflow/.local/lib/python3.12/site-packages/airflow/example_dags/example_python_operator.py
[2024-12-02T11:10:30.048+0000] {processor.py:914} INFO - Processing file /home/airflow/.local/lib/python3.12/site-packages/airflow/example_dags/example_python_operator.py for tasks to queue
[2024-12-02T11:10:30.050+0000] {logging_mixin.py:190} INFO - [2024-12-02T11:10:30.050+0000] {dagbag.py:588} INFO - Filling up the DagBag from /home/airflow/.local/lib/python3.12/site-packages/airflow/example_dags/example_python_operator.py
[2024-12-02T11:10:30.077+0000] {processor.py:925} INFO - DAG(s) 'example_python_operator' retrieved from /home/airflow/.local/lib/python3.12/site-packages/airflow/example_dags/example_python_operator.py
[2024-12-02T11:10:30.127+0000] {logging_mixin.py:190} INFO - [2024-12-02T11:10:30.127+0000] {dag.py:3239} INFO - Sync 1 DAGs
[2024-12-02T11:10:30.139+0000] {logging_mixin.py:190} INFO - [2024-12-02T11:10:30.139+0000] {dag.py:4180} INFO - Setting next_dagrun for example_python_operator to None, run_after=None
[2024-12-02T11:10:30.155+0000] {processor.py:208} INFO - Processing /home/airflow/.local/lib/python3.12/site-packages/airflow/example_dags/example_python_operator.py took 0.118 seconds
[2024-12-02T11:11:00.560+0000] {processor.py:186} INFO - Started process (PID=1641) to work on /home/airflow/.local/lib/python3.12/site-packages/airflow/example_dags/example_python_operator.py
[2024-12-02T11:11:00.561+0000] {processor.py:914} INFO - Processing file /home/airflow/.local/lib/python3.12/site-packages/airflow/example_dags/example_python_operator.py for tasks to queue
[2024-12-02T11:11:00.563+0000] {logging_mixin.py:190} INFO - [2024-12-02T11:11:00.563+0000] {dagbag.py:588} INFO - Filling up the DagBag from /home/airflow/.local/lib/python3.12/site-packages/airflow/example_dags/example_python_operator.py
[2024-12-02T11:11:00.572+0000] {processor.py:925} INFO - DAG(s) 'example_python_operator' retrieved from /home/airflow/.local/lib/python3.12/site-packages/airflow/example_dags/example_python_operator.py
[2024-12-02T11:11:00.586+0000] {logging_mixin.py:190} INFO - [2024-12-02T11:11:00.586+0000] {dag.py:3239} INFO - Sync 1 DAGs
[2024-12-02T11:11:00.595+0000] {logging_mixin.py:190} INFO - [2024-12-02T11:11:00.595+0000] {dag.py:4180} INFO - Setting next_dagrun for example_python_operator to None, run_after=None
[2024-12-02T11:11:00.614+0000] {processor.py:208} INFO - Processing /home/airflow/.local/lib/python3.12/site-packages/airflow/example_dags/example_python_operator.py took 0.061 seconds
[2024-12-02T11:11:31.137+0000] {processor.py:186} INFO - Started process (PID=1699) to work on /home/airflow/.local/lib/python3.12/site-packages/airflow/example_dags/example_python_operator.py
[2024-12-02T11:11:31.140+0000] {processor.py:914} INFO - Processing file /home/airflow/.local/lib/python3.12/site-packages/airflow/example_dags/example_python_operator.py for tasks to queue
[2024-12-02T11:11:31.141+0000] {logging_mixin.py:190} INFO - [2024-12-02T11:11:31.141+0000] {dagbag.py:588} INFO - Filling up the DagBag from /home/airflow/.local/lib/python3.12/site-packages/airflow/example_dags/example_python_operator.py
[2024-12-02T11:11:31.150+0000] {processor.py:925} INFO - DAG(s) 'example_python_operator' retrieved from /home/airflow/.local/lib/python3.12/site-packages/airflow/example_dags/example_python_operator.py
[2024-12-02T11:11:31.164+0000] {logging_mixin.py:190} INFO - [2024-12-02T11:11:31.164+0000] {dag.py:3239} INFO - Sync 1 DAGs
[2024-12-02T11:11:31.175+0000] {logging_mixin.py:190} INFO - [2024-12-02T11:11:31.175+0000] {dag.py:4180} INFO - Setting next_dagrun for example_python_operator to None, run_after=None
[2024-12-02T11:11:31.189+0000] {processor.py:208} INFO - Processing /home/airflow/.local/lib/python3.12/site-packages/airflow/example_dags/example_python_operator.py took 0.056 seconds
[2024-12-02T11:12:01.301+0000] {processor.py:186} INFO - Started process (PID=1764) to work on /home/airflow/.local/lib/python3.12/site-packages/airflow/example_dags/example_python_operator.py
[2024-12-02T11:12:01.302+0000] {processor.py:914} INFO - Processing file /home/airflow/.local/lib/python3.12/site-packages/airflow/example_dags/example_python_operator.py for tasks to queue
[2024-12-02T11:12:01.304+0000] {logging_mixin.py:190} INFO - [2024-12-02T11:12:01.304+0000] {dagbag.py:588} INFO - Filling up the DagBag from /home/airflow/.local/lib/python3.12/site-packages/airflow/example_dags/example_python_operator.py
[2024-12-02T11:12:01.323+0000] {processor.py:925} INFO - DAG(s) 'example_python_operator' retrieved from /home/airflow/.local/lib/python3.12/site-packages/airflow/example_dags/example_python_operator.py
[2024-12-02T11:12:01.351+0000] {logging_mixin.py:190} INFO - [2024-12-02T11:12:01.351+0000] {dag.py:3239} INFO - Sync 1 DAGs
[2024-12-02T11:12:01.365+0000] {logging_mixin.py:190} INFO - [2024-12-02T11:12:01.364+0000] {dag.py:4180} INFO - Setting next_dagrun for example_python_operator to None, run_after=None
[2024-12-02T11:12:01.382+0000] {processor.py:208} INFO - Processing /home/airflow/.local/lib/python3.12/site-packages/airflow/example_dags/example_python_operator.py took 0.086 seconds
[2024-12-02T11:12:32.222+0000] {processor.py:186} INFO - Started process (PID=1828) to work on /home/airflow/.local/lib/python3.12/site-packages/airflow/example_dags/example_python_operator.py
[2024-12-02T11:12:32.224+0000] {processor.py:914} INFO - Processing file /home/airflow/.local/lib/python3.12/site-packages/airflow/example_dags/example_python_operator.py for tasks to queue
[2024-12-02T11:12:32.226+0000] {logging_mixin.py:190} INFO - [2024-12-02T11:12:32.226+0000] {dagbag.py:588} INFO - Filling up the DagBag from /home/airflow/.local/lib/python3.12/site-packages/airflow/example_dags/example_python_operator.py
[2024-12-02T11:12:32.249+0000] {processor.py:925} INFO - DAG(s) 'example_python_operator' retrieved from /home/airflow/.local/lib/python3.12/site-packages/airflow/example_dags/example_python_operator.py
[2024-12-02T11:12:32.342+0000] {logging_mixin.py:190} INFO - [2024-12-02T11:12:32.341+0000] {dag.py:3239} INFO - Sync 1 DAGs
[2024-12-02T11:12:32.380+0000] {logging_mixin.py:190} INFO - [2024-12-02T11:12:32.380+0000] {dag.py:4180} INFO - Setting next_dagrun for example_python_operator to None, run_after=None
[2024-12-02T11:12:32.431+0000] {processor.py:208} INFO - Processing /home/airflow/.local/lib/python3.12/site-packages/airflow/example_dags/example_python_operator.py took 0.222 seconds
[2024-12-02T11:13:02.521+0000] {processor.py:186} INFO - Started process (PID=1892) to work on /home/airflow/.local/lib/python3.12/site-packages/airflow/example_dags/example_python_operator.py
[2024-12-02T11:13:02.521+0000] {processor.py:914} INFO - Processing file /home/airflow/.local/lib/python3.12/site-packages/airflow/example_dags/example_python_operator.py for tasks to queue
[2024-12-02T11:13:02.523+0000] {logging_mixin.py:190} INFO - [2024-12-02T11:13:02.523+0000] {dagbag.py:588} INFO - Filling up the DagBag from /home/airflow/.local/lib/python3.12/site-packages/airflow/example_dags/example_python_operator.py
[2024-12-02T11:13:02.533+0000] {processor.py:925} INFO - DAG(s) 'example_python_operator' retrieved from /home/airflow/.local/lib/python3.12/site-packages/airflow/example_dags/example_python_operator.py
[2024-12-02T11:13:02.551+0000] {logging_mixin.py:190} INFO - [2024-12-02T11:13:02.551+0000] {dag.py:3239} INFO - Sync 1 DAGs
[2024-12-02T11:13:02.563+0000] {logging_mixin.py:190} INFO - [2024-12-02T11:13:02.563+0000] {dag.py:4180} INFO - Setting next_dagrun for example_python_operator to None, run_after=None
[2024-12-02T11:13:02.580+0000] {processor.py:208} INFO - Processing /home/airflow/.local/lib/python3.12/site-packages/airflow/example_dags/example_python_operator.py took 0.063 seconds
[2024-12-02T11:13:33.329+0000] {processor.py:186} INFO - Started process (PID=1957) to work on /home/airflow/.local/lib/python3.12/site-packages/airflow/example_dags/example_python_operator.py
[2024-12-02T11:13:33.331+0000] {processor.py:914} INFO - Processing file /home/airflow/.local/lib/python3.12/site-packages/airflow/example_dags/example_python_operator.py for tasks to queue
[2024-12-02T11:13:33.332+0000] {logging_mixin.py:190} INFO - [2024-12-02T11:13:33.332+0000] {dagbag.py:588} INFO - Filling up the DagBag from /home/airflow/.local/lib/python3.12/site-packages/airflow/example_dags/example_python_operator.py
[2024-12-02T11:13:33.343+0000] {processor.py:925} INFO - DAG(s) 'example_python_operator' retrieved from /home/airflow/.local/lib/python3.12/site-packages/airflow/example_dags/example_python_operator.py
[2024-12-02T11:13:33.360+0000] {logging_mixin.py:190} INFO - [2024-12-02T11:13:33.360+0000] {dag.py:3239} INFO - Sync 1 DAGs
[2024-12-02T11:13:33.370+0000] {logging_mixin.py:190} INFO - [2024-12-02T11:13:33.370+0000] {dag.py:4180} INFO - Setting next_dagrun for example_python_operator to None, run_after=None
[2024-12-02T11:13:33.385+0000] {processor.py:208} INFO - Processing /home/airflow/.local/lib/python3.12/site-packages/airflow/example_dags/example_python_operator.py took 0.060 seconds
[2024-12-02T11:14:05.806+0000] {processor.py:186} INFO - Started process (PID=2019) to work on /home/airflow/.local/lib/python3.12/site-packages/airflow/example_dags/example_python_operator.py
[2024-12-02T11:14:05.807+0000] {processor.py:914} INFO - Processing file /home/airflow/.local/lib/python3.12/site-packages/airflow/example_dags/example_python_operator.py for tasks to queue
[2024-12-02T11:14:05.820+0000] {logging_mixin.py:190} INFO - [2024-12-02T11:14:05.809+0000] {dagbag.py:588} INFO - Filling up the DagBag from /home/airflow/.local/lib/python3.12/site-packages/airflow/example_dags/example_python_operator.py
[2024-12-02T11:14:05.840+0000] {processor.py:925} INFO - DAG(s) 'example_python_operator' retrieved from /home/airflow/.local/lib/python3.12/site-packages/airflow/example_dags/example_python_operator.py
[2024-12-02T11:14:05.943+0000] {logging_mixin.py:190} INFO - [2024-12-02T11:14:05.943+0000] {dag.py:3239} INFO - Sync 1 DAGs
[2024-12-02T11:14:05.982+0000] {logging_mixin.py:190} INFO - [2024-12-02T11:14:05.982+0000] {dag.py:4180} INFO - Setting next_dagrun for example_python_operator to None, run_after=None
[2024-12-02T11:14:06.029+0000] {processor.py:208} INFO - Processing /home/airflow/.local/lib/python3.12/site-packages/airflow/example_dags/example_python_operator.py took 0.243 seconds
[2024-12-02T11:14:36.671+0000] {processor.py:186} INFO - Started process (PID=2084) to work on /home/airflow/.local/lib/python3.12/site-packages/airflow/example_dags/example_python_operator.py
[2024-12-02T11:14:36.673+0000] {processor.py:914} INFO - Processing file /home/airflow/.local/lib/python3.12/site-packages/airflow/example_dags/example_python_operator.py for tasks to queue
[2024-12-02T11:14:36.676+0000] {logging_mixin.py:190} INFO - [2024-12-02T11:14:36.676+0000] {dagbag.py:588} INFO - Filling up the DagBag from /home/airflow/.local/lib/python3.12/site-packages/airflow/example_dags/example_python_operator.py
[2024-12-02T11:14:36.694+0000] {processor.py:925} INFO - DAG(s) 'example_python_operator' retrieved from /home/airflow/.local/lib/python3.12/site-packages/airflow/example_dags/example_python_operator.py
[2024-12-02T11:14:36.711+0000] {logging_mixin.py:190} INFO - [2024-12-02T11:14:36.711+0000] {dag.py:3239} INFO - Sync 1 DAGs
[2024-12-02T11:14:36.721+0000] {logging_mixin.py:190} INFO - [2024-12-02T11:14:36.720+0000] {dag.py:4180} INFO - Setting next_dagrun for example_python_operator to None, run_after=None
[2024-12-02T11:14:36.739+0000] {processor.py:208} INFO - Processing /home/airflow/.local/lib/python3.12/site-packages/airflow/example_dags/example_python_operator.py took 0.072 seconds
[2024-12-02T11:15:07.212+0000] {processor.py:186} INFO - Started process (PID=2149) to work on /home/airflow/.local/lib/python3.12/site-packages/airflow/example_dags/example_python_operator.py
[2024-12-02T11:15:07.213+0000] {processor.py:914} INFO - Processing file /home/airflow/.local/lib/python3.12/site-packages/airflow/example_dags/example_python_operator.py for tasks to queue
[2024-12-02T11:15:07.216+0000] {logging_mixin.py:190} INFO - [2024-12-02T11:15:07.216+0000] {dagbag.py:588} INFO - Filling up the DagBag from /home/airflow/.local/lib/python3.12/site-packages/airflow/example_dags/example_python_operator.py
[2024-12-02T11:15:07.247+0000] {processor.py:925} INFO - DAG(s) 'example_python_operator' retrieved from /home/airflow/.local/lib/python3.12/site-packages/airflow/example_dags/example_python_operator.py
[2024-12-02T11:15:07.269+0000] {logging_mixin.py:190} INFO - [2024-12-02T11:15:07.268+0000] {dag.py:3239} INFO - Sync 1 DAGs
[2024-12-02T11:15:07.281+0000] {logging_mixin.py:190} INFO - [2024-12-02T11:15:07.281+0000] {dag.py:4180} INFO - Setting next_dagrun for example_python_operator to None, run_after=None
[2024-12-02T11:15:07.302+0000] {processor.py:208} INFO - Processing /home/airflow/.local/lib/python3.12/site-packages/airflow/example_dags/example_python_operator.py took 0.105 seconds
[2024-12-02T11:15:37.645+0000] {processor.py:186} INFO - Started process (PID=2214) to work on /home/airflow/.local/lib/python3.12/site-packages/airflow/example_dags/example_python_operator.py
[2024-12-02T11:15:37.648+0000] {processor.py:914} INFO - Processing file /home/airflow/.local/lib/python3.12/site-packages/airflow/example_dags/example_python_operator.py for tasks to queue
[2024-12-02T11:15:37.657+0000] {logging_mixin.py:190} INFO - [2024-12-02T11:15:37.656+0000] {dagbag.py:588} INFO - Filling up the DagBag from /home/airflow/.local/lib/python3.12/site-packages/airflow/example_dags/example_python_operator.py
[2024-12-02T11:15:37.674+0000] {processor.py:925} INFO - DAG(s) 'example_python_operator' retrieved from /home/airflow/.local/lib/python3.12/site-packages/airflow/example_dags/example_python_operator.py
[2024-12-02T11:15:37.726+0000] {logging_mixin.py:190} INFO - [2024-12-02T11:15:37.725+0000] {dag.py:3239} INFO - Sync 1 DAGs
[2024-12-02T11:15:37.747+0000] {logging_mixin.py:190} INFO - [2024-12-02T11:15:37.747+0000] {dag.py:4180} INFO - Setting next_dagrun for example_python_operator to None, run_after=None
[2024-12-02T11:15:37.783+0000] {processor.py:208} INFO - Processing /home/airflow/.local/lib/python3.12/site-packages/airflow/example_dags/example_python_operator.py took 0.160 seconds
[2024-12-02T11:16:08.458+0000] {processor.py:186} INFO - Started process (PID=2279) to work on /home/airflow/.local/lib/python3.12/site-packages/airflow/example_dags/example_python_operator.py
[2024-12-02T11:16:08.458+0000] {processor.py:914} INFO - Processing file /home/airflow/.local/lib/python3.12/site-packages/airflow/example_dags/example_python_operator.py for tasks to queue
[2024-12-02T11:16:08.459+0000] {logging_mixin.py:190} INFO - [2024-12-02T11:16:08.459+0000] {dagbag.py:588} INFO - Filling up the DagBag from /home/airflow/.local/lib/python3.12/site-packages/airflow/example_dags/example_python_operator.py
[2024-12-02T11:16:08.467+0000] {processor.py:925} INFO - DAG(s) 'example_python_operator' retrieved from /home/airflow/.local/lib/python3.12/site-packages/airflow/example_dags/example_python_operator.py
[2024-12-02T11:16:08.509+0000] {logging_mixin.py:190} INFO - [2024-12-02T11:16:08.509+0000] {dag.py:3239} INFO - Sync 1 DAGs
[2024-12-02T11:16:08.525+0000] {logging_mixin.py:190} INFO - [2024-12-02T11:16:08.525+0000] {dag.py:4180} INFO - Setting next_dagrun for example_python_operator to None, run_after=None
[2024-12-02T11:16:08.549+0000] {processor.py:208} INFO - Processing /home/airflow/.local/lib/python3.12/site-packages/airflow/example_dags/example_python_operator.py took 0.096 seconds
[2024-12-02T11:16:38.737+0000] {processor.py:186} INFO - Started process (PID=2342) to work on /home/airflow/.local/lib/python3.12/site-packages/airflow/example_dags/example_python_operator.py
[2024-12-02T11:16:38.745+0000] {processor.py:914} INFO - Processing file /home/airflow/.local/lib/python3.12/site-packages/airflow/example_dags/example_python_operator.py for tasks to queue
[2024-12-02T11:16:38.746+0000] {logging_mixin.py:190} INFO - [2024-12-02T11:16:38.746+0000] {dagbag.py:588} INFO - Filling up the DagBag from /home/airflow/.local/lib/python3.12/site-packages/airflow/example_dags/example_python_operator.py
[2024-12-02T11:16:38.756+0000] {processor.py:925} INFO - DAG(s) 'example_python_operator' retrieved from /home/airflow/.local/lib/python3.12/site-packages/airflow/example_dags/example_python_operator.py
[2024-12-02T11:16:38.787+0000] {logging_mixin.py:190} INFO - [2024-12-02T11:16:38.787+0000] {dag.py:3239} INFO - Sync 1 DAGs
[2024-12-02T11:16:38.798+0000] {logging_mixin.py:190} INFO - [2024-12-02T11:16:38.798+0000] {dag.py:4180} INFO - Setting next_dagrun for example_python_operator to None, run_after=None
[2024-12-02T11:16:38.830+0000] {processor.py:208} INFO - Processing /home/airflow/.local/lib/python3.12/site-packages/airflow/example_dags/example_python_operator.py took 0.104 seconds
[2024-12-02T11:17:09.059+0000] {processor.py:186} INFO - Started process (PID=2406) to work on /home/airflow/.local/lib/python3.12/site-packages/airflow/example_dags/example_python_operator.py
[2024-12-02T11:17:09.060+0000] {processor.py:914} INFO - Processing file /home/airflow/.local/lib/python3.12/site-packages/airflow/example_dags/example_python_operator.py for tasks to queue
[2024-12-02T11:17:09.062+0000] {logging_mixin.py:190} INFO - [2024-12-02T11:17:09.062+0000] {dagbag.py:588} INFO - Filling up the DagBag from /home/airflow/.local/lib/python3.12/site-packages/airflow/example_dags/example_python_operator.py
[2024-12-02T11:17:09.072+0000] {processor.py:925} INFO - DAG(s) 'example_python_operator' retrieved from /home/airflow/.local/lib/python3.12/site-packages/airflow/example_dags/example_python_operator.py
[2024-12-02T11:17:09.089+0000] {logging_mixin.py:190} INFO - [2024-12-02T11:17:09.089+0000] {dag.py:3239} INFO - Sync 1 DAGs
[2024-12-02T11:17:09.100+0000] {logging_mixin.py:190} INFO - [2024-12-02T11:17:09.099+0000] {dag.py:4180} INFO - Setting next_dagrun for example_python_operator to None, run_after=None
[2024-12-02T11:17:09.115+0000] {processor.py:208} INFO - Processing /home/airflow/.local/lib/python3.12/site-packages/airflow/example_dags/example_python_operator.py took 0.062 seconds
[2024-12-02T11:17:39.317+0000] {processor.py:186} INFO - Started process (PID=2470) to work on /home/airflow/.local/lib/python3.12/site-packages/airflow/example_dags/example_python_operator.py
[2024-12-02T11:17:39.318+0000] {processor.py:914} INFO - Processing file /home/airflow/.local/lib/python3.12/site-packages/airflow/example_dags/example_python_operator.py for tasks to queue
[2024-12-02T11:17:39.320+0000] {logging_mixin.py:190} INFO - [2024-12-02T11:17:39.320+0000] {dagbag.py:588} INFO - Filling up the DagBag from /home/airflow/.local/lib/python3.12/site-packages/airflow/example_dags/example_python_operator.py
[2024-12-02T11:17:39.334+0000] {processor.py:925} INFO - DAG(s) 'example_python_operator' retrieved from /home/airflow/.local/lib/python3.12/site-packages/airflow/example_dags/example_python_operator.py
[2024-12-02T11:17:39.382+0000] {logging_mixin.py:190} INFO - [2024-12-02T11:17:39.381+0000] {dag.py:3239} INFO - Sync 1 DAGs
[2024-12-02T11:17:39.401+0000] {logging_mixin.py:190} INFO - [2024-12-02T11:17:39.400+0000] {dag.py:4180} INFO - Setting next_dagrun for example_python_operator to None, run_after=None
[2024-12-02T11:17:39.446+0000] {processor.py:208} INFO - Processing /home/airflow/.local/lib/python3.12/site-packages/airflow/example_dags/example_python_operator.py took 0.135 seconds
[2024-12-02T11:18:12.749+0000] {processor.py:186} INFO - Started process (PID=2524) to work on /home/airflow/.local/lib/python3.12/site-packages/airflow/example_dags/example_python_operator.py
[2024-12-02T11:18:12.751+0000] {processor.py:914} INFO - Processing file /home/airflow/.local/lib/python3.12/site-packages/airflow/example_dags/example_python_operator.py for tasks to queue
[2024-12-02T11:18:12.752+0000] {logging_mixin.py:190} INFO - [2024-12-02T11:18:12.751+0000] {dagbag.py:588} INFO - Filling up the DagBag from /home/airflow/.local/lib/python3.12/site-packages/airflow/example_dags/example_python_operator.py
[2024-12-02T11:18:12.760+0000] {processor.py:925} INFO - DAG(s) 'example_python_operator' retrieved from /home/airflow/.local/lib/python3.12/site-packages/airflow/example_dags/example_python_operator.py
[2024-12-02T11:18:12.780+0000] {logging_mixin.py:190} INFO - [2024-12-02T11:18:12.780+0000] {dag.py:3239} INFO - Sync 1 DAGs
[2024-12-02T11:18:12.792+0000] {logging_mixin.py:190} INFO - [2024-12-02T11:18:12.791+0000] {dag.py:4180} INFO - Setting next_dagrun for example_python_operator to None, run_after=None
[2024-12-02T11:18:12.806+0000] {processor.py:208} INFO - Processing /home/airflow/.local/lib/python3.12/site-packages/airflow/example_dags/example_python_operator.py took 0.062 seconds
[2024-12-02T11:18:43.400+0000] {processor.py:186} INFO - Started process (PID=2583) to work on /home/airflow/.local/lib/python3.12/site-packages/airflow/example_dags/example_python_operator.py
[2024-12-02T11:18:43.400+0000] {processor.py:914} INFO - Processing file /home/airflow/.local/lib/python3.12/site-packages/airflow/example_dags/example_python_operator.py for tasks to queue
[2024-12-02T11:18:43.402+0000] {logging_mixin.py:190} INFO - [2024-12-02T11:18:43.402+0000] {dagbag.py:588} INFO - Filling up the DagBag from /home/airflow/.local/lib/python3.12/site-packages/airflow/example_dags/example_python_operator.py
[2024-12-02T11:18:43.411+0000] {processor.py:925} INFO - DAG(s) 'example_python_operator' retrieved from /home/airflow/.local/lib/python3.12/site-packages/airflow/example_dags/example_python_operator.py
[2024-12-02T11:18:43.434+0000] {logging_mixin.py:190} INFO - [2024-12-02T11:18:43.434+0000] {dag.py:3239} INFO - Sync 1 DAGs
[2024-12-02T11:18:43.446+0000] {logging_mixin.py:190} INFO - [2024-12-02T11:18:43.446+0000] {dag.py:4180} INFO - Setting next_dagrun for example_python_operator to None, run_after=None
[2024-12-02T11:18:43.463+0000] {processor.py:208} INFO - Processing /home/airflow/.local/lib/python3.12/site-packages/airflow/example_dags/example_python_operator.py took 0.072 seconds
[2024-12-02T11:19:15.106+0000] {processor.py:186} INFO - Started process (PID=2639) to work on /home/airflow/.local/lib/python3.12/site-packages/airflow/example_dags/example_python_operator.py
[2024-12-02T11:19:15.129+0000] {processor.py:914} INFO - Processing file /home/airflow/.local/lib/python3.12/site-packages/airflow/example_dags/example_python_operator.py for tasks to queue
[2024-12-02T11:19:15.129+0000] {logging_mixin.py:190} INFO - [2024-12-02T11:19:15.129+0000] {dagbag.py:588} INFO - Filling up the DagBag from /home/airflow/.local/lib/python3.12/site-packages/airflow/example_dags/example_python_operator.py
[2024-12-02T11:19:15.153+0000] {processor.py:925} INFO - DAG(s) 'example_python_operator' retrieved from /home/airflow/.local/lib/python3.12/site-packages/airflow/example_dags/example_python_operator.py
[2024-12-02T11:19:15.196+0000] {logging_mixin.py:190} INFO - [2024-12-02T11:19:15.195+0000] {dag.py:3239} INFO - Sync 1 DAGs
[2024-12-02T11:19:15.208+0000] {logging_mixin.py:190} INFO - [2024-12-02T11:19:15.208+0000] {dag.py:4180} INFO - Setting next_dagrun for example_python_operator to None, run_after=None
[2024-12-02T11:19:15.239+0000] {processor.py:208} INFO - Processing /home/airflow/.local/lib/python3.12/site-packages/airflow/example_dags/example_python_operator.py took 0.137 seconds
[2024-12-02T11:19:46.194+0000] {processor.py:186} INFO - Started process (PID=2704) to work on /home/airflow/.local/lib/python3.12/site-packages/airflow/example_dags/example_python_operator.py
[2024-12-02T11:19:46.194+0000] {processor.py:914} INFO - Processing file /home/airflow/.local/lib/python3.12/site-packages/airflow/example_dags/example_python_operator.py for tasks to queue
[2024-12-02T11:19:46.196+0000] {logging_mixin.py:190} INFO - [2024-12-02T11:19:46.195+0000] {dagbag.py:588} INFO - Filling up the DagBag from /home/airflow/.local/lib/python3.12/site-packages/airflow/example_dags/example_python_operator.py
[2024-12-02T11:19:46.212+0000] {processor.py:925} INFO - DAG(s) 'example_python_operator' retrieved from /home/airflow/.local/lib/python3.12/site-packages/airflow/example_dags/example_python_operator.py
[2024-12-02T11:19:46.254+0000] {logging_mixin.py:190} INFO - [2024-12-02T11:19:46.254+0000] {dag.py:3239} INFO - Sync 1 DAGs
[2024-12-02T11:19:46.281+0000] {logging_mixin.py:190} INFO - [2024-12-02T11:19:46.281+0000] {dag.py:4180} INFO - Setting next_dagrun for example_python_operator to None, run_after=None
[2024-12-02T11:19:46.308+0000] {processor.py:208} INFO - Processing /home/airflow/.local/lib/python3.12/site-packages/airflow/example_dags/example_python_operator.py took 0.139 seconds
