[2024-12-02T10:19:20.107+0000] {processor.py:186} INFO - Started process (PID=118) to work on /home/airflow/.local/lib/python3.12/site-packages/airflow/example_dags/example_bash_operator.py
[2024-12-02T10:19:20.128+0000] {processor.py:914} INFO - Processing file /home/airflow/.local/lib/python3.12/site-packages/airflow/example_dags/example_bash_operator.py for tasks to queue
[2024-12-02T10:19:20.140+0000] {logging_mixin.py:190} INFO - [2024-12-02T10:19:20.140+0000] {dagbag.py:588} INFO - Filling up the DagBag from /home/airflow/.local/lib/python3.12/site-packages/airflow/example_dags/example_bash_operator.py
[2024-12-02T10:19:20.200+0000] {processor.py:925} INFO - DAG(s) 'example_bash_operator' retrieved from /home/airflow/.local/lib/python3.12/site-packages/airflow/example_dags/example_bash_operator.py
[2024-12-02T10:19:20.996+0000] {logging_mixin.py:190} INFO - [2024-12-02T10:19:20.995+0000] {override.py:1911} INFO - Created Permission View: can delete on DAG:example_bash_operator
[2024-12-02T10:19:21.032+0000] {logging_mixin.py:190} INFO - [2024-12-02T10:19:21.032+0000] {override.py:1911} INFO - Created Permission View: can edit on DAG:example_bash_operator
[2024-12-02T10:19:21.054+0000] {logging_mixin.py:190} INFO - [2024-12-02T10:19:21.054+0000] {override.py:1911} INFO - Created Permission View: can read on DAG:example_bash_operator
[2024-12-02T10:19:21.120+0000] {logging_mixin.py:190} INFO - [2024-12-02T10:19:21.120+0000] {override.py:1911} INFO - Created Permission View: menu access on DAG Run:example_bash_operator
[2024-12-02T10:19:21.201+0000] {logging_mixin.py:190} INFO - [2024-12-02T10:19:21.191+0000] {override.py:1911} INFO - Created Permission View: can create on DAG Run:example_bash_operator
[2024-12-02T10:19:21.230+0000] {logging_mixin.py:190} INFO - [2024-12-02T10:19:21.229+0000] {override.py:1911} INFO - Created Permission View: can delete on DAG Run:example_bash_operator
[2024-12-02T10:19:21.309+0000] {logging_mixin.py:190} INFO - [2024-12-02T10:19:21.309+0000] {override.py:1911} INFO - Created Permission View: can read on DAG Run:example_bash_operator
[2024-12-02T10:19:21.314+0000] {logging_mixin.py:190} INFO - [2024-12-02T10:19:21.313+0000] {dag.py:3239} INFO - Sync 1 DAGs
[2024-12-02T10:19:21.448+0000] {logging_mixin.py:190} INFO - [2024-12-02T10:19:21.448+0000] {dag.py:3262} INFO - Creating ORM DAG for example_bash_operator
[2024-12-02T10:19:21.537+0000] {logging_mixin.py:190} INFO - [2024-12-02T10:19:21.537+0000] {dag.py:4180} INFO - Setting next_dagrun for example_bash_operator to 2024-12-01 00:00:00+00:00, run_after=2024-12-02 00:00:00+00:00
[2024-12-02T10:19:21.966+0000] {processor.py:208} INFO - Processing /home/airflow/.local/lib/python3.12/site-packages/airflow/example_dags/example_bash_operator.py took 1.885 seconds
[2024-12-02T10:36:25.999+0000] {processor.py:186} INFO - Started process (PID=74) to work on /home/airflow/.local/lib/python3.12/site-packages/airflow/example_dags/example_bash_operator.py
[2024-12-02T10:36:26.030+0000] {processor.py:914} INFO - Processing file /home/airflow/.local/lib/python3.12/site-packages/airflow/example_dags/example_bash_operator.py for tasks to queue
[2024-12-02T10:36:26.032+0000] {logging_mixin.py:190} INFO - [2024-12-02T10:36:26.032+0000] {dagbag.py:588} INFO - Filling up the DagBag from /home/airflow/.local/lib/python3.12/site-packages/airflow/example_dags/example_bash_operator.py
[2024-12-02T10:36:26.087+0000] {processor.py:925} INFO - DAG(s) 'example_bash_operator' retrieved from /home/airflow/.local/lib/python3.12/site-packages/airflow/example_dags/example_bash_operator.py
[2024-12-02T10:36:26.215+0000] {logging_mixin.py:190} INFO - [2024-12-02T10:36:26.215+0000] {dag.py:3239} INFO - Sync 1 DAGs
[2024-12-02T10:36:26.301+0000] {logging_mixin.py:190} INFO - [2024-12-02T10:36:26.300+0000] {dag.py:4180} INFO - Setting next_dagrun for example_bash_operator to 2024-12-01 00:00:00+00:00, run_after=2024-12-02 00:00:00+00:00
[2024-12-02T10:36:26.354+0000] {processor.py:208} INFO - Processing /home/airflow/.local/lib/python3.12/site-packages/airflow/example_dags/example_bash_operator.py took 0.360 seconds
[2024-12-02T10:38:17.197+0000] {processor.py:186} INFO - Started process (PID=81) to work on /home/airflow/.local/lib/python3.12/site-packages/airflow/example_dags/example_bash_operator.py
[2024-12-02T10:38:17.223+0000] {processor.py:914} INFO - Processing file /home/airflow/.local/lib/python3.12/site-packages/airflow/example_dags/example_bash_operator.py for tasks to queue
[2024-12-02T10:38:17.225+0000] {logging_mixin.py:190} INFO - [2024-12-02T10:38:17.224+0000] {dagbag.py:588} INFO - Filling up the DagBag from /home/airflow/.local/lib/python3.12/site-packages/airflow/example_dags/example_bash_operator.py
[2024-12-02T10:38:17.278+0000] {processor.py:925} INFO - DAG(s) 'example_bash_operator' retrieved from /home/airflow/.local/lib/python3.12/site-packages/airflow/example_dags/example_bash_operator.py
[2024-12-02T10:38:17.512+0000] {logging_mixin.py:190} INFO - [2024-12-02T10:38:17.511+0000] {dag.py:3239} INFO - Sync 1 DAGs
[2024-12-02T10:38:17.774+0000] {logging_mixin.py:190} INFO - [2024-12-02T10:38:17.772+0000] {dag.py:4180} INFO - Setting next_dagrun for example_bash_operator to 2024-12-01 00:00:00+00:00, run_after=2024-12-02 00:00:00+00:00
[2024-12-02T10:38:17.915+0000] {processor.py:208} INFO - Processing /home/airflow/.local/lib/python3.12/site-packages/airflow/example_dags/example_bash_operator.py took 0.724 seconds
[2024-12-02T10:38:48.996+0000] {processor.py:186} INFO - Started process (PID=144) to work on /home/airflow/.local/lib/python3.12/site-packages/airflow/example_dags/example_bash_operator.py
[2024-12-02T10:38:48.998+0000] {processor.py:914} INFO - Processing file /home/airflow/.local/lib/python3.12/site-packages/airflow/example_dags/example_bash_operator.py for tasks to queue
[2024-12-02T10:38:49.001+0000] {logging_mixin.py:190} INFO - [2024-12-02T10:38:49.000+0000] {dagbag.py:588} INFO - Filling up the DagBag from /home/airflow/.local/lib/python3.12/site-packages/airflow/example_dags/example_bash_operator.py
[2024-12-02T10:38:49.037+0000] {processor.py:925} INFO - DAG(s) 'example_bash_operator' retrieved from /home/airflow/.local/lib/python3.12/site-packages/airflow/example_dags/example_bash_operator.py
[2024-12-02T10:38:49.075+0000] {logging_mixin.py:190} INFO - [2024-12-02T10:38:49.074+0000] {dag.py:3239} INFO - Sync 1 DAGs
[2024-12-02T10:38:49.129+0000] {logging_mixin.py:190} INFO - [2024-12-02T10:38:49.129+0000] {dag.py:4180} INFO - Setting next_dagrun for example_bash_operator to 2024-12-01 00:00:00+00:00, run_after=2024-12-02 00:00:00+00:00
[2024-12-02T10:38:49.169+0000] {processor.py:208} INFO - Processing /home/airflow/.local/lib/python3.12/site-packages/airflow/example_dags/example_bash_operator.py took 0.180 seconds
[2024-12-02T10:39:19.326+0000] {processor.py:186} INFO - Started process (PID=207) to work on /home/airflow/.local/lib/python3.12/site-packages/airflow/example_dags/example_bash_operator.py
[2024-12-02T10:39:19.329+0000] {processor.py:914} INFO - Processing file /home/airflow/.local/lib/python3.12/site-packages/airflow/example_dags/example_bash_operator.py for tasks to queue
[2024-12-02T10:39:19.331+0000] {logging_mixin.py:190} INFO - [2024-12-02T10:39:19.331+0000] {dagbag.py:588} INFO - Filling up the DagBag from /home/airflow/.local/lib/python3.12/site-packages/airflow/example_dags/example_bash_operator.py
[2024-12-02T10:39:19.345+0000] {processor.py:925} INFO - DAG(s) 'example_bash_operator' retrieved from /home/airflow/.local/lib/python3.12/site-packages/airflow/example_dags/example_bash_operator.py
[2024-12-02T10:39:19.370+0000] {logging_mixin.py:190} INFO - [2024-12-02T10:39:19.370+0000] {dag.py:3239} INFO - Sync 1 DAGs
[2024-12-02T10:39:19.406+0000] {logging_mixin.py:190} INFO - [2024-12-02T10:39:19.405+0000] {dag.py:4180} INFO - Setting next_dagrun for example_bash_operator to 2024-12-01 00:00:00+00:00, run_after=2024-12-02 00:00:00+00:00
[2024-12-02T10:39:19.449+0000] {processor.py:208} INFO - Processing /home/airflow/.local/lib/python3.12/site-packages/airflow/example_dags/example_bash_operator.py took 0.128 seconds
[2024-12-02T10:39:53.896+0000] {processor.py:186} INFO - Started process (PID=272) to work on /home/airflow/.local/lib/python3.12/site-packages/airflow/example_dags/example_bash_operator.py
[2024-12-02T10:39:53.906+0000] {processor.py:914} INFO - Processing file /home/airflow/.local/lib/python3.12/site-packages/airflow/example_dags/example_bash_operator.py for tasks to queue
[2024-12-02T10:39:53.909+0000] {logging_mixin.py:190} INFO - [2024-12-02T10:39:53.908+0000] {dagbag.py:588} INFO - Filling up the DagBag from /home/airflow/.local/lib/python3.12/site-packages/airflow/example_dags/example_bash_operator.py
[2024-12-02T10:39:53.939+0000] {processor.py:925} INFO - DAG(s) 'example_bash_operator' retrieved from /home/airflow/.local/lib/python3.12/site-packages/airflow/example_dags/example_bash_operator.py
[2024-12-02T10:39:54.043+0000] {logging_mixin.py:190} INFO - [2024-12-02T10:39:54.043+0000] {dag.py:3239} INFO - Sync 1 DAGs
[2024-12-02T10:39:54.071+0000] {logging_mixin.py:190} INFO - [2024-12-02T10:39:54.071+0000] {dag.py:4180} INFO - Setting next_dagrun for example_bash_operator to 2024-12-01 00:00:00+00:00, run_after=2024-12-02 00:00:00+00:00
[2024-12-02T10:39:54.142+0000] {processor.py:208} INFO - Processing /home/airflow/.local/lib/python3.12/site-packages/airflow/example_dags/example_bash_operator.py took 0.252 seconds
[2024-12-02T10:40:27.670+0000] {processor.py:186} INFO - Started process (PID=335) to work on /home/airflow/.local/lib/python3.12/site-packages/airflow/example_dags/example_bash_operator.py
[2024-12-02T10:40:27.678+0000] {processor.py:914} INFO - Processing file /home/airflow/.local/lib/python3.12/site-packages/airflow/example_dags/example_bash_operator.py for tasks to queue
[2024-12-02T10:40:27.682+0000] {logging_mixin.py:190} INFO - [2024-12-02T10:40:27.681+0000] {dagbag.py:588} INFO - Filling up the DagBag from /home/airflow/.local/lib/python3.12/site-packages/airflow/example_dags/example_bash_operator.py
[2024-12-02T10:40:27.860+0000] {processor.py:925} INFO - DAG(s) 'example_bash_operator' retrieved from /home/airflow/.local/lib/python3.12/site-packages/airflow/example_dags/example_bash_operator.py
[2024-12-02T10:40:28.076+0000] {logging_mixin.py:190} INFO - [2024-12-02T10:40:28.075+0000] {dag.py:3239} INFO - Sync 1 DAGs
[2024-12-02T10:40:28.183+0000] {logging_mixin.py:190} INFO - [2024-12-02T10:40:28.183+0000] {dag.py:4180} INFO - Setting next_dagrun for example_bash_operator to 2024-12-01 00:00:00+00:00, run_after=2024-12-02 00:00:00+00:00
[2024-12-02T10:40:28.325+0000] {processor.py:208} INFO - Processing /home/airflow/.local/lib/python3.12/site-packages/airflow/example_dags/example_bash_operator.py took 0.701 seconds
[2024-12-02T10:42:07.476+0000] {processor.py:186} INFO - Started process (PID=75) to work on /home/airflow/.local/lib/python3.12/site-packages/airflow/example_dags/example_bash_operator.py
[2024-12-02T10:42:07.484+0000] {processor.py:914} INFO - Processing file /home/airflow/.local/lib/python3.12/site-packages/airflow/example_dags/example_bash_operator.py for tasks to queue
[2024-12-02T10:42:07.486+0000] {logging_mixin.py:190} INFO - [2024-12-02T10:42:07.486+0000] {dagbag.py:588} INFO - Filling up the DagBag from /home/airflow/.local/lib/python3.12/site-packages/airflow/example_dags/example_bash_operator.py
[2024-12-02T10:42:07.513+0000] {processor.py:925} INFO - DAG(s) 'example_bash_operator' retrieved from /home/airflow/.local/lib/python3.12/site-packages/airflow/example_dags/example_bash_operator.py
[2024-12-02T10:42:07.583+0000] {logging_mixin.py:190} INFO - [2024-12-02T10:42:07.583+0000] {dag.py:3239} INFO - Sync 1 DAGs
[2024-12-02T10:42:07.603+0000] {logging_mixin.py:190} INFO - [2024-12-02T10:42:07.603+0000] {dag.py:4180} INFO - Setting next_dagrun for example_bash_operator to 2024-12-01 00:00:00+00:00, run_after=2024-12-02 00:00:00+00:00
[2024-12-02T10:42:07.641+0000] {processor.py:208} INFO - Processing /home/airflow/.local/lib/python3.12/site-packages/airflow/example_dags/example_bash_operator.py took 0.180 seconds
[2024-12-02T10:42:37.813+0000] {processor.py:186} INFO - Started process (PID=137) to work on /home/airflow/.local/lib/python3.12/site-packages/airflow/example_dags/example_bash_operator.py
[2024-12-02T10:42:37.816+0000] {processor.py:914} INFO - Processing file /home/airflow/.local/lib/python3.12/site-packages/airflow/example_dags/example_bash_operator.py for tasks to queue
[2024-12-02T10:42:37.818+0000] {logging_mixin.py:190} INFO - [2024-12-02T10:42:37.818+0000] {dagbag.py:588} INFO - Filling up the DagBag from /home/airflow/.local/lib/python3.12/site-packages/airflow/example_dags/example_bash_operator.py
[2024-12-02T10:42:37.831+0000] {processor.py:925} INFO - DAG(s) 'example_bash_operator' retrieved from /home/airflow/.local/lib/python3.12/site-packages/airflow/example_dags/example_bash_operator.py
[2024-12-02T10:42:37.855+0000] {logging_mixin.py:190} INFO - [2024-12-02T10:42:37.855+0000] {dag.py:3239} INFO - Sync 1 DAGs
[2024-12-02T10:42:37.874+0000] {logging_mixin.py:190} INFO - [2024-12-02T10:42:37.873+0000] {dag.py:4180} INFO - Setting next_dagrun for example_bash_operator to 2024-12-01 00:00:00+00:00, run_after=2024-12-02 00:00:00+00:00
[2024-12-02T10:42:37.891+0000] {processor.py:208} INFO - Processing /home/airflow/.local/lib/python3.12/site-packages/airflow/example_dags/example_bash_operator.py took 0.083 seconds
[2024-12-02T10:43:08.094+0000] {processor.py:186} INFO - Started process (PID=201) to work on /home/airflow/.local/lib/python3.12/site-packages/airflow/example_dags/example_bash_operator.py
[2024-12-02T10:43:08.098+0000] {processor.py:914} INFO - Processing file /home/airflow/.local/lib/python3.12/site-packages/airflow/example_dags/example_bash_operator.py for tasks to queue
[2024-12-02T10:43:08.100+0000] {logging_mixin.py:190} INFO - [2024-12-02T10:43:08.099+0000] {dagbag.py:588} INFO - Filling up the DagBag from /home/airflow/.local/lib/python3.12/site-packages/airflow/example_dags/example_bash_operator.py
[2024-12-02T10:43:08.112+0000] {processor.py:925} INFO - DAG(s) 'example_bash_operator' retrieved from /home/airflow/.local/lib/python3.12/site-packages/airflow/example_dags/example_bash_operator.py
[2024-12-02T10:43:08.137+0000] {logging_mixin.py:190} INFO - [2024-12-02T10:43:08.137+0000] {dag.py:3239} INFO - Sync 1 DAGs
[2024-12-02T10:43:08.161+0000] {logging_mixin.py:190} INFO - [2024-12-02T10:43:08.160+0000] {dag.py:4180} INFO - Setting next_dagrun for example_bash_operator to 2024-12-01 00:00:00+00:00, run_after=2024-12-02 00:00:00+00:00
[2024-12-02T10:43:08.178+0000] {processor.py:208} INFO - Processing /home/airflow/.local/lib/python3.12/site-packages/airflow/example_dags/example_bash_operator.py took 0.092 seconds
[2024-12-02T10:43:39.213+0000] {processor.py:186} INFO - Started process (PID=259) to work on /home/airflow/.local/lib/python3.12/site-packages/airflow/example_dags/example_bash_operator.py
[2024-12-02T10:43:39.223+0000] {processor.py:914} INFO - Processing file /home/airflow/.local/lib/python3.12/site-packages/airflow/example_dags/example_bash_operator.py for tasks to queue
[2024-12-02T10:43:39.226+0000] {logging_mixin.py:190} INFO - [2024-12-02T10:43:39.226+0000] {dagbag.py:588} INFO - Filling up the DagBag from /home/airflow/.local/lib/python3.12/site-packages/airflow/example_dags/example_bash_operator.py
[2024-12-02T10:43:39.247+0000] {processor.py:925} INFO - DAG(s) 'example_bash_operator' retrieved from /home/airflow/.local/lib/python3.12/site-packages/airflow/example_dags/example_bash_operator.py
[2024-12-02T10:43:39.284+0000] {logging_mixin.py:190} INFO - [2024-12-02T10:43:39.283+0000] {dag.py:3239} INFO - Sync 1 DAGs
[2024-12-02T10:43:39.329+0000] {logging_mixin.py:190} INFO - [2024-12-02T10:43:39.329+0000] {dag.py:4180} INFO - Setting next_dagrun for example_bash_operator to 2024-12-01 00:00:00+00:00, run_after=2024-12-02 00:00:00+00:00
[2024-12-02T10:43:39.352+0000] {processor.py:208} INFO - Processing /home/airflow/.local/lib/python3.12/site-packages/airflow/example_dags/example_bash_operator.py took 0.144 seconds
[2024-12-02T10:44:10.124+0000] {processor.py:186} INFO - Started process (PID=322) to work on /home/airflow/.local/lib/python3.12/site-packages/airflow/example_dags/example_bash_operator.py
[2024-12-02T10:44:10.126+0000] {processor.py:914} INFO - Processing file /home/airflow/.local/lib/python3.12/site-packages/airflow/example_dags/example_bash_operator.py for tasks to queue
[2024-12-02T10:44:10.128+0000] {logging_mixin.py:190} INFO - [2024-12-02T10:44:10.128+0000] {dagbag.py:588} INFO - Filling up the DagBag from /home/airflow/.local/lib/python3.12/site-packages/airflow/example_dags/example_bash_operator.py
[2024-12-02T10:44:10.137+0000] {processor.py:925} INFO - DAG(s) 'example_bash_operator' retrieved from /home/airflow/.local/lib/python3.12/site-packages/airflow/example_dags/example_bash_operator.py
[2024-12-02T10:44:10.156+0000] {logging_mixin.py:190} INFO - [2024-12-02T10:44:10.156+0000] {dag.py:3239} INFO - Sync 1 DAGs
[2024-12-02T10:44:10.174+0000] {logging_mixin.py:190} INFO - [2024-12-02T10:44:10.174+0000] {dag.py:4180} INFO - Setting next_dagrun for example_bash_operator to 2024-12-01 00:00:00+00:00, run_after=2024-12-02 00:00:00+00:00
[2024-12-02T10:44:10.188+0000] {processor.py:208} INFO - Processing /home/airflow/.local/lib/python3.12/site-packages/airflow/example_dags/example_bash_operator.py took 0.068 seconds
[2024-12-02T10:44:40.286+0000] {processor.py:186} INFO - Started process (PID=385) to work on /home/airflow/.local/lib/python3.12/site-packages/airflow/example_dags/example_bash_operator.py
[2024-12-02T10:44:40.288+0000] {processor.py:914} INFO - Processing file /home/airflow/.local/lib/python3.12/site-packages/airflow/example_dags/example_bash_operator.py for tasks to queue
[2024-12-02T10:44:40.290+0000] {logging_mixin.py:190} INFO - [2024-12-02T10:44:40.290+0000] {dagbag.py:588} INFO - Filling up the DagBag from /home/airflow/.local/lib/python3.12/site-packages/airflow/example_dags/example_bash_operator.py
[2024-12-02T10:44:40.299+0000] {processor.py:925} INFO - DAG(s) 'example_bash_operator' retrieved from /home/airflow/.local/lib/python3.12/site-packages/airflow/example_dags/example_bash_operator.py
[2024-12-02T10:44:40.319+0000] {logging_mixin.py:190} INFO - [2024-12-02T10:44:40.318+0000] {dag.py:3239} INFO - Sync 1 DAGs
[2024-12-02T10:44:40.344+0000] {logging_mixin.py:190} INFO - [2024-12-02T10:44:40.343+0000] {dag.py:4180} INFO - Setting next_dagrun for example_bash_operator to 2024-12-01 00:00:00+00:00, run_after=2024-12-02 00:00:00+00:00
[2024-12-02T10:44:40.364+0000] {processor.py:208} INFO - Processing /home/airflow/.local/lib/python3.12/site-packages/airflow/example_dags/example_bash_operator.py took 0.082 seconds
[2024-12-02T10:45:10.735+0000] {processor.py:186} INFO - Started process (PID=450) to work on /home/airflow/.local/lib/python3.12/site-packages/airflow/example_dags/example_bash_operator.py
[2024-12-02T10:45:10.735+0000] {processor.py:914} INFO - Processing file /home/airflow/.local/lib/python3.12/site-packages/airflow/example_dags/example_bash_operator.py for tasks to queue
[2024-12-02T10:45:10.737+0000] {logging_mixin.py:190} INFO - [2024-12-02T10:45:10.737+0000] {dagbag.py:588} INFO - Filling up the DagBag from /home/airflow/.local/lib/python3.12/site-packages/airflow/example_dags/example_bash_operator.py
[2024-12-02T10:45:10.746+0000] {processor.py:925} INFO - DAG(s) 'example_bash_operator' retrieved from /home/airflow/.local/lib/python3.12/site-packages/airflow/example_dags/example_bash_operator.py
[2024-12-02T10:45:10.771+0000] {logging_mixin.py:190} INFO - [2024-12-02T10:45:10.771+0000] {dag.py:3239} INFO - Sync 1 DAGs
[2024-12-02T10:45:10.791+0000] {logging_mixin.py:190} INFO - [2024-12-02T10:45:10.791+0000] {dag.py:4180} INFO - Setting next_dagrun for example_bash_operator to 2024-12-01 00:00:00+00:00, run_after=2024-12-02 00:00:00+00:00
[2024-12-02T10:45:10.807+0000] {processor.py:208} INFO - Processing /home/airflow/.local/lib/python3.12/site-packages/airflow/example_dags/example_bash_operator.py took 0.077 seconds
[2024-12-02T10:45:41.477+0000] {processor.py:186} INFO - Started process (PID=514) to work on /home/airflow/.local/lib/python3.12/site-packages/airflow/example_dags/example_bash_operator.py
[2024-12-02T10:45:41.493+0000] {processor.py:914} INFO - Processing file /home/airflow/.local/lib/python3.12/site-packages/airflow/example_dags/example_bash_operator.py for tasks to queue
[2024-12-02T10:45:41.504+0000] {logging_mixin.py:190} INFO - [2024-12-02T10:45:41.503+0000] {dagbag.py:588} INFO - Filling up the DagBag from /home/airflow/.local/lib/python3.12/site-packages/airflow/example_dags/example_bash_operator.py
[2024-12-02T10:45:41.526+0000] {processor.py:925} INFO - DAG(s) 'example_bash_operator' retrieved from /home/airflow/.local/lib/python3.12/site-packages/airflow/example_dags/example_bash_operator.py
[2024-12-02T10:45:41.636+0000] {logging_mixin.py:190} INFO - [2024-12-02T10:45:41.636+0000] {dag.py:3239} INFO - Sync 1 DAGs
[2024-12-02T10:45:41.721+0000] {logging_mixin.py:190} INFO - [2024-12-02T10:45:41.721+0000] {dag.py:4180} INFO - Setting next_dagrun for example_bash_operator to 2024-12-01 00:00:00+00:00, run_after=2024-12-02 00:00:00+00:00
[2024-12-02T10:45:41.813+0000] {processor.py:208} INFO - Processing /home/airflow/.local/lib/python3.12/site-packages/airflow/example_dags/example_bash_operator.py took 0.340 seconds
[2024-12-02T10:46:13.688+0000] {processor.py:186} INFO - Started process (PID=567) to work on /home/airflow/.local/lib/python3.12/site-packages/airflow/example_dags/example_bash_operator.py
[2024-12-02T10:46:13.694+0000] {processor.py:914} INFO - Processing file /home/airflow/.local/lib/python3.12/site-packages/airflow/example_dags/example_bash_operator.py for tasks to queue
[2024-12-02T10:46:13.696+0000] {logging_mixin.py:190} INFO - [2024-12-02T10:46:13.696+0000] {dagbag.py:588} INFO - Filling up the DagBag from /home/airflow/.local/lib/python3.12/site-packages/airflow/example_dags/example_bash_operator.py
[2024-12-02T10:46:13.739+0000] {processor.py:925} INFO - DAG(s) 'example_bash_operator' retrieved from /home/airflow/.local/lib/python3.12/site-packages/airflow/example_dags/example_bash_operator.py
[2024-12-02T10:46:13.773+0000] {logging_mixin.py:190} INFO - [2024-12-02T10:46:13.772+0000] {dag.py:3239} INFO - Sync 1 DAGs
[2024-12-02T10:46:13.822+0000] {logging_mixin.py:190} INFO - [2024-12-02T10:46:13.822+0000] {dag.py:4180} INFO - Setting next_dagrun for example_bash_operator to 2024-12-01 00:00:00+00:00, run_after=2024-12-02 00:00:00+00:00
[2024-12-02T10:46:13.853+0000] {processor.py:208} INFO - Processing /home/airflow/.local/lib/python3.12/site-packages/airflow/example_dags/example_bash_operator.py took 0.183 seconds
[2024-12-02T10:46:48.811+0000] {processor.py:186} INFO - Started process (PID=631) to work on /home/airflow/.local/lib/python3.12/site-packages/airflow/example_dags/example_bash_operator.py
[2024-12-02T10:46:48.813+0000] {processor.py:914} INFO - Processing file /home/airflow/.local/lib/python3.12/site-packages/airflow/example_dags/example_bash_operator.py for tasks to queue
[2024-12-02T10:46:48.818+0000] {logging_mixin.py:190} INFO - [2024-12-02T10:46:48.817+0000] {dagbag.py:588} INFO - Filling up the DagBag from /home/airflow/.local/lib/python3.12/site-packages/airflow/example_dags/example_bash_operator.py
[2024-12-02T10:46:48.846+0000] {processor.py:925} INFO - DAG(s) 'example_bash_operator' retrieved from /home/airflow/.local/lib/python3.12/site-packages/airflow/example_dags/example_bash_operator.py
[2024-12-02T10:46:48.878+0000] {logging_mixin.py:190} INFO - [2024-12-02T10:46:48.878+0000] {dag.py:3239} INFO - Sync 1 DAGs
[2024-12-02T10:46:48.900+0000] {logging_mixin.py:190} INFO - [2024-12-02T10:46:48.900+0000] {dag.py:4180} INFO - Setting next_dagrun for example_bash_operator to 2024-12-01 00:00:00+00:00, run_after=2024-12-02 00:00:00+00:00
[2024-12-02T10:46:48.915+0000] {processor.py:208} INFO - Processing /home/airflow/.local/lib/python3.12/site-packages/airflow/example_dags/example_bash_operator.py took 0.115 seconds
[2024-12-02T10:50:36.871+0000] {processor.py:186} INFO - Started process (PID=692) to work on /home/airflow/.local/lib/python3.12/site-packages/airflow/example_dags/example_bash_operator.py
[2024-12-02T10:50:38.163+0000] {processor.py:914} INFO - Processing file /home/airflow/.local/lib/python3.12/site-packages/airflow/example_dags/example_bash_operator.py for tasks to queue
[2024-12-02T10:50:38.221+0000] {logging_mixin.py:190} INFO - [2024-12-02T10:50:38.208+0000] {dagbag.py:588} INFO - Filling up the DagBag from /home/airflow/.local/lib/python3.12/site-packages/airflow/example_dags/example_bash_operator.py
[2024-12-02T10:50:38.763+0000] {processor.py:925} INFO - DAG(s) 'example_bash_operator' retrieved from /home/airflow/.local/lib/python3.12/site-packages/airflow/example_dags/example_bash_operator.py
[2024-12-02T10:50:44.942+0000] {logging_mixin.py:190} INFO - [2024-12-02T10:50:44.933+0000] {dag.py:3239} INFO - Sync 1 DAGs
[2024-12-02T10:50:45.294+0000] {logging_mixin.py:190} INFO - [2024-12-02T10:50:45.293+0000] {dag.py:4180} INFO - Setting next_dagrun for example_bash_operator to 2024-12-01 00:00:00+00:00, run_after=2024-12-02 00:00:00+00:00
[2024-12-02T10:50:45.485+0000] {processor.py:208} INFO - Processing /home/airflow/.local/lib/python3.12/site-packages/airflow/example_dags/example_bash_operator.py took 9.230 seconds
[2024-12-02T10:58:12.044+0000] {processor.py:186} INFO - Started process (PID=81) to work on /home/airflow/.local/lib/python3.12/site-packages/airflow/example_dags/example_bash_operator.py
[2024-12-02T10:58:12.096+0000] {processor.py:914} INFO - Processing file /home/airflow/.local/lib/python3.12/site-packages/airflow/example_dags/example_bash_operator.py for tasks to queue
[2024-12-02T10:58:12.133+0000] {logging_mixin.py:190} INFO - [2024-12-02T10:58:12.126+0000] {dagbag.py:588} INFO - Filling up the DagBag from /home/airflow/.local/lib/python3.12/site-packages/airflow/example_dags/example_bash_operator.py
[2024-12-02T10:58:12.219+0000] {processor.py:925} INFO - DAG(s) 'example_bash_operator' retrieved from /home/airflow/.local/lib/python3.12/site-packages/airflow/example_dags/example_bash_operator.py
[2024-12-02T10:58:12.436+0000] {logging_mixin.py:190} INFO - [2024-12-02T10:58:12.436+0000] {dag.py:3239} INFO - Sync 1 DAGs
[2024-12-02T10:58:12.575+0000] {logging_mixin.py:190} INFO - [2024-12-02T10:58:12.575+0000] {dag.py:4180} INFO - Setting next_dagrun for example_bash_operator to 2024-12-01 00:00:00+00:00, run_after=2024-12-02 00:00:00+00:00
[2024-12-02T10:58:12.767+0000] {processor.py:208} INFO - Processing /home/airflow/.local/lib/python3.12/site-packages/airflow/example_dags/example_bash_operator.py took 0.729 seconds
[2024-12-02T10:58:42.878+0000] {processor.py:186} INFO - Started process (PID=144) to work on /home/airflow/.local/lib/python3.12/site-packages/airflow/example_dags/example_bash_operator.py
[2024-12-02T10:58:42.880+0000] {processor.py:914} INFO - Processing file /home/airflow/.local/lib/python3.12/site-packages/airflow/example_dags/example_bash_operator.py for tasks to queue
[2024-12-02T10:58:42.882+0000] {logging_mixin.py:190} INFO - [2024-12-02T10:58:42.882+0000] {dagbag.py:588} INFO - Filling up the DagBag from /home/airflow/.local/lib/python3.12/site-packages/airflow/example_dags/example_bash_operator.py
[2024-12-02T10:58:42.895+0000] {processor.py:925} INFO - DAG(s) 'example_bash_operator' retrieved from /home/airflow/.local/lib/python3.12/site-packages/airflow/example_dags/example_bash_operator.py
[2024-12-02T10:58:42.925+0000] {logging_mixin.py:190} INFO - [2024-12-02T10:58:42.925+0000] {dag.py:3239} INFO - Sync 1 DAGs
[2024-12-02T10:58:42.944+0000] {logging_mixin.py:190} INFO - [2024-12-02T10:58:42.944+0000] {dag.py:4180} INFO - Setting next_dagrun for example_bash_operator to 2024-12-01 00:00:00+00:00, run_after=2024-12-02 00:00:00+00:00
[2024-12-02T10:58:42.961+0000] {processor.py:208} INFO - Processing /home/airflow/.local/lib/python3.12/site-packages/airflow/example_dags/example_bash_operator.py took 0.088 seconds
[2024-12-02T10:59:13.011+0000] {processor.py:186} INFO - Started process (PID=208) to work on /home/airflow/.local/lib/python3.12/site-packages/airflow/example_dags/example_bash_operator.py
[2024-12-02T10:59:13.013+0000] {processor.py:914} INFO - Processing file /home/airflow/.local/lib/python3.12/site-packages/airflow/example_dags/example_bash_operator.py for tasks to queue
[2024-12-02T10:59:13.015+0000] {logging_mixin.py:190} INFO - [2024-12-02T10:59:13.014+0000] {dagbag.py:588} INFO - Filling up the DagBag from /home/airflow/.local/lib/python3.12/site-packages/airflow/example_dags/example_bash_operator.py
[2024-12-02T10:59:13.029+0000] {processor.py:925} INFO - DAG(s) 'example_bash_operator' retrieved from /home/airflow/.local/lib/python3.12/site-packages/airflow/example_dags/example_bash_operator.py
[2024-12-02T10:59:13.057+0000] {logging_mixin.py:190} INFO - [2024-12-02T10:59:13.056+0000] {dag.py:3239} INFO - Sync 1 DAGs
[2024-12-02T10:59:13.080+0000] {logging_mixin.py:190} INFO - [2024-12-02T10:59:13.080+0000] {dag.py:4180} INFO - Setting next_dagrun for example_bash_operator to 2024-12-01 00:00:00+00:00, run_after=2024-12-02 00:00:00+00:00
[2024-12-02T10:59:13.101+0000] {processor.py:208} INFO - Processing /home/airflow/.local/lib/python3.12/site-packages/airflow/example_dags/example_bash_operator.py took 0.096 seconds
[2024-12-02T10:59:46.728+0000] {processor.py:186} INFO - Started process (PID=272) to work on /home/airflow/.local/lib/python3.12/site-packages/airflow/example_dags/example_bash_operator.py
[2024-12-02T10:59:46.736+0000] {processor.py:914} INFO - Processing file /home/airflow/.local/lib/python3.12/site-packages/airflow/example_dags/example_bash_operator.py for tasks to queue
[2024-12-02T10:59:46.738+0000] {logging_mixin.py:190} INFO - [2024-12-02T10:59:46.738+0000] {dagbag.py:588} INFO - Filling up the DagBag from /home/airflow/.local/lib/python3.12/site-packages/airflow/example_dags/example_bash_operator.py
[2024-12-02T10:59:46.789+0000] {processor.py:925} INFO - DAG(s) 'example_bash_operator' retrieved from /home/airflow/.local/lib/python3.12/site-packages/airflow/example_dags/example_bash_operator.py
[2024-12-02T10:59:46.838+0000] {logging_mixin.py:190} INFO - [2024-12-02T10:59:46.837+0000] {dag.py:3239} INFO - Sync 1 DAGs
[2024-12-02T10:59:46.943+0000] {logging_mixin.py:190} INFO - [2024-12-02T10:59:46.943+0000] {dag.py:4180} INFO - Setting next_dagrun for example_bash_operator to 2024-12-01 00:00:00+00:00, run_after=2024-12-02 00:00:00+00:00
[2024-12-02T10:59:47.024+0000] {processor.py:208} INFO - Processing /home/airflow/.local/lib/python3.12/site-packages/airflow/example_dags/example_bash_operator.py took 0.341 seconds
[2024-12-02T11:00:17.744+0000] {processor.py:186} INFO - Started process (PID=335) to work on /home/airflow/.local/lib/python3.12/site-packages/airflow/example_dags/example_bash_operator.py
[2024-12-02T11:00:17.744+0000] {processor.py:914} INFO - Processing file /home/airflow/.local/lib/python3.12/site-packages/airflow/example_dags/example_bash_operator.py for tasks to queue
[2024-12-02T11:00:17.746+0000] {logging_mixin.py:190} INFO - [2024-12-02T11:00:17.746+0000] {dagbag.py:588} INFO - Filling up the DagBag from /home/airflow/.local/lib/python3.12/site-packages/airflow/example_dags/example_bash_operator.py
[2024-12-02T11:00:17.758+0000] {processor.py:925} INFO - DAG(s) 'example_bash_operator' retrieved from /home/airflow/.local/lib/python3.12/site-packages/airflow/example_dags/example_bash_operator.py
[2024-12-02T11:00:17.775+0000] {logging_mixin.py:190} INFO - [2024-12-02T11:00:17.775+0000] {dag.py:3239} INFO - Sync 1 DAGs
[2024-12-02T11:00:17.792+0000] {logging_mixin.py:190} INFO - [2024-12-02T11:00:17.791+0000] {dag.py:4180} INFO - Setting next_dagrun for example_bash_operator to 2024-12-01 00:00:00+00:00, run_after=2024-12-02 00:00:00+00:00
[2024-12-02T11:00:17.805+0000] {processor.py:208} INFO - Processing /home/airflow/.local/lib/python3.12/site-packages/airflow/example_dags/example_bash_operator.py took 0.066 seconds
[2024-12-02T11:00:50.474+0000] {processor.py:186} INFO - Started process (PID=399) to work on /home/airflow/.local/lib/python3.12/site-packages/airflow/example_dags/example_bash_operator.py
[2024-12-02T11:00:50.479+0000] {processor.py:914} INFO - Processing file /home/airflow/.local/lib/python3.12/site-packages/airflow/example_dags/example_bash_operator.py for tasks to queue
[2024-12-02T11:00:50.481+0000] {logging_mixin.py:190} INFO - [2024-12-02T11:00:50.480+0000] {dagbag.py:588} INFO - Filling up the DagBag from /home/airflow/.local/lib/python3.12/site-packages/airflow/example_dags/example_bash_operator.py
[2024-12-02T11:00:50.526+0000] {processor.py:925} INFO - DAG(s) 'example_bash_operator' retrieved from /home/airflow/.local/lib/python3.12/site-packages/airflow/example_dags/example_bash_operator.py
[2024-12-02T11:00:50.612+0000] {logging_mixin.py:190} INFO - [2024-12-02T11:00:50.612+0000] {dag.py:3239} INFO - Sync 1 DAGs
[2024-12-02T11:00:50.675+0000] {logging_mixin.py:190} INFO - [2024-12-02T11:00:50.675+0000] {dag.py:4180} INFO - Setting next_dagrun for example_bash_operator to 2024-12-01 00:00:00+00:00, run_after=2024-12-02 00:00:00+00:00
[2024-12-02T11:00:50.726+0000] {processor.py:208} INFO - Processing /home/airflow/.local/lib/python3.12/site-packages/airflow/example_dags/example_bash_operator.py took 0.288 seconds
[2024-12-02T11:01:20.994+0000] {processor.py:186} INFO - Started process (PID=462) to work on /home/airflow/.local/lib/python3.12/site-packages/airflow/example_dags/example_bash_operator.py
[2024-12-02T11:01:20.995+0000] {processor.py:914} INFO - Processing file /home/airflow/.local/lib/python3.12/site-packages/airflow/example_dags/example_bash_operator.py for tasks to queue
[2024-12-02T11:01:20.997+0000] {logging_mixin.py:190} INFO - [2024-12-02T11:01:20.996+0000] {dagbag.py:588} INFO - Filling up the DagBag from /home/airflow/.local/lib/python3.12/site-packages/airflow/example_dags/example_bash_operator.py
[2024-12-02T11:01:21.006+0000] {processor.py:925} INFO - DAG(s) 'example_bash_operator' retrieved from /home/airflow/.local/lib/python3.12/site-packages/airflow/example_dags/example_bash_operator.py
[2024-12-02T11:01:21.027+0000] {logging_mixin.py:190} INFO - [2024-12-02T11:01:21.027+0000] {dag.py:3239} INFO - Sync 1 DAGs
[2024-12-02T11:01:21.047+0000] {logging_mixin.py:190} INFO - [2024-12-02T11:01:21.047+0000] {dag.py:4180} INFO - Setting next_dagrun for example_bash_operator to 2024-12-01 00:00:00+00:00, run_after=2024-12-02 00:00:00+00:00
[2024-12-02T11:01:21.063+0000] {processor.py:208} INFO - Processing /home/airflow/.local/lib/python3.12/site-packages/airflow/example_dags/example_bash_operator.py took 0.074 seconds
[2024-12-02T11:01:51.760+0000] {processor.py:186} INFO - Started process (PID=526) to work on /home/airflow/.local/lib/python3.12/site-packages/airflow/example_dags/example_bash_operator.py
[2024-12-02T11:01:51.767+0000] {processor.py:914} INFO - Processing file /home/airflow/.local/lib/python3.12/site-packages/airflow/example_dags/example_bash_operator.py for tasks to queue
[2024-12-02T11:01:51.769+0000] {logging_mixin.py:190} INFO - [2024-12-02T11:01:51.769+0000] {dagbag.py:588} INFO - Filling up the DagBag from /home/airflow/.local/lib/python3.12/site-packages/airflow/example_dags/example_bash_operator.py
[2024-12-02T11:01:51.790+0000] {processor.py:925} INFO - DAG(s) 'example_bash_operator' retrieved from /home/airflow/.local/lib/python3.12/site-packages/airflow/example_dags/example_bash_operator.py
[2024-12-02T11:01:51.821+0000] {logging_mixin.py:190} INFO - [2024-12-02T11:01:51.821+0000] {dag.py:3239} INFO - Sync 1 DAGs
[2024-12-02T11:01:51.842+0000] {logging_mixin.py:190} INFO - [2024-12-02T11:01:51.842+0000] {dag.py:4180} INFO - Setting next_dagrun for example_bash_operator to 2024-12-01 00:00:00+00:00, run_after=2024-12-02 00:00:00+00:00
[2024-12-02T11:01:51.859+0000] {processor.py:208} INFO - Processing /home/airflow/.local/lib/python3.12/site-packages/airflow/example_dags/example_bash_operator.py took 0.109 seconds
[2024-12-02T11:02:22.167+0000] {processor.py:186} INFO - Started process (PID=588) to work on /home/airflow/.local/lib/python3.12/site-packages/airflow/example_dags/example_bash_operator.py
[2024-12-02T11:02:22.168+0000] {processor.py:914} INFO - Processing file /home/airflow/.local/lib/python3.12/site-packages/airflow/example_dags/example_bash_operator.py for tasks to queue
[2024-12-02T11:02:22.169+0000] {logging_mixin.py:190} INFO - [2024-12-02T11:02:22.169+0000] {dagbag.py:588} INFO - Filling up the DagBag from /home/airflow/.local/lib/python3.12/site-packages/airflow/example_dags/example_bash_operator.py
[2024-12-02T11:02:22.179+0000] {processor.py:925} INFO - DAG(s) 'example_bash_operator' retrieved from /home/airflow/.local/lib/python3.12/site-packages/airflow/example_dags/example_bash_operator.py
[2024-12-02T11:02:22.235+0000] {logging_mixin.py:190} INFO - [2024-12-02T11:02:22.235+0000] {dag.py:3239} INFO - Sync 1 DAGs
[2024-12-02T11:02:22.279+0000] {logging_mixin.py:190} INFO - [2024-12-02T11:02:22.279+0000] {dag.py:4180} INFO - Setting next_dagrun for example_bash_operator to 2024-12-01 00:00:00+00:00, run_after=2024-12-02 00:00:00+00:00
[2024-12-02T11:02:22.412+0000] {processor.py:208} INFO - Processing /home/airflow/.local/lib/python3.12/site-packages/airflow/example_dags/example_bash_operator.py took 0.250 seconds
[2024-12-02T11:02:52.760+0000] {processor.py:186} INFO - Started process (PID=652) to work on /home/airflow/.local/lib/python3.12/site-packages/airflow/example_dags/example_bash_operator.py
[2024-12-02T11:02:52.763+0000] {processor.py:914} INFO - Processing file /home/airflow/.local/lib/python3.12/site-packages/airflow/example_dags/example_bash_operator.py for tasks to queue
[2024-12-02T11:02:52.765+0000] {logging_mixin.py:190} INFO - [2024-12-02T11:02:52.765+0000] {dagbag.py:588} INFO - Filling up the DagBag from /home/airflow/.local/lib/python3.12/site-packages/airflow/example_dags/example_bash_operator.py
[2024-12-02T11:02:52.775+0000] {processor.py:925} INFO - DAG(s) 'example_bash_operator' retrieved from /home/airflow/.local/lib/python3.12/site-packages/airflow/example_dags/example_bash_operator.py
[2024-12-02T11:02:52.852+0000] {logging_mixin.py:190} INFO - [2024-12-02T11:02:52.851+0000] {dag.py:3239} INFO - Sync 1 DAGs
[2024-12-02T11:02:52.878+0000] {logging_mixin.py:190} INFO - [2024-12-02T11:02:52.878+0000] {dag.py:4180} INFO - Setting next_dagrun for example_bash_operator to 2024-12-01 00:00:00+00:00, run_after=2024-12-02 00:00:00+00:00
[2024-12-02T11:02:52.901+0000] {processor.py:208} INFO - Processing /home/airflow/.local/lib/python3.12/site-packages/airflow/example_dags/example_bash_operator.py took 0.145 seconds
[2024-12-02T11:03:23.093+0000] {processor.py:186} INFO - Started process (PID=716) to work on /home/airflow/.local/lib/python3.12/site-packages/airflow/example_dags/example_bash_operator.py
[2024-12-02T11:03:23.163+0000] {processor.py:914} INFO - Processing file /home/airflow/.local/lib/python3.12/site-packages/airflow/example_dags/example_bash_operator.py for tasks to queue
[2024-12-02T11:03:23.206+0000] {logging_mixin.py:190} INFO - [2024-12-02T11:03:23.206+0000] {dagbag.py:588} INFO - Filling up the DagBag from /home/airflow/.local/lib/python3.12/site-packages/airflow/example_dags/example_bash_operator.py
[2024-12-02T11:03:23.296+0000] {processor.py:925} INFO - DAG(s) 'example_bash_operator' retrieved from /home/airflow/.local/lib/python3.12/site-packages/airflow/example_dags/example_bash_operator.py
[2024-12-02T11:03:23.427+0000] {logging_mixin.py:190} INFO - [2024-12-02T11:03:23.427+0000] {dag.py:3239} INFO - Sync 1 DAGs
[2024-12-02T11:03:23.562+0000] {logging_mixin.py:190} INFO - [2024-12-02T11:03:23.562+0000] {dag.py:4180} INFO - Setting next_dagrun for example_bash_operator to 2024-12-01 00:00:00+00:00, run_after=2024-12-02 00:00:00+00:00
[2024-12-02T11:03:23.673+0000] {processor.py:208} INFO - Processing /home/airflow/.local/lib/python3.12/site-packages/airflow/example_dags/example_bash_operator.py took 0.583 seconds
[2024-12-02T11:03:54.473+0000] {processor.py:186} INFO - Started process (PID=774) to work on /home/airflow/.local/lib/python3.12/site-packages/airflow/example_dags/example_bash_operator.py
[2024-12-02T11:03:54.479+0000] {processor.py:914} INFO - Processing file /home/airflow/.local/lib/python3.12/site-packages/airflow/example_dags/example_bash_operator.py for tasks to queue
[2024-12-02T11:03:54.481+0000] {logging_mixin.py:190} INFO - [2024-12-02T11:03:54.481+0000] {dagbag.py:588} INFO - Filling up the DagBag from /home/airflow/.local/lib/python3.12/site-packages/airflow/example_dags/example_bash_operator.py
[2024-12-02T11:03:54.497+0000] {processor.py:925} INFO - DAG(s) 'example_bash_operator' retrieved from /home/airflow/.local/lib/python3.12/site-packages/airflow/example_dags/example_bash_operator.py
[2024-12-02T11:03:54.542+0000] {logging_mixin.py:190} INFO - [2024-12-02T11:03:54.542+0000] {dag.py:3239} INFO - Sync 1 DAGs
[2024-12-02T11:03:54.588+0000] {logging_mixin.py:190} INFO - [2024-12-02T11:03:54.588+0000] {dag.py:4180} INFO - Setting next_dagrun for example_bash_operator to 2024-12-01 00:00:00+00:00, run_after=2024-12-02 00:00:00+00:00
[2024-12-02T11:03:54.614+0000] {processor.py:208} INFO - Processing /home/airflow/.local/lib/python3.12/site-packages/airflow/example_dags/example_bash_operator.py took 0.154 seconds
[2024-12-02T11:04:26.134+0000] {processor.py:186} INFO - Started process (PID=816) to work on /home/airflow/.local/lib/python3.12/site-packages/airflow/example_dags/example_bash_operator.py
[2024-12-02T11:04:26.134+0000] {processor.py:914} INFO - Processing file /home/airflow/.local/lib/python3.12/site-packages/airflow/example_dags/example_bash_operator.py for tasks to queue
[2024-12-02T11:04:26.136+0000] {logging_mixin.py:190} INFO - [2024-12-02T11:04:26.136+0000] {dagbag.py:588} INFO - Filling up the DagBag from /home/airflow/.local/lib/python3.12/site-packages/airflow/example_dags/example_bash_operator.py
[2024-12-02T11:04:26.150+0000] {processor.py:925} INFO - DAG(s) 'example_bash_operator' retrieved from /home/airflow/.local/lib/python3.12/site-packages/airflow/example_dags/example_bash_operator.py
[2024-12-02T11:04:26.188+0000] {logging_mixin.py:190} INFO - [2024-12-02T11:04:26.187+0000] {dag.py:3239} INFO - Sync 1 DAGs
[2024-12-02T11:04:26.225+0000] {logging_mixin.py:190} INFO - [2024-12-02T11:04:26.225+0000] {dag.py:4180} INFO - Setting next_dagrun for example_bash_operator to 2024-12-01 00:00:00+00:00, run_after=2024-12-02 00:00:00+00:00
[2024-12-02T11:04:26.247+0000] {processor.py:208} INFO - Processing /home/airflow/.local/lib/python3.12/site-packages/airflow/example_dags/example_bash_operator.py took 0.127 seconds
[2024-12-02T11:04:56.430+0000] {processor.py:186} INFO - Started process (PID=880) to work on /home/airflow/.local/lib/python3.12/site-packages/airflow/example_dags/example_bash_operator.py
[2024-12-02T11:04:56.440+0000] {processor.py:914} INFO - Processing file /home/airflow/.local/lib/python3.12/site-packages/airflow/example_dags/example_bash_operator.py for tasks to queue
[2024-12-02T11:04:56.446+0000] {logging_mixin.py:190} INFO - [2024-12-02T11:04:56.446+0000] {dagbag.py:588} INFO - Filling up the DagBag from /home/airflow/.local/lib/python3.12/site-packages/airflow/example_dags/example_bash_operator.py
[2024-12-02T11:04:56.472+0000] {processor.py:925} INFO - DAG(s) 'example_bash_operator' retrieved from /home/airflow/.local/lib/python3.12/site-packages/airflow/example_dags/example_bash_operator.py
[2024-12-02T11:04:56.509+0000] {logging_mixin.py:190} INFO - [2024-12-02T11:04:56.508+0000] {dag.py:3239} INFO - Sync 1 DAGs
[2024-12-02T11:04:56.536+0000] {logging_mixin.py:190} INFO - [2024-12-02T11:04:56.536+0000] {dag.py:4180} INFO - Setting next_dagrun for example_bash_operator to 2024-12-01 00:00:00+00:00, run_after=2024-12-02 00:00:00+00:00
[2024-12-02T11:04:56.568+0000] {processor.py:208} INFO - Processing /home/airflow/.local/lib/python3.12/site-packages/airflow/example_dags/example_bash_operator.py took 0.142 seconds
[2024-12-02T11:05:27.272+0000] {processor.py:186} INFO - Started process (PID=944) to work on /home/airflow/.local/lib/python3.12/site-packages/airflow/example_dags/example_bash_operator.py
[2024-12-02T11:05:27.273+0000] {processor.py:914} INFO - Processing file /home/airflow/.local/lib/python3.12/site-packages/airflow/example_dags/example_bash_operator.py for tasks to queue
[2024-12-02T11:05:27.274+0000] {logging_mixin.py:190} INFO - [2024-12-02T11:05:27.274+0000] {dagbag.py:588} INFO - Filling up the DagBag from /home/airflow/.local/lib/python3.12/site-packages/airflow/example_dags/example_bash_operator.py
[2024-12-02T11:05:27.284+0000] {processor.py:925} INFO - DAG(s) 'example_bash_operator' retrieved from /home/airflow/.local/lib/python3.12/site-packages/airflow/example_dags/example_bash_operator.py
[2024-12-02T11:05:27.300+0000] {logging_mixin.py:190} INFO - [2024-12-02T11:05:27.300+0000] {dag.py:3239} INFO - Sync 1 DAGs
[2024-12-02T11:05:27.319+0000] {logging_mixin.py:190} INFO - [2024-12-02T11:05:27.319+0000] {dag.py:4180} INFO - Setting next_dagrun for example_bash_operator to 2024-12-01 00:00:00+00:00, run_after=2024-12-02 00:00:00+00:00
[2024-12-02T11:05:27.336+0000] {processor.py:208} INFO - Processing /home/airflow/.local/lib/python3.12/site-packages/airflow/example_dags/example_bash_operator.py took 0.068 seconds
[2024-12-02T11:05:57.691+0000] {processor.py:186} INFO - Started process (PID=1008) to work on /home/airflow/.local/lib/python3.12/site-packages/airflow/example_dags/example_bash_operator.py
[2024-12-02T11:05:57.692+0000] {processor.py:914} INFO - Processing file /home/airflow/.local/lib/python3.12/site-packages/airflow/example_dags/example_bash_operator.py for tasks to queue
[2024-12-02T11:05:57.695+0000] {logging_mixin.py:190} INFO - [2024-12-02T11:05:57.694+0000] {dagbag.py:588} INFO - Filling up the DagBag from /home/airflow/.local/lib/python3.12/site-packages/airflow/example_dags/example_bash_operator.py
[2024-12-02T11:05:57.706+0000] {processor.py:925} INFO - DAG(s) 'example_bash_operator' retrieved from /home/airflow/.local/lib/python3.12/site-packages/airflow/example_dags/example_bash_operator.py
[2024-12-02T11:05:57.728+0000] {logging_mixin.py:190} INFO - [2024-12-02T11:05:57.728+0000] {dag.py:3239} INFO - Sync 1 DAGs
[2024-12-02T11:05:57.747+0000] {logging_mixin.py:190} INFO - [2024-12-02T11:05:57.747+0000] {dag.py:4180} INFO - Setting next_dagrun for example_bash_operator to 2024-12-01 00:00:00+00:00, run_after=2024-12-02 00:00:00+00:00
[2024-12-02T11:05:57.759+0000] {processor.py:208} INFO - Processing /home/airflow/.local/lib/python3.12/site-packages/airflow/example_dags/example_bash_operator.py took 0.072 seconds
[2024-12-02T11:06:28.421+0000] {processor.py:186} INFO - Started process (PID=1073) to work on /home/airflow/.local/lib/python3.12/site-packages/airflow/example_dags/example_bash_operator.py
[2024-12-02T11:06:28.432+0000] {processor.py:914} INFO - Processing file /home/airflow/.local/lib/python3.12/site-packages/airflow/example_dags/example_bash_operator.py for tasks to queue
[2024-12-02T11:06:28.440+0000] {logging_mixin.py:190} INFO - [2024-12-02T11:06:28.439+0000] {dagbag.py:588} INFO - Filling up the DagBag from /home/airflow/.local/lib/python3.12/site-packages/airflow/example_dags/example_bash_operator.py
[2024-12-02T11:06:28.491+0000] {processor.py:925} INFO - DAG(s) 'example_bash_operator' retrieved from /home/airflow/.local/lib/python3.12/site-packages/airflow/example_dags/example_bash_operator.py
[2024-12-02T11:06:28.529+0000] {logging_mixin.py:190} INFO - [2024-12-02T11:06:28.528+0000] {dag.py:3239} INFO - Sync 1 DAGs
[2024-12-02T11:06:28.596+0000] {logging_mixin.py:190} INFO - [2024-12-02T11:06:28.596+0000] {dag.py:4180} INFO - Setting next_dagrun for example_bash_operator to 2024-12-01 00:00:00+00:00, run_after=2024-12-02 00:00:00+00:00
[2024-12-02T11:06:28.667+0000] {processor.py:208} INFO - Processing /home/airflow/.local/lib/python3.12/site-packages/airflow/example_dags/example_bash_operator.py took 0.250 seconds
[2024-12-02T11:06:58.718+0000] {processor.py:186} INFO - Started process (PID=1136) to work on /home/airflow/.local/lib/python3.12/site-packages/airflow/example_dags/example_bash_operator.py
[2024-12-02T11:06:58.719+0000] {processor.py:914} INFO - Processing file /home/airflow/.local/lib/python3.12/site-packages/airflow/example_dags/example_bash_operator.py for tasks to queue
[2024-12-02T11:06:58.721+0000] {logging_mixin.py:190} INFO - [2024-12-02T11:06:58.721+0000] {dagbag.py:588} INFO - Filling up the DagBag from /home/airflow/.local/lib/python3.12/site-packages/airflow/example_dags/example_bash_operator.py
[2024-12-02T11:06:58.730+0000] {processor.py:925} INFO - DAG(s) 'example_bash_operator' retrieved from /home/airflow/.local/lib/python3.12/site-packages/airflow/example_dags/example_bash_operator.py
[2024-12-02T11:06:58.748+0000] {logging_mixin.py:190} INFO - [2024-12-02T11:06:58.748+0000] {dag.py:3239} INFO - Sync 1 DAGs
[2024-12-02T11:06:58.764+0000] {logging_mixin.py:190} INFO - [2024-12-02T11:06:58.764+0000] {dag.py:4180} INFO - Setting next_dagrun for example_bash_operator to 2024-12-01 00:00:00+00:00, run_after=2024-12-02 00:00:00+00:00
[2024-12-02T11:06:58.779+0000] {processor.py:208} INFO - Processing /home/airflow/.local/lib/python3.12/site-packages/airflow/example_dags/example_bash_operator.py took 0.065 seconds
[2024-12-02T11:07:29.561+0000] {processor.py:186} INFO - Started process (PID=1200) to work on /home/airflow/.local/lib/python3.12/site-packages/airflow/example_dags/example_bash_operator.py
[2024-12-02T11:07:29.562+0000] {processor.py:914} INFO - Processing file /home/airflow/.local/lib/python3.12/site-packages/airflow/example_dags/example_bash_operator.py for tasks to queue
[2024-12-02T11:07:29.563+0000] {logging_mixin.py:190} INFO - [2024-12-02T11:07:29.563+0000] {dagbag.py:588} INFO - Filling up the DagBag from /home/airflow/.local/lib/python3.12/site-packages/airflow/example_dags/example_bash_operator.py
[2024-12-02T11:07:29.572+0000] {processor.py:925} INFO - DAG(s) 'example_bash_operator' retrieved from /home/airflow/.local/lib/python3.12/site-packages/airflow/example_dags/example_bash_operator.py
[2024-12-02T11:07:29.589+0000] {logging_mixin.py:190} INFO - [2024-12-02T11:07:29.589+0000] {dag.py:3239} INFO - Sync 1 DAGs
[2024-12-02T11:07:29.608+0000] {logging_mixin.py:190} INFO - [2024-12-02T11:07:29.607+0000] {dag.py:4180} INFO - Setting next_dagrun for example_bash_operator to 2024-12-01 00:00:00+00:00, run_after=2024-12-02 00:00:00+00:00
[2024-12-02T11:07:29.623+0000] {processor.py:208} INFO - Processing /home/airflow/.local/lib/python3.12/site-packages/airflow/example_dags/example_bash_operator.py took 0.067 seconds
[2024-12-02T11:07:59.940+0000] {processor.py:186} INFO - Started process (PID=1263) to work on /home/airflow/.local/lib/python3.12/site-packages/airflow/example_dags/example_bash_operator.py
[2024-12-02T11:07:59.940+0000] {processor.py:914} INFO - Processing file /home/airflow/.local/lib/python3.12/site-packages/airflow/example_dags/example_bash_operator.py for tasks to queue
[2024-12-02T11:07:59.942+0000] {logging_mixin.py:190} INFO - [2024-12-02T11:07:59.942+0000] {dagbag.py:588} INFO - Filling up the DagBag from /home/airflow/.local/lib/python3.12/site-packages/airflow/example_dags/example_bash_operator.py
[2024-12-02T11:07:59.953+0000] {processor.py:925} INFO - DAG(s) 'example_bash_operator' retrieved from /home/airflow/.local/lib/python3.12/site-packages/airflow/example_dags/example_bash_operator.py
[2024-12-02T11:07:59.975+0000] {logging_mixin.py:190} INFO - [2024-12-02T11:07:59.974+0000] {dag.py:3239} INFO - Sync 1 DAGs
[2024-12-02T11:07:59.994+0000] {logging_mixin.py:190} INFO - [2024-12-02T11:07:59.994+0000] {dag.py:4180} INFO - Setting next_dagrun for example_bash_operator to 2024-12-01 00:00:00+00:00, run_after=2024-12-02 00:00:00+00:00
[2024-12-02T11:08:00.015+0000] {processor.py:208} INFO - Processing /home/airflow/.local/lib/python3.12/site-packages/airflow/example_dags/example_bash_operator.py took 0.080 seconds
[2024-12-02T11:08:30.199+0000] {processor.py:186} INFO - Started process (PID=1327) to work on /home/airflow/.local/lib/python3.12/site-packages/airflow/example_dags/example_bash_operator.py
[2024-12-02T11:08:30.200+0000] {processor.py:914} INFO - Processing file /home/airflow/.local/lib/python3.12/site-packages/airflow/example_dags/example_bash_operator.py for tasks to queue
[2024-12-02T11:08:30.203+0000] {logging_mixin.py:190} INFO - [2024-12-02T11:08:30.202+0000] {dagbag.py:588} INFO - Filling up the DagBag from /home/airflow/.local/lib/python3.12/site-packages/airflow/example_dags/example_bash_operator.py
[2024-12-02T11:08:30.230+0000] {processor.py:925} INFO - DAG(s) 'example_bash_operator' retrieved from /home/airflow/.local/lib/python3.12/site-packages/airflow/example_dags/example_bash_operator.py
[2024-12-02T11:08:30.274+0000] {logging_mixin.py:190} INFO - [2024-12-02T11:08:30.273+0000] {dag.py:3239} INFO - Sync 1 DAGs
[2024-12-02T11:08:30.311+0000] {logging_mixin.py:190} INFO - [2024-12-02T11:08:30.311+0000] {dag.py:4180} INFO - Setting next_dagrun for example_bash_operator to 2024-12-01 00:00:00+00:00, run_after=2024-12-02 00:00:00+00:00
[2024-12-02T11:08:30.355+0000] {processor.py:208} INFO - Processing /home/airflow/.local/lib/python3.12/site-packages/airflow/example_dags/example_bash_operator.py took 0.160 seconds
[2024-12-02T11:09:01.104+0000] {processor.py:186} INFO - Started process (PID=1391) to work on /home/airflow/.local/lib/python3.12/site-packages/airflow/example_dags/example_bash_operator.py
[2024-12-02T11:09:01.110+0000] {processor.py:914} INFO - Processing file /home/airflow/.local/lib/python3.12/site-packages/airflow/example_dags/example_bash_operator.py for tasks to queue
[2024-12-02T11:09:01.112+0000] {logging_mixin.py:190} INFO - [2024-12-02T11:09:01.112+0000] {dagbag.py:588} INFO - Filling up the DagBag from /home/airflow/.local/lib/python3.12/site-packages/airflow/example_dags/example_bash_operator.py
[2024-12-02T11:09:01.128+0000] {processor.py:925} INFO - DAG(s) 'example_bash_operator' retrieved from /home/airflow/.local/lib/python3.12/site-packages/airflow/example_dags/example_bash_operator.py
[2024-12-02T11:09:01.169+0000] {logging_mixin.py:190} INFO - [2024-12-02T11:09:01.169+0000] {dag.py:3239} INFO - Sync 1 DAGs
[2024-12-02T11:09:01.197+0000] {logging_mixin.py:190} INFO - [2024-12-02T11:09:01.197+0000] {dag.py:4180} INFO - Setting next_dagrun for example_bash_operator to 2024-12-01 00:00:00+00:00, run_after=2024-12-02 00:00:00+00:00
[2024-12-02T11:09:01.224+0000] {processor.py:208} INFO - Processing /home/airflow/.local/lib/python3.12/site-packages/airflow/example_dags/example_bash_operator.py took 0.126 seconds
[2024-12-02T11:09:31.997+0000] {processor.py:186} INFO - Started process (PID=1455) to work on /home/airflow/.local/lib/python3.12/site-packages/airflow/example_dags/example_bash_operator.py
[2024-12-02T11:09:32.008+0000] {processor.py:914} INFO - Processing file /home/airflow/.local/lib/python3.12/site-packages/airflow/example_dags/example_bash_operator.py for tasks to queue
[2024-12-02T11:09:32.010+0000] {logging_mixin.py:190} INFO - [2024-12-02T11:09:32.010+0000] {dagbag.py:588} INFO - Filling up the DagBag from /home/airflow/.local/lib/python3.12/site-packages/airflow/example_dags/example_bash_operator.py
[2024-12-02T11:09:32.027+0000] {processor.py:925} INFO - DAG(s) 'example_bash_operator' retrieved from /home/airflow/.local/lib/python3.12/site-packages/airflow/example_dags/example_bash_operator.py
[2024-12-02T11:09:32.090+0000] {logging_mixin.py:190} INFO - [2024-12-02T11:09:32.090+0000] {dag.py:3239} INFO - Sync 1 DAGs
[2024-12-02T11:09:32.159+0000] {logging_mixin.py:190} INFO - [2024-12-02T11:09:32.159+0000] {dag.py:4180} INFO - Setting next_dagrun for example_bash_operator to 2024-12-01 00:00:00+00:00, run_after=2024-12-02 00:00:00+00:00
[2024-12-02T11:09:32.177+0000] {processor.py:208} INFO - Processing /home/airflow/.local/lib/python3.12/site-packages/airflow/example_dags/example_bash_operator.py took 0.212 seconds
[2024-12-02T11:10:02.527+0000] {processor.py:186} INFO - Started process (PID=1518) to work on /home/airflow/.local/lib/python3.12/site-packages/airflow/example_dags/example_bash_operator.py
[2024-12-02T11:10:02.527+0000] {processor.py:914} INFO - Processing file /home/airflow/.local/lib/python3.12/site-packages/airflow/example_dags/example_bash_operator.py for tasks to queue
[2024-12-02T11:10:02.529+0000] {logging_mixin.py:190} INFO - [2024-12-02T11:10:02.529+0000] {dagbag.py:588} INFO - Filling up the DagBag from /home/airflow/.local/lib/python3.12/site-packages/airflow/example_dags/example_bash_operator.py
[2024-12-02T11:10:02.541+0000] {processor.py:925} INFO - DAG(s) 'example_bash_operator' retrieved from /home/airflow/.local/lib/python3.12/site-packages/airflow/example_dags/example_bash_operator.py
[2024-12-02T11:10:02.560+0000] {logging_mixin.py:190} INFO - [2024-12-02T11:10:02.559+0000] {dag.py:3239} INFO - Sync 1 DAGs
[2024-12-02T11:10:02.579+0000] {logging_mixin.py:190} INFO - [2024-12-02T11:10:02.579+0000] {dag.py:4180} INFO - Setting next_dagrun for example_bash_operator to 2024-12-01 00:00:00+00:00, run_after=2024-12-02 00:00:00+00:00
[2024-12-02T11:10:02.592+0000] {processor.py:208} INFO - Processing /home/airflow/.local/lib/python3.12/site-packages/airflow/example_dags/example_bash_operator.py took 0.069 seconds
[2024-12-02T11:10:34.282+0000] {processor.py:186} INFO - Started process (PID=1582) to work on /home/airflow/.local/lib/python3.12/site-packages/airflow/example_dags/example_bash_operator.py
[2024-12-02T11:10:34.289+0000] {processor.py:914} INFO - Processing file /home/airflow/.local/lib/python3.12/site-packages/airflow/example_dags/example_bash_operator.py for tasks to queue
[2024-12-02T11:10:34.292+0000] {logging_mixin.py:190} INFO - [2024-12-02T11:10:34.291+0000] {dagbag.py:588} INFO - Filling up the DagBag from /home/airflow/.local/lib/python3.12/site-packages/airflow/example_dags/example_bash_operator.py
[2024-12-02T11:10:34.317+0000] {processor.py:925} INFO - DAG(s) 'example_bash_operator' retrieved from /home/airflow/.local/lib/python3.12/site-packages/airflow/example_dags/example_bash_operator.py
[2024-12-02T11:10:34.365+0000] {logging_mixin.py:190} INFO - [2024-12-02T11:10:34.365+0000] {dag.py:3239} INFO - Sync 1 DAGs
[2024-12-02T11:10:34.403+0000] {logging_mixin.py:190} INFO - [2024-12-02T11:10:34.402+0000] {dag.py:4180} INFO - Setting next_dagrun for example_bash_operator to 2024-12-01 00:00:00+00:00, run_after=2024-12-02 00:00:00+00:00
[2024-12-02T11:10:34.432+0000] {processor.py:208} INFO - Processing /home/airflow/.local/lib/python3.12/site-packages/airflow/example_dags/example_bash_operator.py took 0.157 seconds
[2024-12-02T11:11:04.749+0000] {processor.py:186} INFO - Started process (PID=1646) to work on /home/airflow/.local/lib/python3.12/site-packages/airflow/example_dags/example_bash_operator.py
[2024-12-02T11:11:04.750+0000] {processor.py:914} INFO - Processing file /home/airflow/.local/lib/python3.12/site-packages/airflow/example_dags/example_bash_operator.py for tasks to queue
[2024-12-02T11:11:04.752+0000] {logging_mixin.py:190} INFO - [2024-12-02T11:11:04.752+0000] {dagbag.py:588} INFO - Filling up the DagBag from /home/airflow/.local/lib/python3.12/site-packages/airflow/example_dags/example_bash_operator.py
[2024-12-02T11:11:04.761+0000] {processor.py:925} INFO - DAG(s) 'example_bash_operator' retrieved from /home/airflow/.local/lib/python3.12/site-packages/airflow/example_dags/example_bash_operator.py
[2024-12-02T11:11:04.793+0000] {logging_mixin.py:190} INFO - [2024-12-02T11:11:04.792+0000] {dag.py:3239} INFO - Sync 1 DAGs
[2024-12-02T11:11:04.831+0000] {logging_mixin.py:190} INFO - [2024-12-02T11:11:04.831+0000] {dag.py:4180} INFO - Setting next_dagrun for example_bash_operator to 2024-12-01 00:00:00+00:00, run_after=2024-12-02 00:00:00+00:00
[2024-12-02T11:11:04.854+0000] {processor.py:208} INFO - Processing /home/airflow/.local/lib/python3.12/site-packages/airflow/example_dags/example_bash_operator.py took 0.109 seconds
[2024-12-02T11:11:35.345+0000] {processor.py:186} INFO - Started process (PID=1711) to work on /home/airflow/.local/lib/python3.12/site-packages/airflow/example_dags/example_bash_operator.py
[2024-12-02T11:11:35.346+0000] {processor.py:914} INFO - Processing file /home/airflow/.local/lib/python3.12/site-packages/airflow/example_dags/example_bash_operator.py for tasks to queue
[2024-12-02T11:11:35.349+0000] {logging_mixin.py:190} INFO - [2024-12-02T11:11:35.348+0000] {dagbag.py:588} INFO - Filling up the DagBag from /home/airflow/.local/lib/python3.12/site-packages/airflow/example_dags/example_bash_operator.py
[2024-12-02T11:11:35.360+0000] {processor.py:925} INFO - DAG(s) 'example_bash_operator' retrieved from /home/airflow/.local/lib/python3.12/site-packages/airflow/example_dags/example_bash_operator.py
[2024-12-02T11:11:35.376+0000] {logging_mixin.py:190} INFO - [2024-12-02T11:11:35.376+0000] {dag.py:3239} INFO - Sync 1 DAGs
[2024-12-02T11:11:35.400+0000] {logging_mixin.py:190} INFO - [2024-12-02T11:11:35.399+0000] {dag.py:4180} INFO - Setting next_dagrun for example_bash_operator to 2024-12-01 00:00:00+00:00, run_after=2024-12-02 00:00:00+00:00
[2024-12-02T11:11:35.414+0000] {processor.py:208} INFO - Processing /home/airflow/.local/lib/python3.12/site-packages/airflow/example_dags/example_bash_operator.py took 0.073 seconds
[2024-12-02T11:12:05.607+0000] {processor.py:186} INFO - Started process (PID=1769) to work on /home/airflow/.local/lib/python3.12/site-packages/airflow/example_dags/example_bash_operator.py
[2024-12-02T11:12:05.608+0000] {processor.py:914} INFO - Processing file /home/airflow/.local/lib/python3.12/site-packages/airflow/example_dags/example_bash_operator.py for tasks to queue
[2024-12-02T11:12:05.611+0000] {logging_mixin.py:190} INFO - [2024-12-02T11:12:05.611+0000] {dagbag.py:588} INFO - Filling up the DagBag from /home/airflow/.local/lib/python3.12/site-packages/airflow/example_dags/example_bash_operator.py
[2024-12-02T11:12:05.659+0000] {processor.py:925} INFO - DAG(s) 'example_bash_operator' retrieved from /home/airflow/.local/lib/python3.12/site-packages/airflow/example_dags/example_bash_operator.py
[2024-12-02T11:12:05.740+0000] {logging_mixin.py:190} INFO - [2024-12-02T11:12:05.740+0000] {dag.py:3239} INFO - Sync 1 DAGs
[2024-12-02T11:12:05.813+0000] {logging_mixin.py:190} INFO - [2024-12-02T11:12:05.809+0000] {dag.py:4180} INFO - Setting next_dagrun for example_bash_operator to 2024-12-01 00:00:00+00:00, run_after=2024-12-02 00:00:00+00:00
[2024-12-02T11:12:05.872+0000] {processor.py:208} INFO - Processing /home/airflow/.local/lib/python3.12/site-packages/airflow/example_dags/example_bash_operator.py took 0.298 seconds
[2024-12-02T11:12:35.978+0000] {processor.py:186} INFO - Started process (PID=1833) to work on /home/airflow/.local/lib/python3.12/site-packages/airflow/example_dags/example_bash_operator.py
[2024-12-02T11:12:36.002+0000] {processor.py:914} INFO - Processing file /home/airflow/.local/lib/python3.12/site-packages/airflow/example_dags/example_bash_operator.py for tasks to queue
[2024-12-02T11:12:36.004+0000] {logging_mixin.py:190} INFO - [2024-12-02T11:12:36.004+0000] {dagbag.py:588} INFO - Filling up the DagBag from /home/airflow/.local/lib/python3.12/site-packages/airflow/example_dags/example_bash_operator.py
[2024-12-02T11:12:36.064+0000] {processor.py:925} INFO - DAG(s) 'example_bash_operator' retrieved from /home/airflow/.local/lib/python3.12/site-packages/airflow/example_dags/example_bash_operator.py
[2024-12-02T11:12:36.152+0000] {logging_mixin.py:190} INFO - [2024-12-02T11:12:36.152+0000] {dag.py:3239} INFO - Sync 1 DAGs
[2024-12-02T11:12:36.221+0000] {logging_mixin.py:190} INFO - [2024-12-02T11:12:36.221+0000] {dag.py:4180} INFO - Setting next_dagrun for example_bash_operator to 2024-12-01 00:00:00+00:00, run_after=2024-12-02 00:00:00+00:00
[2024-12-02T11:12:36.282+0000] {processor.py:208} INFO - Processing /home/airflow/.local/lib/python3.12/site-packages/airflow/example_dags/example_bash_operator.py took 0.308 seconds
[2024-12-02T11:13:06.413+0000] {processor.py:186} INFO - Started process (PID=1898) to work on /home/airflow/.local/lib/python3.12/site-packages/airflow/example_dags/example_bash_operator.py
[2024-12-02T11:13:06.414+0000] {processor.py:914} INFO - Processing file /home/airflow/.local/lib/python3.12/site-packages/airflow/example_dags/example_bash_operator.py for tasks to queue
[2024-12-02T11:13:06.415+0000] {logging_mixin.py:190} INFO - [2024-12-02T11:13:06.415+0000] {dagbag.py:588} INFO - Filling up the DagBag from /home/airflow/.local/lib/python3.12/site-packages/airflow/example_dags/example_bash_operator.py
[2024-12-02T11:13:06.435+0000] {processor.py:925} INFO - DAG(s) 'example_bash_operator' retrieved from /home/airflow/.local/lib/python3.12/site-packages/airflow/example_dags/example_bash_operator.py
[2024-12-02T11:13:06.462+0000] {logging_mixin.py:190} INFO - [2024-12-02T11:13:06.462+0000] {dag.py:3239} INFO - Sync 1 DAGs
[2024-12-02T11:13:06.482+0000] {logging_mixin.py:190} INFO - [2024-12-02T11:13:06.481+0000] {dag.py:4180} INFO - Setting next_dagrun for example_bash_operator to 2024-12-01 00:00:00+00:00, run_after=2024-12-02 00:00:00+00:00
[2024-12-02T11:13:06.522+0000] {processor.py:208} INFO - Processing /home/airflow/.local/lib/python3.12/site-packages/airflow/example_dags/example_bash_operator.py took 0.113 seconds
[2024-12-02T11:13:36.601+0000] {processor.py:186} INFO - Started process (PID=1963) to work on /home/airflow/.local/lib/python3.12/site-packages/airflow/example_dags/example_bash_operator.py
[2024-12-02T11:13:36.602+0000] {processor.py:914} INFO - Processing file /home/airflow/.local/lib/python3.12/site-packages/airflow/example_dags/example_bash_operator.py for tasks to queue
[2024-12-02T11:13:36.604+0000] {logging_mixin.py:190} INFO - [2024-12-02T11:13:36.604+0000] {dagbag.py:588} INFO - Filling up the DagBag from /home/airflow/.local/lib/python3.12/site-packages/airflow/example_dags/example_bash_operator.py
[2024-12-02T11:13:36.626+0000] {processor.py:925} INFO - DAG(s) 'example_bash_operator' retrieved from /home/airflow/.local/lib/python3.12/site-packages/airflow/example_dags/example_bash_operator.py
[2024-12-02T11:13:36.655+0000] {logging_mixin.py:190} INFO - [2024-12-02T11:13:36.655+0000] {dag.py:3239} INFO - Sync 1 DAGs
[2024-12-02T11:13:36.694+0000] {logging_mixin.py:190} INFO - [2024-12-02T11:13:36.694+0000] {dag.py:4180} INFO - Setting next_dagrun for example_bash_operator to 2024-12-01 00:00:00+00:00, run_after=2024-12-02 00:00:00+00:00
[2024-12-02T11:13:36.710+0000] {processor.py:208} INFO - Processing /home/airflow/.local/lib/python3.12/site-packages/airflow/example_dags/example_bash_operator.py took 0.114 seconds
[2024-12-02T11:14:07.547+0000] {processor.py:186} INFO - Started process (PID=2028) to work on /home/airflow/.local/lib/python3.12/site-packages/airflow/example_dags/example_bash_operator.py
[2024-12-02T11:14:07.554+0000] {processor.py:914} INFO - Processing file /home/airflow/.local/lib/python3.12/site-packages/airflow/example_dags/example_bash_operator.py for tasks to queue
[2024-12-02T11:14:07.557+0000] {logging_mixin.py:190} INFO - [2024-12-02T11:14:07.557+0000] {dagbag.py:588} INFO - Filling up the DagBag from /home/airflow/.local/lib/python3.12/site-packages/airflow/example_dags/example_bash_operator.py
[2024-12-02T11:14:07.590+0000] {processor.py:925} INFO - DAG(s) 'example_bash_operator' retrieved from /home/airflow/.local/lib/python3.12/site-packages/airflow/example_dags/example_bash_operator.py
[2024-12-02T11:14:07.691+0000] {logging_mixin.py:190} INFO - [2024-12-02T11:14:07.690+0000] {dag.py:3239} INFO - Sync 1 DAGs
[2024-12-02T11:14:08.024+0000] {logging_mixin.py:190} INFO - [2024-12-02T11:14:08.024+0000] {dag.py:4180} INFO - Setting next_dagrun for example_bash_operator to 2024-12-01 00:00:00+00:00, run_after=2024-12-02 00:00:00+00:00
[2024-12-02T11:14:08.091+0000] {processor.py:208} INFO - Processing /home/airflow/.local/lib/python3.12/site-packages/airflow/example_dags/example_bash_operator.py took 0.564 seconds
[2024-12-02T11:14:41.161+0000] {processor.py:186} INFO - Started process (PID=2092) to work on /home/airflow/.local/lib/python3.12/site-packages/airflow/example_dags/example_bash_operator.py
[2024-12-02T11:14:41.172+0000] {processor.py:914} INFO - Processing file /home/airflow/.local/lib/python3.12/site-packages/airflow/example_dags/example_bash_operator.py for tasks to queue
[2024-12-02T11:14:41.174+0000] {logging_mixin.py:190} INFO - [2024-12-02T11:14:41.174+0000] {dagbag.py:588} INFO - Filling up the DagBag from /home/airflow/.local/lib/python3.12/site-packages/airflow/example_dags/example_bash_operator.py
[2024-12-02T11:14:41.195+0000] {processor.py:925} INFO - DAG(s) 'example_bash_operator' retrieved from /home/airflow/.local/lib/python3.12/site-packages/airflow/example_dags/example_bash_operator.py
[2024-12-02T11:14:41.249+0000] {logging_mixin.py:190} INFO - [2024-12-02T11:14:41.249+0000] {dag.py:3239} INFO - Sync 1 DAGs
[2024-12-02T11:14:41.316+0000] {logging_mixin.py:190} INFO - [2024-12-02T11:14:41.316+0000] {dag.py:4180} INFO - Setting next_dagrun for example_bash_operator to 2024-12-01 00:00:00+00:00, run_after=2024-12-02 00:00:00+00:00
[2024-12-02T11:14:41.364+0000] {processor.py:208} INFO - Processing /home/airflow/.local/lib/python3.12/site-packages/airflow/example_dags/example_bash_operator.py took 0.208 seconds
[2024-12-02T11:15:11.576+0000] {processor.py:186} INFO - Started process (PID=2156) to work on /home/airflow/.local/lib/python3.12/site-packages/airflow/example_dags/example_bash_operator.py
[2024-12-02T11:15:11.576+0000] {processor.py:914} INFO - Processing file /home/airflow/.local/lib/python3.12/site-packages/airflow/example_dags/example_bash_operator.py for tasks to queue
[2024-12-02T11:15:11.578+0000] {logging_mixin.py:190} INFO - [2024-12-02T11:15:11.578+0000] {dagbag.py:588} INFO - Filling up the DagBag from /home/airflow/.local/lib/python3.12/site-packages/airflow/example_dags/example_bash_operator.py
[2024-12-02T11:15:11.620+0000] {processor.py:925} INFO - DAG(s) 'example_bash_operator' retrieved from /home/airflow/.local/lib/python3.12/site-packages/airflow/example_dags/example_bash_operator.py
[2024-12-02T11:15:11.666+0000] {logging_mixin.py:190} INFO - [2024-12-02T11:15:11.666+0000] {dag.py:3239} INFO - Sync 1 DAGs
[2024-12-02T11:15:11.694+0000] {logging_mixin.py:190} INFO - [2024-12-02T11:15:11.694+0000] {dag.py:4180} INFO - Setting next_dagrun for example_bash_operator to 2024-12-01 00:00:00+00:00, run_after=2024-12-02 00:00:00+00:00
[2024-12-02T11:15:11.731+0000] {processor.py:208} INFO - Processing /home/airflow/.local/lib/python3.12/site-packages/airflow/example_dags/example_bash_operator.py took 0.159 seconds
[2024-12-02T11:15:42.274+0000] {processor.py:186} INFO - Started process (PID=2221) to work on /home/airflow/.local/lib/python3.12/site-packages/airflow/example_dags/example_bash_operator.py
[2024-12-02T11:15:42.275+0000] {processor.py:914} INFO - Processing file /home/airflow/.local/lib/python3.12/site-packages/airflow/example_dags/example_bash_operator.py for tasks to queue
[2024-12-02T11:15:42.276+0000] {logging_mixin.py:190} INFO - [2024-12-02T11:15:42.275+0000] {dagbag.py:588} INFO - Filling up the DagBag from /home/airflow/.local/lib/python3.12/site-packages/airflow/example_dags/example_bash_operator.py
[2024-12-02T11:15:42.286+0000] {processor.py:925} INFO - DAG(s) 'example_bash_operator' retrieved from /home/airflow/.local/lib/python3.12/site-packages/airflow/example_dags/example_bash_operator.py
[2024-12-02T11:15:42.303+0000] {logging_mixin.py:190} INFO - [2024-12-02T11:15:42.303+0000] {dag.py:3239} INFO - Sync 1 DAGs
[2024-12-02T11:15:42.332+0000] {logging_mixin.py:190} INFO - [2024-12-02T11:15:42.332+0000] {dag.py:4180} INFO - Setting next_dagrun for example_bash_operator to 2024-12-01 00:00:00+00:00, run_after=2024-12-02 00:00:00+00:00
[2024-12-02T11:15:42.356+0000] {processor.py:208} INFO - Processing /home/airflow/.local/lib/python3.12/site-packages/airflow/example_dags/example_bash_operator.py took 0.086 seconds
[2024-12-02T11:16:13.092+0000] {processor.py:186} INFO - Started process (PID=2286) to work on /home/airflow/.local/lib/python3.12/site-packages/airflow/example_dags/example_bash_operator.py
[2024-12-02T11:16:13.092+0000] {processor.py:914} INFO - Processing file /home/airflow/.local/lib/python3.12/site-packages/airflow/example_dags/example_bash_operator.py for tasks to queue
[2024-12-02T11:16:13.093+0000] {logging_mixin.py:190} INFO - [2024-12-02T11:16:13.093+0000] {dagbag.py:588} INFO - Filling up the DagBag from /home/airflow/.local/lib/python3.12/site-packages/airflow/example_dags/example_bash_operator.py
[2024-12-02T11:16:13.117+0000] {processor.py:925} INFO - DAG(s) 'example_bash_operator' retrieved from /home/airflow/.local/lib/python3.12/site-packages/airflow/example_dags/example_bash_operator.py
[2024-12-02T11:16:13.179+0000] {logging_mixin.py:190} INFO - [2024-12-02T11:16:13.179+0000] {dag.py:3239} INFO - Sync 1 DAGs
[2024-12-02T11:16:13.212+0000] {logging_mixin.py:190} INFO - [2024-12-02T11:16:13.212+0000] {dag.py:4180} INFO - Setting next_dagrun for example_bash_operator to 2024-12-01 00:00:00+00:00, run_after=2024-12-02 00:00:00+00:00
[2024-12-02T11:16:13.229+0000] {processor.py:208} INFO - Processing /home/airflow/.local/lib/python3.12/site-packages/airflow/example_dags/example_bash_operator.py took 0.148 seconds
[2024-12-02T11:16:43.299+0000] {processor.py:186} INFO - Started process (PID=2350) to work on /home/airflow/.local/lib/python3.12/site-packages/airflow/example_dags/example_bash_operator.py
[2024-12-02T11:16:43.302+0000] {processor.py:914} INFO - Processing file /home/airflow/.local/lib/python3.12/site-packages/airflow/example_dags/example_bash_operator.py for tasks to queue
[2024-12-02T11:16:43.302+0000] {logging_mixin.py:190} INFO - [2024-12-02T11:16:43.302+0000] {dagbag.py:588} INFO - Filling up the DagBag from /home/airflow/.local/lib/python3.12/site-packages/airflow/example_dags/example_bash_operator.py
[2024-12-02T11:16:43.318+0000] {processor.py:925} INFO - DAG(s) 'example_bash_operator' retrieved from /home/airflow/.local/lib/python3.12/site-packages/airflow/example_dags/example_bash_operator.py
[2024-12-02T11:16:43.355+0000] {logging_mixin.py:190} INFO - [2024-12-02T11:16:43.355+0000] {dag.py:3239} INFO - Sync 1 DAGs
[2024-12-02T11:16:43.394+0000] {logging_mixin.py:190} INFO - [2024-12-02T11:16:43.394+0000] {dag.py:4180} INFO - Setting next_dagrun for example_bash_operator to 2024-12-01 00:00:00+00:00, run_after=2024-12-02 00:00:00+00:00
[2024-12-02T11:16:43.415+0000] {processor.py:208} INFO - Processing /home/airflow/.local/lib/python3.12/site-packages/airflow/example_dags/example_bash_operator.py took 0.120 seconds
[2024-12-02T11:17:13.451+0000] {processor.py:186} INFO - Started process (PID=2414) to work on /home/airflow/.local/lib/python3.12/site-packages/airflow/example_dags/example_bash_operator.py
[2024-12-02T11:17:13.453+0000] {processor.py:914} INFO - Processing file /home/airflow/.local/lib/python3.12/site-packages/airflow/example_dags/example_bash_operator.py for tasks to queue
[2024-12-02T11:17:13.454+0000] {logging_mixin.py:190} INFO - [2024-12-02T11:17:13.454+0000] {dagbag.py:588} INFO - Filling up the DagBag from /home/airflow/.local/lib/python3.12/site-packages/airflow/example_dags/example_bash_operator.py
[2024-12-02T11:17:13.463+0000] {processor.py:925} INFO - DAG(s) 'example_bash_operator' retrieved from /home/airflow/.local/lib/python3.12/site-packages/airflow/example_dags/example_bash_operator.py
[2024-12-02T11:17:13.481+0000] {logging_mixin.py:190} INFO - [2024-12-02T11:17:13.481+0000] {dag.py:3239} INFO - Sync 1 DAGs
[2024-12-02T11:17:13.498+0000] {logging_mixin.py:190} INFO - [2024-12-02T11:17:13.498+0000] {dag.py:4180} INFO - Setting next_dagrun for example_bash_operator to 2024-12-01 00:00:00+00:00, run_after=2024-12-02 00:00:00+00:00
[2024-12-02T11:17:13.510+0000] {processor.py:208} INFO - Processing /home/airflow/.local/lib/python3.12/site-packages/airflow/example_dags/example_bash_operator.py took 0.064 seconds
[2024-12-02T11:17:43.761+0000] {processor.py:186} INFO - Started process (PID=2478) to work on /home/airflow/.local/lib/python3.12/site-packages/airflow/example_dags/example_bash_operator.py
[2024-12-02T11:17:43.762+0000] {processor.py:914} INFO - Processing file /home/airflow/.local/lib/python3.12/site-packages/airflow/example_dags/example_bash_operator.py for tasks to queue
[2024-12-02T11:17:43.764+0000] {logging_mixin.py:190} INFO - [2024-12-02T11:17:43.764+0000] {dagbag.py:588} INFO - Filling up the DagBag from /home/airflow/.local/lib/python3.12/site-packages/airflow/example_dags/example_bash_operator.py
[2024-12-02T11:17:43.778+0000] {processor.py:925} INFO - DAG(s) 'example_bash_operator' retrieved from /home/airflow/.local/lib/python3.12/site-packages/airflow/example_dags/example_bash_operator.py
[2024-12-02T11:17:43.795+0000] {logging_mixin.py:190} INFO - [2024-12-02T11:17:43.795+0000] {dag.py:3239} INFO - Sync 1 DAGs
[2024-12-02T11:17:43.812+0000] {logging_mixin.py:190} INFO - [2024-12-02T11:17:43.812+0000] {dag.py:4180} INFO - Setting next_dagrun for example_bash_operator to 2024-12-01 00:00:00+00:00, run_after=2024-12-02 00:00:00+00:00
[2024-12-02T11:17:43.827+0000] {processor.py:208} INFO - Processing /home/airflow/.local/lib/python3.12/site-packages/airflow/example_dags/example_bash_operator.py took 0.071 seconds
[2024-12-02T11:18:14.056+0000] {processor.py:186} INFO - Started process (PID=2543) to work on /home/airflow/.local/lib/python3.12/site-packages/airflow/example_dags/example_bash_operator.py
[2024-12-02T11:18:14.061+0000] {processor.py:914} INFO - Processing file /home/airflow/.local/lib/python3.12/site-packages/airflow/example_dags/example_bash_operator.py for tasks to queue
[2024-12-02T11:18:14.062+0000] {logging_mixin.py:190} INFO - [2024-12-02T11:18:14.062+0000] {dagbag.py:588} INFO - Filling up the DagBag from /home/airflow/.local/lib/python3.12/site-packages/airflow/example_dags/example_bash_operator.py
[2024-12-02T11:18:14.071+0000] {processor.py:925} INFO - DAG(s) 'example_bash_operator' retrieved from /home/airflow/.local/lib/python3.12/site-packages/airflow/example_dags/example_bash_operator.py
[2024-12-02T11:18:14.088+0000] {logging_mixin.py:190} INFO - [2024-12-02T11:18:14.088+0000] {dag.py:3239} INFO - Sync 1 DAGs
[2024-12-02T11:18:14.105+0000] {logging_mixin.py:190} INFO - [2024-12-02T11:18:14.105+0000] {dag.py:4180} INFO - Setting next_dagrun for example_bash_operator to 2024-12-01 00:00:00+00:00, run_after=2024-12-02 00:00:00+00:00
[2024-12-02T11:18:14.126+0000] {processor.py:208} INFO - Processing /home/airflow/.local/lib/python3.12/site-packages/airflow/example_dags/example_bash_operator.py took 0.074 seconds
[2024-12-02T11:18:46.916+0000] {processor.py:186} INFO - Started process (PID=2596) to work on /home/airflow/.local/lib/python3.12/site-packages/airflow/example_dags/example_bash_operator.py
[2024-12-02T11:18:46.916+0000] {processor.py:914} INFO - Processing file /home/airflow/.local/lib/python3.12/site-packages/airflow/example_dags/example_bash_operator.py for tasks to queue
[2024-12-02T11:18:46.917+0000] {logging_mixin.py:190} INFO - [2024-12-02T11:18:46.917+0000] {dagbag.py:588} INFO - Filling up the DagBag from /home/airflow/.local/lib/python3.12/site-packages/airflow/example_dags/example_bash_operator.py
[2024-12-02T11:18:46.930+0000] {processor.py:925} INFO - DAG(s) 'example_bash_operator' retrieved from /home/airflow/.local/lib/python3.12/site-packages/airflow/example_dags/example_bash_operator.py
[2024-12-02T11:18:46.947+0000] {logging_mixin.py:190} INFO - [2024-12-02T11:18:46.947+0000] {dag.py:3239} INFO - Sync 1 DAGs
[2024-12-02T11:18:46.964+0000] {logging_mixin.py:190} INFO - [2024-12-02T11:18:46.964+0000] {dag.py:4180} INFO - Setting next_dagrun for example_bash_operator to 2024-12-01 00:00:00+00:00, run_after=2024-12-02 00:00:00+00:00
[2024-12-02T11:18:46.978+0000] {processor.py:208} INFO - Processing /home/airflow/.local/lib/python3.12/site-packages/airflow/example_dags/example_bash_operator.py took 0.068 seconds
[2024-12-02T11:19:17.311+0000] {processor.py:186} INFO - Started process (PID=2661) to work on /home/airflow/.local/lib/python3.12/site-packages/airflow/example_dags/example_bash_operator.py
[2024-12-02T11:19:17.314+0000] {processor.py:914} INFO - Processing file /home/airflow/.local/lib/python3.12/site-packages/airflow/example_dags/example_bash_operator.py for tasks to queue
[2024-12-02T11:19:17.315+0000] {logging_mixin.py:190} INFO - [2024-12-02T11:19:17.314+0000] {dagbag.py:588} INFO - Filling up the DagBag from /home/airflow/.local/lib/python3.12/site-packages/airflow/example_dags/example_bash_operator.py
[2024-12-02T11:19:17.325+0000] {processor.py:925} INFO - DAG(s) 'example_bash_operator' retrieved from /home/airflow/.local/lib/python3.12/site-packages/airflow/example_dags/example_bash_operator.py
[2024-12-02T11:19:17.342+0000] {logging_mixin.py:190} INFO - [2024-12-02T11:19:17.342+0000] {dag.py:3239} INFO - Sync 1 DAGs
[2024-12-02T11:19:17.359+0000] {logging_mixin.py:190} INFO - [2024-12-02T11:19:17.359+0000] {dag.py:4180} INFO - Setting next_dagrun for example_bash_operator to 2024-12-01 00:00:00+00:00, run_after=2024-12-02 00:00:00+00:00
[2024-12-02T11:19:17.379+0000] {processor.py:208} INFO - Processing /home/airflow/.local/lib/python3.12/site-packages/airflow/example_dags/example_bash_operator.py took 0.072 seconds
[2024-12-02T11:19:49.328+0000] {processor.py:186} INFO - Started process (PID=2722) to work on /home/airflow/.local/lib/python3.12/site-packages/airflow/example_dags/example_bash_operator.py
[2024-12-02T11:19:49.359+0000] {processor.py:914} INFO - Processing file /home/airflow/.local/lib/python3.12/site-packages/airflow/example_dags/example_bash_operator.py for tasks to queue
[2024-12-02T11:19:49.360+0000] {logging_mixin.py:190} INFO - [2024-12-02T11:19:49.360+0000] {dagbag.py:588} INFO - Filling up the DagBag from /home/airflow/.local/lib/python3.12/site-packages/airflow/example_dags/example_bash_operator.py
[2024-12-02T11:19:49.402+0000] {processor.py:925} INFO - DAG(s) 'example_bash_operator' retrieved from /home/airflow/.local/lib/python3.12/site-packages/airflow/example_dags/example_bash_operator.py
[2024-12-02T11:19:49.490+0000] {logging_mixin.py:190} INFO - [2024-12-02T11:19:49.489+0000] {dag.py:3239} INFO - Sync 1 DAGs
[2024-12-02T11:19:49.552+0000] {logging_mixin.py:190} INFO - [2024-12-02T11:19:49.552+0000] {dag.py:4180} INFO - Setting next_dagrun for example_bash_operator to 2024-12-01 00:00:00+00:00, run_after=2024-12-02 00:00:00+00:00
[2024-12-02T11:19:49.630+0000] {processor.py:208} INFO - Processing /home/airflow/.local/lib/python3.12/site-packages/airflow/example_dags/example_bash_operator.py took 0.318 seconds
