[2024-12-02T10:36:53.249+0000] {processor.py:186} INFO - Started process (PID=105) to work on /home/airflow/.local/lib/python3.12/site-packages/airflow/example_dags/example_branch_operator.py
[2024-12-02T10:36:53.250+0000] {processor.py:914} INFO - Processing file /home/airflow/.local/lib/python3.12/site-packages/airflow/example_dags/example_branch_operator.py for tasks to queue
[2024-12-02T10:36:53.251+0000] {logging_mixin.py:190} INFO - [2024-12-02T10:36:53.251+0000] {dagbag.py:588} INFO - Filling up the DagBag from /home/airflow/.local/lib/python3.12/site-packages/airflow/example_dags/example_branch_operator.py
[2024-12-02T10:36:53.465+0000] {processor.py:925} INFO - DAG(s) 'example_branch_operator' retrieved from /home/airflow/.local/lib/python3.12/site-packages/airflow/example_dags/example_branch_operator.py
[2024-12-02T10:36:55.436+0000] {logging_mixin.py:190} INFO - [2024-12-02T10:36:55.435+0000] {override.py:1911} INFO - Created Permission View: can read on DAG:example_branch_operator
[2024-12-02T10:36:55.647+0000] {logging_mixin.py:190} INFO - [2024-12-02T10:36:55.645+0000] {override.py:1911} INFO - Created Permission View: can edit on DAG:example_branch_operator
[2024-12-02T10:38:28.358+0000] {processor.py:186} INFO - Started process (PID=106) to work on /home/airflow/.local/lib/python3.12/site-packages/airflow/example_dags/example_branch_operator.py
[2024-12-02T10:38:28.380+0000] {processor.py:914} INFO - Processing file /home/airflow/.local/lib/python3.12/site-packages/airflow/example_dags/example_branch_operator.py for tasks to queue
[2024-12-02T10:38:28.403+0000] {logging_mixin.py:190} INFO - [2024-12-02T10:38:28.403+0000] {dagbag.py:588} INFO - Filling up the DagBag from /home/airflow/.local/lib/python3.12/site-packages/airflow/example_dags/example_branch_operator.py
[2024-12-02T10:38:28.474+0000] {processor.py:925} INFO - DAG(s) 'example_branch_operator' retrieved from /home/airflow/.local/lib/python3.12/site-packages/airflow/example_dags/example_branch_operator.py
[2024-12-02T10:38:28.948+0000] {logging_mixin.py:190} INFO - [2024-12-02T10:38:28.947+0000] {override.py:1911} INFO - Created Permission View: menu access on DAG Run:example_branch_operator
[2024-12-02T10:38:28.984+0000] {logging_mixin.py:190} INFO - [2024-12-02T10:38:28.984+0000] {override.py:1911} INFO - Created Permission View: can read on DAG Run:example_branch_operator
[2024-12-02T10:38:29.013+0000] {logging_mixin.py:190} INFO - [2024-12-02T10:38:29.013+0000] {override.py:1911} INFO - Created Permission View: can delete on DAG Run:example_branch_operator
[2024-12-02T10:38:29.033+0000] {logging_mixin.py:190} INFO - [2024-12-02T10:38:29.032+0000] {override.py:1911} INFO - Created Permission View: can create on DAG Run:example_branch_operator
[2024-12-02T10:38:29.033+0000] {logging_mixin.py:190} INFO - [2024-12-02T10:38:29.033+0000] {dag.py:3239} INFO - Sync 1 DAGs
[2024-12-02T10:38:29.073+0000] {logging_mixin.py:190} INFO - [2024-12-02T10:38:29.073+0000] {dag.py:3262} INFO - Creating ORM DAG for example_branch_operator
[2024-12-02T10:38:29.103+0000] {logging_mixin.py:190} INFO - [2024-12-02T10:38:29.103+0000] {dag.py:4180} INFO - Setting next_dagrun for example_branch_operator to 2024-12-01 00:00:00+00:00, run_after=2024-12-02 00:00:00+00:00
[2024-12-02T10:38:29.168+0000] {processor.py:208} INFO - Processing /home/airflow/.local/lib/python3.12/site-packages/airflow/example_dags/example_branch_operator.py took 0.818 seconds
[2024-12-02T10:39:07.086+0000] {processor.py:186} INFO - Started process (PID=170) to work on /home/airflow/.local/lib/python3.12/site-packages/airflow/example_dags/example_branch_operator.py
[2024-12-02T10:39:07.092+0000] {processor.py:914} INFO - Processing file /home/airflow/.local/lib/python3.12/site-packages/airflow/example_dags/example_branch_operator.py for tasks to queue
[2024-12-02T10:39:07.099+0000] {logging_mixin.py:190} INFO - [2024-12-02T10:39:07.098+0000] {dagbag.py:588} INFO - Filling up the DagBag from /home/airflow/.local/lib/python3.12/site-packages/airflow/example_dags/example_branch_operator.py
[2024-12-02T10:39:07.200+0000] {processor.py:925} INFO - DAG(s) 'example_branch_operator' retrieved from /home/airflow/.local/lib/python3.12/site-packages/airflow/example_dags/example_branch_operator.py
[2024-12-02T10:39:07.434+0000] {logging_mixin.py:190} INFO - [2024-12-02T10:39:07.434+0000] {dag.py:3239} INFO - Sync 1 DAGs
[2024-12-02T10:39:07.555+0000] {logging_mixin.py:190} INFO - [2024-12-02T10:39:07.555+0000] {dag.py:4180} INFO - Setting next_dagrun for example_branch_operator to 2024-12-01 00:00:00+00:00, run_after=2024-12-02 00:00:00+00:00
[2024-12-02T10:39:07.726+0000] {processor.py:208} INFO - Processing /home/airflow/.local/lib/python3.12/site-packages/airflow/example_dags/example_branch_operator.py took 0.650 seconds
[2024-12-02T10:39:37.979+0000] {processor.py:186} INFO - Started process (PID=233) to work on /home/airflow/.local/lib/python3.12/site-packages/airflow/example_dags/example_branch_operator.py
[2024-12-02T10:39:38.020+0000] {processor.py:914} INFO - Processing file /home/airflow/.local/lib/python3.12/site-packages/airflow/example_dags/example_branch_operator.py for tasks to queue
[2024-12-02T10:39:38.029+0000] {logging_mixin.py:190} INFO - [2024-12-02T10:39:38.029+0000] {dagbag.py:588} INFO - Filling up the DagBag from /home/airflow/.local/lib/python3.12/site-packages/airflow/example_dags/example_branch_operator.py
[2024-12-02T10:39:38.102+0000] {processor.py:925} INFO - DAG(s) 'example_branch_operator' retrieved from /home/airflow/.local/lib/python3.12/site-packages/airflow/example_dags/example_branch_operator.py
[2024-12-02T10:39:38.129+0000] {logging_mixin.py:190} INFO - [2024-12-02T10:39:38.129+0000] {dag.py:3239} INFO - Sync 1 DAGs
[2024-12-02T10:39:38.157+0000] {logging_mixin.py:190} INFO - [2024-12-02T10:39:38.153+0000] {dag.py:4180} INFO - Setting next_dagrun for example_branch_operator to 2024-12-01 00:00:00+00:00, run_after=2024-12-02 00:00:00+00:00
[2024-12-02T10:39:38.247+0000] {processor.py:208} INFO - Processing /home/airflow/.local/lib/python3.12/site-packages/airflow/example_dags/example_branch_operator.py took 0.275 seconds
[2024-12-02T10:40:08.854+0000] {processor.py:186} INFO - Started process (PID=297) to work on /home/airflow/.local/lib/python3.12/site-packages/airflow/example_dags/example_branch_operator.py
[2024-12-02T10:40:08.855+0000] {processor.py:914} INFO - Processing file /home/airflow/.local/lib/python3.12/site-packages/airflow/example_dags/example_branch_operator.py for tasks to queue
[2024-12-02T10:40:08.858+0000] {logging_mixin.py:190} INFO - [2024-12-02T10:40:08.857+0000] {dagbag.py:588} INFO - Filling up the DagBag from /home/airflow/.local/lib/python3.12/site-packages/airflow/example_dags/example_branch_operator.py
[2024-12-02T10:40:08.873+0000] {processor.py:925} INFO - DAG(s) 'example_branch_operator' retrieved from /home/airflow/.local/lib/python3.12/site-packages/airflow/example_dags/example_branch_operator.py
[2024-12-02T10:40:08.896+0000] {logging_mixin.py:190} INFO - [2024-12-02T10:40:08.895+0000] {dag.py:3239} INFO - Sync 1 DAGs
[2024-12-02T10:40:08.914+0000] {logging_mixin.py:190} INFO - [2024-12-02T10:40:08.913+0000] {dag.py:4180} INFO - Setting next_dagrun for example_branch_operator to 2024-12-01 00:00:00+00:00, run_after=2024-12-02 00:00:00+00:00
[2024-12-02T10:40:08.930+0000] {processor.py:208} INFO - Processing /home/airflow/.local/lib/python3.12/site-packages/airflow/example_dags/example_branch_operator.py took 0.084 seconds
[2024-12-02T10:40:39.590+0000] {processor.py:186} INFO - Started process (PID=361) to work on /home/airflow/.local/lib/python3.12/site-packages/airflow/example_dags/example_branch_operator.py
[2024-12-02T10:40:39.593+0000] {processor.py:914} INFO - Processing file /home/airflow/.local/lib/python3.12/site-packages/airflow/example_dags/example_branch_operator.py for tasks to queue
[2024-12-02T10:40:39.599+0000] {logging_mixin.py:190} INFO - [2024-12-02T10:40:39.598+0000] {dagbag.py:588} INFO - Filling up the DagBag from /home/airflow/.local/lib/python3.12/site-packages/airflow/example_dags/example_branch_operator.py
[2024-12-02T10:40:39.639+0000] {processor.py:925} INFO - DAG(s) 'example_branch_operator' retrieved from /home/airflow/.local/lib/python3.12/site-packages/airflow/example_dags/example_branch_operator.py
[2024-12-02T10:40:39.700+0000] {logging_mixin.py:190} INFO - [2024-12-02T10:40:39.700+0000] {dag.py:3239} INFO - Sync 1 DAGs
[2024-12-02T10:40:39.747+0000] {logging_mixin.py:190} INFO - [2024-12-02T10:40:39.747+0000] {dag.py:4180} INFO - Setting next_dagrun for example_branch_operator to 2024-12-01 00:00:00+00:00, run_after=2024-12-02 00:00:00+00:00
[2024-12-02T10:40:39.784+0000] {processor.py:208} INFO - Processing /home/airflow/.local/lib/python3.12/site-packages/airflow/example_dags/example_branch_operator.py took 0.204 seconds
[2024-12-02T10:42:22.731+0000] {processor.py:186} INFO - Started process (PID=100) to work on /home/airflow/.local/lib/python3.12/site-packages/airflow/example_dags/example_branch_operator.py
[2024-12-02T10:42:22.732+0000] {processor.py:914} INFO - Processing file /home/airflow/.local/lib/python3.12/site-packages/airflow/example_dags/example_branch_operator.py for tasks to queue
[2024-12-02T10:42:22.733+0000] {logging_mixin.py:190} INFO - [2024-12-02T10:42:22.733+0000] {dagbag.py:588} INFO - Filling up the DagBag from /home/airflow/.local/lib/python3.12/site-packages/airflow/example_dags/example_branch_operator.py
[2024-12-02T10:42:22.772+0000] {processor.py:925} INFO - DAG(s) 'example_branch_operator' retrieved from /home/airflow/.local/lib/python3.12/site-packages/airflow/example_dags/example_branch_operator.py
[2024-12-02T10:42:23.079+0000] {logging_mixin.py:190} INFO - [2024-12-02T10:42:23.078+0000] {dag.py:3239} INFO - Sync 1 DAGs
[2024-12-02T10:42:23.136+0000] {logging_mixin.py:190} INFO - [2024-12-02T10:42:23.136+0000] {dag.py:4180} INFO - Setting next_dagrun for example_branch_operator to 2024-12-01 00:00:00+00:00, run_after=2024-12-02 00:00:00+00:00
[2024-12-02T10:42:23.184+0000] {processor.py:208} INFO - Processing /home/airflow/.local/lib/python3.12/site-packages/airflow/example_dags/example_branch_operator.py took 0.458 seconds
[2024-12-02T10:42:53.328+0000] {processor.py:186} INFO - Started process (PID=163) to work on /home/airflow/.local/lib/python3.12/site-packages/airflow/example_dags/example_branch_operator.py
[2024-12-02T10:42:53.330+0000] {processor.py:914} INFO - Processing file /home/airflow/.local/lib/python3.12/site-packages/airflow/example_dags/example_branch_operator.py for tasks to queue
[2024-12-02T10:42:53.331+0000] {logging_mixin.py:190} INFO - [2024-12-02T10:42:53.331+0000] {dagbag.py:588} INFO - Filling up the DagBag from /home/airflow/.local/lib/python3.12/site-packages/airflow/example_dags/example_branch_operator.py
[2024-12-02T10:42:53.364+0000] {processor.py:925} INFO - DAG(s) 'example_branch_operator' retrieved from /home/airflow/.local/lib/python3.12/site-packages/airflow/example_dags/example_branch_operator.py
[2024-12-02T10:42:53.388+0000] {logging_mixin.py:190} INFO - [2024-12-02T10:42:53.388+0000] {dag.py:3239} INFO - Sync 1 DAGs
[2024-12-02T10:42:53.407+0000] {logging_mixin.py:190} INFO - [2024-12-02T10:42:53.407+0000] {dag.py:4180} INFO - Setting next_dagrun for example_branch_operator to 2024-12-01 00:00:00+00:00, run_after=2024-12-02 00:00:00+00:00
[2024-12-02T10:42:53.423+0000] {processor.py:208} INFO - Processing /home/airflow/.local/lib/python3.12/site-packages/airflow/example_dags/example_branch_operator.py took 0.100 seconds
[2024-12-02T10:43:23.643+0000] {processor.py:186} INFO - Started process (PID=227) to work on /home/airflow/.local/lib/python3.12/site-packages/airflow/example_dags/example_branch_operator.py
[2024-12-02T10:43:23.644+0000] {processor.py:914} INFO - Processing file /home/airflow/.local/lib/python3.12/site-packages/airflow/example_dags/example_branch_operator.py for tasks to queue
[2024-12-02T10:43:23.645+0000] {logging_mixin.py:190} INFO - [2024-12-02T10:43:23.645+0000] {dagbag.py:588} INFO - Filling up the DagBag from /home/airflow/.local/lib/python3.12/site-packages/airflow/example_dags/example_branch_operator.py
[2024-12-02T10:43:23.657+0000] {processor.py:925} INFO - DAG(s) 'example_branch_operator' retrieved from /home/airflow/.local/lib/python3.12/site-packages/airflow/example_dags/example_branch_operator.py
[2024-12-02T10:43:23.677+0000] {logging_mixin.py:190} INFO - [2024-12-02T10:43:23.677+0000] {dag.py:3239} INFO - Sync 1 DAGs
[2024-12-02T10:43:23.693+0000] {logging_mixin.py:190} INFO - [2024-12-02T10:43:23.693+0000] {dag.py:4180} INFO - Setting next_dagrun for example_branch_operator to 2024-12-01 00:00:00+00:00, run_after=2024-12-02 00:00:00+00:00
[2024-12-02T10:43:23.708+0000] {processor.py:208} INFO - Processing /home/airflow/.local/lib/python3.12/site-packages/airflow/example_dags/example_branch_operator.py took 0.069 seconds
[2024-12-02T10:43:53.829+0000] {processor.py:186} INFO - Started process (PID=290) to work on /home/airflow/.local/lib/python3.12/site-packages/airflow/example_dags/example_branch_operator.py
[2024-12-02T10:43:53.831+0000] {processor.py:914} INFO - Processing file /home/airflow/.local/lib/python3.12/site-packages/airflow/example_dags/example_branch_operator.py for tasks to queue
[2024-12-02T10:43:53.832+0000] {logging_mixin.py:190} INFO - [2024-12-02T10:43:53.832+0000] {dagbag.py:588} INFO - Filling up the DagBag from /home/airflow/.local/lib/python3.12/site-packages/airflow/example_dags/example_branch_operator.py
[2024-12-02T10:43:53.844+0000] {processor.py:925} INFO - DAG(s) 'example_branch_operator' retrieved from /home/airflow/.local/lib/python3.12/site-packages/airflow/example_dags/example_branch_operator.py
[2024-12-02T10:43:53.866+0000] {logging_mixin.py:190} INFO - [2024-12-02T10:43:53.865+0000] {dag.py:3239} INFO - Sync 1 DAGs
[2024-12-02T10:43:53.884+0000] {logging_mixin.py:190} INFO - [2024-12-02T10:43:53.884+0000] {dag.py:4180} INFO - Setting next_dagrun for example_branch_operator to 2024-12-01 00:00:00+00:00, run_after=2024-12-02 00:00:00+00:00
[2024-12-02T10:43:53.907+0000] {processor.py:208} INFO - Processing /home/airflow/.local/lib/python3.12/site-packages/airflow/example_dags/example_branch_operator.py took 0.082 seconds
[2024-12-02T10:44:29.053+0000] {processor.py:186} INFO - Started process (PID=354) to work on /home/airflow/.local/lib/python3.12/site-packages/airflow/example_dags/example_branch_operator.py
[2024-12-02T10:44:29.056+0000] {processor.py:914} INFO - Processing file /home/airflow/.local/lib/python3.12/site-packages/airflow/example_dags/example_branch_operator.py for tasks to queue
[2024-12-02T10:44:29.059+0000] {logging_mixin.py:190} INFO - [2024-12-02T10:44:29.059+0000] {dagbag.py:588} INFO - Filling up the DagBag from /home/airflow/.local/lib/python3.12/site-packages/airflow/example_dags/example_branch_operator.py
[2024-12-02T10:44:29.087+0000] {processor.py:925} INFO - DAG(s) 'example_branch_operator' retrieved from /home/airflow/.local/lib/python3.12/site-packages/airflow/example_dags/example_branch_operator.py
[2024-12-02T10:44:29.140+0000] {logging_mixin.py:190} INFO - [2024-12-02T10:44:29.139+0000] {dag.py:3239} INFO - Sync 1 DAGs
[2024-12-02T10:44:29.188+0000] {logging_mixin.py:190} INFO - [2024-12-02T10:44:29.187+0000] {dag.py:4180} INFO - Setting next_dagrun for example_branch_operator to 2024-12-01 00:00:00+00:00, run_after=2024-12-02 00:00:00+00:00
[2024-12-02T10:44:29.226+0000] {processor.py:208} INFO - Processing /home/airflow/.local/lib/python3.12/site-packages/airflow/example_dags/example_branch_operator.py took 0.186 seconds
[2024-12-02T10:45:03.947+0000] {processor.py:186} INFO - Started process (PID=419) to work on /home/airflow/.local/lib/python3.12/site-packages/airflow/example_dags/example_branch_operator.py
[2024-12-02T10:45:03.983+0000] {processor.py:914} INFO - Processing file /home/airflow/.local/lib/python3.12/site-packages/airflow/example_dags/example_branch_operator.py for tasks to queue
[2024-12-02T10:45:03.985+0000] {logging_mixin.py:190} INFO - [2024-12-02T10:45:03.985+0000] {dagbag.py:588} INFO - Filling up the DagBag from /home/airflow/.local/lib/python3.12/site-packages/airflow/example_dags/example_branch_operator.py
[2024-12-02T10:45:04.018+0000] {processor.py:925} INFO - DAG(s) 'example_branch_operator' retrieved from /home/airflow/.local/lib/python3.12/site-packages/airflow/example_dags/example_branch_operator.py
[2024-12-02T10:45:04.079+0000] {logging_mixin.py:190} INFO - [2024-12-02T10:45:04.079+0000] {dag.py:3239} INFO - Sync 1 DAGs
[2024-12-02T10:45:04.167+0000] {logging_mixin.py:190} INFO - [2024-12-02T10:45:04.167+0000] {dag.py:4180} INFO - Setting next_dagrun for example_branch_operator to 2024-12-01 00:00:00+00:00, run_after=2024-12-02 00:00:00+00:00
[2024-12-02T10:45:04.243+0000] {processor.py:208} INFO - Processing /home/airflow/.local/lib/python3.12/site-packages/airflow/example_dags/example_branch_operator.py took 0.312 seconds
[2024-12-02T10:45:37.303+0000] {processor.py:186} INFO - Started process (PID=483) to work on /home/airflow/.local/lib/python3.12/site-packages/airflow/example_dags/example_branch_operator.py
[2024-12-02T10:45:37.304+0000] {processor.py:914} INFO - Processing file /home/airflow/.local/lib/python3.12/site-packages/airflow/example_dags/example_branch_operator.py for tasks to queue
[2024-12-02T10:45:37.306+0000] {logging_mixin.py:190} INFO - [2024-12-02T10:45:37.306+0000] {dagbag.py:588} INFO - Filling up the DagBag from /home/airflow/.local/lib/python3.12/site-packages/airflow/example_dags/example_branch_operator.py
[2024-12-02T10:45:37.321+0000] {processor.py:925} INFO - DAG(s) 'example_branch_operator' retrieved from /home/airflow/.local/lib/python3.12/site-packages/airflow/example_dags/example_branch_operator.py
[2024-12-02T10:45:37.346+0000] {logging_mixin.py:190} INFO - [2024-12-02T10:45:37.346+0000] {dag.py:3239} INFO - Sync 1 DAGs
[2024-12-02T10:45:37.373+0000] {logging_mixin.py:190} INFO - [2024-12-02T10:45:37.373+0000] {dag.py:4180} INFO - Setting next_dagrun for example_branch_operator to 2024-12-01 00:00:00+00:00, run_after=2024-12-02 00:00:00+00:00
[2024-12-02T10:45:37.398+0000] {processor.py:208} INFO - Processing /home/airflow/.local/lib/python3.12/site-packages/airflow/example_dags/example_branch_operator.py took 0.100 seconds
[2024-12-02T10:46:07.927+0000] {processor.py:186} INFO - Started process (PID=547) to work on /home/airflow/.local/lib/python3.12/site-packages/airflow/example_dags/example_branch_operator.py
[2024-12-02T10:46:07.940+0000] {processor.py:914} INFO - Processing file /home/airflow/.local/lib/python3.12/site-packages/airflow/example_dags/example_branch_operator.py for tasks to queue
[2024-12-02T10:46:07.950+0000] {logging_mixin.py:190} INFO - [2024-12-02T10:46:07.950+0000] {dagbag.py:588} INFO - Filling up the DagBag from /home/airflow/.local/lib/python3.12/site-packages/airflow/example_dags/example_branch_operator.py
[2024-12-02T10:46:07.975+0000] {processor.py:925} INFO - DAG(s) 'example_branch_operator' retrieved from /home/airflow/.local/lib/python3.12/site-packages/airflow/example_dags/example_branch_operator.py
[2024-12-02T10:46:08.000+0000] {logging_mixin.py:190} INFO - [2024-12-02T10:46:07.999+0000] {dag.py:3239} INFO - Sync 1 DAGs
[2024-12-02T10:46:08.018+0000] {logging_mixin.py:190} INFO - [2024-12-02T10:46:08.018+0000] {dag.py:4180} INFO - Setting next_dagrun for example_branch_operator to 2024-12-01 00:00:00+00:00, run_after=2024-12-02 00:00:00+00:00
[2024-12-02T10:46:08.060+0000] {processor.py:208} INFO - Processing /home/airflow/.local/lib/python3.12/site-packages/airflow/example_dags/example_branch_operator.py took 0.137 seconds
[2024-12-02T10:46:38.522+0000] {processor.py:186} INFO - Started process (PID=609) to work on /home/airflow/.local/lib/python3.12/site-packages/airflow/example_dags/example_branch_operator.py
[2024-12-02T10:46:38.528+0000] {processor.py:914} INFO - Processing file /home/airflow/.local/lib/python3.12/site-packages/airflow/example_dags/example_branch_operator.py for tasks to queue
[2024-12-02T10:46:38.537+0000] {logging_mixin.py:190} INFO - [2024-12-02T10:46:38.537+0000] {dagbag.py:588} INFO - Filling up the DagBag from /home/airflow/.local/lib/python3.12/site-packages/airflow/example_dags/example_branch_operator.py
[2024-12-02T10:46:38.632+0000] {processor.py:925} INFO - DAG(s) 'example_branch_operator' retrieved from /home/airflow/.local/lib/python3.12/site-packages/airflow/example_dags/example_branch_operator.py
[2024-12-02T10:46:38.744+0000] {logging_mixin.py:190} INFO - [2024-12-02T10:46:38.744+0000] {dag.py:3239} INFO - Sync 1 DAGs
[2024-12-02T10:46:38.809+0000] {logging_mixin.py:190} INFO - [2024-12-02T10:46:38.809+0000] {dag.py:4180} INFO - Setting next_dagrun for example_branch_operator to 2024-12-01 00:00:00+00:00, run_after=2024-12-02 00:00:00+00:00
[2024-12-02T10:46:38.900+0000] {processor.py:208} INFO - Processing /home/airflow/.local/lib/python3.12/site-packages/airflow/example_dags/example_branch_operator.py took 0.416 seconds
[2024-12-02T10:58:20.855+0000] {processor.py:186} INFO - Started process (PID=106) to work on /home/airflow/.local/lib/python3.12/site-packages/airflow/example_dags/example_branch_operator.py
[2024-12-02T10:58:20.887+0000] {processor.py:914} INFO - Processing file /home/airflow/.local/lib/python3.12/site-packages/airflow/example_dags/example_branch_operator.py for tasks to queue
[2024-12-02T10:58:20.889+0000] {logging_mixin.py:190} INFO - [2024-12-02T10:58:20.889+0000] {dagbag.py:588} INFO - Filling up the DagBag from /home/airflow/.local/lib/python3.12/site-packages/airflow/example_dags/example_branch_operator.py
[2024-12-02T10:58:20.965+0000] {processor.py:925} INFO - DAG(s) 'example_branch_operator' retrieved from /home/airflow/.local/lib/python3.12/site-packages/airflow/example_dags/example_branch_operator.py
[2024-12-02T10:58:21.447+0000] {logging_mixin.py:190} INFO - [2024-12-02T10:58:21.446+0000] {dag.py:3239} INFO - Sync 1 DAGs
[2024-12-02T10:58:21.639+0000] {logging_mixin.py:190} INFO - [2024-12-02T10:58:21.639+0000] {dag.py:4180} INFO - Setting next_dagrun for example_branch_operator to 2024-12-01 00:00:00+00:00, run_after=2024-12-02 00:00:00+00:00
[2024-12-02T10:58:21.727+0000] {processor.py:208} INFO - Processing /home/airflow/.local/lib/python3.12/site-packages/airflow/example_dags/example_branch_operator.py took 0.889 seconds
[2024-12-02T10:58:53.360+0000] {processor.py:186} INFO - Started process (PID=170) to work on /home/airflow/.local/lib/python3.12/site-packages/airflow/example_dags/example_branch_operator.py
[2024-12-02T10:58:53.445+0000] {processor.py:914} INFO - Processing file /home/airflow/.local/lib/python3.12/site-packages/airflow/example_dags/example_branch_operator.py for tasks to queue
[2024-12-02T10:58:53.447+0000] {logging_mixin.py:190} INFO - [2024-12-02T10:58:53.447+0000] {dagbag.py:588} INFO - Filling up the DagBag from /home/airflow/.local/lib/python3.12/site-packages/airflow/example_dags/example_branch_operator.py
[2024-12-02T10:58:53.480+0000] {processor.py:925} INFO - DAG(s) 'example_branch_operator' retrieved from /home/airflow/.local/lib/python3.12/site-packages/airflow/example_dags/example_branch_operator.py
[2024-12-02T10:58:53.691+0000] {logging_mixin.py:190} INFO - [2024-12-02T10:58:53.691+0000] {dag.py:3239} INFO - Sync 1 DAGs
[2024-12-02T10:58:54.897+0000] {logging_mixin.py:190} INFO - [2024-12-02T10:58:54.896+0000] {dag.py:4180} INFO - Setting next_dagrun for example_branch_operator to 2024-12-01 00:00:00+00:00, run_after=2024-12-02 00:00:00+00:00
[2024-12-02T10:58:55.180+0000] {processor.py:208} INFO - Processing /home/airflow/.local/lib/python3.12/site-packages/airflow/example_dags/example_branch_operator.py took 1.842 seconds
[2024-12-02T10:59:25.250+0000] {processor.py:186} INFO - Started process (PID=234) to work on /home/airflow/.local/lib/python3.12/site-packages/airflow/example_dags/example_branch_operator.py
[2024-12-02T10:59:25.250+0000] {processor.py:914} INFO - Processing file /home/airflow/.local/lib/python3.12/site-packages/airflow/example_dags/example_branch_operator.py for tasks to queue
[2024-12-02T10:59:25.252+0000] {logging_mixin.py:190} INFO - [2024-12-02T10:59:25.252+0000] {dagbag.py:588} INFO - Filling up the DagBag from /home/airflow/.local/lib/python3.12/site-packages/airflow/example_dags/example_branch_operator.py
[2024-12-02T10:59:25.266+0000] {processor.py:925} INFO - DAG(s) 'example_branch_operator' retrieved from /home/airflow/.local/lib/python3.12/site-packages/airflow/example_dags/example_branch_operator.py
[2024-12-02T10:59:25.301+0000] {logging_mixin.py:190} INFO - [2024-12-02T10:59:25.301+0000] {dag.py:3239} INFO - Sync 1 DAGs
[2024-12-02T10:59:25.322+0000] {logging_mixin.py:190} INFO - [2024-12-02T10:59:25.322+0000] {dag.py:4180} INFO - Setting next_dagrun for example_branch_operator to 2024-12-01 00:00:00+00:00, run_after=2024-12-02 00:00:00+00:00
[2024-12-02T10:59:25.341+0000] {processor.py:208} INFO - Processing /home/airflow/.local/lib/python3.12/site-packages/airflow/example_dags/example_branch_operator.py took 0.096 seconds
[2024-12-02T10:59:55.459+0000] {processor.py:186} INFO - Started process (PID=298) to work on /home/airflow/.local/lib/python3.12/site-packages/airflow/example_dags/example_branch_operator.py
[2024-12-02T10:59:55.461+0000] {processor.py:914} INFO - Processing file /home/airflow/.local/lib/python3.12/site-packages/airflow/example_dags/example_branch_operator.py for tasks to queue
[2024-12-02T10:59:55.463+0000] {logging_mixin.py:190} INFO - [2024-12-02T10:59:55.463+0000] {dagbag.py:588} INFO - Filling up the DagBag from /home/airflow/.local/lib/python3.12/site-packages/airflow/example_dags/example_branch_operator.py
[2024-12-02T10:59:55.476+0000] {processor.py:925} INFO - DAG(s) 'example_branch_operator' retrieved from /home/airflow/.local/lib/python3.12/site-packages/airflow/example_dags/example_branch_operator.py
[2024-12-02T10:59:55.498+0000] {logging_mixin.py:190} INFO - [2024-12-02T10:59:55.498+0000] {dag.py:3239} INFO - Sync 1 DAGs
[2024-12-02T10:59:55.515+0000] {logging_mixin.py:190} INFO - [2024-12-02T10:59:55.514+0000] {dag.py:4180} INFO - Setting next_dagrun for example_branch_operator to 2024-12-01 00:00:00+00:00, run_after=2024-12-02 00:00:00+00:00
[2024-12-02T10:59:55.535+0000] {processor.py:208} INFO - Processing /home/airflow/.local/lib/python3.12/site-packages/airflow/example_dags/example_branch_operator.py took 0.080 seconds
[2024-12-02T11:00:26.092+0000] {processor.py:186} INFO - Started process (PID=361) to work on /home/airflow/.local/lib/python3.12/site-packages/airflow/example_dags/example_branch_operator.py
[2024-12-02T11:00:26.092+0000] {processor.py:914} INFO - Processing file /home/airflow/.local/lib/python3.12/site-packages/airflow/example_dags/example_branch_operator.py for tasks to queue
[2024-12-02T11:00:26.094+0000] {logging_mixin.py:190} INFO - [2024-12-02T11:00:26.094+0000] {dagbag.py:588} INFO - Filling up the DagBag from /home/airflow/.local/lib/python3.12/site-packages/airflow/example_dags/example_branch_operator.py
[2024-12-02T11:00:26.111+0000] {processor.py:925} INFO - DAG(s) 'example_branch_operator' retrieved from /home/airflow/.local/lib/python3.12/site-packages/airflow/example_dags/example_branch_operator.py
[2024-12-02T11:00:26.129+0000] {logging_mixin.py:190} INFO - [2024-12-02T11:00:26.129+0000] {dag.py:3239} INFO - Sync 1 DAGs
[2024-12-02T11:00:26.146+0000] {logging_mixin.py:190} INFO - [2024-12-02T11:00:26.146+0000] {dag.py:4180} INFO - Setting next_dagrun for example_branch_operator to 2024-12-01 00:00:00+00:00, run_after=2024-12-02 00:00:00+00:00
[2024-12-02T11:00:26.162+0000] {processor.py:208} INFO - Processing /home/airflow/.local/lib/python3.12/site-packages/airflow/example_dags/example_branch_operator.py took 0.074 seconds
[2024-12-02T11:00:59.390+0000] {processor.py:186} INFO - Started process (PID=425) to work on /home/airflow/.local/lib/python3.12/site-packages/airflow/example_dags/example_branch_operator.py
[2024-12-02T11:00:59.403+0000] {processor.py:914} INFO - Processing file /home/airflow/.local/lib/python3.12/site-packages/airflow/example_dags/example_branch_operator.py for tasks to queue
[2024-12-02T11:00:59.405+0000] {logging_mixin.py:190} INFO - [2024-12-02T11:00:59.404+0000] {dagbag.py:588} INFO - Filling up the DagBag from /home/airflow/.local/lib/python3.12/site-packages/airflow/example_dags/example_branch_operator.py
[2024-12-02T11:00:59.431+0000] {processor.py:925} INFO - DAG(s) 'example_branch_operator' retrieved from /home/airflow/.local/lib/python3.12/site-packages/airflow/example_dags/example_branch_operator.py
[2024-12-02T11:00:59.469+0000] {logging_mixin.py:190} INFO - [2024-12-02T11:00:59.469+0000] {dag.py:3239} INFO - Sync 1 DAGs
[2024-12-02T11:00:59.518+0000] {logging_mixin.py:190} INFO - [2024-12-02T11:00:59.517+0000] {dag.py:4180} INFO - Setting next_dagrun for example_branch_operator to 2024-12-01 00:00:00+00:00, run_after=2024-12-02 00:00:00+00:00
[2024-12-02T11:00:59.568+0000] {processor.py:208} INFO - Processing /home/airflow/.local/lib/python3.12/site-packages/airflow/example_dags/example_branch_operator.py took 0.184 seconds
[2024-12-02T11:01:32.979+0000] {processor.py:186} INFO - Started process (PID=489) to work on /home/airflow/.local/lib/python3.12/site-packages/airflow/example_dags/example_branch_operator.py
[2024-12-02T11:01:32.980+0000] {processor.py:914} INFO - Processing file /home/airflow/.local/lib/python3.12/site-packages/airflow/example_dags/example_branch_operator.py for tasks to queue
[2024-12-02T11:01:32.983+0000] {logging_mixin.py:190} INFO - [2024-12-02T11:01:32.982+0000] {dagbag.py:588} INFO - Filling up the DagBag from /home/airflow/.local/lib/python3.12/site-packages/airflow/example_dags/example_branch_operator.py
[2024-12-02T11:01:33.000+0000] {processor.py:925} INFO - DAG(s) 'example_branch_operator' retrieved from /home/airflow/.local/lib/python3.12/site-packages/airflow/example_dags/example_branch_operator.py
[2024-12-02T11:01:33.025+0000] {logging_mixin.py:190} INFO - [2024-12-02T11:01:33.024+0000] {dag.py:3239} INFO - Sync 1 DAGs
[2024-12-02T11:01:33.045+0000] {logging_mixin.py:190} INFO - [2024-12-02T11:01:33.045+0000] {dag.py:4180} INFO - Setting next_dagrun for example_branch_operator to 2024-12-01 00:00:00+00:00, run_after=2024-12-02 00:00:00+00:00
[2024-12-02T11:01:33.067+0000] {processor.py:208} INFO - Processing /home/airflow/.local/lib/python3.12/site-packages/airflow/example_dags/example_branch_operator.py took 0.092 seconds
[2024-12-02T11:02:08.562+0000] {processor.py:186} INFO - Started process (PID=553) to work on /home/airflow/.local/lib/python3.12/site-packages/airflow/example_dags/example_branch_operator.py
[2024-12-02T11:02:08.579+0000] {processor.py:914} INFO - Processing file /home/airflow/.local/lib/python3.12/site-packages/airflow/example_dags/example_branch_operator.py for tasks to queue
[2024-12-02T11:02:08.581+0000] {logging_mixin.py:190} INFO - [2024-12-02T11:02:08.580+0000] {dagbag.py:588} INFO - Filling up the DagBag from /home/airflow/.local/lib/python3.12/site-packages/airflow/example_dags/example_branch_operator.py
[2024-12-02T11:02:08.642+0000] {processor.py:925} INFO - DAG(s) 'example_branch_operator' retrieved from /home/airflow/.local/lib/python3.12/site-packages/airflow/example_dags/example_branch_operator.py
[2024-12-02T11:02:08.723+0000] {logging_mixin.py:190} INFO - [2024-12-02T11:02:08.723+0000] {dag.py:3239} INFO - Sync 1 DAGs
[2024-12-02T11:02:08.826+0000] {logging_mixin.py:190} INFO - [2024-12-02T11:02:08.826+0000] {dag.py:4180} INFO - Setting next_dagrun for example_branch_operator to 2024-12-01 00:00:00+00:00, run_after=2024-12-02 00:00:00+00:00
[2024-12-02T11:02:08.921+0000] {processor.py:208} INFO - Processing /home/airflow/.local/lib/python3.12/site-packages/airflow/example_dags/example_branch_operator.py took 0.364 seconds
[2024-12-02T11:02:43.062+0000] {processor.py:186} INFO - Started process (PID=616) to work on /home/airflow/.local/lib/python3.12/site-packages/airflow/example_dags/example_branch_operator.py
[2024-12-02T11:02:43.063+0000] {processor.py:914} INFO - Processing file /home/airflow/.local/lib/python3.12/site-packages/airflow/example_dags/example_branch_operator.py for tasks to queue
[2024-12-02T11:02:43.070+0000] {logging_mixin.py:190} INFO - [2024-12-02T11:02:43.069+0000] {dagbag.py:588} INFO - Filling up the DagBag from /home/airflow/.local/lib/python3.12/site-packages/airflow/example_dags/example_branch_operator.py
[2024-12-02T11:02:43.164+0000] {processor.py:925} INFO - DAG(s) 'example_branch_operator' retrieved from /home/airflow/.local/lib/python3.12/site-packages/airflow/example_dags/example_branch_operator.py
[2024-12-02T11:02:43.240+0000] {logging_mixin.py:190} INFO - [2024-12-02T11:02:43.240+0000] {dag.py:3239} INFO - Sync 1 DAGs
[2024-12-02T11:02:43.338+0000] {logging_mixin.py:190} INFO - [2024-12-02T11:02:43.312+0000] {dag.py:4180} INFO - Setting next_dagrun for example_branch_operator to 2024-12-01 00:00:00+00:00, run_after=2024-12-02 00:00:00+00:00
[2024-12-02T11:02:43.409+0000] {processor.py:208} INFO - Processing /home/airflow/.local/lib/python3.12/site-packages/airflow/example_dags/example_branch_operator.py took 0.356 seconds
[2024-12-02T11:03:18.183+0000] {processor.py:186} INFO - Started process (PID=680) to work on /home/airflow/.local/lib/python3.12/site-packages/airflow/example_dags/example_branch_operator.py
[2024-12-02T11:03:18.189+0000] {processor.py:914} INFO - Processing file /home/airflow/.local/lib/python3.12/site-packages/airflow/example_dags/example_branch_operator.py for tasks to queue
[2024-12-02T11:03:18.206+0000] {logging_mixin.py:190} INFO - [2024-12-02T11:03:18.206+0000] {dagbag.py:588} INFO - Filling up the DagBag from /home/airflow/.local/lib/python3.12/site-packages/airflow/example_dags/example_branch_operator.py
[2024-12-02T11:03:18.241+0000] {processor.py:925} INFO - DAG(s) 'example_branch_operator' retrieved from /home/airflow/.local/lib/python3.12/site-packages/airflow/example_dags/example_branch_operator.py
[2024-12-02T11:03:18.333+0000] {logging_mixin.py:190} INFO - [2024-12-02T11:03:18.333+0000] {dag.py:3239} INFO - Sync 1 DAGs
[2024-12-02T11:03:18.415+0000] {logging_mixin.py:190} INFO - [2024-12-02T11:03:18.415+0000] {dag.py:4180} INFO - Setting next_dagrun for example_branch_operator to 2024-12-01 00:00:00+00:00, run_after=2024-12-02 00:00:00+00:00
[2024-12-02T11:03:18.489+0000] {processor.py:208} INFO - Processing /home/airflow/.local/lib/python3.12/site-packages/airflow/example_dags/example_branch_operator.py took 0.313 seconds
[2024-12-02T11:03:52.246+0000] {processor.py:186} INFO - Started process (PID=752) to work on /home/airflow/.local/lib/python3.12/site-packages/airflow/example_dags/example_branch_operator.py
[2024-12-02T11:03:52.249+0000] {processor.py:914} INFO - Processing file /home/airflow/.local/lib/python3.12/site-packages/airflow/example_dags/example_branch_operator.py for tasks to queue
[2024-12-02T11:03:52.251+0000] {logging_mixin.py:190} INFO - [2024-12-02T11:03:52.251+0000] {dagbag.py:588} INFO - Filling up the DagBag from /home/airflow/.local/lib/python3.12/site-packages/airflow/example_dags/example_branch_operator.py
[2024-12-02T11:03:52.263+0000] {processor.py:925} INFO - DAG(s) 'example_branch_operator' retrieved from /home/airflow/.local/lib/python3.12/site-packages/airflow/example_dags/example_branch_operator.py
[2024-12-02T11:03:52.282+0000] {logging_mixin.py:190} INFO - [2024-12-02T11:03:52.281+0000] {dag.py:3239} INFO - Sync 1 DAGs
[2024-12-02T11:03:52.298+0000] {logging_mixin.py:190} INFO - [2024-12-02T11:03:52.298+0000] {dag.py:4180} INFO - Setting next_dagrun for example_branch_operator to 2024-12-01 00:00:00+00:00, run_after=2024-12-02 00:00:00+00:00
[2024-12-02T11:03:52.314+0000] {processor.py:208} INFO - Processing /home/airflow/.local/lib/python3.12/site-packages/airflow/example_dags/example_branch_operator.py took 0.072 seconds
[2024-12-02T11:04:26.926+0000] {processor.py:186} INFO - Started process (PID=823) to work on /home/airflow/.local/lib/python3.12/site-packages/airflow/example_dags/example_branch_operator.py
[2024-12-02T11:04:26.927+0000] {processor.py:914} INFO - Processing file /home/airflow/.local/lib/python3.12/site-packages/airflow/example_dags/example_branch_operator.py for tasks to queue
[2024-12-02T11:04:26.929+0000] {logging_mixin.py:190} INFO - [2024-12-02T11:04:26.929+0000] {dagbag.py:588} INFO - Filling up the DagBag from /home/airflow/.local/lib/python3.12/site-packages/airflow/example_dags/example_branch_operator.py
[2024-12-02T11:04:26.955+0000] {processor.py:925} INFO - DAG(s) 'example_branch_operator' retrieved from /home/airflow/.local/lib/python3.12/site-packages/airflow/example_dags/example_branch_operator.py
[2024-12-02T11:04:26.977+0000] {logging_mixin.py:190} INFO - [2024-12-02T11:04:26.977+0000] {dag.py:3239} INFO - Sync 1 DAGs
[2024-12-02T11:04:26.993+0000] {logging_mixin.py:190} INFO - [2024-12-02T11:04:26.993+0000] {dag.py:4180} INFO - Setting next_dagrun for example_branch_operator to 2024-12-01 00:00:00+00:00, run_after=2024-12-02 00:00:00+00:00
[2024-12-02T11:04:27.005+0000] {processor.py:208} INFO - Processing /home/airflow/.local/lib/python3.12/site-packages/airflow/example_dags/example_branch_operator.py took 0.083 seconds
[2024-12-02T11:05:01.774+0000] {processor.py:186} INFO - Started process (PID=894) to work on /home/airflow/.local/lib/python3.12/site-packages/airflow/example_dags/example_branch_operator.py
[2024-12-02T11:05:01.775+0000] {processor.py:914} INFO - Processing file /home/airflow/.local/lib/python3.12/site-packages/airflow/example_dags/example_branch_operator.py for tasks to queue
[2024-12-02T11:05:01.776+0000] {logging_mixin.py:190} INFO - [2024-12-02T11:05:01.776+0000] {dagbag.py:588} INFO - Filling up the DagBag from /home/airflow/.local/lib/python3.12/site-packages/airflow/example_dags/example_branch_operator.py
[2024-12-02T11:05:01.789+0000] {processor.py:925} INFO - DAG(s) 'example_branch_operator' retrieved from /home/airflow/.local/lib/python3.12/site-packages/airflow/example_dags/example_branch_operator.py
[2024-12-02T11:05:01.809+0000] {logging_mixin.py:190} INFO - [2024-12-02T11:05:01.809+0000] {dag.py:3239} INFO - Sync 1 DAGs
[2024-12-02T11:05:01.829+0000] {logging_mixin.py:190} INFO - [2024-12-02T11:05:01.828+0000] {dag.py:4180} INFO - Setting next_dagrun for example_branch_operator to 2024-12-01 00:00:00+00:00, run_after=2024-12-02 00:00:00+00:00
[2024-12-02T11:05:01.844+0000] {processor.py:208} INFO - Processing /home/airflow/.local/lib/python3.12/site-packages/airflow/example_dags/example_branch_operator.py took 0.074 seconds
[2024-12-02T11:05:32.307+0000] {processor.py:186} INFO - Started process (PID=964) to work on /home/airflow/.local/lib/python3.12/site-packages/airflow/example_dags/example_branch_operator.py
[2024-12-02T11:05:32.309+0000] {processor.py:914} INFO - Processing file /home/airflow/.local/lib/python3.12/site-packages/airflow/example_dags/example_branch_operator.py for tasks to queue
[2024-12-02T11:05:32.314+0000] {logging_mixin.py:190} INFO - [2024-12-02T11:05:32.314+0000] {dagbag.py:588} INFO - Filling up the DagBag from /home/airflow/.local/lib/python3.12/site-packages/airflow/example_dags/example_branch_operator.py
[2024-12-02T11:05:32.329+0000] {processor.py:925} INFO - DAG(s) 'example_branch_operator' retrieved from /home/airflow/.local/lib/python3.12/site-packages/airflow/example_dags/example_branch_operator.py
[2024-12-02T11:05:32.349+0000] {logging_mixin.py:190} INFO - [2024-12-02T11:05:32.349+0000] {dag.py:3239} INFO - Sync 1 DAGs
[2024-12-02T11:05:32.367+0000] {logging_mixin.py:190} INFO - [2024-12-02T11:05:32.367+0000] {dag.py:4180} INFO - Setting next_dagrun for example_branch_operator to 2024-12-01 00:00:00+00:00, run_after=2024-12-02 00:00:00+00:00
[2024-12-02T11:05:32.384+0000] {processor.py:208} INFO - Processing /home/airflow/.local/lib/python3.12/site-packages/airflow/example_dags/example_branch_operator.py took 0.082 seconds
[2024-12-02T11:06:02.803+0000] {processor.py:186} INFO - Started process (PID=1022) to work on /home/airflow/.local/lib/python3.12/site-packages/airflow/example_dags/example_branch_operator.py
[2024-12-02T11:06:02.819+0000] {processor.py:914} INFO - Processing file /home/airflow/.local/lib/python3.12/site-packages/airflow/example_dags/example_branch_operator.py for tasks to queue
[2024-12-02T11:06:02.820+0000] {logging_mixin.py:190} INFO - [2024-12-02T11:06:02.820+0000] {dagbag.py:588} INFO - Filling up the DagBag from /home/airflow/.local/lib/python3.12/site-packages/airflow/example_dags/example_branch_operator.py
[2024-12-02T11:06:02.844+0000] {processor.py:925} INFO - DAG(s) 'example_branch_operator' retrieved from /home/airflow/.local/lib/python3.12/site-packages/airflow/example_dags/example_branch_operator.py
[2024-12-02T11:06:02.871+0000] {logging_mixin.py:190} INFO - [2024-12-02T11:06:02.871+0000] {dag.py:3239} INFO - Sync 1 DAGs
[2024-12-02T11:06:02.902+0000] {logging_mixin.py:190} INFO - [2024-12-02T11:06:02.902+0000] {dag.py:4180} INFO - Setting next_dagrun for example_branch_operator to 2024-12-01 00:00:00+00:00, run_after=2024-12-02 00:00:00+00:00
[2024-12-02T11:06:02.927+0000] {processor.py:208} INFO - Processing /home/airflow/.local/lib/python3.12/site-packages/airflow/example_dags/example_branch_operator.py took 0.128 seconds
[2024-12-02T11:06:33.599+0000] {processor.py:186} INFO - Started process (PID=1086) to work on /home/airflow/.local/lib/python3.12/site-packages/airflow/example_dags/example_branch_operator.py
[2024-12-02T11:06:33.601+0000] {processor.py:914} INFO - Processing file /home/airflow/.local/lib/python3.12/site-packages/airflow/example_dags/example_branch_operator.py for tasks to queue
[2024-12-02T11:06:33.603+0000] {logging_mixin.py:190} INFO - [2024-12-02T11:06:33.602+0000] {dagbag.py:588} INFO - Filling up the DagBag from /home/airflow/.local/lib/python3.12/site-packages/airflow/example_dags/example_branch_operator.py
[2024-12-02T11:06:33.615+0000] {processor.py:925} INFO - DAG(s) 'example_branch_operator' retrieved from /home/airflow/.local/lib/python3.12/site-packages/airflow/example_dags/example_branch_operator.py
[2024-12-02T11:06:33.634+0000] {logging_mixin.py:190} INFO - [2024-12-02T11:06:33.634+0000] {dag.py:3239} INFO - Sync 1 DAGs
[2024-12-02T11:06:33.651+0000] {logging_mixin.py:190} INFO - [2024-12-02T11:06:33.651+0000] {dag.py:4180} INFO - Setting next_dagrun for example_branch_operator to 2024-12-01 00:00:00+00:00, run_after=2024-12-02 00:00:00+00:00
[2024-12-02T11:06:33.665+0000] {processor.py:208} INFO - Processing /home/airflow/.local/lib/python3.12/site-packages/airflow/example_dags/example_branch_operator.py took 0.070 seconds
[2024-12-02T11:07:03.813+0000] {processor.py:186} INFO - Started process (PID=1148) to work on /home/airflow/.local/lib/python3.12/site-packages/airflow/example_dags/example_branch_operator.py
[2024-12-02T11:07:03.819+0000] {processor.py:914} INFO - Processing file /home/airflow/.local/lib/python3.12/site-packages/airflow/example_dags/example_branch_operator.py for tasks to queue
[2024-12-02T11:07:03.829+0000] {logging_mixin.py:190} INFO - [2024-12-02T11:07:03.829+0000] {dagbag.py:588} INFO - Filling up the DagBag from /home/airflow/.local/lib/python3.12/site-packages/airflow/example_dags/example_branch_operator.py
[2024-12-02T11:07:03.921+0000] {processor.py:925} INFO - DAG(s) 'example_branch_operator' retrieved from /home/airflow/.local/lib/python3.12/site-packages/airflow/example_dags/example_branch_operator.py
[2024-12-02T11:07:04.037+0000] {logging_mixin.py:190} INFO - [2024-12-02T11:07:04.037+0000] {dag.py:3239} INFO - Sync 1 DAGs
[2024-12-02T11:07:04.102+0000] {logging_mixin.py:190} INFO - [2024-12-02T11:07:04.102+0000] {dag.py:4180} INFO - Setting next_dagrun for example_branch_operator to 2024-12-01 00:00:00+00:00, run_after=2024-12-02 00:00:00+00:00
[2024-12-02T11:07:04.164+0000] {processor.py:208} INFO - Processing /home/airflow/.local/lib/python3.12/site-packages/airflow/example_dags/example_branch_operator.py took 0.368 seconds
[2024-12-02T11:07:35.095+0000] {processor.py:186} INFO - Started process (PID=1212) to work on /home/airflow/.local/lib/python3.12/site-packages/airflow/example_dags/example_branch_operator.py
[2024-12-02T11:07:35.096+0000] {processor.py:914} INFO - Processing file /home/airflow/.local/lib/python3.12/site-packages/airflow/example_dags/example_branch_operator.py for tasks to queue
[2024-12-02T11:07:35.099+0000] {logging_mixin.py:190} INFO - [2024-12-02T11:07:35.099+0000] {dagbag.py:588} INFO - Filling up the DagBag from /home/airflow/.local/lib/python3.12/site-packages/airflow/example_dags/example_branch_operator.py
[2024-12-02T11:07:35.112+0000] {processor.py:925} INFO - DAG(s) 'example_branch_operator' retrieved from /home/airflow/.local/lib/python3.12/site-packages/airflow/example_dags/example_branch_operator.py
[2024-12-02T11:07:35.129+0000] {logging_mixin.py:190} INFO - [2024-12-02T11:07:35.129+0000] {dag.py:3239} INFO - Sync 1 DAGs
[2024-12-02T11:07:35.145+0000] {logging_mixin.py:190} INFO - [2024-12-02T11:07:35.145+0000] {dag.py:4180} INFO - Setting next_dagrun for example_branch_operator to 2024-12-01 00:00:00+00:00, run_after=2024-12-02 00:00:00+00:00
[2024-12-02T11:07:35.160+0000] {processor.py:208} INFO - Processing /home/airflow/.local/lib/python3.12/site-packages/airflow/example_dags/example_branch_operator.py took 0.068 seconds
[2024-12-02T11:08:05.629+0000] {processor.py:186} INFO - Started process (PID=1275) to work on /home/airflow/.local/lib/python3.12/site-packages/airflow/example_dags/example_branch_operator.py
[2024-12-02T11:08:05.630+0000] {processor.py:914} INFO - Processing file /home/airflow/.local/lib/python3.12/site-packages/airflow/example_dags/example_branch_operator.py for tasks to queue
[2024-12-02T11:08:05.631+0000] {logging_mixin.py:190} INFO - [2024-12-02T11:08:05.631+0000] {dagbag.py:588} INFO - Filling up the DagBag from /home/airflow/.local/lib/python3.12/site-packages/airflow/example_dags/example_branch_operator.py
[2024-12-02T11:08:05.644+0000] {processor.py:925} INFO - DAG(s) 'example_branch_operator' retrieved from /home/airflow/.local/lib/python3.12/site-packages/airflow/example_dags/example_branch_operator.py
[2024-12-02T11:08:05.663+0000] {logging_mixin.py:190} INFO - [2024-12-02T11:08:05.663+0000] {dag.py:3239} INFO - Sync 1 DAGs
[2024-12-02T11:08:05.685+0000] {logging_mixin.py:190} INFO - [2024-12-02T11:08:05.685+0000] {dag.py:4180} INFO - Setting next_dagrun for example_branch_operator to 2024-12-01 00:00:00+00:00, run_after=2024-12-02 00:00:00+00:00
[2024-12-02T11:08:05.710+0000] {processor.py:208} INFO - Processing /home/airflow/.local/lib/python3.12/site-packages/airflow/example_dags/example_branch_operator.py took 0.086 seconds
[2024-12-02T11:08:35.808+0000] {processor.py:186} INFO - Started process (PID=1338) to work on /home/airflow/.local/lib/python3.12/site-packages/airflow/example_dags/example_branch_operator.py
[2024-12-02T11:08:35.810+0000] {processor.py:914} INFO - Processing file /home/airflow/.local/lib/python3.12/site-packages/airflow/example_dags/example_branch_operator.py for tasks to queue
[2024-12-02T11:08:35.812+0000] {logging_mixin.py:190} INFO - [2024-12-02T11:08:35.812+0000] {dagbag.py:588} INFO - Filling up the DagBag from /home/airflow/.local/lib/python3.12/site-packages/airflow/example_dags/example_branch_operator.py
[2024-12-02T11:08:35.825+0000] {processor.py:925} INFO - DAG(s) 'example_branch_operator' retrieved from /home/airflow/.local/lib/python3.12/site-packages/airflow/example_dags/example_branch_operator.py
[2024-12-02T11:08:35.846+0000] {logging_mixin.py:190} INFO - [2024-12-02T11:08:35.846+0000] {dag.py:3239} INFO - Sync 1 DAGs
[2024-12-02T11:08:35.865+0000] {logging_mixin.py:190} INFO - [2024-12-02T11:08:35.865+0000] {dag.py:4180} INFO - Setting next_dagrun for example_branch_operator to 2024-12-01 00:00:00+00:00, run_after=2024-12-02 00:00:00+00:00
[2024-12-02T11:08:35.879+0000] {processor.py:208} INFO - Processing /home/airflow/.local/lib/python3.12/site-packages/airflow/example_dags/example_branch_operator.py took 0.075 seconds
[2024-12-02T11:09:06.749+0000] {processor.py:186} INFO - Started process (PID=1403) to work on /home/airflow/.local/lib/python3.12/site-packages/airflow/example_dags/example_branch_operator.py
[2024-12-02T11:09:06.750+0000] {processor.py:914} INFO - Processing file /home/airflow/.local/lib/python3.12/site-packages/airflow/example_dags/example_branch_operator.py for tasks to queue
[2024-12-02T11:09:06.751+0000] {logging_mixin.py:190} INFO - [2024-12-02T11:09:06.751+0000] {dagbag.py:588} INFO - Filling up the DagBag from /home/airflow/.local/lib/python3.12/site-packages/airflow/example_dags/example_branch_operator.py
[2024-12-02T11:09:06.765+0000] {processor.py:925} INFO - DAG(s) 'example_branch_operator' retrieved from /home/airflow/.local/lib/python3.12/site-packages/airflow/example_dags/example_branch_operator.py
[2024-12-02T11:09:06.783+0000] {logging_mixin.py:190} INFO - [2024-12-02T11:09:06.783+0000] {dag.py:3239} INFO - Sync 1 DAGs
[2024-12-02T11:09:06.799+0000] {logging_mixin.py:190} INFO - [2024-12-02T11:09:06.799+0000] {dag.py:4180} INFO - Setting next_dagrun for example_branch_operator to 2024-12-01 00:00:00+00:00, run_after=2024-12-02 00:00:00+00:00
[2024-12-02T11:09:06.814+0000] {processor.py:208} INFO - Processing /home/airflow/.local/lib/python3.12/site-packages/airflow/example_dags/example_branch_operator.py took 0.069 seconds
[2024-12-02T11:09:37.101+0000] {processor.py:186} INFO - Started process (PID=1467) to work on /home/airflow/.local/lib/python3.12/site-packages/airflow/example_dags/example_branch_operator.py
[2024-12-02T11:09:37.102+0000] {processor.py:914} INFO - Processing file /home/airflow/.local/lib/python3.12/site-packages/airflow/example_dags/example_branch_operator.py for tasks to queue
[2024-12-02T11:09:37.103+0000] {logging_mixin.py:190} INFO - [2024-12-02T11:09:37.103+0000] {dagbag.py:588} INFO - Filling up the DagBag from /home/airflow/.local/lib/python3.12/site-packages/airflow/example_dags/example_branch_operator.py
[2024-12-02T11:09:37.115+0000] {processor.py:925} INFO - DAG(s) 'example_branch_operator' retrieved from /home/airflow/.local/lib/python3.12/site-packages/airflow/example_dags/example_branch_operator.py
[2024-12-02T11:09:37.133+0000] {logging_mixin.py:190} INFO - [2024-12-02T11:09:37.133+0000] {dag.py:3239} INFO - Sync 1 DAGs
[2024-12-02T11:09:37.151+0000] {logging_mixin.py:190} INFO - [2024-12-02T11:09:37.151+0000] {dag.py:4180} INFO - Setting next_dagrun for example_branch_operator to 2024-12-01 00:00:00+00:00, run_after=2024-12-02 00:00:00+00:00
[2024-12-02T11:09:37.172+0000] {processor.py:208} INFO - Processing /home/airflow/.local/lib/python3.12/site-packages/airflow/example_dags/example_branch_operator.py took 0.075 seconds
[2024-12-02T11:10:08.125+0000] {processor.py:186} INFO - Started process (PID=1530) to work on /home/airflow/.local/lib/python3.12/site-packages/airflow/example_dags/example_branch_operator.py
[2024-12-02T11:10:08.126+0000] {processor.py:914} INFO - Processing file /home/airflow/.local/lib/python3.12/site-packages/airflow/example_dags/example_branch_operator.py for tasks to queue
[2024-12-02T11:10:08.135+0000] {logging_mixin.py:190} INFO - [2024-12-02T11:10:08.134+0000] {dagbag.py:588} INFO - Filling up the DagBag from /home/airflow/.local/lib/python3.12/site-packages/airflow/example_dags/example_branch_operator.py
[2024-12-02T11:10:08.189+0000] {processor.py:925} INFO - DAG(s) 'example_branch_operator' retrieved from /home/airflow/.local/lib/python3.12/site-packages/airflow/example_dags/example_branch_operator.py
[2024-12-02T11:10:08.247+0000] {logging_mixin.py:190} INFO - [2024-12-02T11:10:08.246+0000] {dag.py:3239} INFO - Sync 1 DAGs
[2024-12-02T11:10:08.280+0000] {logging_mixin.py:190} INFO - [2024-12-02T11:10:08.280+0000] {dag.py:4180} INFO - Setting next_dagrun for example_branch_operator to 2024-12-01 00:00:00+00:00, run_after=2024-12-02 00:00:00+00:00
[2024-12-02T11:10:08.319+0000] {processor.py:208} INFO - Processing /home/airflow/.local/lib/python3.12/site-packages/airflow/example_dags/example_branch_operator.py took 0.198 seconds
[2024-12-02T11:10:38.918+0000] {processor.py:186} INFO - Started process (PID=1594) to work on /home/airflow/.local/lib/python3.12/site-packages/airflow/example_dags/example_branch_operator.py
[2024-12-02T11:10:38.919+0000] {processor.py:914} INFO - Processing file /home/airflow/.local/lib/python3.12/site-packages/airflow/example_dags/example_branch_operator.py for tasks to queue
[2024-12-02T11:10:38.921+0000] {logging_mixin.py:190} INFO - [2024-12-02T11:10:38.920+0000] {dagbag.py:588} INFO - Filling up the DagBag from /home/airflow/.local/lib/python3.12/site-packages/airflow/example_dags/example_branch_operator.py
[2024-12-02T11:10:38.933+0000] {processor.py:925} INFO - DAG(s) 'example_branch_operator' retrieved from /home/airflow/.local/lib/python3.12/site-packages/airflow/example_dags/example_branch_operator.py
[2024-12-02T11:10:38.951+0000] {logging_mixin.py:190} INFO - [2024-12-02T11:10:38.951+0000] {dag.py:3239} INFO - Sync 1 DAGs
[2024-12-02T11:10:38.966+0000] {logging_mixin.py:190} INFO - [2024-12-02T11:10:38.966+0000] {dag.py:4180} INFO - Setting next_dagrun for example_branch_operator to 2024-12-01 00:00:00+00:00, run_after=2024-12-02 00:00:00+00:00
[2024-12-02T11:10:38.979+0000] {processor.py:208} INFO - Processing /home/airflow/.local/lib/python3.12/site-packages/airflow/example_dags/example_branch_operator.py took 0.065 seconds
[2024-12-02T11:11:10.303+0000] {processor.py:186} INFO - Started process (PID=1658) to work on /home/airflow/.local/lib/python3.12/site-packages/airflow/example_dags/example_branch_operator.py
[2024-12-02T11:11:10.303+0000] {processor.py:914} INFO - Processing file /home/airflow/.local/lib/python3.12/site-packages/airflow/example_dags/example_branch_operator.py for tasks to queue
[2024-12-02T11:11:10.305+0000] {logging_mixin.py:190} INFO - [2024-12-02T11:11:10.304+0000] {dagbag.py:588} INFO - Filling up the DagBag from /home/airflow/.local/lib/python3.12/site-packages/airflow/example_dags/example_branch_operator.py
[2024-12-02T11:11:10.316+0000] {processor.py:925} INFO - DAG(s) 'example_branch_operator' retrieved from /home/airflow/.local/lib/python3.12/site-packages/airflow/example_dags/example_branch_operator.py
[2024-12-02T11:11:10.341+0000] {logging_mixin.py:190} INFO - [2024-12-02T11:11:10.341+0000] {dag.py:3239} INFO - Sync 1 DAGs
[2024-12-02T11:11:10.358+0000] {logging_mixin.py:190} INFO - [2024-12-02T11:11:10.357+0000] {dag.py:4180} INFO - Setting next_dagrun for example_branch_operator to 2024-12-01 00:00:00+00:00, run_after=2024-12-02 00:00:00+00:00
[2024-12-02T11:11:10.373+0000] {processor.py:208} INFO - Processing /home/airflow/.local/lib/python3.12/site-packages/airflow/example_dags/example_branch_operator.py took 0.074 seconds
[2024-12-02T11:11:41.114+0000] {processor.py:186} INFO - Started process (PID=1723) to work on /home/airflow/.local/lib/python3.12/site-packages/airflow/example_dags/example_branch_operator.py
[2024-12-02T11:11:41.116+0000] {processor.py:914} INFO - Processing file /home/airflow/.local/lib/python3.12/site-packages/airflow/example_dags/example_branch_operator.py for tasks to queue
[2024-12-02T11:11:41.119+0000] {logging_mixin.py:190} INFO - [2024-12-02T11:11:41.118+0000] {dagbag.py:588} INFO - Filling up the DagBag from /home/airflow/.local/lib/python3.12/site-packages/airflow/example_dags/example_branch_operator.py
[2024-12-02T11:11:41.136+0000] {processor.py:925} INFO - DAG(s) 'example_branch_operator' retrieved from /home/airflow/.local/lib/python3.12/site-packages/airflow/example_dags/example_branch_operator.py
[2024-12-02T11:11:41.170+0000] {logging_mixin.py:190} INFO - [2024-12-02T11:11:41.170+0000] {dag.py:3239} INFO - Sync 1 DAGs
[2024-12-02T11:11:41.194+0000] {logging_mixin.py:190} INFO - [2024-12-02T11:11:41.194+0000] {dag.py:4180} INFO - Setting next_dagrun for example_branch_operator to 2024-12-01 00:00:00+00:00, run_after=2024-12-02 00:00:00+00:00
[2024-12-02T11:11:41.209+0000] {processor.py:208} INFO - Processing /home/airflow/.local/lib/python3.12/site-packages/airflow/example_dags/example_branch_operator.py took 0.100 seconds
[2024-12-02T11:12:11.474+0000] {processor.py:186} INFO - Started process (PID=1787) to work on /home/airflow/.local/lib/python3.12/site-packages/airflow/example_dags/example_branch_operator.py
[2024-12-02T11:12:11.475+0000] {processor.py:914} INFO - Processing file /home/airflow/.local/lib/python3.12/site-packages/airflow/example_dags/example_branch_operator.py for tasks to queue
[2024-12-02T11:12:11.477+0000] {logging_mixin.py:190} INFO - [2024-12-02T11:12:11.476+0000] {dagbag.py:588} INFO - Filling up the DagBag from /home/airflow/.local/lib/python3.12/site-packages/airflow/example_dags/example_branch_operator.py
[2024-12-02T11:12:11.490+0000] {processor.py:925} INFO - DAG(s) 'example_branch_operator' retrieved from /home/airflow/.local/lib/python3.12/site-packages/airflow/example_dags/example_branch_operator.py
[2024-12-02T11:12:11.508+0000] {logging_mixin.py:190} INFO - [2024-12-02T11:12:11.507+0000] {dag.py:3239} INFO - Sync 1 DAGs
[2024-12-02T11:12:11.524+0000] {logging_mixin.py:190} INFO - [2024-12-02T11:12:11.524+0000] {dag.py:4180} INFO - Setting next_dagrun for example_branch_operator to 2024-12-01 00:00:00+00:00, run_after=2024-12-02 00:00:00+00:00
[2024-12-02T11:12:11.542+0000] {processor.py:208} INFO - Processing /home/airflow/.local/lib/python3.12/site-packages/airflow/example_dags/example_branch_operator.py took 0.071 seconds
[2024-12-02T11:12:41.797+0000] {processor.py:186} INFO - Started process (PID=1851) to work on /home/airflow/.local/lib/python3.12/site-packages/airflow/example_dags/example_branch_operator.py
[2024-12-02T11:12:41.798+0000] {processor.py:914} INFO - Processing file /home/airflow/.local/lib/python3.12/site-packages/airflow/example_dags/example_branch_operator.py for tasks to queue
[2024-12-02T11:12:41.799+0000] {logging_mixin.py:190} INFO - [2024-12-02T11:12:41.799+0000] {dagbag.py:588} INFO - Filling up the DagBag from /home/airflow/.local/lib/python3.12/site-packages/airflow/example_dags/example_branch_operator.py
[2024-12-02T11:12:41.812+0000] {processor.py:925} INFO - DAG(s) 'example_branch_operator' retrieved from /home/airflow/.local/lib/python3.12/site-packages/airflow/example_dags/example_branch_operator.py
[2024-12-02T11:12:41.830+0000] {logging_mixin.py:190} INFO - [2024-12-02T11:12:41.829+0000] {dag.py:3239} INFO - Sync 1 DAGs
[2024-12-02T11:12:41.846+0000] {logging_mixin.py:190} INFO - [2024-12-02T11:12:41.846+0000] {dag.py:4180} INFO - Setting next_dagrun for example_branch_operator to 2024-12-01 00:00:00+00:00, run_after=2024-12-02 00:00:00+00:00
[2024-12-02T11:12:41.863+0000] {processor.py:208} INFO - Processing /home/airflow/.local/lib/python3.12/site-packages/airflow/example_dags/example_branch_operator.py took 0.070 seconds
[2024-12-02T11:13:12.959+0000] {processor.py:186} INFO - Started process (PID=1916) to work on /home/airflow/.local/lib/python3.12/site-packages/airflow/example_dags/example_branch_operator.py
[2024-12-02T11:13:12.960+0000] {processor.py:914} INFO - Processing file /home/airflow/.local/lib/python3.12/site-packages/airflow/example_dags/example_branch_operator.py for tasks to queue
[2024-12-02T11:13:12.969+0000] {logging_mixin.py:190} INFO - [2024-12-02T11:13:12.969+0000] {dagbag.py:588} INFO - Filling up the DagBag from /home/airflow/.local/lib/python3.12/site-packages/airflow/example_dags/example_branch_operator.py
[2024-12-02T11:13:13.059+0000] {processor.py:925} INFO - DAG(s) 'example_branch_operator' retrieved from /home/airflow/.local/lib/python3.12/site-packages/airflow/example_dags/example_branch_operator.py
[2024-12-02T11:13:13.179+0000] {logging_mixin.py:190} INFO - [2024-12-02T11:13:13.179+0000] {dag.py:3239} INFO - Sync 1 DAGs
[2024-12-02T11:13:13.253+0000] {logging_mixin.py:190} INFO - [2024-12-02T11:13:13.253+0000] {dag.py:4180} INFO - Setting next_dagrun for example_branch_operator to 2024-12-01 00:00:00+00:00, run_after=2024-12-02 00:00:00+00:00
[2024-12-02T11:13:13.343+0000] {processor.py:208} INFO - Processing /home/airflow/.local/lib/python3.12/site-packages/airflow/example_dags/example_branch_operator.py took 0.417 seconds
[2024-12-02T11:13:43.522+0000] {processor.py:186} INFO - Started process (PID=1975) to work on /home/airflow/.local/lib/python3.12/site-packages/airflow/example_dags/example_branch_operator.py
[2024-12-02T11:13:43.535+0000] {processor.py:914} INFO - Processing file /home/airflow/.local/lib/python3.12/site-packages/airflow/example_dags/example_branch_operator.py for tasks to queue
[2024-12-02T11:13:43.537+0000] {logging_mixin.py:190} INFO - [2024-12-02T11:13:43.537+0000] {dagbag.py:588} INFO - Filling up the DagBag from /home/airflow/.local/lib/python3.12/site-packages/airflow/example_dags/example_branch_operator.py
[2024-12-02T11:13:43.560+0000] {processor.py:925} INFO - DAG(s) 'example_branch_operator' retrieved from /home/airflow/.local/lib/python3.12/site-packages/airflow/example_dags/example_branch_operator.py
[2024-12-02T11:13:43.600+0000] {logging_mixin.py:190} INFO - [2024-12-02T11:13:43.600+0000] {dag.py:3239} INFO - Sync 1 DAGs
[2024-12-02T11:13:43.647+0000] {logging_mixin.py:190} INFO - [2024-12-02T11:13:43.647+0000] {dag.py:4180} INFO - Setting next_dagrun for example_branch_operator to 2024-12-01 00:00:00+00:00, run_after=2024-12-02 00:00:00+00:00
[2024-12-02T11:13:43.674+0000] {processor.py:208} INFO - Processing /home/airflow/.local/lib/python3.12/site-packages/airflow/example_dags/example_branch_operator.py took 0.155 seconds
[2024-12-02T11:14:14.217+0000] {processor.py:186} INFO - Started process (PID=2041) to work on /home/airflow/.local/lib/python3.12/site-packages/airflow/example_dags/example_branch_operator.py
[2024-12-02T11:14:14.218+0000] {processor.py:914} INFO - Processing file /home/airflow/.local/lib/python3.12/site-packages/airflow/example_dags/example_branch_operator.py for tasks to queue
[2024-12-02T11:14:14.220+0000] {logging_mixin.py:190} INFO - [2024-12-02T11:14:14.220+0000] {dagbag.py:588} INFO - Filling up the DagBag from /home/airflow/.local/lib/python3.12/site-packages/airflow/example_dags/example_branch_operator.py
[2024-12-02T11:14:14.233+0000] {processor.py:925} INFO - DAG(s) 'example_branch_operator' retrieved from /home/airflow/.local/lib/python3.12/site-packages/airflow/example_dags/example_branch_operator.py
[2024-12-02T11:14:14.252+0000] {logging_mixin.py:190} INFO - [2024-12-02T11:14:14.252+0000] {dag.py:3239} INFO - Sync 1 DAGs
[2024-12-02T11:14:14.269+0000] {logging_mixin.py:190} INFO - [2024-12-02T11:14:14.269+0000] {dag.py:4180} INFO - Setting next_dagrun for example_branch_operator to 2024-12-01 00:00:00+00:00, run_after=2024-12-02 00:00:00+00:00
[2024-12-02T11:14:14.321+0000] {processor.py:208} INFO - Processing /home/airflow/.local/lib/python3.12/site-packages/airflow/example_dags/example_branch_operator.py took 0.108 seconds
[2024-12-02T11:14:44.532+0000] {processor.py:186} INFO - Started process (PID=2106) to work on /home/airflow/.local/lib/python3.12/site-packages/airflow/example_dags/example_branch_operator.py
[2024-12-02T11:14:44.534+0000] {processor.py:914} INFO - Processing file /home/airflow/.local/lib/python3.12/site-packages/airflow/example_dags/example_branch_operator.py for tasks to queue
[2024-12-02T11:14:44.537+0000] {logging_mixin.py:190} INFO - [2024-12-02T11:14:44.537+0000] {dagbag.py:588} INFO - Filling up the DagBag from /home/airflow/.local/lib/python3.12/site-packages/airflow/example_dags/example_branch_operator.py
[2024-12-02T11:14:44.554+0000] {processor.py:925} INFO - DAG(s) 'example_branch_operator' retrieved from /home/airflow/.local/lib/python3.12/site-packages/airflow/example_dags/example_branch_operator.py
[2024-12-02T11:14:44.586+0000] {logging_mixin.py:190} INFO - [2024-12-02T11:14:44.586+0000] {dag.py:3239} INFO - Sync 1 DAGs
[2024-12-02T11:14:44.611+0000] {logging_mixin.py:190} INFO - [2024-12-02T11:14:44.610+0000] {dag.py:4180} INFO - Setting next_dagrun for example_branch_operator to 2024-12-01 00:00:00+00:00, run_after=2024-12-02 00:00:00+00:00
[2024-12-02T11:14:44.626+0000] {processor.py:208} INFO - Processing /home/airflow/.local/lib/python3.12/site-packages/airflow/example_dags/example_branch_operator.py took 0.099 seconds
[2024-12-02T11:15:16.847+0000] {processor.py:186} INFO - Started process (PID=2169) to work on /home/airflow/.local/lib/python3.12/site-packages/airflow/example_dags/example_branch_operator.py
[2024-12-02T11:15:16.848+0000] {processor.py:914} INFO - Processing file /home/airflow/.local/lib/python3.12/site-packages/airflow/example_dags/example_branch_operator.py for tasks to queue
[2024-12-02T11:15:16.857+0000] {logging_mixin.py:190} INFO - [2024-12-02T11:15:16.856+0000] {dagbag.py:588} INFO - Filling up the DagBag from /home/airflow/.local/lib/python3.12/site-packages/airflow/example_dags/example_branch_operator.py
[2024-12-02T11:15:16.875+0000] {processor.py:925} INFO - DAG(s) 'example_branch_operator' retrieved from /home/airflow/.local/lib/python3.12/site-packages/airflow/example_dags/example_branch_operator.py
[2024-12-02T11:15:16.922+0000] {logging_mixin.py:190} INFO - [2024-12-02T11:15:16.922+0000] {dag.py:3239} INFO - Sync 1 DAGs
[2024-12-02T11:15:16.967+0000] {logging_mixin.py:190} INFO - [2024-12-02T11:15:16.967+0000] {dag.py:4180} INFO - Setting next_dagrun for example_branch_operator to 2024-12-01 00:00:00+00:00, run_after=2024-12-02 00:00:00+00:00
[2024-12-02T11:15:16.990+0000] {processor.py:208} INFO - Processing /home/airflow/.local/lib/python3.12/site-packages/airflow/example_dags/example_branch_operator.py took 0.154 seconds
[2024-12-02T11:15:47.314+0000] {processor.py:186} INFO - Started process (PID=2234) to work on /home/airflow/.local/lib/python3.12/site-packages/airflow/example_dags/example_branch_operator.py
[2024-12-02T11:15:47.316+0000] {processor.py:914} INFO - Processing file /home/airflow/.local/lib/python3.12/site-packages/airflow/example_dags/example_branch_operator.py for tasks to queue
[2024-12-02T11:15:47.317+0000] {logging_mixin.py:190} INFO - [2024-12-02T11:15:47.316+0000] {dagbag.py:588} INFO - Filling up the DagBag from /home/airflow/.local/lib/python3.12/site-packages/airflow/example_dags/example_branch_operator.py
[2024-12-02T11:15:47.328+0000] {processor.py:925} INFO - DAG(s) 'example_branch_operator' retrieved from /home/airflow/.local/lib/python3.12/site-packages/airflow/example_dags/example_branch_operator.py
[2024-12-02T11:15:47.350+0000] {logging_mixin.py:190} INFO - [2024-12-02T11:15:47.349+0000] {dag.py:3239} INFO - Sync 1 DAGs
[2024-12-02T11:15:47.366+0000] {logging_mixin.py:190} INFO - [2024-12-02T11:15:47.366+0000] {dag.py:4180} INFO - Setting next_dagrun for example_branch_operator to 2024-12-01 00:00:00+00:00, run_after=2024-12-02 00:00:00+00:00
[2024-12-02T11:15:47.379+0000] {processor.py:208} INFO - Processing /home/airflow/.local/lib/python3.12/site-packages/airflow/example_dags/example_branch_operator.py took 0.069 seconds
[2024-12-02T11:16:18.180+0000] {processor.py:186} INFO - Started process (PID=2299) to work on /home/airflow/.local/lib/python3.12/site-packages/airflow/example_dags/example_branch_operator.py
[2024-12-02T11:16:18.180+0000] {processor.py:914} INFO - Processing file /home/airflow/.local/lib/python3.12/site-packages/airflow/example_dags/example_branch_operator.py for tasks to queue
[2024-12-02T11:16:18.181+0000] {logging_mixin.py:190} INFO - [2024-12-02T11:16:18.181+0000] {dagbag.py:588} INFO - Filling up the DagBag from /home/airflow/.local/lib/python3.12/site-packages/airflow/example_dags/example_branch_operator.py
[2024-12-02T11:16:18.193+0000] {processor.py:925} INFO - DAG(s) 'example_branch_operator' retrieved from /home/airflow/.local/lib/python3.12/site-packages/airflow/example_dags/example_branch_operator.py
[2024-12-02T11:16:18.229+0000] {logging_mixin.py:190} INFO - [2024-12-02T11:16:18.229+0000] {dag.py:3239} INFO - Sync 1 DAGs
[2024-12-02T11:16:18.262+0000] {logging_mixin.py:190} INFO - [2024-12-02T11:16:18.261+0000] {dag.py:4180} INFO - Setting next_dagrun for example_branch_operator to 2024-12-01 00:00:00+00:00, run_after=2024-12-02 00:00:00+00:00
[2024-12-02T11:16:18.295+0000] {processor.py:208} INFO - Processing /home/airflow/.local/lib/python3.12/site-packages/airflow/example_dags/example_branch_operator.py took 0.120 seconds
[2024-12-02T11:16:48.317+0000] {processor.py:186} INFO - Started process (PID=2362) to work on /home/airflow/.local/lib/python3.12/site-packages/airflow/example_dags/example_branch_operator.py
[2024-12-02T11:16:48.319+0000] {processor.py:914} INFO - Processing file /home/airflow/.local/lib/python3.12/site-packages/airflow/example_dags/example_branch_operator.py for tasks to queue
[2024-12-02T11:16:48.320+0000] {logging_mixin.py:190} INFO - [2024-12-02T11:16:48.319+0000] {dagbag.py:588} INFO - Filling up the DagBag from /home/airflow/.local/lib/python3.12/site-packages/airflow/example_dags/example_branch_operator.py
[2024-12-02T11:16:48.332+0000] {processor.py:925} INFO - DAG(s) 'example_branch_operator' retrieved from /home/airflow/.local/lib/python3.12/site-packages/airflow/example_dags/example_branch_operator.py
[2024-12-02T11:16:48.350+0000] {logging_mixin.py:190} INFO - [2024-12-02T11:16:48.350+0000] {dag.py:3239} INFO - Sync 1 DAGs
[2024-12-02T11:16:48.378+0000] {logging_mixin.py:190} INFO - [2024-12-02T11:16:48.378+0000] {dag.py:4180} INFO - Setting next_dagrun for example_branch_operator to 2024-12-01 00:00:00+00:00, run_after=2024-12-02 00:00:00+00:00
[2024-12-02T11:16:48.410+0000] {processor.py:208} INFO - Processing /home/airflow/.local/lib/python3.12/site-packages/airflow/example_dags/example_branch_operator.py took 0.098 seconds
[2024-12-02T11:17:18.634+0000] {processor.py:186} INFO - Started process (PID=2426) to work on /home/airflow/.local/lib/python3.12/site-packages/airflow/example_dags/example_branch_operator.py
[2024-12-02T11:17:18.635+0000] {processor.py:914} INFO - Processing file /home/airflow/.local/lib/python3.12/site-packages/airflow/example_dags/example_branch_operator.py for tasks to queue
[2024-12-02T11:17:18.636+0000] {logging_mixin.py:190} INFO - [2024-12-02T11:17:18.636+0000] {dagbag.py:588} INFO - Filling up the DagBag from /home/airflow/.local/lib/python3.12/site-packages/airflow/example_dags/example_branch_operator.py
[2024-12-02T11:17:18.653+0000] {processor.py:925} INFO - DAG(s) 'example_branch_operator' retrieved from /home/airflow/.local/lib/python3.12/site-packages/airflow/example_dags/example_branch_operator.py
[2024-12-02T11:17:18.700+0000] {logging_mixin.py:190} INFO - [2024-12-02T11:17:18.699+0000] {dag.py:3239} INFO - Sync 1 DAGs
[2024-12-02T11:17:18.724+0000] {logging_mixin.py:190} INFO - [2024-12-02T11:17:18.724+0000] {dag.py:4180} INFO - Setting next_dagrun for example_branch_operator to 2024-12-01 00:00:00+00:00, run_after=2024-12-02 00:00:00+00:00
[2024-12-02T11:17:18.745+0000] {processor.py:208} INFO - Processing /home/airflow/.local/lib/python3.12/site-packages/airflow/example_dags/example_branch_operator.py took 0.117 seconds
[2024-12-02T11:17:49.594+0000] {processor.py:186} INFO - Started process (PID=2490) to work on /home/airflow/.local/lib/python3.12/site-packages/airflow/example_dags/example_branch_operator.py
[2024-12-02T11:17:49.594+0000] {processor.py:914} INFO - Processing file /home/airflow/.local/lib/python3.12/site-packages/airflow/example_dags/example_branch_operator.py for tasks to queue
[2024-12-02T11:17:49.595+0000] {logging_mixin.py:190} INFO - [2024-12-02T11:17:49.595+0000] {dagbag.py:588} INFO - Filling up the DagBag from /home/airflow/.local/lib/python3.12/site-packages/airflow/example_dags/example_branch_operator.py
[2024-12-02T11:17:49.631+0000] {processor.py:925} INFO - DAG(s) 'example_branch_operator' retrieved from /home/airflow/.local/lib/python3.12/site-packages/airflow/example_dags/example_branch_operator.py
[2024-12-02T11:17:49.694+0000] {logging_mixin.py:190} INFO - [2024-12-02T11:17:49.694+0000] {dag.py:3239} INFO - Sync 1 DAGs
[2024-12-02T11:17:49.752+0000] {logging_mixin.py:190} INFO - [2024-12-02T11:17:49.752+0000] {dag.py:4180} INFO - Setting next_dagrun for example_branch_operator to 2024-12-01 00:00:00+00:00, run_after=2024-12-02 00:00:00+00:00
[2024-12-02T11:17:49.791+0000] {processor.py:208} INFO - Processing /home/airflow/.local/lib/python3.12/site-packages/airflow/example_dags/example_branch_operator.py took 0.230 seconds
[2024-12-02T11:18:20.566+0000] {processor.py:186} INFO - Started process (PID=2555) to work on /home/airflow/.local/lib/python3.12/site-packages/airflow/example_dags/example_branch_operator.py
[2024-12-02T11:18:20.568+0000] {processor.py:914} INFO - Processing file /home/airflow/.local/lib/python3.12/site-packages/airflow/example_dags/example_branch_operator.py for tasks to queue
[2024-12-02T11:18:20.569+0000] {logging_mixin.py:190} INFO - [2024-12-02T11:18:20.569+0000] {dagbag.py:588} INFO - Filling up the DagBag from /home/airflow/.local/lib/python3.12/site-packages/airflow/example_dags/example_branch_operator.py
[2024-12-02T11:18:20.596+0000] {processor.py:925} INFO - DAG(s) 'example_branch_operator' retrieved from /home/airflow/.local/lib/python3.12/site-packages/airflow/example_dags/example_branch_operator.py
[2024-12-02T11:18:20.621+0000] {logging_mixin.py:190} INFO - [2024-12-02T11:18:20.620+0000] {dag.py:3239} INFO - Sync 1 DAGs
[2024-12-02T11:18:20.640+0000] {logging_mixin.py:190} INFO - [2024-12-02T11:18:20.639+0000] {dag.py:4180} INFO - Setting next_dagrun for example_branch_operator to 2024-12-01 00:00:00+00:00, run_after=2024-12-02 00:00:00+00:00
[2024-12-02T11:18:20.656+0000] {processor.py:208} INFO - Processing /home/airflow/.local/lib/python3.12/site-packages/airflow/example_dags/example_branch_operator.py took 0.095 seconds
[2024-12-02T11:18:51.460+0000] {processor.py:186} INFO - Started process (PID=2620) to work on /home/airflow/.local/lib/python3.12/site-packages/airflow/example_dags/example_branch_operator.py
[2024-12-02T11:18:51.460+0000] {processor.py:914} INFO - Processing file /home/airflow/.local/lib/python3.12/site-packages/airflow/example_dags/example_branch_operator.py for tasks to queue
[2024-12-02T11:18:51.461+0000] {logging_mixin.py:190} INFO - [2024-12-02T11:18:51.461+0000] {dagbag.py:588} INFO - Filling up the DagBag from /home/airflow/.local/lib/python3.12/site-packages/airflow/example_dags/example_branch_operator.py
[2024-12-02T11:18:51.481+0000] {processor.py:925} INFO - DAG(s) 'example_branch_operator' retrieved from /home/airflow/.local/lib/python3.12/site-packages/airflow/example_dags/example_branch_operator.py
[2024-12-02T11:18:51.507+0000] {logging_mixin.py:190} INFO - [2024-12-02T11:18:51.507+0000] {dag.py:3239} INFO - Sync 1 DAGs
[2024-12-02T11:18:51.533+0000] {logging_mixin.py:190} INFO - [2024-12-02T11:18:51.533+0000] {dag.py:4180} INFO - Setting next_dagrun for example_branch_operator to 2024-12-01 00:00:00+00:00, run_after=2024-12-02 00:00:00+00:00
[2024-12-02T11:18:51.550+0000] {processor.py:208} INFO - Processing /home/airflow/.local/lib/python3.12/site-packages/airflow/example_dags/example_branch_operator.py took 0.096 seconds
[2024-12-02T11:19:22.998+0000] {processor.py:186} INFO - Started process (PID=2685) to work on /home/airflow/.local/lib/python3.12/site-packages/airflow/example_dags/example_branch_operator.py
[2024-12-02T11:19:23.009+0000] {processor.py:914} INFO - Processing file /home/airflow/.local/lib/python3.12/site-packages/airflow/example_dags/example_branch_operator.py for tasks to queue
[2024-12-02T11:19:23.010+0000] {logging_mixin.py:190} INFO - [2024-12-02T11:19:23.010+0000] {dagbag.py:588} INFO - Filling up the DagBag from /home/airflow/.local/lib/python3.12/site-packages/airflow/example_dags/example_branch_operator.py
[2024-12-02T11:19:23.026+0000] {processor.py:925} INFO - DAG(s) 'example_branch_operator' retrieved from /home/airflow/.local/lib/python3.12/site-packages/airflow/example_dags/example_branch_operator.py
[2024-12-02T11:19:23.070+0000] {logging_mixin.py:190} INFO - [2024-12-02T11:19:23.069+0000] {dag.py:3239} INFO - Sync 1 DAGs
[2024-12-02T11:19:23.113+0000] {logging_mixin.py:190} INFO - [2024-12-02T11:19:23.113+0000] {dag.py:4180} INFO - Setting next_dagrun for example_branch_operator to 2024-12-01 00:00:00+00:00, run_after=2024-12-02 00:00:00+00:00
[2024-12-02T11:19:23.143+0000] {processor.py:208} INFO - Processing /home/airflow/.local/lib/python3.12/site-packages/airflow/example_dags/example_branch_operator.py took 0.149 seconds
[2024-12-02T11:19:58.089+0000] {processor.py:186} INFO - Started process (PID=2751) to work on /home/airflow/.local/lib/python3.12/site-packages/airflow/example_dags/example_branch_operator.py
[2024-12-02T11:19:58.091+0000] {processor.py:914} INFO - Processing file /home/airflow/.local/lib/python3.12/site-packages/airflow/example_dags/example_branch_operator.py for tasks to queue
[2024-12-02T11:19:58.103+0000] {logging_mixin.py:190} INFO - [2024-12-02T11:19:58.102+0000] {dagbag.py:588} INFO - Filling up the DagBag from /home/airflow/.local/lib/python3.12/site-packages/airflow/example_dags/example_branch_operator.py
[2024-12-02T11:19:58.137+0000] {processor.py:925} INFO - DAG(s) 'example_branch_operator' retrieved from /home/airflow/.local/lib/python3.12/site-packages/airflow/example_dags/example_branch_operator.py
[2024-12-02T11:19:58.180+0000] {logging_mixin.py:190} INFO - [2024-12-02T11:19:58.180+0000] {dag.py:3239} INFO - Sync 1 DAGs
[2024-12-02T11:19:58.210+0000] {logging_mixin.py:190} INFO - [2024-12-02T11:19:58.210+0000] {dag.py:4180} INFO - Setting next_dagrun for example_branch_operator to 2024-12-01 00:00:00+00:00, run_after=2024-12-02 00:00:00+00:00
[2024-12-02T11:19:58.238+0000] {processor.py:208} INFO - Processing /home/airflow/.local/lib/python3.12/site-packages/airflow/example_dags/example_branch_operator.py took 0.161 seconds
