[2024-12-02T10:38:34.187+0000] {processor.py:186} INFO - Started process (PID=115) to work on /home/airflow/.local/lib/python3.12/site-packages/airflow/example_dags/example_inlet_event_extra.py
[2024-12-02T10:38:34.193+0000] {processor.py:914} INFO - Processing file /home/airflow/.local/lib/python3.12/site-packages/airflow/example_dags/example_inlet_event_extra.py for tasks to queue
[2024-12-02T10:38:34.201+0000] {logging_mixin.py:190} INFO - [2024-12-02T10:38:34.200+0000] {dagbag.py:588} INFO - Filling up the DagBag from /home/airflow/.local/lib/python3.12/site-packages/airflow/example_dags/example_inlet_event_extra.py
[2024-12-02T10:38:41.601+0000] {processor.py:925} INFO - DAG(s) 'read_dataset_event_from_classic', 'read_dataset_event' retrieved from /home/airflow/.local/lib/python3.12/site-packages/airflow/example_dags/example_inlet_event_extra.py
[2024-12-02T10:38:45.027+0000] {logging_mixin.py:190} INFO - [2024-12-02T10:38:45.024+0000] {override.py:1911} INFO - Created Permission View: can edit on DAG:read_dataset_event_from_classic
[2024-12-02T10:38:45.043+0000] {logging_mixin.py:190} INFO - [2024-12-02T10:38:45.042+0000] {override.py:1911} INFO - Created Permission View: can read on DAG:read_dataset_event_from_classic
[2024-12-02T10:38:45.054+0000] {logging_mixin.py:190} INFO - [2024-12-02T10:38:45.053+0000] {override.py:1911} INFO - Created Permission View: can delete on DAG:read_dataset_event_from_classic
[2024-12-02T10:38:45.111+0000] {logging_mixin.py:190} INFO - [2024-12-02T10:38:45.086+0000] {override.py:1911} INFO - Created Permission View: menu access on DAG Run:read_dataset_event_from_classic
[2024-12-02T10:38:45.146+0000] {logging_mixin.py:190} INFO - [2024-12-02T10:38:45.146+0000] {override.py:1911} INFO - Created Permission View: can read on DAG Run:read_dataset_event_from_classic
[2024-12-02T10:38:45.166+0000] {logging_mixin.py:190} INFO - [2024-12-02T10:38:45.165+0000] {override.py:1911} INFO - Created Permission View: can delete on DAG Run:read_dataset_event_from_classic
[2024-12-02T10:38:45.208+0000] {logging_mixin.py:190} INFO - [2024-12-02T10:38:45.204+0000] {override.py:1911} INFO - Created Permission View: can create on DAG Run:read_dataset_event_from_classic
[2024-12-02T10:38:45.262+0000] {logging_mixin.py:190} INFO - [2024-12-02T10:38:45.261+0000] {override.py:1911} INFO - Created Permission View: can edit on DAG:read_dataset_event
[2024-12-02T10:38:45.282+0000] {logging_mixin.py:190} INFO - [2024-12-02T10:38:45.281+0000] {override.py:1911} INFO - Created Permission View: can read on DAG:read_dataset_event
[2024-12-02T10:38:45.294+0000] {logging_mixin.py:190} INFO - [2024-12-02T10:38:45.293+0000] {override.py:1911} INFO - Created Permission View: can delete on DAG:read_dataset_event
[2024-12-02T10:38:45.304+0000] {logging_mixin.py:190} INFO - [2024-12-02T10:38:45.304+0000] {override.py:1911} INFO - Created Permission View: menu access on DAG Run:read_dataset_event
[2024-12-02T10:38:45.322+0000] {logging_mixin.py:190} INFO - [2024-12-02T10:38:45.321+0000] {override.py:1911} INFO - Created Permission View: can read on DAG Run:read_dataset_event
[2024-12-02T10:38:45.347+0000] {logging_mixin.py:190} INFO - [2024-12-02T10:38:45.346+0000] {override.py:1911} INFO - Created Permission View: can delete on DAG Run:read_dataset_event
[2024-12-02T10:38:45.359+0000] {logging_mixin.py:190} INFO - [2024-12-02T10:38:45.359+0000] {override.py:1911} INFO - Created Permission View: can create on DAG Run:read_dataset_event
[2024-12-02T10:38:45.360+0000] {logging_mixin.py:190} INFO - [2024-12-02T10:38:45.360+0000] {dag.py:3239} INFO - Sync 2 DAGs
[2024-12-02T10:38:45.398+0000] {logging_mixin.py:190} INFO - [2024-12-02T10:38:45.397+0000] {dag.py:3262} INFO - Creating ORM DAG for read_dataset_event
[2024-12-02T10:38:45.399+0000] {logging_mixin.py:190} INFO - [2024-12-02T10:38:45.399+0000] {dag.py:3262} INFO - Creating ORM DAG for read_dataset_event_from_classic
[2024-12-02T10:38:45.434+0000] {logging_mixin.py:190} INFO - [2024-12-02T10:38:45.434+0000] {dag.py:4180} INFO - Setting next_dagrun for read_dataset_event to 2024-12-01 00:00:00+00:00, run_after=2024-12-02 00:00:00+00:00
[2024-12-02T10:38:45.438+0000] {logging_mixin.py:190} INFO - [2024-12-02T10:38:45.437+0000] {dag.py:4180} INFO - Setting next_dagrun for read_dataset_event_from_classic to 2024-12-01 00:00:00+00:00, run_after=2024-12-02 00:00:00+00:00
[2024-12-02T10:38:45.476+0000] {processor.py:208} INFO - Processing /home/airflow/.local/lib/python3.12/site-packages/airflow/example_dags/example_inlet_event_extra.py took 11.302 seconds
[2024-12-02T10:39:15.794+0000] {processor.py:186} INFO - Started process (PID=181) to work on /home/airflow/.local/lib/python3.12/site-packages/airflow/example_dags/example_inlet_event_extra.py
[2024-12-02T10:39:15.802+0000] {processor.py:914} INFO - Processing file /home/airflow/.local/lib/python3.12/site-packages/airflow/example_dags/example_inlet_event_extra.py for tasks to queue
[2024-12-02T10:39:15.804+0000] {logging_mixin.py:190} INFO - [2024-12-02T10:39:15.804+0000] {dagbag.py:588} INFO - Filling up the DagBag from /home/airflow/.local/lib/python3.12/site-packages/airflow/example_dags/example_inlet_event_extra.py
[2024-12-02T10:39:16.618+0000] {processor.py:925} INFO - DAG(s) 'read_dataset_event', 'read_dataset_event_from_classic' retrieved from /home/airflow/.local/lib/python3.12/site-packages/airflow/example_dags/example_inlet_event_extra.py
[2024-12-02T10:39:16.637+0000] {logging_mixin.py:190} INFO - [2024-12-02T10:39:16.637+0000] {dag.py:3239} INFO - Sync 2 DAGs
[2024-12-02T10:39:16.656+0000] {logging_mixin.py:190} INFO - [2024-12-02T10:39:16.656+0000] {dag.py:4180} INFO - Setting next_dagrun for read_dataset_event to 2024-12-01 00:00:00+00:00, run_after=2024-12-02 00:00:00+00:00
[2024-12-02T10:39:16.660+0000] {logging_mixin.py:190} INFO - [2024-12-02T10:39:16.660+0000] {dag.py:4180} INFO - Setting next_dagrun for read_dataset_event_from_classic to 2024-12-01 00:00:00+00:00, run_after=2024-12-02 00:00:00+00:00
[2024-12-02T10:39:16.674+0000] {processor.py:208} INFO - Processing /home/airflow/.local/lib/python3.12/site-packages/airflow/example_dags/example_inlet_event_extra.py took 0.895 seconds
[2024-12-02T10:39:50.076+0000] {processor.py:186} INFO - Started process (PID=257) to work on /home/airflow/.local/lib/python3.12/site-packages/airflow/example_dags/example_inlet_event_extra.py
[2024-12-02T10:39:50.093+0000] {processor.py:914} INFO - Processing file /home/airflow/.local/lib/python3.12/site-packages/airflow/example_dags/example_inlet_event_extra.py for tasks to queue
[2024-12-02T10:39:50.095+0000] {logging_mixin.py:190} INFO - [2024-12-02T10:39:50.095+0000] {dagbag.py:588} INFO - Filling up the DagBag from /home/airflow/.local/lib/python3.12/site-packages/airflow/example_dags/example_inlet_event_extra.py
[2024-12-02T10:39:52.356+0000] {processor.py:925} INFO - DAG(s) 'read_dataset_event', 'read_dataset_event_from_classic' retrieved from /home/airflow/.local/lib/python3.12/site-packages/airflow/example_dags/example_inlet_event_extra.py
[2024-12-02T10:39:52.394+0000] {logging_mixin.py:190} INFO - [2024-12-02T10:39:52.394+0000] {dag.py:3239} INFO - Sync 2 DAGs
[2024-12-02T10:39:52.447+0000] {logging_mixin.py:190} INFO - [2024-12-02T10:39:52.446+0000] {dag.py:4180} INFO - Setting next_dagrun for read_dataset_event to 2024-12-01 00:00:00+00:00, run_after=2024-12-02 00:00:00+00:00
[2024-12-02T10:39:52.464+0000] {logging_mixin.py:190} INFO - [2024-12-02T10:39:52.464+0000] {dag.py:4180} INFO - Setting next_dagrun for read_dataset_event_from_classic to 2024-12-01 00:00:00+00:00, run_after=2024-12-02 00:00:00+00:00
[2024-12-02T10:39:52.487+0000] {processor.py:208} INFO - Processing /home/airflow/.local/lib/python3.12/site-packages/airflow/example_dags/example_inlet_event_extra.py took 2.433 seconds
[2024-12-02T10:40:28.435+0000] {processor.py:186} INFO - Started process (PID=336) to work on /home/airflow/.local/lib/python3.12/site-packages/airflow/example_dags/example_inlet_event_extra.py
[2024-12-02T10:40:28.457+0000] {processor.py:914} INFO - Processing file /home/airflow/.local/lib/python3.12/site-packages/airflow/example_dags/example_inlet_event_extra.py for tasks to queue
[2024-12-02T10:40:28.464+0000] {logging_mixin.py:190} INFO - [2024-12-02T10:40:28.463+0000] {dagbag.py:588} INFO - Filling up the DagBag from /home/airflow/.local/lib/python3.12/site-packages/airflow/example_dags/example_inlet_event_extra.py
[2024-12-02T10:40:31.202+0000] {processor.py:925} INFO - DAG(s) 'read_dataset_event', 'read_dataset_event_from_classic' retrieved from /home/airflow/.local/lib/python3.12/site-packages/airflow/example_dags/example_inlet_event_extra.py
[2024-12-02T10:40:31.234+0000] {logging_mixin.py:190} INFO - [2024-12-02T10:40:31.234+0000] {dag.py:3239} INFO - Sync 2 DAGs
[2024-12-02T10:40:31.288+0000] {logging_mixin.py:190} INFO - [2024-12-02T10:40:31.287+0000] {dag.py:4180} INFO - Setting next_dagrun for read_dataset_event to 2024-12-01 00:00:00+00:00, run_after=2024-12-02 00:00:00+00:00
[2024-12-02T10:40:31.305+0000] {logging_mixin.py:190} INFO - [2024-12-02T10:40:31.304+0000] {dag.py:4180} INFO - Setting next_dagrun for read_dataset_event_from_classic to 2024-12-01 00:00:00+00:00, run_after=2024-12-02 00:00:00+00:00
[2024-12-02T10:40:31.367+0000] {processor.py:208} INFO - Processing /home/airflow/.local/lib/python3.12/site-packages/airflow/example_dags/example_inlet_event_extra.py took 2.959 seconds
[2024-12-02T10:42:26.204+0000] {processor.py:186} INFO - Started process (PID=109) to work on /home/airflow/.local/lib/python3.12/site-packages/airflow/example_dags/example_inlet_event_extra.py
[2024-12-02T10:42:26.205+0000] {processor.py:914} INFO - Processing file /home/airflow/.local/lib/python3.12/site-packages/airflow/example_dags/example_inlet_event_extra.py for tasks to queue
[2024-12-02T10:42:26.207+0000] {logging_mixin.py:190} INFO - [2024-12-02T10:42:26.207+0000] {dagbag.py:588} INFO - Filling up the DagBag from /home/airflow/.local/lib/python3.12/site-packages/airflow/example_dags/example_inlet_event_extra.py
[2024-12-02T10:42:28.601+0000] {processor.py:925} INFO - DAG(s) 'read_dataset_event_from_classic', 'read_dataset_event' retrieved from /home/airflow/.local/lib/python3.12/site-packages/airflow/example_dags/example_inlet_event_extra.py
[2024-12-02T10:42:28.642+0000] {logging_mixin.py:190} INFO - [2024-12-02T10:42:28.642+0000] {dag.py:3239} INFO - Sync 2 DAGs
[2024-12-02T10:42:28.709+0000] {logging_mixin.py:190} INFO - [2024-12-02T10:42:28.709+0000] {dag.py:4180} INFO - Setting next_dagrun for read_dataset_event to 2024-12-01 00:00:00+00:00, run_after=2024-12-02 00:00:00+00:00
[2024-12-02T10:42:28.723+0000] {logging_mixin.py:190} INFO - [2024-12-02T10:42:28.723+0000] {dag.py:4180} INFO - Setting next_dagrun for read_dataset_event_from_classic to 2024-12-01 00:00:00+00:00, run_after=2024-12-02 00:00:00+00:00
[2024-12-02T10:42:28.762+0000] {processor.py:208} INFO - Processing /home/airflow/.local/lib/python3.12/site-packages/airflow/example_dags/example_inlet_event_extra.py took 2.605 seconds
[2024-12-02T10:42:59.549+0000] {processor.py:186} INFO - Started process (PID=176) to work on /home/airflow/.local/lib/python3.12/site-packages/airflow/example_dags/example_inlet_event_extra.py
[2024-12-02T10:42:59.550+0000] {processor.py:914} INFO - Processing file /home/airflow/.local/lib/python3.12/site-packages/airflow/example_dags/example_inlet_event_extra.py for tasks to queue
[2024-12-02T10:42:59.551+0000] {logging_mixin.py:190} INFO - [2024-12-02T10:42:59.551+0000] {dagbag.py:588} INFO - Filling up the DagBag from /home/airflow/.local/lib/python3.12/site-packages/airflow/example_dags/example_inlet_event_extra.py
[2024-12-02T10:43:00.444+0000] {processor.py:925} INFO - DAG(s) 'read_dataset_event', 'read_dataset_event_from_classic' retrieved from /home/airflow/.local/lib/python3.12/site-packages/airflow/example_dags/example_inlet_event_extra.py
[2024-12-02T10:43:00.456+0000] {logging_mixin.py:190} INFO - [2024-12-02T10:43:00.456+0000] {dag.py:3239} INFO - Sync 2 DAGs
[2024-12-02T10:43:00.474+0000] {logging_mixin.py:190} INFO - [2024-12-02T10:43:00.473+0000] {dag.py:4180} INFO - Setting next_dagrun for read_dataset_event to 2024-12-01 00:00:00+00:00, run_after=2024-12-02 00:00:00+00:00
[2024-12-02T10:43:00.477+0000] {logging_mixin.py:190} INFO - [2024-12-02T10:43:00.477+0000] {dag.py:4180} INFO - Setting next_dagrun for read_dataset_event_from_classic to 2024-12-01 00:00:00+00:00, run_after=2024-12-02 00:00:00+00:00
[2024-12-02T10:43:00.489+0000] {processor.py:208} INFO - Processing /home/airflow/.local/lib/python3.12/site-packages/airflow/example_dags/example_inlet_event_extra.py took 0.945 seconds
[2024-12-02T10:43:30.735+0000] {processor.py:186} INFO - Started process (PID=246) to work on /home/airflow/.local/lib/python3.12/site-packages/airflow/example_dags/example_inlet_event_extra.py
[2024-12-02T10:43:30.742+0000] {processor.py:914} INFO - Processing file /home/airflow/.local/lib/python3.12/site-packages/airflow/example_dags/example_inlet_event_extra.py for tasks to queue
[2024-12-02T10:43:30.746+0000] {logging_mixin.py:190} INFO - [2024-12-02T10:43:30.745+0000] {dagbag.py:588} INFO - Filling up the DagBag from /home/airflow/.local/lib/python3.12/site-packages/airflow/example_dags/example_inlet_event_extra.py
[2024-12-02T10:43:31.209+0000] {processor.py:925} INFO - DAG(s) 'read_dataset_event', 'read_dataset_event_from_classic' retrieved from /home/airflow/.local/lib/python3.12/site-packages/airflow/example_dags/example_inlet_event_extra.py
[2024-12-02T10:43:31.222+0000] {logging_mixin.py:190} INFO - [2024-12-02T10:43:31.222+0000] {dag.py:3239} INFO - Sync 2 DAGs
[2024-12-02T10:43:31.237+0000] {logging_mixin.py:190} INFO - [2024-12-02T10:43:31.237+0000] {dag.py:4180} INFO - Setting next_dagrun for read_dataset_event to 2024-12-01 00:00:00+00:00, run_after=2024-12-02 00:00:00+00:00
[2024-12-02T10:43:31.240+0000] {logging_mixin.py:190} INFO - [2024-12-02T10:43:31.240+0000] {dag.py:4180} INFO - Setting next_dagrun for read_dataset_event_from_classic to 2024-12-01 00:00:00+00:00, run_after=2024-12-02 00:00:00+00:00
[2024-12-02T10:43:31.252+0000] {processor.py:208} INFO - Processing /home/airflow/.local/lib/python3.12/site-packages/airflow/example_dags/example_inlet_event_extra.py took 0.537 seconds
[2024-12-02T10:44:02.060+0000] {processor.py:186} INFO - Started process (PID=311) to work on /home/airflow/.local/lib/python3.12/site-packages/airflow/example_dags/example_inlet_event_extra.py
[2024-12-02T10:44:02.063+0000] {processor.py:914} INFO - Processing file /home/airflow/.local/lib/python3.12/site-packages/airflow/example_dags/example_inlet_event_extra.py for tasks to queue
[2024-12-02T10:44:02.064+0000] {logging_mixin.py:190} INFO - [2024-12-02T10:44:02.064+0000] {dagbag.py:588} INFO - Filling up the DagBag from /home/airflow/.local/lib/python3.12/site-packages/airflow/example_dags/example_inlet_event_extra.py
[2024-12-02T10:44:02.448+0000] {processor.py:925} INFO - DAG(s) 'read_dataset_event', 'read_dataset_event_from_classic' retrieved from /home/airflow/.local/lib/python3.12/site-packages/airflow/example_dags/example_inlet_event_extra.py
[2024-12-02T10:44:02.462+0000] {logging_mixin.py:190} INFO - [2024-12-02T10:44:02.461+0000] {dag.py:3239} INFO - Sync 2 DAGs
[2024-12-02T10:44:02.477+0000] {logging_mixin.py:190} INFO - [2024-12-02T10:44:02.477+0000] {dag.py:4180} INFO - Setting next_dagrun for read_dataset_event to 2024-12-01 00:00:00+00:00, run_after=2024-12-02 00:00:00+00:00
[2024-12-02T10:44:02.481+0000] {logging_mixin.py:190} INFO - [2024-12-02T10:44:02.480+0000] {dag.py:4180} INFO - Setting next_dagrun for read_dataset_event_from_classic to 2024-12-01 00:00:00+00:00, run_after=2024-12-02 00:00:00+00:00
[2024-12-02T10:44:02.494+0000] {processor.py:208} INFO - Processing /home/airflow/.local/lib/python3.12/site-packages/airflow/example_dags/example_inlet_event_extra.py took 0.438 seconds
[2024-12-02T10:44:32.833+0000] {processor.py:186} INFO - Started process (PID=375) to work on /home/airflow/.local/lib/python3.12/site-packages/airflow/example_dags/example_inlet_event_extra.py
[2024-12-02T10:44:32.836+0000] {processor.py:914} INFO - Processing file /home/airflow/.local/lib/python3.12/site-packages/airflow/example_dags/example_inlet_event_extra.py for tasks to queue
[2024-12-02T10:44:32.838+0000] {logging_mixin.py:190} INFO - [2024-12-02T10:44:32.838+0000] {dagbag.py:588} INFO - Filling up the DagBag from /home/airflow/.local/lib/python3.12/site-packages/airflow/example_dags/example_inlet_event_extra.py
[2024-12-02T10:44:33.477+0000] {processor.py:925} INFO - DAG(s) 'read_dataset_event', 'read_dataset_event_from_classic' retrieved from /home/airflow/.local/lib/python3.12/site-packages/airflow/example_dags/example_inlet_event_extra.py
[2024-12-02T10:44:33.497+0000] {logging_mixin.py:190} INFO - [2024-12-02T10:44:33.497+0000] {dag.py:3239} INFO - Sync 2 DAGs
[2024-12-02T10:44:33.522+0000] {logging_mixin.py:190} INFO - [2024-12-02T10:44:33.522+0000] {dag.py:4180} INFO - Setting next_dagrun for read_dataset_event to 2024-12-01 00:00:00+00:00, run_after=2024-12-02 00:00:00+00:00
[2024-12-02T10:44:33.527+0000] {logging_mixin.py:190} INFO - [2024-12-02T10:44:33.527+0000] {dag.py:4180} INFO - Setting next_dagrun for read_dataset_event_from_classic to 2024-12-01 00:00:00+00:00, run_after=2024-12-02 00:00:00+00:00
[2024-12-02T10:44:33.548+0000] {processor.py:208} INFO - Processing /home/airflow/.local/lib/python3.12/site-packages/airflow/example_dags/example_inlet_event_extra.py took 0.720 seconds
[2024-12-02T10:45:08.194+0000] {processor.py:186} INFO - Started process (PID=444) to work on /home/airflow/.local/lib/python3.12/site-packages/airflow/example_dags/example_inlet_event_extra.py
[2024-12-02T10:45:08.195+0000] {processor.py:914} INFO - Processing file /home/airflow/.local/lib/python3.12/site-packages/airflow/example_dags/example_inlet_event_extra.py for tasks to queue
[2024-12-02T10:45:08.197+0000] {logging_mixin.py:190} INFO - [2024-12-02T10:45:08.196+0000] {dagbag.py:588} INFO - Filling up the DagBag from /home/airflow/.local/lib/python3.12/site-packages/airflow/example_dags/example_inlet_event_extra.py
[2024-12-02T10:45:08.840+0000] {processor.py:925} INFO - DAG(s) 'read_dataset_event', 'read_dataset_event_from_classic' retrieved from /home/airflow/.local/lib/python3.12/site-packages/airflow/example_dags/example_inlet_event_extra.py
[2024-12-02T10:45:08.861+0000] {logging_mixin.py:190} INFO - [2024-12-02T10:45:08.861+0000] {dag.py:3239} INFO - Sync 2 DAGs
[2024-12-02T10:45:08.882+0000] {logging_mixin.py:190} INFO - [2024-12-02T10:45:08.882+0000] {dag.py:4180} INFO - Setting next_dagrun for read_dataset_event to 2024-12-01 00:00:00+00:00, run_after=2024-12-02 00:00:00+00:00
[2024-12-02T10:45:08.886+0000] {logging_mixin.py:190} INFO - [2024-12-02T10:45:08.886+0000] {dag.py:4180} INFO - Setting next_dagrun for read_dataset_event_from_classic to 2024-12-01 00:00:00+00:00, run_after=2024-12-02 00:00:00+00:00
[2024-12-02T10:45:08.909+0000] {processor.py:208} INFO - Processing /home/airflow/.local/lib/python3.12/site-packages/airflow/example_dags/example_inlet_event_extra.py took 0.730 seconds
[2024-12-02T10:45:39.724+0000] {processor.py:186} INFO - Started process (PID=509) to work on /home/airflow/.local/lib/python3.12/site-packages/airflow/example_dags/example_inlet_event_extra.py
[2024-12-02T10:45:39.747+0000] {processor.py:914} INFO - Processing file /home/airflow/.local/lib/python3.12/site-packages/airflow/example_dags/example_inlet_event_extra.py for tasks to queue
[2024-12-02T10:45:39.752+0000] {logging_mixin.py:190} INFO - [2024-12-02T10:45:39.752+0000] {dagbag.py:588} INFO - Filling up the DagBag from /home/airflow/.local/lib/python3.12/site-packages/airflow/example_dags/example_inlet_event_extra.py
[2024-12-02T10:45:41.607+0000] {processor.py:925} INFO - DAG(s) 'read_dataset_event_from_classic', 'read_dataset_event' retrieved from /home/airflow/.local/lib/python3.12/site-packages/airflow/example_dags/example_inlet_event_extra.py
[2024-12-02T10:45:41.644+0000] {logging_mixin.py:190} INFO - [2024-12-02T10:45:41.644+0000] {dag.py:3239} INFO - Sync 2 DAGs
[2024-12-02T10:45:41.691+0000] {logging_mixin.py:190} INFO - [2024-12-02T10:45:41.691+0000] {dag.py:4180} INFO - Setting next_dagrun for read_dataset_event to 2024-12-01 00:00:00+00:00, run_after=2024-12-02 00:00:00+00:00
[2024-12-02T10:45:41.705+0000] {logging_mixin.py:190} INFO - [2024-12-02T10:45:41.705+0000] {dag.py:4180} INFO - Setting next_dagrun for read_dataset_event_from_classic to 2024-12-01 00:00:00+00:00, run_after=2024-12-02 00:00:00+00:00
[2024-12-02T10:45:41.734+0000] {processor.py:208} INFO - Processing /home/airflow/.local/lib/python3.12/site-packages/airflow/example_dags/example_inlet_event_extra.py took 2.020 seconds
[2024-12-02T10:46:13.743+0000] {processor.py:186} INFO - Started process (PID=568) to work on /home/airflow/.local/lib/python3.12/site-packages/airflow/example_dags/example_inlet_event_extra.py
[2024-12-02T10:46:13.746+0000] {processor.py:914} INFO - Processing file /home/airflow/.local/lib/python3.12/site-packages/airflow/example_dags/example_inlet_event_extra.py for tasks to queue
[2024-12-02T10:46:13.753+0000] {logging_mixin.py:190} INFO - [2024-12-02T10:46:13.751+0000] {dagbag.py:588} INFO - Filling up the DagBag from /home/airflow/.local/lib/python3.12/site-packages/airflow/example_dags/example_inlet_event_extra.py
[2024-12-02T10:46:15.003+0000] {processor.py:925} INFO - DAG(s) 'read_dataset_event_from_classic', 'read_dataset_event' retrieved from /home/airflow/.local/lib/python3.12/site-packages/airflow/example_dags/example_inlet_event_extra.py
[2024-12-02T10:46:15.017+0000] {logging_mixin.py:190} INFO - [2024-12-02T10:46:15.017+0000] {dag.py:3239} INFO - Sync 2 DAGs
[2024-12-02T10:46:15.059+0000] {logging_mixin.py:190} INFO - [2024-12-02T10:46:15.059+0000] {dag.py:4180} INFO - Setting next_dagrun for read_dataset_event to 2024-12-01 00:00:00+00:00, run_after=2024-12-02 00:00:00+00:00
[2024-12-02T10:46:15.067+0000] {logging_mixin.py:190} INFO - [2024-12-02T10:46:15.067+0000] {dag.py:4180} INFO - Setting next_dagrun for read_dataset_event_from_classic to 2024-12-01 00:00:00+00:00, run_after=2024-12-02 00:00:00+00:00
[2024-12-02T10:46:15.116+0000] {processor.py:208} INFO - Processing /home/airflow/.local/lib/python3.12/site-packages/airflow/example_dags/example_inlet_event_extra.py took 1.383 seconds
[2024-12-02T10:46:50.284+0000] {processor.py:186} INFO - Started process (PID=637) to work on /home/airflow/.local/lib/python3.12/site-packages/airflow/example_dags/example_inlet_event_extra.py
[2024-12-02T10:46:50.294+0000] {processor.py:914} INFO - Processing file /home/airflow/.local/lib/python3.12/site-packages/airflow/example_dags/example_inlet_event_extra.py for tasks to queue
[2024-12-02T10:46:50.299+0000] {logging_mixin.py:190} INFO - [2024-12-02T10:46:50.299+0000] {dagbag.py:588} INFO - Filling up the DagBag from /home/airflow/.local/lib/python3.12/site-packages/airflow/example_dags/example_inlet_event_extra.py
[2024-12-02T10:46:52.070+0000] {processor.py:925} INFO - DAG(s) 'read_dataset_event_from_classic', 'read_dataset_event' retrieved from /home/airflow/.local/lib/python3.12/site-packages/airflow/example_dags/example_inlet_event_extra.py
[2024-12-02T10:46:52.098+0000] {logging_mixin.py:190} INFO - [2024-12-02T10:46:52.097+0000] {dag.py:3239} INFO - Sync 2 DAGs
[2024-12-02T10:46:52.174+0000] {logging_mixin.py:190} INFO - [2024-12-02T10:46:52.174+0000] {dag.py:4180} INFO - Setting next_dagrun for read_dataset_event to 2024-12-01 00:00:00+00:00, run_after=2024-12-02 00:00:00+00:00
[2024-12-02T10:46:52.190+0000] {logging_mixin.py:190} INFO - [2024-12-02T10:46:52.190+0000] {dag.py:4180} INFO - Setting next_dagrun for read_dataset_event_from_classic to 2024-12-01 00:00:00+00:00, run_after=2024-12-02 00:00:00+00:00
[2024-12-02T10:46:52.246+0000] {processor.py:208} INFO - Processing /home/airflow/.local/lib/python3.12/site-packages/airflow/example_dags/example_inlet_event_extra.py took 1.967 seconds
[2024-12-02T10:58:25.473+0000] {processor.py:186} INFO - Started process (PID=115) to work on /home/airflow/.local/lib/python3.12/site-packages/airflow/example_dags/example_inlet_event_extra.py
[2024-12-02T10:58:25.482+0000] {processor.py:914} INFO - Processing file /home/airflow/.local/lib/python3.12/site-packages/airflow/example_dags/example_inlet_event_extra.py for tasks to queue
[2024-12-02T10:58:25.485+0000] {logging_mixin.py:190} INFO - [2024-12-02T10:58:25.484+0000] {dagbag.py:588} INFO - Filling up the DagBag from /home/airflow/.local/lib/python3.12/site-packages/airflow/example_dags/example_inlet_event_extra.py
[2024-12-02T10:58:22.558+0000] {processor.py:925} INFO - DAG(s) 'read_dataset_event', 'read_dataset_event_from_classic' retrieved from /home/airflow/.local/lib/python3.12/site-packages/airflow/example_dags/example_inlet_event_extra.py
[2024-12-02T10:58:22.674+0000] {logging_mixin.py:190} INFO - [2024-12-02T10:58:22.673+0000] {dag.py:3239} INFO - Sync 2 DAGs
[2024-12-02T10:58:28.385+0000] {logging_mixin.py:190} INFO - [2024-12-02T10:58:28.375+0000] {dag.py:4180} INFO - Setting next_dagrun for read_dataset_event to 2024-12-01 00:00:00+00:00, run_after=2024-12-02 00:00:00+00:00
[2024-12-02T10:58:28.407+0000] {logging_mixin.py:190} INFO - [2024-12-02T10:58:28.407+0000] {dag.py:4180} INFO - Setting next_dagrun for read_dataset_event_from_classic to 2024-12-01 00:00:00+00:00, run_after=2024-12-02 00:00:00+00:00
[2024-12-02T10:58:28.498+0000] {processor.py:208} INFO - Processing /home/airflow/.local/lib/python3.12/site-packages/airflow/example_dags/example_inlet_event_extra.py took 3.032 seconds
[2024-12-02T10:59:00.209+0000] {processor.py:186} INFO - Started process (PID=185) to work on /home/airflow/.local/lib/python3.12/site-packages/airflow/example_dags/example_inlet_event_extra.py
[2024-12-02T10:59:00.220+0000] {processor.py:914} INFO - Processing file /home/airflow/.local/lib/python3.12/site-packages/airflow/example_dags/example_inlet_event_extra.py for tasks to queue
[2024-12-02T10:59:00.223+0000] {logging_mixin.py:190} INFO - [2024-12-02T10:59:00.222+0000] {dagbag.py:588} INFO - Filling up the DagBag from /home/airflow/.local/lib/python3.12/site-packages/airflow/example_dags/example_inlet_event_extra.py
[2024-12-02T10:59:01.988+0000] {processor.py:925} INFO - DAG(s) 'read_dataset_event_from_classic', 'read_dataset_event' retrieved from /home/airflow/.local/lib/python3.12/site-packages/airflow/example_dags/example_inlet_event_extra.py
[2024-12-02T10:59:02.003+0000] {logging_mixin.py:190} INFO - [2024-12-02T10:59:02.002+0000] {dag.py:3239} INFO - Sync 2 DAGs
[2024-12-02T10:59:02.021+0000] {logging_mixin.py:190} INFO - [2024-12-02T10:59:02.020+0000] {dag.py:4180} INFO - Setting next_dagrun for read_dataset_event to 2024-12-01 00:00:00+00:00, run_after=2024-12-02 00:00:00+00:00
[2024-12-02T10:59:02.024+0000] {logging_mixin.py:190} INFO - [2024-12-02T10:59:02.024+0000] {dag.py:4180} INFO - Setting next_dagrun for read_dataset_event_from_classic to 2024-12-01 00:00:00+00:00, run_after=2024-12-02 00:00:00+00:00
[2024-12-02T10:59:02.041+0000] {processor.py:208} INFO - Processing /home/airflow/.local/lib/python3.12/site-packages/airflow/example_dags/example_inlet_event_extra.py took 1.846 seconds
[2024-12-02T10:59:40.841+0000] {processor.py:186} INFO - Started process (PID=260) to work on /home/airflow/.local/lib/python3.12/site-packages/airflow/example_dags/example_inlet_event_extra.py
[2024-12-02T10:59:40.883+0000] {processor.py:914} INFO - Processing file /home/airflow/.local/lib/python3.12/site-packages/airflow/example_dags/example_inlet_event_extra.py for tasks to queue
[2024-12-02T10:59:40.924+0000] {logging_mixin.py:190} INFO - [2024-12-02T10:59:40.922+0000] {dagbag.py:588} INFO - Filling up the DagBag from /home/airflow/.local/lib/python3.12/site-packages/airflow/example_dags/example_inlet_event_extra.py
[2024-12-02T10:59:45.028+0000] {processor.py:925} INFO - DAG(s) 'read_dataset_event', 'read_dataset_event_from_classic' retrieved from /home/airflow/.local/lib/python3.12/site-packages/airflow/example_dags/example_inlet_event_extra.py
[2024-12-02T10:59:45.110+0000] {logging_mixin.py:190} INFO - [2024-12-02T10:59:45.109+0000] {dag.py:3239} INFO - Sync 2 DAGs
[2024-12-02T10:59:45.165+0000] {logging_mixin.py:190} INFO - [2024-12-02T10:59:45.165+0000] {dag.py:4180} INFO - Setting next_dagrun for read_dataset_event to 2024-12-01 00:00:00+00:00, run_after=2024-12-02 00:00:00+00:00
[2024-12-02T10:59:45.180+0000] {logging_mixin.py:190} INFO - [2024-12-02T10:59:45.180+0000] {dag.py:4180} INFO - Setting next_dagrun for read_dataset_event_from_classic to 2024-12-01 00:00:00+00:00, run_after=2024-12-02 00:00:00+00:00
[2024-12-02T10:59:45.231+0000] {processor.py:208} INFO - Processing /home/airflow/.local/lib/python3.12/site-packages/airflow/example_dags/example_inlet_event_extra.py took 4.422 seconds
[2024-12-02T11:00:16.142+0000] {processor.py:186} INFO - Started process (PID=330) to work on /home/airflow/.local/lib/python3.12/site-packages/airflow/example_dags/example_inlet_event_extra.py
[2024-12-02T11:00:16.143+0000] {processor.py:914} INFO - Processing file /home/airflow/.local/lib/python3.12/site-packages/airflow/example_dags/example_inlet_event_extra.py for tasks to queue
[2024-12-02T11:00:16.146+0000] {logging_mixin.py:190} INFO - [2024-12-02T11:00:16.145+0000] {dagbag.py:588} INFO - Filling up the DagBag from /home/airflow/.local/lib/python3.12/site-packages/airflow/example_dags/example_inlet_event_extra.py
[2024-12-02T11:00:16.560+0000] {processor.py:925} INFO - DAG(s) 'read_dataset_event', 'read_dataset_event_from_classic' retrieved from /home/airflow/.local/lib/python3.12/site-packages/airflow/example_dags/example_inlet_event_extra.py
[2024-12-02T11:00:16.576+0000] {logging_mixin.py:190} INFO - [2024-12-02T11:00:16.576+0000] {dag.py:3239} INFO - Sync 2 DAGs
[2024-12-02T11:00:16.593+0000] {logging_mixin.py:190} INFO - [2024-12-02T11:00:16.593+0000] {dag.py:4180} INFO - Setting next_dagrun for read_dataset_event to 2024-12-01 00:00:00+00:00, run_after=2024-12-02 00:00:00+00:00
[2024-12-02T11:00:16.596+0000] {logging_mixin.py:190} INFO - [2024-12-02T11:00:16.596+0000] {dag.py:4180} INFO - Setting next_dagrun for read_dataset_event_from_classic to 2024-12-01 00:00:00+00:00, run_after=2024-12-02 00:00:00+00:00
[2024-12-02T11:00:16.607+0000] {processor.py:208} INFO - Processing /home/airflow/.local/lib/python3.12/site-packages/airflow/example_dags/example_inlet_event_extra.py took 0.470 seconds
[2024-12-02T11:00:48.465+0000] {processor.py:186} INFO - Started process (PID=397) to work on /home/airflow/.local/lib/python3.12/site-packages/airflow/example_dags/example_inlet_event_extra.py
[2024-12-02T11:00:48.465+0000] {processor.py:914} INFO - Processing file /home/airflow/.local/lib/python3.12/site-packages/airflow/example_dags/example_inlet_event_extra.py for tasks to queue
[2024-12-02T11:00:48.467+0000] {logging_mixin.py:190} INFO - [2024-12-02T11:00:48.467+0000] {dagbag.py:588} INFO - Filling up the DagBag from /home/airflow/.local/lib/python3.12/site-packages/airflow/example_dags/example_inlet_event_extra.py
[2024-12-02T11:00:50.783+0000] {processor.py:925} INFO - DAG(s) 'read_dataset_event_from_classic', 'read_dataset_event' retrieved from /home/airflow/.local/lib/python3.12/site-packages/airflow/example_dags/example_inlet_event_extra.py
[2024-12-02T11:00:50.823+0000] {logging_mixin.py:190} INFO - [2024-12-02T11:00:50.823+0000] {dag.py:3239} INFO - Sync 2 DAGs
[2024-12-02T11:00:50.893+0000] {logging_mixin.py:190} INFO - [2024-12-02T11:00:50.893+0000] {dag.py:4180} INFO - Setting next_dagrun for read_dataset_event to 2024-12-01 00:00:00+00:00, run_after=2024-12-02 00:00:00+00:00
[2024-12-02T11:00:50.899+0000] {logging_mixin.py:190} INFO - [2024-12-02T11:00:50.899+0000] {dag.py:4180} INFO - Setting next_dagrun for read_dataset_event_from_classic to 2024-12-01 00:00:00+00:00, run_after=2024-12-02 00:00:00+00:00
[2024-12-02T11:00:50.942+0000] {processor.py:208} INFO - Processing /home/airflow/.local/lib/python3.12/site-packages/airflow/example_dags/example_inlet_event_extra.py took 2.502 seconds
[2024-12-02T11:01:21.084+0000] {processor.py:186} INFO - Started process (PID=464) to work on /home/airflow/.local/lib/python3.12/site-packages/airflow/example_dags/example_inlet_event_extra.py
[2024-12-02T11:01:21.084+0000] {processor.py:914} INFO - Processing file /home/airflow/.local/lib/python3.12/site-packages/airflow/example_dags/example_inlet_event_extra.py for tasks to queue
[2024-12-02T11:01:21.086+0000] {logging_mixin.py:190} INFO - [2024-12-02T11:01:21.086+0000] {dagbag.py:588} INFO - Filling up the DagBag from /home/airflow/.local/lib/python3.12/site-packages/airflow/example_dags/example_inlet_event_extra.py
[2024-12-02T11:01:21.570+0000] {processor.py:925} INFO - DAG(s) 'read_dataset_event', 'read_dataset_event_from_classic' retrieved from /home/airflow/.local/lib/python3.12/site-packages/airflow/example_dags/example_inlet_event_extra.py
[2024-12-02T11:01:21.594+0000] {logging_mixin.py:190} INFO - [2024-12-02T11:01:21.593+0000] {dag.py:3239} INFO - Sync 2 DAGs
[2024-12-02T11:01:21.621+0000] {logging_mixin.py:190} INFO - [2024-12-02T11:01:21.621+0000] {dag.py:4180} INFO - Setting next_dagrun for read_dataset_event to 2024-12-01 00:00:00+00:00, run_after=2024-12-02 00:00:00+00:00
[2024-12-02T11:01:21.625+0000] {logging_mixin.py:190} INFO - [2024-12-02T11:01:21.625+0000] {dag.py:4180} INFO - Setting next_dagrun for read_dataset_event_from_classic to 2024-12-01 00:00:00+00:00, run_after=2024-12-02 00:00:00+00:00
[2024-12-02T11:01:21.639+0000] {processor.py:208} INFO - Processing /home/airflow/.local/lib/python3.12/site-packages/airflow/example_dags/example_inlet_event_extra.py took 0.560 seconds
[2024-12-02T11:01:51.963+0000] {processor.py:186} INFO - Started process (PID=528) to work on /home/airflow/.local/lib/python3.12/site-packages/airflow/example_dags/example_inlet_event_extra.py
[2024-12-02T11:01:51.964+0000] {processor.py:914} INFO - Processing file /home/airflow/.local/lib/python3.12/site-packages/airflow/example_dags/example_inlet_event_extra.py for tasks to queue
[2024-12-02T11:01:51.966+0000] {logging_mixin.py:190} INFO - [2024-12-02T11:01:51.966+0000] {dagbag.py:588} INFO - Filling up the DagBag from /home/airflow/.local/lib/python3.12/site-packages/airflow/example_dags/example_inlet_event_extra.py
[2024-12-02T11:01:52.350+0000] {processor.py:925} INFO - DAG(s) 'read_dataset_event_from_classic', 'read_dataset_event' retrieved from /home/airflow/.local/lib/python3.12/site-packages/airflow/example_dags/example_inlet_event_extra.py
[2024-12-02T11:01:52.367+0000] {logging_mixin.py:190} INFO - [2024-12-02T11:01:52.366+0000] {dag.py:3239} INFO - Sync 2 DAGs
[2024-12-02T11:01:52.384+0000] {logging_mixin.py:190} INFO - [2024-12-02T11:01:52.383+0000] {dag.py:4180} INFO - Setting next_dagrun for read_dataset_event to 2024-12-01 00:00:00+00:00, run_after=2024-12-02 00:00:00+00:00
[2024-12-02T11:01:52.387+0000] {logging_mixin.py:190} INFO - [2024-12-02T11:01:52.386+0000] {dag.py:4180} INFO - Setting next_dagrun for read_dataset_event_from_classic to 2024-12-01 00:00:00+00:00, run_after=2024-12-02 00:00:00+00:00
[2024-12-02T11:01:52.397+0000] {processor.py:208} INFO - Processing /home/airflow/.local/lib/python3.12/site-packages/airflow/example_dags/example_inlet_event_extra.py took 0.439 seconds
[2024-12-02T11:02:22.757+0000] {processor.py:186} INFO - Started process (PID=593) to work on /home/airflow/.local/lib/python3.12/site-packages/airflow/example_dags/example_inlet_event_extra.py
[2024-12-02T11:02:22.758+0000] {processor.py:914} INFO - Processing file /home/airflow/.local/lib/python3.12/site-packages/airflow/example_dags/example_inlet_event_extra.py for tasks to queue
[2024-12-02T11:02:22.760+0000] {logging_mixin.py:190} INFO - [2024-12-02T11:02:22.759+0000] {dagbag.py:588} INFO - Filling up the DagBag from /home/airflow/.local/lib/python3.12/site-packages/airflow/example_dags/example_inlet_event_extra.py
[2024-12-02T11:02:23.405+0000] {processor.py:925} INFO - DAG(s) 'read_dataset_event_from_classic', 'read_dataset_event' retrieved from /home/airflow/.local/lib/python3.12/site-packages/airflow/example_dags/example_inlet_event_extra.py
[2024-12-02T11:02:23.426+0000] {logging_mixin.py:190} INFO - [2024-12-02T11:02:23.424+0000] {dag.py:3239} INFO - Sync 2 DAGs
[2024-12-02T11:02:23.454+0000] {logging_mixin.py:190} INFO - [2024-12-02T11:02:23.453+0000] {dag.py:4180} INFO - Setting next_dagrun for read_dataset_event to 2024-12-01 00:00:00+00:00, run_after=2024-12-02 00:00:00+00:00
[2024-12-02T11:02:23.459+0000] {logging_mixin.py:190} INFO - [2024-12-02T11:02:23.459+0000] {dag.py:4180} INFO - Setting next_dagrun for read_dataset_event_from_classic to 2024-12-01 00:00:00+00:00, run_after=2024-12-02 00:00:00+00:00
[2024-12-02T11:02:23.478+0000] {processor.py:208} INFO - Processing /home/airflow/.local/lib/python3.12/site-packages/airflow/example_dags/example_inlet_event_extra.py took 0.725 seconds
[2024-12-02T11:02:53.905+0000] {processor.py:186} INFO - Started process (PID=661) to work on /home/airflow/.local/lib/python3.12/site-packages/airflow/example_dags/example_inlet_event_extra.py
[2024-12-02T11:02:53.908+0000] {processor.py:914} INFO - Processing file /home/airflow/.local/lib/python3.12/site-packages/airflow/example_dags/example_inlet_event_extra.py for tasks to queue
[2024-12-02T11:02:53.924+0000] {logging_mixin.py:190} INFO - [2024-12-02T11:02:53.924+0000] {dagbag.py:588} INFO - Filling up the DagBag from /home/airflow/.local/lib/python3.12/site-packages/airflow/example_dags/example_inlet_event_extra.py
[2024-12-02T11:02:55.056+0000] {processor.py:925} INFO - DAG(s) 'read_dataset_event', 'read_dataset_event_from_classic' retrieved from /home/airflow/.local/lib/python3.12/site-packages/airflow/example_dags/example_inlet_event_extra.py
[2024-12-02T11:02:55.111+0000] {logging_mixin.py:190} INFO - [2024-12-02T11:02:55.111+0000] {dag.py:3239} INFO - Sync 2 DAGs
[2024-12-02T11:02:55.151+0000] {logging_mixin.py:190} INFO - [2024-12-02T11:02:55.150+0000] {dag.py:4180} INFO - Setting next_dagrun for read_dataset_event to 2024-12-01 00:00:00+00:00, run_after=2024-12-02 00:00:00+00:00
[2024-12-02T11:02:55.155+0000] {logging_mixin.py:190} INFO - [2024-12-02T11:02:55.155+0000] {dag.py:4180} INFO - Setting next_dagrun for read_dataset_event_from_classic to 2024-12-01 00:00:00+00:00, run_after=2024-12-02 00:00:00+00:00
[2024-12-02T11:02:55.183+0000] {processor.py:208} INFO - Processing /home/airflow/.local/lib/python3.12/site-packages/airflow/example_dags/example_inlet_event_extra.py took 1.282 seconds
[2024-12-02T11:03:29.119+0000] {processor.py:186} INFO - Started process (PID=728) to work on /home/airflow/.local/lib/python3.12/site-packages/airflow/example_dags/example_inlet_event_extra.py
[2024-12-02T11:03:29.129+0000] {processor.py:914} INFO - Processing file /home/airflow/.local/lib/python3.12/site-packages/airflow/example_dags/example_inlet_event_extra.py for tasks to queue
[2024-12-02T11:03:29.131+0000] {logging_mixin.py:190} INFO - [2024-12-02T11:03:29.130+0000] {dagbag.py:588} INFO - Filling up the DagBag from /home/airflow/.local/lib/python3.12/site-packages/airflow/example_dags/example_inlet_event_extra.py
[2024-12-02T11:03:31.537+0000] {processor.py:925} INFO - DAG(s) 'read_dataset_event_from_classic', 'read_dataset_event' retrieved from /home/airflow/.local/lib/python3.12/site-packages/airflow/example_dags/example_inlet_event_extra.py
[2024-12-02T11:03:31.568+0000] {logging_mixin.py:190} INFO - [2024-12-02T11:03:31.568+0000] {dag.py:3239} INFO - Sync 2 DAGs
[2024-12-02T11:03:31.614+0000] {logging_mixin.py:190} INFO - [2024-12-02T11:03:31.613+0000] {dag.py:4180} INFO - Setting next_dagrun for read_dataset_event to 2024-12-01 00:00:00+00:00, run_after=2024-12-02 00:00:00+00:00
[2024-12-02T11:03:31.620+0000] {logging_mixin.py:190} INFO - [2024-12-02T11:03:31.619+0000] {dag.py:4180} INFO - Setting next_dagrun for read_dataset_event_from_classic to 2024-12-01 00:00:00+00:00, run_after=2024-12-02 00:00:00+00:00
[2024-12-02T11:03:31.652+0000] {processor.py:208} INFO - Processing /home/airflow/.local/lib/python3.12/site-packages/airflow/example_dags/example_inlet_event_extra.py took 2.611 seconds
[2024-12-02T11:04:02.342+0000] {processor.py:186} INFO - Started process (PID=793) to work on /home/airflow/.local/lib/python3.12/site-packages/airflow/example_dags/example_inlet_event_extra.py
[2024-12-02T11:04:02.343+0000] {processor.py:914} INFO - Processing file /home/airflow/.local/lib/python3.12/site-packages/airflow/example_dags/example_inlet_event_extra.py for tasks to queue
[2024-12-02T11:04:02.345+0000] {logging_mixin.py:190} INFO - [2024-12-02T11:04:02.344+0000] {dagbag.py:588} INFO - Filling up the DagBag from /home/airflow/.local/lib/python3.12/site-packages/airflow/example_dags/example_inlet_event_extra.py
[2024-12-02T11:04:02.687+0000] {processor.py:925} INFO - DAG(s) 'read_dataset_event_from_classic', 'read_dataset_event' retrieved from /home/airflow/.local/lib/python3.12/site-packages/airflow/example_dags/example_inlet_event_extra.py
[2024-12-02T11:04:02.701+0000] {logging_mixin.py:190} INFO - [2024-12-02T11:04:02.701+0000] {dag.py:3239} INFO - Sync 2 DAGs
[2024-12-02T11:04:02.716+0000] {logging_mixin.py:190} INFO - [2024-12-02T11:04:02.716+0000] {dag.py:4180} INFO - Setting next_dagrun for read_dataset_event to 2024-12-01 00:00:00+00:00, run_after=2024-12-02 00:00:00+00:00
[2024-12-02T11:04:02.719+0000] {logging_mixin.py:190} INFO - [2024-12-02T11:04:02.719+0000] {dag.py:4180} INFO - Setting next_dagrun for read_dataset_event_from_classic to 2024-12-01 00:00:00+00:00, run_after=2024-12-02 00:00:00+00:00
[2024-12-02T11:04:02.730+0000] {processor.py:208} INFO - Processing /home/airflow/.local/lib/python3.12/site-packages/airflow/example_dags/example_inlet_event_extra.py took 0.392 seconds
[2024-12-02T11:04:32.767+0000] {processor.py:186} INFO - Started process (PID=857) to work on /home/airflow/.local/lib/python3.12/site-packages/airflow/example_dags/example_inlet_event_extra.py
[2024-12-02T11:04:32.770+0000] {processor.py:914} INFO - Processing file /home/airflow/.local/lib/python3.12/site-packages/airflow/example_dags/example_inlet_event_extra.py for tasks to queue
[2024-12-02T11:04:32.773+0000] {logging_mixin.py:190} INFO - [2024-12-02T11:04:32.772+0000] {dagbag.py:588} INFO - Filling up the DagBag from /home/airflow/.local/lib/python3.12/site-packages/airflow/example_dags/example_inlet_event_extra.py
[2024-12-02T11:04:33.199+0000] {processor.py:925} INFO - DAG(s) 'read_dataset_event_from_classic', 'read_dataset_event' retrieved from /home/airflow/.local/lib/python3.12/site-packages/airflow/example_dags/example_inlet_event_extra.py
[2024-12-02T11:04:33.214+0000] {logging_mixin.py:190} INFO - [2024-12-02T11:04:33.214+0000] {dag.py:3239} INFO - Sync 2 DAGs
[2024-12-02T11:04:33.232+0000] {logging_mixin.py:190} INFO - [2024-12-02T11:04:33.231+0000] {dag.py:4180} INFO - Setting next_dagrun for read_dataset_event to 2024-12-01 00:00:00+00:00, run_after=2024-12-02 00:00:00+00:00
[2024-12-02T11:04:33.235+0000] {logging_mixin.py:190} INFO - [2024-12-02T11:04:33.235+0000] {dag.py:4180} INFO - Setting next_dagrun for read_dataset_event_from_classic to 2024-12-01 00:00:00+00:00, run_after=2024-12-02 00:00:00+00:00
[2024-12-02T11:04:33.247+0000] {processor.py:208} INFO - Processing /home/airflow/.local/lib/python3.12/site-packages/airflow/example_dags/example_inlet_event_extra.py took 0.488 seconds
[2024-12-02T11:05:04.006+0000] {processor.py:186} INFO - Started process (PID=921) to work on /home/airflow/.local/lib/python3.12/site-packages/airflow/example_dags/example_inlet_event_extra.py
[2024-12-02T11:05:04.007+0000] {processor.py:914} INFO - Processing file /home/airflow/.local/lib/python3.12/site-packages/airflow/example_dags/example_inlet_event_extra.py for tasks to queue
[2024-12-02T11:05:04.009+0000] {logging_mixin.py:190} INFO - [2024-12-02T11:05:04.009+0000] {dagbag.py:588} INFO - Filling up the DagBag from /home/airflow/.local/lib/python3.12/site-packages/airflow/example_dags/example_inlet_event_extra.py
[2024-12-02T11:05:04.709+0000] {processor.py:925} INFO - DAG(s) 'read_dataset_event', 'read_dataset_event_from_classic' retrieved from /home/airflow/.local/lib/python3.12/site-packages/airflow/example_dags/example_inlet_event_extra.py
[2024-12-02T11:05:04.734+0000] {logging_mixin.py:190} INFO - [2024-12-02T11:05:04.734+0000] {dag.py:3239} INFO - Sync 2 DAGs
[2024-12-02T11:05:04.751+0000] {logging_mixin.py:190} INFO - [2024-12-02T11:05:04.751+0000] {dag.py:4180} INFO - Setting next_dagrun for read_dataset_event to 2024-12-01 00:00:00+00:00, run_after=2024-12-02 00:00:00+00:00
[2024-12-02T11:05:04.755+0000] {logging_mixin.py:190} INFO - [2024-12-02T11:05:04.755+0000] {dag.py:4180} INFO - Setting next_dagrun for read_dataset_event_from_classic to 2024-12-01 00:00:00+00:00, run_after=2024-12-02 00:00:00+00:00
[2024-12-02T11:05:04.784+0000] {processor.py:208} INFO - Processing /home/airflow/.local/lib/python3.12/site-packages/airflow/example_dags/example_inlet_event_extra.py took 0.794 seconds
[2024-12-02T11:05:36.096+0000] {processor.py:186} INFO - Started process (PID=975) to work on /home/airflow/.local/lib/python3.12/site-packages/airflow/example_dags/example_inlet_event_extra.py
[2024-12-02T11:05:36.098+0000] {processor.py:914} INFO - Processing file /home/airflow/.local/lib/python3.12/site-packages/airflow/example_dags/example_inlet_event_extra.py for tasks to queue
[2024-12-02T11:05:36.100+0000] {logging_mixin.py:190} INFO - [2024-12-02T11:05:36.100+0000] {dagbag.py:588} INFO - Filling up the DagBag from /home/airflow/.local/lib/python3.12/site-packages/airflow/example_dags/example_inlet_event_extra.py
[2024-12-02T11:05:36.482+0000] {processor.py:925} INFO - DAG(s) 'read_dataset_event_from_classic', 'read_dataset_event' retrieved from /home/airflow/.local/lib/python3.12/site-packages/airflow/example_dags/example_inlet_event_extra.py
[2024-12-02T11:05:36.494+0000] {logging_mixin.py:190} INFO - [2024-12-02T11:05:36.494+0000] {dag.py:3239} INFO - Sync 2 DAGs
[2024-12-02T11:05:36.510+0000] {logging_mixin.py:190} INFO - [2024-12-02T11:05:36.510+0000] {dag.py:4180} INFO - Setting next_dagrun for read_dataset_event to 2024-12-01 00:00:00+00:00, run_after=2024-12-02 00:00:00+00:00
[2024-12-02T11:05:36.513+0000] {logging_mixin.py:190} INFO - [2024-12-02T11:05:36.513+0000] {dag.py:4180} INFO - Setting next_dagrun for read_dataset_event_from_classic to 2024-12-01 00:00:00+00:00, run_after=2024-12-02 00:00:00+00:00
[2024-12-02T11:05:36.525+0000] {processor.py:208} INFO - Processing /home/airflow/.local/lib/python3.12/site-packages/airflow/example_dags/example_inlet_event_extra.py took 0.433 seconds
[2024-12-02T11:06:07.119+0000] {processor.py:186} INFO - Started process (PID=1045) to work on /home/airflow/.local/lib/python3.12/site-packages/airflow/example_dags/example_inlet_event_extra.py
[2024-12-02T11:06:07.119+0000] {processor.py:914} INFO - Processing file /home/airflow/.local/lib/python3.12/site-packages/airflow/example_dags/example_inlet_event_extra.py for tasks to queue
[2024-12-02T11:06:07.121+0000] {logging_mixin.py:190} INFO - [2024-12-02T11:06:07.121+0000] {dagbag.py:588} INFO - Filling up the DagBag from /home/airflow/.local/lib/python3.12/site-packages/airflow/example_dags/example_inlet_event_extra.py
[2024-12-02T11:06:07.484+0000] {processor.py:925} INFO - DAG(s) 'read_dataset_event_from_classic', 'read_dataset_event' retrieved from /home/airflow/.local/lib/python3.12/site-packages/airflow/example_dags/example_inlet_event_extra.py
[2024-12-02T11:06:07.496+0000] {logging_mixin.py:190} INFO - [2024-12-02T11:06:07.496+0000] {dag.py:3239} INFO - Sync 2 DAGs
[2024-12-02T11:06:07.511+0000] {logging_mixin.py:190} INFO - [2024-12-02T11:06:07.511+0000] {dag.py:4180} INFO - Setting next_dagrun for read_dataset_event to 2024-12-01 00:00:00+00:00, run_after=2024-12-02 00:00:00+00:00
[2024-12-02T11:06:07.514+0000] {logging_mixin.py:190} INFO - [2024-12-02T11:06:07.514+0000] {dag.py:4180} INFO - Setting next_dagrun for read_dataset_event_from_classic to 2024-12-01 00:00:00+00:00, run_after=2024-12-02 00:00:00+00:00
[2024-12-02T11:06:07.528+0000] {processor.py:208} INFO - Processing /home/airflow/.local/lib/python3.12/site-packages/airflow/example_dags/example_inlet_event_extra.py took 0.413 seconds
[2024-12-02T11:06:38.224+0000] {processor.py:186} INFO - Started process (PID=1109) to work on /home/airflow/.local/lib/python3.12/site-packages/airflow/example_dags/example_inlet_event_extra.py
[2024-12-02T11:06:38.237+0000] {processor.py:914} INFO - Processing file /home/airflow/.local/lib/python3.12/site-packages/airflow/example_dags/example_inlet_event_extra.py for tasks to queue
[2024-12-02T11:06:38.239+0000] {logging_mixin.py:190} INFO - [2024-12-02T11:06:38.239+0000] {dagbag.py:588} INFO - Filling up the DagBag from /home/airflow/.local/lib/python3.12/site-packages/airflow/example_dags/example_inlet_event_extra.py
[2024-12-02T11:06:38.828+0000] {processor.py:925} INFO - DAG(s) 'read_dataset_event', 'read_dataset_event_from_classic' retrieved from /home/airflow/.local/lib/python3.12/site-packages/airflow/example_dags/example_inlet_event_extra.py
[2024-12-02T11:06:38.858+0000] {logging_mixin.py:190} INFO - [2024-12-02T11:06:38.857+0000] {dag.py:3239} INFO - Sync 2 DAGs
[2024-12-02T11:06:38.885+0000] {logging_mixin.py:190} INFO - [2024-12-02T11:06:38.885+0000] {dag.py:4180} INFO - Setting next_dagrun for read_dataset_event to 2024-12-01 00:00:00+00:00, run_after=2024-12-02 00:00:00+00:00
[2024-12-02T11:06:38.906+0000] {logging_mixin.py:190} INFO - [2024-12-02T11:06:38.905+0000] {dag.py:4180} INFO - Setting next_dagrun for read_dataset_event_from_classic to 2024-12-01 00:00:00+00:00, run_after=2024-12-02 00:00:00+00:00
[2024-12-02T11:06:38.919+0000] {processor.py:208} INFO - Processing /home/airflow/.local/lib/python3.12/site-packages/airflow/example_dags/example_inlet_event_extra.py took 0.700 seconds
[2024-12-02T11:07:10.464+0000] {processor.py:186} INFO - Started process (PID=1159) to work on /home/airflow/.local/lib/python3.12/site-packages/airflow/example_dags/example_inlet_event_extra.py
[2024-12-02T11:07:10.466+0000] {processor.py:914} INFO - Processing file /home/airflow/.local/lib/python3.12/site-packages/airflow/example_dags/example_inlet_event_extra.py for tasks to queue
[2024-12-02T11:07:10.467+0000] {logging_mixin.py:190} INFO - [2024-12-02T11:07:10.467+0000] {dagbag.py:588} INFO - Filling up the DagBag from /home/airflow/.local/lib/python3.12/site-packages/airflow/example_dags/example_inlet_event_extra.py
[2024-12-02T11:07:10.896+0000] {processor.py:925} INFO - DAG(s) 'read_dataset_event_from_classic', 'read_dataset_event' retrieved from /home/airflow/.local/lib/python3.12/site-packages/airflow/example_dags/example_inlet_event_extra.py
[2024-12-02T11:07:10.913+0000] {logging_mixin.py:190} INFO - [2024-12-02T11:07:10.912+0000] {dag.py:3239} INFO - Sync 2 DAGs
[2024-12-02T11:07:10.933+0000] {logging_mixin.py:190} INFO - [2024-12-02T11:07:10.933+0000] {dag.py:4180} INFO - Setting next_dagrun for read_dataset_event to 2024-12-01 00:00:00+00:00, run_after=2024-12-02 00:00:00+00:00
[2024-12-02T11:07:10.938+0000] {logging_mixin.py:190} INFO - [2024-12-02T11:07:10.937+0000] {dag.py:4180} INFO - Setting next_dagrun for read_dataset_event_from_classic to 2024-12-01 00:00:00+00:00, run_after=2024-12-02 00:00:00+00:00
[2024-12-02T11:07:10.951+0000] {processor.py:208} INFO - Processing /home/airflow/.local/lib/python3.12/site-packages/airflow/example_dags/example_inlet_event_extra.py took 0.491 seconds
[2024-12-02T11:07:41.376+0000] {processor.py:186} INFO - Started process (PID=1227) to work on /home/airflow/.local/lib/python3.12/site-packages/airflow/example_dags/example_inlet_event_extra.py
[2024-12-02T11:07:41.377+0000] {processor.py:914} INFO - Processing file /home/airflow/.local/lib/python3.12/site-packages/airflow/example_dags/example_inlet_event_extra.py for tasks to queue
[2024-12-02T11:07:41.381+0000] {logging_mixin.py:190} INFO - [2024-12-02T11:07:41.381+0000] {dagbag.py:588} INFO - Filling up the DagBag from /home/airflow/.local/lib/python3.12/site-packages/airflow/example_dags/example_inlet_event_extra.py
[2024-12-02T11:07:41.766+0000] {processor.py:925} INFO - DAG(s) 'read_dataset_event', 'read_dataset_event_from_classic' retrieved from /home/airflow/.local/lib/python3.12/site-packages/airflow/example_dags/example_inlet_event_extra.py
[2024-12-02T11:07:41.780+0000] {logging_mixin.py:190} INFO - [2024-12-02T11:07:41.779+0000] {dag.py:3239} INFO - Sync 2 DAGs
[2024-12-02T11:07:41.794+0000] {logging_mixin.py:190} INFO - [2024-12-02T11:07:41.794+0000] {dag.py:4180} INFO - Setting next_dagrun for read_dataset_event to 2024-12-01 00:00:00+00:00, run_after=2024-12-02 00:00:00+00:00
[2024-12-02T11:07:41.797+0000] {logging_mixin.py:190} INFO - [2024-12-02T11:07:41.797+0000] {dag.py:4180} INFO - Setting next_dagrun for read_dataset_event_from_classic to 2024-12-01 00:00:00+00:00, run_after=2024-12-02 00:00:00+00:00
[2024-12-02T11:07:41.807+0000] {processor.py:208} INFO - Processing /home/airflow/.local/lib/python3.12/site-packages/airflow/example_dags/example_inlet_event_extra.py took 0.436 seconds
[2024-12-02T11:08:14.440+0000] {processor.py:186} INFO - Started process (PID=1290) to work on /home/airflow/.local/lib/python3.12/site-packages/airflow/example_dags/example_inlet_event_extra.py
[2024-12-02T11:08:14.442+0000] {processor.py:914} INFO - Processing file /home/airflow/.local/lib/python3.12/site-packages/airflow/example_dags/example_inlet_event_extra.py for tasks to queue
[2024-12-02T11:08:14.445+0000] {logging_mixin.py:190} INFO - [2024-12-02T11:08:14.444+0000] {dagbag.py:588} INFO - Filling up the DagBag from /home/airflow/.local/lib/python3.12/site-packages/airflow/example_dags/example_inlet_event_extra.py
[2024-12-02T11:08:14.850+0000] {processor.py:925} INFO - DAG(s) 'read_dataset_event', 'read_dataset_event_from_classic' retrieved from /home/airflow/.local/lib/python3.12/site-packages/airflow/example_dags/example_inlet_event_extra.py
[2024-12-02T11:08:14.864+0000] {logging_mixin.py:190} INFO - [2024-12-02T11:08:14.864+0000] {dag.py:3239} INFO - Sync 2 DAGs
[2024-12-02T11:08:14.883+0000] {logging_mixin.py:190} INFO - [2024-12-02T11:08:14.883+0000] {dag.py:4180} INFO - Setting next_dagrun for read_dataset_event to 2024-12-01 00:00:00+00:00, run_after=2024-12-02 00:00:00+00:00
[2024-12-02T11:08:14.887+0000] {logging_mixin.py:190} INFO - [2024-12-02T11:08:14.887+0000] {dag.py:4180} INFO - Setting next_dagrun for read_dataset_event_from_classic to 2024-12-01 00:00:00+00:00, run_after=2024-12-02 00:00:00+00:00
[2024-12-02T11:08:14.901+0000] {processor.py:208} INFO - Processing /home/airflow/.local/lib/python3.12/site-packages/airflow/example_dags/example_inlet_event_extra.py took 0.466 seconds
[2024-12-02T11:08:45.358+0000] {processor.py:186} INFO - Started process (PID=1356) to work on /home/airflow/.local/lib/python3.12/site-packages/airflow/example_dags/example_inlet_event_extra.py
[2024-12-02T11:08:45.365+0000] {processor.py:914} INFO - Processing file /home/airflow/.local/lib/python3.12/site-packages/airflow/example_dags/example_inlet_event_extra.py for tasks to queue
[2024-12-02T11:08:45.375+0000] {logging_mixin.py:190} INFO - [2024-12-02T11:08:45.375+0000] {dagbag.py:588} INFO - Filling up the DagBag from /home/airflow/.local/lib/python3.12/site-packages/airflow/example_dags/example_inlet_event_extra.py
[2024-12-02T11:08:48.811+0000] {processor.py:925} INFO - DAG(s) 'read_dataset_event_from_classic', 'read_dataset_event' retrieved from /home/airflow/.local/lib/python3.12/site-packages/airflow/example_dags/example_inlet_event_extra.py
[2024-12-02T11:08:48.826+0000] {logging_mixin.py:190} INFO - [2024-12-02T11:08:48.826+0000] {dag.py:3239} INFO - Sync 2 DAGs
[2024-12-02T11:08:48.847+0000] {logging_mixin.py:190} INFO - [2024-12-02T11:08:48.847+0000] {dag.py:4180} INFO - Setting next_dagrun for read_dataset_event to 2024-12-01 00:00:00+00:00, run_after=2024-12-02 00:00:00+00:00
[2024-12-02T11:08:48.851+0000] {logging_mixin.py:190} INFO - [2024-12-02T11:08:48.851+0000] {dag.py:4180} INFO - Setting next_dagrun for read_dataset_event_from_classic to 2024-12-01 00:00:00+00:00, run_after=2024-12-02 00:00:00+00:00
[2024-12-02T11:08:48.865+0000] {processor.py:208} INFO - Processing /home/airflow/.local/lib/python3.12/site-packages/airflow/example_dags/example_inlet_event_extra.py took 0.579 seconds
[2024-12-02T11:09:19.153+0000] {processor.py:186} INFO - Started process (PID=1420) to work on /home/airflow/.local/lib/python3.12/site-packages/airflow/example_dags/example_inlet_event_extra.py
[2024-12-02T11:09:19.155+0000] {processor.py:914} INFO - Processing file /home/airflow/.local/lib/python3.12/site-packages/airflow/example_dags/example_inlet_event_extra.py for tasks to queue
[2024-12-02T11:09:19.157+0000] {logging_mixin.py:190} INFO - [2024-12-02T11:09:19.157+0000] {dagbag.py:588} INFO - Filling up the DagBag from /home/airflow/.local/lib/python3.12/site-packages/airflow/example_dags/example_inlet_event_extra.py
[2024-12-02T11:09:19.561+0000] {processor.py:925} INFO - DAG(s) 'read_dataset_event_from_classic', 'read_dataset_event' retrieved from /home/airflow/.local/lib/python3.12/site-packages/airflow/example_dags/example_inlet_event_extra.py
[2024-12-02T11:09:19.575+0000] {logging_mixin.py:190} INFO - [2024-12-02T11:09:19.575+0000] {dag.py:3239} INFO - Sync 2 DAGs
[2024-12-02T11:09:19.592+0000] {logging_mixin.py:190} INFO - [2024-12-02T11:09:19.592+0000] {dag.py:4180} INFO - Setting next_dagrun for read_dataset_event to 2024-12-01 00:00:00+00:00, run_after=2024-12-02 00:00:00+00:00
[2024-12-02T11:09:19.596+0000] {logging_mixin.py:190} INFO - [2024-12-02T11:09:19.595+0000] {dag.py:4180} INFO - Setting next_dagrun for read_dataset_event_from_classic to 2024-12-01 00:00:00+00:00, run_after=2024-12-02 00:00:00+00:00
[2024-12-02T11:09:19.608+0000] {processor.py:208} INFO - Processing /home/airflow/.local/lib/python3.12/site-packages/airflow/example_dags/example_inlet_event_extra.py took 0.460 seconds
[2024-12-02T11:09:49.794+0000] {processor.py:186} INFO - Started process (PID=1488) to work on /home/airflow/.local/lib/python3.12/site-packages/airflow/example_dags/example_inlet_event_extra.py
[2024-12-02T11:09:49.794+0000] {processor.py:914} INFO - Processing file /home/airflow/.local/lib/python3.12/site-packages/airflow/example_dags/example_inlet_event_extra.py for tasks to queue
[2024-12-02T11:09:49.796+0000] {logging_mixin.py:190} INFO - [2024-12-02T11:09:49.796+0000] {dagbag.py:588} INFO - Filling up the DagBag from /home/airflow/.local/lib/python3.12/site-packages/airflow/example_dags/example_inlet_event_extra.py
[2024-12-02T11:09:50.167+0000] {processor.py:925} INFO - DAG(s) 'read_dataset_event_from_classic', 'read_dataset_event' retrieved from /home/airflow/.local/lib/python3.12/site-packages/airflow/example_dags/example_inlet_event_extra.py
[2024-12-02T11:09:50.181+0000] {logging_mixin.py:190} INFO - [2024-12-02T11:09:50.181+0000] {dag.py:3239} INFO - Sync 2 DAGs
[2024-12-02T11:09:50.196+0000] {logging_mixin.py:190} INFO - [2024-12-02T11:09:50.196+0000] {dag.py:4180} INFO - Setting next_dagrun for read_dataset_event to 2024-12-01 00:00:00+00:00, run_after=2024-12-02 00:00:00+00:00
[2024-12-02T11:09:50.199+0000] {logging_mixin.py:190} INFO - [2024-12-02T11:09:50.199+0000] {dag.py:4180} INFO - Setting next_dagrun for read_dataset_event_from_classic to 2024-12-01 00:00:00+00:00, run_after=2024-12-02 00:00:00+00:00
[2024-12-02T11:09:50.213+0000] {processor.py:208} INFO - Processing /home/airflow/.local/lib/python3.12/site-packages/airflow/example_dags/example_inlet_event_extra.py took 0.424 seconds
[2024-12-02T11:10:20.418+0000] {processor.py:186} INFO - Started process (PID=1547) to work on /home/airflow/.local/lib/python3.12/site-packages/airflow/example_dags/example_inlet_event_extra.py
[2024-12-02T11:10:20.421+0000] {processor.py:914} INFO - Processing file /home/airflow/.local/lib/python3.12/site-packages/airflow/example_dags/example_inlet_event_extra.py for tasks to queue
[2024-12-02T11:10:20.424+0000] {logging_mixin.py:190} INFO - [2024-12-02T11:10:20.423+0000] {dagbag.py:588} INFO - Filling up the DagBag from /home/airflow/.local/lib/python3.12/site-packages/airflow/example_dags/example_inlet_event_extra.py
[2024-12-02T11:10:20.809+0000] {processor.py:925} INFO - DAG(s) 'read_dataset_event_from_classic', 'read_dataset_event' retrieved from /home/airflow/.local/lib/python3.12/site-packages/airflow/example_dags/example_inlet_event_extra.py
[2024-12-02T11:10:20.821+0000] {logging_mixin.py:190} INFO - [2024-12-02T11:10:20.821+0000] {dag.py:3239} INFO - Sync 2 DAGs
[2024-12-02T11:10:20.839+0000] {logging_mixin.py:190} INFO - [2024-12-02T11:10:20.838+0000] {dag.py:4180} INFO - Setting next_dagrun for read_dataset_event to 2024-12-01 00:00:00+00:00, run_after=2024-12-02 00:00:00+00:00
[2024-12-02T11:10:20.842+0000] {logging_mixin.py:190} INFO - [2024-12-02T11:10:20.842+0000] {dag.py:4180} INFO - Setting next_dagrun for read_dataset_event_from_classic to 2024-12-01 00:00:00+00:00, run_after=2024-12-02 00:00:00+00:00
[2024-12-02T11:10:20.854+0000] {processor.py:208} INFO - Processing /home/airflow/.local/lib/python3.12/site-packages/airflow/example_dags/example_inlet_event_extra.py took 0.439 seconds
[2024-12-02T11:10:51.250+0000] {processor.py:186} INFO - Started process (PID=1611) to work on /home/airflow/.local/lib/python3.12/site-packages/airflow/example_dags/example_inlet_event_extra.py
[2024-12-02T11:10:51.250+0000] {processor.py:914} INFO - Processing file /home/airflow/.local/lib/python3.12/site-packages/airflow/example_dags/example_inlet_event_extra.py for tasks to queue
[2024-12-02T11:10:51.252+0000] {logging_mixin.py:190} INFO - [2024-12-02T11:10:51.252+0000] {dagbag.py:588} INFO - Filling up the DagBag from /home/airflow/.local/lib/python3.12/site-packages/airflow/example_dags/example_inlet_event_extra.py
[2024-12-02T11:10:51.649+0000] {processor.py:925} INFO - DAG(s) 'read_dataset_event', 'read_dataset_event_from_classic' retrieved from /home/airflow/.local/lib/python3.12/site-packages/airflow/example_dags/example_inlet_event_extra.py
[2024-12-02T11:10:51.660+0000] {logging_mixin.py:190} INFO - [2024-12-02T11:10:51.660+0000] {dag.py:3239} INFO - Sync 2 DAGs
[2024-12-02T11:10:51.677+0000] {logging_mixin.py:190} INFO - [2024-12-02T11:10:51.676+0000] {dag.py:4180} INFO - Setting next_dagrun for read_dataset_event to 2024-12-01 00:00:00+00:00, run_after=2024-12-02 00:00:00+00:00
[2024-12-02T11:10:51.680+0000] {logging_mixin.py:190} INFO - [2024-12-02T11:10:51.680+0000] {dag.py:4180} INFO - Setting next_dagrun for read_dataset_event_from_classic to 2024-12-01 00:00:00+00:00, run_after=2024-12-02 00:00:00+00:00
[2024-12-02T11:10:51.693+0000] {processor.py:208} INFO - Processing /home/airflow/.local/lib/python3.12/site-packages/airflow/example_dags/example_inlet_event_extra.py took 0.448 seconds
[2024-12-02T11:11:22.768+0000] {processor.py:186} INFO - Started process (PID=1675) to work on /home/airflow/.local/lib/python3.12/site-packages/airflow/example_dags/example_inlet_event_extra.py
[2024-12-02T11:11:22.770+0000] {processor.py:914} INFO - Processing file /home/airflow/.local/lib/python3.12/site-packages/airflow/example_dags/example_inlet_event_extra.py for tasks to queue
[2024-12-02T11:11:22.772+0000] {logging_mixin.py:190} INFO - [2024-12-02T11:11:22.771+0000] {dagbag.py:588} INFO - Filling up the DagBag from /home/airflow/.local/lib/python3.12/site-packages/airflow/example_dags/example_inlet_event_extra.py
[2024-12-02T11:11:23.174+0000] {processor.py:925} INFO - DAG(s) 'read_dataset_event_from_classic', 'read_dataset_event' retrieved from /home/airflow/.local/lib/python3.12/site-packages/airflow/example_dags/example_inlet_event_extra.py
[2024-12-02T11:11:23.187+0000] {logging_mixin.py:190} INFO - [2024-12-02T11:11:23.186+0000] {dag.py:3239} INFO - Sync 2 DAGs
[2024-12-02T11:11:23.209+0000] {logging_mixin.py:190} INFO - [2024-12-02T11:11:23.209+0000] {dag.py:4180} INFO - Setting next_dagrun for read_dataset_event to 2024-12-01 00:00:00+00:00, run_after=2024-12-02 00:00:00+00:00
[2024-12-02T11:11:23.213+0000] {logging_mixin.py:190} INFO - [2024-12-02T11:11:23.213+0000] {dag.py:4180} INFO - Setting next_dagrun for read_dataset_event_from_classic to 2024-12-01 00:00:00+00:00, run_after=2024-12-02 00:00:00+00:00
[2024-12-02T11:11:23.227+0000] {processor.py:208} INFO - Processing /home/airflow/.local/lib/python3.12/site-packages/airflow/example_dags/example_inlet_event_extra.py took 0.465 seconds
[2024-12-02T11:11:53.467+0000] {processor.py:186} INFO - Started process (PID=1741) to work on /home/airflow/.local/lib/python3.12/site-packages/airflow/example_dags/example_inlet_event_extra.py
[2024-12-02T11:11:53.468+0000] {processor.py:914} INFO - Processing file /home/airflow/.local/lib/python3.12/site-packages/airflow/example_dags/example_inlet_event_extra.py for tasks to queue
[2024-12-02T11:11:53.469+0000] {logging_mixin.py:190} INFO - [2024-12-02T11:11:53.469+0000] {dagbag.py:588} INFO - Filling up the DagBag from /home/airflow/.local/lib/python3.12/site-packages/airflow/example_dags/example_inlet_event_extra.py
[2024-12-02T11:11:54.503+0000] {processor.py:925} INFO - DAG(s) 'read_dataset_event_from_classic', 'read_dataset_event' retrieved from /home/airflow/.local/lib/python3.12/site-packages/airflow/example_dags/example_inlet_event_extra.py
[2024-12-02T11:11:54.635+0000] {logging_mixin.py:190} INFO - [2024-12-02T11:11:54.635+0000] {dag.py:3239} INFO - Sync 2 DAGs
[2024-12-02T11:11:54.708+0000] {logging_mixin.py:190} INFO - [2024-12-02T11:11:54.708+0000] {dag.py:4180} INFO - Setting next_dagrun for read_dataset_event to 2024-12-01 00:00:00+00:00, run_after=2024-12-02 00:00:00+00:00
[2024-12-02T11:11:54.730+0000] {logging_mixin.py:190} INFO - [2024-12-02T11:11:54.729+0000] {dag.py:4180} INFO - Setting next_dagrun for read_dataset_event_from_classic to 2024-12-01 00:00:00+00:00, run_after=2024-12-02 00:00:00+00:00
[2024-12-02T11:11:54.782+0000] {processor.py:208} INFO - Processing /home/airflow/.local/lib/python3.12/site-packages/airflow/example_dags/example_inlet_event_extra.py took 1.327 seconds
[2024-12-02T11:12:25.088+0000] {processor.py:186} INFO - Started process (PID=1808) to work on /home/airflow/.local/lib/python3.12/site-packages/airflow/example_dags/example_inlet_event_extra.py
[2024-12-02T11:12:25.090+0000] {processor.py:914} INFO - Processing file /home/airflow/.local/lib/python3.12/site-packages/airflow/example_dags/example_inlet_event_extra.py for tasks to queue
[2024-12-02T11:12:25.092+0000] {logging_mixin.py:190} INFO - [2024-12-02T11:12:25.092+0000] {dagbag.py:588} INFO - Filling up the DagBag from /home/airflow/.local/lib/python3.12/site-packages/airflow/example_dags/example_inlet_event_extra.py
[2024-12-02T11:12:25.502+0000] {processor.py:925} INFO - DAG(s) 'read_dataset_event_from_classic', 'read_dataset_event' retrieved from /home/airflow/.local/lib/python3.12/site-packages/airflow/example_dags/example_inlet_event_extra.py
[2024-12-02T11:12:25.516+0000] {logging_mixin.py:190} INFO - [2024-12-02T11:12:25.516+0000] {dag.py:3239} INFO - Sync 2 DAGs
[2024-12-02T11:12:25.533+0000] {logging_mixin.py:190} INFO - [2024-12-02T11:12:25.533+0000] {dag.py:4180} INFO - Setting next_dagrun for read_dataset_event to 2024-12-01 00:00:00+00:00, run_after=2024-12-02 00:00:00+00:00
[2024-12-02T11:12:25.536+0000] {logging_mixin.py:190} INFO - [2024-12-02T11:12:25.536+0000] {dag.py:4180} INFO - Setting next_dagrun for read_dataset_event_from_classic to 2024-12-01 00:00:00+00:00, run_after=2024-12-02 00:00:00+00:00
[2024-12-02T11:12:25.549+0000] {processor.py:208} INFO - Processing /home/airflow/.local/lib/python3.12/site-packages/airflow/example_dags/example_inlet_event_extra.py took 0.465 seconds
[2024-12-02T11:12:56.870+0000] {processor.py:186} INFO - Started process (PID=1872) to work on /home/airflow/.local/lib/python3.12/site-packages/airflow/example_dags/example_inlet_event_extra.py
[2024-12-02T11:12:56.871+0000] {processor.py:914} INFO - Processing file /home/airflow/.local/lib/python3.12/site-packages/airflow/example_dags/example_inlet_event_extra.py for tasks to queue
[2024-12-02T11:12:56.873+0000] {logging_mixin.py:190} INFO - [2024-12-02T11:12:56.873+0000] {dagbag.py:588} INFO - Filling up the DagBag from /home/airflow/.local/lib/python3.12/site-packages/airflow/example_dags/example_inlet_event_extra.py
[2024-12-02T11:12:57.599+0000] {processor.py:925} INFO - DAG(s) 'read_dataset_event_from_classic', 'read_dataset_event' retrieved from /home/airflow/.local/lib/python3.12/site-packages/airflow/example_dags/example_inlet_event_extra.py
[2024-12-02T11:12:57.643+0000] {logging_mixin.py:190} INFO - [2024-12-02T11:12:57.643+0000] {dag.py:3239} INFO - Sync 2 DAGs
[2024-12-02T11:12:57.684+0000] {logging_mixin.py:190} INFO - [2024-12-02T11:12:57.683+0000] {dag.py:4180} INFO - Setting next_dagrun for read_dataset_event to 2024-12-01 00:00:00+00:00, run_after=2024-12-02 00:00:00+00:00
[2024-12-02T11:12:57.696+0000] {logging_mixin.py:190} INFO - [2024-12-02T11:12:57.696+0000] {dag.py:4180} INFO - Setting next_dagrun for read_dataset_event_from_classic to 2024-12-01 00:00:00+00:00, run_after=2024-12-02 00:00:00+00:00
[2024-12-02T11:12:57.728+0000] {processor.py:208} INFO - Processing /home/airflow/.local/lib/python3.12/site-packages/airflow/example_dags/example_inlet_event_extra.py took 0.874 seconds
[2024-12-02T11:13:31.640+0000] {processor.py:186} INFO - Started process (PID=1945) to work on /home/airflow/.local/lib/python3.12/site-packages/airflow/example_dags/example_inlet_event_extra.py
[2024-12-02T11:13:31.642+0000] {processor.py:914} INFO - Processing file /home/airflow/.local/lib/python3.12/site-packages/airflow/example_dags/example_inlet_event_extra.py for tasks to queue
[2024-12-02T11:13:31.644+0000] {logging_mixin.py:190} INFO - [2024-12-02T11:13:31.644+0000] {dagbag.py:588} INFO - Filling up the DagBag from /home/airflow/.local/lib/python3.12/site-packages/airflow/example_dags/example_inlet_event_extra.py
[2024-12-02T11:13:32.234+0000] {processor.py:925} INFO - DAG(s) 'read_dataset_event', 'read_dataset_event_from_classic' retrieved from /home/airflow/.local/lib/python3.12/site-packages/airflow/example_dags/example_inlet_event_extra.py
[2024-12-02T11:13:32.246+0000] {logging_mixin.py:190} INFO - [2024-12-02T11:13:32.246+0000] {dag.py:3239} INFO - Sync 2 DAGs
[2024-12-02T11:13:32.263+0000] {logging_mixin.py:190} INFO - [2024-12-02T11:13:32.263+0000] {dag.py:4180} INFO - Setting next_dagrun for read_dataset_event to 2024-12-01 00:00:00+00:00, run_after=2024-12-02 00:00:00+00:00
[2024-12-02T11:13:32.267+0000] {logging_mixin.py:190} INFO - [2024-12-02T11:13:32.266+0000] {dag.py:4180} INFO - Setting next_dagrun for read_dataset_event_from_classic to 2024-12-01 00:00:00+00:00, run_after=2024-12-02 00:00:00+00:00
[2024-12-02T11:13:32.279+0000] {processor.py:208} INFO - Processing /home/airflow/.local/lib/python3.12/site-packages/airflow/example_dags/example_inlet_event_extra.py took 0.670 seconds
[2024-12-02T11:14:06.353+0000] {processor.py:186} INFO - Started process (PID=2022) to work on /home/airflow/.local/lib/python3.12/site-packages/airflow/example_dags/example_inlet_event_extra.py
[2024-12-02T11:14:06.354+0000] {processor.py:914} INFO - Processing file /home/airflow/.local/lib/python3.12/site-packages/airflow/example_dags/example_inlet_event_extra.py for tasks to queue
[2024-12-02T11:14:06.357+0000] {logging_mixin.py:190} INFO - [2024-12-02T11:14:06.356+0000] {dagbag.py:588} INFO - Filling up the DagBag from /home/airflow/.local/lib/python3.12/site-packages/airflow/example_dags/example_inlet_event_extra.py
[2024-12-02T11:14:08.033+0000] {processor.py:925} INFO - DAG(s) 'read_dataset_event', 'read_dataset_event_from_classic' retrieved from /home/airflow/.local/lib/python3.12/site-packages/airflow/example_dags/example_inlet_event_extra.py
[2024-12-02T11:14:08.097+0000] {logging_mixin.py:190} INFO - [2024-12-02T11:14:08.097+0000] {dag.py:3239} INFO - Sync 2 DAGs
[2024-12-02T11:14:08.147+0000] {logging_mixin.py:190} INFO - [2024-12-02T11:14:08.146+0000] {dag.py:4180} INFO - Setting next_dagrun for read_dataset_event to 2024-12-01 00:00:00+00:00, run_after=2024-12-02 00:00:00+00:00
[2024-12-02T11:14:08.154+0000] {logging_mixin.py:190} INFO - [2024-12-02T11:14:08.154+0000] {dag.py:4180} INFO - Setting next_dagrun for read_dataset_event_from_classic to 2024-12-01 00:00:00+00:00, run_after=2024-12-02 00:00:00+00:00
[2024-12-02T11:14:08.196+0000] {processor.py:208} INFO - Processing /home/airflow/.local/lib/python3.12/site-packages/airflow/example_dags/example_inlet_event_extra.py took 1.873 seconds
[2024-12-02T11:14:42.004+0000] {processor.py:186} INFO - Started process (PID=2097) to work on /home/airflow/.local/lib/python3.12/site-packages/airflow/example_dags/example_inlet_event_extra.py
[2024-12-02T11:14:42.009+0000] {processor.py:914} INFO - Processing file /home/airflow/.local/lib/python3.12/site-packages/airflow/example_dags/example_inlet_event_extra.py for tasks to queue
[2024-12-02T11:14:42.011+0000] {logging_mixin.py:190} INFO - [2024-12-02T11:14:42.011+0000] {dagbag.py:588} INFO - Filling up the DagBag from /home/airflow/.local/lib/python3.12/site-packages/airflow/example_dags/example_inlet_event_extra.py
[2024-12-02T11:14:42.587+0000] {processor.py:925} INFO - DAG(s) 'read_dataset_event_from_classic', 'read_dataset_event' retrieved from /home/airflow/.local/lib/python3.12/site-packages/airflow/example_dags/example_inlet_event_extra.py
[2024-12-02T11:14:42.611+0000] {logging_mixin.py:190} INFO - [2024-12-02T11:14:42.611+0000] {dag.py:3239} INFO - Sync 2 DAGs
[2024-12-02T11:14:42.633+0000] {logging_mixin.py:190} INFO - [2024-12-02T11:14:42.633+0000] {dag.py:4180} INFO - Setting next_dagrun for read_dataset_event to 2024-12-01 00:00:00+00:00, run_after=2024-12-02 00:00:00+00:00
[2024-12-02T11:14:42.636+0000] {logging_mixin.py:190} INFO - [2024-12-02T11:14:42.636+0000] {dag.py:4180} INFO - Setting next_dagrun for read_dataset_event_from_classic to 2024-12-01 00:00:00+00:00, run_after=2024-12-02 00:00:00+00:00
[2024-12-02T11:14:42.660+0000] {processor.py:208} INFO - Processing /home/airflow/.local/lib/python3.12/site-packages/airflow/example_dags/example_inlet_event_extra.py took 0.667 seconds
[2024-12-02T11:15:17.201+0000] {processor.py:186} INFO - Started process (PID=2172) to work on /home/airflow/.local/lib/python3.12/site-packages/airflow/example_dags/example_inlet_event_extra.py
[2024-12-02T11:15:17.205+0000] {processor.py:914} INFO - Processing file /home/airflow/.local/lib/python3.12/site-packages/airflow/example_dags/example_inlet_event_extra.py for tasks to queue
[2024-12-02T11:15:17.208+0000] {logging_mixin.py:190} INFO - [2024-12-02T11:15:17.208+0000] {dagbag.py:588} INFO - Filling up the DagBag from /home/airflow/.local/lib/python3.12/site-packages/airflow/example_dags/example_inlet_event_extra.py
[2024-12-02T11:15:17.743+0000] {processor.py:925} INFO - DAG(s) 'read_dataset_event_from_classic', 'read_dataset_event' retrieved from /home/airflow/.local/lib/python3.12/site-packages/airflow/example_dags/example_inlet_event_extra.py
[2024-12-02T11:15:17.758+0000] {logging_mixin.py:190} INFO - [2024-12-02T11:15:17.758+0000] {dag.py:3239} INFO - Sync 2 DAGs
[2024-12-02T11:15:17.774+0000] {logging_mixin.py:190} INFO - [2024-12-02T11:15:17.774+0000] {dag.py:4180} INFO - Setting next_dagrun for read_dataset_event to 2024-12-01 00:00:00+00:00, run_after=2024-12-02 00:00:00+00:00
[2024-12-02T11:15:17.777+0000] {logging_mixin.py:190} INFO - [2024-12-02T11:15:17.777+0000] {dag.py:4180} INFO - Setting next_dagrun for read_dataset_event_from_classic to 2024-12-01 00:00:00+00:00, run_after=2024-12-02 00:00:00+00:00
[2024-12-02T11:15:17.798+0000] {processor.py:208} INFO - Processing /home/airflow/.local/lib/python3.12/site-packages/airflow/example_dags/example_inlet_event_extra.py took 0.606 seconds
[2024-12-02T11:15:51.536+0000] {processor.py:186} INFO - Started process (PID=2239) to work on /home/airflow/.local/lib/python3.12/site-packages/airflow/example_dags/example_inlet_event_extra.py
[2024-12-02T11:15:51.542+0000] {processor.py:914} INFO - Processing file /home/airflow/.local/lib/python3.12/site-packages/airflow/example_dags/example_inlet_event_extra.py for tasks to queue
[2024-12-02T11:15:51.543+0000] {logging_mixin.py:190} INFO - [2024-12-02T11:15:51.543+0000] {dagbag.py:588} INFO - Filling up the DagBag from /home/airflow/.local/lib/python3.12/site-packages/airflow/example_dags/example_inlet_event_extra.py
[2024-12-02T11:15:52.205+0000] {processor.py:925} INFO - DAG(s) 'read_dataset_event_from_classic', 'read_dataset_event' retrieved from /home/airflow/.local/lib/python3.12/site-packages/airflow/example_dags/example_inlet_event_extra.py
[2024-12-02T11:15:52.229+0000] {logging_mixin.py:190} INFO - [2024-12-02T11:15:52.229+0000] {dag.py:3239} INFO - Sync 2 DAGs
[2024-12-02T11:15:52.246+0000] {logging_mixin.py:190} INFO - [2024-12-02T11:15:52.246+0000] {dag.py:4180} INFO - Setting next_dagrun for read_dataset_event to 2024-12-01 00:00:00+00:00, run_after=2024-12-02 00:00:00+00:00
[2024-12-02T11:15:52.253+0000] {logging_mixin.py:190} INFO - [2024-12-02T11:15:52.253+0000] {dag.py:4180} INFO - Setting next_dagrun for read_dataset_event_from_classic to 2024-12-01 00:00:00+00:00, run_after=2024-12-02 00:00:00+00:00
[2024-12-02T11:15:52.273+0000] {processor.py:208} INFO - Processing /home/airflow/.local/lib/python3.12/site-packages/airflow/example_dags/example_inlet_event_extra.py took 0.745 seconds
[2024-12-02T11:16:22.679+0000] {processor.py:186} INFO - Started process (PID=2304) to work on /home/airflow/.local/lib/python3.12/site-packages/airflow/example_dags/example_inlet_event_extra.py
[2024-12-02T11:16:22.681+0000] {processor.py:914} INFO - Processing file /home/airflow/.local/lib/python3.12/site-packages/airflow/example_dags/example_inlet_event_extra.py for tasks to queue
[2024-12-02T11:16:22.682+0000] {logging_mixin.py:190} INFO - [2024-12-02T11:16:22.682+0000] {dagbag.py:588} INFO - Filling up the DagBag from /home/airflow/.local/lib/python3.12/site-packages/airflow/example_dags/example_inlet_event_extra.py
[2024-12-02T11:16:26.281+0000] {processor.py:925} INFO - DAG(s) 'read_dataset_event', 'read_dataset_event_from_classic' retrieved from /home/airflow/.local/lib/python3.12/site-packages/airflow/example_dags/example_inlet_event_extra.py
[2024-12-02T11:16:26.306+0000] {logging_mixin.py:190} INFO - [2024-12-02T11:16:26.306+0000] {dag.py:3239} INFO - Sync 2 DAGs
[2024-12-02T11:16:26.340+0000] {logging_mixin.py:190} INFO - [2024-12-02T11:16:26.339+0000] {dag.py:4180} INFO - Setting next_dagrun for read_dataset_event to 2024-12-01 00:00:00+00:00, run_after=2024-12-02 00:00:00+00:00
[2024-12-02T11:16:26.347+0000] {logging_mixin.py:190} INFO - [2024-12-02T11:16:26.347+0000] {dag.py:4180} INFO - Setting next_dagrun for read_dataset_event_from_classic to 2024-12-01 00:00:00+00:00, run_after=2024-12-02 00:00:00+00:00
[2024-12-02T11:16:26.369+0000] {processor.py:208} INFO - Processing /home/airflow/.local/lib/python3.12/site-packages/airflow/example_dags/example_inlet_event_extra.py took 0.769 seconds
[2024-12-02T11:16:56.621+0000] {processor.py:186} INFO - Started process (PID=2368) to work on /home/airflow/.local/lib/python3.12/site-packages/airflow/example_dags/example_inlet_event_extra.py
[2024-12-02T11:16:56.622+0000] {processor.py:914} INFO - Processing file /home/airflow/.local/lib/python3.12/site-packages/airflow/example_dags/example_inlet_event_extra.py for tasks to queue
[2024-12-02T11:16:56.623+0000] {logging_mixin.py:190} INFO - [2024-12-02T11:16:56.623+0000] {dagbag.py:588} INFO - Filling up the DagBag from /home/airflow/.local/lib/python3.12/site-packages/airflow/example_dags/example_inlet_event_extra.py
[2024-12-02T11:16:57.227+0000] {processor.py:925} INFO - DAG(s) 'read_dataset_event', 'read_dataset_event_from_classic' retrieved from /home/airflow/.local/lib/python3.12/site-packages/airflow/example_dags/example_inlet_event_extra.py
[2024-12-02T11:16:57.276+0000] {logging_mixin.py:190} INFO - [2024-12-02T11:16:57.275+0000] {dag.py:3239} INFO - Sync 2 DAGs
[2024-12-02T11:16:57.366+0000] {logging_mixin.py:190} INFO - [2024-12-02T11:16:57.366+0000] {dag.py:4180} INFO - Setting next_dagrun for read_dataset_event to 2024-12-01 00:00:00+00:00, run_after=2024-12-02 00:00:00+00:00
[2024-12-02T11:16:57.392+0000] {logging_mixin.py:190} INFO - [2024-12-02T11:16:57.391+0000] {dag.py:4180} INFO - Setting next_dagrun for read_dataset_event_from_classic to 2024-12-01 00:00:00+00:00, run_after=2024-12-02 00:00:00+00:00
[2024-12-02T11:16:57.456+0000] {processor.py:208} INFO - Processing /home/airflow/.local/lib/python3.12/site-packages/airflow/example_dags/example_inlet_event_extra.py took 0.839 seconds
[2024-12-02T11:17:27.918+0000] {processor.py:186} INFO - Started process (PID=2432) to work on /home/airflow/.local/lib/python3.12/site-packages/airflow/example_dags/example_inlet_event_extra.py
[2024-12-02T11:17:27.929+0000] {processor.py:914} INFO - Processing file /home/airflow/.local/lib/python3.12/site-packages/airflow/example_dags/example_inlet_event_extra.py for tasks to queue
[2024-12-02T11:17:27.940+0000] {logging_mixin.py:190} INFO - [2024-12-02T11:17:27.940+0000] {dagbag.py:588} INFO - Filling up the DagBag from /home/airflow/.local/lib/python3.12/site-packages/airflow/example_dags/example_inlet_event_extra.py
[2024-12-02T11:17:29.148+0000] {processor.py:925} INFO - DAG(s) 'read_dataset_event', 'read_dataset_event_from_classic' retrieved from /home/airflow/.local/lib/python3.12/site-packages/airflow/example_dags/example_inlet_event_extra.py
[2024-12-02T11:17:29.163+0000] {logging_mixin.py:190} INFO - [2024-12-02T11:17:29.163+0000] {dag.py:3239} INFO - Sync 2 DAGs
[2024-12-02T11:17:29.183+0000] {logging_mixin.py:190} INFO - [2024-12-02T11:17:29.183+0000] {dag.py:4180} INFO - Setting next_dagrun for read_dataset_event to 2024-12-01 00:00:00+00:00, run_after=2024-12-02 00:00:00+00:00
[2024-12-02T11:17:29.187+0000] {logging_mixin.py:190} INFO - [2024-12-02T11:17:29.187+0000] {dag.py:4180} INFO - Setting next_dagrun for read_dataset_event_from_classic to 2024-12-01 00:00:00+00:00, run_after=2024-12-02 00:00:00+00:00
[2024-12-02T11:17:29.203+0000] {processor.py:208} INFO - Processing /home/airflow/.local/lib/python3.12/site-packages/airflow/example_dags/example_inlet_event_extra.py took 1.292 seconds
[2024-12-02T11:17:59.863+0000] {processor.py:186} INFO - Started process (PID=2496) to work on /home/airflow/.local/lib/python3.12/site-packages/airflow/example_dags/example_inlet_event_extra.py
[2024-12-02T11:17:59.864+0000] {processor.py:914} INFO - Processing file /home/airflow/.local/lib/python3.12/site-packages/airflow/example_dags/example_inlet_event_extra.py for tasks to queue
[2024-12-02T11:17:59.865+0000] {logging_mixin.py:190} INFO - [2024-12-02T11:17:59.865+0000] {dagbag.py:588} INFO - Filling up the DagBag from /home/airflow/.local/lib/python3.12/site-packages/airflow/example_dags/example_inlet_event_extra.py
[2024-12-02T11:18:00.224+0000] {processor.py:925} INFO - DAG(s) 'read_dataset_event', 'read_dataset_event_from_classic' retrieved from /home/airflow/.local/lib/python3.12/site-packages/airflow/example_dags/example_inlet_event_extra.py
[2024-12-02T11:18:00.238+0000] {logging_mixin.py:190} INFO - [2024-12-02T11:18:00.238+0000] {dag.py:3239} INFO - Sync 2 DAGs
[2024-12-02T11:18:00.252+0000] {logging_mixin.py:190} INFO - [2024-12-02T11:18:00.252+0000] {dag.py:4180} INFO - Setting next_dagrun for read_dataset_event to 2024-12-01 00:00:00+00:00, run_after=2024-12-02 00:00:00+00:00
[2024-12-02T11:18:00.256+0000] {logging_mixin.py:190} INFO - [2024-12-02T11:18:00.255+0000] {dag.py:4180} INFO - Setting next_dagrun for read_dataset_event_from_classic to 2024-12-01 00:00:00+00:00, run_after=2024-12-02 00:00:00+00:00
[2024-12-02T11:18:00.269+0000] {processor.py:208} INFO - Processing /home/airflow/.local/lib/python3.12/site-packages/airflow/example_dags/example_inlet_event_extra.py took 0.412 seconds
[2024-12-02T11:18:30.828+0000] {processor.py:186} INFO - Started process (PID=2561) to work on /home/airflow/.local/lib/python3.12/site-packages/airflow/example_dags/example_inlet_event_extra.py
[2024-12-02T11:18:30.828+0000] {processor.py:914} INFO - Processing file /home/airflow/.local/lib/python3.12/site-packages/airflow/example_dags/example_inlet_event_extra.py for tasks to queue
[2024-12-02T11:18:30.829+0000] {logging_mixin.py:190} INFO - [2024-12-02T11:18:30.829+0000] {dagbag.py:588} INFO - Filling up the DagBag from /home/airflow/.local/lib/python3.12/site-packages/airflow/example_dags/example_inlet_event_extra.py
[2024-12-02T11:18:31.202+0000] {processor.py:925} INFO - DAG(s) 'read_dataset_event_from_classic', 'read_dataset_event' retrieved from /home/airflow/.local/lib/python3.12/site-packages/airflow/example_dags/example_inlet_event_extra.py
[2024-12-02T11:18:31.215+0000] {logging_mixin.py:190} INFO - [2024-12-02T11:18:31.215+0000] {dag.py:3239} INFO - Sync 2 DAGs
[2024-12-02T11:18:31.237+0000] {logging_mixin.py:190} INFO - [2024-12-02T11:18:31.237+0000] {dag.py:4180} INFO - Setting next_dagrun for read_dataset_event to 2024-12-01 00:00:00+00:00, run_after=2024-12-02 00:00:00+00:00
[2024-12-02T11:18:31.240+0000] {logging_mixin.py:190} INFO - [2024-12-02T11:18:31.240+0000] {dag.py:4180} INFO - Setting next_dagrun for read_dataset_event_from_classic to 2024-12-01 00:00:00+00:00, run_after=2024-12-02 00:00:00+00:00
[2024-12-02T11:18:31.250+0000] {processor.py:208} INFO - Processing /home/airflow/.local/lib/python3.12/site-packages/airflow/example_dags/example_inlet_event_extra.py took 0.426 seconds
[2024-12-02T11:19:01.732+0000] {processor.py:186} INFO - Started process (PID=2626) to work on /home/airflow/.local/lib/python3.12/site-packages/airflow/example_dags/example_inlet_event_extra.py
[2024-12-02T11:19:01.734+0000] {processor.py:914} INFO - Processing file /home/airflow/.local/lib/python3.12/site-packages/airflow/example_dags/example_inlet_event_extra.py for tasks to queue
[2024-12-02T11:19:01.735+0000] {logging_mixin.py:190} INFO - [2024-12-02T11:19:01.735+0000] {dagbag.py:588} INFO - Filling up the DagBag from /home/airflow/.local/lib/python3.12/site-packages/airflow/example_dags/example_inlet_event_extra.py
[2024-12-02T11:19:02.068+0000] {processor.py:925} INFO - DAG(s) 'read_dataset_event_from_classic', 'read_dataset_event' retrieved from /home/airflow/.local/lib/python3.12/site-packages/airflow/example_dags/example_inlet_event_extra.py
[2024-12-02T11:19:02.082+0000] {logging_mixin.py:190} INFO - [2024-12-02T11:19:02.082+0000] {dag.py:3239} INFO - Sync 2 DAGs
[2024-12-02T11:19:02.097+0000] {logging_mixin.py:190} INFO - [2024-12-02T11:19:02.097+0000] {dag.py:4180} INFO - Setting next_dagrun for read_dataset_event to 2024-12-01 00:00:00+00:00, run_after=2024-12-02 00:00:00+00:00
[2024-12-02T11:19:02.100+0000] {logging_mixin.py:190} INFO - [2024-12-02T11:19:02.100+0000] {dag.py:4180} INFO - Setting next_dagrun for read_dataset_event_from_classic to 2024-12-01 00:00:00+00:00, run_after=2024-12-02 00:00:00+00:00
[2024-12-02T11:19:02.113+0000] {processor.py:208} INFO - Processing /home/airflow/.local/lib/python3.12/site-packages/airflow/example_dags/example_inlet_event_extra.py took 0.385 seconds
[2024-12-02T11:19:32.473+0000] {processor.py:186} INFO - Started process (PID=2691) to work on /home/airflow/.local/lib/python3.12/site-packages/airflow/example_dags/example_inlet_event_extra.py
[2024-12-02T11:19:32.474+0000] {processor.py:914} INFO - Processing file /home/airflow/.local/lib/python3.12/site-packages/airflow/example_dags/example_inlet_event_extra.py for tasks to queue
[2024-12-02T11:19:32.475+0000] {logging_mixin.py:190} INFO - [2024-12-02T11:19:32.474+0000] {dagbag.py:588} INFO - Filling up the DagBag from /home/airflow/.local/lib/python3.12/site-packages/airflow/example_dags/example_inlet_event_extra.py
[2024-12-02T11:19:32.835+0000] {processor.py:925} INFO - DAG(s) 'read_dataset_event', 'read_dataset_event_from_classic' retrieved from /home/airflow/.local/lib/python3.12/site-packages/airflow/example_dags/example_inlet_event_extra.py
[2024-12-02T11:19:32.853+0000] {logging_mixin.py:190} INFO - [2024-12-02T11:19:32.852+0000] {dag.py:3239} INFO - Sync 2 DAGs
[2024-12-02T11:19:32.871+0000] {logging_mixin.py:190} INFO - [2024-12-02T11:19:32.871+0000] {dag.py:4180} INFO - Setting next_dagrun for read_dataset_event to 2024-12-01 00:00:00+00:00, run_after=2024-12-02 00:00:00+00:00
[2024-12-02T11:19:32.875+0000] {logging_mixin.py:190} INFO - [2024-12-02T11:19:32.875+0000] {dag.py:4180} INFO - Setting next_dagrun for read_dataset_event_from_classic to 2024-12-01 00:00:00+00:00, run_after=2024-12-02 00:00:00+00:00
[2024-12-02T11:19:32.890+0000] {processor.py:208} INFO - Processing /home/airflow/.local/lib/python3.12/site-packages/airflow/example_dags/example_inlet_event_extra.py took 0.422 seconds
[2024-12-02T11:20:03.667+0000] {processor.py:186} INFO - Started process (PID=2756) to work on /home/airflow/.local/lib/python3.12/site-packages/airflow/example_dags/example_inlet_event_extra.py
[2024-12-02T11:20:03.669+0000] {processor.py:914} INFO - Processing file /home/airflow/.local/lib/python3.12/site-packages/airflow/example_dags/example_inlet_event_extra.py for tasks to queue
[2024-12-02T11:20:03.669+0000] {logging_mixin.py:190} INFO - [2024-12-02T11:20:03.669+0000] {dagbag.py:588} INFO - Filling up the DagBag from /home/airflow/.local/lib/python3.12/site-packages/airflow/example_dags/example_inlet_event_extra.py
[2024-12-02T11:20:04.059+0000] {processor.py:925} INFO - DAG(s) 'read_dataset_event', 'read_dataset_event_from_classic' retrieved from /home/airflow/.local/lib/python3.12/site-packages/airflow/example_dags/example_inlet_event_extra.py
[2024-12-02T11:20:04.090+0000] {logging_mixin.py:190} INFO - [2024-12-02T11:20:04.088+0000] {dag.py:3239} INFO - Sync 2 DAGs
[2024-12-02T11:20:04.131+0000] {logging_mixin.py:190} INFO - [2024-12-02T11:20:04.131+0000] {dag.py:4180} INFO - Setting next_dagrun for read_dataset_event to 2024-12-01 00:00:00+00:00, run_after=2024-12-02 00:00:00+00:00
[2024-12-02T11:20:04.140+0000] {logging_mixin.py:190} INFO - [2024-12-02T11:20:04.140+0000] {dag.py:4180} INFO - Setting next_dagrun for read_dataset_event_from_classic to 2024-12-01 00:00:00+00:00, run_after=2024-12-02 00:00:00+00:00
[2024-12-02T11:20:04.178+0000] {processor.py:208} INFO - Processing /home/airflow/.local/lib/python3.12/site-packages/airflow/example_dags/example_inlet_event_extra.py took 0.515 seconds
