[2024-12-02T10:19:13.744+0000] {processor.py:186} INFO - Started process (PID=111) to work on /home/airflow/.local/lib/python3.12/site-packages/airflow/example_dags/example_display_name.py
[2024-12-02T10:19:13.762+0000] {processor.py:914} INFO - Processing file /home/airflow/.local/lib/python3.12/site-packages/airflow/example_dags/example_display_name.py for tasks to queue
[2024-12-02T10:19:13.773+0000] {logging_mixin.py:190} INFO - [2024-12-02T10:19:13.773+0000] {dagbag.py:588} INFO - Filling up the DagBag from /home/airflow/.local/lib/python3.12/site-packages/airflow/example_dags/example_display_name.py
[2024-12-02T10:19:13.831+0000] {processor.py:925} INFO - DAG(s) 'example_display_name' retrieved from /home/airflow/.local/lib/python3.12/site-packages/airflow/example_dags/example_display_name.py
[2024-12-02T10:19:14.425+0000] {logging_mixin.py:190} INFO - [2024-12-02T10:19:14.425+0000] {override.py:1911} INFO - Created Permission View: can delete on DAG:example_display_name
[2024-12-02T10:19:14.468+0000] {logging_mixin.py:190} INFO - [2024-12-02T10:19:14.467+0000] {override.py:1911} INFO - Created Permission View: can edit on DAG:example_display_name
[2024-12-02T10:19:14.492+0000] {logging_mixin.py:190} INFO - [2024-12-02T10:19:14.491+0000] {override.py:1911} INFO - Created Permission View: can read on DAG:example_display_name
[2024-12-02T10:19:14.540+0000] {logging_mixin.py:190} INFO - [2024-12-02T10:19:14.540+0000] {override.py:1911} INFO - Created Permission View: menu access on DAG Run:example_display_name
[2024-12-02T10:19:14.549+0000] {logging_mixin.py:190} INFO - [2024-12-02T10:19:14.548+0000] {override.py:1911} INFO - Created Permission View: can create on DAG Run:example_display_name
[2024-12-02T10:19:14.579+0000] {logging_mixin.py:190} INFO - [2024-12-02T10:19:14.579+0000] {override.py:1911} INFO - Created Permission View: can delete on DAG Run:example_display_name
[2024-12-02T10:19:14.634+0000] {logging_mixin.py:190} INFO - [2024-12-02T10:19:14.633+0000] {override.py:1911} INFO - Created Permission View: can read on DAG Run:example_display_name
[2024-12-02T10:19:14.635+0000] {logging_mixin.py:190} INFO - [2024-12-02T10:19:14.635+0000] {dag.py:3239} INFO - Sync 1 DAGs
[2024-12-02T10:19:14.714+0000] {logging_mixin.py:190} INFO - [2024-12-02T10:19:14.714+0000] {dag.py:3262} INFO - Creating ORM DAG for example_display_name
[2024-12-02T10:19:14.715+0000] {logging_mixin.py:190} INFO - [2024-12-02T10:19:14.715+0000] {dag.py:4180} INFO - Setting next_dagrun for example_display_name to None, run_after=None
[2024-12-02T10:19:14.824+0000] {processor.py:208} INFO - Processing /home/airflow/.local/lib/python3.12/site-packages/airflow/example_dags/example_display_name.py took 1.092 seconds
[2024-12-02T10:36:20.995+0000] {processor.py:186} INFO - Started process (PID=67) to work on /home/airflow/.local/lib/python3.12/site-packages/airflow/example_dags/example_display_name.py
[2024-12-02T10:36:21.031+0000] {processor.py:914} INFO - Processing file /home/airflow/.local/lib/python3.12/site-packages/airflow/example_dags/example_display_name.py for tasks to queue
[2024-12-02T10:36:21.033+0000] {logging_mixin.py:190} INFO - [2024-12-02T10:36:21.033+0000] {dagbag.py:588} INFO - Filling up the DagBag from /home/airflow/.local/lib/python3.12/site-packages/airflow/example_dags/example_display_name.py
[2024-12-02T10:36:21.084+0000] {processor.py:925} INFO - DAG(s) 'example_display_name' retrieved from /home/airflow/.local/lib/python3.12/site-packages/airflow/example_dags/example_display_name.py
[2024-12-02T10:36:21.204+0000] {logging_mixin.py:190} INFO - [2024-12-02T10:36:21.204+0000] {dag.py:3239} INFO - Sync 1 DAGs
[2024-12-02T10:36:21.271+0000] {logging_mixin.py:190} INFO - [2024-12-02T10:36:21.271+0000] {dag.py:4180} INFO - Setting next_dagrun for example_display_name to None, run_after=None
[2024-12-02T10:36:21.364+0000] {processor.py:208} INFO - Processing /home/airflow/.local/lib/python3.12/site-packages/airflow/example_dags/example_display_name.py took 0.380 seconds
[2024-12-02T10:38:11.474+0000] {processor.py:186} INFO - Started process (PID=68) to work on /home/airflow/.local/lib/python3.12/site-packages/airflow/example_dags/example_display_name.py
[2024-12-02T10:38:11.485+0000] {processor.py:914} INFO - Processing file /home/airflow/.local/lib/python3.12/site-packages/airflow/example_dags/example_display_name.py for tasks to queue
[2024-12-02T10:38:11.512+0000] {logging_mixin.py:190} INFO - [2024-12-02T10:38:11.512+0000] {dagbag.py:588} INFO - Filling up the DagBag from /home/airflow/.local/lib/python3.12/site-packages/airflow/example_dags/example_display_name.py
[2024-12-02T10:38:11.660+0000] {processor.py:925} INFO - DAG(s) 'example_display_name' retrieved from /home/airflow/.local/lib/python3.12/site-packages/airflow/example_dags/example_display_name.py
[2024-12-02T10:38:11.786+0000] {logging_mixin.py:190} INFO - [2024-12-02T10:38:11.786+0000] {dag.py:3239} INFO - Sync 1 DAGs
[2024-12-02T10:38:11.854+0000] {logging_mixin.py:190} INFO - [2024-12-02T10:38:11.854+0000] {dag.py:4180} INFO - Setting next_dagrun for example_display_name to None, run_after=None
[2024-12-02T10:38:11.928+0000] {processor.py:208} INFO - Processing /home/airflow/.local/lib/python3.12/site-packages/airflow/example_dags/example_display_name.py took 0.476 seconds
[2024-12-02T10:38:47.905+0000] {processor.py:186} INFO - Started process (PID=138) to work on /home/airflow/.local/lib/python3.12/site-packages/airflow/example_dags/example_display_name.py
[2024-12-02T10:38:47.907+0000] {processor.py:914} INFO - Processing file /home/airflow/.local/lib/python3.12/site-packages/airflow/example_dags/example_display_name.py for tasks to queue
[2024-12-02T10:38:47.911+0000] {logging_mixin.py:190} INFO - [2024-12-02T10:38:47.911+0000] {dagbag.py:588} INFO - Filling up the DagBag from /home/airflow/.local/lib/python3.12/site-packages/airflow/example_dags/example_display_name.py
[2024-12-02T10:38:47.921+0000] {processor.py:925} INFO - DAG(s) 'example_display_name' retrieved from /home/airflow/.local/lib/python3.12/site-packages/airflow/example_dags/example_display_name.py
[2024-12-02T10:38:47.963+0000] {logging_mixin.py:190} INFO - [2024-12-02T10:38:47.962+0000] {dag.py:3239} INFO - Sync 1 DAGs
[2024-12-02T10:38:47.982+0000] {logging_mixin.py:190} INFO - [2024-12-02T10:38:47.981+0000] {dag.py:4180} INFO - Setting next_dagrun for example_display_name to None, run_after=None
[2024-12-02T10:38:48.009+0000] {processor.py:208} INFO - Processing /home/airflow/.local/lib/python3.12/site-packages/airflow/example_dags/example_display_name.py took 0.111 seconds
[2024-12-02T10:39:18.094+0000] {processor.py:186} INFO - Started process (PID=201) to work on /home/airflow/.local/lib/python3.12/site-packages/airflow/example_dags/example_display_name.py
[2024-12-02T10:39:18.095+0000] {processor.py:914} INFO - Processing file /home/airflow/.local/lib/python3.12/site-packages/airflow/example_dags/example_display_name.py for tasks to queue
[2024-12-02T10:39:18.097+0000] {logging_mixin.py:190} INFO - [2024-12-02T10:39:18.097+0000] {dagbag.py:588} INFO - Filling up the DagBag from /home/airflow/.local/lib/python3.12/site-packages/airflow/example_dags/example_display_name.py
[2024-12-02T10:39:18.105+0000] {processor.py:925} INFO - DAG(s) 'example_display_name' retrieved from /home/airflow/.local/lib/python3.12/site-packages/airflow/example_dags/example_display_name.py
[2024-12-02T10:39:18.118+0000] {logging_mixin.py:190} INFO - [2024-12-02T10:39:18.118+0000] {dag.py:3239} INFO - Sync 1 DAGs
[2024-12-02T10:39:18.129+0000] {logging_mixin.py:190} INFO - [2024-12-02T10:39:18.129+0000] {dag.py:4180} INFO - Setting next_dagrun for example_display_name to None, run_after=None
[2024-12-02T10:39:18.145+0000] {processor.py:208} INFO - Processing /home/airflow/.local/lib/python3.12/site-packages/airflow/example_dags/example_display_name.py took 0.055 seconds
[2024-12-02T10:39:50.009+0000] {processor.py:186} INFO - Started process (PID=256) to work on /home/airflow/.local/lib/python3.12/site-packages/airflow/example_dags/example_display_name.py
[2024-12-02T10:39:50.060+0000] {processor.py:914} INFO - Processing file /home/airflow/.local/lib/python3.12/site-packages/airflow/example_dags/example_display_name.py for tasks to queue
[2024-12-02T10:39:50.062+0000] {logging_mixin.py:190} INFO - [2024-12-02T10:39:50.062+0000] {dagbag.py:588} INFO - Filling up the DagBag from /home/airflow/.local/lib/python3.12/site-packages/airflow/example_dags/example_display_name.py
[2024-12-02T10:39:50.109+0000] {processor.py:925} INFO - DAG(s) 'example_display_name' retrieved from /home/airflow/.local/lib/python3.12/site-packages/airflow/example_dags/example_display_name.py
[2024-12-02T10:39:50.171+0000] {logging_mixin.py:190} INFO - [2024-12-02T10:39:50.170+0000] {dag.py:3239} INFO - Sync 1 DAGs
[2024-12-02T10:39:50.208+0000] {logging_mixin.py:190} INFO - [2024-12-02T10:39:50.208+0000] {dag.py:4180} INFO - Setting next_dagrun for example_display_name to None, run_after=None
[2024-12-02T10:39:50.260+0000] {processor.py:208} INFO - Processing /home/airflow/.local/lib/python3.12/site-packages/airflow/example_dags/example_display_name.py took 0.256 seconds
[2024-12-02T10:40:20.877+0000] {processor.py:186} INFO - Started process (PID=320) to work on /home/airflow/.local/lib/python3.12/site-packages/airflow/example_dags/example_display_name.py
[2024-12-02T10:40:20.882+0000] {processor.py:914} INFO - Processing file /home/airflow/.local/lib/python3.12/site-packages/airflow/example_dags/example_display_name.py for tasks to queue
[2024-12-02T10:40:20.885+0000] {logging_mixin.py:190} INFO - [2024-12-02T10:40:20.884+0000] {dagbag.py:588} INFO - Filling up the DagBag from /home/airflow/.local/lib/python3.12/site-packages/airflow/example_dags/example_display_name.py
[2024-12-02T10:40:20.962+0000] {processor.py:925} INFO - DAG(s) 'example_display_name' retrieved from /home/airflow/.local/lib/python3.12/site-packages/airflow/example_dags/example_display_name.py
[2024-12-02T10:40:21.081+0000] {logging_mixin.py:190} INFO - [2024-12-02T10:40:21.080+0000] {dag.py:3239} INFO - Sync 1 DAGs
[2024-12-02T10:40:21.151+0000] {logging_mixin.py:190} INFO - [2024-12-02T10:40:21.151+0000] {dag.py:4180} INFO - Setting next_dagrun for example_display_name to None, run_after=None
[2024-12-02T10:40:21.281+0000] {processor.py:208} INFO - Processing /home/airflow/.local/lib/python3.12/site-packages/airflow/example_dags/example_display_name.py took 0.441 seconds
[2024-12-02T10:40:51.449+0000] {processor.py:186} INFO - Started process (PID=383) to work on /home/airflow/.local/lib/python3.12/site-packages/airflow/example_dags/example_display_name.py
[2024-12-02T10:40:51.451+0000] {processor.py:914} INFO - Processing file /home/airflow/.local/lib/python3.12/site-packages/airflow/example_dags/example_display_name.py for tasks to queue
[2024-12-02T10:40:51.458+0000] {logging_mixin.py:190} INFO - [2024-12-02T10:40:51.457+0000] {dagbag.py:588} INFO - Filling up the DagBag from /home/airflow/.local/lib/python3.12/site-packages/airflow/example_dags/example_display_name.py
[2024-12-02T10:40:51.467+0000] {processor.py:925} INFO - DAG(s) 'example_display_name' retrieved from /home/airflow/.local/lib/python3.12/site-packages/airflow/example_dags/example_display_name.py
[2024-12-02T10:40:51.485+0000] {logging_mixin.py:190} INFO - [2024-12-02T10:40:51.485+0000] {dag.py:3239} INFO - Sync 1 DAGs
[2024-12-02T10:40:51.496+0000] {logging_mixin.py:190} INFO - [2024-12-02T10:40:51.496+0000] {dag.py:4180} INFO - Setting next_dagrun for example_display_name to None, run_after=None
[2024-12-02T10:40:51.511+0000] {processor.py:208} INFO - Processing /home/airflow/.local/lib/python3.12/site-packages/airflow/example_dags/example_display_name.py took 0.074 seconds
[2024-12-02T10:42:03.477+0000] {processor.py:186} INFO - Started process (PID=68) to work on /home/airflow/.local/lib/python3.12/site-packages/airflow/example_dags/example_display_name.py
[2024-12-02T10:42:03.485+0000] {processor.py:914} INFO - Processing file /home/airflow/.local/lib/python3.12/site-packages/airflow/example_dags/example_display_name.py for tasks to queue
[2024-12-02T10:42:03.487+0000] {logging_mixin.py:190} INFO - [2024-12-02T10:42:03.487+0000] {dagbag.py:588} INFO - Filling up the DagBag from /home/airflow/.local/lib/python3.12/site-packages/airflow/example_dags/example_display_name.py
[2024-12-02T10:42:03.511+0000] {processor.py:925} INFO - DAG(s) 'example_display_name' retrieved from /home/airflow/.local/lib/python3.12/site-packages/airflow/example_dags/example_display_name.py
[2024-12-02T10:42:03.588+0000] {logging_mixin.py:190} INFO - [2024-12-02T10:42:03.587+0000] {dag.py:3239} INFO - Sync 1 DAGs
[2024-12-02T10:42:03.605+0000] {logging_mixin.py:190} INFO - [2024-12-02T10:42:03.605+0000] {dag.py:4180} INFO - Setting next_dagrun for example_display_name to None, run_after=None
[2024-12-02T10:42:03.636+0000] {processor.py:208} INFO - Processing /home/airflow/.local/lib/python3.12/site-packages/airflow/example_dags/example_display_name.py took 0.185 seconds
[2024-12-02T10:42:33.939+0000] {processor.py:186} INFO - Started process (PID=130) to work on /home/airflow/.local/lib/python3.12/site-packages/airflow/example_dags/example_display_name.py
[2024-12-02T10:42:33.941+0000] {processor.py:914} INFO - Processing file /home/airflow/.local/lib/python3.12/site-packages/airflow/example_dags/example_display_name.py for tasks to queue
[2024-12-02T10:42:33.943+0000] {logging_mixin.py:190} INFO - [2024-12-02T10:42:33.942+0000] {dagbag.py:588} INFO - Filling up the DagBag from /home/airflow/.local/lib/python3.12/site-packages/airflow/example_dags/example_display_name.py
[2024-12-02T10:42:33.951+0000] {processor.py:925} INFO - DAG(s) 'example_display_name' retrieved from /home/airflow/.local/lib/python3.12/site-packages/airflow/example_dags/example_display_name.py
[2024-12-02T10:42:33.969+0000] {logging_mixin.py:190} INFO - [2024-12-02T10:42:33.969+0000] {dag.py:3239} INFO - Sync 1 DAGs
[2024-12-02T10:42:33.983+0000] {logging_mixin.py:190} INFO - [2024-12-02T10:42:33.983+0000] {dag.py:4180} INFO - Setting next_dagrun for example_display_name to None, run_after=None
[2024-12-02T10:42:34.009+0000] {processor.py:208} INFO - Processing /home/airflow/.local/lib/python3.12/site-packages/airflow/example_dags/example_display_name.py took 0.079 seconds
[2024-12-02T10:43:04.766+0000] {processor.py:186} INFO - Started process (PID=188) to work on /home/airflow/.local/lib/python3.12/site-packages/airflow/example_dags/example_display_name.py
[2024-12-02T10:43:04.767+0000] {processor.py:914} INFO - Processing file /home/airflow/.local/lib/python3.12/site-packages/airflow/example_dags/example_display_name.py for tasks to queue
[2024-12-02T10:43:04.768+0000] {logging_mixin.py:190} INFO - [2024-12-02T10:43:04.768+0000] {dagbag.py:588} INFO - Filling up the DagBag from /home/airflow/.local/lib/python3.12/site-packages/airflow/example_dags/example_display_name.py
[2024-12-02T10:43:04.775+0000] {processor.py:925} INFO - DAG(s) 'example_display_name' retrieved from /home/airflow/.local/lib/python3.12/site-packages/airflow/example_dags/example_display_name.py
[2024-12-02T10:43:04.789+0000] {logging_mixin.py:190} INFO - [2024-12-02T10:43:04.788+0000] {dag.py:3239} INFO - Sync 1 DAGs
[2024-12-02T10:43:04.801+0000] {logging_mixin.py:190} INFO - [2024-12-02T10:43:04.800+0000] {dag.py:4180} INFO - Setting next_dagrun for example_display_name to None, run_after=None
[2024-12-02T10:43:04.825+0000] {processor.py:208} INFO - Processing /home/airflow/.local/lib/python3.12/site-packages/airflow/example_dags/example_display_name.py took 0.064 seconds
[2024-12-02T10:43:35.050+0000] {processor.py:186} INFO - Started process (PID=252) to work on /home/airflow/.local/lib/python3.12/site-packages/airflow/example_dags/example_display_name.py
[2024-12-02T10:43:35.052+0000] {processor.py:914} INFO - Processing file /home/airflow/.local/lib/python3.12/site-packages/airflow/example_dags/example_display_name.py for tasks to queue
[2024-12-02T10:43:35.055+0000] {logging_mixin.py:190} INFO - [2024-12-02T10:43:35.055+0000] {dagbag.py:588} INFO - Filling up the DagBag from /home/airflow/.local/lib/python3.12/site-packages/airflow/example_dags/example_display_name.py
[2024-12-02T10:43:35.060+0000] {processor.py:925} INFO - DAG(s) 'example_display_name' retrieved from /home/airflow/.local/lib/python3.12/site-packages/airflow/example_dags/example_display_name.py
[2024-12-02T10:43:35.073+0000] {logging_mixin.py:190} INFO - [2024-12-02T10:43:35.072+0000] {dag.py:3239} INFO - Sync 1 DAGs
[2024-12-02T10:43:35.083+0000] {logging_mixin.py:190} INFO - [2024-12-02T10:43:35.083+0000] {dag.py:4180} INFO - Setting next_dagrun for example_display_name to None, run_after=None
[2024-12-02T10:43:35.114+0000] {processor.py:208} INFO - Processing /home/airflow/.local/lib/python3.12/site-packages/airflow/example_dags/example_display_name.py took 0.069 seconds
[2024-12-02T10:44:05.776+0000] {processor.py:186} INFO - Started process (PID=315) to work on /home/airflow/.local/lib/python3.12/site-packages/airflow/example_dags/example_display_name.py
[2024-12-02T10:44:05.780+0000] {processor.py:914} INFO - Processing file /home/airflow/.local/lib/python3.12/site-packages/airflow/example_dags/example_display_name.py for tasks to queue
[2024-12-02T10:44:05.782+0000] {logging_mixin.py:190} INFO - [2024-12-02T10:44:05.782+0000] {dagbag.py:588} INFO - Filling up the DagBag from /home/airflow/.local/lib/python3.12/site-packages/airflow/example_dags/example_display_name.py
[2024-12-02T10:44:05.801+0000] {processor.py:925} INFO - DAG(s) 'example_display_name' retrieved from /home/airflow/.local/lib/python3.12/site-packages/airflow/example_dags/example_display_name.py
[2024-12-02T10:44:05.822+0000] {logging_mixin.py:190} INFO - [2024-12-02T10:44:05.822+0000] {dag.py:3239} INFO - Sync 1 DAGs
[2024-12-02T10:44:05.842+0000] {logging_mixin.py:190} INFO - [2024-12-02T10:44:05.842+0000] {dag.py:4180} INFO - Setting next_dagrun for example_display_name to None, run_after=None
[2024-12-02T10:44:05.891+0000] {processor.py:208} INFO - Processing /home/airflow/.local/lib/python3.12/site-packages/airflow/example_dags/example_display_name.py took 0.123 seconds
[2024-12-02T10:44:36.002+0000] {processor.py:186} INFO - Started process (PID=379) to work on /home/airflow/.local/lib/python3.12/site-packages/airflow/example_dags/example_display_name.py
[2024-12-02T10:44:36.004+0000] {processor.py:914} INFO - Processing file /home/airflow/.local/lib/python3.12/site-packages/airflow/example_dags/example_display_name.py for tasks to queue
[2024-12-02T10:44:36.006+0000] {logging_mixin.py:190} INFO - [2024-12-02T10:44:36.006+0000] {dagbag.py:588} INFO - Filling up the DagBag from /home/airflow/.local/lib/python3.12/site-packages/airflow/example_dags/example_display_name.py
[2024-12-02T10:44:36.012+0000] {processor.py:925} INFO - DAG(s) 'example_display_name' retrieved from /home/airflow/.local/lib/python3.12/site-packages/airflow/example_dags/example_display_name.py
[2024-12-02T10:44:36.024+0000] {logging_mixin.py:190} INFO - [2024-12-02T10:44:36.024+0000] {dag.py:3239} INFO - Sync 1 DAGs
[2024-12-02T10:44:36.033+0000] {logging_mixin.py:190} INFO - [2024-12-02T10:44:36.033+0000] {dag.py:4180} INFO - Setting next_dagrun for example_display_name to None, run_after=None
[2024-12-02T10:44:36.048+0000] {processor.py:208} INFO - Processing /home/airflow/.local/lib/python3.12/site-packages/airflow/example_dags/example_display_name.py took 0.050 seconds
[2024-12-02T10:45:08.145+0000] {processor.py:186} INFO - Started process (PID=443) to work on /home/airflow/.local/lib/python3.12/site-packages/airflow/example_dags/example_display_name.py
[2024-12-02T10:45:08.152+0000] {processor.py:914} INFO - Processing file /home/airflow/.local/lib/python3.12/site-packages/airflow/example_dags/example_display_name.py for tasks to queue
[2024-12-02T10:45:08.156+0000] {logging_mixin.py:190} INFO - [2024-12-02T10:45:08.155+0000] {dagbag.py:588} INFO - Filling up the DagBag from /home/airflow/.local/lib/python3.12/site-packages/airflow/example_dags/example_display_name.py
[2024-12-02T10:45:08.168+0000] {processor.py:925} INFO - DAG(s) 'example_display_name' retrieved from /home/airflow/.local/lib/python3.12/site-packages/airflow/example_dags/example_display_name.py
[2024-12-02T10:45:08.212+0000] {logging_mixin.py:190} INFO - [2024-12-02T10:45:08.211+0000] {dag.py:3239} INFO - Sync 1 DAGs
[2024-12-02T10:45:08.240+0000] {logging_mixin.py:190} INFO - [2024-12-02T10:45:08.240+0000] {dag.py:4180} INFO - Setting next_dagrun for example_display_name to None, run_after=None
[2024-12-02T10:45:08.292+0000] {processor.py:208} INFO - Processing /home/airflow/.local/lib/python3.12/site-packages/airflow/example_dags/example_display_name.py took 0.164 seconds
[2024-12-02T10:45:38.789+0000] {processor.py:186} INFO - Started process (PID=497) to work on /home/airflow/.local/lib/python3.12/site-packages/airflow/example_dags/example_display_name.py
[2024-12-02T10:45:38.792+0000] {processor.py:914} INFO - Processing file /home/airflow/.local/lib/python3.12/site-packages/airflow/example_dags/example_display_name.py for tasks to queue
[2024-12-02T10:45:38.793+0000] {logging_mixin.py:190} INFO - [2024-12-02T10:45:38.793+0000] {dagbag.py:588} INFO - Filling up the DagBag from /home/airflow/.local/lib/python3.12/site-packages/airflow/example_dags/example_display_name.py
[2024-12-02T10:45:38.810+0000] {processor.py:925} INFO - DAG(s) 'example_display_name' retrieved from /home/airflow/.local/lib/python3.12/site-packages/airflow/example_dags/example_display_name.py
[2024-12-02T10:45:38.829+0000] {logging_mixin.py:190} INFO - [2024-12-02T10:45:38.829+0000] {dag.py:3239} INFO - Sync 1 DAGs
[2024-12-02T10:45:38.840+0000] {logging_mixin.py:190} INFO - [2024-12-02T10:45:38.840+0000] {dag.py:4180} INFO - Setting next_dagrun for example_display_name to None, run_after=None
[2024-12-02T10:45:38.875+0000] {processor.py:208} INFO - Processing /home/airflow/.local/lib/python3.12/site-packages/airflow/example_dags/example_display_name.py took 0.090 seconds
[2024-12-02T10:46:12.938+0000] {processor.py:186} INFO - Started process (PID=561) to work on /home/airflow/.local/lib/python3.12/site-packages/airflow/example_dags/example_display_name.py
[2024-12-02T10:46:12.945+0000] {processor.py:914} INFO - Processing file /home/airflow/.local/lib/python3.12/site-packages/airflow/example_dags/example_display_name.py for tasks to queue
[2024-12-02T10:46:12.948+0000] {logging_mixin.py:190} INFO - [2024-12-02T10:46:12.947+0000] {dagbag.py:588} INFO - Filling up the DagBag from /home/airflow/.local/lib/python3.12/site-packages/airflow/example_dags/example_display_name.py
[2024-12-02T10:46:12.953+0000] {processor.py:925} INFO - DAG(s) 'example_display_name' retrieved from /home/airflow/.local/lib/python3.12/site-packages/airflow/example_dags/example_display_name.py
[2024-12-02T10:46:12.971+0000] {logging_mixin.py:190} INFO - [2024-12-02T10:46:12.971+0000] {dag.py:3239} INFO - Sync 1 DAGs
[2024-12-02T10:46:13.021+0000] {logging_mixin.py:190} INFO - [2024-12-02T10:46:13.020+0000] {dag.py:4180} INFO - Setting next_dagrun for example_display_name to None, run_after=None
[2024-12-02T10:46:13.048+0000] {processor.py:208} INFO - Processing /home/airflow/.local/lib/python3.12/site-packages/airflow/example_dags/example_display_name.py took 0.113 seconds
[2024-12-02T10:46:43.700+0000] {processor.py:186} INFO - Started process (PID=624) to work on /home/airflow/.local/lib/python3.12/site-packages/airflow/example_dags/example_display_name.py
[2024-12-02T10:46:43.715+0000] {processor.py:914} INFO - Processing file /home/airflow/.local/lib/python3.12/site-packages/airflow/example_dags/example_display_name.py for tasks to queue
[2024-12-02T10:46:43.718+0000] {logging_mixin.py:190} INFO - [2024-12-02T10:46:43.718+0000] {dagbag.py:588} INFO - Filling up the DagBag from /home/airflow/.local/lib/python3.12/site-packages/airflow/example_dags/example_display_name.py
[2024-12-02T10:46:43.738+0000] {processor.py:925} INFO - DAG(s) 'example_display_name' retrieved from /home/airflow/.local/lib/python3.12/site-packages/airflow/example_dags/example_display_name.py
[2024-12-02T10:46:43.788+0000] {logging_mixin.py:190} INFO - [2024-12-02T10:46:43.785+0000] {dag.py:3239} INFO - Sync 1 DAGs
[2024-12-02T10:46:43.837+0000] {logging_mixin.py:190} INFO - [2024-12-02T10:46:43.836+0000] {dag.py:4180} INFO - Setting next_dagrun for example_display_name to None, run_after=None
[2024-12-02T10:46:43.883+0000] {processor.py:208} INFO - Processing /home/airflow/.local/lib/python3.12/site-packages/airflow/example_dags/example_display_name.py took 0.206 seconds
[2024-12-02T10:49:31.850+0000] {processor.py:186} INFO - Started process (PID=685) to work on /home/airflow/.local/lib/python3.12/site-packages/airflow/example_dags/example_display_name.py
[2024-12-02T10:49:31.863+0000] {processor.py:914} INFO - Processing file /home/airflow/.local/lib/python3.12/site-packages/airflow/example_dags/example_display_name.py for tasks to queue
[2024-12-02T10:49:31.907+0000] {logging_mixin.py:190} INFO - [2024-12-02T10:49:31.882+0000] {dagbag.py:588} INFO - Filling up the DagBag from /home/airflow/.local/lib/python3.12/site-packages/airflow/example_dags/example_display_name.py
[2024-12-02T10:49:32.048+0000] {processor.py:925} INFO - DAG(s) 'example_display_name' retrieved from /home/airflow/.local/lib/python3.12/site-packages/airflow/example_dags/example_display_name.py
[2024-12-02T10:49:33.442+0000] {logging_mixin.py:190} INFO - [2024-12-02T10:49:33.393+0000] {dag.py:3239} INFO - Sync 1 DAGs
[2024-12-02T10:49:33.573+0000] {logging_mixin.py:190} INFO - [2024-12-02T10:49:33.573+0000] {dag.py:4180} INFO - Setting next_dagrun for example_display_name to None, run_after=None
[2024-12-02T10:49:33.781+0000] {processor.py:208} INFO - Processing /home/airflow/.local/lib/python3.12/site-packages/airflow/example_dags/example_display_name.py took 2.000 seconds
[2024-12-02T10:58:07.190+0000] {processor.py:186} INFO - Started process (PID=68) to work on /home/airflow/.local/lib/python3.12/site-packages/airflow/example_dags/example_display_name.py
[2024-12-02T10:58:07.196+0000] {processor.py:914} INFO - Processing file /home/airflow/.local/lib/python3.12/site-packages/airflow/example_dags/example_display_name.py for tasks to queue
[2024-12-02T10:58:07.238+0000] {logging_mixin.py:190} INFO - [2024-12-02T10:58:07.238+0000] {dagbag.py:588} INFO - Filling up the DagBag from /home/airflow/.local/lib/python3.12/site-packages/airflow/example_dags/example_display_name.py
[2024-12-02T10:58:07.253+0000] {processor.py:925} INFO - DAG(s) 'example_display_name' retrieved from /home/airflow/.local/lib/python3.12/site-packages/airflow/example_dags/example_display_name.py
[2024-12-02T10:58:07.456+0000] {logging_mixin.py:190} INFO - [2024-12-02T10:58:07.456+0000] {dag.py:3239} INFO - Sync 1 DAGs
[2024-12-02T10:58:07.545+0000] {logging_mixin.py:190} INFO - [2024-12-02T10:58:07.545+0000] {dag.py:4180} INFO - Setting next_dagrun for example_display_name to None, run_after=None
[2024-12-02T10:58:07.727+0000] {processor.py:208} INFO - Processing /home/airflow/.local/lib/python3.12/site-packages/airflow/example_dags/example_display_name.py took 0.574 seconds
[2024-12-02T10:58:38.072+0000] {processor.py:186} INFO - Started process (PID=131) to work on /home/airflow/.local/lib/python3.12/site-packages/airflow/example_dags/example_display_name.py
[2024-12-02T10:58:38.074+0000] {processor.py:914} INFO - Processing file /home/airflow/.local/lib/python3.12/site-packages/airflow/example_dags/example_display_name.py for tasks to queue
[2024-12-02T10:58:38.075+0000] {logging_mixin.py:190} INFO - [2024-12-02T10:58:38.075+0000] {dagbag.py:588} INFO - Filling up the DagBag from /home/airflow/.local/lib/python3.12/site-packages/airflow/example_dags/example_display_name.py
[2024-12-02T10:58:38.082+0000] {processor.py:925} INFO - DAG(s) 'example_display_name' retrieved from /home/airflow/.local/lib/python3.12/site-packages/airflow/example_dags/example_display_name.py
[2024-12-02T10:58:38.096+0000] {logging_mixin.py:190} INFO - [2024-12-02T10:58:38.096+0000] {dag.py:3239} INFO - Sync 1 DAGs
[2024-12-02T10:58:38.107+0000] {logging_mixin.py:190} INFO - [2024-12-02T10:58:38.107+0000] {dag.py:4180} INFO - Setting next_dagrun for example_display_name to None, run_after=None
[2024-12-02T10:58:38.134+0000] {processor.py:208} INFO - Processing /home/airflow/.local/lib/python3.12/site-packages/airflow/example_dags/example_display_name.py took 0.065 seconds
[2024-12-02T10:59:08.231+0000] {processor.py:186} INFO - Started process (PID=195) to work on /home/airflow/.local/lib/python3.12/site-packages/airflow/example_dags/example_display_name.py
[2024-12-02T10:59:08.233+0000] {processor.py:914} INFO - Processing file /home/airflow/.local/lib/python3.12/site-packages/airflow/example_dags/example_display_name.py for tasks to queue
[2024-12-02T10:59:08.235+0000] {logging_mixin.py:190} INFO - [2024-12-02T10:59:08.235+0000] {dagbag.py:588} INFO - Filling up the DagBag from /home/airflow/.local/lib/python3.12/site-packages/airflow/example_dags/example_display_name.py
[2024-12-02T10:59:08.242+0000] {processor.py:925} INFO - DAG(s) 'example_display_name' retrieved from /home/airflow/.local/lib/python3.12/site-packages/airflow/example_dags/example_display_name.py
[2024-12-02T10:59:08.255+0000] {logging_mixin.py:190} INFO - [2024-12-02T10:59:08.255+0000] {dag.py:3239} INFO - Sync 1 DAGs
[2024-12-02T10:59:08.266+0000] {logging_mixin.py:190} INFO - [2024-12-02T10:59:08.266+0000] {dag.py:4180} INFO - Setting next_dagrun for example_display_name to None, run_after=None
[2024-12-02T10:59:08.281+0000] {processor.py:208} INFO - Processing /home/airflow/.local/lib/python3.12/site-packages/airflow/example_dags/example_display_name.py took 0.058 seconds
[2024-12-02T10:59:40.523+0000] {processor.py:186} INFO - Started process (PID=259) to work on /home/airflow/.local/lib/python3.12/site-packages/airflow/example_dags/example_display_name.py
[2024-12-02T10:59:40.536+0000] {processor.py:914} INFO - Processing file /home/airflow/.local/lib/python3.12/site-packages/airflow/example_dags/example_display_name.py for tasks to queue
[2024-12-02T10:59:40.562+0000] {logging_mixin.py:190} INFO - [2024-12-02T10:59:40.552+0000] {dagbag.py:588} INFO - Filling up the DagBag from /home/airflow/.local/lib/python3.12/site-packages/airflow/example_dags/example_display_name.py
[2024-12-02T10:59:40.587+0000] {processor.py:925} INFO - DAG(s) 'example_display_name' retrieved from /home/airflow/.local/lib/python3.12/site-packages/airflow/example_dags/example_display_name.py
[2024-12-02T10:59:40.784+0000] {logging_mixin.py:190} INFO - [2024-12-02T10:59:40.784+0000] {dag.py:3239} INFO - Sync 1 DAGs
[2024-12-02T10:59:40.894+0000] {logging_mixin.py:190} INFO - [2024-12-02T10:59:40.894+0000] {dag.py:4180} INFO - Setting next_dagrun for example_display_name to None, run_after=None
[2024-12-02T10:59:41.103+0000] {processor.py:208} INFO - Processing /home/airflow/.local/lib/python3.12/site-packages/airflow/example_dags/example_display_name.py took 0.643 seconds
[2024-12-02T11:00:11.982+0000] {processor.py:186} INFO - Started process (PID=322) to work on /home/airflow/.local/lib/python3.12/site-packages/airflow/example_dags/example_display_name.py
[2024-12-02T11:00:11.988+0000] {processor.py:914} INFO - Processing file /home/airflow/.local/lib/python3.12/site-packages/airflow/example_dags/example_display_name.py for tasks to queue
[2024-12-02T11:00:11.990+0000] {logging_mixin.py:190} INFO - [2024-12-02T11:00:11.990+0000] {dagbag.py:588} INFO - Filling up the DagBag from /home/airflow/.local/lib/python3.12/site-packages/airflow/example_dags/example_display_name.py
[2024-12-02T11:00:12.004+0000] {processor.py:925} INFO - DAG(s) 'example_display_name' retrieved from /home/airflow/.local/lib/python3.12/site-packages/airflow/example_dags/example_display_name.py
[2024-12-02T11:00:12.027+0000] {logging_mixin.py:190} INFO - [2024-12-02T11:00:12.026+0000] {dag.py:3239} INFO - Sync 1 DAGs
[2024-12-02T11:00:12.056+0000] {logging_mixin.py:190} INFO - [2024-12-02T11:00:12.056+0000] {dag.py:4180} INFO - Setting next_dagrun for example_display_name to None, run_after=None
[2024-12-02T11:00:12.089+0000] {processor.py:208} INFO - Processing /home/airflow/.local/lib/python3.12/site-packages/airflow/example_dags/example_display_name.py took 0.115 seconds
[2024-12-02T11:00:42.852+0000] {processor.py:186} INFO - Started process (PID=385) to work on /home/airflow/.local/lib/python3.12/site-packages/airflow/example_dags/example_display_name.py
[2024-12-02T11:00:42.855+0000] {processor.py:914} INFO - Processing file /home/airflow/.local/lib/python3.12/site-packages/airflow/example_dags/example_display_name.py for tasks to queue
[2024-12-02T11:00:42.857+0000] {logging_mixin.py:190} INFO - [2024-12-02T11:00:42.857+0000] {dagbag.py:588} INFO - Filling up the DagBag from /home/airflow/.local/lib/python3.12/site-packages/airflow/example_dags/example_display_name.py
[2024-12-02T11:00:42.862+0000] {processor.py:925} INFO - DAG(s) 'example_display_name' retrieved from /home/airflow/.local/lib/python3.12/site-packages/airflow/example_dags/example_display_name.py
[2024-12-02T11:00:42.874+0000] {logging_mixin.py:190} INFO - [2024-12-02T11:00:42.874+0000] {dag.py:3239} INFO - Sync 1 DAGs
[2024-12-02T11:00:42.884+0000] {logging_mixin.py:190} INFO - [2024-12-02T11:00:42.884+0000] {dag.py:4180} INFO - Setting next_dagrun for example_display_name to None, run_after=None
[2024-12-02T11:00:42.897+0000] {processor.py:208} INFO - Processing /home/airflow/.local/lib/python3.12/site-packages/airflow/example_dags/example_display_name.py took 0.050 seconds
[2024-12-02T11:01:13.504+0000] {processor.py:186} INFO - Started process (PID=443) to work on /home/airflow/.local/lib/python3.12/site-packages/airflow/example_dags/example_display_name.py
[2024-12-02T11:01:13.505+0000] {processor.py:914} INFO - Processing file /home/airflow/.local/lib/python3.12/site-packages/airflow/example_dags/example_display_name.py for tasks to queue
[2024-12-02T11:01:13.507+0000] {logging_mixin.py:190} INFO - [2024-12-02T11:01:13.507+0000] {dagbag.py:588} INFO - Filling up the DagBag from /home/airflow/.local/lib/python3.12/site-packages/airflow/example_dags/example_display_name.py
[2024-12-02T11:01:13.514+0000] {processor.py:925} INFO - DAG(s) 'example_display_name' retrieved from /home/airflow/.local/lib/python3.12/site-packages/airflow/example_dags/example_display_name.py
[2024-12-02T11:01:13.534+0000] {logging_mixin.py:190} INFO - [2024-12-02T11:01:13.534+0000] {dag.py:3239} INFO - Sync 1 DAGs
[2024-12-02T11:01:13.564+0000] {logging_mixin.py:190} INFO - [2024-12-02T11:01:13.564+0000] {dag.py:4180} INFO - Setting next_dagrun for example_display_name to None, run_after=None
[2024-12-02T11:01:13.605+0000] {processor.py:208} INFO - Processing /home/airflow/.local/lib/python3.12/site-packages/airflow/example_dags/example_display_name.py took 0.106 seconds
[2024-12-02T11:01:43.858+0000] {processor.py:186} INFO - Started process (PID=507) to work on /home/airflow/.local/lib/python3.12/site-packages/airflow/example_dags/example_display_name.py
[2024-12-02T11:01:43.859+0000] {processor.py:914} INFO - Processing file /home/airflow/.local/lib/python3.12/site-packages/airflow/example_dags/example_display_name.py for tasks to queue
[2024-12-02T11:01:43.861+0000] {logging_mixin.py:190} INFO - [2024-12-02T11:01:43.860+0000] {dagbag.py:588} INFO - Filling up the DagBag from /home/airflow/.local/lib/python3.12/site-packages/airflow/example_dags/example_display_name.py
[2024-12-02T11:01:43.866+0000] {processor.py:925} INFO - DAG(s) 'example_display_name' retrieved from /home/airflow/.local/lib/python3.12/site-packages/airflow/example_dags/example_display_name.py
[2024-12-02T11:01:43.877+0000] {logging_mixin.py:190} INFO - [2024-12-02T11:01:43.877+0000] {dag.py:3239} INFO - Sync 1 DAGs
[2024-12-02T11:01:43.887+0000] {logging_mixin.py:190} INFO - [2024-12-02T11:01:43.886+0000] {dag.py:4180} INFO - Setting next_dagrun for example_display_name to None, run_after=None
[2024-12-02T11:01:43.903+0000] {processor.py:208} INFO - Processing /home/airflow/.local/lib/python3.12/site-packages/airflow/example_dags/example_display_name.py took 0.050 seconds
[2024-12-02T11:02:14.766+0000] {processor.py:186} INFO - Started process (PID=571) to work on /home/airflow/.local/lib/python3.12/site-packages/airflow/example_dags/example_display_name.py
[2024-12-02T11:02:14.767+0000] {processor.py:914} INFO - Processing file /home/airflow/.local/lib/python3.12/site-packages/airflow/example_dags/example_display_name.py for tasks to queue
[2024-12-02T11:02:14.769+0000] {logging_mixin.py:190} INFO - [2024-12-02T11:02:14.768+0000] {dagbag.py:588} INFO - Filling up the DagBag from /home/airflow/.local/lib/python3.12/site-packages/airflow/example_dags/example_display_name.py
[2024-12-02T11:02:14.774+0000] {processor.py:925} INFO - DAG(s) 'example_display_name' retrieved from /home/airflow/.local/lib/python3.12/site-packages/airflow/example_dags/example_display_name.py
[2024-12-02T11:02:14.785+0000] {logging_mixin.py:190} INFO - [2024-12-02T11:02:14.785+0000] {dag.py:3239} INFO - Sync 1 DAGs
[2024-12-02T11:02:14.796+0000] {logging_mixin.py:190} INFO - [2024-12-02T11:02:14.795+0000] {dag.py:4180} INFO - Setting next_dagrun for example_display_name to None, run_after=None
[2024-12-02T11:02:14.810+0000] {processor.py:208} INFO - Processing /home/airflow/.local/lib/python3.12/site-packages/airflow/example_dags/example_display_name.py took 0.048 seconds
[2024-12-02T11:02:46.625+0000] {processor.py:186} INFO - Started process (PID=630) to work on /home/airflow/.local/lib/python3.12/site-packages/airflow/example_dags/example_display_name.py
[2024-12-02T11:02:46.646+0000] {processor.py:914} INFO - Processing file /home/airflow/.local/lib/python3.12/site-packages/airflow/example_dags/example_display_name.py for tasks to queue
[2024-12-02T11:02:46.649+0000] {logging_mixin.py:190} INFO - [2024-12-02T11:02:46.648+0000] {dagbag.py:588} INFO - Filling up the DagBag from /home/airflow/.local/lib/python3.12/site-packages/airflow/example_dags/example_display_name.py
[2024-12-02T11:02:46.696+0000] {processor.py:925} INFO - DAG(s) 'example_display_name' retrieved from /home/airflow/.local/lib/python3.12/site-packages/airflow/example_dags/example_display_name.py
[2024-12-02T11:02:46.765+0000] {logging_mixin.py:190} INFO - [2024-12-02T11:02:46.765+0000] {dag.py:3239} INFO - Sync 1 DAGs
[2024-12-02T11:02:46.827+0000] {logging_mixin.py:190} INFO - [2024-12-02T11:02:46.827+0000] {dag.py:4180} INFO - Setting next_dagrun for example_display_name to None, run_after=None
[2024-12-02T11:02:46.913+0000] {processor.py:208} INFO - Processing /home/airflow/.local/lib/python3.12/site-packages/airflow/example_dags/example_display_name.py took 0.295 seconds
[2024-12-02T11:03:20.331+0000] {processor.py:186} INFO - Started process (PID=693) to work on /home/airflow/.local/lib/python3.12/site-packages/airflow/example_dags/example_display_name.py
[2024-12-02T11:03:20.353+0000] {processor.py:914} INFO - Processing file /home/airflow/.local/lib/python3.12/site-packages/airflow/example_dags/example_display_name.py for tasks to queue
[2024-12-02T11:03:20.357+0000] {logging_mixin.py:190} INFO - [2024-12-02T11:03:20.357+0000] {dagbag.py:588} INFO - Filling up the DagBag from /home/airflow/.local/lib/python3.12/site-packages/airflow/example_dags/example_display_name.py
[2024-12-02T11:03:20.363+0000] {processor.py:925} INFO - DAG(s) 'example_display_name' retrieved from /home/airflow/.local/lib/python3.12/site-packages/airflow/example_dags/example_display_name.py
[2024-12-02T11:03:20.444+0000] {logging_mixin.py:190} INFO - [2024-12-02T11:03:20.444+0000] {dag.py:3239} INFO - Sync 1 DAGs
[2024-12-02T11:03:20.475+0000] {logging_mixin.py:190} INFO - [2024-12-02T11:03:20.475+0000] {dag.py:4180} INFO - Setting next_dagrun for example_display_name to None, run_after=None
[2024-12-02T11:03:20.533+0000] {processor.py:208} INFO - Processing /home/airflow/.local/lib/python3.12/site-packages/airflow/example_dags/example_display_name.py took 0.207 seconds
[2024-12-02T11:03:51.508+0000] {processor.py:186} INFO - Started process (PID=745) to work on /home/airflow/.local/lib/python3.12/site-packages/airflow/example_dags/example_display_name.py
[2024-12-02T11:03:51.511+0000] {processor.py:914} INFO - Processing file /home/airflow/.local/lib/python3.12/site-packages/airflow/example_dags/example_display_name.py for tasks to queue
[2024-12-02T11:03:51.512+0000] {logging_mixin.py:190} INFO - [2024-12-02T11:03:51.512+0000] {dagbag.py:588} INFO - Filling up the DagBag from /home/airflow/.local/lib/python3.12/site-packages/airflow/example_dags/example_display_name.py
[2024-12-02T11:03:51.520+0000] {processor.py:925} INFO - DAG(s) 'example_display_name' retrieved from /home/airflow/.local/lib/python3.12/site-packages/airflow/example_dags/example_display_name.py
[2024-12-02T11:03:51.550+0000] {logging_mixin.py:190} INFO - [2024-12-02T11:03:51.550+0000] {dag.py:3239} INFO - Sync 1 DAGs
[2024-12-02T11:03:51.578+0000] {logging_mixin.py:190} INFO - [2024-12-02T11:03:51.577+0000] {dag.py:4180} INFO - Setting next_dagrun for example_display_name to None, run_after=None
[2024-12-02T11:03:51.609+0000] {processor.py:208} INFO - Processing /home/airflow/.local/lib/python3.12/site-packages/airflow/example_dags/example_display_name.py took 0.118 seconds
[2024-12-02T11:04:21.858+0000] {processor.py:186} INFO - Started process (PID=810) to work on /home/airflow/.local/lib/python3.12/site-packages/airflow/example_dags/example_display_name.py
[2024-12-02T11:04:21.858+0000] {processor.py:914} INFO - Processing file /home/airflow/.local/lib/python3.12/site-packages/airflow/example_dags/example_display_name.py for tasks to queue
[2024-12-02T11:04:21.860+0000] {logging_mixin.py:190} INFO - [2024-12-02T11:04:21.860+0000] {dagbag.py:588} INFO - Filling up the DagBag from /home/airflow/.local/lib/python3.12/site-packages/airflow/example_dags/example_display_name.py
[2024-12-02T11:04:21.865+0000] {processor.py:925} INFO - DAG(s) 'example_display_name' retrieved from /home/airflow/.local/lib/python3.12/site-packages/airflow/example_dags/example_display_name.py
[2024-12-02T11:04:21.878+0000] {logging_mixin.py:190} INFO - [2024-12-02T11:04:21.878+0000] {dag.py:3239} INFO - Sync 1 DAGs
[2024-12-02T11:04:21.888+0000] {logging_mixin.py:190} INFO - [2024-12-02T11:04:21.887+0000] {dag.py:4180} INFO - Setting next_dagrun for example_display_name to None, run_after=None
[2024-12-02T11:04:21.902+0000] {processor.py:208} INFO - Processing /home/airflow/.local/lib/python3.12/site-packages/airflow/example_dags/example_display_name.py took 0.048 seconds
[2024-12-02T11:04:52.163+0000] {processor.py:186} INFO - Started process (PID=874) to work on /home/airflow/.local/lib/python3.12/site-packages/airflow/example_dags/example_display_name.py
[2024-12-02T11:04:52.166+0000] {processor.py:914} INFO - Processing file /home/airflow/.local/lib/python3.12/site-packages/airflow/example_dags/example_display_name.py for tasks to queue
[2024-12-02T11:04:52.168+0000] {logging_mixin.py:190} INFO - [2024-12-02T11:04:52.168+0000] {dagbag.py:588} INFO - Filling up the DagBag from /home/airflow/.local/lib/python3.12/site-packages/airflow/example_dags/example_display_name.py
[2024-12-02T11:04:52.174+0000] {processor.py:925} INFO - DAG(s) 'example_display_name' retrieved from /home/airflow/.local/lib/python3.12/site-packages/airflow/example_dags/example_display_name.py
[2024-12-02T11:04:52.193+0000] {logging_mixin.py:190} INFO - [2024-12-02T11:04:52.193+0000] {dag.py:3239} INFO - Sync 1 DAGs
[2024-12-02T11:04:52.203+0000] {logging_mixin.py:190} INFO - [2024-12-02T11:04:52.203+0000] {dag.py:4180} INFO - Setting next_dagrun for example_display_name to None, run_after=None
[2024-12-02T11:04:52.217+0000] {processor.py:208} INFO - Processing /home/airflow/.local/lib/python3.12/site-packages/airflow/example_dags/example_display_name.py took 0.058 seconds
[2024-12-02T11:05:22.812+0000] {processor.py:186} INFO - Started process (PID=938) to work on /home/airflow/.local/lib/python3.12/site-packages/airflow/example_dags/example_display_name.py
[2024-12-02T11:05:22.812+0000] {processor.py:914} INFO - Processing file /home/airflow/.local/lib/python3.12/site-packages/airflow/example_dags/example_display_name.py for tasks to queue
[2024-12-02T11:05:22.814+0000] {logging_mixin.py:190} INFO - [2024-12-02T11:05:22.814+0000] {dagbag.py:588} INFO - Filling up the DagBag from /home/airflow/.local/lib/python3.12/site-packages/airflow/example_dags/example_display_name.py
[2024-12-02T11:05:22.821+0000] {processor.py:925} INFO - DAG(s) 'example_display_name' retrieved from /home/airflow/.local/lib/python3.12/site-packages/airflow/example_dags/example_display_name.py
[2024-12-02T11:05:22.836+0000] {logging_mixin.py:190} INFO - [2024-12-02T11:05:22.836+0000] {dag.py:3239} INFO - Sync 1 DAGs
[2024-12-02T11:05:22.849+0000] {logging_mixin.py:190} INFO - [2024-12-02T11:05:22.849+0000] {dag.py:4180} INFO - Setting next_dagrun for example_display_name to None, run_after=None
[2024-12-02T11:05:22.867+0000] {processor.py:208} INFO - Processing /home/airflow/.local/lib/python3.12/site-packages/airflow/example_dags/example_display_name.py took 0.060 seconds
[2024-12-02T11:05:54.056+0000] {processor.py:186} INFO - Started process (PID=1002) to work on /home/airflow/.local/lib/python3.12/site-packages/airflow/example_dags/example_display_name.py
[2024-12-02T11:05:54.063+0000] {processor.py:914} INFO - Processing file /home/airflow/.local/lib/python3.12/site-packages/airflow/example_dags/example_display_name.py for tasks to queue
[2024-12-02T11:05:54.079+0000] {logging_mixin.py:190} INFO - [2024-12-02T11:05:54.079+0000] {dagbag.py:588} INFO - Filling up the DagBag from /home/airflow/.local/lib/python3.12/site-packages/airflow/example_dags/example_display_name.py
[2024-12-02T11:05:54.086+0000] {processor.py:925} INFO - DAG(s) 'example_display_name' retrieved from /home/airflow/.local/lib/python3.12/site-packages/airflow/example_dags/example_display_name.py
[2024-12-02T11:05:54.130+0000] {logging_mixin.py:190} INFO - [2024-12-02T11:05:54.129+0000] {dag.py:3239} INFO - Sync 1 DAGs
[2024-12-02T11:05:54.163+0000] {logging_mixin.py:190} INFO - [2024-12-02T11:05:54.159+0000] {dag.py:4180} INFO - Setting next_dagrun for example_display_name to None, run_after=None
[2024-12-02T11:05:54.212+0000] {processor.py:208} INFO - Processing /home/airflow/.local/lib/python3.12/site-packages/airflow/example_dags/example_display_name.py took 0.160 seconds
[2024-12-02T11:06:25.211+0000] {processor.py:186} INFO - Started process (PID=1067) to work on /home/airflow/.local/lib/python3.12/site-packages/airflow/example_dags/example_display_name.py
[2024-12-02T11:06:25.212+0000] {processor.py:914} INFO - Processing file /home/airflow/.local/lib/python3.12/site-packages/airflow/example_dags/example_display_name.py for tasks to queue
[2024-12-02T11:06:25.213+0000] {logging_mixin.py:190} INFO - [2024-12-02T11:06:25.213+0000] {dagbag.py:588} INFO - Filling up the DagBag from /home/airflow/.local/lib/python3.12/site-packages/airflow/example_dags/example_display_name.py
[2024-12-02T11:06:25.219+0000] {processor.py:925} INFO - DAG(s) 'example_display_name' retrieved from /home/airflow/.local/lib/python3.12/site-packages/airflow/example_dags/example_display_name.py
[2024-12-02T11:06:25.231+0000] {logging_mixin.py:190} INFO - [2024-12-02T11:06:25.231+0000] {dag.py:3239} INFO - Sync 1 DAGs
[2024-12-02T11:06:25.241+0000] {logging_mixin.py:190} INFO - [2024-12-02T11:06:25.241+0000] {dag.py:4180} INFO - Setting next_dagrun for example_display_name to None, run_after=None
[2024-12-02T11:06:25.257+0000] {processor.py:208} INFO - Processing /home/airflow/.local/lib/python3.12/site-packages/airflow/example_dags/example_display_name.py took 0.050 seconds
[2024-12-02T11:06:55.508+0000] {processor.py:186} INFO - Started process (PID=1130) to work on /home/airflow/.local/lib/python3.12/site-packages/airflow/example_dags/example_display_name.py
[2024-12-02T11:06:55.511+0000] {processor.py:914} INFO - Processing file /home/airflow/.local/lib/python3.12/site-packages/airflow/example_dags/example_display_name.py for tasks to queue
[2024-12-02T11:06:55.514+0000] {logging_mixin.py:190} INFO - [2024-12-02T11:06:55.513+0000] {dagbag.py:588} INFO - Filling up the DagBag from /home/airflow/.local/lib/python3.12/site-packages/airflow/example_dags/example_display_name.py
[2024-12-02T11:06:55.521+0000] {processor.py:925} INFO - DAG(s) 'example_display_name' retrieved from /home/airflow/.local/lib/python3.12/site-packages/airflow/example_dags/example_display_name.py
[2024-12-02T11:06:55.535+0000] {logging_mixin.py:190} INFO - [2024-12-02T11:06:55.535+0000] {dag.py:3239} INFO - Sync 1 DAGs
[2024-12-02T11:06:55.545+0000] {logging_mixin.py:190} INFO - [2024-12-02T11:06:55.545+0000] {dag.py:4180} INFO - Setting next_dagrun for example_display_name to None, run_after=None
[2024-12-02T11:06:55.559+0000] {processor.py:208} INFO - Processing /home/airflow/.local/lib/python3.12/site-packages/airflow/example_dags/example_display_name.py took 0.055 seconds
[2024-12-02T11:07:26.362+0000] {processor.py:186} INFO - Started process (PID=1194) to work on /home/airflow/.local/lib/python3.12/site-packages/airflow/example_dags/example_display_name.py
[2024-12-02T11:07:26.365+0000] {processor.py:914} INFO - Processing file /home/airflow/.local/lib/python3.12/site-packages/airflow/example_dags/example_display_name.py for tasks to queue
[2024-12-02T11:07:26.367+0000] {logging_mixin.py:190} INFO - [2024-12-02T11:07:26.367+0000] {dagbag.py:588} INFO - Filling up the DagBag from /home/airflow/.local/lib/python3.12/site-packages/airflow/example_dags/example_display_name.py
[2024-12-02T11:07:26.373+0000] {processor.py:925} INFO - DAG(s) 'example_display_name' retrieved from /home/airflow/.local/lib/python3.12/site-packages/airflow/example_dags/example_display_name.py
[2024-12-02T11:07:26.385+0000] {logging_mixin.py:190} INFO - [2024-12-02T11:07:26.385+0000] {dag.py:3239} INFO - Sync 1 DAGs
[2024-12-02T11:07:26.396+0000] {logging_mixin.py:190} INFO - [2024-12-02T11:07:26.395+0000] {dag.py:4180} INFO - Setting next_dagrun for example_display_name to None, run_after=None
[2024-12-02T11:07:26.410+0000] {processor.py:208} INFO - Processing /home/airflow/.local/lib/python3.12/site-packages/airflow/example_dags/example_display_name.py took 0.052 seconds
[2024-12-02T11:07:56.594+0000] {processor.py:186} INFO - Started process (PID=1257) to work on /home/airflow/.local/lib/python3.12/site-packages/airflow/example_dags/example_display_name.py
[2024-12-02T11:07:56.596+0000] {processor.py:914} INFO - Processing file /home/airflow/.local/lib/python3.12/site-packages/airflow/example_dags/example_display_name.py for tasks to queue
[2024-12-02T11:07:56.598+0000] {logging_mixin.py:190} INFO - [2024-12-02T11:07:56.598+0000] {dagbag.py:588} INFO - Filling up the DagBag from /home/airflow/.local/lib/python3.12/site-packages/airflow/example_dags/example_display_name.py
[2024-12-02T11:07:56.606+0000] {processor.py:925} INFO - DAG(s) 'example_display_name' retrieved from /home/airflow/.local/lib/python3.12/site-packages/airflow/example_dags/example_display_name.py
[2024-12-02T11:07:56.642+0000] {logging_mixin.py:190} INFO - [2024-12-02T11:07:56.642+0000] {dag.py:3239} INFO - Sync 1 DAGs
[2024-12-02T11:07:56.661+0000] {logging_mixin.py:190} INFO - [2024-12-02T11:07:56.661+0000] {dag.py:4180} INFO - Setting next_dagrun for example_display_name to None, run_after=None
[2024-12-02T11:07:56.686+0000] {processor.py:208} INFO - Processing /home/airflow/.local/lib/python3.12/site-packages/airflow/example_dags/example_display_name.py took 0.101 seconds
[2024-12-02T11:08:26.989+0000] {processor.py:186} INFO - Started process (PID=1321) to work on /home/airflow/.local/lib/python3.12/site-packages/airflow/example_dags/example_display_name.py
[2024-12-02T11:08:26.991+0000] {processor.py:914} INFO - Processing file /home/airflow/.local/lib/python3.12/site-packages/airflow/example_dags/example_display_name.py for tasks to queue
[2024-12-02T11:08:26.993+0000] {logging_mixin.py:190} INFO - [2024-12-02T11:08:26.993+0000] {dagbag.py:588} INFO - Filling up the DagBag from /home/airflow/.local/lib/python3.12/site-packages/airflow/example_dags/example_display_name.py
[2024-12-02T11:08:27.000+0000] {processor.py:925} INFO - DAG(s) 'example_display_name' retrieved from /home/airflow/.local/lib/python3.12/site-packages/airflow/example_dags/example_display_name.py
[2024-12-02T11:08:27.016+0000] {logging_mixin.py:190} INFO - [2024-12-02T11:08:27.016+0000] {dag.py:3239} INFO - Sync 1 DAGs
[2024-12-02T11:08:27.026+0000] {logging_mixin.py:190} INFO - [2024-12-02T11:08:27.026+0000] {dag.py:4180} INFO - Setting next_dagrun for example_display_name to None, run_after=None
[2024-12-02T11:08:27.042+0000] {processor.py:208} INFO - Processing /home/airflow/.local/lib/python3.12/site-packages/airflow/example_dags/example_display_name.py took 0.058 seconds
[2024-12-02T11:08:57.421+0000] {processor.py:186} INFO - Started process (PID=1385) to work on /home/airflow/.local/lib/python3.12/site-packages/airflow/example_dags/example_display_name.py
[2024-12-02T11:08:57.421+0000] {processor.py:914} INFO - Processing file /home/airflow/.local/lib/python3.12/site-packages/airflow/example_dags/example_display_name.py for tasks to queue
[2024-12-02T11:08:57.423+0000] {logging_mixin.py:190} INFO - [2024-12-02T11:08:57.423+0000] {dagbag.py:588} INFO - Filling up the DagBag from /home/airflow/.local/lib/python3.12/site-packages/airflow/example_dags/example_display_name.py
[2024-12-02T11:08:57.451+0000] {processor.py:925} INFO - DAG(s) 'example_display_name' retrieved from /home/airflow/.local/lib/python3.12/site-packages/airflow/example_dags/example_display_name.py
[2024-12-02T11:08:57.525+0000] {logging_mixin.py:190} INFO - [2024-12-02T11:08:57.525+0000] {dag.py:3239} INFO - Sync 1 DAGs
[2024-12-02T11:08:57.563+0000] {logging_mixin.py:190} INFO - [2024-12-02T11:08:57.563+0000] {dag.py:4180} INFO - Setting next_dagrun for example_display_name to None, run_after=None
[2024-12-02T11:08:57.631+0000] {processor.py:208} INFO - Processing /home/airflow/.local/lib/python3.12/site-packages/airflow/example_dags/example_display_name.py took 0.215 seconds
[2024-12-02T11:09:27.759+0000] {processor.py:186} INFO - Started process (PID=1449) to work on /home/airflow/.local/lib/python3.12/site-packages/airflow/example_dags/example_display_name.py
[2024-12-02T11:09:27.761+0000] {processor.py:914} INFO - Processing file /home/airflow/.local/lib/python3.12/site-packages/airflow/example_dags/example_display_name.py for tasks to queue
[2024-12-02T11:09:27.762+0000] {logging_mixin.py:190} INFO - [2024-12-02T11:09:27.762+0000] {dagbag.py:588} INFO - Filling up the DagBag from /home/airflow/.local/lib/python3.12/site-packages/airflow/example_dags/example_display_name.py
[2024-12-02T11:09:27.769+0000] {processor.py:925} INFO - DAG(s) 'example_display_name' retrieved from /home/airflow/.local/lib/python3.12/site-packages/airflow/example_dags/example_display_name.py
[2024-12-02T11:09:27.783+0000] {logging_mixin.py:190} INFO - [2024-12-02T11:09:27.782+0000] {dag.py:3239} INFO - Sync 1 DAGs
[2024-12-02T11:09:27.792+0000] {logging_mixin.py:190} INFO - [2024-12-02T11:09:27.792+0000] {dag.py:4180} INFO - Setting next_dagrun for example_display_name to None, run_after=None
[2024-12-02T11:09:27.807+0000] {processor.py:208} INFO - Processing /home/airflow/.local/lib/python3.12/site-packages/airflow/example_dags/example_display_name.py took 0.052 seconds
[2024-12-02T11:09:59.078+0000] {processor.py:186} INFO - Started process (PID=1512) to work on /home/airflow/.local/lib/python3.12/site-packages/airflow/example_dags/example_display_name.py
[2024-12-02T11:09:59.078+0000] {processor.py:914} INFO - Processing file /home/airflow/.local/lib/python3.12/site-packages/airflow/example_dags/example_display_name.py for tasks to queue
[2024-12-02T11:09:59.080+0000] {logging_mixin.py:190} INFO - [2024-12-02T11:09:59.080+0000] {dagbag.py:588} INFO - Filling up the DagBag from /home/airflow/.local/lib/python3.12/site-packages/airflow/example_dags/example_display_name.py
[2024-12-02T11:09:59.086+0000] {processor.py:925} INFO - DAG(s) 'example_display_name' retrieved from /home/airflow/.local/lib/python3.12/site-packages/airflow/example_dags/example_display_name.py
[2024-12-02T11:09:59.120+0000] {logging_mixin.py:190} INFO - [2024-12-02T11:09:59.120+0000] {dag.py:3239} INFO - Sync 1 DAGs
[2024-12-02T11:09:59.145+0000] {logging_mixin.py:190} INFO - [2024-12-02T11:09:59.144+0000] {dag.py:4180} INFO - Setting next_dagrun for example_display_name to None, run_after=None
[2024-12-02T11:09:59.173+0000] {processor.py:208} INFO - Processing /home/airflow/.local/lib/python3.12/site-packages/airflow/example_dags/example_display_name.py took 0.100 seconds
[2024-12-02T11:10:29.522+0000] {processor.py:186} INFO - Started process (PID=1575) to work on /home/airflow/.local/lib/python3.12/site-packages/airflow/example_dags/example_display_name.py
[2024-12-02T11:10:29.531+0000] {processor.py:914} INFO - Processing file /home/airflow/.local/lib/python3.12/site-packages/airflow/example_dags/example_display_name.py for tasks to queue
[2024-12-02T11:10:29.532+0000] {logging_mixin.py:190} INFO - [2024-12-02T11:10:29.532+0000] {dagbag.py:588} INFO - Filling up the DagBag from /home/airflow/.local/lib/python3.12/site-packages/airflow/example_dags/example_display_name.py
[2024-12-02T11:10:29.549+0000] {processor.py:925} INFO - DAG(s) 'example_display_name' retrieved from /home/airflow/.local/lib/python3.12/site-packages/airflow/example_dags/example_display_name.py
[2024-12-02T11:10:29.574+0000] {logging_mixin.py:190} INFO - [2024-12-02T11:10:29.574+0000] {dag.py:3239} INFO - Sync 1 DAGs
[2024-12-02T11:10:29.602+0000] {logging_mixin.py:190} INFO - [2024-12-02T11:10:29.602+0000] {dag.py:4180} INFO - Setting next_dagrun for example_display_name to None, run_after=None
[2024-12-02T11:10:29.638+0000] {processor.py:208} INFO - Processing /home/airflow/.local/lib/python3.12/site-packages/airflow/example_dags/example_display_name.py took 0.121 seconds
[2024-12-02T11:11:00.395+0000] {processor.py:186} INFO - Started process (PID=1633) to work on /home/airflow/.local/lib/python3.12/site-packages/airflow/example_dags/example_display_name.py
[2024-12-02T11:11:00.395+0000] {processor.py:914} INFO - Processing file /home/airflow/.local/lib/python3.12/site-packages/airflow/example_dags/example_display_name.py for tasks to queue
[2024-12-02T11:11:00.397+0000] {logging_mixin.py:190} INFO - [2024-12-02T11:11:00.397+0000] {dagbag.py:588} INFO - Filling up the DagBag from /home/airflow/.local/lib/python3.12/site-packages/airflow/example_dags/example_display_name.py
[2024-12-02T11:11:00.403+0000] {processor.py:925} INFO - DAG(s) 'example_display_name' retrieved from /home/airflow/.local/lib/python3.12/site-packages/airflow/example_dags/example_display_name.py
[2024-12-02T11:11:00.414+0000] {logging_mixin.py:190} INFO - [2024-12-02T11:11:00.414+0000] {dag.py:3239} INFO - Sync 1 DAGs
[2024-12-02T11:11:00.424+0000] {logging_mixin.py:190} INFO - [2024-12-02T11:11:00.424+0000] {dag.py:4180} INFO - Setting next_dagrun for example_display_name to None, run_after=None
[2024-12-02T11:11:00.440+0000] {processor.py:208} INFO - Processing /home/airflow/.local/lib/python3.12/site-packages/airflow/example_dags/example_display_name.py took 0.049 seconds
[2024-12-02T11:11:31.053+0000] {processor.py:186} INFO - Started process (PID=1697) to work on /home/airflow/.local/lib/python3.12/site-packages/airflow/example_dags/example_display_name.py
[2024-12-02T11:11:31.056+0000] {processor.py:914} INFO - Processing file /home/airflow/.local/lib/python3.12/site-packages/airflow/example_dags/example_display_name.py for tasks to queue
[2024-12-02T11:11:31.059+0000] {logging_mixin.py:190} INFO - [2024-12-02T11:11:31.058+0000] {dagbag.py:588} INFO - Filling up the DagBag from /home/airflow/.local/lib/python3.12/site-packages/airflow/example_dags/example_display_name.py
[2024-12-02T11:11:31.067+0000] {processor.py:925} INFO - DAG(s) 'example_display_name' retrieved from /home/airflow/.local/lib/python3.12/site-packages/airflow/example_dags/example_display_name.py
[2024-12-02T11:11:31.080+0000] {logging_mixin.py:190} INFO - [2024-12-02T11:11:31.080+0000] {dag.py:3239} INFO - Sync 1 DAGs
[2024-12-02T11:11:31.091+0000] {logging_mixin.py:190} INFO - [2024-12-02T11:11:31.091+0000] {dag.py:4180} INFO - Setting next_dagrun for example_display_name to None, run_after=None
[2024-12-02T11:11:31.113+0000] {processor.py:208} INFO - Processing /home/airflow/.local/lib/python3.12/site-packages/airflow/example_dags/example_display_name.py took 0.064 seconds
[2024-12-02T11:12:01.204+0000] {processor.py:186} INFO - Started process (PID=1762) to work on /home/airflow/.local/lib/python3.12/site-packages/airflow/example_dags/example_display_name.py
[2024-12-02T11:12:01.205+0000] {processor.py:914} INFO - Processing file /home/airflow/.local/lib/python3.12/site-packages/airflow/example_dags/example_display_name.py for tasks to queue
[2024-12-02T11:12:01.207+0000] {logging_mixin.py:190} INFO - [2024-12-02T11:12:01.206+0000] {dagbag.py:588} INFO - Filling up the DagBag from /home/airflow/.local/lib/python3.12/site-packages/airflow/example_dags/example_display_name.py
[2024-12-02T11:12:01.213+0000] {processor.py:925} INFO - DAG(s) 'example_display_name' retrieved from /home/airflow/.local/lib/python3.12/site-packages/airflow/example_dags/example_display_name.py
[2024-12-02T11:12:01.233+0000] {logging_mixin.py:190} INFO - [2024-12-02T11:12:01.232+0000] {dag.py:3239} INFO - Sync 1 DAGs
[2024-12-02T11:12:01.256+0000] {logging_mixin.py:190} INFO - [2024-12-02T11:12:01.256+0000] {dag.py:4180} INFO - Setting next_dagrun for example_display_name to None, run_after=None
[2024-12-02T11:12:01.272+0000] {processor.py:208} INFO - Processing /home/airflow/.local/lib/python3.12/site-packages/airflow/example_dags/example_display_name.py took 0.074 seconds
[2024-12-02T11:12:31.985+0000] {processor.py:186} INFO - Started process (PID=1826) to work on /home/airflow/.local/lib/python3.12/site-packages/airflow/example_dags/example_display_name.py
[2024-12-02T11:12:31.994+0000] {processor.py:914} INFO - Processing file /home/airflow/.local/lib/python3.12/site-packages/airflow/example_dags/example_display_name.py for tasks to queue
[2024-12-02T11:12:31.999+0000] {logging_mixin.py:190} INFO - [2024-12-02T11:12:31.999+0000] {dagbag.py:588} INFO - Filling up the DagBag from /home/airflow/.local/lib/python3.12/site-packages/airflow/example_dags/example_display_name.py
[2024-12-02T11:12:32.009+0000] {processor.py:925} INFO - DAG(s) 'example_display_name' retrieved from /home/airflow/.local/lib/python3.12/site-packages/airflow/example_dags/example_display_name.py
[2024-12-02T11:12:32.045+0000] {logging_mixin.py:190} INFO - [2024-12-02T11:12:32.045+0000] {dag.py:3239} INFO - Sync 1 DAGs
[2024-12-02T11:12:32.064+0000] {logging_mixin.py:190} INFO - [2024-12-02T11:12:32.064+0000] {dag.py:4180} INFO - Setting next_dagrun for example_display_name to None, run_after=None
[2024-12-02T11:12:32.137+0000] {processor.py:208} INFO - Processing /home/airflow/.local/lib/python3.12/site-packages/airflow/example_dags/example_display_name.py took 0.156 seconds
[2024-12-02T11:13:02.441+0000] {processor.py:186} INFO - Started process (PID=1890) to work on /home/airflow/.local/lib/python3.12/site-packages/airflow/example_dags/example_display_name.py
[2024-12-02T11:13:02.441+0000] {processor.py:914} INFO - Processing file /home/airflow/.local/lib/python3.12/site-packages/airflow/example_dags/example_display_name.py for tasks to queue
[2024-12-02T11:13:02.443+0000] {logging_mixin.py:190} INFO - [2024-12-02T11:13:02.443+0000] {dagbag.py:588} INFO - Filling up the DagBag from /home/airflow/.local/lib/python3.12/site-packages/airflow/example_dags/example_display_name.py
[2024-12-02T11:13:02.451+0000] {processor.py:925} INFO - DAG(s) 'example_display_name' retrieved from /home/airflow/.local/lib/python3.12/site-packages/airflow/example_dags/example_display_name.py
[2024-12-02T11:13:02.466+0000] {logging_mixin.py:190} INFO - [2024-12-02T11:13:02.465+0000] {dag.py:3239} INFO - Sync 1 DAGs
[2024-12-02T11:13:02.479+0000] {logging_mixin.py:190} INFO - [2024-12-02T11:13:02.479+0000] {dag.py:4180} INFO - Setting next_dagrun for example_display_name to None, run_after=None
[2024-12-02T11:13:02.496+0000] {processor.py:208} INFO - Processing /home/airflow/.local/lib/python3.12/site-packages/airflow/example_dags/example_display_name.py took 0.060 seconds
[2024-12-02T11:13:33.264+0000] {processor.py:186} INFO - Started process (PID=1955) to work on /home/airflow/.local/lib/python3.12/site-packages/airflow/example_dags/example_display_name.py
[2024-12-02T11:13:33.266+0000] {processor.py:914} INFO - Processing file /home/airflow/.local/lib/python3.12/site-packages/airflow/example_dags/example_display_name.py for tasks to queue
[2024-12-02T11:13:33.267+0000] {logging_mixin.py:190} INFO - [2024-12-02T11:13:33.267+0000] {dagbag.py:588} INFO - Filling up the DagBag from /home/airflow/.local/lib/python3.12/site-packages/airflow/example_dags/example_display_name.py
[2024-12-02T11:13:33.273+0000] {processor.py:925} INFO - DAG(s) 'example_display_name' retrieved from /home/airflow/.local/lib/python3.12/site-packages/airflow/example_dags/example_display_name.py
[2024-12-02T11:13:33.285+0000] {logging_mixin.py:190} INFO - [2024-12-02T11:13:33.285+0000] {dag.py:3239} INFO - Sync 1 DAGs
[2024-12-02T11:13:33.295+0000] {logging_mixin.py:190} INFO - [2024-12-02T11:13:33.295+0000] {dag.py:4180} INFO - Setting next_dagrun for example_display_name to None, run_after=None
[2024-12-02T11:13:33.307+0000] {processor.py:208} INFO - Processing /home/airflow/.local/lib/python3.12/site-packages/airflow/example_dags/example_display_name.py took 0.048 seconds
[2024-12-02T11:14:05.590+0000] {processor.py:186} INFO - Started process (PID=2017) to work on /home/airflow/.local/lib/python3.12/site-packages/airflow/example_dags/example_display_name.py
[2024-12-02T11:14:05.598+0000] {processor.py:914} INFO - Processing file /home/airflow/.local/lib/python3.12/site-packages/airflow/example_dags/example_display_name.py for tasks to queue
[2024-12-02T11:14:05.602+0000] {logging_mixin.py:190} INFO - [2024-12-02T11:14:05.601+0000] {dagbag.py:588} INFO - Filling up the DagBag from /home/airflow/.local/lib/python3.12/site-packages/airflow/example_dags/example_display_name.py
[2024-12-02T11:14:05.626+0000] {processor.py:925} INFO - DAG(s) 'example_display_name' retrieved from /home/airflow/.local/lib/python3.12/site-packages/airflow/example_dags/example_display_name.py
[2024-12-02T11:14:05.682+0000] {logging_mixin.py:190} INFO - [2024-12-02T11:14:05.682+0000] {dag.py:3239} INFO - Sync 1 DAGs
[2024-12-02T11:14:05.709+0000] {logging_mixin.py:190} INFO - [2024-12-02T11:14:05.708+0000] {dag.py:4180} INFO - Setting next_dagrun for example_display_name to None, run_after=None
[2024-12-02T11:14:05.754+0000] {processor.py:208} INFO - Processing /home/airflow/.local/lib/python3.12/site-packages/airflow/example_dags/example_display_name.py took 0.171 seconds
[2024-12-02T11:14:36.524+0000] {processor.py:186} INFO - Started process (PID=2082) to work on /home/airflow/.local/lib/python3.12/site-packages/airflow/example_dags/example_display_name.py
[2024-12-02T11:14:36.526+0000] {processor.py:914} INFO - Processing file /home/airflow/.local/lib/python3.12/site-packages/airflow/example_dags/example_display_name.py for tasks to queue
[2024-12-02T11:14:36.528+0000] {logging_mixin.py:190} INFO - [2024-12-02T11:14:36.527+0000] {dagbag.py:588} INFO - Filling up the DagBag from /home/airflow/.local/lib/python3.12/site-packages/airflow/example_dags/example_display_name.py
[2024-12-02T11:14:36.533+0000] {processor.py:925} INFO - DAG(s) 'example_display_name' retrieved from /home/airflow/.local/lib/python3.12/site-packages/airflow/example_dags/example_display_name.py
[2024-12-02T11:14:36.545+0000] {logging_mixin.py:190} INFO - [2024-12-02T11:14:36.545+0000] {dag.py:3239} INFO - Sync 1 DAGs
[2024-12-02T11:14:36.555+0000] {logging_mixin.py:190} INFO - [2024-12-02T11:14:36.555+0000] {dag.py:4180} INFO - Setting next_dagrun for example_display_name to None, run_after=None
[2024-12-02T11:14:36.568+0000] {processor.py:208} INFO - Processing /home/airflow/.local/lib/python3.12/site-packages/airflow/example_dags/example_display_name.py took 0.048 seconds
[2024-12-02T11:15:07.024+0000] {processor.py:186} INFO - Started process (PID=2147) to work on /home/airflow/.local/lib/python3.12/site-packages/airflow/example_dags/example_display_name.py
[2024-12-02T11:15:07.025+0000] {processor.py:914} INFO - Processing file /home/airflow/.local/lib/python3.12/site-packages/airflow/example_dags/example_display_name.py for tasks to queue
[2024-12-02T11:15:07.026+0000] {logging_mixin.py:190} INFO - [2024-12-02T11:15:07.026+0000] {dagbag.py:588} INFO - Filling up the DagBag from /home/airflow/.local/lib/python3.12/site-packages/airflow/example_dags/example_display_name.py
[2024-12-02T11:15:07.032+0000] {processor.py:925} INFO - DAG(s) 'example_display_name' retrieved from /home/airflow/.local/lib/python3.12/site-packages/airflow/example_dags/example_display_name.py
[2024-12-02T11:15:07.044+0000] {logging_mixin.py:190} INFO - [2024-12-02T11:15:07.043+0000] {dag.py:3239} INFO - Sync 1 DAGs
[2024-12-02T11:15:07.053+0000] {logging_mixin.py:190} INFO - [2024-12-02T11:15:07.052+0000] {dag.py:4180} INFO - Setting next_dagrun for example_display_name to None, run_after=None
[2024-12-02T11:15:07.070+0000] {processor.py:208} INFO - Processing /home/airflow/.local/lib/python3.12/site-packages/airflow/example_dags/example_display_name.py took 0.050 seconds
[2024-12-02T11:15:37.416+0000] {processor.py:186} INFO - Started process (PID=2212) to work on /home/airflow/.local/lib/python3.12/site-packages/airflow/example_dags/example_display_name.py
[2024-12-02T11:15:37.426+0000] {processor.py:914} INFO - Processing file /home/airflow/.local/lib/python3.12/site-packages/airflow/example_dags/example_display_name.py for tasks to queue
[2024-12-02T11:15:37.446+0000] {logging_mixin.py:190} INFO - [2024-12-02T11:15:37.446+0000] {dagbag.py:588} INFO - Filling up the DagBag from /home/airflow/.local/lib/python3.12/site-packages/airflow/example_dags/example_display_name.py
[2024-12-02T11:15:37.451+0000] {processor.py:925} INFO - DAG(s) 'example_display_name' retrieved from /home/airflow/.local/lib/python3.12/site-packages/airflow/example_dags/example_display_name.py
[2024-12-02T11:15:37.493+0000] {logging_mixin.py:190} INFO - [2024-12-02T11:15:37.492+0000] {dag.py:3239} INFO - Sync 1 DAGs
[2024-12-02T11:15:37.518+0000] {logging_mixin.py:190} INFO - [2024-12-02T11:15:37.518+0000] {dag.py:4180} INFO - Setting next_dagrun for example_display_name to None, run_after=None
[2024-12-02T11:15:37.573+0000] {processor.py:208} INFO - Processing /home/airflow/.local/lib/python3.12/site-packages/airflow/example_dags/example_display_name.py took 0.171 seconds
[2024-12-02T11:16:08.378+0000] {processor.py:186} INFO - Started process (PID=2277) to work on /home/airflow/.local/lib/python3.12/site-packages/airflow/example_dags/example_display_name.py
[2024-12-02T11:16:08.379+0000] {processor.py:914} INFO - Processing file /home/airflow/.local/lib/python3.12/site-packages/airflow/example_dags/example_display_name.py for tasks to queue
[2024-12-02T11:16:08.380+0000] {logging_mixin.py:190} INFO - [2024-12-02T11:16:08.380+0000] {dagbag.py:588} INFO - Filling up the DagBag from /home/airflow/.local/lib/python3.12/site-packages/airflow/example_dags/example_display_name.py
[2024-12-02T11:16:08.385+0000] {processor.py:925} INFO - DAG(s) 'example_display_name' retrieved from /home/airflow/.local/lib/python3.12/site-packages/airflow/example_dags/example_display_name.py
[2024-12-02T11:16:08.397+0000] {logging_mixin.py:190} INFO - [2024-12-02T11:16:08.397+0000] {dag.py:3239} INFO - Sync 1 DAGs
[2024-12-02T11:16:08.408+0000] {logging_mixin.py:190} INFO - [2024-12-02T11:16:08.408+0000] {dag.py:4180} INFO - Setting next_dagrun for example_display_name to None, run_after=None
[2024-12-02T11:16:08.424+0000] {processor.py:208} INFO - Processing /home/airflow/.local/lib/python3.12/site-packages/airflow/example_dags/example_display_name.py took 0.049 seconds
[2024-12-02T11:16:38.700+0000] {processor.py:186} INFO - Started process (PID=2341) to work on /home/airflow/.local/lib/python3.12/site-packages/airflow/example_dags/example_display_name.py
[2024-12-02T11:16:38.704+0000] {processor.py:914} INFO - Processing file /home/airflow/.local/lib/python3.12/site-packages/airflow/example_dags/example_display_name.py for tasks to queue
[2024-12-02T11:16:38.704+0000] {logging_mixin.py:190} INFO - [2024-12-02T11:16:38.704+0000] {dagbag.py:588} INFO - Filling up the DagBag from /home/airflow/.local/lib/python3.12/site-packages/airflow/example_dags/example_display_name.py
[2024-12-02T11:16:38.710+0000] {processor.py:925} INFO - DAG(s) 'example_display_name' retrieved from /home/airflow/.local/lib/python3.12/site-packages/airflow/example_dags/example_display_name.py
[2024-12-02T11:16:38.738+0000] {logging_mixin.py:190} INFO - [2024-12-02T11:16:38.738+0000] {dag.py:3239} INFO - Sync 1 DAGs
[2024-12-02T11:16:38.759+0000] {logging_mixin.py:190} INFO - [2024-12-02T11:16:38.759+0000] {dag.py:4180} INFO - Setting next_dagrun for example_display_name to None, run_after=None
[2024-12-02T11:16:38.782+0000] {processor.py:208} INFO - Processing /home/airflow/.local/lib/python3.12/site-packages/airflow/example_dags/example_display_name.py took 0.086 seconds
[2024-12-02T11:17:08.989+0000] {processor.py:186} INFO - Started process (PID=2405) to work on /home/airflow/.local/lib/python3.12/site-packages/airflow/example_dags/example_display_name.py
[2024-12-02T11:17:08.991+0000] {processor.py:914} INFO - Processing file /home/airflow/.local/lib/python3.12/site-packages/airflow/example_dags/example_display_name.py for tasks to queue
[2024-12-02T11:17:08.992+0000] {logging_mixin.py:190} INFO - [2024-12-02T11:17:08.992+0000] {dagbag.py:588} INFO - Filling up the DagBag from /home/airflow/.local/lib/python3.12/site-packages/airflow/example_dags/example_display_name.py
[2024-12-02T11:17:08.998+0000] {processor.py:925} INFO - DAG(s) 'example_display_name' retrieved from /home/airflow/.local/lib/python3.12/site-packages/airflow/example_dags/example_display_name.py
[2024-12-02T11:17:09.014+0000] {logging_mixin.py:190} INFO - [2024-12-02T11:17:09.013+0000] {dag.py:3239} INFO - Sync 1 DAGs
[2024-12-02T11:17:09.025+0000] {logging_mixin.py:190} INFO - [2024-12-02T11:17:09.024+0000] {dag.py:4180} INFO - Setting next_dagrun for example_display_name to None, run_after=None
[2024-12-02T11:17:09.039+0000] {processor.py:208} INFO - Processing /home/airflow/.local/lib/python3.12/site-packages/airflow/example_dags/example_display_name.py took 0.054 seconds
[2024-12-02T11:17:39.291+0000] {processor.py:186} INFO - Started process (PID=2469) to work on /home/airflow/.local/lib/python3.12/site-packages/airflow/example_dags/example_display_name.py
[2024-12-02T11:17:39.292+0000] {processor.py:914} INFO - Processing file /home/airflow/.local/lib/python3.12/site-packages/airflow/example_dags/example_display_name.py for tasks to queue
[2024-12-02T11:17:39.293+0000] {logging_mixin.py:190} INFO - [2024-12-02T11:17:39.293+0000] {dagbag.py:588} INFO - Filling up the DagBag from /home/airflow/.local/lib/python3.12/site-packages/airflow/example_dags/example_display_name.py
[2024-12-02T11:17:39.299+0000] {processor.py:925} INFO - DAG(s) 'example_display_name' retrieved from /home/airflow/.local/lib/python3.12/site-packages/airflow/example_dags/example_display_name.py
[2024-12-02T11:17:39.313+0000] {logging_mixin.py:190} INFO - [2024-12-02T11:17:39.313+0000] {dag.py:3239} INFO - Sync 1 DAGs
[2024-12-02T11:17:39.326+0000] {logging_mixin.py:190} INFO - [2024-12-02T11:17:39.326+0000] {dag.py:4180} INFO - Setting next_dagrun for example_display_name to None, run_after=None
[2024-12-02T11:17:39.347+0000] {processor.py:208} INFO - Processing /home/airflow/.local/lib/python3.12/site-packages/airflow/example_dags/example_display_name.py took 0.060 seconds
[2024-12-02T11:18:12.675+0000] {processor.py:186} INFO - Started process (PID=2522) to work on /home/airflow/.local/lib/python3.12/site-packages/airflow/example_dags/example_display_name.py
[2024-12-02T11:18:12.678+0000] {processor.py:914} INFO - Processing file /home/airflow/.local/lib/python3.12/site-packages/airflow/example_dags/example_display_name.py for tasks to queue
[2024-12-02T11:18:12.678+0000] {logging_mixin.py:190} INFO - [2024-12-02T11:18:12.678+0000] {dagbag.py:588} INFO - Filling up the DagBag from /home/airflow/.local/lib/python3.12/site-packages/airflow/example_dags/example_display_name.py
[2024-12-02T11:18:12.684+0000] {processor.py:925} INFO - DAG(s) 'example_display_name' retrieved from /home/airflow/.local/lib/python3.12/site-packages/airflow/example_dags/example_display_name.py
[2024-12-02T11:18:12.697+0000] {logging_mixin.py:190} INFO - [2024-12-02T11:18:12.697+0000] {dag.py:3239} INFO - Sync 1 DAGs
[2024-12-02T11:18:12.709+0000] {logging_mixin.py:190} INFO - [2024-12-02T11:18:12.709+0000] {dag.py:4180} INFO - Setting next_dagrun for example_display_name to None, run_after=None
[2024-12-02T11:18:12.724+0000] {processor.py:208} INFO - Processing /home/airflow/.local/lib/python3.12/site-packages/airflow/example_dags/example_display_name.py took 0.054 seconds
[2024-12-02T11:18:43.319+0000] {processor.py:186} INFO - Started process (PID=2581) to work on /home/airflow/.local/lib/python3.12/site-packages/airflow/example_dags/example_display_name.py
[2024-12-02T11:18:43.323+0000] {processor.py:914} INFO - Processing file /home/airflow/.local/lib/python3.12/site-packages/airflow/example_dags/example_display_name.py for tasks to queue
[2024-12-02T11:18:43.324+0000] {logging_mixin.py:190} INFO - [2024-12-02T11:18:43.324+0000] {dagbag.py:588} INFO - Filling up the DagBag from /home/airflow/.local/lib/python3.12/site-packages/airflow/example_dags/example_display_name.py
[2024-12-02T11:18:43.330+0000] {processor.py:925} INFO - DAG(s) 'example_display_name' retrieved from /home/airflow/.local/lib/python3.12/site-packages/airflow/example_dags/example_display_name.py
[2024-12-02T11:18:43.344+0000] {logging_mixin.py:190} INFO - [2024-12-02T11:18:43.344+0000] {dag.py:3239} INFO - Sync 1 DAGs
[2024-12-02T11:18:43.355+0000] {logging_mixin.py:190} INFO - [2024-12-02T11:18:43.355+0000] {dag.py:4180} INFO - Setting next_dagrun for example_display_name to None, run_after=None
[2024-12-02T11:18:43.369+0000] {processor.py:208} INFO - Processing /home/airflow/.local/lib/python3.12/site-packages/airflow/example_dags/example_display_name.py took 0.054 seconds
[2024-12-02T11:19:14.575+0000] {processor.py:186} INFO - Started process (PID=2637) to work on /home/airflow/.local/lib/python3.12/site-packages/airflow/example_dags/example_display_name.py
[2024-12-02T11:19:14.587+0000] {processor.py:914} INFO - Processing file /home/airflow/.local/lib/python3.12/site-packages/airflow/example_dags/example_display_name.py for tasks to queue
[2024-12-02T11:19:14.588+0000] {logging_mixin.py:190} INFO - [2024-12-02T11:19:14.588+0000] {dagbag.py:588} INFO - Filling up the DagBag from /home/airflow/.local/lib/python3.12/site-packages/airflow/example_dags/example_display_name.py
[2024-12-02T11:19:14.594+0000] {processor.py:925} INFO - DAG(s) 'example_display_name' retrieved from /home/airflow/.local/lib/python3.12/site-packages/airflow/example_dags/example_display_name.py
[2024-12-02T11:19:14.645+0000] {logging_mixin.py:190} INFO - [2024-12-02T11:19:14.645+0000] {dag.py:3239} INFO - Sync 1 DAGs
[2024-12-02T11:19:14.691+0000] {logging_mixin.py:190} INFO - [2024-12-02T11:19:14.691+0000] {dag.py:4180} INFO - Setting next_dagrun for example_display_name to None, run_after=None
[2024-12-02T11:19:14.747+0000] {processor.py:208} INFO - Processing /home/airflow/.local/lib/python3.12/site-packages/airflow/example_dags/example_display_name.py took 0.176 seconds
[2024-12-02T11:19:45.075+0000] {processor.py:186} INFO - Started process (PID=2695) to work on /home/airflow/.local/lib/python3.12/site-packages/airflow/example_dags/example_display_name.py
[2024-12-02T11:19:45.076+0000] {processor.py:914} INFO - Processing file /home/airflow/.local/lib/python3.12/site-packages/airflow/example_dags/example_display_name.py for tasks to queue
[2024-12-02T11:19:45.076+0000] {logging_mixin.py:190} INFO - [2024-12-02T11:19:45.076+0000] {dagbag.py:588} INFO - Filling up the DagBag from /home/airflow/.local/lib/python3.12/site-packages/airflow/example_dags/example_display_name.py
[2024-12-02T11:19:45.082+0000] {processor.py:925} INFO - DAG(s) 'example_display_name' retrieved from /home/airflow/.local/lib/python3.12/site-packages/airflow/example_dags/example_display_name.py
[2024-12-02T11:19:45.097+0000] {logging_mixin.py:190} INFO - [2024-12-02T11:19:45.097+0000] {dag.py:3239} INFO - Sync 1 DAGs
[2024-12-02T11:19:45.108+0000] {logging_mixin.py:190} INFO - [2024-12-02T11:19:45.108+0000] {dag.py:4180} INFO - Setting next_dagrun for example_display_name to None, run_after=None
[2024-12-02T11:19:45.124+0000] {processor.py:208} INFO - Processing /home/airflow/.local/lib/python3.12/site-packages/airflow/example_dags/example_display_name.py took 0.053 seconds
