[2024-12-02T10:19:16.170+0000] {processor.py:186} INFO - Started process (PID=115) to work on /home/airflow/.local/lib/python3.12/site-packages/airflow/example_dags/example_nested_branch_dag.py
[2024-12-02T10:19:16.199+0000] {processor.py:914} INFO - Processing file /home/airflow/.local/lib/python3.12/site-packages/airflow/example_dags/example_nested_branch_dag.py for tasks to queue
[2024-12-02T10:19:16.213+0000] {logging_mixin.py:190} INFO - [2024-12-02T10:19:16.212+0000] {dagbag.py:588} INFO - Filling up the DagBag from /home/airflow/.local/lib/python3.12/site-packages/airflow/example_dags/example_nested_branch_dag.py
[2024-12-02T10:19:16.319+0000] {processor.py:925} INFO - DAG(s) 'example_nested_branch_dag' retrieved from /home/airflow/.local/lib/python3.12/site-packages/airflow/example_dags/example_nested_branch_dag.py
[2024-12-02T10:19:17.272+0000] {logging_mixin.py:190} INFO - [2024-12-02T10:19:17.272+0000] {override.py:1911} INFO - Created Permission View: can delete on DAG:example_nested_branch_dag
[2024-12-02T10:19:17.362+0000] {logging_mixin.py:190} INFO - [2024-12-02T10:19:17.362+0000] {override.py:1911} INFO - Created Permission View: can edit on DAG:example_nested_branch_dag
[2024-12-02T10:19:17.405+0000] {logging_mixin.py:190} INFO - [2024-12-02T10:19:17.405+0000] {override.py:1911} INFO - Created Permission View: can read on DAG:example_nested_branch_dag
[2024-12-02T10:19:17.482+0000] {logging_mixin.py:190} INFO - [2024-12-02T10:19:17.481+0000] {override.py:1911} INFO - Created Permission View: menu access on DAG Run:example_nested_branch_dag
[2024-12-02T10:19:17.573+0000] {logging_mixin.py:190} INFO - [2024-12-02T10:19:17.572+0000] {override.py:1911} INFO - Created Permission View: can create on DAG Run:example_nested_branch_dag
[2024-12-02T10:19:17.648+0000] {logging_mixin.py:190} INFO - [2024-12-02T10:19:17.648+0000] {override.py:1911} INFO - Created Permission View: can delete on DAG Run:example_nested_branch_dag
[2024-12-02T10:19:17.739+0000] {logging_mixin.py:190} INFO - [2024-12-02T10:19:17.739+0000] {override.py:1911} INFO - Created Permission View: can read on DAG Run:example_nested_branch_dag
[2024-12-02T10:19:17.740+0000] {logging_mixin.py:190} INFO - [2024-12-02T10:19:17.739+0000] {dag.py:3239} INFO - Sync 1 DAGs
[2024-12-02T10:19:17.864+0000] {logging_mixin.py:190} INFO - [2024-12-02T10:19:17.864+0000] {dag.py:3262} INFO - Creating ORM DAG for example_nested_branch_dag
[2024-12-02T10:19:17.955+0000] {logging_mixin.py:190} INFO - [2024-12-02T10:19:17.955+0000] {dag.py:4180} INFO - Setting next_dagrun for example_nested_branch_dag to 2024-12-01 00:00:00+00:00, run_after=2024-12-02 00:00:00+00:00
[2024-12-02T10:19:18.111+0000] {processor.py:208} INFO - Processing /home/airflow/.local/lib/python3.12/site-packages/airflow/example_dags/example_nested_branch_dag.py took 1.946 seconds
[2024-12-02T10:36:23.999+0000] {processor.py:186} INFO - Started process (PID=71) to work on /home/airflow/.local/lib/python3.12/site-packages/airflow/example_dags/example_nested_branch_dag.py
[2024-12-02T10:36:24.006+0000] {processor.py:914} INFO - Processing file /home/airflow/.local/lib/python3.12/site-packages/airflow/example_dags/example_nested_branch_dag.py for tasks to queue
[2024-12-02T10:36:24.009+0000] {logging_mixin.py:190} INFO - [2024-12-02T10:36:24.008+0000] {dagbag.py:588} INFO - Filling up the DagBag from /home/airflow/.local/lib/python3.12/site-packages/airflow/example_dags/example_nested_branch_dag.py
[2024-12-02T10:36:24.053+0000] {processor.py:925} INFO - DAG(s) 'example_nested_branch_dag' retrieved from /home/airflow/.local/lib/python3.12/site-packages/airflow/example_dags/example_nested_branch_dag.py
[2024-12-02T10:36:24.145+0000] {logging_mixin.py:190} INFO - [2024-12-02T10:36:24.145+0000] {dag.py:3239} INFO - Sync 1 DAGs
[2024-12-02T10:36:24.214+0000] {logging_mixin.py:190} INFO - [2024-12-02T10:36:24.213+0000] {dag.py:4180} INFO - Setting next_dagrun for example_nested_branch_dag to 2024-12-01 00:00:00+00:00, run_after=2024-12-02 00:00:00+00:00
[2024-12-02T10:36:24.272+0000] {processor.py:208} INFO - Processing /home/airflow/.local/lib/python3.12/site-packages/airflow/example_dags/example_nested_branch_dag.py took 0.279 seconds
[2024-12-02T10:38:14.856+0000] {processor.py:186} INFO - Started process (PID=72) to work on /home/airflow/.local/lib/python3.12/site-packages/airflow/example_dags/example_nested_branch_dag.py
[2024-12-02T10:38:14.868+0000] {processor.py:914} INFO - Processing file /home/airflow/.local/lib/python3.12/site-packages/airflow/example_dags/example_nested_branch_dag.py for tasks to queue
[2024-12-02T10:38:14.889+0000] {logging_mixin.py:190} INFO - [2024-12-02T10:38:14.888+0000] {dagbag.py:588} INFO - Filling up the DagBag from /home/airflow/.local/lib/python3.12/site-packages/airflow/example_dags/example_nested_branch_dag.py
[2024-12-02T10:38:14.945+0000] {processor.py:925} INFO - DAG(s) 'example_nested_branch_dag' retrieved from /home/airflow/.local/lib/python3.12/site-packages/airflow/example_dags/example_nested_branch_dag.py
[2024-12-02T10:38:15.082+0000] {logging_mixin.py:190} INFO - [2024-12-02T10:38:15.082+0000] {dag.py:3239} INFO - Sync 1 DAGs
[2024-12-02T10:38:15.318+0000] {logging_mixin.py:190} INFO - [2024-12-02T10:38:15.317+0000] {dag.py:4180} INFO - Setting next_dagrun for example_nested_branch_dag to 2024-12-01 00:00:00+00:00, run_after=2024-12-02 00:00:00+00:00
[2024-12-02T10:38:15.441+0000] {processor.py:208} INFO - Processing /home/airflow/.local/lib/python3.12/site-packages/airflow/example_dags/example_nested_branch_dag.py took 0.603 seconds
[2024-12-02T10:38:48.680+0000] {processor.py:186} INFO - Started process (PID=142) to work on /home/airflow/.local/lib/python3.12/site-packages/airflow/example_dags/example_nested_branch_dag.py
[2024-12-02T10:38:48.682+0000] {processor.py:914} INFO - Processing file /home/airflow/.local/lib/python3.12/site-packages/airflow/example_dags/example_nested_branch_dag.py for tasks to queue
[2024-12-02T10:38:48.685+0000] {logging_mixin.py:190} INFO - [2024-12-02T10:38:48.684+0000] {dagbag.py:588} INFO - Filling up the DagBag from /home/airflow/.local/lib/python3.12/site-packages/airflow/example_dags/example_nested_branch_dag.py
[2024-12-02T10:38:48.700+0000] {processor.py:925} INFO - DAG(s) 'example_nested_branch_dag' retrieved from /home/airflow/.local/lib/python3.12/site-packages/airflow/example_dags/example_nested_branch_dag.py
[2024-12-02T10:38:48.726+0000] {logging_mixin.py:190} INFO - [2024-12-02T10:38:48.726+0000] {dag.py:3239} INFO - Sync 1 DAGs
[2024-12-02T10:38:48.754+0000] {logging_mixin.py:190} INFO - [2024-12-02T10:38:48.753+0000] {dag.py:4180} INFO - Setting next_dagrun for example_nested_branch_dag to 2024-12-01 00:00:00+00:00, run_after=2024-12-02 00:00:00+00:00
[2024-12-02T10:38:48.790+0000] {processor.py:208} INFO - Processing /home/airflow/.local/lib/python3.12/site-packages/airflow/example_dags/example_nested_branch_dag.py took 0.117 seconds
[2024-12-02T10:39:19.223+0000] {processor.py:186} INFO - Started process (PID=205) to work on /home/airflow/.local/lib/python3.12/site-packages/airflow/example_dags/example_nested_branch_dag.py
[2024-12-02T10:39:19.225+0000] {processor.py:914} INFO - Processing file /home/airflow/.local/lib/python3.12/site-packages/airflow/example_dags/example_nested_branch_dag.py for tasks to queue
[2024-12-02T10:39:19.227+0000] {logging_mixin.py:190} INFO - [2024-12-02T10:39:19.227+0000] {dagbag.py:588} INFO - Filling up the DagBag from /home/airflow/.local/lib/python3.12/site-packages/airflow/example_dags/example_nested_branch_dag.py
[2024-12-02T10:39:19.240+0000] {processor.py:925} INFO - DAG(s) 'example_nested_branch_dag' retrieved from /home/airflow/.local/lib/python3.12/site-packages/airflow/example_dags/example_nested_branch_dag.py
[2024-12-02T10:39:19.261+0000] {logging_mixin.py:190} INFO - [2024-12-02T10:39:19.260+0000] {dag.py:3239} INFO - Sync 1 DAGs
[2024-12-02T10:39:19.281+0000] {logging_mixin.py:190} INFO - [2024-12-02T10:39:19.280+0000] {dag.py:4180} INFO - Setting next_dagrun for example_nested_branch_dag to 2024-12-01 00:00:00+00:00, run_after=2024-12-02 00:00:00+00:00
[2024-12-02T10:39:19.298+0000] {processor.py:208} INFO - Processing /home/airflow/.local/lib/python3.12/site-packages/airflow/example_dags/example_nested_branch_dag.py took 0.080 seconds
[2024-12-02T10:39:53.638+0000] {processor.py:186} INFO - Started process (PID=270) to work on /home/airflow/.local/lib/python3.12/site-packages/airflow/example_dags/example_nested_branch_dag.py
[2024-12-02T10:39:53.641+0000] {processor.py:914} INFO - Processing file /home/airflow/.local/lib/python3.12/site-packages/airflow/example_dags/example_nested_branch_dag.py for tasks to queue
[2024-12-02T10:39:53.646+0000] {logging_mixin.py:190} INFO - [2024-12-02T10:39:53.646+0000] {dagbag.py:588} INFO - Filling up the DagBag from /home/airflow/.local/lib/python3.12/site-packages/airflow/example_dags/example_nested_branch_dag.py
[2024-12-02T10:39:53.665+0000] {processor.py:925} INFO - DAG(s) 'example_nested_branch_dag' retrieved from /home/airflow/.local/lib/python3.12/site-packages/airflow/example_dags/example_nested_branch_dag.py
[2024-12-02T10:39:53.741+0000] {logging_mixin.py:190} INFO - [2024-12-02T10:39:53.741+0000] {dag.py:3239} INFO - Sync 1 DAGs
[2024-12-02T10:39:53.773+0000] {logging_mixin.py:190} INFO - [2024-12-02T10:39:53.773+0000] {dag.py:4180} INFO - Setting next_dagrun for example_nested_branch_dag to 2024-12-01 00:00:00+00:00, run_after=2024-12-02 00:00:00+00:00
[2024-12-02T10:39:53.818+0000] {processor.py:208} INFO - Processing /home/airflow/.local/lib/python3.12/site-packages/airflow/example_dags/example_nested_branch_dag.py took 0.202 seconds
[2024-12-02T10:40:26.238+0000] {processor.py:186} INFO - Started process (PID=333) to work on /home/airflow/.local/lib/python3.12/site-packages/airflow/example_dags/example_nested_branch_dag.py
[2024-12-02T10:40:26.251+0000] {processor.py:914} INFO - Processing file /home/airflow/.local/lib/python3.12/site-packages/airflow/example_dags/example_nested_branch_dag.py for tasks to queue
[2024-12-02T10:40:26.286+0000] {logging_mixin.py:190} INFO - [2024-12-02T10:40:26.282+0000] {dagbag.py:588} INFO - Filling up the DagBag from /home/airflow/.local/lib/python3.12/site-packages/airflow/example_dags/example_nested_branch_dag.py
[2024-12-02T10:40:26.384+0000] {processor.py:925} INFO - DAG(s) 'example_nested_branch_dag' retrieved from /home/airflow/.local/lib/python3.12/site-packages/airflow/example_dags/example_nested_branch_dag.py
[2024-12-02T10:40:26.478+0000] {logging_mixin.py:190} INFO - [2024-12-02T10:40:26.477+0000] {dag.py:3239} INFO - Sync 1 DAGs
[2024-12-02T10:40:26.512+0000] {logging_mixin.py:190} INFO - [2024-12-02T10:40:26.511+0000] {dag.py:4180} INFO - Setting next_dagrun for example_nested_branch_dag to 2024-12-01 00:00:00+00:00, run_after=2024-12-02 00:00:00+00:00
[2024-12-02T10:40:26.747+0000] {processor.py:208} INFO - Processing /home/airflow/.local/lib/python3.12/site-packages/airflow/example_dags/example_nested_branch_dag.py took 0.516 seconds
[2024-12-02T10:42:06.673+0000] {processor.py:186} INFO - Started process (PID=72) to work on /home/airflow/.local/lib/python3.12/site-packages/airflow/example_dags/example_nested_branch_dag.py
[2024-12-02T10:42:06.677+0000] {processor.py:914} INFO - Processing file /home/airflow/.local/lib/python3.12/site-packages/airflow/example_dags/example_nested_branch_dag.py for tasks to queue
[2024-12-02T10:42:06.679+0000] {logging_mixin.py:190} INFO - [2024-12-02T10:42:06.679+0000] {dagbag.py:588} INFO - Filling up the DagBag from /home/airflow/.local/lib/python3.12/site-packages/airflow/example_dags/example_nested_branch_dag.py
[2024-12-02T10:42:06.689+0000] {processor.py:925} INFO - DAG(s) 'example_nested_branch_dag' retrieved from /home/airflow/.local/lib/python3.12/site-packages/airflow/example_dags/example_nested_branch_dag.py
[2024-12-02T10:42:06.712+0000] {logging_mixin.py:190} INFO - [2024-12-02T10:42:06.711+0000] {dag.py:3239} INFO - Sync 1 DAGs
[2024-12-02T10:42:06.746+0000] {logging_mixin.py:190} INFO - [2024-12-02T10:42:06.746+0000] {dag.py:4180} INFO - Setting next_dagrun for example_nested_branch_dag to 2024-12-01 00:00:00+00:00, run_after=2024-12-02 00:00:00+00:00
[2024-12-02T10:42:06.766+0000] {processor.py:208} INFO - Processing /home/airflow/.local/lib/python3.12/site-packages/airflow/example_dags/example_nested_branch_dag.py took 0.099 seconds
[2024-12-02T10:42:37.406+0000] {processor.py:186} INFO - Started process (PID=135) to work on /home/airflow/.local/lib/python3.12/site-packages/airflow/example_dags/example_nested_branch_dag.py
[2024-12-02T10:42:37.408+0000] {processor.py:914} INFO - Processing file /home/airflow/.local/lib/python3.12/site-packages/airflow/example_dags/example_nested_branch_dag.py for tasks to queue
[2024-12-02T10:42:37.411+0000] {logging_mixin.py:190} INFO - [2024-12-02T10:42:37.410+0000] {dagbag.py:588} INFO - Filling up the DagBag from /home/airflow/.local/lib/python3.12/site-packages/airflow/example_dags/example_nested_branch_dag.py
[2024-12-02T10:42:37.428+0000] {processor.py:925} INFO - DAG(s) 'example_nested_branch_dag' retrieved from /home/airflow/.local/lib/python3.12/site-packages/airflow/example_dags/example_nested_branch_dag.py
[2024-12-02T10:42:37.451+0000] {logging_mixin.py:190} INFO - [2024-12-02T10:42:37.451+0000] {dag.py:3239} INFO - Sync 1 DAGs
[2024-12-02T10:42:37.474+0000] {logging_mixin.py:190} INFO - [2024-12-02T10:42:37.474+0000] {dag.py:4180} INFO - Setting next_dagrun for example_nested_branch_dag to 2024-12-01 00:00:00+00:00, run_after=2024-12-02 00:00:00+00:00
[2024-12-02T10:42:37.493+0000] {processor.py:208} INFO - Processing /home/airflow/.local/lib/python3.12/site-packages/airflow/example_dags/example_nested_branch_dag.py took 0.093 seconds
[2024-12-02T10:43:07.929+0000] {processor.py:186} INFO - Started process (PID=198) to work on /home/airflow/.local/lib/python3.12/site-packages/airflow/example_dags/example_nested_branch_dag.py
[2024-12-02T10:43:07.930+0000] {processor.py:914} INFO - Processing file /home/airflow/.local/lib/python3.12/site-packages/airflow/example_dags/example_nested_branch_dag.py for tasks to queue
[2024-12-02T10:43:07.932+0000] {logging_mixin.py:190} INFO - [2024-12-02T10:43:07.931+0000] {dagbag.py:588} INFO - Filling up the DagBag from /home/airflow/.local/lib/python3.12/site-packages/airflow/example_dags/example_nested_branch_dag.py
[2024-12-02T10:43:07.939+0000] {processor.py:925} INFO - DAG(s) 'example_nested_branch_dag' retrieved from /home/airflow/.local/lib/python3.12/site-packages/airflow/example_dags/example_nested_branch_dag.py
[2024-12-02T10:43:07.959+0000] {logging_mixin.py:190} INFO - [2024-12-02T10:43:07.959+0000] {dag.py:3239} INFO - Sync 1 DAGs
[2024-12-02T10:43:07.975+0000] {logging_mixin.py:190} INFO - [2024-12-02T10:43:07.975+0000] {dag.py:4180} INFO - Setting next_dagrun for example_nested_branch_dag to 2024-12-01 00:00:00+00:00, run_after=2024-12-02 00:00:00+00:00
[2024-12-02T10:43:07.989+0000] {processor.py:208} INFO - Processing /home/airflow/.local/lib/python3.12/site-packages/airflow/example_dags/example_nested_branch_dag.py took 0.065 seconds
[2024-12-02T10:43:38.428+0000] {processor.py:186} INFO - Started process (PID=256) to work on /home/airflow/.local/lib/python3.12/site-packages/airflow/example_dags/example_nested_branch_dag.py
[2024-12-02T10:43:38.434+0000] {processor.py:914} INFO - Processing file /home/airflow/.local/lib/python3.12/site-packages/airflow/example_dags/example_nested_branch_dag.py for tasks to queue
[2024-12-02T10:43:38.437+0000] {logging_mixin.py:190} INFO - [2024-12-02T10:43:38.437+0000] {dagbag.py:588} INFO - Filling up the DagBag from /home/airflow/.local/lib/python3.12/site-packages/airflow/example_dags/example_nested_branch_dag.py
[2024-12-02T10:43:38.446+0000] {processor.py:925} INFO - DAG(s) 'example_nested_branch_dag' retrieved from /home/airflow/.local/lib/python3.12/site-packages/airflow/example_dags/example_nested_branch_dag.py
[2024-12-02T10:43:38.465+0000] {logging_mixin.py:190} INFO - [2024-12-02T10:43:38.465+0000] {dag.py:3239} INFO - Sync 1 DAGs
[2024-12-02T10:43:38.483+0000] {logging_mixin.py:190} INFO - [2024-12-02T10:43:38.483+0000] {dag.py:4180} INFO - Setting next_dagrun for example_nested_branch_dag to 2024-12-01 00:00:00+00:00, run_after=2024-12-02 00:00:00+00:00
[2024-12-02T10:43:38.498+0000] {processor.py:208} INFO - Processing /home/airflow/.local/lib/python3.12/site-packages/airflow/example_dags/example_nested_branch_dag.py took 0.077 seconds
[2024-12-02T10:44:09.004+0000] {processor.py:186} INFO - Started process (PID=319) to work on /home/airflow/.local/lib/python3.12/site-packages/airflow/example_dags/example_nested_branch_dag.py
[2024-12-02T10:44:09.006+0000] {processor.py:914} INFO - Processing file /home/airflow/.local/lib/python3.12/site-packages/airflow/example_dags/example_nested_branch_dag.py for tasks to queue
[2024-12-02T10:44:09.008+0000] {logging_mixin.py:190} INFO - [2024-12-02T10:44:09.008+0000] {dagbag.py:588} INFO - Filling up the DagBag from /home/airflow/.local/lib/python3.12/site-packages/airflow/example_dags/example_nested_branch_dag.py
[2024-12-02T10:44:09.017+0000] {processor.py:925} INFO - DAG(s) 'example_nested_branch_dag' retrieved from /home/airflow/.local/lib/python3.12/site-packages/airflow/example_dags/example_nested_branch_dag.py
[2024-12-02T10:44:09.042+0000] {logging_mixin.py:190} INFO - [2024-12-02T10:44:09.041+0000] {dag.py:3239} INFO - Sync 1 DAGs
[2024-12-02T10:44:09.068+0000] {logging_mixin.py:190} INFO - [2024-12-02T10:44:09.068+0000] {dag.py:4180} INFO - Setting next_dagrun for example_nested_branch_dag to 2024-12-01 00:00:00+00:00, run_after=2024-12-02 00:00:00+00:00
[2024-12-02T10:44:09.087+0000] {processor.py:208} INFO - Processing /home/airflow/.local/lib/python3.12/site-packages/airflow/example_dags/example_nested_branch_dag.py took 0.087 seconds
[2024-12-02T10:44:39.193+0000] {processor.py:186} INFO - Started process (PID=383) to work on /home/airflow/.local/lib/python3.12/site-packages/airflow/example_dags/example_nested_branch_dag.py
[2024-12-02T10:44:39.196+0000] {processor.py:914} INFO - Processing file /home/airflow/.local/lib/python3.12/site-packages/airflow/example_dags/example_nested_branch_dag.py for tasks to queue
[2024-12-02T10:44:39.198+0000] {logging_mixin.py:190} INFO - [2024-12-02T10:44:39.197+0000] {dagbag.py:588} INFO - Filling up the DagBag from /home/airflow/.local/lib/python3.12/site-packages/airflow/example_dags/example_nested_branch_dag.py
[2024-12-02T10:44:39.207+0000] {processor.py:925} INFO - DAG(s) 'example_nested_branch_dag' retrieved from /home/airflow/.local/lib/python3.12/site-packages/airflow/example_dags/example_nested_branch_dag.py
[2024-12-02T10:44:39.222+0000] {logging_mixin.py:190} INFO - [2024-12-02T10:44:39.222+0000] {dag.py:3239} INFO - Sync 1 DAGs
[2024-12-02T10:44:39.238+0000] {logging_mixin.py:190} INFO - [2024-12-02T10:44:39.238+0000] {dag.py:4180} INFO - Setting next_dagrun for example_nested_branch_dag to 2024-12-01 00:00:00+00:00, run_after=2024-12-02 00:00:00+00:00
[2024-12-02T10:44:39.251+0000] {processor.py:208} INFO - Processing /home/airflow/.local/lib/python3.12/site-packages/airflow/example_dags/example_nested_branch_dag.py took 0.063 seconds
[2024-12-02T10:45:09.643+0000] {processor.py:186} INFO - Started process (PID=448) to work on /home/airflow/.local/lib/python3.12/site-packages/airflow/example_dags/example_nested_branch_dag.py
[2024-12-02T10:45:09.644+0000] {processor.py:914} INFO - Processing file /home/airflow/.local/lib/python3.12/site-packages/airflow/example_dags/example_nested_branch_dag.py for tasks to queue
[2024-12-02T10:45:09.646+0000] {logging_mixin.py:190} INFO - [2024-12-02T10:45:09.646+0000] {dagbag.py:588} INFO - Filling up the DagBag from /home/airflow/.local/lib/python3.12/site-packages/airflow/example_dags/example_nested_branch_dag.py
[2024-12-02T10:45:09.672+0000] {processor.py:925} INFO - DAG(s) 'example_nested_branch_dag' retrieved from /home/airflow/.local/lib/python3.12/site-packages/airflow/example_dags/example_nested_branch_dag.py
[2024-12-02T10:45:09.704+0000] {logging_mixin.py:190} INFO - [2024-12-02T10:45:09.703+0000] {dag.py:3239} INFO - Sync 1 DAGs
[2024-12-02T10:45:09.763+0000] {logging_mixin.py:190} INFO - [2024-12-02T10:45:09.762+0000] {dag.py:4180} INFO - Setting next_dagrun for example_nested_branch_dag to 2024-12-01 00:00:00+00:00, run_after=2024-12-02 00:00:00+00:00
[2024-12-02T10:45:09.811+0000] {processor.py:208} INFO - Processing /home/airflow/.local/lib/python3.12/site-packages/airflow/example_dags/example_nested_branch_dag.py took 0.188 seconds
[2024-12-02T10:45:40.907+0000] {processor.py:186} INFO - Started process (PID=512) to work on /home/airflow/.local/lib/python3.12/site-packages/airflow/example_dags/example_nested_branch_dag.py
[2024-12-02T10:45:40.911+0000] {processor.py:914} INFO - Processing file /home/airflow/.local/lib/python3.12/site-packages/airflow/example_dags/example_nested_branch_dag.py for tasks to queue
[2024-12-02T10:45:40.913+0000] {logging_mixin.py:190} INFO - [2024-12-02T10:45:40.913+0000] {dagbag.py:588} INFO - Filling up the DagBag from /home/airflow/.local/lib/python3.12/site-packages/airflow/example_dags/example_nested_branch_dag.py
[2024-12-02T10:45:40.932+0000] {processor.py:925} INFO - DAG(s) 'example_nested_branch_dag' retrieved from /home/airflow/.local/lib/python3.12/site-packages/airflow/example_dags/example_nested_branch_dag.py
[2024-12-02T10:45:40.980+0000] {logging_mixin.py:190} INFO - [2024-12-02T10:45:40.980+0000] {dag.py:3239} INFO - Sync 1 DAGs
[2024-12-02T10:45:41.023+0000] {logging_mixin.py:190} INFO - [2024-12-02T10:45:41.022+0000] {dag.py:4180} INFO - Setting next_dagrun for example_nested_branch_dag to 2024-12-01 00:00:00+00:00, run_after=2024-12-02 00:00:00+00:00
[2024-12-02T10:45:41.073+0000] {processor.py:208} INFO - Processing /home/airflow/.local/lib/python3.12/site-packages/airflow/example_dags/example_nested_branch_dag.py took 0.185 seconds
[2024-12-02T10:46:13.422+0000] {processor.py:186} INFO - Started process (PID=565) to work on /home/airflow/.local/lib/python3.12/site-packages/airflow/example_dags/example_nested_branch_dag.py
[2024-12-02T10:46:13.431+0000] {processor.py:914} INFO - Processing file /home/airflow/.local/lib/python3.12/site-packages/airflow/example_dags/example_nested_branch_dag.py for tasks to queue
[2024-12-02T10:46:13.439+0000] {logging_mixin.py:190} INFO - [2024-12-02T10:46:13.438+0000] {dagbag.py:588} INFO - Filling up the DagBag from /home/airflow/.local/lib/python3.12/site-packages/airflow/example_dags/example_nested_branch_dag.py
[2024-12-02T10:46:13.473+0000] {processor.py:925} INFO - DAG(s) 'example_nested_branch_dag' retrieved from /home/airflow/.local/lib/python3.12/site-packages/airflow/example_dags/example_nested_branch_dag.py
[2024-12-02T10:46:13.556+0000] {logging_mixin.py:190} INFO - [2024-12-02T10:46:13.556+0000] {dag.py:3239} INFO - Sync 1 DAGs
[2024-12-02T10:46:13.605+0000] {logging_mixin.py:190} INFO - [2024-12-02T10:46:13.605+0000] {dag.py:4180} INFO - Setting next_dagrun for example_nested_branch_dag to 2024-12-01 00:00:00+00:00, run_after=2024-12-02 00:00:00+00:00
[2024-12-02T10:46:13.632+0000] {processor.py:208} INFO - Processing /home/airflow/.local/lib/python3.12/site-packages/airflow/example_dags/example_nested_branch_dag.py took 0.224 seconds
[2024-12-02T10:46:48.353+0000] {processor.py:186} INFO - Started process (PID=629) to work on /home/airflow/.local/lib/python3.12/site-packages/airflow/example_dags/example_nested_branch_dag.py
[2024-12-02T10:46:48.370+0000] {processor.py:914} INFO - Processing file /home/airflow/.local/lib/python3.12/site-packages/airflow/example_dags/example_nested_branch_dag.py for tasks to queue
[2024-12-02T10:46:48.378+0000] {logging_mixin.py:190} INFO - [2024-12-02T10:46:48.378+0000] {dagbag.py:588} INFO - Filling up the DagBag from /home/airflow/.local/lib/python3.12/site-packages/airflow/example_dags/example_nested_branch_dag.py
[2024-12-02T10:46:48.413+0000] {processor.py:925} INFO - DAG(s) 'example_nested_branch_dag' retrieved from /home/airflow/.local/lib/python3.12/site-packages/airflow/example_dags/example_nested_branch_dag.py
[2024-12-02T10:46:48.472+0000] {logging_mixin.py:190} INFO - [2024-12-02T10:46:48.472+0000] {dag.py:3239} INFO - Sync 1 DAGs
[2024-12-02T10:46:48.496+0000] {logging_mixin.py:190} INFO - [2024-12-02T10:46:48.496+0000] {dag.py:4180} INFO - Setting next_dagrun for example_nested_branch_dag to 2024-12-01 00:00:00+00:00, run_after=2024-12-02 00:00:00+00:00
[2024-12-02T10:46:48.525+0000] {processor.py:208} INFO - Processing /home/airflow/.local/lib/python3.12/site-packages/airflow/example_dags/example_nested_branch_dag.py took 0.206 seconds
[2024-12-02T10:49:34.466+0000] {processor.py:186} INFO - Started process (PID=689) to work on /home/airflow/.local/lib/python3.12/site-packages/airflow/example_dags/example_nested_branch_dag.py
[2024-12-02T10:49:34.493+0000] {processor.py:914} INFO - Processing file /home/airflow/.local/lib/python3.12/site-packages/airflow/example_dags/example_nested_branch_dag.py for tasks to queue
[2024-12-02T10:49:34.494+0000] {logging_mixin.py:190} INFO - [2024-12-02T10:49:34.494+0000] {dagbag.py:588} INFO - Filling up the DagBag from /home/airflow/.local/lib/python3.12/site-packages/airflow/example_dags/example_nested_branch_dag.py
[2024-12-02T10:49:34.574+0000] {processor.py:925} INFO - DAG(s) 'example_nested_branch_dag' retrieved from /home/airflow/.local/lib/python3.12/site-packages/airflow/example_dags/example_nested_branch_dag.py
[2024-12-02T10:49:34.727+0000] {logging_mixin.py:190} INFO - [2024-12-02T10:49:34.727+0000] {dag.py:3239} INFO - Sync 1 DAGs
[2024-12-02T10:49:35.075+0000] {logging_mixin.py:190} INFO - [2024-12-02T10:49:35.068+0000] {dag.py:4180} INFO - Setting next_dagrun for example_nested_branch_dag to 2024-12-01 00:00:00+00:00, run_after=2024-12-02 00:00:00+00:00
[2024-12-02T10:49:35.127+0000] {processor.py:208} INFO - Processing /home/airflow/.local/lib/python3.12/site-packages/airflow/example_dags/example_nested_branch_dag.py took 0.682 seconds
[2024-12-02T10:58:10.556+0000] {processor.py:186} INFO - Started process (PID=78) to work on /home/airflow/.local/lib/python3.12/site-packages/airflow/example_dags/example_nested_branch_dag.py
[2024-12-02T10:58:10.561+0000] {processor.py:914} INFO - Processing file /home/airflow/.local/lib/python3.12/site-packages/airflow/example_dags/example_nested_branch_dag.py for tasks to queue
[2024-12-02T10:58:10.566+0000] {logging_mixin.py:190} INFO - [2024-12-02T10:58:10.565+0000] {dagbag.py:588} INFO - Filling up the DagBag from /home/airflow/.local/lib/python3.12/site-packages/airflow/example_dags/example_nested_branch_dag.py
[2024-12-02T10:58:10.604+0000] {processor.py:925} INFO - DAG(s) 'example_nested_branch_dag' retrieved from /home/airflow/.local/lib/python3.12/site-packages/airflow/example_dags/example_nested_branch_dag.py
[2024-12-02T10:58:10.736+0000] {logging_mixin.py:190} INFO - [2024-12-02T10:58:10.735+0000] {dag.py:3239} INFO - Sync 1 DAGs
[2024-12-02T10:58:10.859+0000] {logging_mixin.py:190} INFO - [2024-12-02T10:58:10.859+0000] {dag.py:4180} INFO - Setting next_dagrun for example_nested_branch_dag to 2024-12-01 00:00:00+00:00, run_after=2024-12-02 00:00:00+00:00
[2024-12-02T10:58:10.950+0000] {processor.py:208} INFO - Processing /home/airflow/.local/lib/python3.12/site-packages/airflow/example_dags/example_nested_branch_dag.py took 0.423 seconds
[2024-12-02T10:58:41.781+0000] {processor.py:186} INFO - Started process (PID=142) to work on /home/airflow/.local/lib/python3.12/site-packages/airflow/example_dags/example_nested_branch_dag.py
[2024-12-02T10:58:41.783+0000] {processor.py:914} INFO - Processing file /home/airflow/.local/lib/python3.12/site-packages/airflow/example_dags/example_nested_branch_dag.py for tasks to queue
[2024-12-02T10:58:41.785+0000] {logging_mixin.py:190} INFO - [2024-12-02T10:58:41.785+0000] {dagbag.py:588} INFO - Filling up the DagBag from /home/airflow/.local/lib/python3.12/site-packages/airflow/example_dags/example_nested_branch_dag.py
[2024-12-02T10:58:41.794+0000] {processor.py:925} INFO - DAG(s) 'example_nested_branch_dag' retrieved from /home/airflow/.local/lib/python3.12/site-packages/airflow/example_dags/example_nested_branch_dag.py
[2024-12-02T10:58:41.810+0000] {logging_mixin.py:190} INFO - [2024-12-02T10:58:41.810+0000] {dag.py:3239} INFO - Sync 1 DAGs
[2024-12-02T10:58:41.829+0000] {logging_mixin.py:190} INFO - [2024-12-02T10:58:41.829+0000] {dag.py:4180} INFO - Setting next_dagrun for example_nested_branch_dag to 2024-12-01 00:00:00+00:00, run_after=2024-12-02 00:00:00+00:00
[2024-12-02T10:58:41.846+0000] {processor.py:208} INFO - Processing /home/airflow/.local/lib/python3.12/site-packages/airflow/example_dags/example_nested_branch_dag.py took 0.070 seconds
[2024-12-02T10:59:11.891+0000] {processor.py:186} INFO - Started process (PID=206) to work on /home/airflow/.local/lib/python3.12/site-packages/airflow/example_dags/example_nested_branch_dag.py
[2024-12-02T10:59:11.899+0000] {processor.py:914} INFO - Processing file /home/airflow/.local/lib/python3.12/site-packages/airflow/example_dags/example_nested_branch_dag.py for tasks to queue
[2024-12-02T10:59:11.902+0000] {logging_mixin.py:190} INFO - [2024-12-02T10:59:11.901+0000] {dagbag.py:588} INFO - Filling up the DagBag from /home/airflow/.local/lib/python3.12/site-packages/airflow/example_dags/example_nested_branch_dag.py
[2024-12-02T10:59:11.912+0000] {processor.py:925} INFO - DAG(s) 'example_nested_branch_dag' retrieved from /home/airflow/.local/lib/python3.12/site-packages/airflow/example_dags/example_nested_branch_dag.py
[2024-12-02T10:59:11.941+0000] {logging_mixin.py:190} INFO - [2024-12-02T10:59:11.941+0000] {dag.py:3239} INFO - Sync 1 DAGs
[2024-12-02T10:59:11.960+0000] {logging_mixin.py:190} INFO - [2024-12-02T10:59:11.959+0000] {dag.py:4180} INFO - Setting next_dagrun for example_nested_branch_dag to 2024-12-01 00:00:00+00:00, run_after=2024-12-02 00:00:00+00:00
[2024-12-02T10:59:11.974+0000] {processor.py:208} INFO - Processing /home/airflow/.local/lib/python3.12/site-packages/airflow/example_dags/example_nested_branch_dag.py took 0.087 seconds
[2024-12-02T10:59:46.238+0000] {processor.py:186} INFO - Started process (PID=270) to work on /home/airflow/.local/lib/python3.12/site-packages/airflow/example_dags/example_nested_branch_dag.py
[2024-12-02T10:59:46.282+0000] {processor.py:914} INFO - Processing file /home/airflow/.local/lib/python3.12/site-packages/airflow/example_dags/example_nested_branch_dag.py for tasks to queue
[2024-12-02T10:59:46.284+0000] {logging_mixin.py:190} INFO - [2024-12-02T10:59:46.283+0000] {dagbag.py:588} INFO - Filling up the DagBag from /home/airflow/.local/lib/python3.12/site-packages/airflow/example_dags/example_nested_branch_dag.py
[2024-12-02T10:59:46.308+0000] {processor.py:925} INFO - DAG(s) 'example_nested_branch_dag' retrieved from /home/airflow/.local/lib/python3.12/site-packages/airflow/example_dags/example_nested_branch_dag.py
[2024-12-02T10:59:46.348+0000] {logging_mixin.py:190} INFO - [2024-12-02T10:59:46.347+0000] {dag.py:3239} INFO - Sync 1 DAGs
[2024-12-02T10:59:46.451+0000] {logging_mixin.py:190} INFO - [2024-12-02T10:59:46.451+0000] {dag.py:4180} INFO - Setting next_dagrun for example_nested_branch_dag to 2024-12-01 00:00:00+00:00, run_after=2024-12-02 00:00:00+00:00
[2024-12-02T10:59:46.557+0000] {processor.py:208} INFO - Processing /home/airflow/.local/lib/python3.12/site-packages/airflow/example_dags/example_nested_branch_dag.py took 0.323 seconds
[2024-12-02T11:00:16.679+0000] {processor.py:186} INFO - Started process (PID=333) to work on /home/airflow/.local/lib/python3.12/site-packages/airflow/example_dags/example_nested_branch_dag.py
[2024-12-02T11:00:16.680+0000] {processor.py:914} INFO - Processing file /home/airflow/.local/lib/python3.12/site-packages/airflow/example_dags/example_nested_branch_dag.py for tasks to queue
[2024-12-02T11:00:16.682+0000] {logging_mixin.py:190} INFO - [2024-12-02T11:00:16.682+0000] {dagbag.py:588} INFO - Filling up the DagBag from /home/airflow/.local/lib/python3.12/site-packages/airflow/example_dags/example_nested_branch_dag.py
[2024-12-02T11:00:16.691+0000] {processor.py:925} INFO - DAG(s) 'example_nested_branch_dag' retrieved from /home/airflow/.local/lib/python3.12/site-packages/airflow/example_dags/example_nested_branch_dag.py
[2024-12-02T11:00:16.708+0000] {logging_mixin.py:190} INFO - [2024-12-02T11:00:16.708+0000] {dag.py:3239} INFO - Sync 1 DAGs
[2024-12-02T11:00:16.729+0000] {logging_mixin.py:190} INFO - [2024-12-02T11:00:16.729+0000] {dag.py:4180} INFO - Setting next_dagrun for example_nested_branch_dag to 2024-12-01 00:00:00+00:00, run_after=2024-12-02 00:00:00+00:00
[2024-12-02T11:00:16.743+0000] {processor.py:208} INFO - Processing /home/airflow/.local/lib/python3.12/site-packages/airflow/example_dags/example_nested_branch_dag.py took 0.069 seconds
[2024-12-02T11:00:47.899+0000] {processor.py:186} INFO - Started process (PID=396) to work on /home/airflow/.local/lib/python3.12/site-packages/airflow/example_dags/example_nested_branch_dag.py
[2024-12-02T11:00:47.902+0000] {processor.py:914} INFO - Processing file /home/airflow/.local/lib/python3.12/site-packages/airflow/example_dags/example_nested_branch_dag.py for tasks to queue
[2024-12-02T11:00:47.903+0000] {logging_mixin.py:190} INFO - [2024-12-02T11:00:47.903+0000] {dagbag.py:588} INFO - Filling up the DagBag from /home/airflow/.local/lib/python3.12/site-packages/airflow/example_dags/example_nested_branch_dag.py
[2024-12-02T11:00:47.995+0000] {processor.py:925} INFO - DAG(s) 'example_nested_branch_dag' retrieved from /home/airflow/.local/lib/python3.12/site-packages/airflow/example_dags/example_nested_branch_dag.py
[2024-12-02T11:00:48.125+0000] {logging_mixin.py:190} INFO - [2024-12-02T11:00:48.125+0000] {dag.py:3239} INFO - Sync 1 DAGs
[2024-12-02T11:00:48.213+0000] {logging_mixin.py:190} INFO - [2024-12-02T11:00:48.213+0000] {dag.py:4180} INFO - Setting next_dagrun for example_nested_branch_dag to 2024-12-01 00:00:00+00:00, run_after=2024-12-02 00:00:00+00:00
[2024-12-02T11:00:48.410+0000] {processor.py:208} INFO - Processing /home/airflow/.local/lib/python3.12/site-packages/airflow/example_dags/example_nested_branch_dag.py took 0.603 seconds
[2024-12-02T11:01:18.483+0000] {processor.py:186} INFO - Started process (PID=459) to work on /home/airflow/.local/lib/python3.12/site-packages/airflow/example_dags/example_nested_branch_dag.py
[2024-12-02T11:01:18.484+0000] {processor.py:914} INFO - Processing file /home/airflow/.local/lib/python3.12/site-packages/airflow/example_dags/example_nested_branch_dag.py for tasks to queue
[2024-12-02T11:01:18.486+0000] {logging_mixin.py:190} INFO - [2024-12-02T11:01:18.486+0000] {dagbag.py:588} INFO - Filling up the DagBag from /home/airflow/.local/lib/python3.12/site-packages/airflow/example_dags/example_nested_branch_dag.py
[2024-12-02T11:01:18.495+0000] {processor.py:925} INFO - DAG(s) 'example_nested_branch_dag' retrieved from /home/airflow/.local/lib/python3.12/site-packages/airflow/example_dags/example_nested_branch_dag.py
[2024-12-02T11:01:18.513+0000] {logging_mixin.py:190} INFO - [2024-12-02T11:01:18.512+0000] {dag.py:3239} INFO - Sync 1 DAGs
[2024-12-02T11:01:18.530+0000] {logging_mixin.py:190} INFO - [2024-12-02T11:01:18.530+0000] {dag.py:4180} INFO - Setting next_dagrun for example_nested_branch_dag to 2024-12-01 00:00:00+00:00, run_after=2024-12-02 00:00:00+00:00
[2024-12-02T11:01:18.546+0000] {processor.py:208} INFO - Processing /home/airflow/.local/lib/python3.12/site-packages/airflow/example_dags/example_nested_branch_dag.py took 0.067 seconds
[2024-12-02T11:01:48.654+0000] {processor.py:186} INFO - Started process (PID=523) to work on /home/airflow/.local/lib/python3.12/site-packages/airflow/example_dags/example_nested_branch_dag.py
[2024-12-02T11:01:48.655+0000] {processor.py:914} INFO - Processing file /home/airflow/.local/lib/python3.12/site-packages/airflow/example_dags/example_nested_branch_dag.py for tasks to queue
[2024-12-02T11:01:48.657+0000] {logging_mixin.py:190} INFO - [2024-12-02T11:01:48.657+0000] {dagbag.py:588} INFO - Filling up the DagBag from /home/airflow/.local/lib/python3.12/site-packages/airflow/example_dags/example_nested_branch_dag.py
[2024-12-02T11:01:48.665+0000] {processor.py:925} INFO - DAG(s) 'example_nested_branch_dag' retrieved from /home/airflow/.local/lib/python3.12/site-packages/airflow/example_dags/example_nested_branch_dag.py
[2024-12-02T11:01:48.681+0000] {logging_mixin.py:190} INFO - [2024-12-02T11:01:48.681+0000] {dag.py:3239} INFO - Sync 1 DAGs
[2024-12-02T11:01:48.701+0000] {logging_mixin.py:190} INFO - [2024-12-02T11:01:48.701+0000] {dag.py:4180} INFO - Setting next_dagrun for example_nested_branch_dag to 2024-12-01 00:00:00+00:00, run_after=2024-12-02 00:00:00+00:00
[2024-12-02T11:01:48.716+0000] {processor.py:208} INFO - Processing /home/airflow/.local/lib/python3.12/site-packages/airflow/example_dags/example_nested_branch_dag.py took 0.073 seconds
[2024-12-02T11:02:19.043+0000] {processor.py:186} INFO - Started process (PID=586) to work on /home/airflow/.local/lib/python3.12/site-packages/airflow/example_dags/example_nested_branch_dag.py
[2024-12-02T11:02:19.044+0000] {processor.py:914} INFO - Processing file /home/airflow/.local/lib/python3.12/site-packages/airflow/example_dags/example_nested_branch_dag.py for tasks to queue
[2024-12-02T11:02:19.045+0000] {logging_mixin.py:190} INFO - [2024-12-02T11:02:19.045+0000] {dagbag.py:588} INFO - Filling up the DagBag from /home/airflow/.local/lib/python3.12/site-packages/airflow/example_dags/example_nested_branch_dag.py
[2024-12-02T11:02:19.054+0000] {processor.py:925} INFO - DAG(s) 'example_nested_branch_dag' retrieved from /home/airflow/.local/lib/python3.12/site-packages/airflow/example_dags/example_nested_branch_dag.py
[2024-12-02T11:02:19.073+0000] {logging_mixin.py:190} INFO - [2024-12-02T11:02:19.073+0000] {dag.py:3239} INFO - Sync 1 DAGs
[2024-12-02T11:02:19.092+0000] {logging_mixin.py:190} INFO - [2024-12-02T11:02:19.091+0000] {dag.py:4180} INFO - Setting next_dagrun for example_nested_branch_dag to 2024-12-01 00:00:00+00:00, run_after=2024-12-02 00:00:00+00:00
[2024-12-02T11:02:19.107+0000] {processor.py:208} INFO - Processing /home/airflow/.local/lib/python3.12/site-packages/airflow/example_dags/example_nested_branch_dag.py took 0.068 seconds
[2024-12-02T11:02:49.580+0000] {processor.py:186} INFO - Started process (PID=644) to work on /home/airflow/.local/lib/python3.12/site-packages/airflow/example_dags/example_nested_branch_dag.py
[2024-12-02T11:02:49.600+0000] {processor.py:914} INFO - Processing file /home/airflow/.local/lib/python3.12/site-packages/airflow/example_dags/example_nested_branch_dag.py for tasks to queue
[2024-12-02T11:02:49.602+0000] {logging_mixin.py:190} INFO - [2024-12-02T11:02:49.602+0000] {dagbag.py:588} INFO - Filling up the DagBag from /home/airflow/.local/lib/python3.12/site-packages/airflow/example_dags/example_nested_branch_dag.py
[2024-12-02T11:02:49.640+0000] {processor.py:925} INFO - DAG(s) 'example_nested_branch_dag' retrieved from /home/airflow/.local/lib/python3.12/site-packages/airflow/example_dags/example_nested_branch_dag.py
[2024-12-02T11:02:49.693+0000] {logging_mixin.py:190} INFO - [2024-12-02T11:02:49.692+0000] {dag.py:3239} INFO - Sync 1 DAGs
[2024-12-02T11:02:49.711+0000] {logging_mixin.py:190} INFO - [2024-12-02T11:02:49.711+0000] {dag.py:4180} INFO - Setting next_dagrun for example_nested_branch_dag to 2024-12-01 00:00:00+00:00, run_after=2024-12-02 00:00:00+00:00
[2024-12-02T11:02:49.729+0000] {processor.py:208} INFO - Processing /home/airflow/.local/lib/python3.12/site-packages/airflow/example_dags/example_nested_branch_dag.py took 0.155 seconds
[2024-12-02T11:03:20.837+0000] {processor.py:186} INFO - Started process (PID=697) to work on /home/airflow/.local/lib/python3.12/site-packages/airflow/example_dags/example_nested_branch_dag.py
[2024-12-02T11:03:20.839+0000] {processor.py:914} INFO - Processing file /home/airflow/.local/lib/python3.12/site-packages/airflow/example_dags/example_nested_branch_dag.py for tasks to queue
[2024-12-02T11:03:20.846+0000] {logging_mixin.py:190} INFO - [2024-12-02T11:03:20.846+0000] {dagbag.py:588} INFO - Filling up the DagBag from /home/airflow/.local/lib/python3.12/site-packages/airflow/example_dags/example_nested_branch_dag.py
[2024-12-02T11:03:20.864+0000] {processor.py:925} INFO - DAG(s) 'example_nested_branch_dag' retrieved from /home/airflow/.local/lib/python3.12/site-packages/airflow/example_dags/example_nested_branch_dag.py
[2024-12-02T11:03:20.894+0000] {logging_mixin.py:190} INFO - [2024-12-02T11:03:20.893+0000] {dag.py:3239} INFO - Sync 1 DAGs
[2024-12-02T11:03:20.934+0000] {logging_mixin.py:190} INFO - [2024-12-02T11:03:20.934+0000] {dag.py:4180} INFO - Setting next_dagrun for example_nested_branch_dag to 2024-12-01 00:00:00+00:00, run_after=2024-12-02 00:00:00+00:00
[2024-12-02T11:03:20.976+0000] {processor.py:208} INFO - Processing /home/airflow/.local/lib/python3.12/site-packages/airflow/example_dags/example_nested_branch_dag.py took 0.144 seconds
[2024-12-02T11:03:51.826+0000] {processor.py:186} INFO - Started process (PID=749) to work on /home/airflow/.local/lib/python3.12/site-packages/airflow/example_dags/example_nested_branch_dag.py
[2024-12-02T11:03:51.827+0000] {processor.py:914} INFO - Processing file /home/airflow/.local/lib/python3.12/site-packages/airflow/example_dags/example_nested_branch_dag.py for tasks to queue
[2024-12-02T11:03:51.829+0000] {logging_mixin.py:190} INFO - [2024-12-02T11:03:51.828+0000] {dagbag.py:588} INFO - Filling up the DagBag from /home/airflow/.local/lib/python3.12/site-packages/airflow/example_dags/example_nested_branch_dag.py
[2024-12-02T11:03:51.855+0000] {processor.py:925} INFO - DAG(s) 'example_nested_branch_dag' retrieved from /home/airflow/.local/lib/python3.12/site-packages/airflow/example_dags/example_nested_branch_dag.py
[2024-12-02T11:03:51.901+0000] {logging_mixin.py:190} INFO - [2024-12-02T11:03:51.901+0000] {dag.py:3239} INFO - Sync 1 DAGs
[2024-12-02T11:03:51.939+0000] {logging_mixin.py:190} INFO - [2024-12-02T11:03:51.939+0000] {dag.py:4180} INFO - Setting next_dagrun for example_nested_branch_dag to 2024-12-01 00:00:00+00:00, run_after=2024-12-02 00:00:00+00:00
[2024-12-02T11:03:51.983+0000] {processor.py:208} INFO - Processing /home/airflow/.local/lib/python3.12/site-packages/airflow/example_dags/example_nested_branch_dag.py took 0.162 seconds
[2024-12-02T11:04:22.102+0000] {processor.py:186} INFO - Started process (PID=814) to work on /home/airflow/.local/lib/python3.12/site-packages/airflow/example_dags/example_nested_branch_dag.py
[2024-12-02T11:04:22.103+0000] {processor.py:914} INFO - Processing file /home/airflow/.local/lib/python3.12/site-packages/airflow/example_dags/example_nested_branch_dag.py for tasks to queue
[2024-12-02T11:04:22.105+0000] {logging_mixin.py:190} INFO - [2024-12-02T11:04:22.104+0000] {dagbag.py:588} INFO - Filling up the DagBag from /home/airflow/.local/lib/python3.12/site-packages/airflow/example_dags/example_nested_branch_dag.py
[2024-12-02T11:04:22.113+0000] {processor.py:925} INFO - DAG(s) 'example_nested_branch_dag' retrieved from /home/airflow/.local/lib/python3.12/site-packages/airflow/example_dags/example_nested_branch_dag.py
[2024-12-02T11:04:22.128+0000] {logging_mixin.py:190} INFO - [2024-12-02T11:04:22.128+0000] {dag.py:3239} INFO - Sync 1 DAGs
[2024-12-02T11:04:22.148+0000] {logging_mixin.py:190} INFO - [2024-12-02T11:04:22.148+0000] {dag.py:4180} INFO - Setting next_dagrun for example_nested_branch_dag to 2024-12-01 00:00:00+00:00, run_after=2024-12-02 00:00:00+00:00
[2024-12-02T11:04:22.163+0000] {processor.py:208} INFO - Processing /home/airflow/.local/lib/python3.12/site-packages/airflow/example_dags/example_nested_branch_dag.py took 0.064 seconds
[2024-12-02T11:04:52.329+0000] {processor.py:186} INFO - Started process (PID=878) to work on /home/airflow/.local/lib/python3.12/site-packages/airflow/example_dags/example_nested_branch_dag.py
[2024-12-02T11:04:52.333+0000] {processor.py:914} INFO - Processing file /home/airflow/.local/lib/python3.12/site-packages/airflow/example_dags/example_nested_branch_dag.py for tasks to queue
[2024-12-02T11:04:52.335+0000] {logging_mixin.py:190} INFO - [2024-12-02T11:04:52.335+0000] {dagbag.py:588} INFO - Filling up the DagBag from /home/airflow/.local/lib/python3.12/site-packages/airflow/example_dags/example_nested_branch_dag.py
[2024-12-02T11:04:52.343+0000] {processor.py:925} INFO - DAG(s) 'example_nested_branch_dag' retrieved from /home/airflow/.local/lib/python3.12/site-packages/airflow/example_dags/example_nested_branch_dag.py
[2024-12-02T11:04:52.366+0000] {logging_mixin.py:190} INFO - [2024-12-02T11:04:52.366+0000] {dag.py:3239} INFO - Sync 1 DAGs
[2024-12-02T11:04:52.383+0000] {logging_mixin.py:190} INFO - [2024-12-02T11:04:52.383+0000] {dag.py:4180} INFO - Setting next_dagrun for example_nested_branch_dag to 2024-12-01 00:00:00+00:00, run_after=2024-12-02 00:00:00+00:00
[2024-12-02T11:04:52.397+0000] {processor.py:208} INFO - Processing /home/airflow/.local/lib/python3.12/site-packages/airflow/example_dags/example_nested_branch_dag.py took 0.078 seconds
[2024-12-02T11:05:23.211+0000] {processor.py:186} INFO - Started process (PID=942) to work on /home/airflow/.local/lib/python3.12/site-packages/airflow/example_dags/example_nested_branch_dag.py
[2024-12-02T11:05:23.211+0000] {processor.py:914} INFO - Processing file /home/airflow/.local/lib/python3.12/site-packages/airflow/example_dags/example_nested_branch_dag.py for tasks to queue
[2024-12-02T11:05:23.217+0000] {logging_mixin.py:190} INFO - [2024-12-02T11:05:23.213+0000] {dagbag.py:588} INFO - Filling up the DagBag from /home/airflow/.local/lib/python3.12/site-packages/airflow/example_dags/example_nested_branch_dag.py
[2024-12-02T11:05:23.233+0000] {processor.py:925} INFO - DAG(s) 'example_nested_branch_dag' retrieved from /home/airflow/.local/lib/python3.12/site-packages/airflow/example_dags/example_nested_branch_dag.py
[2024-12-02T11:05:23.250+0000] {logging_mixin.py:190} INFO - [2024-12-02T11:05:23.250+0000] {dag.py:3239} INFO - Sync 1 DAGs
[2024-12-02T11:05:23.274+0000] {logging_mixin.py:190} INFO - [2024-12-02T11:05:23.274+0000] {dag.py:4180} INFO - Setting next_dagrun for example_nested_branch_dag to 2024-12-01 00:00:00+00:00, run_after=2024-12-02 00:00:00+00:00
[2024-12-02T11:05:23.290+0000] {processor.py:208} INFO - Processing /home/airflow/.local/lib/python3.12/site-packages/airflow/example_dags/example_nested_branch_dag.py took 0.085 seconds
[2024-12-02T11:05:54.507+0000] {processor.py:186} INFO - Started process (PID=1006) to work on /home/airflow/.local/lib/python3.12/site-packages/airflow/example_dags/example_nested_branch_dag.py
[2024-12-02T11:05:54.514+0000] {processor.py:914} INFO - Processing file /home/airflow/.local/lib/python3.12/site-packages/airflow/example_dags/example_nested_branch_dag.py for tasks to queue
[2024-12-02T11:05:54.528+0000] {logging_mixin.py:190} INFO - [2024-12-02T11:05:54.527+0000] {dagbag.py:588} INFO - Filling up the DagBag from /home/airflow/.local/lib/python3.12/site-packages/airflow/example_dags/example_nested_branch_dag.py
[2024-12-02T11:05:54.546+0000] {processor.py:925} INFO - DAG(s) 'example_nested_branch_dag' retrieved from /home/airflow/.local/lib/python3.12/site-packages/airflow/example_dags/example_nested_branch_dag.py
[2024-12-02T11:05:54.599+0000] {logging_mixin.py:190} INFO - [2024-12-02T11:05:54.599+0000] {dag.py:3239} INFO - Sync 1 DAGs
[2024-12-02T11:05:54.641+0000] {logging_mixin.py:190} INFO - [2024-12-02T11:05:54.641+0000] {dag.py:4180} INFO - Setting next_dagrun for example_nested_branch_dag to 2024-12-01 00:00:00+00:00, run_after=2024-12-02 00:00:00+00:00
[2024-12-02T11:05:54.685+0000] {processor.py:208} INFO - Processing /home/airflow/.local/lib/python3.12/site-packages/airflow/example_dags/example_nested_branch_dag.py took 0.199 seconds
[2024-12-02T11:06:25.347+0000] {processor.py:186} INFO - Started process (PID=1071) to work on /home/airflow/.local/lib/python3.12/site-packages/airflow/example_dags/example_nested_branch_dag.py
[2024-12-02T11:06:25.348+0000] {processor.py:914} INFO - Processing file /home/airflow/.local/lib/python3.12/site-packages/airflow/example_dags/example_nested_branch_dag.py for tasks to queue
[2024-12-02T11:06:25.350+0000] {logging_mixin.py:190} INFO - [2024-12-02T11:06:25.349+0000] {dagbag.py:588} INFO - Filling up the DagBag from /home/airflow/.local/lib/python3.12/site-packages/airflow/example_dags/example_nested_branch_dag.py
[2024-12-02T11:06:25.357+0000] {processor.py:925} INFO - DAG(s) 'example_nested_branch_dag' retrieved from /home/airflow/.local/lib/python3.12/site-packages/airflow/example_dags/example_nested_branch_dag.py
[2024-12-02T11:06:25.372+0000] {logging_mixin.py:190} INFO - [2024-12-02T11:06:25.372+0000] {dag.py:3239} INFO - Sync 1 DAGs
[2024-12-02T11:06:25.387+0000] {logging_mixin.py:190} INFO - [2024-12-02T11:06:25.387+0000] {dag.py:4180} INFO - Setting next_dagrun for example_nested_branch_dag to 2024-12-01 00:00:00+00:00, run_after=2024-12-02 00:00:00+00:00
[2024-12-02T11:06:25.432+0000] {processor.py:208} INFO - Processing /home/airflow/.local/lib/python3.12/site-packages/airflow/example_dags/example_nested_branch_dag.py took 0.088 seconds
[2024-12-02T11:06:55.659+0000] {processor.py:186} INFO - Started process (PID=1134) to work on /home/airflow/.local/lib/python3.12/site-packages/airflow/example_dags/example_nested_branch_dag.py
[2024-12-02T11:06:55.661+0000] {processor.py:914} INFO - Processing file /home/airflow/.local/lib/python3.12/site-packages/airflow/example_dags/example_nested_branch_dag.py for tasks to queue
[2024-12-02T11:06:55.662+0000] {logging_mixin.py:190} INFO - [2024-12-02T11:06:55.662+0000] {dagbag.py:588} INFO - Filling up the DagBag from /home/airflow/.local/lib/python3.12/site-packages/airflow/example_dags/example_nested_branch_dag.py
[2024-12-02T11:06:55.671+0000] {processor.py:925} INFO - DAG(s) 'example_nested_branch_dag' retrieved from /home/airflow/.local/lib/python3.12/site-packages/airflow/example_dags/example_nested_branch_dag.py
[2024-12-02T11:06:55.685+0000] {logging_mixin.py:190} INFO - [2024-12-02T11:06:55.685+0000] {dag.py:3239} INFO - Sync 1 DAGs
[2024-12-02T11:06:55.701+0000] {logging_mixin.py:190} INFO - [2024-12-02T11:06:55.701+0000] {dag.py:4180} INFO - Setting next_dagrun for example_nested_branch_dag to 2024-12-01 00:00:00+00:00, run_after=2024-12-02 00:00:00+00:00
[2024-12-02T11:06:55.713+0000] {processor.py:208} INFO - Processing /home/airflow/.local/lib/python3.12/site-packages/airflow/example_dags/example_nested_branch_dag.py took 0.059 seconds
[2024-12-02T11:07:26.505+0000] {processor.py:186} INFO - Started process (PID=1198) to work on /home/airflow/.local/lib/python3.12/site-packages/airflow/example_dags/example_nested_branch_dag.py
[2024-12-02T11:07:26.508+0000] {processor.py:914} INFO - Processing file /home/airflow/.local/lib/python3.12/site-packages/airflow/example_dags/example_nested_branch_dag.py for tasks to queue
[2024-12-02T11:07:26.510+0000] {logging_mixin.py:190} INFO - [2024-12-02T11:07:26.510+0000] {dagbag.py:588} INFO - Filling up the DagBag from /home/airflow/.local/lib/python3.12/site-packages/airflow/example_dags/example_nested_branch_dag.py
[2024-12-02T11:07:26.520+0000] {processor.py:925} INFO - DAG(s) 'example_nested_branch_dag' retrieved from /home/airflow/.local/lib/python3.12/site-packages/airflow/example_dags/example_nested_branch_dag.py
[2024-12-02T11:07:26.536+0000] {logging_mixin.py:190} INFO - [2024-12-02T11:07:26.536+0000] {dag.py:3239} INFO - Sync 1 DAGs
[2024-12-02T11:07:26.556+0000] {logging_mixin.py:190} INFO - [2024-12-02T11:07:26.556+0000] {dag.py:4180} INFO - Setting next_dagrun for example_nested_branch_dag to 2024-12-01 00:00:00+00:00, run_after=2024-12-02 00:00:00+00:00
[2024-12-02T11:07:26.574+0000] {processor.py:208} INFO - Processing /home/airflow/.local/lib/python3.12/site-packages/airflow/example_dags/example_nested_branch_dag.py took 0.073 seconds
[2024-12-02T11:07:56.857+0000] {processor.py:186} INFO - Started process (PID=1261) to work on /home/airflow/.local/lib/python3.12/site-packages/airflow/example_dags/example_nested_branch_dag.py
[2024-12-02T11:07:56.865+0000] {processor.py:914} INFO - Processing file /home/airflow/.local/lib/python3.12/site-packages/airflow/example_dags/example_nested_branch_dag.py for tasks to queue
[2024-12-02T11:07:56.871+0000] {logging_mixin.py:190} INFO - [2024-12-02T11:07:56.871+0000] {dagbag.py:588} INFO - Filling up the DagBag from /home/airflow/.local/lib/python3.12/site-packages/airflow/example_dags/example_nested_branch_dag.py
[2024-12-02T11:07:56.894+0000] {processor.py:925} INFO - DAG(s) 'example_nested_branch_dag' retrieved from /home/airflow/.local/lib/python3.12/site-packages/airflow/example_dags/example_nested_branch_dag.py
[2024-12-02T11:07:56.937+0000] {logging_mixin.py:190} INFO - [2024-12-02T11:07:56.937+0000] {dag.py:3239} INFO - Sync 1 DAGs
[2024-12-02T11:07:56.964+0000] {logging_mixin.py:190} INFO - [2024-12-02T11:07:56.964+0000] {dag.py:4180} INFO - Setting next_dagrun for example_nested_branch_dag to 2024-12-01 00:00:00+00:00, run_after=2024-12-02 00:00:00+00:00
[2024-12-02T11:07:56.980+0000] {processor.py:208} INFO - Processing /home/airflow/.local/lib/python3.12/site-packages/airflow/example_dags/example_nested_branch_dag.py took 0.128 seconds
[2024-12-02T11:08:27.142+0000] {processor.py:186} INFO - Started process (PID=1325) to work on /home/airflow/.local/lib/python3.12/site-packages/airflow/example_dags/example_nested_branch_dag.py
[2024-12-02T11:08:27.144+0000] {processor.py:914} INFO - Processing file /home/airflow/.local/lib/python3.12/site-packages/airflow/example_dags/example_nested_branch_dag.py for tasks to queue
[2024-12-02T11:08:27.146+0000] {logging_mixin.py:190} INFO - [2024-12-02T11:08:27.146+0000] {dagbag.py:588} INFO - Filling up the DagBag from /home/airflow/.local/lib/python3.12/site-packages/airflow/example_dags/example_nested_branch_dag.py
[2024-12-02T11:08:27.161+0000] {processor.py:925} INFO - DAG(s) 'example_nested_branch_dag' retrieved from /home/airflow/.local/lib/python3.12/site-packages/airflow/example_dags/example_nested_branch_dag.py
[2024-12-02T11:08:27.176+0000] {logging_mixin.py:190} INFO - [2024-12-02T11:08:27.176+0000] {dag.py:3239} INFO - Sync 1 DAGs
[2024-12-02T11:08:27.193+0000] {logging_mixin.py:190} INFO - [2024-12-02T11:08:27.193+0000] {dag.py:4180} INFO - Setting next_dagrun for example_nested_branch_dag to 2024-12-01 00:00:00+00:00, run_after=2024-12-02 00:00:00+00:00
[2024-12-02T11:08:27.205+0000] {processor.py:208} INFO - Processing /home/airflow/.local/lib/python3.12/site-packages/airflow/example_dags/example_nested_branch_dag.py took 0.069 seconds
[2024-12-02T11:08:57.985+0000] {processor.py:186} INFO - Started process (PID=1389) to work on /home/airflow/.local/lib/python3.12/site-packages/airflow/example_dags/example_nested_branch_dag.py
[2024-12-02T11:08:57.986+0000] {processor.py:914} INFO - Processing file /home/airflow/.local/lib/python3.12/site-packages/airflow/example_dags/example_nested_branch_dag.py for tasks to queue
[2024-12-02T11:08:57.987+0000] {logging_mixin.py:190} INFO - [2024-12-02T11:08:57.987+0000] {dagbag.py:588} INFO - Filling up the DagBag from /home/airflow/.local/lib/python3.12/site-packages/airflow/example_dags/example_nested_branch_dag.py
[2024-12-02T11:08:58.029+0000] {processor.py:925} INFO - DAG(s) 'example_nested_branch_dag' retrieved from /home/airflow/.local/lib/python3.12/site-packages/airflow/example_dags/example_nested_branch_dag.py
[2024-12-02T11:08:58.073+0000] {logging_mixin.py:190} INFO - [2024-12-02T11:08:58.073+0000] {dag.py:3239} INFO - Sync 1 DAGs
[2024-12-02T11:08:58.097+0000] {logging_mixin.py:190} INFO - [2024-12-02T11:08:58.097+0000] {dag.py:4180} INFO - Setting next_dagrun for example_nested_branch_dag to 2024-12-01 00:00:00+00:00, run_after=2024-12-02 00:00:00+00:00
[2024-12-02T11:08:58.114+0000] {processor.py:208} INFO - Processing /home/airflow/.local/lib/python3.12/site-packages/airflow/example_dags/example_nested_branch_dag.py took 0.149 seconds
[2024-12-02T11:09:28.910+0000] {processor.py:186} INFO - Started process (PID=1453) to work on /home/airflow/.local/lib/python3.12/site-packages/airflow/example_dags/example_nested_branch_dag.py
[2024-12-02T11:09:28.912+0000] {processor.py:914} INFO - Processing file /home/airflow/.local/lib/python3.12/site-packages/airflow/example_dags/example_nested_branch_dag.py for tasks to queue
[2024-12-02T11:09:28.913+0000] {logging_mixin.py:190} INFO - [2024-12-02T11:09:28.913+0000] {dagbag.py:588} INFO - Filling up the DagBag from /home/airflow/.local/lib/python3.12/site-packages/airflow/example_dags/example_nested_branch_dag.py
[2024-12-02T11:09:28.922+0000] {processor.py:925} INFO - DAG(s) 'example_nested_branch_dag' retrieved from /home/airflow/.local/lib/python3.12/site-packages/airflow/example_dags/example_nested_branch_dag.py
[2024-12-02T11:09:28.937+0000] {logging_mixin.py:190} INFO - [2024-12-02T11:09:28.937+0000] {dag.py:3239} INFO - Sync 1 DAGs
[2024-12-02T11:09:28.953+0000] {logging_mixin.py:190} INFO - [2024-12-02T11:09:28.953+0000] {dag.py:4180} INFO - Setting next_dagrun for example_nested_branch_dag to 2024-12-01 00:00:00+00:00, run_after=2024-12-02 00:00:00+00:00
[2024-12-02T11:09:28.966+0000] {processor.py:208} INFO - Processing /home/airflow/.local/lib/python3.12/site-packages/airflow/example_dags/example_nested_branch_dag.py took 0.061 seconds
[2024-12-02T11:09:59.484+0000] {processor.py:186} INFO - Started process (PID=1516) to work on /home/airflow/.local/lib/python3.12/site-packages/airflow/example_dags/example_nested_branch_dag.py
[2024-12-02T11:09:59.485+0000] {processor.py:914} INFO - Processing file /home/airflow/.local/lib/python3.12/site-packages/airflow/example_dags/example_nested_branch_dag.py for tasks to queue
[2024-12-02T11:09:59.486+0000] {logging_mixin.py:190} INFO - [2024-12-02T11:09:59.486+0000] {dagbag.py:588} INFO - Filling up the DagBag from /home/airflow/.local/lib/python3.12/site-packages/airflow/example_dags/example_nested_branch_dag.py
[2024-12-02T11:09:59.495+0000] {processor.py:925} INFO - DAG(s) 'example_nested_branch_dag' retrieved from /home/airflow/.local/lib/python3.12/site-packages/airflow/example_dags/example_nested_branch_dag.py
[2024-12-02T11:09:59.511+0000] {logging_mixin.py:190} INFO - [2024-12-02T11:09:59.511+0000] {dag.py:3239} INFO - Sync 1 DAGs
[2024-12-02T11:09:59.530+0000] {logging_mixin.py:190} INFO - [2024-12-02T11:09:59.530+0000] {dag.py:4180} INFO - Setting next_dagrun for example_nested_branch_dag to 2024-12-01 00:00:00+00:00, run_after=2024-12-02 00:00:00+00:00
[2024-12-02T11:09:59.546+0000] {processor.py:208} INFO - Processing /home/airflow/.local/lib/python3.12/site-packages/airflow/example_dags/example_nested_branch_dag.py took 0.066 seconds
[2024-12-02T11:10:30.248+0000] {processor.py:186} INFO - Started process (PID=1580) to work on /home/airflow/.local/lib/python3.12/site-packages/airflow/example_dags/example_nested_branch_dag.py
[2024-12-02T11:10:30.250+0000] {processor.py:914} INFO - Processing file /home/airflow/.local/lib/python3.12/site-packages/airflow/example_dags/example_nested_branch_dag.py for tasks to queue
[2024-12-02T11:10:30.251+0000] {logging_mixin.py:190} INFO - [2024-12-02T11:10:30.251+0000] {dagbag.py:588} INFO - Filling up the DagBag from /home/airflow/.local/lib/python3.12/site-packages/airflow/example_dags/example_nested_branch_dag.py
[2024-12-02T11:10:30.259+0000] {processor.py:925} INFO - DAG(s) 'example_nested_branch_dag' retrieved from /home/airflow/.local/lib/python3.12/site-packages/airflow/example_dags/example_nested_branch_dag.py
[2024-12-02T11:10:30.273+0000] {logging_mixin.py:190} INFO - [2024-12-02T11:10:30.273+0000] {dag.py:3239} INFO - Sync 1 DAGs
[2024-12-02T11:10:30.290+0000] {logging_mixin.py:190} INFO - [2024-12-02T11:10:30.290+0000] {dag.py:4180} INFO - Setting next_dagrun for example_nested_branch_dag to 2024-12-01 00:00:00+00:00, run_after=2024-12-02 00:00:00+00:00
[2024-12-02T11:10:30.305+0000] {processor.py:208} INFO - Processing /home/airflow/.local/lib/python3.12/site-packages/airflow/example_dags/example_nested_branch_dag.py took 0.061 seconds
[2024-12-02T11:11:00.632+0000] {processor.py:186} INFO - Started process (PID=1643) to work on /home/airflow/.local/lib/python3.12/site-packages/airflow/example_dags/example_nested_branch_dag.py
[2024-12-02T11:11:00.633+0000] {processor.py:914} INFO - Processing file /home/airflow/.local/lib/python3.12/site-packages/airflow/example_dags/example_nested_branch_dag.py for tasks to queue
[2024-12-02T11:11:00.634+0000] {logging_mixin.py:190} INFO - [2024-12-02T11:11:00.634+0000] {dagbag.py:588} INFO - Filling up the DagBag from /home/airflow/.local/lib/python3.12/site-packages/airflow/example_dags/example_nested_branch_dag.py
[2024-12-02T11:11:00.642+0000] {processor.py:925} INFO - DAG(s) 'example_nested_branch_dag' retrieved from /home/airflow/.local/lib/python3.12/site-packages/airflow/example_dags/example_nested_branch_dag.py
[2024-12-02T11:11:00.656+0000] {logging_mixin.py:190} INFO - [2024-12-02T11:11:00.655+0000] {dag.py:3239} INFO - Sync 1 DAGs
[2024-12-02T11:11:00.671+0000] {logging_mixin.py:190} INFO - [2024-12-02T11:11:00.671+0000] {dag.py:4180} INFO - Setting next_dagrun for example_nested_branch_dag to 2024-12-01 00:00:00+00:00, run_after=2024-12-02 00:00:00+00:00
[2024-12-02T11:11:00.684+0000] {processor.py:208} INFO - Processing /home/airflow/.local/lib/python3.12/site-packages/airflow/example_dags/example_nested_branch_dag.py took 0.056 seconds
[2024-12-02T11:11:31.211+0000] {processor.py:186} INFO - Started process (PID=1701) to work on /home/airflow/.local/lib/python3.12/site-packages/airflow/example_dags/example_nested_branch_dag.py
[2024-12-02T11:11:31.213+0000] {processor.py:914} INFO - Processing file /home/airflow/.local/lib/python3.12/site-packages/airflow/example_dags/example_nested_branch_dag.py for tasks to queue
[2024-12-02T11:11:31.216+0000] {logging_mixin.py:190} INFO - [2024-12-02T11:11:31.216+0000] {dagbag.py:588} INFO - Filling up the DagBag from /home/airflow/.local/lib/python3.12/site-packages/airflow/example_dags/example_nested_branch_dag.py
[2024-12-02T11:11:31.228+0000] {processor.py:925} INFO - DAG(s) 'example_nested_branch_dag' retrieved from /home/airflow/.local/lib/python3.12/site-packages/airflow/example_dags/example_nested_branch_dag.py
[2024-12-02T11:11:31.242+0000] {logging_mixin.py:190} INFO - [2024-12-02T11:11:31.242+0000] {dag.py:3239} INFO - Sync 1 DAGs
[2024-12-02T11:11:31.267+0000] {logging_mixin.py:190} INFO - [2024-12-02T11:11:31.267+0000] {dag.py:4180} INFO - Setting next_dagrun for example_nested_branch_dag to 2024-12-01 00:00:00+00:00, run_after=2024-12-02 00:00:00+00:00
[2024-12-02T11:11:31.288+0000] {processor.py:208} INFO - Processing /home/airflow/.local/lib/python3.12/site-packages/airflow/example_dags/example_nested_branch_dag.py took 0.081 seconds
[2024-12-02T11:12:01.411+0000] {processor.py:186} INFO - Started process (PID=1766) to work on /home/airflow/.local/lib/python3.12/site-packages/airflow/example_dags/example_nested_branch_dag.py
[2024-12-02T11:12:01.412+0000] {processor.py:914} INFO - Processing file /home/airflow/.local/lib/python3.12/site-packages/airflow/example_dags/example_nested_branch_dag.py for tasks to queue
[2024-12-02T11:12:01.416+0000] {logging_mixin.py:190} INFO - [2024-12-02T11:12:01.415+0000] {dagbag.py:588} INFO - Filling up the DagBag from /home/airflow/.local/lib/python3.12/site-packages/airflow/example_dags/example_nested_branch_dag.py
[2024-12-02T11:12:01.430+0000] {processor.py:925} INFO - DAG(s) 'example_nested_branch_dag' retrieved from /home/airflow/.local/lib/python3.12/site-packages/airflow/example_dags/example_nested_branch_dag.py
[2024-12-02T11:12:01.452+0000] {logging_mixin.py:190} INFO - [2024-12-02T11:12:01.452+0000] {dag.py:3239} INFO - Sync 1 DAGs
[2024-12-02T11:12:01.486+0000] {logging_mixin.py:190} INFO - [2024-12-02T11:12:01.486+0000] {dag.py:4180} INFO - Setting next_dagrun for example_nested_branch_dag to 2024-12-01 00:00:00+00:00, run_after=2024-12-02 00:00:00+00:00
[2024-12-02T11:12:01.507+0000] {processor.py:208} INFO - Processing /home/airflow/.local/lib/python3.12/site-packages/airflow/example_dags/example_nested_branch_dag.py took 0.101 seconds
[2024-12-02T11:12:32.568+0000] {processor.py:186} INFO - Started process (PID=1830) to work on /home/airflow/.local/lib/python3.12/site-packages/airflow/example_dags/example_nested_branch_dag.py
[2024-12-02T11:12:32.576+0000] {processor.py:914} INFO - Processing file /home/airflow/.local/lib/python3.12/site-packages/airflow/example_dags/example_nested_branch_dag.py for tasks to queue
[2024-12-02T11:12:32.587+0000] {logging_mixin.py:190} INFO - [2024-12-02T11:12:32.587+0000] {dagbag.py:588} INFO - Filling up the DagBag from /home/airflow/.local/lib/python3.12/site-packages/airflow/example_dags/example_nested_branch_dag.py
[2024-12-02T11:12:32.630+0000] {processor.py:925} INFO - DAG(s) 'example_nested_branch_dag' retrieved from /home/airflow/.local/lib/python3.12/site-packages/airflow/example_dags/example_nested_branch_dag.py
[2024-12-02T11:12:32.752+0000] {logging_mixin.py:190} INFO - [2024-12-02T11:12:32.752+0000] {dag.py:3239} INFO - Sync 1 DAGs
[2024-12-02T11:12:32.829+0000] {logging_mixin.py:190} INFO - [2024-12-02T11:12:32.828+0000] {dag.py:4180} INFO - Setting next_dagrun for example_nested_branch_dag to 2024-12-01 00:00:00+00:00, run_after=2024-12-02 00:00:00+00:00
[2024-12-02T11:12:32.885+0000] {processor.py:208} INFO - Processing /home/airflow/.local/lib/python3.12/site-packages/airflow/example_dags/example_nested_branch_dag.py took 0.336 seconds
[2024-12-02T11:13:03.537+0000] {processor.py:186} INFO - Started process (PID=1894) to work on /home/airflow/.local/lib/python3.12/site-packages/airflow/example_dags/example_nested_branch_dag.py
[2024-12-02T11:13:03.538+0000] {processor.py:914} INFO - Processing file /home/airflow/.local/lib/python3.12/site-packages/airflow/example_dags/example_nested_branch_dag.py for tasks to queue
[2024-12-02T11:13:03.540+0000] {logging_mixin.py:190} INFO - [2024-12-02T11:13:03.540+0000] {dagbag.py:588} INFO - Filling up the DagBag from /home/airflow/.local/lib/python3.12/site-packages/airflow/example_dags/example_nested_branch_dag.py
[2024-12-02T11:13:03.549+0000] {processor.py:925} INFO - DAG(s) 'example_nested_branch_dag' retrieved from /home/airflow/.local/lib/python3.12/site-packages/airflow/example_dags/example_nested_branch_dag.py
[2024-12-02T11:13:03.565+0000] {logging_mixin.py:190} INFO - [2024-12-02T11:13:03.565+0000] {dag.py:3239} INFO - Sync 1 DAGs
[2024-12-02T11:13:03.583+0000] {logging_mixin.py:190} INFO - [2024-12-02T11:13:03.583+0000] {dag.py:4180} INFO - Setting next_dagrun for example_nested_branch_dag to 2024-12-01 00:00:00+00:00, run_after=2024-12-02 00:00:00+00:00
[2024-12-02T11:13:03.607+0000] {processor.py:208} INFO - Processing /home/airflow/.local/lib/python3.12/site-packages/airflow/example_dags/example_nested_branch_dag.py took 0.075 seconds
[2024-12-02T11:13:34.372+0000] {processor.py:186} INFO - Started process (PID=1959) to work on /home/airflow/.local/lib/python3.12/site-packages/airflow/example_dags/example_nested_branch_dag.py
[2024-12-02T11:13:34.434+0000] {processor.py:914} INFO - Processing file /home/airflow/.local/lib/python3.12/site-packages/airflow/example_dags/example_nested_branch_dag.py for tasks to queue
[2024-12-02T11:13:34.436+0000] {logging_mixin.py:190} INFO - [2024-12-02T11:13:34.436+0000] {dagbag.py:588} INFO - Filling up the DagBag from /home/airflow/.local/lib/python3.12/site-packages/airflow/example_dags/example_nested_branch_dag.py
[2024-12-02T11:13:34.445+0000] {processor.py:925} INFO - DAG(s) 'example_nested_branch_dag' retrieved from /home/airflow/.local/lib/python3.12/site-packages/airflow/example_dags/example_nested_branch_dag.py
[2024-12-02T11:13:34.459+0000] {logging_mixin.py:190} INFO - [2024-12-02T11:13:34.459+0000] {dag.py:3239} INFO - Sync 1 DAGs
[2024-12-02T11:13:34.474+0000] {logging_mixin.py:190} INFO - [2024-12-02T11:13:34.474+0000] {dag.py:4180} INFO - Setting next_dagrun for example_nested_branch_dag to 2024-12-01 00:00:00+00:00, run_after=2024-12-02 00:00:00+00:00
[2024-12-02T11:13:34.489+0000] {processor.py:208} INFO - Processing /home/airflow/.local/lib/python3.12/site-packages/airflow/example_dags/example_nested_branch_dag.py took 0.122 seconds
[2024-12-02T11:14:06.332+0000] {processor.py:186} INFO - Started process (PID=2021) to work on /home/airflow/.local/lib/python3.12/site-packages/airflow/example_dags/example_nested_branch_dag.py
[2024-12-02T11:14:06.341+0000] {processor.py:914} INFO - Processing file /home/airflow/.local/lib/python3.12/site-packages/airflow/example_dags/example_nested_branch_dag.py for tasks to queue
[2024-12-02T11:14:06.350+0000] {logging_mixin.py:190} INFO - [2024-12-02T11:14:06.349+0000] {dagbag.py:588} INFO - Filling up the DagBag from /home/airflow/.local/lib/python3.12/site-packages/airflow/example_dags/example_nested_branch_dag.py
[2024-12-02T11:14:06.384+0000] {processor.py:925} INFO - DAG(s) 'example_nested_branch_dag' retrieved from /home/airflow/.local/lib/python3.12/site-packages/airflow/example_dags/example_nested_branch_dag.py
[2024-12-02T11:14:06.412+0000] {logging_mixin.py:190} INFO - [2024-12-02T11:14:06.412+0000] {dag.py:3239} INFO - Sync 1 DAGs
[2024-12-02T11:14:06.460+0000] {logging_mixin.py:190} INFO - [2024-12-02T11:14:06.459+0000] {dag.py:4180} INFO - Setting next_dagrun for example_nested_branch_dag to 2024-12-01 00:00:00+00:00, run_after=2024-12-02 00:00:00+00:00
[2024-12-02T11:14:06.511+0000] {processor.py:208} INFO - Processing /home/airflow/.local/lib/python3.12/site-packages/airflow/example_dags/example_nested_branch_dag.py took 0.192 seconds
[2024-12-02T11:14:36.751+0000] {processor.py:186} INFO - Started process (PID=2086) to work on /home/airflow/.local/lib/python3.12/site-packages/airflow/example_dags/example_nested_branch_dag.py
[2024-12-02T11:14:36.753+0000] {processor.py:914} INFO - Processing file /home/airflow/.local/lib/python3.12/site-packages/airflow/example_dags/example_nested_branch_dag.py for tasks to queue
[2024-12-02T11:14:36.755+0000] {logging_mixin.py:190} INFO - [2024-12-02T11:14:36.754+0000] {dagbag.py:588} INFO - Filling up the DagBag from /home/airflow/.local/lib/python3.12/site-packages/airflow/example_dags/example_nested_branch_dag.py
[2024-12-02T11:14:36.764+0000] {processor.py:925} INFO - DAG(s) 'example_nested_branch_dag' retrieved from /home/airflow/.local/lib/python3.12/site-packages/airflow/example_dags/example_nested_branch_dag.py
[2024-12-02T11:14:36.778+0000] {logging_mixin.py:190} INFO - [2024-12-02T11:14:36.778+0000] {dag.py:3239} INFO - Sync 1 DAGs
[2024-12-02T11:14:36.796+0000] {logging_mixin.py:190} INFO - [2024-12-02T11:14:36.796+0000] {dag.py:4180} INFO - Setting next_dagrun for example_nested_branch_dag to 2024-12-01 00:00:00+00:00, run_after=2024-12-02 00:00:00+00:00
[2024-12-02T11:14:36.812+0000] {processor.py:208} INFO - Processing /home/airflow/.local/lib/python3.12/site-packages/airflow/example_dags/example_nested_branch_dag.py took 0.065 seconds
[2024-12-02T11:15:07.327+0000] {processor.py:186} INFO - Started process (PID=2151) to work on /home/airflow/.local/lib/python3.12/site-packages/airflow/example_dags/example_nested_branch_dag.py
[2024-12-02T11:15:07.327+0000] {processor.py:914} INFO - Processing file /home/airflow/.local/lib/python3.12/site-packages/airflow/example_dags/example_nested_branch_dag.py for tasks to queue
[2024-12-02T11:15:07.330+0000] {logging_mixin.py:190} INFO - [2024-12-02T11:15:07.329+0000] {dagbag.py:588} INFO - Filling up the DagBag from /home/airflow/.local/lib/python3.12/site-packages/airflow/example_dags/example_nested_branch_dag.py
[2024-12-02T11:15:07.339+0000] {processor.py:925} INFO - DAG(s) 'example_nested_branch_dag' retrieved from /home/airflow/.local/lib/python3.12/site-packages/airflow/example_dags/example_nested_branch_dag.py
[2024-12-02T11:15:07.357+0000] {logging_mixin.py:190} INFO - [2024-12-02T11:15:07.356+0000] {dag.py:3239} INFO - Sync 1 DAGs
[2024-12-02T11:15:07.377+0000] {logging_mixin.py:190} INFO - [2024-12-02T11:15:07.377+0000] {dag.py:4180} INFO - Setting next_dagrun for example_nested_branch_dag to 2024-12-01 00:00:00+00:00, run_after=2024-12-02 00:00:00+00:00
[2024-12-02T11:15:07.391+0000] {processor.py:208} INFO - Processing /home/airflow/.local/lib/python3.12/site-packages/airflow/example_dags/example_nested_branch_dag.py took 0.070 seconds
[2024-12-02T11:15:37.844+0000] {processor.py:186} INFO - Started process (PID=2216) to work on /home/airflow/.local/lib/python3.12/site-packages/airflow/example_dags/example_nested_branch_dag.py
[2024-12-02T11:15:37.865+0000] {processor.py:914} INFO - Processing file /home/airflow/.local/lib/python3.12/site-packages/airflow/example_dags/example_nested_branch_dag.py for tasks to queue
[2024-12-02T11:15:37.867+0000] {logging_mixin.py:190} INFO - [2024-12-02T11:15:37.867+0000] {dagbag.py:588} INFO - Filling up the DagBag from /home/airflow/.local/lib/python3.12/site-packages/airflow/example_dags/example_nested_branch_dag.py
[2024-12-02T11:15:37.940+0000] {processor.py:925} INFO - DAG(s) 'example_nested_branch_dag' retrieved from /home/airflow/.local/lib/python3.12/site-packages/airflow/example_dags/example_nested_branch_dag.py
[2024-12-02T11:15:38.006+0000] {logging_mixin.py:190} INFO - [2024-12-02T11:15:38.006+0000] {dag.py:3239} INFO - Sync 1 DAGs
[2024-12-02T11:15:38.047+0000] {logging_mixin.py:190} INFO - [2024-12-02T11:15:38.046+0000] {dag.py:4180} INFO - Setting next_dagrun for example_nested_branch_dag to 2024-12-01 00:00:00+00:00, run_after=2024-12-02 00:00:00+00:00
[2024-12-02T11:15:38.129+0000] {processor.py:208} INFO - Processing /home/airflow/.local/lib/python3.12/site-packages/airflow/example_dags/example_nested_branch_dag.py took 0.289 seconds
[2024-12-02T11:16:08.617+0000] {processor.py:186} INFO - Started process (PID=2281) to work on /home/airflow/.local/lib/python3.12/site-packages/airflow/example_dags/example_nested_branch_dag.py
[2024-12-02T11:16:08.618+0000] {processor.py:914} INFO - Processing file /home/airflow/.local/lib/python3.12/site-packages/airflow/example_dags/example_nested_branch_dag.py for tasks to queue
[2024-12-02T11:16:08.627+0000] {logging_mixin.py:190} INFO - [2024-12-02T11:16:08.627+0000] {dagbag.py:588} INFO - Filling up the DagBag from /home/airflow/.local/lib/python3.12/site-packages/airflow/example_dags/example_nested_branch_dag.py
[2024-12-02T11:16:08.636+0000] {processor.py:925} INFO - DAG(s) 'example_nested_branch_dag' retrieved from /home/airflow/.local/lib/python3.12/site-packages/airflow/example_dags/example_nested_branch_dag.py
[2024-12-02T11:16:08.667+0000] {logging_mixin.py:190} INFO - [2024-12-02T11:16:08.666+0000] {dag.py:3239} INFO - Sync 1 DAGs
[2024-12-02T11:16:08.702+0000] {logging_mixin.py:190} INFO - [2024-12-02T11:16:08.702+0000] {dag.py:4180} INFO - Setting next_dagrun for example_nested_branch_dag to 2024-12-01 00:00:00+00:00, run_after=2024-12-02 00:00:00+00:00
[2024-12-02T11:16:08.720+0000] {processor.py:208} INFO - Processing /home/airflow/.local/lib/python3.12/site-packages/airflow/example_dags/example_nested_branch_dag.py took 0.113 seconds
[2024-12-02T11:16:38.962+0000] {processor.py:186} INFO - Started process (PID=2345) to work on /home/airflow/.local/lib/python3.12/site-packages/airflow/example_dags/example_nested_branch_dag.py
[2024-12-02T11:16:38.965+0000] {processor.py:914} INFO - Processing file /home/airflow/.local/lib/python3.12/site-packages/airflow/example_dags/example_nested_branch_dag.py for tasks to queue
[2024-12-02T11:16:38.966+0000] {logging_mixin.py:190} INFO - [2024-12-02T11:16:38.966+0000] {dagbag.py:588} INFO - Filling up the DagBag from /home/airflow/.local/lib/python3.12/site-packages/airflow/example_dags/example_nested_branch_dag.py
[2024-12-02T11:16:38.975+0000] {processor.py:925} INFO - DAG(s) 'example_nested_branch_dag' retrieved from /home/airflow/.local/lib/python3.12/site-packages/airflow/example_dags/example_nested_branch_dag.py
[2024-12-02T11:16:39.023+0000] {logging_mixin.py:190} INFO - [2024-12-02T11:16:39.022+0000] {dag.py:3239} INFO - Sync 1 DAGs
[2024-12-02T11:16:39.069+0000] {logging_mixin.py:190} INFO - [2024-12-02T11:16:39.069+0000] {dag.py:4180} INFO - Setting next_dagrun for example_nested_branch_dag to 2024-12-01 00:00:00+00:00, run_after=2024-12-02 00:00:00+00:00
[2024-12-02T11:16:39.129+0000] {processor.py:208} INFO - Processing /home/airflow/.local/lib/python3.12/site-packages/airflow/example_dags/example_nested_branch_dag.py took 0.172 seconds
[2024-12-02T11:17:09.260+0000] {processor.py:186} INFO - Started process (PID=2410) to work on /home/airflow/.local/lib/python3.12/site-packages/airflow/example_dags/example_nested_branch_dag.py
[2024-12-02T11:17:09.262+0000] {processor.py:914} INFO - Processing file /home/airflow/.local/lib/python3.12/site-packages/airflow/example_dags/example_nested_branch_dag.py for tasks to queue
[2024-12-02T11:17:09.262+0000] {logging_mixin.py:190} INFO - [2024-12-02T11:17:09.262+0000] {dagbag.py:588} INFO - Filling up the DagBag from /home/airflow/.local/lib/python3.12/site-packages/airflow/example_dags/example_nested_branch_dag.py
[2024-12-02T11:17:09.271+0000] {processor.py:925} INFO - DAG(s) 'example_nested_branch_dag' retrieved from /home/airflow/.local/lib/python3.12/site-packages/airflow/example_dags/example_nested_branch_dag.py
[2024-12-02T11:17:09.284+0000] {logging_mixin.py:190} INFO - [2024-12-02T11:17:09.284+0000] {dag.py:3239} INFO - Sync 1 DAGs
[2024-12-02T11:17:09.302+0000] {logging_mixin.py:190} INFO - [2024-12-02T11:17:09.302+0000] {dag.py:4180} INFO - Setting next_dagrun for example_nested_branch_dag to 2024-12-01 00:00:00+00:00, run_after=2024-12-02 00:00:00+00:00
[2024-12-02T11:17:09.317+0000] {processor.py:208} INFO - Processing /home/airflow/.local/lib/python3.12/site-packages/airflow/example_dags/example_nested_branch_dag.py took 0.063 seconds
[2024-12-02T11:17:39.566+0000] {processor.py:186} INFO - Started process (PID=2473) to work on /home/airflow/.local/lib/python3.12/site-packages/airflow/example_dags/example_nested_branch_dag.py
[2024-12-02T11:17:39.567+0000] {processor.py:914} INFO - Processing file /home/airflow/.local/lib/python3.12/site-packages/airflow/example_dags/example_nested_branch_dag.py for tasks to queue
[2024-12-02T11:17:39.567+0000] {logging_mixin.py:190} INFO - [2024-12-02T11:17:39.567+0000] {dagbag.py:588} INFO - Filling up the DagBag from /home/airflow/.local/lib/python3.12/site-packages/airflow/example_dags/example_nested_branch_dag.py
[2024-12-02T11:17:39.579+0000] {processor.py:925} INFO - DAG(s) 'example_nested_branch_dag' retrieved from /home/airflow/.local/lib/python3.12/site-packages/airflow/example_dags/example_nested_branch_dag.py
[2024-12-02T11:17:39.598+0000] {logging_mixin.py:190} INFO - [2024-12-02T11:17:39.597+0000] {dag.py:3239} INFO - Sync 1 DAGs
[2024-12-02T11:17:39.621+0000] {logging_mixin.py:190} INFO - [2024-12-02T11:17:39.621+0000] {dag.py:4180} INFO - Setting next_dagrun for example_nested_branch_dag to 2024-12-01 00:00:00+00:00, run_after=2024-12-02 00:00:00+00:00
[2024-12-02T11:17:39.637+0000] {processor.py:208} INFO - Processing /home/airflow/.local/lib/python3.12/site-packages/airflow/example_dags/example_nested_branch_dag.py took 0.078 seconds
[2024-12-02T11:18:12.909+0000] {processor.py:186} INFO - Started process (PID=2526) to work on /home/airflow/.local/lib/python3.12/site-packages/airflow/example_dags/example_nested_branch_dag.py
[2024-12-02T11:18:12.914+0000] {processor.py:914} INFO - Processing file /home/airflow/.local/lib/python3.12/site-packages/airflow/example_dags/example_nested_branch_dag.py for tasks to queue
[2024-12-02T11:18:12.915+0000] {logging_mixin.py:190} INFO - [2024-12-02T11:18:12.915+0000] {dagbag.py:588} INFO - Filling up the DagBag from /home/airflow/.local/lib/python3.12/site-packages/airflow/example_dags/example_nested_branch_dag.py
[2024-12-02T11:18:12.930+0000] {processor.py:925} INFO - DAG(s) 'example_nested_branch_dag' retrieved from /home/airflow/.local/lib/python3.12/site-packages/airflow/example_dags/example_nested_branch_dag.py
[2024-12-02T11:18:12.956+0000] {logging_mixin.py:190} INFO - [2024-12-02T11:18:12.956+0000] {dag.py:3239} INFO - Sync 1 DAGs
[2024-12-02T11:18:12.979+0000] {logging_mixin.py:190} INFO - [2024-12-02T11:18:12.978+0000] {dag.py:4180} INFO - Setting next_dagrun for example_nested_branch_dag to 2024-12-01 00:00:00+00:00, run_after=2024-12-02 00:00:00+00:00
[2024-12-02T11:18:12.995+0000] {processor.py:208} INFO - Processing /home/airflow/.local/lib/python3.12/site-packages/airflow/example_dags/example_nested_branch_dag.py took 0.092 seconds
[2024-12-02T11:18:43.497+0000] {processor.py:186} INFO - Started process (PID=2585) to work on /home/airflow/.local/lib/python3.12/site-packages/airflow/example_dags/example_nested_branch_dag.py
[2024-12-02T11:18:43.497+0000] {processor.py:914} INFO - Processing file /home/airflow/.local/lib/python3.12/site-packages/airflow/example_dags/example_nested_branch_dag.py for tasks to queue
[2024-12-02T11:18:43.498+0000] {logging_mixin.py:190} INFO - [2024-12-02T11:18:43.498+0000] {dagbag.py:588} INFO - Filling up the DagBag from /home/airflow/.local/lib/python3.12/site-packages/airflow/example_dags/example_nested_branch_dag.py
[2024-12-02T11:18:43.506+0000] {processor.py:925} INFO - DAG(s) 'example_nested_branch_dag' retrieved from /home/airflow/.local/lib/python3.12/site-packages/airflow/example_dags/example_nested_branch_dag.py
[2024-12-02T11:18:43.524+0000] {logging_mixin.py:190} INFO - [2024-12-02T11:18:43.523+0000] {dag.py:3239} INFO - Sync 1 DAGs
[2024-12-02T11:18:43.543+0000] {logging_mixin.py:190} INFO - [2024-12-02T11:18:43.543+0000] {dag.py:4180} INFO - Setting next_dagrun for example_nested_branch_dag to 2024-12-01 00:00:00+00:00, run_after=2024-12-02 00:00:00+00:00
[2024-12-02T11:18:43.558+0000] {processor.py:208} INFO - Processing /home/airflow/.local/lib/python3.12/site-packages/airflow/example_dags/example_nested_branch_dag.py took 0.066 seconds
[2024-12-02T11:19:15.511+0000] {processor.py:186} INFO - Started process (PID=2641) to work on /home/airflow/.local/lib/python3.12/site-packages/airflow/example_dags/example_nested_branch_dag.py
[2024-12-02T11:19:15.513+0000] {processor.py:914} INFO - Processing file /home/airflow/.local/lib/python3.12/site-packages/airflow/example_dags/example_nested_branch_dag.py for tasks to queue
[2024-12-02T11:19:15.517+0000] {logging_mixin.py:190} INFO - [2024-12-02T11:19:15.517+0000] {dagbag.py:588} INFO - Filling up the DagBag from /home/airflow/.local/lib/python3.12/site-packages/airflow/example_dags/example_nested_branch_dag.py
[2024-12-02T11:19:15.570+0000] {processor.py:925} INFO - DAG(s) 'example_nested_branch_dag' retrieved from /home/airflow/.local/lib/python3.12/site-packages/airflow/example_dags/example_nested_branch_dag.py
[2024-12-02T11:19:15.617+0000] {logging_mixin.py:190} INFO - [2024-12-02T11:19:15.617+0000] {dag.py:3239} INFO - Sync 1 DAGs
[2024-12-02T11:19:15.671+0000] {logging_mixin.py:190} INFO - [2024-12-02T11:19:15.671+0000] {dag.py:4180} INFO - Setting next_dagrun for example_nested_branch_dag to 2024-12-01 00:00:00+00:00, run_after=2024-12-02 00:00:00+00:00
[2024-12-02T11:19:15.722+0000] {processor.py:208} INFO - Processing /home/airflow/.local/lib/python3.12/site-packages/airflow/example_dags/example_nested_branch_dag.py took 0.230 seconds
[2024-12-02T11:19:46.649+0000] {processor.py:186} INFO - Started process (PID=2706) to work on /home/airflow/.local/lib/python3.12/site-packages/airflow/example_dags/example_nested_branch_dag.py
[2024-12-02T11:19:46.650+0000] {processor.py:914} INFO - Processing file /home/airflow/.local/lib/python3.12/site-packages/airflow/example_dags/example_nested_branch_dag.py for tasks to queue
[2024-12-02T11:19:46.652+0000] {logging_mixin.py:190} INFO - [2024-12-02T11:19:46.651+0000] {dagbag.py:588} INFO - Filling up the DagBag from /home/airflow/.local/lib/python3.12/site-packages/airflow/example_dags/example_nested_branch_dag.py
[2024-12-02T11:19:46.701+0000] {processor.py:925} INFO - DAG(s) 'example_nested_branch_dag' retrieved from /home/airflow/.local/lib/python3.12/site-packages/airflow/example_dags/example_nested_branch_dag.py
[2024-12-02T11:19:46.756+0000] {logging_mixin.py:190} INFO - [2024-12-02T11:19:46.756+0000] {dag.py:3239} INFO - Sync 1 DAGs
[2024-12-02T11:19:46.790+0000] {logging_mixin.py:190} INFO - [2024-12-02T11:19:46.790+0000] {dag.py:4180} INFO - Setting next_dagrun for example_nested_branch_dag to 2024-12-01 00:00:00+00:00, run_after=2024-12-02 00:00:00+00:00
[2024-12-02T11:19:46.820+0000] {processor.py:208} INFO - Processing /home/airflow/.local/lib/python3.12/site-packages/airflow/example_dags/example_nested_branch_dag.py took 0.186 seconds
