[2024-12-02T10:20:16.858+0000] {processor.py:186} INFO - Started process (PID=129) to work on /home/airflow/.local/lib/python3.12/site-packages/airflow/example_dags/tutorial_dag.py
[2024-12-02T10:20:16.875+0000] {processor.py:914} INFO - Processing file /home/airflow/.local/lib/python3.12/site-packages/airflow/example_dags/tutorial_dag.py for tasks to queue
[2024-12-02T10:20:17.060+0000] {logging_mixin.py:190} INFO - [2024-12-02T10:20:16.956+0000] {dagbag.py:588} INFO - Filling up the DagBag from /home/airflow/.local/lib/python3.12/site-packages/airflow/example_dags/tutorial_dag.py
[2024-12-02T10:20:17.417+0000] {processor.py:925} INFO - DAG(s) 'tutorial_dag' retrieved from /home/airflow/.local/lib/python3.12/site-packages/airflow/example_dags/tutorial_dag.py
[2024-12-02T10:36:28.215+0000] {processor.py:186} INFO - Started process (PID=79) to work on /home/airflow/.local/lib/python3.12/site-packages/airflow/example_dags/tutorial_dag.py
[2024-12-02T10:36:28.220+0000] {processor.py:914} INFO - Processing file /home/airflow/.local/lib/python3.12/site-packages/airflow/example_dags/tutorial_dag.py for tasks to queue
[2024-12-02T10:36:28.232+0000] {logging_mixin.py:190} INFO - [2024-12-02T10:36:28.232+0000] {dagbag.py:588} INFO - Filling up the DagBag from /home/airflow/.local/lib/python3.12/site-packages/airflow/example_dags/tutorial_dag.py
[2024-12-02T10:36:28.248+0000] {processor.py:925} INFO - DAG(s) 'tutorial_dag' retrieved from /home/airflow/.local/lib/python3.12/site-packages/airflow/example_dags/tutorial_dag.py
[2024-12-02T10:36:28.725+0000] {logging_mixin.py:190} INFO - [2024-12-02T10:36:28.724+0000] {override.py:1911} INFO - Created Permission View: can read on DAG:tutorial_dag
[2024-12-02T10:36:28.746+0000] {logging_mixin.py:190} INFO - [2024-12-02T10:36:28.745+0000] {override.py:1911} INFO - Created Permission View: can edit on DAG:tutorial_dag
[2024-12-02T10:36:28.773+0000] {logging_mixin.py:190} INFO - [2024-12-02T10:36:28.773+0000] {override.py:1911} INFO - Created Permission View: can delete on DAG:tutorial_dag
[2024-12-02T10:36:28.809+0000] {logging_mixin.py:190} INFO - [2024-12-02T10:36:28.807+0000] {override.py:1911} INFO - Created Permission View: can read on DAG Run:tutorial_dag
[2024-12-02T10:36:28.841+0000] {logging_mixin.py:190} INFO - [2024-12-02T10:36:28.841+0000] {override.py:1911} INFO - Created Permission View: menu access on DAG Run:tutorial_dag
[2024-12-02T10:36:28.869+0000] {logging_mixin.py:190} INFO - [2024-12-02T10:36:28.869+0000] {override.py:1911} INFO - Created Permission View: can create on DAG Run:tutorial_dag
[2024-12-02T10:36:28.895+0000] {logging_mixin.py:190} INFO - [2024-12-02T10:36:28.894+0000] {override.py:1911} INFO - Created Permission View: can delete on DAG Run:tutorial_dag
[2024-12-02T10:36:28.895+0000] {logging_mixin.py:190} INFO - [2024-12-02T10:36:28.895+0000] {dag.py:3239} INFO - Sync 1 DAGs
[2024-12-02T10:36:28.966+0000] {logging_mixin.py:190} INFO - [2024-12-02T10:36:28.941+0000] {dag.py:3262} INFO - Creating ORM DAG for tutorial_dag
[2024-12-02T10:36:28.967+0000] {logging_mixin.py:190} INFO - [2024-12-02T10:36:28.967+0000] {dag.py:4180} INFO - Setting next_dagrun for tutorial_dag to None, run_after=None
[2024-12-02T10:36:29.050+0000] {processor.py:208} INFO - Processing /home/airflow/.local/lib/python3.12/site-packages/airflow/example_dags/tutorial_dag.py took 0.844 seconds
[2024-12-02T10:38:20.540+0000] {processor.py:186} INFO - Started process (PID=86) to work on /home/airflow/.local/lib/python3.12/site-packages/airflow/example_dags/tutorial_dag.py
[2024-12-02T10:38:20.581+0000] {processor.py:914} INFO - Processing file /home/airflow/.local/lib/python3.12/site-packages/airflow/example_dags/tutorial_dag.py for tasks to queue
[2024-12-02T10:38:20.583+0000] {logging_mixin.py:190} INFO - [2024-12-02T10:38:20.583+0000] {dagbag.py:588} INFO - Filling up the DagBag from /home/airflow/.local/lib/python3.12/site-packages/airflow/example_dags/tutorial_dag.py
[2024-12-02T10:38:20.627+0000] {processor.py:925} INFO - DAG(s) 'tutorial_dag' retrieved from /home/airflow/.local/lib/python3.12/site-packages/airflow/example_dags/tutorial_dag.py
[2024-12-02T10:38:20.773+0000] {logging_mixin.py:190} INFO - [2024-12-02T10:38:20.773+0000] {dag.py:3239} INFO - Sync 1 DAGs
[2024-12-02T10:38:20.870+0000] {logging_mixin.py:190} INFO - [2024-12-02T10:38:20.870+0000] {dag.py:4180} INFO - Setting next_dagrun for tutorial_dag to None, run_after=None
[2024-12-02T10:38:21.018+0000] {processor.py:208} INFO - Processing /home/airflow/.local/lib/python3.12/site-packages/airflow/example_dags/tutorial_dag.py took 0.484 seconds
[2024-12-02T10:38:51.448+0000] {processor.py:186} INFO - Started process (PID=150) to work on /home/airflow/.local/lib/python3.12/site-packages/airflow/example_dags/tutorial_dag.py
[2024-12-02T10:38:51.449+0000] {processor.py:914} INFO - Processing file /home/airflow/.local/lib/python3.12/site-packages/airflow/example_dags/tutorial_dag.py for tasks to queue
[2024-12-02T10:38:51.451+0000] {logging_mixin.py:190} INFO - [2024-12-02T10:38:51.451+0000] {dagbag.py:588} INFO - Filling up the DagBag from /home/airflow/.local/lib/python3.12/site-packages/airflow/example_dags/tutorial_dag.py
[2024-12-02T10:38:51.457+0000] {processor.py:925} INFO - DAG(s) 'tutorial_dag' retrieved from /home/airflow/.local/lib/python3.12/site-packages/airflow/example_dags/tutorial_dag.py
[2024-12-02T10:38:51.472+0000] {logging_mixin.py:190} INFO - [2024-12-02T10:38:51.472+0000] {dag.py:3239} INFO - Sync 1 DAGs
[2024-12-02T10:38:51.483+0000] {logging_mixin.py:190} INFO - [2024-12-02T10:38:51.483+0000] {dag.py:4180} INFO - Setting next_dagrun for tutorial_dag to None, run_after=None
[2024-12-02T10:38:51.497+0000] {processor.py:208} INFO - Processing /home/airflow/.local/lib/python3.12/site-packages/airflow/example_dags/tutorial_dag.py took 0.055 seconds
[2024-12-02T10:39:22.158+0000] {processor.py:186} INFO - Started process (PID=214) to work on /home/airflow/.local/lib/python3.12/site-packages/airflow/example_dags/tutorial_dag.py
[2024-12-02T10:39:22.159+0000] {processor.py:914} INFO - Processing file /home/airflow/.local/lib/python3.12/site-packages/airflow/example_dags/tutorial_dag.py for tasks to queue
[2024-12-02T10:39:22.160+0000] {logging_mixin.py:190} INFO - [2024-12-02T10:39:22.160+0000] {dagbag.py:588} INFO - Filling up the DagBag from /home/airflow/.local/lib/python3.12/site-packages/airflow/example_dags/tutorial_dag.py
[2024-12-02T10:39:22.167+0000] {processor.py:925} INFO - DAG(s) 'tutorial_dag' retrieved from /home/airflow/.local/lib/python3.12/site-packages/airflow/example_dags/tutorial_dag.py
[2024-12-02T10:39:22.180+0000] {logging_mixin.py:190} INFO - [2024-12-02T10:39:22.180+0000] {dag.py:3239} INFO - Sync 1 DAGs
[2024-12-02T10:39:22.191+0000] {logging_mixin.py:190} INFO - [2024-12-02T10:39:22.191+0000] {dag.py:4180} INFO - Setting next_dagrun for tutorial_dag to None, run_after=None
[2024-12-02T10:39:22.210+0000] {processor.py:208} INFO - Processing /home/airflow/.local/lib/python3.12/site-packages/airflow/example_dags/tutorial_dag.py took 0.057 seconds
[2024-12-02T10:39:54.761+0000] {processor.py:186} INFO - Started process (PID=278) to work on /home/airflow/.local/lib/python3.12/site-packages/airflow/example_dags/tutorial_dag.py
[2024-12-02T10:39:54.763+0000] {processor.py:914} INFO - Processing file /home/airflow/.local/lib/python3.12/site-packages/airflow/example_dags/tutorial_dag.py for tasks to queue
[2024-12-02T10:39:54.765+0000] {logging_mixin.py:190} INFO - [2024-12-02T10:39:54.765+0000] {dagbag.py:588} INFO - Filling up the DagBag from /home/airflow/.local/lib/python3.12/site-packages/airflow/example_dags/tutorial_dag.py
[2024-12-02T10:39:54.779+0000] {processor.py:925} INFO - DAG(s) 'tutorial_dag' retrieved from /home/airflow/.local/lib/python3.12/site-packages/airflow/example_dags/tutorial_dag.py
[2024-12-02T10:39:54.820+0000] {logging_mixin.py:190} INFO - [2024-12-02T10:39:54.820+0000] {dag.py:3239} INFO - Sync 1 DAGs
[2024-12-02T10:39:54.841+0000] {logging_mixin.py:190} INFO - [2024-12-02T10:39:54.840+0000] {dag.py:4180} INFO - Setting next_dagrun for tutorial_dag to None, run_after=None
[2024-12-02T10:39:54.890+0000] {processor.py:208} INFO - Processing /home/airflow/.local/lib/python3.12/site-packages/airflow/example_dags/tutorial_dag.py took 0.146 seconds
[2024-12-02T10:40:32.247+0000] {processor.py:186} INFO - Started process (PID=342) to work on /home/airflow/.local/lib/python3.12/site-packages/airflow/example_dags/tutorial_dag.py
[2024-12-02T10:40:32.250+0000] {processor.py:914} INFO - Processing file /home/airflow/.local/lib/python3.12/site-packages/airflow/example_dags/tutorial_dag.py for tasks to queue
[2024-12-02T10:40:32.254+0000] {logging_mixin.py:190} INFO - [2024-12-02T10:40:32.253+0000] {dagbag.py:588} INFO - Filling up the DagBag from /home/airflow/.local/lib/python3.12/site-packages/airflow/example_dags/tutorial_dag.py
[2024-12-02T10:40:32.273+0000] {processor.py:925} INFO - DAG(s) 'tutorial_dag' retrieved from /home/airflow/.local/lib/python3.12/site-packages/airflow/example_dags/tutorial_dag.py
[2024-12-02T10:40:32.303+0000] {logging_mixin.py:190} INFO - [2024-12-02T10:40:32.303+0000] {dag.py:3239} INFO - Sync 1 DAGs
[2024-12-02T10:40:32.325+0000] {logging_mixin.py:190} INFO - [2024-12-02T10:40:32.325+0000] {dag.py:4180} INFO - Setting next_dagrun for tutorial_dag to None, run_after=None
[2024-12-02T10:40:32.374+0000] {processor.py:208} INFO - Processing /home/airflow/.local/lib/python3.12/site-packages/airflow/example_dags/tutorial_dag.py took 0.148 seconds
[2024-12-02T10:42:08.740+0000] {processor.py:186} INFO - Started process (PID=80) to work on /home/airflow/.local/lib/python3.12/site-packages/airflow/example_dags/tutorial_dag.py
[2024-12-02T10:42:08.751+0000] {processor.py:914} INFO - Processing file /home/airflow/.local/lib/python3.12/site-packages/airflow/example_dags/tutorial_dag.py for tasks to queue
[2024-12-02T10:42:08.764+0000] {logging_mixin.py:190} INFO - [2024-12-02T10:42:08.764+0000] {dagbag.py:588} INFO - Filling up the DagBag from /home/airflow/.local/lib/python3.12/site-packages/airflow/example_dags/tutorial_dag.py
[2024-12-02T10:42:08.771+0000] {processor.py:925} INFO - DAG(s) 'tutorial_dag' retrieved from /home/airflow/.local/lib/python3.12/site-packages/airflow/example_dags/tutorial_dag.py
[2024-12-02T10:42:08.817+0000] {logging_mixin.py:190} INFO - [2024-12-02T10:42:08.816+0000] {dag.py:3239} INFO - Sync 1 DAGs
[2024-12-02T10:42:08.849+0000] {logging_mixin.py:190} INFO - [2024-12-02T10:42:08.849+0000] {dag.py:4180} INFO - Setting next_dagrun for tutorial_dag to None, run_after=None
[2024-12-02T10:42:08.877+0000] {processor.py:208} INFO - Processing /home/airflow/.local/lib/python3.12/site-packages/airflow/example_dags/tutorial_dag.py took 0.147 seconds
[2024-12-02T10:42:42.398+0000] {processor.py:186} INFO - Started process (PID=143) to work on /home/airflow/.local/lib/python3.12/site-packages/airflow/example_dags/tutorial_dag.py
[2024-12-02T10:42:42.409+0000] {processor.py:914} INFO - Processing file /home/airflow/.local/lib/python3.12/site-packages/airflow/example_dags/tutorial_dag.py for tasks to queue
[2024-12-02T10:42:42.411+0000] {logging_mixin.py:190} INFO - [2024-12-02T10:42:42.411+0000] {dagbag.py:588} INFO - Filling up the DagBag from /home/airflow/.local/lib/python3.12/site-packages/airflow/example_dags/tutorial_dag.py
[2024-12-02T10:42:42.426+0000] {processor.py:925} INFO - DAG(s) 'tutorial_dag' retrieved from /home/airflow/.local/lib/python3.12/site-packages/airflow/example_dags/tutorial_dag.py
[2024-12-02T10:42:42.454+0000] {logging_mixin.py:190} INFO - [2024-12-02T10:42:42.453+0000] {dag.py:3239} INFO - Sync 1 DAGs
[2024-12-02T10:42:42.463+0000] {logging_mixin.py:190} INFO - [2024-12-02T10:42:42.463+0000] {dag.py:4180} INFO - Setting next_dagrun for tutorial_dag to None, run_after=None
[2024-12-02T10:42:42.488+0000] {processor.py:208} INFO - Processing /home/airflow/.local/lib/python3.12/site-packages/airflow/example_dags/tutorial_dag.py took 0.095 seconds
[2024-12-02T10:43:12.516+0000] {processor.py:186} INFO - Started process (PID=206) to work on /home/airflow/.local/lib/python3.12/site-packages/airflow/example_dags/tutorial_dag.py
[2024-12-02T10:43:12.517+0000] {processor.py:914} INFO - Processing file /home/airflow/.local/lib/python3.12/site-packages/airflow/example_dags/tutorial_dag.py for tasks to queue
[2024-12-02T10:43:12.518+0000] {logging_mixin.py:190} INFO - [2024-12-02T10:43:12.518+0000] {dagbag.py:588} INFO - Filling up the DagBag from /home/airflow/.local/lib/python3.12/site-packages/airflow/example_dags/tutorial_dag.py
[2024-12-02T10:43:12.524+0000] {processor.py:925} INFO - DAG(s) 'tutorial_dag' retrieved from /home/airflow/.local/lib/python3.12/site-packages/airflow/example_dags/tutorial_dag.py
[2024-12-02T10:43:12.537+0000] {logging_mixin.py:190} INFO - [2024-12-02T10:43:12.536+0000] {dag.py:3239} INFO - Sync 1 DAGs
[2024-12-02T10:43:12.548+0000] {logging_mixin.py:190} INFO - [2024-12-02T10:43:12.548+0000] {dag.py:4180} INFO - Setting next_dagrun for tutorial_dag to None, run_after=None
[2024-12-02T10:43:12.566+0000] {processor.py:208} INFO - Processing /home/airflow/.local/lib/python3.12/site-packages/airflow/example_dags/tutorial_dag.py took 0.055 seconds
[2024-12-02T10:43:43.451+0000] {processor.py:186} INFO - Started process (PID=269) to work on /home/airflow/.local/lib/python3.12/site-packages/airflow/example_dags/tutorial_dag.py
[2024-12-02T10:43:43.452+0000] {processor.py:914} INFO - Processing file /home/airflow/.local/lib/python3.12/site-packages/airflow/example_dags/tutorial_dag.py for tasks to queue
[2024-12-02T10:43:43.455+0000] {logging_mixin.py:190} INFO - [2024-12-02T10:43:43.455+0000] {dagbag.py:588} INFO - Filling up the DagBag from /home/airflow/.local/lib/python3.12/site-packages/airflow/example_dags/tutorial_dag.py
[2024-12-02T10:43:43.461+0000] {processor.py:925} INFO - DAG(s) 'tutorial_dag' retrieved from /home/airflow/.local/lib/python3.12/site-packages/airflow/example_dags/tutorial_dag.py
[2024-12-02T10:43:43.474+0000] {logging_mixin.py:190} INFO - [2024-12-02T10:43:43.474+0000] {dag.py:3239} INFO - Sync 1 DAGs
[2024-12-02T10:43:43.485+0000] {logging_mixin.py:190} INFO - [2024-12-02T10:43:43.485+0000] {dag.py:4180} INFO - Setting next_dagrun for tutorial_dag to None, run_after=None
[2024-12-02T10:43:43.500+0000] {processor.py:208} INFO - Processing /home/airflow/.local/lib/python3.12/site-packages/airflow/example_dags/tutorial_dag.py took 0.057 seconds
[2024-12-02T10:44:13.871+0000] {processor.py:186} INFO - Started process (PID=333) to work on /home/airflow/.local/lib/python3.12/site-packages/airflow/example_dags/tutorial_dag.py
[2024-12-02T10:44:13.879+0000] {processor.py:914} INFO - Processing file /home/airflow/.local/lib/python3.12/site-packages/airflow/example_dags/tutorial_dag.py for tasks to queue
[2024-12-02T10:44:13.880+0000] {logging_mixin.py:190} INFO - [2024-12-02T10:44:13.880+0000] {dagbag.py:588} INFO - Filling up the DagBag from /home/airflow/.local/lib/python3.12/site-packages/airflow/example_dags/tutorial_dag.py
[2024-12-02T10:44:13.886+0000] {processor.py:925} INFO - DAG(s) 'tutorial_dag' retrieved from /home/airflow/.local/lib/python3.12/site-packages/airflow/example_dags/tutorial_dag.py
[2024-12-02T10:44:13.927+0000] {logging_mixin.py:190} INFO - [2024-12-02T10:44:13.927+0000] {dag.py:3239} INFO - Sync 1 DAGs
[2024-12-02T10:44:13.946+0000] {logging_mixin.py:190} INFO - [2024-12-02T10:44:13.946+0000] {dag.py:4180} INFO - Setting next_dagrun for tutorial_dag to None, run_after=None
[2024-12-02T10:44:13.969+0000] {processor.py:208} INFO - Processing /home/airflow/.local/lib/python3.12/site-packages/airflow/example_dags/tutorial_dag.py took 0.103 seconds
[2024-12-02T10:44:44.038+0000] {processor.py:186} INFO - Started process (PID=391) to work on /home/airflow/.local/lib/python3.12/site-packages/airflow/example_dags/tutorial_dag.py
[2024-12-02T10:44:44.044+0000] {processor.py:914} INFO - Processing file /home/airflow/.local/lib/python3.12/site-packages/airflow/example_dags/tutorial_dag.py for tasks to queue
[2024-12-02T10:44:44.054+0000] {logging_mixin.py:190} INFO - [2024-12-02T10:44:44.053+0000] {dagbag.py:588} INFO - Filling up the DagBag from /home/airflow/.local/lib/python3.12/site-packages/airflow/example_dags/tutorial_dag.py
[2024-12-02T10:44:44.064+0000] {processor.py:925} INFO - DAG(s) 'tutorial_dag' retrieved from /home/airflow/.local/lib/python3.12/site-packages/airflow/example_dags/tutorial_dag.py
[2024-12-02T10:44:44.084+0000] {logging_mixin.py:190} INFO - [2024-12-02T10:44:44.084+0000] {dag.py:3239} INFO - Sync 1 DAGs
[2024-12-02T10:44:44.094+0000] {logging_mixin.py:190} INFO - [2024-12-02T10:44:44.094+0000] {dag.py:4180} INFO - Setting next_dagrun for tutorial_dag to None, run_after=None
[2024-12-02T10:44:44.110+0000] {processor.py:208} INFO - Processing /home/airflow/.local/lib/python3.12/site-packages/airflow/example_dags/tutorial_dag.py took 0.077 seconds
[2024-12-02T10:45:14.445+0000] {processor.py:186} INFO - Started process (PID=456) to work on /home/airflow/.local/lib/python3.12/site-packages/airflow/example_dags/tutorial_dag.py
[2024-12-02T10:45:14.445+0000] {processor.py:914} INFO - Processing file /home/airflow/.local/lib/python3.12/site-packages/airflow/example_dags/tutorial_dag.py for tasks to queue
[2024-12-02T10:45:14.447+0000] {logging_mixin.py:190} INFO - [2024-12-02T10:45:14.447+0000] {dagbag.py:588} INFO - Filling up the DagBag from /home/airflow/.local/lib/python3.12/site-packages/airflow/example_dags/tutorial_dag.py
[2024-12-02T10:45:14.452+0000] {processor.py:925} INFO - DAG(s) 'tutorial_dag' retrieved from /home/airflow/.local/lib/python3.12/site-packages/airflow/example_dags/tutorial_dag.py
[2024-12-02T10:45:14.467+0000] {logging_mixin.py:190} INFO - [2024-12-02T10:45:14.467+0000] {dag.py:3239} INFO - Sync 1 DAGs
[2024-12-02T10:45:14.478+0000] {logging_mixin.py:190} INFO - [2024-12-02T10:45:14.478+0000] {dag.py:4180} INFO - Setting next_dagrun for tutorial_dag to None, run_after=None
[2024-12-02T10:45:14.492+0000] {processor.py:208} INFO - Processing /home/airflow/.local/lib/python3.12/site-packages/airflow/example_dags/tutorial_dag.py took 0.052 seconds
[2024-12-02T10:45:44.869+0000] {processor.py:186} INFO - Started process (PID=520) to work on /home/airflow/.local/lib/python3.12/site-packages/airflow/example_dags/tutorial_dag.py
[2024-12-02T10:45:44.871+0000] {processor.py:914} INFO - Processing file /home/airflow/.local/lib/python3.12/site-packages/airflow/example_dags/tutorial_dag.py for tasks to queue
[2024-12-02T10:45:44.875+0000] {logging_mixin.py:190} INFO - [2024-12-02T10:45:44.875+0000] {dagbag.py:588} INFO - Filling up the DagBag from /home/airflow/.local/lib/python3.12/site-packages/airflow/example_dags/tutorial_dag.py
[2024-12-02T10:45:44.881+0000] {processor.py:925} INFO - DAG(s) 'tutorial_dag' retrieved from /home/airflow/.local/lib/python3.12/site-packages/airflow/example_dags/tutorial_dag.py
[2024-12-02T10:45:44.897+0000] {logging_mixin.py:190} INFO - [2024-12-02T10:45:44.897+0000] {dag.py:3239} INFO - Sync 1 DAGs
[2024-12-02T10:45:44.908+0000] {logging_mixin.py:190} INFO - [2024-12-02T10:45:44.908+0000] {dag.py:4180} INFO - Setting next_dagrun for tutorial_dag to None, run_after=None
[2024-12-02T10:45:44.925+0000] {processor.py:208} INFO - Processing /home/airflow/.local/lib/python3.12/site-packages/airflow/example_dags/tutorial_dag.py took 0.071 seconds
[2024-12-02T10:46:16.679+0000] {processor.py:186} INFO - Started process (PID=584) to work on /home/airflow/.local/lib/python3.12/site-packages/airflow/example_dags/tutorial_dag.py
[2024-12-02T10:46:16.681+0000] {processor.py:914} INFO - Processing file /home/airflow/.local/lib/python3.12/site-packages/airflow/example_dags/tutorial_dag.py for tasks to queue
[2024-12-02T10:46:16.684+0000] {logging_mixin.py:190} INFO - [2024-12-02T10:46:16.684+0000] {dagbag.py:588} INFO - Filling up the DagBag from /home/airflow/.local/lib/python3.12/site-packages/airflow/example_dags/tutorial_dag.py
[2024-12-02T10:46:16.713+0000] {processor.py:925} INFO - DAG(s) 'tutorial_dag' retrieved from /home/airflow/.local/lib/python3.12/site-packages/airflow/example_dags/tutorial_dag.py
[2024-12-02T10:46:16.788+0000] {logging_mixin.py:190} INFO - [2024-12-02T10:46:16.788+0000] {dag.py:3239} INFO - Sync 1 DAGs
[2024-12-02T10:46:16.827+0000] {logging_mixin.py:190} INFO - [2024-12-02T10:46:16.827+0000] {dag.py:4180} INFO - Setting next_dagrun for tutorial_dag to None, run_after=None
[2024-12-02T10:46:16.965+0000] {processor.py:208} INFO - Processing /home/airflow/.local/lib/python3.12/site-packages/airflow/example_dags/tutorial_dag.py took 0.349 seconds
[2024-12-02T10:46:50.274+0000] {processor.py:186} INFO - Started process (PID=636) to work on /home/airflow/.local/lib/python3.12/site-packages/airflow/example_dags/tutorial_dag.py
[2024-12-02T10:46:50.285+0000] {processor.py:914} INFO - Processing file /home/airflow/.local/lib/python3.12/site-packages/airflow/example_dags/tutorial_dag.py for tasks to queue
[2024-12-02T10:46:50.287+0000] {logging_mixin.py:190} INFO - [2024-12-02T10:46:50.287+0000] {dagbag.py:588} INFO - Filling up the DagBag from /home/airflow/.local/lib/python3.12/site-packages/airflow/example_dags/tutorial_dag.py
[2024-12-02T10:46:50.316+0000] {processor.py:925} INFO - DAG(s) 'tutorial_dag' retrieved from /home/airflow/.local/lib/python3.12/site-packages/airflow/example_dags/tutorial_dag.py
[2024-12-02T10:46:50.373+0000] {logging_mixin.py:190} INFO - [2024-12-02T10:46:50.373+0000] {dag.py:3239} INFO - Sync 1 DAGs
[2024-12-02T10:46:50.411+0000] {logging_mixin.py:190} INFO - [2024-12-02T10:46:50.411+0000] {dag.py:4180} INFO - Setting next_dagrun for tutorial_dag to None, run_after=None
[2024-12-02T10:46:50.486+0000] {processor.py:208} INFO - Processing /home/airflow/.local/lib/python3.12/site-packages/airflow/example_dags/tutorial_dag.py took 0.218 seconds
[2024-12-02T10:58:15.592+0000] {processor.py:186} INFO - Started process (PID=86) to work on /home/airflow/.local/lib/python3.12/site-packages/airflow/example_dags/tutorial_dag.py
[2024-12-02T10:58:15.629+0000] {processor.py:914} INFO - Processing file /home/airflow/.local/lib/python3.12/site-packages/airflow/example_dags/tutorial_dag.py for tasks to queue
[2024-12-02T10:58:15.632+0000] {logging_mixin.py:190} INFO - [2024-12-02T10:58:15.631+0000] {dagbag.py:588} INFO - Filling up the DagBag from /home/airflow/.local/lib/python3.12/site-packages/airflow/example_dags/tutorial_dag.py
[2024-12-02T10:58:15.651+0000] {processor.py:925} INFO - DAG(s) 'tutorial_dag' retrieved from /home/airflow/.local/lib/python3.12/site-packages/airflow/example_dags/tutorial_dag.py
[2024-12-02T10:58:15.757+0000] {logging_mixin.py:190} INFO - [2024-12-02T10:58:15.757+0000] {dag.py:3239} INFO - Sync 1 DAGs
[2024-12-02T10:58:15.826+0000] {logging_mixin.py:190} INFO - [2024-12-02T10:58:15.826+0000] {dag.py:4180} INFO - Setting next_dagrun for tutorial_dag to None, run_after=None
[2024-12-02T10:58:15.885+0000] {processor.py:208} INFO - Processing /home/airflow/.local/lib/python3.12/site-packages/airflow/example_dags/tutorial_dag.py took 0.297 seconds
[2024-12-02T10:58:46.624+0000] {processor.py:186} INFO - Started process (PID=150) to work on /home/airflow/.local/lib/python3.12/site-packages/airflow/example_dags/tutorial_dag.py
[2024-12-02T10:58:46.685+0000] {processor.py:914} INFO - Processing file /home/airflow/.local/lib/python3.12/site-packages/airflow/example_dags/tutorial_dag.py for tasks to queue
[2024-12-02T10:58:46.693+0000] {logging_mixin.py:190} INFO - [2024-12-02T10:58:46.693+0000] {dagbag.py:588} INFO - Filling up the DagBag from /home/airflow/.local/lib/python3.12/site-packages/airflow/example_dags/tutorial_dag.py
[2024-12-02T10:58:46.705+0000] {processor.py:925} INFO - DAG(s) 'tutorial_dag' retrieved from /home/airflow/.local/lib/python3.12/site-packages/airflow/example_dags/tutorial_dag.py
[2024-12-02T10:58:46.886+0000] {logging_mixin.py:190} INFO - [2024-12-02T10:58:46.885+0000] {dag.py:3239} INFO - Sync 1 DAGs
[2024-12-02T10:58:46.951+0000] {logging_mixin.py:190} INFO - [2024-12-02T10:58:46.951+0000] {dag.py:4180} INFO - Setting next_dagrun for tutorial_dag to None, run_after=None
[2024-12-02T10:58:47.117+0000] {processor.py:208} INFO - Processing /home/airflow/.local/lib/python3.12/site-packages/airflow/example_dags/tutorial_dag.py took 0.554 seconds
[2024-12-02T10:59:17.259+0000] {processor.py:186} INFO - Started process (PID=213) to work on /home/airflow/.local/lib/python3.12/site-packages/airflow/example_dags/tutorial_dag.py
[2024-12-02T10:59:17.273+0000] {processor.py:914} INFO - Processing file /home/airflow/.local/lib/python3.12/site-packages/airflow/example_dags/tutorial_dag.py for tasks to queue
[2024-12-02T10:59:17.275+0000] {logging_mixin.py:190} INFO - [2024-12-02T10:59:17.274+0000] {dagbag.py:588} INFO - Filling up the DagBag from /home/airflow/.local/lib/python3.12/site-packages/airflow/example_dags/tutorial_dag.py
[2024-12-02T10:59:17.285+0000] {processor.py:925} INFO - DAG(s) 'tutorial_dag' retrieved from /home/airflow/.local/lib/python3.12/site-packages/airflow/example_dags/tutorial_dag.py
[2024-12-02T10:59:17.314+0000] {logging_mixin.py:190} INFO - [2024-12-02T10:59:17.314+0000] {dag.py:3239} INFO - Sync 1 DAGs
[2024-12-02T10:59:17.341+0000] {logging_mixin.py:190} INFO - [2024-12-02T10:59:17.341+0000] {dag.py:4180} INFO - Setting next_dagrun for tutorial_dag to None, run_after=None
[2024-12-02T10:59:17.370+0000] {processor.py:208} INFO - Processing /home/airflow/.local/lib/python3.12/site-packages/airflow/example_dags/tutorial_dag.py took 0.116 seconds
[2024-12-02T10:59:47.409+0000] {processor.py:186} INFO - Started process (PID=276) to work on /home/airflow/.local/lib/python3.12/site-packages/airflow/example_dags/tutorial_dag.py
[2024-12-02T10:59:47.413+0000] {processor.py:914} INFO - Processing file /home/airflow/.local/lib/python3.12/site-packages/airflow/example_dags/tutorial_dag.py for tasks to queue
[2024-12-02T10:59:47.416+0000] {logging_mixin.py:190} INFO - [2024-12-02T10:59:47.415+0000] {dagbag.py:588} INFO - Filling up the DagBag from /home/airflow/.local/lib/python3.12/site-packages/airflow/example_dags/tutorial_dag.py
[2024-12-02T10:59:47.422+0000] {processor.py:925} INFO - DAG(s) 'tutorial_dag' retrieved from /home/airflow/.local/lib/python3.12/site-packages/airflow/example_dags/tutorial_dag.py
[2024-12-02T10:59:47.450+0000] {logging_mixin.py:190} INFO - [2024-12-02T10:59:47.449+0000] {dag.py:3239} INFO - Sync 1 DAGs
[2024-12-02T10:59:47.476+0000] {logging_mixin.py:190} INFO - [2024-12-02T10:59:47.476+0000] {dag.py:4180} INFO - Setting next_dagrun for tutorial_dag to None, run_after=None
[2024-12-02T10:59:47.510+0000] {processor.py:208} INFO - Processing /home/airflow/.local/lib/python3.12/site-packages/airflow/example_dags/tutorial_dag.py took 0.110 seconds
[2024-12-02T11:00:18.088+0000] {processor.py:186} INFO - Started process (PID=340) to work on /home/airflow/.local/lib/python3.12/site-packages/airflow/example_dags/tutorial_dag.py
[2024-12-02T11:00:18.089+0000] {processor.py:914} INFO - Processing file /home/airflow/.local/lib/python3.12/site-packages/airflow/example_dags/tutorial_dag.py for tasks to queue
[2024-12-02T11:00:18.091+0000] {logging_mixin.py:190} INFO - [2024-12-02T11:00:18.090+0000] {dagbag.py:588} INFO - Filling up the DagBag from /home/airflow/.local/lib/python3.12/site-packages/airflow/example_dags/tutorial_dag.py
[2024-12-02T11:00:18.096+0000] {processor.py:925} INFO - DAG(s) 'tutorial_dag' retrieved from /home/airflow/.local/lib/python3.12/site-packages/airflow/example_dags/tutorial_dag.py
[2024-12-02T11:00:18.111+0000] {logging_mixin.py:190} INFO - [2024-12-02T11:00:18.111+0000] {dag.py:3239} INFO - Sync 1 DAGs
[2024-12-02T11:00:18.122+0000] {logging_mixin.py:190} INFO - [2024-12-02T11:00:18.122+0000] {dag.py:4180} INFO - Setting next_dagrun for tutorial_dag to None, run_after=None
[2024-12-02T11:00:18.138+0000] {processor.py:208} INFO - Processing /home/airflow/.local/lib/python3.12/site-packages/airflow/example_dags/tutorial_dag.py took 0.055 seconds
[2024-12-02T11:00:51.323+0000] {processor.py:186} INFO - Started process (PID=404) to work on /home/airflow/.local/lib/python3.12/site-packages/airflow/example_dags/tutorial_dag.py
[2024-12-02T11:00:51.326+0000] {processor.py:914} INFO - Processing file /home/airflow/.local/lib/python3.12/site-packages/airflow/example_dags/tutorial_dag.py for tasks to queue
[2024-12-02T11:00:51.328+0000] {logging_mixin.py:190} INFO - [2024-12-02T11:00:51.327+0000] {dagbag.py:588} INFO - Filling up the DagBag from /home/airflow/.local/lib/python3.12/site-packages/airflow/example_dags/tutorial_dag.py
[2024-12-02T11:00:51.334+0000] {processor.py:925} INFO - DAG(s) 'tutorial_dag' retrieved from /home/airflow/.local/lib/python3.12/site-packages/airflow/example_dags/tutorial_dag.py
[2024-12-02T11:00:51.354+0000] {logging_mixin.py:190} INFO - [2024-12-02T11:00:51.354+0000] {dag.py:3239} INFO - Sync 1 DAGs
[2024-12-02T11:00:51.376+0000] {logging_mixin.py:190} INFO - [2024-12-02T11:00:51.376+0000] {dag.py:4180} INFO - Setting next_dagrun for tutorial_dag to None, run_after=None
[2024-12-02T11:00:51.394+0000] {processor.py:208} INFO - Processing /home/airflow/.local/lib/python3.12/site-packages/airflow/example_dags/tutorial_dag.py took 0.077 seconds
[2024-12-02T11:01:21.839+0000] {processor.py:186} INFO - Started process (PID=468) to work on /home/airflow/.local/lib/python3.12/site-packages/airflow/example_dags/tutorial_dag.py
[2024-12-02T11:01:21.840+0000] {processor.py:914} INFO - Processing file /home/airflow/.local/lib/python3.12/site-packages/airflow/example_dags/tutorial_dag.py for tasks to queue
[2024-12-02T11:01:21.844+0000] {logging_mixin.py:190} INFO - [2024-12-02T11:01:21.844+0000] {dagbag.py:588} INFO - Filling up the DagBag from /home/airflow/.local/lib/python3.12/site-packages/airflow/example_dags/tutorial_dag.py
[2024-12-02T11:01:21.858+0000] {processor.py:925} INFO - DAG(s) 'tutorial_dag' retrieved from /home/airflow/.local/lib/python3.12/site-packages/airflow/example_dags/tutorial_dag.py
[2024-12-02T11:01:21.892+0000] {logging_mixin.py:190} INFO - [2024-12-02T11:01:21.892+0000] {dag.py:3239} INFO - Sync 1 DAGs
[2024-12-02T11:01:21.926+0000] {logging_mixin.py:190} INFO - [2024-12-02T11:01:21.926+0000] {dag.py:4180} INFO - Setting next_dagrun for tutorial_dag to None, run_after=None
[2024-12-02T11:01:21.983+0000] {processor.py:208} INFO - Processing /home/airflow/.local/lib/python3.12/site-packages/airflow/example_dags/tutorial_dag.py took 0.148 seconds
[2024-12-02T11:01:52.510+0000] {processor.py:186} INFO - Started process (PID=532) to work on /home/airflow/.local/lib/python3.12/site-packages/airflow/example_dags/tutorial_dag.py
[2024-12-02T11:01:52.512+0000] {processor.py:914} INFO - Processing file /home/airflow/.local/lib/python3.12/site-packages/airflow/example_dags/tutorial_dag.py for tasks to queue
[2024-12-02T11:01:52.514+0000] {logging_mixin.py:190} INFO - [2024-12-02T11:01:52.513+0000] {dagbag.py:588} INFO - Filling up the DagBag from /home/airflow/.local/lib/python3.12/site-packages/airflow/example_dags/tutorial_dag.py
[2024-12-02T11:01:52.520+0000] {processor.py:925} INFO - DAG(s) 'tutorial_dag' retrieved from /home/airflow/.local/lib/python3.12/site-packages/airflow/example_dags/tutorial_dag.py
[2024-12-02T11:01:52.534+0000] {logging_mixin.py:190} INFO - [2024-12-02T11:01:52.534+0000] {dag.py:3239} INFO - Sync 1 DAGs
[2024-12-02T11:01:52.544+0000] {logging_mixin.py:190} INFO - [2024-12-02T11:01:52.544+0000] {dag.py:4180} INFO - Setting next_dagrun for tutorial_dag to None, run_after=None
[2024-12-02T11:01:52.564+0000] {processor.py:208} INFO - Processing /home/airflow/.local/lib/python3.12/site-packages/airflow/example_dags/tutorial_dag.py took 0.058 seconds
[2024-12-02T11:02:23.157+0000] {processor.py:186} INFO - Started process (PID=595) to work on /home/airflow/.local/lib/python3.12/site-packages/airflow/example_dags/tutorial_dag.py
[2024-12-02T11:02:23.165+0000] {processor.py:914} INFO - Processing file /home/airflow/.local/lib/python3.12/site-packages/airflow/example_dags/tutorial_dag.py for tasks to queue
[2024-12-02T11:02:23.166+0000] {logging_mixin.py:190} INFO - [2024-12-02T11:02:23.166+0000] {dagbag.py:588} INFO - Filling up the DagBag from /home/airflow/.local/lib/python3.12/site-packages/airflow/example_dags/tutorial_dag.py
[2024-12-02T11:02:23.172+0000] {processor.py:925} INFO - DAG(s) 'tutorial_dag' retrieved from /home/airflow/.local/lib/python3.12/site-packages/airflow/example_dags/tutorial_dag.py
[2024-12-02T11:02:23.188+0000] {logging_mixin.py:190} INFO - [2024-12-02T11:02:23.187+0000] {dag.py:3239} INFO - Sync 1 DAGs
[2024-12-02T11:02:23.199+0000] {logging_mixin.py:190} INFO - [2024-12-02T11:02:23.199+0000] {dag.py:4180} INFO - Setting next_dagrun for tutorial_dag to None, run_after=None
[2024-12-02T11:02:23.214+0000] {processor.py:208} INFO - Processing /home/airflow/.local/lib/python3.12/site-packages/airflow/example_dags/tutorial_dag.py took 0.062 seconds
[2024-12-02T11:02:53.600+0000] {processor.py:186} INFO - Started process (PID=658) to work on /home/airflow/.local/lib/python3.12/site-packages/airflow/example_dags/tutorial_dag.py
[2024-12-02T11:02:53.608+0000] {processor.py:914} INFO - Processing file /home/airflow/.local/lib/python3.12/site-packages/airflow/example_dags/tutorial_dag.py for tasks to queue
[2024-12-02T11:02:53.610+0000] {logging_mixin.py:190} INFO - [2024-12-02T11:02:53.609+0000] {dagbag.py:588} INFO - Filling up the DagBag from /home/airflow/.local/lib/python3.12/site-packages/airflow/example_dags/tutorial_dag.py
[2024-12-02T11:02:53.615+0000] {processor.py:925} INFO - DAG(s) 'tutorial_dag' retrieved from /home/airflow/.local/lib/python3.12/site-packages/airflow/example_dags/tutorial_dag.py
[2024-12-02T11:02:53.631+0000] {logging_mixin.py:190} INFO - [2024-12-02T11:02:53.631+0000] {dag.py:3239} INFO - Sync 1 DAGs
[2024-12-02T11:02:53.642+0000] {logging_mixin.py:190} INFO - [2024-12-02T11:02:53.642+0000] {dag.py:4180} INFO - Setting next_dagrun for tutorial_dag to None, run_after=None
[2024-12-02T11:02:53.679+0000] {processor.py:208} INFO - Processing /home/airflow/.local/lib/python3.12/site-packages/airflow/example_dags/tutorial_dag.py took 0.083 seconds
[2024-12-02T11:03:25.061+0000] {processor.py:186} INFO - Started process (PID=721) to work on /home/airflow/.local/lib/python3.12/site-packages/airflow/example_dags/tutorial_dag.py
[2024-12-02T11:03:25.079+0000] {processor.py:914} INFO - Processing file /home/airflow/.local/lib/python3.12/site-packages/airflow/example_dags/tutorial_dag.py for tasks to queue
[2024-12-02T11:03:25.095+0000] {logging_mixin.py:190} INFO - [2024-12-02T11:03:25.094+0000] {dagbag.py:588} INFO - Filling up the DagBag from /home/airflow/.local/lib/python3.12/site-packages/airflow/example_dags/tutorial_dag.py
[2024-12-02T11:03:25.155+0000] {processor.py:925} INFO - DAG(s) 'tutorial_dag' retrieved from /home/airflow/.local/lib/python3.12/site-packages/airflow/example_dags/tutorial_dag.py
[2024-12-02T11:03:25.366+0000] {logging_mixin.py:190} INFO - [2024-12-02T11:03:25.366+0000] {dag.py:3239} INFO - Sync 1 DAGs
[2024-12-02T11:03:25.445+0000] {logging_mixin.py:190} INFO - [2024-12-02T11:03:25.444+0000] {dag.py:4180} INFO - Setting next_dagrun for tutorial_dag to None, run_after=None
[2024-12-02T11:03:25.645+0000] {processor.py:208} INFO - Processing /home/airflow/.local/lib/python3.12/site-packages/airflow/example_dags/tutorial_dag.py took 0.611 seconds
[2024-12-02T11:03:55.730+0000] {processor.py:186} INFO - Started process (PID=778) to work on /home/airflow/.local/lib/python3.12/site-packages/airflow/example_dags/tutorial_dag.py
[2024-12-02T11:03:55.731+0000] {processor.py:914} INFO - Processing file /home/airflow/.local/lib/python3.12/site-packages/airflow/example_dags/tutorial_dag.py for tasks to queue
[2024-12-02T11:03:55.733+0000] {logging_mixin.py:190} INFO - [2024-12-02T11:03:55.733+0000] {dagbag.py:588} INFO - Filling up the DagBag from /home/airflow/.local/lib/python3.12/site-packages/airflow/example_dags/tutorial_dag.py
[2024-12-02T11:03:55.738+0000] {processor.py:925} INFO - DAG(s) 'tutorial_dag' retrieved from /home/airflow/.local/lib/python3.12/site-packages/airflow/example_dags/tutorial_dag.py
[2024-12-02T11:03:55.754+0000] {logging_mixin.py:190} INFO - [2024-12-02T11:03:55.754+0000] {dag.py:3239} INFO - Sync 1 DAGs
[2024-12-02T11:03:55.765+0000] {logging_mixin.py:190} INFO - [2024-12-02T11:03:55.765+0000] {dag.py:4180} INFO - Setting next_dagrun for tutorial_dag to None, run_after=None
[2024-12-02T11:03:55.781+0000] {processor.py:208} INFO - Processing /home/airflow/.local/lib/python3.12/site-packages/airflow/example_dags/tutorial_dag.py took 0.056 seconds
[2024-12-02T11:04:26.403+0000] {processor.py:186} INFO - Started process (PID=820) to work on /home/airflow/.local/lib/python3.12/site-packages/airflow/example_dags/tutorial_dag.py
[2024-12-02T11:04:26.403+0000] {processor.py:914} INFO - Processing file /home/airflow/.local/lib/python3.12/site-packages/airflow/example_dags/tutorial_dag.py for tasks to queue
[2024-12-02T11:04:26.405+0000] {logging_mixin.py:190} INFO - [2024-12-02T11:04:26.405+0000] {dagbag.py:588} INFO - Filling up the DagBag from /home/airflow/.local/lib/python3.12/site-packages/airflow/example_dags/tutorial_dag.py
[2024-12-02T11:04:26.410+0000] {processor.py:925} INFO - DAG(s) 'tutorial_dag' retrieved from /home/airflow/.local/lib/python3.12/site-packages/airflow/example_dags/tutorial_dag.py
[2024-12-02T11:04:26.423+0000] {logging_mixin.py:190} INFO - [2024-12-02T11:04:26.423+0000] {dag.py:3239} INFO - Sync 1 DAGs
[2024-12-02T11:04:26.434+0000] {logging_mixin.py:190} INFO - [2024-12-02T11:04:26.434+0000] {dag.py:4180} INFO - Setting next_dagrun for tutorial_dag to None, run_after=None
[2024-12-02T11:04:26.448+0000] {processor.py:208} INFO - Processing /home/airflow/.local/lib/python3.12/site-packages/airflow/example_dags/tutorial_dag.py took 0.050 seconds
[2024-12-02T11:04:56.755+0000] {processor.py:186} INFO - Started process (PID=884) to work on /home/airflow/.local/lib/python3.12/site-packages/airflow/example_dags/tutorial_dag.py
[2024-12-02T11:04:56.765+0000] {processor.py:914} INFO - Processing file /home/airflow/.local/lib/python3.12/site-packages/airflow/example_dags/tutorial_dag.py for tasks to queue
[2024-12-02T11:04:56.767+0000] {logging_mixin.py:190} INFO - [2024-12-02T11:04:56.766+0000] {dagbag.py:588} INFO - Filling up the DagBag from /home/airflow/.local/lib/python3.12/site-packages/airflow/example_dags/tutorial_dag.py
[2024-12-02T11:04:56.772+0000] {processor.py:925} INFO - DAG(s) 'tutorial_dag' retrieved from /home/airflow/.local/lib/python3.12/site-packages/airflow/example_dags/tutorial_dag.py
[2024-12-02T11:04:56.808+0000] {logging_mixin.py:190} INFO - [2024-12-02T11:04:56.808+0000] {dag.py:3239} INFO - Sync 1 DAGs
[2024-12-02T11:04:56.828+0000] {logging_mixin.py:190} INFO - [2024-12-02T11:04:56.828+0000] {dag.py:4180} INFO - Setting next_dagrun for tutorial_dag to None, run_after=None
[2024-12-02T11:04:56.854+0000] {processor.py:208} INFO - Processing /home/airflow/.local/lib/python3.12/site-packages/airflow/example_dags/tutorial_dag.py took 0.119 seconds
[2024-12-02T11:05:27.469+0000] {processor.py:186} INFO - Started process (PID=948) to work on /home/airflow/.local/lib/python3.12/site-packages/airflow/example_dags/tutorial_dag.py
[2024-12-02T11:05:27.470+0000] {processor.py:914} INFO - Processing file /home/airflow/.local/lib/python3.12/site-packages/airflow/example_dags/tutorial_dag.py for tasks to queue
[2024-12-02T11:05:27.471+0000] {logging_mixin.py:190} INFO - [2024-12-02T11:05:27.471+0000] {dagbag.py:588} INFO - Filling up the DagBag from /home/airflow/.local/lib/python3.12/site-packages/airflow/example_dags/tutorial_dag.py
[2024-12-02T11:05:27.477+0000] {processor.py:925} INFO - DAG(s) 'tutorial_dag' retrieved from /home/airflow/.local/lib/python3.12/site-packages/airflow/example_dags/tutorial_dag.py
[2024-12-02T11:05:27.489+0000] {logging_mixin.py:190} INFO - [2024-12-02T11:05:27.489+0000] {dag.py:3239} INFO - Sync 1 DAGs
[2024-12-02T11:05:27.499+0000] {logging_mixin.py:190} INFO - [2024-12-02T11:05:27.498+0000] {dag.py:4180} INFO - Setting next_dagrun for tutorial_dag to None, run_after=None
[2024-12-02T11:05:27.511+0000] {processor.py:208} INFO - Processing /home/airflow/.local/lib/python3.12/site-packages/airflow/example_dags/tutorial_dag.py took 0.053 seconds
[2024-12-02T11:05:57.862+0000] {processor.py:186} INFO - Started process (PID=1012) to work on /home/airflow/.local/lib/python3.12/site-packages/airflow/example_dags/tutorial_dag.py
[2024-12-02T11:05:57.864+0000] {processor.py:914} INFO - Processing file /home/airflow/.local/lib/python3.12/site-packages/airflow/example_dags/tutorial_dag.py for tasks to queue
[2024-12-02T11:05:57.866+0000] {logging_mixin.py:190} INFO - [2024-12-02T11:05:57.866+0000] {dagbag.py:588} INFO - Filling up the DagBag from /home/airflow/.local/lib/python3.12/site-packages/airflow/example_dags/tutorial_dag.py
[2024-12-02T11:05:57.872+0000] {processor.py:925} INFO - DAG(s) 'tutorial_dag' retrieved from /home/airflow/.local/lib/python3.12/site-packages/airflow/example_dags/tutorial_dag.py
[2024-12-02T11:05:57.889+0000] {logging_mixin.py:190} INFO - [2024-12-02T11:05:57.889+0000] {dag.py:3239} INFO - Sync 1 DAGs
[2024-12-02T11:05:57.899+0000] {logging_mixin.py:190} INFO - [2024-12-02T11:05:57.898+0000] {dag.py:4180} INFO - Setting next_dagrun for tutorial_dag to None, run_after=None
[2024-12-02T11:05:57.913+0000] {processor.py:208} INFO - Processing /home/airflow/.local/lib/python3.12/site-packages/airflow/example_dags/tutorial_dag.py took 0.058 seconds
[2024-12-02T11:06:29.019+0000] {processor.py:186} INFO - Started process (PID=1077) to work on /home/airflow/.local/lib/python3.12/site-packages/airflow/example_dags/tutorial_dag.py
[2024-12-02T11:06:29.019+0000] {processor.py:914} INFO - Processing file /home/airflow/.local/lib/python3.12/site-packages/airflow/example_dags/tutorial_dag.py for tasks to queue
[2024-12-02T11:06:29.021+0000] {logging_mixin.py:190} INFO - [2024-12-02T11:06:29.021+0000] {dagbag.py:588} INFO - Filling up the DagBag from /home/airflow/.local/lib/python3.12/site-packages/airflow/example_dags/tutorial_dag.py
[2024-12-02T11:06:29.026+0000] {processor.py:925} INFO - DAG(s) 'tutorial_dag' retrieved from /home/airflow/.local/lib/python3.12/site-packages/airflow/example_dags/tutorial_dag.py
[2024-12-02T11:06:29.082+0000] {logging_mixin.py:190} INFO - [2024-12-02T11:06:29.082+0000] {dag.py:3239} INFO - Sync 1 DAGs
[2024-12-02T11:06:29.119+0000] {logging_mixin.py:190} INFO - [2024-12-02T11:06:29.119+0000] {dag.py:4180} INFO - Setting next_dagrun for tutorial_dag to None, run_after=None
[2024-12-02T11:06:29.144+0000] {processor.py:208} INFO - Processing /home/airflow/.local/lib/python3.12/site-packages/airflow/example_dags/tutorial_dag.py took 0.161 seconds
[2024-12-02T11:06:59.975+0000] {processor.py:186} INFO - Started process (PID=1140) to work on /home/airflow/.local/lib/python3.12/site-packages/airflow/example_dags/tutorial_dag.py
[2024-12-02T11:06:59.980+0000] {processor.py:914} INFO - Processing file /home/airflow/.local/lib/python3.12/site-packages/airflow/example_dags/tutorial_dag.py for tasks to queue
[2024-12-02T11:06:59.987+0000] {logging_mixin.py:190} INFO - [2024-12-02T11:06:59.986+0000] {dagbag.py:588} INFO - Filling up the DagBag from /home/airflow/.local/lib/python3.12/site-packages/airflow/example_dags/tutorial_dag.py
[2024-12-02T11:06:59.993+0000] {processor.py:925} INFO - DAG(s) 'tutorial_dag' retrieved from /home/airflow/.local/lib/python3.12/site-packages/airflow/example_dags/tutorial_dag.py
[2024-12-02T11:07:00.032+0000] {logging_mixin.py:190} INFO - [2024-12-02T11:07:00.031+0000] {dag.py:3239} INFO - Sync 1 DAGs
[2024-12-02T11:07:00.047+0000] {logging_mixin.py:190} INFO - [2024-12-02T11:07:00.046+0000] {dag.py:4180} INFO - Setting next_dagrun for tutorial_dag to None, run_after=None
[2024-12-02T11:07:00.060+0000] {processor.py:208} INFO - Processing /home/airflow/.local/lib/python3.12/site-packages/airflow/example_dags/tutorial_dag.py took 0.089 seconds
[2024-12-02T11:07:30.771+0000] {processor.py:186} INFO - Started process (PID=1204) to work on /home/airflow/.local/lib/python3.12/site-packages/airflow/example_dags/tutorial_dag.py
[2024-12-02T11:07:30.773+0000] {processor.py:914} INFO - Processing file /home/airflow/.local/lib/python3.12/site-packages/airflow/example_dags/tutorial_dag.py for tasks to queue
[2024-12-02T11:07:30.775+0000] {logging_mixin.py:190} INFO - [2024-12-02T11:07:30.775+0000] {dagbag.py:588} INFO - Filling up the DagBag from /home/airflow/.local/lib/python3.12/site-packages/airflow/example_dags/tutorial_dag.py
[2024-12-02T11:07:30.780+0000] {processor.py:925} INFO - DAG(s) 'tutorial_dag' retrieved from /home/airflow/.local/lib/python3.12/site-packages/airflow/example_dags/tutorial_dag.py
[2024-12-02T11:07:30.793+0000] {logging_mixin.py:190} INFO - [2024-12-02T11:07:30.793+0000] {dag.py:3239} INFO - Sync 1 DAGs
[2024-12-02T11:07:30.802+0000] {logging_mixin.py:190} INFO - [2024-12-02T11:07:30.802+0000] {dag.py:4180} INFO - Setting next_dagrun for tutorial_dag to None, run_after=None
[2024-12-02T11:07:30.817+0000] {processor.py:208} INFO - Processing /home/airflow/.local/lib/python3.12/site-packages/airflow/example_dags/tutorial_dag.py took 0.051 seconds
[2024-12-02T11:08:01.219+0000] {processor.py:186} INFO - Started process (PID=1267) to work on /home/airflow/.local/lib/python3.12/site-packages/airflow/example_dags/tutorial_dag.py
[2024-12-02T11:08:01.220+0000] {processor.py:914} INFO - Processing file /home/airflow/.local/lib/python3.12/site-packages/airflow/example_dags/tutorial_dag.py for tasks to queue
[2024-12-02T11:08:01.222+0000] {logging_mixin.py:190} INFO - [2024-12-02T11:08:01.222+0000] {dagbag.py:588} INFO - Filling up the DagBag from /home/airflow/.local/lib/python3.12/site-packages/airflow/example_dags/tutorial_dag.py
[2024-12-02T11:08:01.230+0000] {processor.py:925} INFO - DAG(s) 'tutorial_dag' retrieved from /home/airflow/.local/lib/python3.12/site-packages/airflow/example_dags/tutorial_dag.py
[2024-12-02T11:08:01.274+0000] {logging_mixin.py:190} INFO - [2024-12-02T11:08:01.274+0000] {dag.py:3239} INFO - Sync 1 DAGs
[2024-12-02T11:08:01.306+0000] {logging_mixin.py:190} INFO - [2024-12-02T11:08:01.306+0000] {dag.py:4180} INFO - Setting next_dagrun for tutorial_dag to None, run_after=None
[2024-12-02T11:08:01.334+0000] {processor.py:208} INFO - Processing /home/airflow/.local/lib/python3.12/site-packages/airflow/example_dags/tutorial_dag.py took 0.121 seconds
[2024-12-02T11:08:31.513+0000] {processor.py:186} INFO - Started process (PID=1331) to work on /home/airflow/.local/lib/python3.12/site-packages/airflow/example_dags/tutorial_dag.py
[2024-12-02T11:08:31.522+0000] {processor.py:914} INFO - Processing file /home/airflow/.local/lib/python3.12/site-packages/airflow/example_dags/tutorial_dag.py for tasks to queue
[2024-12-02T11:08:31.524+0000] {logging_mixin.py:190} INFO - [2024-12-02T11:08:31.523+0000] {dagbag.py:588} INFO - Filling up the DagBag from /home/airflow/.local/lib/python3.12/site-packages/airflow/example_dags/tutorial_dag.py
[2024-12-02T11:08:31.533+0000] {processor.py:925} INFO - DAG(s) 'tutorial_dag' retrieved from /home/airflow/.local/lib/python3.12/site-packages/airflow/example_dags/tutorial_dag.py
[2024-12-02T11:08:31.545+0000] {logging_mixin.py:190} INFO - [2024-12-02T11:08:31.545+0000] {dag.py:3239} INFO - Sync 1 DAGs
[2024-12-02T11:08:31.558+0000] {logging_mixin.py:190} INFO - [2024-12-02T11:08:31.558+0000] {dag.py:4180} INFO - Setting next_dagrun for tutorial_dag to None, run_after=None
[2024-12-02T11:08:31.584+0000] {processor.py:208} INFO - Processing /home/airflow/.local/lib/python3.12/site-packages/airflow/example_dags/tutorial_dag.py took 0.075 seconds
[2024-12-02T11:09:02.336+0000] {processor.py:186} INFO - Started process (PID=1395) to work on /home/airflow/.local/lib/python3.12/site-packages/airflow/example_dags/tutorial_dag.py
[2024-12-02T11:09:02.338+0000] {processor.py:914} INFO - Processing file /home/airflow/.local/lib/python3.12/site-packages/airflow/example_dags/tutorial_dag.py for tasks to queue
[2024-12-02T11:09:02.340+0000] {logging_mixin.py:190} INFO - [2024-12-02T11:09:02.339+0000] {dagbag.py:588} INFO - Filling up the DagBag from /home/airflow/.local/lib/python3.12/site-packages/airflow/example_dags/tutorial_dag.py
[2024-12-02T11:09:02.345+0000] {processor.py:925} INFO - DAG(s) 'tutorial_dag' retrieved from /home/airflow/.local/lib/python3.12/site-packages/airflow/example_dags/tutorial_dag.py
[2024-12-02T11:09:02.367+0000] {logging_mixin.py:190} INFO - [2024-12-02T11:09:02.366+0000] {dag.py:3239} INFO - Sync 1 DAGs
[2024-12-02T11:09:02.385+0000] {logging_mixin.py:190} INFO - [2024-12-02T11:09:02.385+0000] {dag.py:4180} INFO - Setting next_dagrun for tutorial_dag to None, run_after=None
[2024-12-02T11:09:02.405+0000] {processor.py:208} INFO - Processing /home/airflow/.local/lib/python3.12/site-packages/airflow/example_dags/tutorial_dag.py took 0.073 seconds
[2024-12-02T11:09:33.528+0000] {processor.py:186} INFO - Started process (PID=1459) to work on /home/airflow/.local/lib/python3.12/site-packages/airflow/example_dags/tutorial_dag.py
[2024-12-02T11:09:33.541+0000] {processor.py:914} INFO - Processing file /home/airflow/.local/lib/python3.12/site-packages/airflow/example_dags/tutorial_dag.py for tasks to queue
[2024-12-02T11:09:33.568+0000] {logging_mixin.py:190} INFO - [2024-12-02T11:09:33.568+0000] {dagbag.py:588} INFO - Filling up the DagBag from /home/airflow/.local/lib/python3.12/site-packages/airflow/example_dags/tutorial_dag.py
[2024-12-02T11:09:33.575+0000] {processor.py:925} INFO - DAG(s) 'tutorial_dag' retrieved from /home/airflow/.local/lib/python3.12/site-packages/airflow/example_dags/tutorial_dag.py
[2024-12-02T11:09:33.639+0000] {logging_mixin.py:190} INFO - [2024-12-02T11:09:33.638+0000] {dag.py:3239} INFO - Sync 1 DAGs
[2024-12-02T11:09:33.664+0000] {logging_mixin.py:190} INFO - [2024-12-02T11:09:33.664+0000] {dag.py:4180} INFO - Setting next_dagrun for tutorial_dag to None, run_after=None
[2024-12-02T11:09:33.741+0000] {processor.py:208} INFO - Processing /home/airflow/.local/lib/python3.12/site-packages/airflow/example_dags/tutorial_dag.py took 0.218 seconds
[2024-12-02T11:10:04.638+0000] {processor.py:186} INFO - Started process (PID=1522) to work on /home/airflow/.local/lib/python3.12/site-packages/airflow/example_dags/tutorial_dag.py
[2024-12-02T11:10:04.639+0000] {processor.py:914} INFO - Processing file /home/airflow/.local/lib/python3.12/site-packages/airflow/example_dags/tutorial_dag.py for tasks to queue
[2024-12-02T11:10:04.642+0000] {logging_mixin.py:190} INFO - [2024-12-02T11:10:04.641+0000] {dagbag.py:588} INFO - Filling up the DagBag from /home/airflow/.local/lib/python3.12/site-packages/airflow/example_dags/tutorial_dag.py
[2024-12-02T11:10:04.648+0000] {processor.py:925} INFO - DAG(s) 'tutorial_dag' retrieved from /home/airflow/.local/lib/python3.12/site-packages/airflow/example_dags/tutorial_dag.py
[2024-12-02T11:10:04.659+0000] {logging_mixin.py:190} INFO - [2024-12-02T11:10:04.659+0000] {dag.py:3239} INFO - Sync 1 DAGs
[2024-12-02T11:10:04.669+0000] {logging_mixin.py:190} INFO - [2024-12-02T11:10:04.669+0000] {dag.py:4180} INFO - Setting next_dagrun for tutorial_dag to None, run_after=None
[2024-12-02T11:10:04.703+0000] {processor.py:208} INFO - Processing /home/airflow/.local/lib/python3.12/site-packages/airflow/example_dags/tutorial_dag.py took 0.069 seconds
[2024-12-02T11:10:35.634+0000] {processor.py:186} INFO - Started process (PID=1586) to work on /home/airflow/.local/lib/python3.12/site-packages/airflow/example_dags/tutorial_dag.py
[2024-12-02T11:10:35.634+0000] {processor.py:914} INFO - Processing file /home/airflow/.local/lib/python3.12/site-packages/airflow/example_dags/tutorial_dag.py for tasks to queue
[2024-12-02T11:10:35.636+0000] {logging_mixin.py:190} INFO - [2024-12-02T11:10:35.636+0000] {dagbag.py:588} INFO - Filling up the DagBag from /home/airflow/.local/lib/python3.12/site-packages/airflow/example_dags/tutorial_dag.py
[2024-12-02T11:10:35.642+0000] {processor.py:925} INFO - DAG(s) 'tutorial_dag' retrieved from /home/airflow/.local/lib/python3.12/site-packages/airflow/example_dags/tutorial_dag.py
[2024-12-02T11:10:35.655+0000] {logging_mixin.py:190} INFO - [2024-12-02T11:10:35.655+0000] {dag.py:3239} INFO - Sync 1 DAGs
[2024-12-02T11:10:35.667+0000] {logging_mixin.py:190} INFO - [2024-12-02T11:10:35.666+0000] {dag.py:4180} INFO - Setting next_dagrun for tutorial_dag to None, run_after=None
[2024-12-02T11:10:35.684+0000] {processor.py:208} INFO - Processing /home/airflow/.local/lib/python3.12/site-packages/airflow/example_dags/tutorial_dag.py took 0.055 seconds
[2024-12-02T11:11:06.022+0000] {processor.py:186} INFO - Started process (PID=1650) to work on /home/airflow/.local/lib/python3.12/site-packages/airflow/example_dags/tutorial_dag.py
[2024-12-02T11:11:06.024+0000] {processor.py:914} INFO - Processing file /home/airflow/.local/lib/python3.12/site-packages/airflow/example_dags/tutorial_dag.py for tasks to queue
[2024-12-02T11:11:06.026+0000] {logging_mixin.py:190} INFO - [2024-12-02T11:11:06.026+0000] {dagbag.py:588} INFO - Filling up the DagBag from /home/airflow/.local/lib/python3.12/site-packages/airflow/example_dags/tutorial_dag.py
[2024-12-02T11:11:06.033+0000] {processor.py:925} INFO - DAG(s) 'tutorial_dag' retrieved from /home/airflow/.local/lib/python3.12/site-packages/airflow/example_dags/tutorial_dag.py
[2024-12-02T11:11:06.045+0000] {logging_mixin.py:190} INFO - [2024-12-02T11:11:06.045+0000] {dag.py:3239} INFO - Sync 1 DAGs
[2024-12-02T11:11:06.055+0000] {logging_mixin.py:190} INFO - [2024-12-02T11:11:06.054+0000] {dag.py:4180} INFO - Setting next_dagrun for tutorial_dag to None, run_after=None
[2024-12-02T11:11:06.069+0000] {processor.py:208} INFO - Processing /home/airflow/.local/lib/python3.12/site-packages/airflow/example_dags/tutorial_dag.py took 0.051 seconds
[2024-12-02T11:11:36.531+0000] {processor.py:186} INFO - Started process (PID=1715) to work on /home/airflow/.local/lib/python3.12/site-packages/airflow/example_dags/tutorial_dag.py
[2024-12-02T11:11:36.538+0000] {processor.py:914} INFO - Processing file /home/airflow/.local/lib/python3.12/site-packages/airflow/example_dags/tutorial_dag.py for tasks to queue
[2024-12-02T11:11:36.540+0000] {logging_mixin.py:190} INFO - [2024-12-02T11:11:36.540+0000] {dagbag.py:588} INFO - Filling up the DagBag from /home/airflow/.local/lib/python3.12/site-packages/airflow/example_dags/tutorial_dag.py
[2024-12-02T11:11:36.545+0000] {processor.py:925} INFO - DAG(s) 'tutorial_dag' retrieved from /home/airflow/.local/lib/python3.12/site-packages/airflow/example_dags/tutorial_dag.py
[2024-12-02T11:11:36.577+0000] {logging_mixin.py:190} INFO - [2024-12-02T11:11:36.577+0000] {dag.py:3239} INFO - Sync 1 DAGs
[2024-12-02T11:11:36.588+0000] {logging_mixin.py:190} INFO - [2024-12-02T11:11:36.588+0000] {dag.py:4180} INFO - Setting next_dagrun for tutorial_dag to None, run_after=None
[2024-12-02T11:11:36.618+0000] {processor.py:208} INFO - Processing /home/airflow/.local/lib/python3.12/site-packages/airflow/example_dags/tutorial_dag.py took 0.097 seconds
[2024-12-02T11:12:07.058+0000] {processor.py:186} INFO - Started process (PID=1779) to work on /home/airflow/.local/lib/python3.12/site-packages/airflow/example_dags/tutorial_dag.py
[2024-12-02T11:12:07.060+0000] {processor.py:914} INFO - Processing file /home/airflow/.local/lib/python3.12/site-packages/airflow/example_dags/tutorial_dag.py for tasks to queue
[2024-12-02T11:12:07.062+0000] {logging_mixin.py:190} INFO - [2024-12-02T11:12:07.061+0000] {dagbag.py:588} INFO - Filling up the DagBag from /home/airflow/.local/lib/python3.12/site-packages/airflow/example_dags/tutorial_dag.py
[2024-12-02T11:12:07.070+0000] {processor.py:925} INFO - DAG(s) 'tutorial_dag' retrieved from /home/airflow/.local/lib/python3.12/site-packages/airflow/example_dags/tutorial_dag.py
[2024-12-02T11:12:07.087+0000] {logging_mixin.py:190} INFO - [2024-12-02T11:12:07.087+0000] {dag.py:3239} INFO - Sync 1 DAGs
[2024-12-02T11:12:07.098+0000] {logging_mixin.py:190} INFO - [2024-12-02T11:12:07.098+0000] {dag.py:4180} INFO - Setting next_dagrun for tutorial_dag to None, run_after=None
[2024-12-02T11:12:07.110+0000] {processor.py:208} INFO - Processing /home/airflow/.local/lib/python3.12/site-packages/airflow/example_dags/tutorial_dag.py took 0.057 seconds
[2024-12-02T11:12:37.357+0000] {processor.py:186} INFO - Started process (PID=1837) to work on /home/airflow/.local/lib/python3.12/site-packages/airflow/example_dags/tutorial_dag.py
[2024-12-02T11:12:37.358+0000] {processor.py:914} INFO - Processing file /home/airflow/.local/lib/python3.12/site-packages/airflow/example_dags/tutorial_dag.py for tasks to queue
[2024-12-02T11:12:37.359+0000] {logging_mixin.py:190} INFO - [2024-12-02T11:12:37.359+0000] {dagbag.py:588} INFO - Filling up the DagBag from /home/airflow/.local/lib/python3.12/site-packages/airflow/example_dags/tutorial_dag.py
[2024-12-02T11:12:37.376+0000] {processor.py:925} INFO - DAG(s) 'tutorial_dag' retrieved from /home/airflow/.local/lib/python3.12/site-packages/airflow/example_dags/tutorial_dag.py
[2024-12-02T11:12:37.401+0000] {logging_mixin.py:190} INFO - [2024-12-02T11:12:37.401+0000] {dag.py:3239} INFO - Sync 1 DAGs
[2024-12-02T11:12:37.422+0000] {logging_mixin.py:190} INFO - [2024-12-02T11:12:37.422+0000] {dag.py:4180} INFO - Setting next_dagrun for tutorial_dag to None, run_after=None
[2024-12-02T11:12:37.451+0000] {processor.py:208} INFO - Processing /home/airflow/.local/lib/python3.12/site-packages/airflow/example_dags/tutorial_dag.py took 0.101 seconds
[2024-12-02T11:13:07.691+0000] {processor.py:186} INFO - Started process (PID=1902) to work on /home/airflow/.local/lib/python3.12/site-packages/airflow/example_dags/tutorial_dag.py
[2024-12-02T11:13:07.744+0000] {processor.py:914} INFO - Processing file /home/airflow/.local/lib/python3.12/site-packages/airflow/example_dags/tutorial_dag.py for tasks to queue
[2024-12-02T11:13:07.746+0000] {logging_mixin.py:190} INFO - [2024-12-02T11:13:07.746+0000] {dagbag.py:588} INFO - Filling up the DagBag from /home/airflow/.local/lib/python3.12/site-packages/airflow/example_dags/tutorial_dag.py
[2024-12-02T11:13:07.751+0000] {processor.py:925} INFO - DAG(s) 'tutorial_dag' retrieved from /home/airflow/.local/lib/python3.12/site-packages/airflow/example_dags/tutorial_dag.py
[2024-12-02T11:13:07.765+0000] {logging_mixin.py:190} INFO - [2024-12-02T11:13:07.764+0000] {dag.py:3239} INFO - Sync 1 DAGs
[2024-12-02T11:13:07.775+0000] {logging_mixin.py:190} INFO - [2024-12-02T11:13:07.775+0000] {dag.py:4180} INFO - Setting next_dagrun for tutorial_dag to None, run_after=None
[2024-12-02T11:13:07.805+0000] {processor.py:208} INFO - Processing /home/airflow/.local/lib/python3.12/site-packages/airflow/example_dags/tutorial_dag.py took 0.125 seconds
[2024-12-02T11:13:37.986+0000] {processor.py:186} INFO - Started process (PID=1967) to work on /home/airflow/.local/lib/python3.12/site-packages/airflow/example_dags/tutorial_dag.py
[2024-12-02T11:13:37.992+0000] {processor.py:914} INFO - Processing file /home/airflow/.local/lib/python3.12/site-packages/airflow/example_dags/tutorial_dag.py for tasks to queue
[2024-12-02T11:13:37.996+0000] {logging_mixin.py:190} INFO - [2024-12-02T11:13:37.996+0000] {dagbag.py:588} INFO - Filling up the DagBag from /home/airflow/.local/lib/python3.12/site-packages/airflow/example_dags/tutorial_dag.py
[2024-12-02T11:13:38.003+0000] {processor.py:925} INFO - DAG(s) 'tutorial_dag' retrieved from /home/airflow/.local/lib/python3.12/site-packages/airflow/example_dags/tutorial_dag.py
[2024-12-02T11:13:38.033+0000] {logging_mixin.py:190} INFO - [2024-12-02T11:13:38.033+0000] {dag.py:3239} INFO - Sync 1 DAGs
[2024-12-02T11:13:38.058+0000] {logging_mixin.py:190} INFO - [2024-12-02T11:13:38.058+0000] {dag.py:4180} INFO - Setting next_dagrun for tutorial_dag to None, run_after=None
[2024-12-02T11:13:38.081+0000] {processor.py:208} INFO - Processing /home/airflow/.local/lib/python3.12/site-packages/airflow/example_dags/tutorial_dag.py took 0.100 seconds
[2024-12-02T11:14:09.672+0000] {processor.py:186} INFO - Started process (PID=2033) to work on /home/airflow/.local/lib/python3.12/site-packages/airflow/example_dags/tutorial_dag.py
[2024-12-02T11:14:09.692+0000] {processor.py:914} INFO - Processing file /home/airflow/.local/lib/python3.12/site-packages/airflow/example_dags/tutorial_dag.py for tasks to queue
[2024-12-02T11:14:09.696+0000] {logging_mixin.py:190} INFO - [2024-12-02T11:14:09.696+0000] {dagbag.py:588} INFO - Filling up the DagBag from /home/airflow/.local/lib/python3.12/site-packages/airflow/example_dags/tutorial_dag.py
[2024-12-02T11:14:09.711+0000] {processor.py:925} INFO - DAG(s) 'tutorial_dag' retrieved from /home/airflow/.local/lib/python3.12/site-packages/airflow/example_dags/tutorial_dag.py
[2024-12-02T11:14:09.762+0000] {logging_mixin.py:190} INFO - [2024-12-02T11:14:09.761+0000] {dag.py:3239} INFO - Sync 1 DAGs
[2024-12-02T11:14:09.787+0000] {logging_mixin.py:190} INFO - [2024-12-02T11:14:09.786+0000] {dag.py:4180} INFO - Setting next_dagrun for tutorial_dag to None, run_after=None
[2024-12-02T11:14:09.838+0000] {processor.py:208} INFO - Processing /home/airflow/.local/lib/python3.12/site-packages/airflow/example_dags/tutorial_dag.py took 0.206 seconds
[2024-12-02T11:14:41.979+0000] {processor.py:186} INFO - Started process (PID=2096) to work on /home/airflow/.local/lib/python3.12/site-packages/airflow/example_dags/tutorial_dag.py
[2024-12-02T11:14:41.980+0000] {processor.py:914} INFO - Processing file /home/airflow/.local/lib/python3.12/site-packages/airflow/example_dags/tutorial_dag.py for tasks to queue
[2024-12-02T11:14:41.982+0000] {logging_mixin.py:190} INFO - [2024-12-02T11:14:41.982+0000] {dagbag.py:588} INFO - Filling up the DagBag from /home/airflow/.local/lib/python3.12/site-packages/airflow/example_dags/tutorial_dag.py
[2024-12-02T11:14:41.988+0000] {processor.py:925} INFO - DAG(s) 'tutorial_dag' retrieved from /home/airflow/.local/lib/python3.12/site-packages/airflow/example_dags/tutorial_dag.py
[2024-12-02T11:14:42.032+0000] {logging_mixin.py:190} INFO - [2024-12-02T11:14:42.032+0000] {dag.py:3239} INFO - Sync 1 DAGs
[2024-12-02T11:14:42.056+0000] {logging_mixin.py:190} INFO - [2024-12-02T11:14:42.056+0000] {dag.py:4180} INFO - Setting next_dagrun for tutorial_dag to None, run_after=None
[2024-12-02T11:14:42.100+0000] {processor.py:208} INFO - Processing /home/airflow/.local/lib/python3.12/site-packages/airflow/example_dags/tutorial_dag.py took 0.126 seconds
[2024-12-02T11:15:16.028+0000] {processor.py:186} INFO - Started process (PID=2162) to work on /home/airflow/.local/lib/python3.12/site-packages/airflow/example_dags/tutorial_dag.py
[2024-12-02T11:15:16.031+0000] {processor.py:914} INFO - Processing file /home/airflow/.local/lib/python3.12/site-packages/airflow/example_dags/tutorial_dag.py for tasks to queue
[2024-12-02T11:15:16.032+0000] {logging_mixin.py:190} INFO - [2024-12-02T11:15:16.032+0000] {dagbag.py:588} INFO - Filling up the DagBag from /home/airflow/.local/lib/python3.12/site-packages/airflow/example_dags/tutorial_dag.py
[2024-12-02T11:15:16.042+0000] {processor.py:925} INFO - DAG(s) 'tutorial_dag' retrieved from /home/airflow/.local/lib/python3.12/site-packages/airflow/example_dags/tutorial_dag.py
[2024-12-02T11:15:16.091+0000] {logging_mixin.py:190} INFO - [2024-12-02T11:15:16.091+0000] {dag.py:3239} INFO - Sync 1 DAGs
[2024-12-02T11:15:16.102+0000] {logging_mixin.py:190} INFO - [2024-12-02T11:15:16.102+0000] {dag.py:4180} INFO - Setting next_dagrun for tutorial_dag to None, run_after=None
[2024-12-02T11:15:16.125+0000] {processor.py:208} INFO - Processing /home/airflow/.local/lib/python3.12/site-packages/airflow/example_dags/tutorial_dag.py took 0.102 seconds
[2024-12-02T11:15:46.543+0000] {processor.py:186} INFO - Started process (PID=2226) to work on /home/airflow/.local/lib/python3.12/site-packages/airflow/example_dags/tutorial_dag.py
[2024-12-02T11:15:46.544+0000] {processor.py:914} INFO - Processing file /home/airflow/.local/lib/python3.12/site-packages/airflow/example_dags/tutorial_dag.py for tasks to queue
[2024-12-02T11:15:46.545+0000] {logging_mixin.py:190} INFO - [2024-12-02T11:15:46.544+0000] {dagbag.py:588} INFO - Filling up the DagBag from /home/airflow/.local/lib/python3.12/site-packages/airflow/example_dags/tutorial_dag.py
[2024-12-02T11:15:46.551+0000] {processor.py:925} INFO - DAG(s) 'tutorial_dag' retrieved from /home/airflow/.local/lib/python3.12/site-packages/airflow/example_dags/tutorial_dag.py
[2024-12-02T11:15:46.564+0000] {logging_mixin.py:190} INFO - [2024-12-02T11:15:46.563+0000] {dag.py:3239} INFO - Sync 1 DAGs
[2024-12-02T11:15:46.575+0000] {logging_mixin.py:190} INFO - [2024-12-02T11:15:46.575+0000] {dag.py:4180} INFO - Setting next_dagrun for tutorial_dag to None, run_after=None
[2024-12-02T11:15:46.591+0000] {processor.py:208} INFO - Processing /home/airflow/.local/lib/python3.12/site-packages/airflow/example_dags/tutorial_dag.py took 0.052 seconds
[2024-12-02T11:16:16.688+0000] {processor.py:186} INFO - Started process (PID=2291) to work on /home/airflow/.local/lib/python3.12/site-packages/airflow/example_dags/tutorial_dag.py
[2024-12-02T11:16:16.689+0000] {processor.py:914} INFO - Processing file /home/airflow/.local/lib/python3.12/site-packages/airflow/example_dags/tutorial_dag.py for tasks to queue
[2024-12-02T11:16:16.690+0000] {logging_mixin.py:190} INFO - [2024-12-02T11:16:16.690+0000] {dagbag.py:588} INFO - Filling up the DagBag from /home/airflow/.local/lib/python3.12/site-packages/airflow/example_dags/tutorial_dag.py
[2024-12-02T11:16:16.696+0000] {processor.py:925} INFO - DAG(s) 'tutorial_dag' retrieved from /home/airflow/.local/lib/python3.12/site-packages/airflow/example_dags/tutorial_dag.py
[2024-12-02T11:16:16.713+0000] {logging_mixin.py:190} INFO - [2024-12-02T11:16:16.713+0000] {dag.py:3239} INFO - Sync 1 DAGs
[2024-12-02T11:16:16.725+0000] {logging_mixin.py:190} INFO - [2024-12-02T11:16:16.725+0000] {dag.py:4180} INFO - Setting next_dagrun for tutorial_dag to None, run_after=None
[2024-12-02T11:16:16.743+0000] {processor.py:208} INFO - Processing /home/airflow/.local/lib/python3.12/site-packages/airflow/example_dags/tutorial_dag.py took 0.061 seconds
[2024-12-02T11:16:47.707+0000] {processor.py:186} INFO - Started process (PID=2355) to work on /home/airflow/.local/lib/python3.12/site-packages/airflow/example_dags/tutorial_dag.py
[2024-12-02T11:16:47.708+0000] {processor.py:914} INFO - Processing file /home/airflow/.local/lib/python3.12/site-packages/airflow/example_dags/tutorial_dag.py for tasks to queue
[2024-12-02T11:16:47.710+0000] {logging_mixin.py:190} INFO - [2024-12-02T11:16:47.710+0000] {dagbag.py:588} INFO - Filling up the DagBag from /home/airflow/.local/lib/python3.12/site-packages/airflow/example_dags/tutorial_dag.py
[2024-12-02T11:16:47.719+0000] {processor.py:925} INFO - DAG(s) 'tutorial_dag' retrieved from /home/airflow/.local/lib/python3.12/site-packages/airflow/example_dags/tutorial_dag.py
[2024-12-02T11:16:47.757+0000] {logging_mixin.py:190} INFO - [2024-12-02T11:16:47.756+0000] {dag.py:3239} INFO - Sync 1 DAGs
[2024-12-02T11:16:47.774+0000] {logging_mixin.py:190} INFO - [2024-12-02T11:16:47.774+0000] {dag.py:4180} INFO - Setting next_dagrun for tutorial_dag to None, run_after=None
[2024-12-02T11:16:47.800+0000] {processor.py:208} INFO - Processing /home/airflow/.local/lib/python3.12/site-packages/airflow/example_dags/tutorial_dag.py took 0.103 seconds
[2024-12-02T11:17:17.923+0000] {processor.py:186} INFO - Started process (PID=2419) to work on /home/airflow/.local/lib/python3.12/site-packages/airflow/example_dags/tutorial_dag.py
[2024-12-02T11:17:17.928+0000] {processor.py:914} INFO - Processing file /home/airflow/.local/lib/python3.12/site-packages/airflow/example_dags/tutorial_dag.py for tasks to queue
[2024-12-02T11:17:17.930+0000] {logging_mixin.py:190} INFO - [2024-12-02T11:17:17.929+0000] {dagbag.py:588} INFO - Filling up the DagBag from /home/airflow/.local/lib/python3.12/site-packages/airflow/example_dags/tutorial_dag.py
[2024-12-02T11:17:17.941+0000] {processor.py:925} INFO - DAG(s) 'tutorial_dag' retrieved from /home/airflow/.local/lib/python3.12/site-packages/airflow/example_dags/tutorial_dag.py
[2024-12-02T11:17:17.965+0000] {logging_mixin.py:190} INFO - [2024-12-02T11:17:17.964+0000] {dag.py:3239} INFO - Sync 1 DAGs
[2024-12-02T11:17:18.002+0000] {logging_mixin.py:190} INFO - [2024-12-02T11:17:18.002+0000] {dag.py:4180} INFO - Setting next_dagrun for tutorial_dag to None, run_after=None
[2024-12-02T11:17:18.021+0000] {processor.py:208} INFO - Processing /home/airflow/.local/lib/python3.12/site-packages/airflow/example_dags/tutorial_dag.py took 0.112 seconds
[2024-12-02T11:17:48.961+0000] {processor.py:186} INFO - Started process (PID=2483) to work on /home/airflow/.local/lib/python3.12/site-packages/airflow/example_dags/tutorial_dag.py
[2024-12-02T11:17:48.966+0000] {processor.py:914} INFO - Processing file /home/airflow/.local/lib/python3.12/site-packages/airflow/example_dags/tutorial_dag.py for tasks to queue
[2024-12-02T11:17:48.967+0000] {logging_mixin.py:190} INFO - [2024-12-02T11:17:48.966+0000] {dagbag.py:588} INFO - Filling up the DagBag from /home/airflow/.local/lib/python3.12/site-packages/airflow/example_dags/tutorial_dag.py
[2024-12-02T11:17:48.974+0000] {processor.py:925} INFO - DAG(s) 'tutorial_dag' retrieved from /home/airflow/.local/lib/python3.12/site-packages/airflow/example_dags/tutorial_dag.py
[2024-12-02T11:17:49.002+0000] {logging_mixin.py:190} INFO - [2024-12-02T11:17:49.002+0000] {dag.py:3239} INFO - Sync 1 DAGs
[2024-12-02T11:17:49.013+0000] {logging_mixin.py:190} INFO - [2024-12-02T11:17:49.012+0000] {dag.py:4180} INFO - Setting next_dagrun for tutorial_dag to None, run_after=None
[2024-12-02T11:17:49.037+0000] {processor.py:208} INFO - Processing /home/airflow/.local/lib/python3.12/site-packages/airflow/example_dags/tutorial_dag.py took 0.079 seconds
[2024-12-02T11:18:19.300+0000] {processor.py:186} INFO - Started process (PID=2548) to work on /home/airflow/.local/lib/python3.12/site-packages/airflow/example_dags/tutorial_dag.py
[2024-12-02T11:18:19.302+0000] {processor.py:914} INFO - Processing file /home/airflow/.local/lib/python3.12/site-packages/airflow/example_dags/tutorial_dag.py for tasks to queue
[2024-12-02T11:18:19.303+0000] {logging_mixin.py:190} INFO - [2024-12-02T11:18:19.303+0000] {dagbag.py:588} INFO - Filling up the DagBag from /home/airflow/.local/lib/python3.12/site-packages/airflow/example_dags/tutorial_dag.py
[2024-12-02T11:18:19.308+0000] {processor.py:925} INFO - DAG(s) 'tutorial_dag' retrieved from /home/airflow/.local/lib/python3.12/site-packages/airflow/example_dags/tutorial_dag.py
[2024-12-02T11:18:19.323+0000] {logging_mixin.py:190} INFO - [2024-12-02T11:18:19.323+0000] {dag.py:3239} INFO - Sync 1 DAGs
[2024-12-02T11:18:19.335+0000] {logging_mixin.py:190} INFO - [2024-12-02T11:18:19.334+0000] {dag.py:4180} INFO - Setting next_dagrun for tutorial_dag to None, run_after=None
[2024-12-02T11:18:19.349+0000] {processor.py:208} INFO - Processing /home/airflow/.local/lib/python3.12/site-packages/airflow/example_dags/tutorial_dag.py took 0.053 seconds
[2024-12-02T11:18:50.158+0000] {processor.py:186} INFO - Started process (PID=2613) to work on /home/airflow/.local/lib/python3.12/site-packages/airflow/example_dags/tutorial_dag.py
[2024-12-02T11:18:50.159+0000] {processor.py:914} INFO - Processing file /home/airflow/.local/lib/python3.12/site-packages/airflow/example_dags/tutorial_dag.py for tasks to queue
[2024-12-02T11:18:50.160+0000] {logging_mixin.py:190} INFO - [2024-12-02T11:18:50.160+0000] {dagbag.py:588} INFO - Filling up the DagBag from /home/airflow/.local/lib/python3.12/site-packages/airflow/example_dags/tutorial_dag.py
[2024-12-02T11:18:50.166+0000] {processor.py:925} INFO - DAG(s) 'tutorial_dag' retrieved from /home/airflow/.local/lib/python3.12/site-packages/airflow/example_dags/tutorial_dag.py
[2024-12-02T11:18:50.179+0000] {logging_mixin.py:190} INFO - [2024-12-02T11:18:50.179+0000] {dag.py:3239} INFO - Sync 1 DAGs
[2024-12-02T11:18:50.190+0000] {logging_mixin.py:190} INFO - [2024-12-02T11:18:50.190+0000] {dag.py:4180} INFO - Setting next_dagrun for tutorial_dag to None, run_after=None
[2024-12-02T11:18:50.204+0000] {processor.py:208} INFO - Processing /home/airflow/.local/lib/python3.12/site-packages/airflow/example_dags/tutorial_dag.py took 0.050 seconds
[2024-12-02T11:19:22.427+0000] {processor.py:186} INFO - Started process (PID=2678) to work on /home/airflow/.local/lib/python3.12/site-packages/airflow/example_dags/tutorial_dag.py
[2024-12-02T11:19:22.429+0000] {processor.py:914} INFO - Processing file /home/airflow/.local/lib/python3.12/site-packages/airflow/example_dags/tutorial_dag.py for tasks to queue
[2024-12-02T11:19:22.435+0000] {logging_mixin.py:190} INFO - [2024-12-02T11:19:22.435+0000] {dagbag.py:588} INFO - Filling up the DagBag from /home/airflow/.local/lib/python3.12/site-packages/airflow/example_dags/tutorial_dag.py
[2024-12-02T11:19:22.444+0000] {processor.py:925} INFO - DAG(s) 'tutorial_dag' retrieved from /home/airflow/.local/lib/python3.12/site-packages/airflow/example_dags/tutorial_dag.py
[2024-12-02T11:19:22.475+0000] {logging_mixin.py:190} INFO - [2024-12-02T11:19:22.475+0000] {dag.py:3239} INFO - Sync 1 DAGs
[2024-12-02T11:19:22.495+0000] {logging_mixin.py:190} INFO - [2024-12-02T11:19:22.495+0000] {dag.py:4180} INFO - Setting next_dagrun for tutorial_dag to None, run_after=None
[2024-12-02T11:19:22.523+0000] {processor.py:208} INFO - Processing /home/airflow/.local/lib/python3.12/site-packages/airflow/example_dags/tutorial_dag.py took 0.100 seconds
[2024-12-02T11:19:53.523+0000] {processor.py:186} INFO - Started process (PID=2743) to work on /home/airflow/.local/lib/python3.12/site-packages/airflow/example_dags/tutorial_dag.py
[2024-12-02T11:19:53.524+0000] {processor.py:914} INFO - Processing file /home/airflow/.local/lib/python3.12/site-packages/airflow/example_dags/tutorial_dag.py for tasks to queue
[2024-12-02T11:19:53.526+0000] {logging_mixin.py:190} INFO - [2024-12-02T11:19:53.526+0000] {dagbag.py:588} INFO - Filling up the DagBag from /home/airflow/.local/lib/python3.12/site-packages/airflow/example_dags/tutorial_dag.py
[2024-12-02T11:19:53.550+0000] {processor.py:925} INFO - DAG(s) 'tutorial_dag' retrieved from /home/airflow/.local/lib/python3.12/site-packages/airflow/example_dags/tutorial_dag.py
[2024-12-02T11:19:53.618+0000] {logging_mixin.py:190} INFO - [2024-12-02T11:19:53.618+0000] {dag.py:3239} INFO - Sync 1 DAGs
[2024-12-02T11:19:53.643+0000] {logging_mixin.py:190} INFO - [2024-12-02T11:19:53.642+0000] {dag.py:4180} INFO - Setting next_dagrun for tutorial_dag to None, run_after=None
[2024-12-02T11:19:53.689+0000] {processor.py:208} INFO - Processing /home/airflow/.local/lib/python3.12/site-packages/airflow/example_dags/tutorial_dag.py took 0.174 seconds
