[2024-12-02T10:22:06.459+0000] {processor.py:186} INFO - Started process (PID=141) to work on /home/airflow/.local/lib/python3.12/site-packages/airflow/example_dags/tutorial.py
[2024-12-02T10:22:06.460+0000] {processor.py:914} INFO - Processing file /home/airflow/.local/lib/python3.12/site-packages/airflow/example_dags/tutorial.py for tasks to queue
[2024-12-02T10:22:06.494+0000] {logging_mixin.py:190} INFO - [2024-12-02T10:22:06.494+0000] {dagbag.py:588} INFO - Filling up the DagBag from /home/airflow/.local/lib/python3.12/site-packages/airflow/example_dags/tutorial.py
[2024-12-02T10:22:06.624+0000] {processor.py:925} INFO - DAG(s) 'tutorial' retrieved from /home/airflow/.local/lib/python3.12/site-packages/airflow/example_dags/tutorial.py
[2024-12-02T10:36:29.855+0000] {processor.py:186} INFO - Started process (PID=86) to work on /home/airflow/.local/lib/python3.12/site-packages/airflow/example_dags/tutorial.py
[2024-12-02T10:36:29.871+0000] {processor.py:914} INFO - Processing file /home/airflow/.local/lib/python3.12/site-packages/airflow/example_dags/tutorial.py for tasks to queue
[2024-12-02T10:36:29.876+0000] {logging_mixin.py:190} INFO - [2024-12-02T10:36:29.876+0000] {dagbag.py:588} INFO - Filling up the DagBag from /home/airflow/.local/lib/python3.12/site-packages/airflow/example_dags/tutorial.py
[2024-12-02T10:36:29.894+0000] {processor.py:925} INFO - DAG(s) 'tutorial' retrieved from /home/airflow/.local/lib/python3.12/site-packages/airflow/example_dags/tutorial.py
[2024-12-02T10:36:30.314+0000] {logging_mixin.py:190} INFO - [2024-12-02T10:36:30.314+0000] {override.py:1911} INFO - Created Permission View: can read on DAG:tutorial
[2024-12-02T10:36:30.355+0000] {logging_mixin.py:190} INFO - [2024-12-02T10:36:30.354+0000] {override.py:1911} INFO - Created Permission View: can edit on DAG:tutorial
[2024-12-02T10:36:30.393+0000] {logging_mixin.py:190} INFO - [2024-12-02T10:36:30.392+0000] {override.py:1911} INFO - Created Permission View: can delete on DAG:tutorial
[2024-12-02T10:36:30.435+0000] {logging_mixin.py:190} INFO - [2024-12-02T10:36:30.435+0000] {override.py:1911} INFO - Created Permission View: can read on DAG Run:tutorial
[2024-12-02T10:36:30.458+0000] {logging_mixin.py:190} INFO - [2024-12-02T10:36:30.458+0000] {override.py:1911} INFO - Created Permission View: menu access on DAG Run:tutorial
[2024-12-02T10:36:30.503+0000] {logging_mixin.py:190} INFO - [2024-12-02T10:36:30.503+0000] {override.py:1911} INFO - Created Permission View: can create on DAG Run:tutorial
[2024-12-02T10:36:30.531+0000] {logging_mixin.py:190} INFO - [2024-12-02T10:36:30.531+0000] {override.py:1911} INFO - Created Permission View: can delete on DAG Run:tutorial
[2024-12-02T10:36:30.532+0000] {logging_mixin.py:190} INFO - [2024-12-02T10:36:30.531+0000] {dag.py:3239} INFO - Sync 1 DAGs
[2024-12-02T10:36:30.603+0000] {logging_mixin.py:190} INFO - [2024-12-02T10:36:30.602+0000] {dag.py:3262} INFO - Creating ORM DAG for tutorial
[2024-12-02T10:36:30.653+0000] {logging_mixin.py:190} INFO - [2024-12-02T10:36:30.653+0000] {dag.py:4180} INFO - Setting next_dagrun for tutorial to 2024-12-01 00:00:00+00:00, run_after=2024-12-02 00:00:00+00:00
[2024-12-02T10:36:30.708+0000] {processor.py:208} INFO - Processing /home/airflow/.local/lib/python3.12/site-packages/airflow/example_dags/tutorial.py took 0.858 seconds
[2024-12-02T10:38:22.897+0000] {processor.py:186} INFO - Started process (PID=93) to work on /home/airflow/.local/lib/python3.12/site-packages/airflow/example_dags/tutorial.py
[2024-12-02T10:38:22.899+0000] {processor.py:914} INFO - Processing file /home/airflow/.local/lib/python3.12/site-packages/airflow/example_dags/tutorial.py for tasks to queue
[2024-12-02T10:38:22.901+0000] {logging_mixin.py:190} INFO - [2024-12-02T10:38:22.900+0000] {dagbag.py:588} INFO - Filling up the DagBag from /home/airflow/.local/lib/python3.12/site-packages/airflow/example_dags/tutorial.py
[2024-12-02T10:38:22.916+0000] {processor.py:925} INFO - DAG(s) 'tutorial' retrieved from /home/airflow/.local/lib/python3.12/site-packages/airflow/example_dags/tutorial.py
[2024-12-02T10:38:23.115+0000] {logging_mixin.py:190} INFO - [2024-12-02T10:38:23.115+0000] {dag.py:3239} INFO - Sync 1 DAGs
[2024-12-02T10:38:23.285+0000] {logging_mixin.py:190} INFO - [2024-12-02T10:38:23.284+0000] {dag.py:4180} INFO - Setting next_dagrun for tutorial to 2024-12-01 00:00:00+00:00, run_after=2024-12-02 00:00:00+00:00
[2024-12-02T10:38:23.393+0000] {processor.py:208} INFO - Processing /home/airflow/.local/lib/python3.12/site-packages/airflow/example_dags/tutorial.py took 0.551 seconds
[2024-12-02T10:38:53.662+0000] {processor.py:186} INFO - Started process (PID=156) to work on /home/airflow/.local/lib/python3.12/site-packages/airflow/example_dags/tutorial.py
[2024-12-02T10:38:53.663+0000] {processor.py:914} INFO - Processing file /home/airflow/.local/lib/python3.12/site-packages/airflow/example_dags/tutorial.py for tasks to queue
[2024-12-02T10:38:53.666+0000] {logging_mixin.py:190} INFO - [2024-12-02T10:38:53.666+0000] {dagbag.py:588} INFO - Filling up the DagBag from /home/airflow/.local/lib/python3.12/site-packages/airflow/example_dags/tutorial.py
[2024-12-02T10:38:53.673+0000] {processor.py:925} INFO - DAG(s) 'tutorial' retrieved from /home/airflow/.local/lib/python3.12/site-packages/airflow/example_dags/tutorial.py
[2024-12-02T10:38:53.689+0000] {logging_mixin.py:190} INFO - [2024-12-02T10:38:53.689+0000] {dag.py:3239} INFO - Sync 1 DAGs
[2024-12-02T10:38:53.707+0000] {logging_mixin.py:190} INFO - [2024-12-02T10:38:53.707+0000] {dag.py:4180} INFO - Setting next_dagrun for tutorial to 2024-12-01 00:00:00+00:00, run_after=2024-12-02 00:00:00+00:00
[2024-12-02T10:38:53.725+0000] {processor.py:208} INFO - Processing /home/airflow/.local/lib/python3.12/site-packages/airflow/example_dags/tutorial.py took 0.067 seconds
[2024-12-02T10:39:24.112+0000] {processor.py:186} INFO - Started process (PID=220) to work on /home/airflow/.local/lib/python3.12/site-packages/airflow/example_dags/tutorial.py
[2024-12-02T10:39:24.114+0000] {processor.py:914} INFO - Processing file /home/airflow/.local/lib/python3.12/site-packages/airflow/example_dags/tutorial.py for tasks to queue
[2024-12-02T10:39:24.116+0000] {logging_mixin.py:190} INFO - [2024-12-02T10:39:24.115+0000] {dagbag.py:588} INFO - Filling up the DagBag from /home/airflow/.local/lib/python3.12/site-packages/airflow/example_dags/tutorial.py
[2024-12-02T10:39:24.129+0000] {processor.py:925} INFO - DAG(s) 'tutorial' retrieved from /home/airflow/.local/lib/python3.12/site-packages/airflow/example_dags/tutorial.py
[2024-12-02T10:39:24.149+0000] {logging_mixin.py:190} INFO - [2024-12-02T10:39:24.148+0000] {dag.py:3239} INFO - Sync 1 DAGs
[2024-12-02T10:39:24.166+0000] {logging_mixin.py:190} INFO - [2024-12-02T10:39:24.166+0000] {dag.py:4180} INFO - Setting next_dagrun for tutorial to 2024-12-01 00:00:00+00:00, run_after=2024-12-02 00:00:00+00:00
[2024-12-02T10:39:24.181+0000] {processor.py:208} INFO - Processing /home/airflow/.local/lib/python3.12/site-packages/airflow/example_dags/tutorial.py took 0.074 seconds
[2024-12-02T10:39:55.951+0000] {processor.py:186} INFO - Started process (PID=284) to work on /home/airflow/.local/lib/python3.12/site-packages/airflow/example_dags/tutorial.py
[2024-12-02T10:39:55.958+0000] {processor.py:914} INFO - Processing file /home/airflow/.local/lib/python3.12/site-packages/airflow/example_dags/tutorial.py for tasks to queue
[2024-12-02T10:39:55.960+0000] {logging_mixin.py:190} INFO - [2024-12-02T10:39:55.960+0000] {dagbag.py:588} INFO - Filling up the DagBag from /home/airflow/.local/lib/python3.12/site-packages/airflow/example_dags/tutorial.py
[2024-12-02T10:39:55.977+0000] {processor.py:925} INFO - DAG(s) 'tutorial' retrieved from /home/airflow/.local/lib/python3.12/site-packages/airflow/example_dags/tutorial.py
[2024-12-02T10:39:56.042+0000] {logging_mixin.py:190} INFO - [2024-12-02T10:39:56.042+0000] {dag.py:3239} INFO - Sync 1 DAGs
[2024-12-02T10:39:56.081+0000] {logging_mixin.py:190} INFO - [2024-12-02T10:39:56.081+0000] {dag.py:4180} INFO - Setting next_dagrun for tutorial to 2024-12-01 00:00:00+00:00, run_after=2024-12-02 00:00:00+00:00
[2024-12-02T10:39:56.132+0000] {processor.py:208} INFO - Processing /home/airflow/.local/lib/python3.12/site-packages/airflow/example_dags/tutorial.py took 0.196 seconds
[2024-12-02T10:40:33.133+0000] {processor.py:186} INFO - Started process (PID=348) to work on /home/airflow/.local/lib/python3.12/site-packages/airflow/example_dags/tutorial.py
[2024-12-02T10:40:33.135+0000] {processor.py:914} INFO - Processing file /home/airflow/.local/lib/python3.12/site-packages/airflow/example_dags/tutorial.py for tasks to queue
[2024-12-02T10:40:33.137+0000] {logging_mixin.py:190} INFO - [2024-12-02T10:40:33.137+0000] {dagbag.py:588} INFO - Filling up the DagBag from /home/airflow/.local/lib/python3.12/site-packages/airflow/example_dags/tutorial.py
[2024-12-02T10:40:33.155+0000] {processor.py:925} INFO - DAG(s) 'tutorial' retrieved from /home/airflow/.local/lib/python3.12/site-packages/airflow/example_dags/tutorial.py
[2024-12-02T10:40:33.178+0000] {logging_mixin.py:190} INFO - [2024-12-02T10:40:33.177+0000] {dag.py:3239} INFO - Sync 1 DAGs
[2024-12-02T10:40:33.206+0000] {logging_mixin.py:190} INFO - [2024-12-02T10:40:33.206+0000] {dag.py:4180} INFO - Setting next_dagrun for tutorial to 2024-12-01 00:00:00+00:00, run_after=2024-12-02 00:00:00+00:00
[2024-12-02T10:40:33.253+0000] {processor.py:208} INFO - Processing /home/airflow/.local/lib/python3.12/site-packages/airflow/example_dags/tutorial.py took 0.132 seconds
[2024-12-02T10:42:09.497+0000] {processor.py:186} INFO - Started process (PID=87) to work on /home/airflow/.local/lib/python3.12/site-packages/airflow/example_dags/tutorial.py
[2024-12-02T10:42:09.505+0000] {processor.py:914} INFO - Processing file /home/airflow/.local/lib/python3.12/site-packages/airflow/example_dags/tutorial.py for tasks to queue
[2024-12-02T10:42:09.507+0000] {logging_mixin.py:190} INFO - [2024-12-02T10:42:09.506+0000] {dagbag.py:588} INFO - Filling up the DagBag from /home/airflow/.local/lib/python3.12/site-packages/airflow/example_dags/tutorial.py
[2024-12-02T10:42:09.514+0000] {processor.py:925} INFO - DAG(s) 'tutorial' retrieved from /home/airflow/.local/lib/python3.12/site-packages/airflow/example_dags/tutorial.py
[2024-12-02T10:42:09.560+0000] {logging_mixin.py:190} INFO - [2024-12-02T10:42:09.560+0000] {dag.py:3239} INFO - Sync 1 DAGs
[2024-12-02T10:42:09.605+0000] {logging_mixin.py:190} INFO - [2024-12-02T10:42:09.605+0000] {dag.py:4180} INFO - Setting next_dagrun for tutorial to 2024-12-01 00:00:00+00:00, run_after=2024-12-02 00:00:00+00:00
[2024-12-02T10:42:09.661+0000] {processor.py:208} INFO - Processing /home/airflow/.local/lib/python3.12/site-packages/airflow/example_dags/tutorial.py took 0.169 seconds
[2024-12-02T10:42:43.358+0000] {processor.py:186} INFO - Started process (PID=149) to work on /home/airflow/.local/lib/python3.12/site-packages/airflow/example_dags/tutorial.py
[2024-12-02T10:42:43.360+0000] {processor.py:914} INFO - Processing file /home/airflow/.local/lib/python3.12/site-packages/airflow/example_dags/tutorial.py for tasks to queue
[2024-12-02T10:42:43.362+0000] {logging_mixin.py:190} INFO - [2024-12-02T10:42:43.361+0000] {dagbag.py:588} INFO - Filling up the DagBag from /home/airflow/.local/lib/python3.12/site-packages/airflow/example_dags/tutorial.py
[2024-12-02T10:42:43.370+0000] {processor.py:925} INFO - DAG(s) 'tutorial' retrieved from /home/airflow/.local/lib/python3.12/site-packages/airflow/example_dags/tutorial.py
[2024-12-02T10:42:43.388+0000] {logging_mixin.py:190} INFO - [2024-12-02T10:42:43.388+0000] {dag.py:3239} INFO - Sync 1 DAGs
[2024-12-02T10:42:43.408+0000] {logging_mixin.py:190} INFO - [2024-12-02T10:42:43.408+0000] {dag.py:4180} INFO - Setting next_dagrun for tutorial to 2024-12-01 00:00:00+00:00, run_after=2024-12-02 00:00:00+00:00
[2024-12-02T10:42:43.426+0000] {processor.py:208} INFO - Processing /home/airflow/.local/lib/python3.12/site-packages/airflow/example_dags/tutorial.py took 0.075 seconds
[2024-12-02T10:43:17.410+0000] {processor.py:186} INFO - Started process (PID=214) to work on /home/airflow/.local/lib/python3.12/site-packages/airflow/example_dags/tutorial.py
[2024-12-02T10:43:17.417+0000] {processor.py:914} INFO - Processing file /home/airflow/.local/lib/python3.12/site-packages/airflow/example_dags/tutorial.py for tasks to queue
[2024-12-02T10:43:17.418+0000] {logging_mixin.py:190} INFO - [2024-12-02T10:43:17.418+0000] {dagbag.py:588} INFO - Filling up the DagBag from /home/airflow/.local/lib/python3.12/site-packages/airflow/example_dags/tutorial.py
[2024-12-02T10:43:17.424+0000] {processor.py:925} INFO - DAG(s) 'tutorial' retrieved from /home/airflow/.local/lib/python3.12/site-packages/airflow/example_dags/tutorial.py
[2024-12-02T10:43:17.482+0000] {logging_mixin.py:190} INFO - [2024-12-02T10:43:17.482+0000] {dag.py:3239} INFO - Sync 1 DAGs
[2024-12-02T10:43:17.525+0000] {logging_mixin.py:190} INFO - [2024-12-02T10:43:17.525+0000] {dag.py:4180} INFO - Setting next_dagrun for tutorial to 2024-12-01 00:00:00+00:00, run_after=2024-12-02 00:00:00+00:00
[2024-12-02T10:43:17.547+0000] {processor.py:208} INFO - Processing /home/airflow/.local/lib/python3.12/site-packages/airflow/example_dags/tutorial.py took 0.141 seconds
[2024-12-02T10:43:51.744+0000] {processor.py:186} INFO - Started process (PID=277) to work on /home/airflow/.local/lib/python3.12/site-packages/airflow/example_dags/tutorial.py
[2024-12-02T10:43:51.752+0000] {processor.py:914} INFO - Processing file /home/airflow/.local/lib/python3.12/site-packages/airflow/example_dags/tutorial.py for tasks to queue
[2024-12-02T10:43:51.754+0000] {logging_mixin.py:190} INFO - [2024-12-02T10:43:51.754+0000] {dagbag.py:588} INFO - Filling up the DagBag from /home/airflow/.local/lib/python3.12/site-packages/airflow/example_dags/tutorial.py
[2024-12-02T10:43:51.772+0000] {processor.py:925} INFO - DAG(s) 'tutorial' retrieved from /home/airflow/.local/lib/python3.12/site-packages/airflow/example_dags/tutorial.py
[2024-12-02T10:43:51.800+0000] {logging_mixin.py:190} INFO - [2024-12-02T10:43:51.799+0000] {dag.py:3239} INFO - Sync 1 DAGs
[2024-12-02T10:43:51.875+0000] {logging_mixin.py:190} INFO - [2024-12-02T10:43:51.875+0000] {dag.py:4180} INFO - Setting next_dagrun for tutorial to 2024-12-01 00:00:00+00:00, run_after=2024-12-02 00:00:00+00:00
[2024-12-02T10:43:51.903+0000] {processor.py:208} INFO - Processing /home/airflow/.local/lib/python3.12/site-packages/airflow/example_dags/tutorial.py took 0.175 seconds
[2024-12-02T10:44:22.633+0000] {processor.py:186} INFO - Started process (PID=340) to work on /home/airflow/.local/lib/python3.12/site-packages/airflow/example_dags/tutorial.py
[2024-12-02T10:44:22.634+0000] {processor.py:914} INFO - Processing file /home/airflow/.local/lib/python3.12/site-packages/airflow/example_dags/tutorial.py for tasks to queue
[2024-12-02T10:44:22.636+0000] {logging_mixin.py:190} INFO - [2024-12-02T10:44:22.636+0000] {dagbag.py:588} INFO - Filling up the DagBag from /home/airflow/.local/lib/python3.12/site-packages/airflow/example_dags/tutorial.py
[2024-12-02T10:44:22.667+0000] {processor.py:925} INFO - DAG(s) 'tutorial' retrieved from /home/airflow/.local/lib/python3.12/site-packages/airflow/example_dags/tutorial.py
[2024-12-02T10:44:22.734+0000] {logging_mixin.py:190} INFO - [2024-12-02T10:44:22.733+0000] {dag.py:3239} INFO - Sync 1 DAGs
[2024-12-02T10:44:22.796+0000] {logging_mixin.py:190} INFO - [2024-12-02T10:44:22.796+0000] {dag.py:4180} INFO - Setting next_dagrun for tutorial to 2024-12-01 00:00:00+00:00, run_after=2024-12-02 00:00:00+00:00
[2024-12-02T10:44:22.867+0000] {processor.py:208} INFO - Processing /home/airflow/.local/lib/python3.12/site-packages/airflow/example_dags/tutorial.py took 0.275 seconds
[2024-12-02T10:44:53.410+0000] {processor.py:186} INFO - Started process (PID=404) to work on /home/airflow/.local/lib/python3.12/site-packages/airflow/example_dags/tutorial.py
[2024-12-02T10:44:53.410+0000] {processor.py:914} INFO - Processing file /home/airflow/.local/lib/python3.12/site-packages/airflow/example_dags/tutorial.py for tasks to queue
[2024-12-02T10:44:53.412+0000] {logging_mixin.py:190} INFO - [2024-12-02T10:44:53.412+0000] {dagbag.py:588} INFO - Filling up the DagBag from /home/airflow/.local/lib/python3.12/site-packages/airflow/example_dags/tutorial.py
[2024-12-02T10:44:53.421+0000] {processor.py:925} INFO - DAG(s) 'tutorial' retrieved from /home/airflow/.local/lib/python3.12/site-packages/airflow/example_dags/tutorial.py
[2024-12-02T10:44:53.435+0000] {logging_mixin.py:190} INFO - [2024-12-02T10:44:53.434+0000] {dag.py:3239} INFO - Sync 1 DAGs
[2024-12-02T10:44:53.451+0000] {logging_mixin.py:190} INFO - [2024-12-02T10:44:53.451+0000] {dag.py:4180} INFO - Setting next_dagrun for tutorial to 2024-12-01 00:00:00+00:00, run_after=2024-12-02 00:00:00+00:00
[2024-12-02T10:44:53.468+0000] {processor.py:208} INFO - Processing /home/airflow/.local/lib/python3.12/site-packages/airflow/example_dags/tutorial.py took 0.063 seconds
[2024-12-02T10:45:23.711+0000] {processor.py:186} INFO - Started process (PID=468) to work on /home/airflow/.local/lib/python3.12/site-packages/airflow/example_dags/tutorial.py
[2024-12-02T10:45:23.714+0000] {processor.py:914} INFO - Processing file /home/airflow/.local/lib/python3.12/site-packages/airflow/example_dags/tutorial.py for tasks to queue
[2024-12-02T10:45:23.716+0000] {logging_mixin.py:190} INFO - [2024-12-02T10:45:23.715+0000] {dagbag.py:588} INFO - Filling up the DagBag from /home/airflow/.local/lib/python3.12/site-packages/airflow/example_dags/tutorial.py
[2024-12-02T10:45:23.721+0000] {processor.py:925} INFO - DAG(s) 'tutorial' retrieved from /home/airflow/.local/lib/python3.12/site-packages/airflow/example_dags/tutorial.py
[2024-12-02T10:45:23.734+0000] {logging_mixin.py:190} INFO - [2024-12-02T10:45:23.733+0000] {dag.py:3239} INFO - Sync 1 DAGs
[2024-12-02T10:45:23.750+0000] {logging_mixin.py:190} INFO - [2024-12-02T10:45:23.749+0000] {dag.py:4180} INFO - Setting next_dagrun for tutorial to 2024-12-01 00:00:00+00:00, run_after=2024-12-02 00:00:00+00:00
[2024-12-02T10:45:23.762+0000] {processor.py:208} INFO - Processing /home/airflow/.local/lib/python3.12/site-packages/airflow/example_dags/tutorial.py took 0.056 seconds
[2024-12-02T10:45:54.136+0000] {processor.py:186} INFO - Started process (PID=532) to work on /home/airflow/.local/lib/python3.12/site-packages/airflow/example_dags/tutorial.py
[2024-12-02T10:45:54.137+0000] {processor.py:914} INFO - Processing file /home/airflow/.local/lib/python3.12/site-packages/airflow/example_dags/tutorial.py for tasks to queue
[2024-12-02T10:45:54.138+0000] {logging_mixin.py:190} INFO - [2024-12-02T10:45:54.138+0000] {dagbag.py:588} INFO - Filling up the DagBag from /home/airflow/.local/lib/python3.12/site-packages/airflow/example_dags/tutorial.py
[2024-12-02T10:45:54.144+0000] {processor.py:925} INFO - DAG(s) 'tutorial' retrieved from /home/airflow/.local/lib/python3.12/site-packages/airflow/example_dags/tutorial.py
[2024-12-02T10:45:54.156+0000] {logging_mixin.py:190} INFO - [2024-12-02T10:45:54.156+0000] {dag.py:3239} INFO - Sync 1 DAGs
[2024-12-02T10:45:54.172+0000] {logging_mixin.py:190} INFO - [2024-12-02T10:45:54.172+0000] {dag.py:4180} INFO - Setting next_dagrun for tutorial to 2024-12-01 00:00:00+00:00, run_after=2024-12-02 00:00:00+00:00
[2024-12-02T10:45:54.185+0000] {processor.py:208} INFO - Processing /home/airflow/.local/lib/python3.12/site-packages/airflow/example_dags/tutorial.py took 0.053 seconds
[2024-12-02T10:46:25.098+0000] {processor.py:186} INFO - Started process (PID=595) to work on /home/airflow/.local/lib/python3.12/site-packages/airflow/example_dags/tutorial.py
[2024-12-02T10:46:25.099+0000] {processor.py:914} INFO - Processing file /home/airflow/.local/lib/python3.12/site-packages/airflow/example_dags/tutorial.py for tasks to queue
[2024-12-02T10:46:25.102+0000] {logging_mixin.py:190} INFO - [2024-12-02T10:46:25.102+0000] {dagbag.py:588} INFO - Filling up the DagBag from /home/airflow/.local/lib/python3.12/site-packages/airflow/example_dags/tutorial.py
[2024-12-02T10:46:25.134+0000] {processor.py:925} INFO - DAG(s) 'tutorial' retrieved from /home/airflow/.local/lib/python3.12/site-packages/airflow/example_dags/tutorial.py
[2024-12-02T10:46:25.155+0000] {logging_mixin.py:190} INFO - [2024-12-02T10:46:25.154+0000] {dag.py:3239} INFO - Sync 1 DAGs
[2024-12-02T10:46:25.184+0000] {logging_mixin.py:190} INFO - [2024-12-02T10:46:25.184+0000] {dag.py:4180} INFO - Setting next_dagrun for tutorial to 2024-12-01 00:00:00+00:00, run_after=2024-12-02 00:00:00+00:00
[2024-12-02T10:46:25.223+0000] {processor.py:208} INFO - Processing /home/airflow/.local/lib/python3.12/site-packages/airflow/example_dags/tutorial.py took 0.131 seconds
[2024-12-02T10:46:56.018+0000] {processor.py:186} INFO - Started process (PID=653) to work on /home/airflow/.local/lib/python3.12/site-packages/airflow/example_dags/tutorial.py
[2024-12-02T10:46:56.022+0000] {processor.py:914} INFO - Processing file /home/airflow/.local/lib/python3.12/site-packages/airflow/example_dags/tutorial.py for tasks to queue
[2024-12-02T10:46:56.024+0000] {logging_mixin.py:190} INFO - [2024-12-02T10:46:56.024+0000] {dagbag.py:588} INFO - Filling up the DagBag from /home/airflow/.local/lib/python3.12/site-packages/airflow/example_dags/tutorial.py
[2024-12-02T10:46:56.036+0000] {processor.py:925} INFO - DAG(s) 'tutorial' retrieved from /home/airflow/.local/lib/python3.12/site-packages/airflow/example_dags/tutorial.py
[2024-12-02T10:46:56.082+0000] {logging_mixin.py:190} INFO - [2024-12-02T10:46:56.082+0000] {dag.py:3239} INFO - Sync 1 DAGs
[2024-12-02T10:46:56.109+0000] {logging_mixin.py:190} INFO - [2024-12-02T10:46:56.109+0000] {dag.py:4180} INFO - Setting next_dagrun for tutorial to 2024-12-01 00:00:00+00:00, run_after=2024-12-02 00:00:00+00:00
[2024-12-02T10:46:56.161+0000] {processor.py:208} INFO - Processing /home/airflow/.local/lib/python3.12/site-packages/airflow/example_dags/tutorial.py took 0.151 seconds
[2024-12-02T10:58:17.098+0000] {processor.py:186} INFO - Started process (PID=93) to work on /home/airflow/.local/lib/python3.12/site-packages/airflow/example_dags/tutorial.py
[2024-12-02T10:58:17.112+0000] {processor.py:914} INFO - Processing file /home/airflow/.local/lib/python3.12/site-packages/airflow/example_dags/tutorial.py for tasks to queue
[2024-12-02T10:58:17.114+0000] {logging_mixin.py:190} INFO - [2024-12-02T10:58:17.113+0000] {dagbag.py:588} INFO - Filling up the DagBag from /home/airflow/.local/lib/python3.12/site-packages/airflow/example_dags/tutorial.py
[2024-12-02T10:58:17.131+0000] {processor.py:925} INFO - DAG(s) 'tutorial' retrieved from /home/airflow/.local/lib/python3.12/site-packages/airflow/example_dags/tutorial.py
[2024-12-02T10:58:17.245+0000] {logging_mixin.py:190} INFO - [2024-12-02T10:58:17.245+0000] {dag.py:3239} INFO - Sync 1 DAGs
[2024-12-02T10:58:17.337+0000] {logging_mixin.py:190} INFO - [2024-12-02T10:58:17.337+0000] {dag.py:4180} INFO - Setting next_dagrun for tutorial to 2024-12-01 00:00:00+00:00, run_after=2024-12-02 00:00:00+00:00
[2024-12-02T10:58:17.436+0000] {processor.py:208} INFO - Processing /home/airflow/.local/lib/python3.12/site-packages/airflow/example_dags/tutorial.py took 0.360 seconds
[2024-12-02T10:58:50.598+0000] {processor.py:186} INFO - Started process (PID=157) to work on /home/airflow/.local/lib/python3.12/site-packages/airflow/example_dags/tutorial.py
[2024-12-02T10:58:50.615+0000] {processor.py:914} INFO - Processing file /home/airflow/.local/lib/python3.12/site-packages/airflow/example_dags/tutorial.py for tasks to queue
[2024-12-02T10:58:50.618+0000] {logging_mixin.py:190} INFO - [2024-12-02T10:58:50.618+0000] {dagbag.py:588} INFO - Filling up the DagBag from /home/airflow/.local/lib/python3.12/site-packages/airflow/example_dags/tutorial.py
[2024-12-02T10:58:50.667+0000] {processor.py:925} INFO - DAG(s) 'tutorial' retrieved from /home/airflow/.local/lib/python3.12/site-packages/airflow/example_dags/tutorial.py
[2024-12-02T10:58:50.748+0000] {logging_mixin.py:190} INFO - [2024-12-02T10:58:50.748+0000] {dag.py:3239} INFO - Sync 1 DAGs
[2024-12-02T10:58:50.831+0000] {logging_mixin.py:190} INFO - [2024-12-02T10:58:50.831+0000] {dag.py:4180} INFO - Setting next_dagrun for tutorial to 2024-12-01 00:00:00+00:00, run_after=2024-12-02 00:00:00+00:00
[2024-12-02T10:58:50.932+0000] {processor.py:208} INFO - Processing /home/airflow/.local/lib/python3.12/site-packages/airflow/example_dags/tutorial.py took 0.361 seconds
[2024-12-02T10:59:21.201+0000] {processor.py:186} INFO - Started process (PID=220) to work on /home/airflow/.local/lib/python3.12/site-packages/airflow/example_dags/tutorial.py
[2024-12-02T10:59:21.203+0000] {processor.py:914} INFO - Processing file /home/airflow/.local/lib/python3.12/site-packages/airflow/example_dags/tutorial.py for tasks to queue
[2024-12-02T10:59:21.205+0000] {logging_mixin.py:190} INFO - [2024-12-02T10:59:21.205+0000] {dagbag.py:588} INFO - Filling up the DagBag from /home/airflow/.local/lib/python3.12/site-packages/airflow/example_dags/tutorial.py
[2024-12-02T10:59:21.211+0000] {processor.py:925} INFO - DAG(s) 'tutorial' retrieved from /home/airflow/.local/lib/python3.12/site-packages/airflow/example_dags/tutorial.py
[2024-12-02T10:59:21.229+0000] {logging_mixin.py:190} INFO - [2024-12-02T10:59:21.229+0000] {dag.py:3239} INFO - Sync 1 DAGs
[2024-12-02T10:59:21.259+0000] {logging_mixin.py:190} INFO - [2024-12-02T10:59:21.259+0000] {dag.py:4180} INFO - Setting next_dagrun for tutorial to 2024-12-01 00:00:00+00:00, run_after=2024-12-02 00:00:00+00:00
[2024-12-02T10:59:21.282+0000] {processor.py:208} INFO - Processing /home/airflow/.local/lib/python3.12/site-packages/airflow/example_dags/tutorial.py took 0.091 seconds
[2024-12-02T10:59:51.887+0000] {processor.py:186} INFO - Started process (PID=284) to work on /home/airflow/.local/lib/python3.12/site-packages/airflow/example_dags/tutorial.py
[2024-12-02T10:59:51.888+0000] {processor.py:914} INFO - Processing file /home/airflow/.local/lib/python3.12/site-packages/airflow/example_dags/tutorial.py for tasks to queue
[2024-12-02T10:59:51.890+0000] {logging_mixin.py:190} INFO - [2024-12-02T10:59:51.890+0000] {dagbag.py:588} INFO - Filling up the DagBag from /home/airflow/.local/lib/python3.12/site-packages/airflow/example_dags/tutorial.py
[2024-12-02T10:59:51.896+0000] {processor.py:925} INFO - DAG(s) 'tutorial' retrieved from /home/airflow/.local/lib/python3.12/site-packages/airflow/example_dags/tutorial.py
[2024-12-02T10:59:51.916+0000] {logging_mixin.py:190} INFO - [2024-12-02T10:59:51.916+0000] {dag.py:3239} INFO - Sync 1 DAGs
[2024-12-02T10:59:51.954+0000] {logging_mixin.py:190} INFO - [2024-12-02T10:59:51.954+0000] {dag.py:4180} INFO - Setting next_dagrun for tutorial to 2024-12-01 00:00:00+00:00, run_after=2024-12-02 00:00:00+00:00
[2024-12-02T10:59:51.970+0000] {processor.py:208} INFO - Processing /home/airflow/.local/lib/python3.12/site-packages/airflow/example_dags/tutorial.py took 0.087 seconds
[2024-12-02T11:00:22.357+0000] {processor.py:186} INFO - Started process (PID=346) to work on /home/airflow/.local/lib/python3.12/site-packages/airflow/example_dags/tutorial.py
[2024-12-02T11:00:22.358+0000] {processor.py:914} INFO - Processing file /home/airflow/.local/lib/python3.12/site-packages/airflow/example_dags/tutorial.py for tasks to queue
[2024-12-02T11:00:22.360+0000] {logging_mixin.py:190} INFO - [2024-12-02T11:00:22.360+0000] {dagbag.py:588} INFO - Filling up the DagBag from /home/airflow/.local/lib/python3.12/site-packages/airflow/example_dags/tutorial.py
[2024-12-02T11:00:22.367+0000] {processor.py:925} INFO - DAG(s) 'tutorial' retrieved from /home/airflow/.local/lib/python3.12/site-packages/airflow/example_dags/tutorial.py
[2024-12-02T11:00:22.393+0000] {logging_mixin.py:190} INFO - [2024-12-02T11:00:22.393+0000] {dag.py:3239} INFO - Sync 1 DAGs
[2024-12-02T11:00:22.423+0000] {logging_mixin.py:190} INFO - [2024-12-02T11:00:22.423+0000] {dag.py:4180} INFO - Setting next_dagrun for tutorial to 2024-12-01 00:00:00+00:00, run_after=2024-12-02 00:00:00+00:00
[2024-12-02T11:00:22.452+0000] {processor.py:208} INFO - Processing /home/airflow/.local/lib/python3.12/site-packages/airflow/example_dags/tutorial.py took 0.101 seconds
[2024-12-02T11:00:58.308+0000] {processor.py:186} INFO - Started process (PID=412) to work on /home/airflow/.local/lib/python3.12/site-packages/airflow/example_dags/tutorial.py
[2024-12-02T11:00:58.314+0000] {processor.py:914} INFO - Processing file /home/airflow/.local/lib/python3.12/site-packages/airflow/example_dags/tutorial.py for tasks to queue
[2024-12-02T11:00:58.315+0000] {logging_mixin.py:190} INFO - [2024-12-02T11:00:58.315+0000] {dagbag.py:588} INFO - Filling up the DagBag from /home/airflow/.local/lib/python3.12/site-packages/airflow/example_dags/tutorial.py
[2024-12-02T11:00:58.322+0000] {processor.py:925} INFO - DAG(s) 'tutorial' retrieved from /home/airflow/.local/lib/python3.12/site-packages/airflow/example_dags/tutorial.py
[2024-12-02T11:00:58.374+0000] {logging_mixin.py:190} INFO - [2024-12-02T11:00:58.374+0000] {dag.py:3239} INFO - Sync 1 DAGs
[2024-12-02T11:00:58.424+0000] {logging_mixin.py:190} INFO - [2024-12-02T11:00:58.424+0000] {dag.py:4180} INFO - Setting next_dagrun for tutorial to 2024-12-01 00:00:00+00:00, run_after=2024-12-02 00:00:00+00:00
[2024-12-02T11:00:58.449+0000] {processor.py:208} INFO - Processing /home/airflow/.local/lib/python3.12/site-packages/airflow/example_dags/tutorial.py took 0.146 seconds
[2024-12-02T11:01:31.771+0000] {processor.py:186} INFO - Started process (PID=476) to work on /home/airflow/.local/lib/python3.12/site-packages/airflow/example_dags/tutorial.py
[2024-12-02T11:01:31.774+0000] {processor.py:914} INFO - Processing file /home/airflow/.local/lib/python3.12/site-packages/airflow/example_dags/tutorial.py for tasks to queue
[2024-12-02T11:01:31.776+0000] {logging_mixin.py:190} INFO - [2024-12-02T11:01:31.776+0000] {dagbag.py:588} INFO - Filling up the DagBag from /home/airflow/.local/lib/python3.12/site-packages/airflow/example_dags/tutorial.py
[2024-12-02T11:01:31.794+0000] {processor.py:925} INFO - DAG(s) 'tutorial' retrieved from /home/airflow/.local/lib/python3.12/site-packages/airflow/example_dags/tutorial.py
[2024-12-02T11:01:31.821+0000] {logging_mixin.py:190} INFO - [2024-12-02T11:01:31.821+0000] {dag.py:3239} INFO - Sync 1 DAGs
[2024-12-02T11:01:31.850+0000] {logging_mixin.py:190} INFO - [2024-12-02T11:01:31.850+0000] {dag.py:4180} INFO - Setting next_dagrun for tutorial to 2024-12-01 00:00:00+00:00, run_after=2024-12-02 00:00:00+00:00
[2024-12-02T11:01:31.885+0000] {processor.py:208} INFO - Processing /home/airflow/.local/lib/python3.12/site-packages/airflow/example_dags/tutorial.py took 0.119 seconds
[2024-12-02T11:02:05.473+0000] {processor.py:186} INFO - Started process (PID=540) to work on /home/airflow/.local/lib/python3.12/site-packages/airflow/example_dags/tutorial.py
[2024-12-02T11:02:05.474+0000] {processor.py:914} INFO - Processing file /home/airflow/.local/lib/python3.12/site-packages/airflow/example_dags/tutorial.py for tasks to queue
[2024-12-02T11:02:05.478+0000] {logging_mixin.py:190} INFO - [2024-12-02T11:02:05.478+0000] {dagbag.py:588} INFO - Filling up the DagBag from /home/airflow/.local/lib/python3.12/site-packages/airflow/example_dags/tutorial.py
[2024-12-02T11:02:05.500+0000] {processor.py:925} INFO - DAG(s) 'tutorial' retrieved from /home/airflow/.local/lib/python3.12/site-packages/airflow/example_dags/tutorial.py
[2024-12-02T11:02:05.529+0000] {logging_mixin.py:190} INFO - [2024-12-02T11:02:05.528+0000] {dag.py:3239} INFO - Sync 1 DAGs
[2024-12-02T11:02:05.562+0000] {logging_mixin.py:190} INFO - [2024-12-02T11:02:05.561+0000] {dag.py:4180} INFO - Setting next_dagrun for tutorial to 2024-12-01 00:00:00+00:00, run_after=2024-12-02 00:00:00+00:00
[2024-12-02T11:02:05.593+0000] {processor.py:208} INFO - Processing /home/airflow/.local/lib/python3.12/site-packages/airflow/example_dags/tutorial.py took 0.181 seconds
[2024-12-02T11:02:35.722+0000] {processor.py:186} INFO - Started process (PID=602) to work on /home/airflow/.local/lib/python3.12/site-packages/airflow/example_dags/tutorial.py
[2024-12-02T11:02:35.745+0000] {processor.py:914} INFO - Processing file /home/airflow/.local/lib/python3.12/site-packages/airflow/example_dags/tutorial.py for tasks to queue
[2024-12-02T11:02:35.747+0000] {logging_mixin.py:190} INFO - [2024-12-02T11:02:35.746+0000] {dagbag.py:588} INFO - Filling up the DagBag from /home/airflow/.local/lib/python3.12/site-packages/airflow/example_dags/tutorial.py
[2024-12-02T11:02:35.752+0000] {processor.py:925} INFO - DAG(s) 'tutorial' retrieved from /home/airflow/.local/lib/python3.12/site-packages/airflow/example_dags/tutorial.py
[2024-12-02T11:02:35.827+0000] {logging_mixin.py:190} INFO - [2024-12-02T11:02:35.827+0000] {dag.py:3239} INFO - Sync 1 DAGs
[2024-12-02T11:02:35.890+0000] {logging_mixin.py:190} INFO - [2024-12-02T11:02:35.890+0000] {dag.py:4180} INFO - Setting next_dagrun for tutorial to 2024-12-01 00:00:00+00:00, run_after=2024-12-02 00:00:00+00:00
[2024-12-02T11:02:35.943+0000] {processor.py:208} INFO - Processing /home/airflow/.local/lib/python3.12/site-packages/airflow/example_dags/tutorial.py took 0.225 seconds
[2024-12-02T11:03:06.282+0000] {processor.py:186} INFO - Started process (PID=665) to work on /home/airflow/.local/lib/python3.12/site-packages/airflow/example_dags/tutorial.py
[2024-12-02T11:03:06.282+0000] {processor.py:914} INFO - Processing file /home/airflow/.local/lib/python3.12/site-packages/airflow/example_dags/tutorial.py for tasks to queue
[2024-12-02T11:03:06.284+0000] {logging_mixin.py:190} INFO - [2024-12-02T11:03:06.284+0000] {dagbag.py:588} INFO - Filling up the DagBag from /home/airflow/.local/lib/python3.12/site-packages/airflow/example_dags/tutorial.py
[2024-12-02T11:03:06.300+0000] {processor.py:925} INFO - DAG(s) 'tutorial' retrieved from /home/airflow/.local/lib/python3.12/site-packages/airflow/example_dags/tutorial.py
[2024-12-02T11:03:06.320+0000] {logging_mixin.py:190} INFO - [2024-12-02T11:03:06.320+0000] {dag.py:3239} INFO - Sync 1 DAGs
[2024-12-02T11:03:06.343+0000] {logging_mixin.py:190} INFO - [2024-12-02T11:03:06.342+0000] {dag.py:4180} INFO - Setting next_dagrun for tutorial to 2024-12-01 00:00:00+00:00, run_after=2024-12-02 00:00:00+00:00
[2024-12-02T11:03:06.382+0000] {processor.py:208} INFO - Processing /home/airflow/.local/lib/python3.12/site-packages/airflow/example_dags/tutorial.py took 0.105 seconds
[2024-12-02T11:03:36.436+0000] {processor.py:186} INFO - Started process (PID=729) to work on /home/airflow/.local/lib/python3.12/site-packages/airflow/example_dags/tutorial.py
[2024-12-02T11:03:36.438+0000] {processor.py:914} INFO - Processing file /home/airflow/.local/lib/python3.12/site-packages/airflow/example_dags/tutorial.py for tasks to queue
[2024-12-02T11:03:36.440+0000] {logging_mixin.py:190} INFO - [2024-12-02T11:03:36.440+0000] {dagbag.py:588} INFO - Filling up the DagBag from /home/airflow/.local/lib/python3.12/site-packages/airflow/example_dags/tutorial.py
[2024-12-02T11:03:36.446+0000] {processor.py:925} INFO - DAG(s) 'tutorial' retrieved from /home/airflow/.local/lib/python3.12/site-packages/airflow/example_dags/tutorial.py
[2024-12-02T11:03:36.462+0000] {logging_mixin.py:190} INFO - [2024-12-02T11:03:36.461+0000] {dag.py:3239} INFO - Sync 1 DAGs
[2024-12-02T11:03:36.478+0000] {logging_mixin.py:190} INFO - [2024-12-02T11:03:36.478+0000] {dag.py:4180} INFO - Setting next_dagrun for tutorial to 2024-12-01 00:00:00+00:00, run_after=2024-12-02 00:00:00+00:00
[2024-12-02T11:03:36.494+0000] {processor.py:208} INFO - Processing /home/airflow/.local/lib/python3.12/site-packages/airflow/example_dags/tutorial.py took 0.065 seconds
[2024-12-02T11:04:06.772+0000] {processor.py:186} INFO - Started process (PID=794) to work on /home/airflow/.local/lib/python3.12/site-packages/airflow/example_dags/tutorial.py
[2024-12-02T11:04:06.776+0000] {processor.py:914} INFO - Processing file /home/airflow/.local/lib/python3.12/site-packages/airflow/example_dags/tutorial.py for tasks to queue
[2024-12-02T11:04:06.781+0000] {logging_mixin.py:190} INFO - [2024-12-02T11:04:06.780+0000] {dagbag.py:588} INFO - Filling up the DagBag from /home/airflow/.local/lib/python3.12/site-packages/airflow/example_dags/tutorial.py
[2024-12-02T11:04:06.798+0000] {processor.py:925} INFO - DAG(s) 'tutorial' retrieved from /home/airflow/.local/lib/python3.12/site-packages/airflow/example_dags/tutorial.py
[2024-12-02T11:04:06.827+0000] {logging_mixin.py:190} INFO - [2024-12-02T11:04:06.827+0000] {dag.py:3239} INFO - Sync 1 DAGs
[2024-12-02T11:04:06.848+0000] {logging_mixin.py:190} INFO - [2024-12-02T11:04:06.848+0000] {dag.py:4180} INFO - Setting next_dagrun for tutorial to 2024-12-01 00:00:00+00:00, run_after=2024-12-02 00:00:00+00:00
[2024-12-02T11:04:06.891+0000] {processor.py:208} INFO - Processing /home/airflow/.local/lib/python3.12/site-packages/airflow/example_dags/tutorial.py took 0.127 seconds
[2024-12-02T11:04:37.303+0000] {processor.py:186} INFO - Started process (PID=858) to work on /home/airflow/.local/lib/python3.12/site-packages/airflow/example_dags/tutorial.py
[2024-12-02T11:04:37.306+0000] {processor.py:914} INFO - Processing file /home/airflow/.local/lib/python3.12/site-packages/airflow/example_dags/tutorial.py for tasks to queue
[2024-12-02T11:04:37.307+0000] {logging_mixin.py:190} INFO - [2024-12-02T11:04:37.307+0000] {dagbag.py:588} INFO - Filling up the DagBag from /home/airflow/.local/lib/python3.12/site-packages/airflow/example_dags/tutorial.py
[2024-12-02T11:04:37.312+0000] {processor.py:925} INFO - DAG(s) 'tutorial' retrieved from /home/airflow/.local/lib/python3.12/site-packages/airflow/example_dags/tutorial.py
[2024-12-02T11:04:37.328+0000] {logging_mixin.py:190} INFO - [2024-12-02T11:04:37.328+0000] {dag.py:3239} INFO - Sync 1 DAGs
[2024-12-02T11:04:37.344+0000] {logging_mixin.py:190} INFO - [2024-12-02T11:04:37.344+0000] {dag.py:4180} INFO - Setting next_dagrun for tutorial to 2024-12-01 00:00:00+00:00, run_after=2024-12-02 00:00:00+00:00
[2024-12-02T11:04:37.361+0000] {processor.py:208} INFO - Processing /home/airflow/.local/lib/python3.12/site-packages/airflow/example_dags/tutorial.py took 0.062 seconds
[2024-12-02T11:05:07.845+0000] {processor.py:186} INFO - Started process (PID=922) to work on /home/airflow/.local/lib/python3.12/site-packages/airflow/example_dags/tutorial.py
[2024-12-02T11:05:07.845+0000] {processor.py:914} INFO - Processing file /home/airflow/.local/lib/python3.12/site-packages/airflow/example_dags/tutorial.py for tasks to queue
[2024-12-02T11:05:07.847+0000] {logging_mixin.py:190} INFO - [2024-12-02T11:05:07.847+0000] {dagbag.py:588} INFO - Filling up the DagBag from /home/airflow/.local/lib/python3.12/site-packages/airflow/example_dags/tutorial.py
[2024-12-02T11:05:07.853+0000] {processor.py:925} INFO - DAG(s) 'tutorial' retrieved from /home/airflow/.local/lib/python3.12/site-packages/airflow/example_dags/tutorial.py
[2024-12-02T11:05:07.872+0000] {logging_mixin.py:190} INFO - [2024-12-02T11:05:07.872+0000] {dag.py:3239} INFO - Sync 1 DAGs
[2024-12-02T11:05:07.891+0000] {logging_mixin.py:190} INFO - [2024-12-02T11:05:07.891+0000] {dag.py:4180} INFO - Setting next_dagrun for tutorial to 2024-12-01 00:00:00+00:00, run_after=2024-12-02 00:00:00+00:00
[2024-12-02T11:05:07.975+0000] {processor.py:208} INFO - Processing /home/airflow/.local/lib/python3.12/site-packages/airflow/example_dags/tutorial.py took 0.135 seconds
[2024-12-02T11:05:38.636+0000] {processor.py:186} INFO - Started process (PID=986) to work on /home/airflow/.local/lib/python3.12/site-packages/airflow/example_dags/tutorial.py
[2024-12-02T11:05:38.638+0000] {processor.py:914} INFO - Processing file /home/airflow/.local/lib/python3.12/site-packages/airflow/example_dags/tutorial.py for tasks to queue
[2024-12-02T11:05:38.640+0000] {logging_mixin.py:190} INFO - [2024-12-02T11:05:38.640+0000] {dagbag.py:588} INFO - Filling up the DagBag from /home/airflow/.local/lib/python3.12/site-packages/airflow/example_dags/tutorial.py
[2024-12-02T11:05:38.647+0000] {processor.py:925} INFO - DAG(s) 'tutorial' retrieved from /home/airflow/.local/lib/python3.12/site-packages/airflow/example_dags/tutorial.py
[2024-12-02T11:05:38.663+0000] {logging_mixin.py:190} INFO - [2024-12-02T11:05:38.663+0000] {dag.py:3239} INFO - Sync 1 DAGs
[2024-12-02T11:05:38.681+0000] {logging_mixin.py:190} INFO - [2024-12-02T11:05:38.680+0000] {dag.py:4180} INFO - Setting next_dagrun for tutorial to 2024-12-01 00:00:00+00:00, run_after=2024-12-02 00:00:00+00:00
[2024-12-02T11:05:38.696+0000] {processor.py:208} INFO - Processing /home/airflow/.local/lib/python3.12/site-packages/airflow/example_dags/tutorial.py took 0.065 seconds
[2024-12-02T11:06:11.236+0000] {processor.py:186} INFO - Started process (PID=1051) to work on /home/airflow/.local/lib/python3.12/site-packages/airflow/example_dags/tutorial.py
[2024-12-02T11:06:11.237+0000] {processor.py:914} INFO - Processing file /home/airflow/.local/lib/python3.12/site-packages/airflow/example_dags/tutorial.py for tasks to queue
[2024-12-02T11:06:11.249+0000] {logging_mixin.py:190} INFO - [2024-12-02T11:06:11.248+0000] {dagbag.py:588} INFO - Filling up the DagBag from /home/airflow/.local/lib/python3.12/site-packages/airflow/example_dags/tutorial.py
[2024-12-02T11:06:11.254+0000] {processor.py:925} INFO - DAG(s) 'tutorial' retrieved from /home/airflow/.local/lib/python3.12/site-packages/airflow/example_dags/tutorial.py
[2024-12-02T11:06:11.284+0000] {logging_mixin.py:190} INFO - [2024-12-02T11:06:11.284+0000] {dag.py:3239} INFO - Sync 1 DAGs
[2024-12-02T11:06:11.314+0000] {logging_mixin.py:190} INFO - [2024-12-02T11:06:11.314+0000] {dag.py:4180} INFO - Setting next_dagrun for tutorial to 2024-12-01 00:00:00+00:00, run_after=2024-12-02 00:00:00+00:00
[2024-12-02T11:06:11.340+0000] {processor.py:208} INFO - Processing /home/airflow/.local/lib/python3.12/site-packages/airflow/example_dags/tutorial.py took 0.108 seconds
[2024-12-02T11:06:41.539+0000] {processor.py:186} INFO - Started process (PID=1114) to work on /home/airflow/.local/lib/python3.12/site-packages/airflow/example_dags/tutorial.py
[2024-12-02T11:06:41.541+0000] {processor.py:914} INFO - Processing file /home/airflow/.local/lib/python3.12/site-packages/airflow/example_dags/tutorial.py for tasks to queue
[2024-12-02T11:06:41.544+0000] {logging_mixin.py:190} INFO - [2024-12-02T11:06:41.544+0000] {dagbag.py:588} INFO - Filling up the DagBag from /home/airflow/.local/lib/python3.12/site-packages/airflow/example_dags/tutorial.py
[2024-12-02T11:06:41.551+0000] {processor.py:925} INFO - DAG(s) 'tutorial' retrieved from /home/airflow/.local/lib/python3.12/site-packages/airflow/example_dags/tutorial.py
[2024-12-02T11:06:41.566+0000] {logging_mixin.py:190} INFO - [2024-12-02T11:06:41.566+0000] {dag.py:3239} INFO - Sync 1 DAGs
[2024-12-02T11:06:41.586+0000] {logging_mixin.py:190} INFO - [2024-12-02T11:06:41.586+0000] {dag.py:4180} INFO - Setting next_dagrun for tutorial to 2024-12-01 00:00:00+00:00, run_after=2024-12-02 00:00:00+00:00
[2024-12-02T11:06:41.613+0000] {processor.py:208} INFO - Processing /home/airflow/.local/lib/python3.12/site-packages/airflow/example_dags/tutorial.py took 0.078 seconds
[2024-12-02T11:07:12.217+0000] {processor.py:186} INFO - Started process (PID=1178) to work on /home/airflow/.local/lib/python3.12/site-packages/airflow/example_dags/tutorial.py
[2024-12-02T11:07:12.219+0000] {processor.py:914} INFO - Processing file /home/airflow/.local/lib/python3.12/site-packages/airflow/example_dags/tutorial.py for tasks to queue
[2024-12-02T11:07:12.221+0000] {logging_mixin.py:190} INFO - [2024-12-02T11:07:12.220+0000] {dagbag.py:588} INFO - Filling up the DagBag from /home/airflow/.local/lib/python3.12/site-packages/airflow/example_dags/tutorial.py
[2024-12-02T11:07:12.226+0000] {processor.py:925} INFO - DAG(s) 'tutorial' retrieved from /home/airflow/.local/lib/python3.12/site-packages/airflow/example_dags/tutorial.py
[2024-12-02T11:07:12.240+0000] {logging_mixin.py:190} INFO - [2024-12-02T11:07:12.240+0000] {dag.py:3239} INFO - Sync 1 DAGs
[2024-12-02T11:07:12.260+0000] {logging_mixin.py:190} INFO - [2024-12-02T11:07:12.260+0000] {dag.py:4180} INFO - Setting next_dagrun for tutorial to 2024-12-01 00:00:00+00:00, run_after=2024-12-02 00:00:00+00:00
[2024-12-02T11:07:12.276+0000] {processor.py:208} INFO - Processing /home/airflow/.local/lib/python3.12/site-packages/airflow/example_dags/tutorial.py took 0.063 seconds
[2024-12-02T11:07:42.806+0000] {processor.py:186} INFO - Started process (PID=1236) to work on /home/airflow/.local/lib/python3.12/site-packages/airflow/example_dags/tutorial.py
[2024-12-02T11:07:42.806+0000] {processor.py:914} INFO - Processing file /home/airflow/.local/lib/python3.12/site-packages/airflow/example_dags/tutorial.py for tasks to queue
[2024-12-02T11:07:42.808+0000] {logging_mixin.py:190} INFO - [2024-12-02T11:07:42.808+0000] {dagbag.py:588} INFO - Filling up the DagBag from /home/airflow/.local/lib/python3.12/site-packages/airflow/example_dags/tutorial.py
[2024-12-02T11:07:42.815+0000] {processor.py:925} INFO - DAG(s) 'tutorial' retrieved from /home/airflow/.local/lib/python3.12/site-packages/airflow/example_dags/tutorial.py
[2024-12-02T11:07:42.857+0000] {logging_mixin.py:190} INFO - [2024-12-02T11:07:42.857+0000] {dag.py:3239} INFO - Sync 1 DAGs
[2024-12-02T11:07:42.903+0000] {logging_mixin.py:190} INFO - [2024-12-02T11:07:42.903+0000] {dag.py:4180} INFO - Setting next_dagrun for tutorial to 2024-12-01 00:00:00+00:00, run_after=2024-12-02 00:00:00+00:00
[2024-12-02T11:07:42.952+0000] {processor.py:208} INFO - Processing /home/airflow/.local/lib/python3.12/site-packages/airflow/example_dags/tutorial.py took 0.151 seconds
[2024-12-02T11:08:13.864+0000] {processor.py:186} INFO - Started process (PID=1281) to work on /home/airflow/.local/lib/python3.12/site-packages/airflow/example_dags/tutorial.py
[2024-12-02T11:08:13.866+0000] {processor.py:914} INFO - Processing file /home/airflow/.local/lib/python3.12/site-packages/airflow/example_dags/tutorial.py for tasks to queue
[2024-12-02T11:08:13.869+0000] {logging_mixin.py:190} INFO - [2024-12-02T11:08:13.868+0000] {dagbag.py:588} INFO - Filling up the DagBag from /home/airflow/.local/lib/python3.12/site-packages/airflow/example_dags/tutorial.py
[2024-12-02T11:08:13.876+0000] {processor.py:925} INFO - DAG(s) 'tutorial' retrieved from /home/airflow/.local/lib/python3.12/site-packages/airflow/example_dags/tutorial.py
[2024-12-02T11:08:13.892+0000] {logging_mixin.py:190} INFO - [2024-12-02T11:08:13.892+0000] {dag.py:3239} INFO - Sync 1 DAGs
[2024-12-02T11:08:13.915+0000] {logging_mixin.py:190} INFO - [2024-12-02T11:08:13.915+0000] {dag.py:4180} INFO - Setting next_dagrun for tutorial to 2024-12-01 00:00:00+00:00, run_after=2024-12-02 00:00:00+00:00
[2024-12-02T11:08:13.933+0000] {processor.py:208} INFO - Processing /home/airflow/.local/lib/python3.12/site-packages/airflow/example_dags/tutorial.py took 0.073 seconds
[2024-12-02T11:08:44.630+0000] {processor.py:186} INFO - Started process (PID=1345) to work on /home/airflow/.local/lib/python3.12/site-packages/airflow/example_dags/tutorial.py
[2024-12-02T11:08:44.631+0000] {processor.py:914} INFO - Processing file /home/airflow/.local/lib/python3.12/site-packages/airflow/example_dags/tutorial.py for tasks to queue
[2024-12-02T11:08:44.633+0000] {logging_mixin.py:190} INFO - [2024-12-02T11:08:44.632+0000] {dagbag.py:588} INFO - Filling up the DagBag from /home/airflow/.local/lib/python3.12/site-packages/airflow/example_dags/tutorial.py
[2024-12-02T11:08:44.639+0000] {processor.py:925} INFO - DAG(s) 'tutorial' retrieved from /home/airflow/.local/lib/python3.12/site-packages/airflow/example_dags/tutorial.py
[2024-12-02T11:08:44.652+0000] {logging_mixin.py:190} INFO - [2024-12-02T11:08:44.652+0000] {dag.py:3239} INFO - Sync 1 DAGs
[2024-12-02T11:08:44.669+0000] {logging_mixin.py:190} INFO - [2024-12-02T11:08:44.669+0000] {dag.py:4180} INFO - Setting next_dagrun for tutorial to 2024-12-01 00:00:00+00:00, run_after=2024-12-02 00:00:00+00:00
[2024-12-02T11:08:44.682+0000] {processor.py:208} INFO - Processing /home/airflow/.local/lib/python3.12/site-packages/airflow/example_dags/tutorial.py took 0.057 seconds
[2024-12-02T11:09:15.489+0000] {processor.py:186} INFO - Started process (PID=1409) to work on /home/airflow/.local/lib/python3.12/site-packages/airflow/example_dags/tutorial.py
[2024-12-02T11:09:15.491+0000] {processor.py:914} INFO - Processing file /home/airflow/.local/lib/python3.12/site-packages/airflow/example_dags/tutorial.py for tasks to queue
[2024-12-02T11:09:15.493+0000] {logging_mixin.py:190} INFO - [2024-12-02T11:09:15.492+0000] {dagbag.py:588} INFO - Filling up the DagBag from /home/airflow/.local/lib/python3.12/site-packages/airflow/example_dags/tutorial.py
[2024-12-02T11:09:15.499+0000] {processor.py:925} INFO - DAG(s) 'tutorial' retrieved from /home/airflow/.local/lib/python3.12/site-packages/airflow/example_dags/tutorial.py
[2024-12-02T11:09:15.515+0000] {logging_mixin.py:190} INFO - [2024-12-02T11:09:15.514+0000] {dag.py:3239} INFO - Sync 1 DAGs
[2024-12-02T11:09:15.533+0000] {logging_mixin.py:190} INFO - [2024-12-02T11:09:15.533+0000] {dag.py:4180} INFO - Setting next_dagrun for tutorial to 2024-12-01 00:00:00+00:00, run_after=2024-12-02 00:00:00+00:00
[2024-12-02T11:09:15.548+0000] {processor.py:208} INFO - Processing /home/airflow/.local/lib/python3.12/site-packages/airflow/example_dags/tutorial.py took 0.063 seconds
[2024-12-02T11:09:46.934+0000] {processor.py:186} INFO - Started process (PID=1473) to work on /home/airflow/.local/lib/python3.12/site-packages/airflow/example_dags/tutorial.py
[2024-12-02T11:09:46.935+0000] {processor.py:914} INFO - Processing file /home/airflow/.local/lib/python3.12/site-packages/airflow/example_dags/tutorial.py for tasks to queue
[2024-12-02T11:09:46.936+0000] {logging_mixin.py:190} INFO - [2024-12-02T11:09:46.936+0000] {dagbag.py:588} INFO - Filling up the DagBag from /home/airflow/.local/lib/python3.12/site-packages/airflow/example_dags/tutorial.py
[2024-12-02T11:09:46.942+0000] {processor.py:925} INFO - DAG(s) 'tutorial' retrieved from /home/airflow/.local/lib/python3.12/site-packages/airflow/example_dags/tutorial.py
[2024-12-02T11:09:46.954+0000] {logging_mixin.py:190} INFO - [2024-12-02T11:09:46.954+0000] {dag.py:3239} INFO - Sync 1 DAGs
[2024-12-02T11:09:46.970+0000] {logging_mixin.py:190} INFO - [2024-12-02T11:09:46.970+0000] {dag.py:4180} INFO - Setting next_dagrun for tutorial to 2024-12-01 00:00:00+00:00, run_after=2024-12-02 00:00:00+00:00
[2024-12-02T11:09:46.983+0000] {processor.py:208} INFO - Processing /home/airflow/.local/lib/python3.12/site-packages/airflow/example_dags/tutorial.py took 0.053 seconds
[2024-12-02T11:10:18.697+0000] {processor.py:186} INFO - Started process (PID=1536) to work on /home/airflow/.local/lib/python3.12/site-packages/airflow/example_dags/tutorial.py
[2024-12-02T11:10:18.704+0000] {processor.py:914} INFO - Processing file /home/airflow/.local/lib/python3.12/site-packages/airflow/example_dags/tutorial.py for tasks to queue
[2024-12-02T11:10:18.717+0000] {logging_mixin.py:190} INFO - [2024-12-02T11:10:18.717+0000] {dagbag.py:588} INFO - Filling up the DagBag from /home/airflow/.local/lib/python3.12/site-packages/airflow/example_dags/tutorial.py
[2024-12-02T11:10:18.723+0000] {processor.py:925} INFO - DAG(s) 'tutorial' retrieved from /home/airflow/.local/lib/python3.12/site-packages/airflow/example_dags/tutorial.py
[2024-12-02T11:10:18.736+0000] {logging_mixin.py:190} INFO - [2024-12-02T11:10:18.736+0000] {dag.py:3239} INFO - Sync 1 DAGs
[2024-12-02T11:10:18.753+0000] {logging_mixin.py:190} INFO - [2024-12-02T11:10:18.752+0000] {dag.py:4180} INFO - Setting next_dagrun for tutorial to 2024-12-01 00:00:00+00:00, run_after=2024-12-02 00:00:00+00:00
[2024-12-02T11:10:18.772+0000] {processor.py:208} INFO - Processing /home/airflow/.local/lib/python3.12/site-packages/airflow/example_dags/tutorial.py took 0.079 seconds
[2024-12-02T11:10:49.688+0000] {processor.py:186} INFO - Started process (PID=1600) to work on /home/airflow/.local/lib/python3.12/site-packages/airflow/example_dags/tutorial.py
[2024-12-02T11:10:49.689+0000] {processor.py:914} INFO - Processing file /home/airflow/.local/lib/python3.12/site-packages/airflow/example_dags/tutorial.py for tasks to queue
[2024-12-02T11:10:49.691+0000] {logging_mixin.py:190} INFO - [2024-12-02T11:10:49.690+0000] {dagbag.py:588} INFO - Filling up the DagBag from /home/airflow/.local/lib/python3.12/site-packages/airflow/example_dags/tutorial.py
[2024-12-02T11:10:49.699+0000] {processor.py:925} INFO - DAG(s) 'tutorial' retrieved from /home/airflow/.local/lib/python3.12/site-packages/airflow/example_dags/tutorial.py
[2024-12-02T11:10:49.711+0000] {logging_mixin.py:190} INFO - [2024-12-02T11:10:49.711+0000] {dag.py:3239} INFO - Sync 1 DAGs
[2024-12-02T11:10:49.728+0000] {logging_mixin.py:190} INFO - [2024-12-02T11:10:49.728+0000] {dag.py:4180} INFO - Setting next_dagrun for tutorial to 2024-12-01 00:00:00+00:00, run_after=2024-12-02 00:00:00+00:00
[2024-12-02T11:10:49.747+0000] {processor.py:208} INFO - Processing /home/airflow/.local/lib/python3.12/site-packages/airflow/example_dags/tutorial.py took 0.063 seconds
[2024-12-02T11:11:21.606+0000] {processor.py:186} INFO - Started process (PID=1664) to work on /home/airflow/.local/lib/python3.12/site-packages/airflow/example_dags/tutorial.py
[2024-12-02T11:11:21.609+0000] {processor.py:914} INFO - Processing file /home/airflow/.local/lib/python3.12/site-packages/airflow/example_dags/tutorial.py for tasks to queue
[2024-12-02T11:11:21.614+0000] {logging_mixin.py:190} INFO - [2024-12-02T11:11:21.613+0000] {dagbag.py:588} INFO - Filling up the DagBag from /home/airflow/.local/lib/python3.12/site-packages/airflow/example_dags/tutorial.py
[2024-12-02T11:11:21.625+0000] {processor.py:925} INFO - DAG(s) 'tutorial' retrieved from /home/airflow/.local/lib/python3.12/site-packages/airflow/example_dags/tutorial.py
[2024-12-02T11:11:21.660+0000] {logging_mixin.py:190} INFO - [2024-12-02T11:11:21.659+0000] {dag.py:3239} INFO - Sync 1 DAGs
[2024-12-02T11:11:21.699+0000] {logging_mixin.py:190} INFO - [2024-12-02T11:11:21.699+0000] {dag.py:4180} INFO - Setting next_dagrun for tutorial to 2024-12-01 00:00:00+00:00, run_after=2024-12-02 00:00:00+00:00
[2024-12-02T11:11:21.723+0000] {processor.py:208} INFO - Processing /home/airflow/.local/lib/python3.12/site-packages/airflow/example_dags/tutorial.py took 0.123 seconds
[2024-12-02T11:11:52.768+0000] {processor.py:186} INFO - Started process (PID=1729) to work on /home/airflow/.local/lib/python3.12/site-packages/airflow/example_dags/tutorial.py
[2024-12-02T11:11:52.768+0000] {processor.py:914} INFO - Processing file /home/airflow/.local/lib/python3.12/site-packages/airflow/example_dags/tutorial.py for tasks to queue
[2024-12-02T11:11:52.770+0000] {logging_mixin.py:190} INFO - [2024-12-02T11:11:52.770+0000] {dagbag.py:588} INFO - Filling up the DagBag from /home/airflow/.local/lib/python3.12/site-packages/airflow/example_dags/tutorial.py
[2024-12-02T11:11:52.776+0000] {processor.py:925} INFO - DAG(s) 'tutorial' retrieved from /home/airflow/.local/lib/python3.12/site-packages/airflow/example_dags/tutorial.py
[2024-12-02T11:11:52.790+0000] {logging_mixin.py:190} INFO - [2024-12-02T11:11:52.790+0000] {dag.py:3239} INFO - Sync 1 DAGs
[2024-12-02T11:11:52.806+0000] {logging_mixin.py:190} INFO - [2024-12-02T11:11:52.806+0000] {dag.py:4180} INFO - Setting next_dagrun for tutorial to 2024-12-01 00:00:00+00:00, run_after=2024-12-02 00:00:00+00:00
[2024-12-02T11:11:52.821+0000] {processor.py:208} INFO - Processing /home/airflow/.local/lib/python3.12/site-packages/airflow/example_dags/tutorial.py took 0.058 seconds
[2024-12-02T11:12:23.231+0000] {processor.py:186} INFO - Started process (PID=1793) to work on /home/airflow/.local/lib/python3.12/site-packages/airflow/example_dags/tutorial.py
[2024-12-02T11:12:23.233+0000] {processor.py:914} INFO - Processing file /home/airflow/.local/lib/python3.12/site-packages/airflow/example_dags/tutorial.py for tasks to queue
[2024-12-02T11:12:23.235+0000] {logging_mixin.py:190} INFO - [2024-12-02T11:12:23.235+0000] {dagbag.py:588} INFO - Filling up the DagBag from /home/airflow/.local/lib/python3.12/site-packages/airflow/example_dags/tutorial.py
[2024-12-02T11:12:23.242+0000] {processor.py:925} INFO - DAG(s) 'tutorial' retrieved from /home/airflow/.local/lib/python3.12/site-packages/airflow/example_dags/tutorial.py
[2024-12-02T11:12:23.255+0000] {logging_mixin.py:190} INFO - [2024-12-02T11:12:23.254+0000] {dag.py:3239} INFO - Sync 1 DAGs
[2024-12-02T11:12:23.274+0000] {logging_mixin.py:190} INFO - [2024-12-02T11:12:23.271+0000] {dag.py:4180} INFO - Setting next_dagrun for tutorial to 2024-12-01 00:00:00+00:00, run_after=2024-12-02 00:00:00+00:00
[2024-12-02T11:12:23.298+0000] {processor.py:208} INFO - Processing /home/airflow/.local/lib/python3.12/site-packages/airflow/example_dags/tutorial.py took 0.071 seconds
[2024-12-02T11:12:55.636+0000] {processor.py:186} INFO - Started process (PID=1857) to work on /home/airflow/.local/lib/python3.12/site-packages/airflow/example_dags/tutorial.py
[2024-12-02T11:12:55.639+0000] {processor.py:914} INFO - Processing file /home/airflow/.local/lib/python3.12/site-packages/airflow/example_dags/tutorial.py for tasks to queue
[2024-12-02T11:12:55.641+0000] {logging_mixin.py:190} INFO - [2024-12-02T11:12:55.641+0000] {dagbag.py:588} INFO - Filling up the DagBag from /home/airflow/.local/lib/python3.12/site-packages/airflow/example_dags/tutorial.py
[2024-12-02T11:12:55.647+0000] {processor.py:925} INFO - DAG(s) 'tutorial' retrieved from /home/airflow/.local/lib/python3.12/site-packages/airflow/example_dags/tutorial.py
[2024-12-02T11:12:55.662+0000] {logging_mixin.py:190} INFO - [2024-12-02T11:12:55.662+0000] {dag.py:3239} INFO - Sync 1 DAGs
[2024-12-02T11:12:55.682+0000] {logging_mixin.py:190} INFO - [2024-12-02T11:12:55.682+0000] {dag.py:4180} INFO - Setting next_dagrun for tutorial to 2024-12-01 00:00:00+00:00, run_after=2024-12-02 00:00:00+00:00
[2024-12-02T11:12:55.701+0000] {processor.py:208} INFO - Processing /home/airflow/.local/lib/python3.12/site-packages/airflow/example_dags/tutorial.py took 0.070 seconds
[2024-12-02T11:13:26.452+0000] {processor.py:186} INFO - Started process (PID=1922) to work on /home/airflow/.local/lib/python3.12/site-packages/airflow/example_dags/tutorial.py
[2024-12-02T11:13:26.455+0000] {processor.py:914} INFO - Processing file /home/airflow/.local/lib/python3.12/site-packages/airflow/example_dags/tutorial.py for tasks to queue
[2024-12-02T11:13:26.456+0000] {logging_mixin.py:190} INFO - [2024-12-02T11:13:26.456+0000] {dagbag.py:588} INFO - Filling up the DagBag from /home/airflow/.local/lib/python3.12/site-packages/airflow/example_dags/tutorial.py
[2024-12-02T11:13:26.462+0000] {processor.py:925} INFO - DAG(s) 'tutorial' retrieved from /home/airflow/.local/lib/python3.12/site-packages/airflow/example_dags/tutorial.py
[2024-12-02T11:13:26.475+0000] {logging_mixin.py:190} INFO - [2024-12-02T11:13:26.475+0000] {dag.py:3239} INFO - Sync 1 DAGs
[2024-12-02T11:13:26.496+0000] {logging_mixin.py:190} INFO - [2024-12-02T11:13:26.496+0000] {dag.py:4180} INFO - Setting next_dagrun for tutorial to 2024-12-01 00:00:00+00:00, run_after=2024-12-02 00:00:00+00:00
[2024-12-02T11:13:26.509+0000] {processor.py:208} INFO - Processing /home/airflow/.local/lib/python3.12/site-packages/airflow/example_dags/tutorial.py took 0.061 seconds
[2024-12-02T11:13:57.540+0000] {processor.py:186} INFO - Started process (PID=1988) to work on /home/airflow/.local/lib/python3.12/site-packages/airflow/example_dags/tutorial.py
[2024-12-02T11:13:57.540+0000] {processor.py:914} INFO - Processing file /home/airflow/.local/lib/python3.12/site-packages/airflow/example_dags/tutorial.py for tasks to queue
[2024-12-02T11:13:57.542+0000] {logging_mixin.py:190} INFO - [2024-12-02T11:13:57.542+0000] {dagbag.py:588} INFO - Filling up the DagBag from /home/airflow/.local/lib/python3.12/site-packages/airflow/example_dags/tutorial.py
[2024-12-02T11:13:57.549+0000] {processor.py:925} INFO - DAG(s) 'tutorial' retrieved from /home/airflow/.local/lib/python3.12/site-packages/airflow/example_dags/tutorial.py
[2024-12-02T11:13:57.564+0000] {logging_mixin.py:190} INFO - [2024-12-02T11:13:57.564+0000] {dag.py:3239} INFO - Sync 1 DAGs
[2024-12-02T11:13:57.592+0000] {logging_mixin.py:190} INFO - [2024-12-02T11:13:57.592+0000] {dag.py:4180} INFO - Setting next_dagrun for tutorial to 2024-12-01 00:00:00+00:00, run_after=2024-12-02 00:00:00+00:00
[2024-12-02T11:13:57.609+0000] {processor.py:208} INFO - Processing /home/airflow/.local/lib/python3.12/site-packages/airflow/example_dags/tutorial.py took 0.074 seconds
[2024-12-02T11:14:28.916+0000] {processor.py:186} INFO - Started process (PID=2053) to work on /home/airflow/.local/lib/python3.12/site-packages/airflow/example_dags/tutorial.py
[2024-12-02T11:14:28.918+0000] {processor.py:914} INFO - Processing file /home/airflow/.local/lib/python3.12/site-packages/airflow/example_dags/tutorial.py for tasks to queue
[2024-12-02T11:14:28.920+0000] {logging_mixin.py:190} INFO - [2024-12-02T11:14:28.920+0000] {dagbag.py:588} INFO - Filling up the DagBag from /home/airflow/.local/lib/python3.12/site-packages/airflow/example_dags/tutorial.py
[2024-12-02T11:14:28.928+0000] {processor.py:925} INFO - DAG(s) 'tutorial' retrieved from /home/airflow/.local/lib/python3.12/site-packages/airflow/example_dags/tutorial.py
[2024-12-02T11:14:28.945+0000] {logging_mixin.py:190} INFO - [2024-12-02T11:14:28.945+0000] {dag.py:3239} INFO - Sync 1 DAGs
[2024-12-02T11:14:28.962+0000] {logging_mixin.py:190} INFO - [2024-12-02T11:14:28.962+0000] {dag.py:4180} INFO - Setting next_dagrun for tutorial to 2024-12-01 00:00:00+00:00, run_after=2024-12-02 00:00:00+00:00
[2024-12-02T11:14:28.978+0000] {processor.py:208} INFO - Processing /home/airflow/.local/lib/python3.12/site-packages/airflow/example_dags/tutorial.py took 0.066 seconds
[2024-12-02T11:15:01.478+0000] {processor.py:186} INFO - Started process (PID=2118) to work on /home/airflow/.local/lib/python3.12/site-packages/airflow/example_dags/tutorial.py
[2024-12-02T11:15:01.504+0000] {processor.py:914} INFO - Processing file /home/airflow/.local/lib/python3.12/site-packages/airflow/example_dags/tutorial.py for tasks to queue
[2024-12-02T11:15:01.512+0000] {logging_mixin.py:190} INFO - [2024-12-02T11:15:01.511+0000] {dagbag.py:588} INFO - Filling up the DagBag from /home/airflow/.local/lib/python3.12/site-packages/airflow/example_dags/tutorial.py
[2024-12-02T11:15:01.551+0000] {processor.py:925} INFO - DAG(s) 'tutorial' retrieved from /home/airflow/.local/lib/python3.12/site-packages/airflow/example_dags/tutorial.py
[2024-12-02T11:15:01.648+0000] {logging_mixin.py:190} INFO - [2024-12-02T11:15:01.648+0000] {dag.py:3239} INFO - Sync 1 DAGs
[2024-12-02T11:15:01.703+0000] {logging_mixin.py:190} INFO - [2024-12-02T11:15:01.703+0000] {dag.py:4180} INFO - Setting next_dagrun for tutorial to 2024-12-01 00:00:00+00:00, run_after=2024-12-02 00:00:00+00:00
[2024-12-02T11:15:01.753+0000] {processor.py:208} INFO - Processing /home/airflow/.local/lib/python3.12/site-packages/airflow/example_dags/tutorial.py took 0.329 seconds
[2024-12-02T11:15:32.038+0000] {processor.py:186} INFO - Started process (PID=2183) to work on /home/airflow/.local/lib/python3.12/site-packages/airflow/example_dags/tutorial.py
[2024-12-02T11:15:32.040+0000] {processor.py:914} INFO - Processing file /home/airflow/.local/lib/python3.12/site-packages/airflow/example_dags/tutorial.py for tasks to queue
[2024-12-02T11:15:32.042+0000] {logging_mixin.py:190} INFO - [2024-12-02T11:15:32.042+0000] {dagbag.py:588} INFO - Filling up the DagBag from /home/airflow/.local/lib/python3.12/site-packages/airflow/example_dags/tutorial.py
[2024-12-02T11:15:32.048+0000] {processor.py:925} INFO - DAG(s) 'tutorial' retrieved from /home/airflow/.local/lib/python3.12/site-packages/airflow/example_dags/tutorial.py
[2024-12-02T11:15:32.061+0000] {logging_mixin.py:190} INFO - [2024-12-02T11:15:32.060+0000] {dag.py:3239} INFO - Sync 1 DAGs
[2024-12-02T11:15:32.077+0000] {logging_mixin.py:190} INFO - [2024-12-02T11:15:32.076+0000] {dag.py:4180} INFO - Setting next_dagrun for tutorial to 2024-12-01 00:00:00+00:00, run_after=2024-12-02 00:00:00+00:00
[2024-12-02T11:15:32.090+0000] {processor.py:208} INFO - Processing /home/airflow/.local/lib/python3.12/site-packages/airflow/example_dags/tutorial.py took 0.056 seconds
[2024-12-02T11:16:02.385+0000] {processor.py:186} INFO - Started process (PID=2248) to work on /home/airflow/.local/lib/python3.12/site-packages/airflow/example_dags/tutorial.py
[2024-12-02T11:16:02.386+0000] {processor.py:914} INFO - Processing file /home/airflow/.local/lib/python3.12/site-packages/airflow/example_dags/tutorial.py for tasks to queue
[2024-12-02T11:16:02.386+0000] {logging_mixin.py:190} INFO - [2024-12-02T11:16:02.386+0000] {dagbag.py:588} INFO - Filling up the DagBag from /home/airflow/.local/lib/python3.12/site-packages/airflow/example_dags/tutorial.py
[2024-12-02T11:16:02.392+0000] {processor.py:925} INFO - DAG(s) 'tutorial' retrieved from /home/airflow/.local/lib/python3.12/site-packages/airflow/example_dags/tutorial.py
[2024-12-02T11:16:02.406+0000] {logging_mixin.py:190} INFO - [2024-12-02T11:16:02.406+0000] {dag.py:3239} INFO - Sync 1 DAGs
[2024-12-02T11:16:02.421+0000] {logging_mixin.py:190} INFO - [2024-12-02T11:16:02.421+0000] {dag.py:4180} INFO - Setting next_dagrun for tutorial to 2024-12-01 00:00:00+00:00, run_after=2024-12-02 00:00:00+00:00
[2024-12-02T11:16:02.434+0000] {processor.py:208} INFO - Processing /home/airflow/.local/lib/python3.12/site-packages/airflow/example_dags/tutorial.py took 0.053 seconds
[2024-12-02T11:16:32.658+0000] {processor.py:186} INFO - Started process (PID=2311) to work on /home/airflow/.local/lib/python3.12/site-packages/airflow/example_dags/tutorial.py
[2024-12-02T11:16:32.670+0000] {processor.py:914} INFO - Processing file /home/airflow/.local/lib/python3.12/site-packages/airflow/example_dags/tutorial.py for tasks to queue
[2024-12-02T11:16:32.671+0000] {logging_mixin.py:190} INFO - [2024-12-02T11:16:32.671+0000] {dagbag.py:588} INFO - Filling up the DagBag from /home/airflow/.local/lib/python3.12/site-packages/airflow/example_dags/tutorial.py
[2024-12-02T11:16:32.680+0000] {processor.py:925} INFO - DAG(s) 'tutorial' retrieved from /home/airflow/.local/lib/python3.12/site-packages/airflow/example_dags/tutorial.py
[2024-12-02T11:16:32.706+0000] {logging_mixin.py:190} INFO - [2024-12-02T11:16:32.706+0000] {dag.py:3239} INFO - Sync 1 DAGs
[2024-12-02T11:16:32.725+0000] {logging_mixin.py:190} INFO - [2024-12-02T11:16:32.725+0000] {dag.py:4180} INFO - Setting next_dagrun for tutorial to 2024-12-01 00:00:00+00:00, run_after=2024-12-02 00:00:00+00:00
[2024-12-02T11:16:32.738+0000] {processor.py:208} INFO - Processing /home/airflow/.local/lib/python3.12/site-packages/airflow/example_dags/tutorial.py took 0.086 seconds
[2024-12-02T11:17:03.218+0000] {processor.py:186} INFO - Started process (PID=2369) to work on /home/airflow/.local/lib/python3.12/site-packages/airflow/example_dags/tutorial.py
[2024-12-02T11:17:03.219+0000] {processor.py:914} INFO - Processing file /home/airflow/.local/lib/python3.12/site-packages/airflow/example_dags/tutorial.py for tasks to queue
[2024-12-02T11:17:03.220+0000] {logging_mixin.py:190} INFO - [2024-12-02T11:17:03.220+0000] {dagbag.py:588} INFO - Filling up the DagBag from /home/airflow/.local/lib/python3.12/site-packages/airflow/example_dags/tutorial.py
[2024-12-02T11:17:03.235+0000] {processor.py:925} INFO - DAG(s) 'tutorial' retrieved from /home/airflow/.local/lib/python3.12/site-packages/airflow/example_dags/tutorial.py
[2024-12-02T11:17:03.251+0000] {logging_mixin.py:190} INFO - [2024-12-02T11:17:03.250+0000] {dag.py:3239} INFO - Sync 1 DAGs
[2024-12-02T11:17:03.272+0000] {logging_mixin.py:190} INFO - [2024-12-02T11:17:03.272+0000] {dag.py:4180} INFO - Setting next_dagrun for tutorial to 2024-12-01 00:00:00+00:00, run_after=2024-12-02 00:00:00+00:00
[2024-12-02T11:17:03.285+0000] {processor.py:208} INFO - Processing /home/airflow/.local/lib/python3.12/site-packages/airflow/example_dags/tutorial.py took 0.075 seconds
[2024-12-02T11:17:37.647+0000] {processor.py:186} INFO - Started process (PID=2441) to work on /home/airflow/.local/lib/python3.12/site-packages/airflow/example_dags/tutorial.py
[2024-12-02T11:17:37.647+0000] {processor.py:914} INFO - Processing file /home/airflow/.local/lib/python3.12/site-packages/airflow/example_dags/tutorial.py for tasks to queue
[2024-12-02T11:17:37.648+0000] {logging_mixin.py:190} INFO - [2024-12-02T11:17:37.648+0000] {dagbag.py:588} INFO - Filling up the DagBag from /home/airflow/.local/lib/python3.12/site-packages/airflow/example_dags/tutorial.py
[2024-12-02T11:17:37.655+0000] {processor.py:925} INFO - DAG(s) 'tutorial' retrieved from /home/airflow/.local/lib/python3.12/site-packages/airflow/example_dags/tutorial.py
[2024-12-02T11:17:37.672+0000] {logging_mixin.py:190} INFO - [2024-12-02T11:17:37.672+0000] {dag.py:3239} INFO - Sync 1 DAGs
[2024-12-02T11:17:37.691+0000] {logging_mixin.py:190} INFO - [2024-12-02T11:17:37.690+0000] {dag.py:4180} INFO - Setting next_dagrun for tutorial to 2024-12-01 00:00:00+00:00, run_after=2024-12-02 00:00:00+00:00
[2024-12-02T11:17:37.704+0000] {processor.py:208} INFO - Processing /home/airflow/.local/lib/python3.12/site-packages/airflow/example_dags/tutorial.py took 0.062 seconds
[2024-12-02T11:18:11.963+0000] {processor.py:186} INFO - Started process (PID=2506) to work on /home/airflow/.local/lib/python3.12/site-packages/airflow/example_dags/tutorial.py
[2024-12-02T11:18:11.966+0000] {processor.py:914} INFO - Processing file /home/airflow/.local/lib/python3.12/site-packages/airflow/example_dags/tutorial.py for tasks to queue
[2024-12-02T11:18:11.967+0000] {logging_mixin.py:190} INFO - [2024-12-02T11:18:11.967+0000] {dagbag.py:588} INFO - Filling up the DagBag from /home/airflow/.local/lib/python3.12/site-packages/airflow/example_dags/tutorial.py
[2024-12-02T11:18:11.974+0000] {processor.py:925} INFO - DAG(s) 'tutorial' retrieved from /home/airflow/.local/lib/python3.12/site-packages/airflow/example_dags/tutorial.py
[2024-12-02T11:18:11.988+0000] {logging_mixin.py:190} INFO - [2024-12-02T11:18:11.988+0000] {dag.py:3239} INFO - Sync 1 DAGs
[2024-12-02T11:18:12.006+0000] {logging_mixin.py:190} INFO - [2024-12-02T11:18:12.006+0000] {dag.py:4180} INFO - Setting next_dagrun for tutorial to 2024-12-01 00:00:00+00:00, run_after=2024-12-02 00:00:00+00:00
[2024-12-02T11:18:12.020+0000] {processor.py:208} INFO - Processing /home/airflow/.local/lib/python3.12/site-packages/airflow/example_dags/tutorial.py took 0.062 seconds
[2024-12-02T11:18:42.919+0000] {processor.py:186} INFO - Started process (PID=2571) to work on /home/airflow/.local/lib/python3.12/site-packages/airflow/example_dags/tutorial.py
[2024-12-02T11:18:42.920+0000] {processor.py:914} INFO - Processing file /home/airflow/.local/lib/python3.12/site-packages/airflow/example_dags/tutorial.py for tasks to queue
[2024-12-02T11:18:42.921+0000] {logging_mixin.py:190} INFO - [2024-12-02T11:18:42.921+0000] {dagbag.py:588} INFO - Filling up the DagBag from /home/airflow/.local/lib/python3.12/site-packages/airflow/example_dags/tutorial.py
[2024-12-02T11:18:42.928+0000] {processor.py:925} INFO - DAG(s) 'tutorial' retrieved from /home/airflow/.local/lib/python3.12/site-packages/airflow/example_dags/tutorial.py
[2024-12-02T11:18:42.942+0000] {logging_mixin.py:190} INFO - [2024-12-02T11:18:42.942+0000] {dag.py:3239} INFO - Sync 1 DAGs
[2024-12-02T11:18:42.960+0000] {logging_mixin.py:190} INFO - [2024-12-02T11:18:42.960+0000] {dag.py:4180} INFO - Setting next_dagrun for tutorial to 2024-12-01 00:00:00+00:00, run_after=2024-12-02 00:00:00+00:00
[2024-12-02T11:18:42.975+0000] {processor.py:208} INFO - Processing /home/airflow/.local/lib/python3.12/site-packages/airflow/example_dags/tutorial.py took 0.060 seconds
[2024-12-02T11:19:15.789+0000] {processor.py:186} INFO - Started process (PID=2643) to work on /home/airflow/.local/lib/python3.12/site-packages/airflow/example_dags/tutorial.py
[2024-12-02T11:19:15.790+0000] {processor.py:914} INFO - Processing file /home/airflow/.local/lib/python3.12/site-packages/airflow/example_dags/tutorial.py for tasks to queue
[2024-12-02T11:19:15.791+0000] {logging_mixin.py:190} INFO - [2024-12-02T11:19:15.791+0000] {dagbag.py:588} INFO - Filling up the DagBag from /home/airflow/.local/lib/python3.12/site-packages/airflow/example_dags/tutorial.py
[2024-12-02T11:19:15.808+0000] {processor.py:925} INFO - DAG(s) 'tutorial' retrieved from /home/airflow/.local/lib/python3.12/site-packages/airflow/example_dags/tutorial.py
[2024-12-02T11:19:15.854+0000] {logging_mixin.py:190} INFO - [2024-12-02T11:19:15.854+0000] {dag.py:3239} INFO - Sync 1 DAGs
[2024-12-02T11:19:15.906+0000] {logging_mixin.py:190} INFO - [2024-12-02T11:19:15.906+0000] {dag.py:4180} INFO - Setting next_dagrun for tutorial to 2024-12-01 00:00:00+00:00, run_after=2024-12-02 00:00:00+00:00
[2024-12-02T11:19:15.967+0000] {processor.py:208} INFO - Processing /home/airflow/.local/lib/python3.12/site-packages/airflow/example_dags/tutorial.py took 0.196 seconds
[2024-12-02T11:19:46.852+0000] {processor.py:186} INFO - Started process (PID=2707) to work on /home/airflow/.local/lib/python3.12/site-packages/airflow/example_dags/tutorial.py
[2024-12-02T11:19:46.869+0000] {processor.py:914} INFO - Processing file /home/airflow/.local/lib/python3.12/site-packages/airflow/example_dags/tutorial.py for tasks to queue
[2024-12-02T11:19:46.870+0000] {logging_mixin.py:190} INFO - [2024-12-02T11:19:46.870+0000] {dagbag.py:588} INFO - Filling up the DagBag from /home/airflow/.local/lib/python3.12/site-packages/airflow/example_dags/tutorial.py
[2024-12-02T11:19:46.886+0000] {processor.py:925} INFO - DAG(s) 'tutorial' retrieved from /home/airflow/.local/lib/python3.12/site-packages/airflow/example_dags/tutorial.py
[2024-12-02T11:19:46.930+0000] {logging_mixin.py:190} INFO - [2024-12-02T11:19:46.930+0000] {dag.py:3239} INFO - Sync 1 DAGs
[2024-12-02T11:19:46.971+0000] {logging_mixin.py:190} INFO - [2024-12-02T11:19:46.971+0000] {dag.py:4180} INFO - Setting next_dagrun for tutorial to 2024-12-01 00:00:00+00:00, run_after=2024-12-02 00:00:00+00:00
[2024-12-02T11:19:46.997+0000] {processor.py:208} INFO - Processing /home/airflow/.local/lib/python3.12/site-packages/airflow/example_dags/tutorial.py took 0.154 seconds
